1549605600 -1.0000000000 2019020800007
1549605656 50.1902298668 201902080000
1549605716 50.4407874059 201902080001
1549605776 49.9883417777 201902080002
1549605836 50.0712601000 201902080003
1549605896 50.3813025225 201902080004
1549605956 50.0388138000 201902080005
1549606016 50.1505732779 201902080006
1549606076 49.9613031944 201902080007
1549606136 49.9540929055 201902080008
1549606196 50.1397578445 201902080009
1549606212 50.5345211615 201902080010
1549606272 50.0135777889 201902080011
1549606332 50.3110022058 201902080012
1549606392 49.4872266995 201902080013
1549606452 49.5503167273 201902080014
1549606512 50.2497147502 201902080015
1549606572 49.1735791326 201902080016
1549606632 50.3001867724 201902080017
1549606692 49.9973546388 201902080018
1549606752 50.4696285615 201902080019
1549606812 50.2046504446 201902080020
1549606827 50.3398433614 201902080020
1549606887 50.2821610502 201902080021
1549606947 50.3290279280 201902080022
1549607007 50.2623327557 201902080023
1549607067 50.0946935389 201902080024
1549607127 50.2929764835 201902080025
1549607187 50.2929764835 201902080026
1549607247 50.2785559058 201902080027
1549607307 50.6444780672 201902080028
1549607367 50.4894568559 201902080029
1549607427 50.4101436781 201902080030
1549607443 49.9703160555 201902080030
1549607503 50.4371822615 201902080031
1549607563 50.1866247223 201902080032
1549607623 50.5056800060 201902080033
1549607683 50.4317745448 201902080034
1549607743 50.1704015723 201902080035
1549607803 50.2388993168 201902080036
1549607863 50.2821610502 201902080037
1549607923 50.2244787390 201902080038
1549607983 49.9901443499 201902080039
1549608043 49.9793289166 201902080040
1549608060 50.1649938557 201902080041
1549608120 50.0838781056 201902080042
1549608180 50.1631912834 201902080043
1549608240 49.6909173608 201902080044
1549608300 49.8080845553 201902080045
1549608360 50.4263668281 201902080046
1549608420 50.3614742281 201902080047
1549608480 50.1631912834 201902080048
1549608540 49.3304029160 201902080049
1549608600 50.0388138000 201902080050
1549608660 50.0910883945 201902080051
1549608675 50.3470536503 201902080051
1549608735 50.3813025225 201902080052
1549608795 50.2226761668 201902080053
1549608855 50.1559809945 201902080054
1549608915 50.0298009389 201902080055
1549608975 50.0838781056 201902080056
1549609035 49.9919469222 201902080057
1549609095 50.2803584780 201902080058
1549609155 49.8207025609 201902080059
1549609215 50.0532343778 201902080100
1549609275 49.7990716942 201902080101
1549609293 49.7720331109 201902080101
1549609353 50.0316035111 201902080102
1549609413 50.2064530168 201902080103
1549609473 49.5917758885 201902080104
1549609533 49.9504877610 201902080105
1549609593 50.0910883945 201902080106
1549609653 49.7576125331 201902080107
1549609713 49.6602736330 201902080108
1549609773 50.3272253558 201902080109
1549609833 49.4962395606 201902080110
1549609893 50.1848221501 201902080111
1549609909 50.1181269778 201902080111
1549609969 50.0478266611 201902080112
1549610029 49.8675694387 201902080113
1549610089 49.8765822998 201902080114
1549610149 49.9144363165 201902080115
1549610209 49.5611321607 201902080116
1549610269 49.8026768387 201902080117
1549610329 50.0027623555 201902080118
1549610389 50.4696285615 201902080119
1549610449 49.9973546388 201902080120
1549610509 49.5773553107 201902080121
1549610526 48.8635367101 201902080122
1549610586 49.8441359998 201902080123
1549610646 49.8477411443 201902080124
1549610706 49.9072260277 201902080125
1549610766 50.0982986834 201902080126
1549610826 49.5142652829 201902080127
1549610886 49.8819900165 201902080128
1549610946 49.9432774721 201902080129
1549611006 49.8243077054 201902080130
1549611066 50.0279983666 201902080131
1549611126 50.1055089723 201902080132
1549611145 50.2821610502 201902080132
1549611205 49.7882562609 201902080133
1549611265 50.0874832500 201902080134
1549611325 50.0225906500 201902080135
1549611385 49.8008742664 201902080136
1549611445 50.2190710224 201902080137
1549611505 50.3993282448 201902080138
1549611565 50.0964961112 201902080139
1549611625 50.4425899781 201902080140
1549611685 50.3146073502 201902080141
1549611745 50.1415604167 201902080142
1549611760 50.0694575278 201902080142
1549611820 49.9378697555 201902080143
1549611880 50.0279983666 201902080144
1549611940 50.1325475556 201902080145
1549612000 50.0388138000 201902080146
1549612060 49.7990716942 201902080147
1549612120 49.7666253942 201902080148
1549612180 49.8243077054 201902080149
1549612240 50.2443070335 201902080150
1549612300 50.3434485058 201902080151
1549612360 50.2190710224 201902080152
1549612376 49.8873977332 201902080152
1549612436 49.9558954777 201902080153
1549612496 50.1289424112 201902080154
1549612556 49.9991572111 201902080155
1549612616 49.8946080221 201902080156
1549612676 49.7522048164 201902080157
1549612736 50.2875687669 201902080158
1549612796 49.8116896998 201902080159
1549612856 49.7017327941 201902080200
1549612916 49.9649083388 201902080201
1549612976 50.3434485058 201902080202
1549612997 50.0261957944 201902080203
1549613057 49.9378697555 201902080204
1549613117 49.6061964663 201902080205
1549613177 50.1992427279 201902080206
1549613237 50.2623327557 201902080207
1549613297 50.0261957944 201902080208
1549613357 50.2244787390 201902080209
1549613417 50.0784703889 201902080210
1549613477 49.7179559442 201902080211
1549613537 49.6638787774 201902080212
1549613597 49.5557244440 201902080213
1549613611 49.7630202497 201902080213
1549613671 49.8441359998 201902080214
1549613731 50.0424189444 201902080215
1549613791 49.7684279664 201902080216
1549613851 50.0928909667 201902080217
1549613911 50.0658523833 201902080218
1549613971 -0.0023937054 201902080219
1549614031 50.2893713391 201902080220
1549614091 50.2407018891 201902080221
1549614151 49.5827630274 201902080222
1549614211 49.9757237722 201902080223
1549614231 49.9342646110 201902080223
1549614291 49.8657668665 201902080224
1549614351 49.5935784607 201902080225
1549614411 49.8765822998 201902080226
1549614471 49.5521192996 201902080227
1549614531 49.8152948442 201902080228
1549614591 50.2100581613 201902080229
1549614651 50.2226761668 201902080230
1549614711 49.6224196163 201902080231
1549614771 49.8387282831 201902080232
1549614831 50.1163244056 201902080233
1549614846 50.0171829333 201902080234
1549614906 49.6891147886 201902080235
1549614966 49.7918614053 201902080236
1549615026 49.8801874443 201902080237
1549615086 49.4926344162 201902080238
1549615146 50.2479121780 201902080239
1549615206 49.9468826166 201902080240
1549615266 49.8044794109 201902080241
1549615326 49.7972691220 201902080242
1549615386 49.5953810329 201902080243
1549615446 49.7233636608 201902080244
1549615463 49.8783848721 201902080244
1549615523 50.1001012556 201902080245
1549615583 49.6079990385 201902080246
1549615643 50.0982986834 201902080247
1549615703 49.9270543221 201902080248
1549615763 49.8531488609 201902080249
1549615823 49.6891147886 201902080250
1549615883 49.5034498495 201902080251
1549615943 49.4692009773 201902080252
1549616003 49.7053379386 201902080253
1549616063 49.7972691220 201902080254
1549616080 49.7828485442 201902080254
1549616140 49.6224196163 201902080255
1549616200 49.8423334276 201902080256
1549616260 49.8098871276 201902080257
1549616320 49.8928054499 201902080258
1549616380 50.0442215167 201902080259
1549616440 49.6224196163 201902080300
1549616500 49.9829340611 201902080301
1549616560 49.7558099609 201902080302
1549616620 49.9504877610 201902080303
1549616680 49.7431919553 201902080304
1549616694 49.6891147886 201902080304
1549616754 50.0748652445 201902080305
1549616814 50.0910883945 201902080306
1549616874 49.1158968214 201902080307
1549616934 50.1037064000 201902080308
1549616994 50.1325475556 201902080309
1549617054 49.9234491777 201902080310
1549617114 49.8639642943 201902080311
1549617174 50.0622472389 201902080312
1549617234 49.9703160555 201902080313
1549617294 49.6278273330 201902080314
1549617312 49.8747797276 201902080315
1549617372 49.9613031944 201902080316
1549617432 49.3051669049 201902080317
1549617492 49.7377842386 201902080318
1549617552 49.9667109110 201902080319
1549617612 49.5773553107 201902080320
1549617672 49.4818189828 201902080321
1549617732 50.2352941724 201902080322
1549617792 49.7341790942 201902080323
1549617852 50.1217321223 201902080324
1549617912 50.1523758501 201902080325
1549617930 49.7485996720 201902080325
1549617990 50.0009597833 201902080326
1549618050 49.9000157388 201902080327
1549618110 49.6152093274 201902080328
1549618170 49.8567540054 201902080329
1549618230 49.4133212383 201902080330
1549618290 49.6170118996 201902080331
1549618350 50.0117752166 201902080332
1549618410 48.3498036263 201902080333
1549618470 48.1010486594 201902080334
1549618530 48.5444814264 201902080335
1549618546 48.1893746984 201902080335
1549618606 48.4849965431 201902080336
1549618666 48.3912627874 201902080337
1549618726 48.0415637760 201902080338
1549618786 47.0014796029 201902080339
1549618846 47.4773586699 201902080340
1549618906 47.3565863310 201902080341
1549618966 48.9284293101 201902080342
1549619026 49.0383862158 201902080343
1549619086 48.9626781824 201902080344
1549619146 48.9644807546 201902080345
1549619163 49.0924633825 201902080346
1549619223 48.7265412211 201902080347
1549619283 49.5737501662 201902080348
1549619343 48.6111765987 201902080349
1549619403 49.5521192996 201902080350
1549619463 49.4133212383 201902080351
1549619523 49.4421623939 201902080352
1549619583 49.3844800827 201902080353
1549619643 49.6855096441 201902080354
1549619703 50.4624182726 201902080355
1549619763 50.4389848337 201902080356
1549619782 50.0964961112 201902080356
1549619842 50.1271398390 201902080357
1549619902 50.8968381785 201902080358
1549619962 50.4371822615 201902080359
1549620022 50.4588131281 201902080400
1549620082 50.4443925503 201902080401
1549620142 50.1271398390 201902080402
1549620202 50.4083411059 201902080403
1549620262 49.7594151053 201902080404
1549620322 50.4606157004 201902080405
1549620382 50.1271398390 201902080406
1549620398 50.3614742281 201902080406
1549620458 50.1145218334 201902080407
1549620518 50.4552079837 201902080408
1549620578 49.8729771554 201902080409
1549620638 50.1830195779 201902080410
1549620698 50.4065385336 201902080411
1549620758 49.9739211999 201902080412
1549620818 50.4660234170 201902080413
1549620878 50.2190710224 201902080414
1549620938 50.4750362782 201902080415
1549620998 50.5038774337 201902080416
1549621015 50.3939205281 201902080416
1549621075 50.5164954393 201902080417
1549621135 50.0802729611 201902080418
1549621195 50.1902298668 201902080419
1549621255 50.2370967446 201902080420
1549621315 50.3758948058 201902080421
1549621375 50.2893713391 201902080422
1549621435 50.2497147502 201902080423
1549621495 50.2064530168 201902080424
1549621555 50.1181269778 201902080425
1549621615 50.4624182726 201902080426
1549621631 50.5291134449 201902080427
1549621691 50.0964961112 201902080428
1549621751 49.4836215551 201902080429
1549621811 50.3236202114 201902080430
1549621871 50.4407874059 201902080431
1549621931 50.3488562225 201902080432
1549621991 50.2154658779 201902080433
1549622051 50.5056800060 201902080434
1549622111 50.0478266611 201902080435
1549622171 50.0910883945 201902080436
1549622231 50.0586420945 201902080437
1549622248 50.3055944891 201902080437
1549622308 50.4840491393 201902080438
1549622368 50.5291134449 201902080439
1549622428 50.4930620004 201902080440
1549622488 50.5543494560 201902080441
1549622548 50.4948645726 201902080442
1549622608 50.2298864557 201902080443
1549622668 50.2893713391 201902080444
1549622728 50.2316890279 201902080445
1549622788 49.9180414610 201902080446
1549622848 50.4317745448 201902080447
1549622866 50.2911739113 201902080447
1549622926 50.0045649277 201902080448
1549622986 50.6228472005 201902080449
1549623046 50.2767533335 201902080450
1549623106 50.1163244056 201902080451
1549623166 50.4804439948 201902080452
1549623226 50.2244787390 201902080453
1549623286 50.1956375835 201902080454
1549623346 49.9018183110 201902080455
1549623406 49.9865392055 201902080456
1549623466 49.8098871276 201902080457
1549623484 50.5831906116 201902080458
1549623544 50.0982986834 201902080459
1549623604 49.8405308554 201902080500
1549623664 50.3993282448 201902080501
1549623724 50.3110022058 201902080502
1549623784 50.3362382169 201902080503
1549623844 50.2479121780 201902080504
1549623904 50.4660234170 201902080505
1549623964 50.0243932222 201902080506
1549624024 50.1091141167 201902080507
1549624084 50.2749507613 201902080508
1549624101 50.1217321223 201902080508
1549624161 50.2587276113 201902080509
1549624221 50.1523758501 201902080510
1549624281 50.0171829333 201902080511
1549624341 50.0712601000 201902080512
1549624401 50.7237912450 201902080513
1549624461 50.3380407891 201902080514
1549624521 49.7467970997 201902080515
1549624581 50.5831906116 201902080516
1549624641 50.0099726444 201902080517
1549624701 50.3524613669 201902080518
1549624721 50.3200150669 201902080518
1549624781 49.8387282831 201902080519
1549624841 50.5579546004 201902080520
1549624901 50.4498002670 201902080521
1549624961 50.3614742281 201902080522
1549625021 50.5759803227 201902080523
1549625081 50.2965816280 201902080524
1549625141 50.2857661947 201902080525
1549625201 50.1740067168 201902080526
1549625261 50.3722896614 201902080527
1549625321 50.3740922336 201902080528
1549625340 50.4948645726 201902080529
1549625400 50.4443925503 201902080530
1549625460 49.9090285999 201902080531
1549625520 50.1704015723 201902080532
1549625580 50.3578690836 201902080533
1549625640 50.1974401557 201902080534
1549625700 50.2875687669 201902080535
1549625760 50.1361527001 201902080536
1549625820 49.9883417777 201902080537
1549625880 50.3380407891 201902080538
1549625940 50.2082555890 201902080539
1549625960 50.2983842002 201902080539
1549626020 50.0856806778 201902080540
1549626080 50.3164099225 201902080541
1549626140 50.4894568559 201902080542
1549626200 50.1289424112 201902080543
1549626260 50.5633623171 201902080544
1549626320 50.5345211615 201902080545
1549626380 50.5471391671 201902080546
1549626440 50.3650793725 201902080547
1549626500 49.9865392055 201902080548
1549626560 50.1181269778 201902080549
1549626577 50.2857661947 201902080549
1549626637 50.0243932222 201902080550
1549626697 50.1848221501 201902080551
1549626757 50.1866247223 201902080552
1549626817 50.2172684501 201902080553
1549626877 50.1037064000 201902080554
1549626937 50.1740067168 201902080555
1549626997 49.8531488609 201902080556
1549627057 49.9216466054 201902080557
1549627117 49.9973546388 201902080558
1549627177 50.0135777889 201902080559
1549627194 49.7738356831 201902080559
1549627254 50.1415604167 201902080600
1549627314 50.2731481891 201902080601
1549627374 50.2082555890 201902080602
1549627434 50.3398433614 201902080603
1549627494 49.9414748999 201902080604
1549627554 49.9234491777 201902080605
1549627614 50.0694575278 201902080606
1549627674 49.7594151053 201902080607
1549627734 50.3218176391 201902080608
1549627794 49.8711745832 201902080609
1549627812 50.2136633057 201902080610
1549627872 50.1055089723 201902080611
1549627932 50.1974401557 201902080612
1549627992 50.3542639392 201902080613
1549628052 50.1451655612 201902080614
1549628112 50.2370967446 201902080615
1549628172 50.2316890279 201902080616
1549628232 50.3542639392 201902080617
1549628292 50.2334916002 201902080618
1549628352 49.9955520666 201902080619
1549628412 49.9504877610 201902080620
1549628428 50.2046504446 201902080620
1549628488 50.4101436781 201902080621
1549628548 50.1794144334 201902080622
1549628608 50.5146928671 201902080623
1549628668 50.3939205281 201902080624
1549628728 50.1667964279 201902080625
1549628788 50.3128047780 201902080626
1549628848 50.3470536503 201902080627
1549628908 49.8711745832 201902080628
1549628968 49.8549514332 201902080629
1549629028 50.0658523833 201902080630
1549629045 50.5092851504 201902080630
1549629105 50.0946935389 201902080631
1549629165 49.8946080221 201902080632
1549629225 49.8405308554 201902080633
1549629285 49.5719475940 201902080634
1549629345 50.2064530168 201902080635
1549629405 50.2208735946 201902080636
1549629465 50.2208735946 201902080637
1549629525 50.4119462503 201902080638
1549629585 50.0838781056 201902080639
1549629645 50.1505732779 201902080640
1549629665 50.1902298668 201902080641
1549629725 50.0153803611 201902080642
1549629785 49.9883417777 201902080643
1549629845 50.0225906500 201902080644
1549629905 50.2605301835 201902080645
1549629965 50.1722041446 201902080646
1549630025 50.2659379002 201902080647
1549630085 50.2443070335 201902080648
1549630145 50.0532343778 201902080649
1549630205 49.9631057666 201902080650
1549630265 50.0045649277 201902080651
1549630279 50.3704870892 201902080651
1549630339 50.4714311337 201902080652
1549630399 49.7990716942 201902080653
1549630459 50.4461951226 201902080654
1549630519 50.3326330725 201902080655
1549630579 50.2803584780 201902080656
1549630639 49.8747797276 201902080657
1549630699 50.3722896614 201902080658
1549630759 49.8693720110 201902080659
1549630819 50.0225906500 201902080700
1549630879 50.0694575278 201902080701
1549630896 50.0334060833 201902080701
1549630956 50.2587276113 201902080702
1549631016 50.1848221501 201902080703
1549631076 50.2298864557 201902080704
1549631136 49.9090285999 201902080705
1549631196 50.0063675000 201902080706
1549631256 50.1776118612 201902080707
1549631316 50.1181269778 201902080708
1549631376 49.9162388888 201902080709
1549631436 50.6661089339 201902080710
1549631496 50.3434485058 201902080711
1549631516 50.1812170057 201902080711
1549631576 50.2388993168 201902080712
1549631636 50.3596716558 201902080713
1549631696 50.3254227836 201902080714
1549631756 49.9342646110 201902080715
1549631816 50.3182124947 201902080716
1549631876 49.9396723277 201902080717
1549631936 50.0856806778 201902080718
1549631996 50.1938350112 201902080719
1549632056 50.2028478724 201902080720
1549632116 50.1505732779 201902080721
1549632131 50.0892858223 201902080722
1549632191 49.6999302219 201902080723
1549632251 50.2515173224 201902080724
1549632311 50.3758948058 201902080725
1549632371 50.1830195779 201902080726
1549632431 50.2280838835 201902080727
1549632491 50.2893713391 201902080728
1549632551 49.9595006221 201902080729
1549632611 49.9576980499 201902080730
1549632671 50.1866247223 201902080731
1549632731 50.0442215167 201902080732
1549632749 49.7720331109 201902080732
1549632809 50.0370112278 201902080733
1549632869 50.1595861390 201902080734
1549632929 50.2082555890 201902080735
1549632989 49.7323765219 201902080736
1549633049 49.9252517499 201902080737
1549633109 50.2118607335 201902080738
1549633169 49.9919469222 201902080739
1549633229 50.1523758501 201902080740
1549633289 50.1019038278 201902080741
1549633349 50.2136633057 201902080742
1549633366 50.2623327557 201902080742
1549633426 49.9649083388 201902080743
1549633486 50.1217321223 201902080744
1549633546 50.4714311337 201902080745
1549633606 50.1127192612 201902080746
1549633666 50.0153803611 201902080747
1549633726 50.3722896614 201902080748
1549633786 50.0045649277 201902080749
1549633846 50.0568395222 201902080750
1549633906 50.2947790558 201902080751
1549633966 49.9649083388 201902080752
1549633983 50.1361527001 201902080753
1549634043 49.8423334276 201902080754
1549634103 50.1938350112 201902080755
1549634163 49.7666253942 201902080756
1549634223 50.0135777889 201902080757
1549634283 50.1722041446 201902080758
1549634343 50.1127192612 201902080759
1549634403 50.2695430446 201902080800
1549634463 49.8621617221 201902080801
1549634523 50.1902298668 201902080802
1549634583 49.3322054883 201902080803
1549634601 50.0982986834 201902080803
1549634661 50.1307449834 201902080804
1549634721 50.4786414226 201902080805
1549634781 50.0261957944 201902080806
1549634841 50.0189855055 201902080807
1549634901 50.3957231003 201902080808
1549634961 50.1271398390 201902080809
1549635021 50.0171829333 201902080810
1549635081 50.2749507613 201902080811
1549635141 50.2334916002 201902080812
1549635201 50.2821610502 201902080813
1549635216 50.3146073502 201902080813
1549635276 49.8729771554 201902080814
1549635336 49.6656813497 201902080815
1549635396 50.0676549556 201902080816
1549635456 50.3470536503 201902080817
1549635516 49.8946080221 201902080818
1549635576 49.9504877610 201902080819
1549635636 50.0496292333 201902080820
1549635696 50.3146073502 201902080821
1549635756 50.0730626722 201902080822
1549635816 49.4673984050 201902080823
1549635833 49.9973546388 201902080823
1549635893 49.9000157388 201902080824
1549635953 49.9901443499 201902080825
1549636013 50.2064530168 201902080826
1549636073 50.0766678167 201902080827
1549636133 50.1019038278 201902080828
1549636193 50.2064530168 201902080829
1549636253 50.4479976948 201902080830
1549636313 49.7972691220 201902080831
1549636373 49.8387282831 201902080832
1549636433 49.7431919553 201902080833
1549636450 50.0370112278 201902080834
1549636510 50.2893713391 201902080835
1549636570 49.8910028776 201902080836
1549636630 50.1145218334 201902080837
1549636690 50.1794144334 201902080838
1549636750 49.9721186277 201902080839
1549636810 50.0820755334 201902080840
1549636870 49.6710890663 201902080841
1549636930 50.0874832500 201902080842
1549636990 49.4601881161 201902080843
1549637050 50.0298009389 201902080844
1549637067 49.9324620388 201902080844
1549637127 50.0334060833 201902080845
1549637187 49.4331495328 201902080846
1549637247 50.1217321223 201902080847
1549637307 50.3110022058 201902080848
1549637367 49.4205315272 201902080849
1549637427 48.7373566544 201902080850
1549637487 49.2222485826 201902080851
1549637547 49.2601025993 201902080852
1549637607 49.1483431214 201902080853
1549637667 49.1753817048 201902080854
1549637685 49.1285148270 201902080854
1549637745 49.1321199714 201902080855
1549637805 48.7391592266 201902080856
1549637865 48.9897167657 201902080857
1549637925 48.9933219102 201902080858
1549637985 48.8491161323 201902080859
1549638045 48.8401032712 201902080900
1549638105 49.1825919937 201902080901
1549638165 48.8274852656 201902080902
1549638225 48.5300608487 201902080903
1549638285 48.5462839987 201902080904
1549638300 49.2042228604 201902080905
1549638360 49.3556389272 201902080906
1549638420 49.1014762436 201902080907
1549638480 48.8076569711 201902080908
1549638540 48.5318634209 201902080909
1549638600 49.3358106327 201902080910
1549638660 49.0546093658 201902080911
1549638720 48.9933219102 201902080912
1549638780 49.5755527385 201902080913
1549638840 49.0077424880 201902080914
1549638900 49.0726350880 201902080915
1549638917 49.4241366717 201902080915
1549638977 49.3322054883 201902080916
1549639037 48.9482576046 201902080917
1549639097 49.6801019275 201902080918
1549639157 49.4205315272 201902080919
1549639217 49.0744376602 201902080920
1549639277 48.8869701490 201902080921
1549639337 49.6891147886 201902080922
1549639397 49.4728061217 201902080923
1549639457 49.2474845937 201902080924
1549639517 49.4457675384 201902080925
1549639536 49.4205315272 201902080925
1549639596 49.4764112662 201902080926
1549639656 49.4962395606 201902080927
1549639716 49.5701450218 201902080928
1549639776 49.5449090107 201902080929
1549639836 49.1483431214 201902080930
1549639896 49.8964105943 201902080931
1549639956 49.4692009773 201902080932
1549640016 49.4601881161 201902080933
1549640076 49.1843945659 201902080934
1549640136 49.4692009773 201902080935
1549640153 48.7355540822 201902080935
1549640213 49.2348665882 201902080936
1549640273 49.2528923104 201902080937
1549640333 49.1663688437 201902080938
1549640393 49.1789868492 201902080939
1549640453 48.7175283599 201902080940
1549640513 49.0131502046 201902080941
1549640573 48.8184724045 201902080942
1549640633 48.8256826934 201902080943
1549640693 49.1825919937 201902080944
1549640753 49.2024202881 201902080945
1549640768 49.3033643327 201902080946
1549640809 49.3376132049 201902080946
1549640869 49.4764112662 201902080947
1549643029 -0.0005911331 201902081023
1549643089 -0.0005911331 201902081024
1549643149 -0.0005911331 201902081025
1549643209 -0.0005911331 201902081026
1549643269 -0.0005911331 201902081027
1549643329 -0.0005911331 201902081028
1549643389 -0.0005911331 201902081029
1549643449 -0.0005911331 201902081030
1549643509 -0.0005911331 201902081031
1549643569 -0.0005911331 201902081032
1549643629 -0.0005911331 201902081033
1549643689 -0.0005911331 201902081034
1549643749 -0.0005911331 201902081035
1549643809 -0.0005911331 201902081036
1549643869 -0.0005911331 201902081037
1549643929 -0.0005911331 201902081038
1549643989 -0.0005911331 201902081039
1549644049 -0.0005911331 201902081040
1549644109 -0.0005911331 201902081041
1549644169 -0.0005911331 201902081042
1549644229 -0.0005911331 201902081043
1549644289 -0.0005911331 201902081044
1549644349 -0.0005911331 201902081045
1549644409 -0.0005911331 201902081046
1549644469 -0.0005911331 201902081047
1549644529 -0.0005911331 201902081048
1549644589 -0.0005911331 201902081049
1549644649 -0.0005911331 201902081050
1549644709 -0.0005911331 201902081051
1549644769 -0.0005911331 201902081052
1549644829 -0.0005911331 201902081053
1549644889 -0.0005911331 201902081054
1549644949 -0.0005911331 201902081055
1549645009 -0.0005911331 201902081056
1549645069 -0.0005911331 201902081057
1549645129 -0.0005911331 201902081058
1549645189 -0.0005911331 201902081059
1549645249 -0.0005911331 201902081100
1549645309 -0.0005911331 201902081101
1549645369 -0.0005911331 201902081102
1549645429 -0.0005911331 201902081103
1549645489 -0.0005911331 201902081104
1549645549 -0.0005911331 201902081105
1549645609 -0.0005911331 201902081106
1549645669 -0.0005911331 201902081107
1549645729 -0.0005911331 201902081108
1549645789 -0.0005911331 201902081109
1549645849 -0.0005911331 201902081110
1549645909 -0.0005911331 201902081111
1549645969 -0.0005911331 201902081112
1549646029 -0.0005911331 201902081113
1549646089 -0.0005911331 201902081114
1549646149 -0.0005911331 201902081115
1549646209 -0.0005911331 201902081116
1549646269 -0.0005911331 201902081117
1549646329 -0.0005911331 201902081118
1549646389 -0.0005911331 201902081119
1549646449 -0.0005911331 201902081120
1549646509 -0.0005911331 201902081121
1549646569 -0.0005911331 201902081122
1549646629 0.0012114391 201902081123
1549646689 26.5152462792 201902081124
1549646749 40.8529057474 201902081125
1549646808 49.7341790942 201902081126
1549646868 49.6999302219 201902081127
1549646928 49.5358961495 201902081128
1549646988 49.6764967830 201902081129
1549647048 49.7071405108 201902081130
1549647108 49.4169263828 201902081131
1549647168 49.6368401941 201902081132
1549647228 49.5358961495 201902081133
1549647288 49.1303173992 201902081134
1549647348 49.7972691220 201902081135
1549647408 49.5160678551 201902081136
1549647424 49.3989006605 201902081137
1549647484 49.6458530552 201902081138
1549647544 48.2740955929 201902081139
1549647604 49.5286858607 201902081140
1549647664 49.6746942108 201902081141
1549647724 49.9252517499 201902081142
1549647784 50.0171829333 201902081143
1549647844 49.1140942492 201902081144
1549647904 49.2907463271 201902081145
1549647964 49.3592440716 201902081146
1549648024 49.1465405492 201902081147
1549648038 48.7914338211 201902081147
1549648098 49.3520337827 201902081148
1549648158 49.0924633825 201902081149
1549648218 49.0906608103 201902081150
1549648278 49.5845655996 201902081151
1549648338 49.4764112662 201902081152
1549648398 49.2366691604 201902081153
1549648458 49.4890292717 201902081154
1549648518 49.5286858607 201902081155
1549648578 49.3231926271 201902081156
1549648638 49.3177849105 201902081157
1549648652 49.8982131665 201902081157
1549648712 49.3700595050 201902081158
1549648772 48.9410473157 201902081159
1549648832 49.3105746216 201902081200
1549648892 49.2150382937 201902081201
1549648952 48.8256826934 201902081202
1549649012 48.9572704657 201902081203
1549649072 49.1861971381 201902081204
1549649132 49.4782138384 201902081205
1549649192 49.3808749383 201902081206
1549649252 49.0870556658 201902081207
1549649263 48.8815624323 201902081207
1549649323 49.0149527769 201902081208
1549649383 49.7233636608 201902081209
1549649443 49.0654247991 201902081210
1549649503 49.1465405492 201902081211
1549649563 49.3033643327 201902081212
1549649623 48.9879141935 201902081213
1549649683 49.2583000271 201902081214
1549649743 49.3898877994 201902081215
1549649803 49.3826775105 201902081216
1549649863 49.2330640159 201902081217
1549649880 49.5395012940 201902081218
1549649940 49.1086865325 201902081219
1549650000 48.9662833268 201902081220
1549650060 49.3736646494 201902081221
1549650120 49.7143507997 201902081222
1549650180 49.4511752550 201902081223
1549650240 49.5395012940 201902081224
1549650300 49.3970980883 201902081225
1549650360 49.0996736714 201902081226
1549650420 49.3195874827 201902081227
1549650480 49.4475701106 201902081228
1549650495 49.6837070719 201902081228
1549650555 49.4313469606 201902081229
1549650615 49.2258537270 201902081230
1549650675 49.4439649661 201902081231
1549650735 49.3376132049 201902081232
1549650795 49.1249096825 201902081233
1549650855 49.5214755718 201902081234
1549650915 49.2168408659 201902081235
1549650975 49.7954665498 201902081236
1549651035 49.8116896998 201902081237
1549651095 49.7179559442 201902081238
1549651110 49.6152093274 201902081238
1549651170 49.6043938941 201902081239
1549651230 49.3502312105 201902081240
1549651290 0.0012114391 201902081241
1549651350 50.1019038278 201902081242
1549651410 49.8152948442 201902081243
1549651470 49.2637077437 201902081244
1549651530 49.9396723277 201902081245
1549651590 49.2889437549 201902081246
1549651650 49.4818189828 201902081247
1549651710 50.1037064000 201902081248
1549651725 49.8801874443 201902081248
1549651785 49.7774408275 201902081249
1549651845 49.7828485442 201902081250
1549651905 49.8243077054 201902081251
1549651965 48.9140087323 201902081252
1549652025 49.3718620772 201902081253
1549652085 49.6404453385 201902081254
1549652145 49.5431064384 201902081255
1549652205 49.4944369884 201902081256
1549652265 49.9288568943 201902081257
1549652325 49.5232781440 201902081258
1549652338 49.4962395606 201902081258
1549652398 49.9811314888 201902081259
1549652458 49.9793289166 201902081300
1549652518 49.2691154604 201902081301
1549652578 49.8044794109 201902081302
1549652638 49.7053379386 201902081303
1549652698 49.7035353664 201902081304
1549652758 49.4926344162 201902081305
1549652818 49.6837070719 201902081306
1549652878 49.7323765219 201902081307
1549652938 49.7071405108 201902081308
1549652955 49.4439649661 201902081309
1549653015 49.4115186661 201902081310
1549653075 49.5340935773 201902081311
1549653135 49.2492871660 201902081312
1549653195 49.7233636608 201902081313
1549653255 49.9504877610 201902081314
1549653315 50.1001012556 201902081315
1549653375 49.8243077054 201902081316
1549653435 49.8693720110 201902081317
1549653495 49.4619906884 201902081318
1549653555 49.6079990385 201902081319
1549653571 49.9126337443 201902081319
1549653631 50.0964961112 201902081320
1549653691 49.9955520666 201902081321
1549653751 49.9288568943 201902081322
1549653811 49.9432774721 201902081323
1549653871 50.3019893447 201902081324
1549653931 49.8315179943 201902081325
1549653991 49.7323765219 201902081326
1549654051 49.7143507997 201902081327
1549654111 49.6134067552 201902081328
1549654171 49.9108311721 201902081329
1549654186 50.2172684501 201902081329
1549654246 49.5268832884 201902081330
1549654306 49.7179559442 201902081331
1549654366 49.8513462887 201902081332
1549654426 49.8134922720 201902081333
1549654486 49.8116896998 201902081334
1549654546 49.7341790942 201902081335
1549654606 50.0604446667 201902081336
1549654666 49.8207025609 201902081337
1549654726 49.7089430830 201902081338
1549654786 49.9739211999 201902081339
1549654919 50.0514318056 201902081341
1549654979 50.1631912834 201902081342
1549655039 49.3141797660 201902081343
1549655099 49.9162388888 201902081344
1549655159 49.7233636608 201902081345
1549655219 49.6656813497 201902081346
1549655279 50.1217321223 201902081347
1549655339 49.6891147886 201902081348
1549655399 49.5539218718 201902081349
1549655409 49.9306594666 201902081350
1549655469 50.1613887112 201902081351
1549655529 49.8621617221 201902081352
1549655589 49.6945225052 201902081353
1549655649 49.9306594666 201902081354
1549655709 49.8134922720 201902081355
1549655769 49.6782993552 201902081356
1549655829 50.1307449834 201902081357
1549655889 50.0820755334 201902081358
1549655949 49.8621617221 201902081359
1549656009 50.2136633057 201902081400
1549656025 49.9865392055 201902081400
1549656085 49.6278273330 201902081401
1549656145 50.1217321223 201902081402
1549656205 49.8315179943 201902081403
1549656265 49.8675694387 201902081404
1549656325 49.9072260277 201902081405
1549656385 49.8405308554 201902081406
1549656445 50.0279983666 201902081407
1549656505 49.7107456553 201902081408
1549656565 49.8873977332 201902081409
1549656625 49.4782138384 201902081410
1549656641 50.1649938557 201902081410
1549656701 50.3110022058 201902081411
1549656761 49.9090285999 201902081412
1549656821 50.3758948058 201902081413
1549656881 49.6386427663 201902081414
1549656941 49.7774408275 201902081415
1549657001 49.6710890663 201902081416
1549657061 50.0189855055 201902081417
1549657121 49.9162388888 201902081418
1549657181 49.7630202497 201902081419
1549657241 49.8297154220 201902081420
1549657255 49.8369257109 201902081420
1549657315 50.0352086555 201902081421
1549657375 49.9991572111 201902081422
1549657435 50.0406163722 201902081423
1549657495 49.5899733163 201902081424
1549657555 49.9054234554 201902081425
1549657615 49.6188144718 201902081426
1549657675 49.8116896998 201902081427
1549657735 49.7287713775 201902081428
1549657795 49.9793289166 201902081429
1549657855 49.6819044997 201902081430
1549657870 50.0946935389 201902081431
1549657930 49.9504877610 201902081432
1549657990 50.0946935389 201902081433
1549658050 49.8062819831 201902081434
1549658110 49.9180414610 201902081435
1549658170 49.5340935773 201902081436
1549658230 49.7846511164 201902081437
1549658290 49.9631057666 201902081438
1549658350 49.8621617221 201902081439
1549658410 50.2226761668 201902081440
1549658470 50.2298864557 201902081441
1549658482 50.1415604167 201902081441
1549658542 49.8910028776 201902081442
1549658602 50.0298009389 201902081443
1549658662 49.8693720110 201902081444
1549658722 50.0712601000 201902081445
1549658782 49.7395868108 201902081446
1549658842 49.6891147886 201902081447
1549658902 50.2028478724 201902081448
1549658962 49.7305739497 201902081449
1549659022 49.5611321607 201902081450
1549659082 49.1825919937 201902081451
1549659095 49.8387282831 201902081451
1549659155 49.9775263444 201902081452
1549659215 49.4439649661 201902081453
1549659275 50.0225906500 201902081454
1549659335 49.4926344162 201902081455
1549659395 49.6314324774 201902081456
1549659455 49.8369257109 201902081457
1549659515 49.9270543221 201902081458
1549659575 49.8351231387 201902081459
1549659635 49.7900588331 201902081500
1549659695 49.8062819831 201902081501
1549659709 49.8459385720 201902081501
1549659769 50.0298009389 201902081502
1549659829 49.9180414610 201902081503
1549659889 49.7810459720 201902081504
1549659949 49.7233636608 201902081505
1549660009 49.5142652829 201902081506
1549660069 49.8098871276 201902081507
1549660129 49.9018183110 201902081508
1549660189 49.6638787774 201902081509
1549660249 49.6566684885 201902081510
1549660309 50.0009597833 201902081511
1549660326 50.0856806778 201902081512
1549660386 49.7558099609 201902081513
1549660446 49.5070549940 201902081514
1549660506 50.2244787390 201902081515
1549660566 50.1812170057 201902081516
1549660626 50.0135777889 201902081517
1549660686 49.5737501662 201902081518
1549660746 50.0838781056 201902081519
1549660806 49.6368401941 201902081520
1549660866 49.5971836052 201902081521
1549660926 49.7143507997 201902081522
1549660941 50.2803584780 201902081522
1549661001 49.5232781440 201902081523
1549661061 49.8873977332 201902081524
1549661121 49.8441359998 201902081525
1549661181 49.9450800444 201902081526
1549661241 49.8837925887 201902081527
1549661301 49.9576980499 201902081528
1549661361 50.1397578445 201902081529
1549661421 49.9306594666 201902081530
1549661481 49.9306594666 201902081531
1549661541 49.4475701106 201902081532
1549661555 49.9324620388 201902081532
1549661615 50.0099726444 201902081533
1549661675 49.9306594666 201902081534
1549661735 50.2208735946 201902081535
1549661795 49.7504022442 201902081536
1549661855 50.1163244056 201902081537
1549661915 49.9919469222 201902081538
1549661975 50.0766678167 201902081539
1549662035 50.0928909667 201902081540
1549662095 49.9108311721 201902081541
1549662155 49.9522903332 201902081542
1549662167 50.2100581613 201902081542
1549662227 49.5376987218 201902081543
1549662287 49.8495437165 201902081544
1549662347 49.4331495328 201902081545
1549662407 50.0586420945 201902081546
1549662467 50.2587276113 201902081547
1549662527 49.9721186277 201902081548
1549662587 49.3159823382 201902081549
1549662647 49.6764967830 201902081550
1549662707 49.9468826166 201902081551
1549662767 49.6566684885 201902081552
1549662781 49.8928054499 201902081553
1549662841 49.7377842386 201902081554
1549662901 49.7485996720 201902081555
1549662961 49.6007887496 201902081556
1549663021 50.4516028392 201902081557
1549663081 49.7792433998 201902081558
1549663141 50.1091141167 201902081559
1549663201 49.9180414610 201902081600
1549663261 49.8946080221 201902081601
1549663321 49.8243077054 201902081602
1549663381 50.1956375835 201902081603
1549663400 49.5413038662 201902081603
1549663460 49.8747797276 201902081604
1549663520 49.5376987218 201902081605
1549663580 49.8170974165 201902081606
1549663640 49.9270543221 201902081607
1549663700 49.6819044997 201902081608
1549663760 49.4259392439 201902081609
1549663820 50.0099726444 201902081610
1549663880 49.9054234554 201902081611
1549663940 50.0045649277 201902081612
1549664000 49.9576980499 201902081613
1549664014 49.5196729995 201902081613
1549664074 50.0352086555 201902081614
1549664134 49.5683424496 201902081615
1549664194 49.8387282831 201902081616
1549664254 49.6152093274 201902081617
1549664314 49.2150382937 201902081618
1549664374 49.8243077054 201902081619
1549664434 49.5701450218 201902081620
1549664494 49.9342646110 201902081621
1549664554 49.9811314888 201902081622
1549664614 50.1722041446 201902081623
1549664627 49.6873122163 201902081623
1549664687 49.6710890663 201902081624
1549664747 49.8982131665 201902081625
1549664807 49.6620762052 201902081626
1549664867 50.1091141167 201902081627
1549664927 50.1163244056 201902081628
1549664987 49.4205315272 201902081629
1549665047 50.1577835668 201902081630
1549665107 49.6710890663 201902081631
1549665167 50.1794144334 201902081632
1549665227 49.7395868108 201902081633
1549665239 49.9090285999 201902081633
1549665299 49.9613031944 201902081634
1549665359 49.6566684885 201902081635
1549665419 49.8170974165 201902081636
1549665479 49.6837070719 201902081637
1549665539 50.1343501279 201902081638
1549665599 49.9973546388 201902081639
1549665659 49.9919469222 201902081640
1549665719 50.0928909667 201902081641
1549665779 49.9649083388 201902081642
1549665839 49.8549514332 201902081643
1549665853 49.8693720110 201902081644
1549665913 49.7630202497 201902081645
1549665973 49.6548659163 201902081646
1549666033 50.1001012556 201902081647
1549666093 49.9072260277 201902081648
1549666153 49.4583855439 201902081649
1549666213 49.6945225052 201902081650
1549666273 49.5557244440 201902081651
1549666333 49.8459385720 201902081652
1549666393 49.8062819831 201902081653
1549666453 49.9721186277 201902081654
1549666469 50.0135777889 201902081654
1549666529 49.9180414610 201902081655
1549666589 49.5953810329 201902081656
1549666649 49.6602736330 201902081657
1549666709 50.0352086555 201902081658
1549666769 49.6656813497 201902081659
1549666829 50.2731481891 201902081700
1549666889 49.8603591498 201902081701
1549666949 49.8603591498 201902081702
1549667009 49.9072260277 201902081703
1549667069 49.9342646110 201902081704
1549667084 50.0189855055 201902081704
1549667144 49.7233636608 201902081705
1549667204 50.0784703889 201902081706
1549667264 50.1181269778 201902081707
1549667324 49.6999302219 201902081708
1549667384 49.6404453385 201902081709
1549667444 49.2925488993 201902081710
1549667504 50.1631912834 201902081711
1549667564 49.8639642943 201902081712
1549667624 49.7504022442 201902081713
1549667684 50.2767533335 201902081714
1549667699 50.0279983666 201902081714
1549667759 49.5286858607 201902081715
1549667819 50.0171829333 201902081716
1549667879 49.5953810329 201902081717
1549667939 49.9252517499 201902081718
1549667999 50.2118607335 201902081719
1549668059 49.5016472773 201902081720
1549668119 49.5431064384 201902081721
1549668179 49.3195874827 201902081722
1549668239 49.5701450218 201902081723
1549668299 50.0370112278 201902081724
1549668315 49.8459385720 201902081725
1549668375 49.4529778273 201902081726
1549668435 48.9680858990 201902081727
1549668495 49.6152093274 201902081728
1549668555 49.3430209216 201902081729
1549668615 50.1577835668 201902081730
1549668675 49.7035353664 201902081731
1549668735 49.4601881161 201902081732
1549668795 49.8369257109 201902081733
1549668855 49.8495437165 201902081734
1549668915 49.5611321607 201902081735
1549668928 49.7215610886 201902081735
1549668988 49.8675694387 201902081736
1549669048 49.4601881161 201902081737
1549669108 49.2492871660 201902081738
1549669168 49.8964105943 201902081739
1549669228 49.8855951610 201902081740
1549669288 49.7936639776 201902081741
1549669348 49.8441359998 201902081742
1549669408 49.8873977332 201902081743
1549669468 50.1613887112 201902081744
1549669528 49.3718620772 201902081745
1549669541 49.6638787774 201902081745
1549669601 50.0838781056 201902081746
1549669661 49.3610466438 201902081747
1549669721 49.9072260277 201902081748
1549669781 50.2623327557 201902081749
1549669841 50.0712601000 201902081750
1549669901 49.4818189828 201902081751
1549669961 49.4295443883 201902081752
1549670021 49.8783848721 201902081753
1549670081 50.1451655612 201902081754
1549670141 49.9036208832 201902081755
1549670154 49.6782993552 201902081755
1549670214 49.2492871660 201902081756
1549670274 49.9775263444 201902081757
1549670334 49.6999302219 201902081758
1549670394 49.0924633825 201902081759
1549670454 49.9991572111 201902081800
1549670514 49.7612176775 201902081801
1549670574 49.6440504830 201902081802
1549670634 49.8044794109 201902081803
1549670694 49.6512607719 201902081804
1549670754 49.8964105943 201902081805
1549670770 49.5052524217 201902081806
1549670830 49.5431064384 201902081807
1549670890 49.7377842386 201902081808
1549670950 50.1830195779 201902081809
1549671010 49.6224196163 201902081810
1549671070 49.8964105943 201902081811
1549671130 49.7395868108 201902081812
1549671190 49.8297154220 201902081813
1549671250 50.0766678167 201902081814
1549671310 49.5268832884 201902081815
1549671370 49.6386427663 201902081816
1549671388 49.9685134833 201902081816
1549671448 49.7035353664 201902081817
1549671508 49.9703160555 201902081818
1549671568 49.5142652829 201902081819
1549671628 49.9108311721 201902081820
1549671688 49.2655103160 201902081821
1549671748 49.7540073886 201902081822
1549671808 49.4187289550 201902081823
1549671868 49.6098016107 201902081824
1549671928 49.8351231387 201902081825
1549671988 49.7792433998 201902081826
1549672003 49.7522048164 201902081826
1549672063 49.5268832884 201902081827
1549672123 50.0117752166 201902081828
1549672183 49.6674839219 201902081829
1549672243 49.7882562609 201902081830
1549672303 49.8693720110 201902081831
1549672363 49.8261102776 201902081832
1549672423 49.5196729995 201902081833
1549672483 50.6102291949 201902081834
1549672543 50.0189855055 201902081835
1549672603 49.6728916386 201902081836
1549672619 50.1163244056 201902081836
1549672679 49.3177849105 201902081837
1549672739 50.0099726444 201902081838
1549672799 49.8351231387 201902081839
1549672859 49.9973546388 201902081840
1549672919 49.8549514332 201902081841
1549672979 50.2677404724 201902081842
1549673039 50.0225906500 201902081843
1549673099 49.5376987218 201902081844
1549673159 49.9396723277 201902081845
1549673219 49.6638787774 201902081846
1549673236 49.5773553107 201902081847
1549673296 49.7323765219 201902081848
1549673356 50.0298009389 201902081849
1549673416 49.8152948442 201902081850
1549673476 49.8225051331 201902081851
1549673536 50.0766678167 201902081852
1549673596 49.8729771554 201902081853
1549673656 50.3506587947 201902081854
1549673716 49.7864536887 201902081855
1549673776 50.3055944891 201902081856
1549673836 49.5665398774 201902081857
1549673853 49.9198440332 201902081857
1549673913 49.6224196163 201902081858
1549673973 49.8170974165 201902081859
1549674033 50.0838781056 201902081900
1549674093 49.8964105943 201902081901
1549674153 49.9685134833 201902081902
1549674213 49.6656813497 201902081903
1549674273 49.7792433998 201902081904
1549674333 49.7395868108 201902081905
1549674393 49.9396723277 201902081906
1549674453 49.7179559442 201902081907
1549674475 49.8333205665 201902081907
1549674535 49.9144363165 201902081908
1549674595 49.7323765219 201902081909
1549674655 49.9847366333 201902081910
1549674715 49.6152093274 201902081911
1549674775 50.0045649277 201902081912
1549674835 49.6350376219 201902081913
1549674895 49.5881707440 201902081914
1549674955 50.4119462503 201902081915
1549675015 49.6746942108 201902081916
1549675075 49.8657668665 201902081917
1549675095 50.0658523833 201902081918
1549675155 49.6620762052 201902081919
1549675215 50.0424189444 201902081920
1549675275 49.0347810713 201902081921
1549675335 49.9378697555 201902081922
1549675395 49.9883417777 201902081923
1549675455 49.7125482275 201902081924
1549675515 50.0099726444 201902081925
1549675575 50.0928909667 201902081926
1549675635 49.8639642943 201902081927
1549675695 49.8008742664 201902081928
1549675710 49.6891147886 201902081928
1549675770 49.9486851888 201902081929
1549675830 49.9522903332 201902081930
1549675890 49.9180414610 201902081931
1549675950 50.3073970613 201902081932
1549676010 50.2929764835 201902081933
1549676070 49.8261102776 201902081934
1549676130 50.0243932222 201902081935
1549676190 49.9631057666 201902081936
1549676250 49.8982131665 201902081937
1549676310 50.1974401557 201902081938
1549676324 49.6674839219 201902081938
1549676384 50.0189855055 201902081939
1549676444 49.7756382553 201902081940
1549676504 49.9162388888 201902081941
1549676564 50.3758948058 201902081942
1549676624 49.7377842386 201902081943
1549676684 49.7720331109 201902081944
1549676744 49.8892003054 201902081945
1549676804 49.7035353664 201902081946
1549676864 49.4277418161 201902081947
1549676924 49.9522903332 201902081948
1549676940 50.3073970613 201902081949
1549677000 50.0820755334 201902081950
1549677060 49.7269688053 201902081951
1549677120 50.3073970613 201902081952
1549677180 49.8279128498 201902081953
1549677240 50.0424189444 201902081954
1549677300 49.8261102776 201902081955
1549677360 49.9721186277 201902081956
1549677420 50.1794144334 201902081957
1549677480 50.2497147502 201902081958
1549677540 49.8693720110 201902081959
1549677558 50.4407874059 201902081959
1549677618 50.1559809945 201902082000
1549677678 49.7341790942 201902082001
1549677738 50.0225906500 201902082002
1549677798 49.7810459720 201902082003
1549677858 49.8297154220 201902082004
1549677918 50.0730626722 201902082005
1549677978 49.8837925887 201902082006
1549678038 50.1361527001 201902082007
1549678098 50.1704015723 201902082008
1549678158 49.7179559442 201902082009
1549678172 49.8513462887 201902082009
1549678232 49.9685134833 201902082010
1549678292 49.8026768387 201902082011
1549678352 50.2082555890 201902082012
1549678412 50.0171829333 201902082013
1549678472 49.6296299052 201902082014
1549678532 50.2100581613 201902082015
1549678592 49.8946080221 201902082016
1549678652 50.4299719726 201902082017
1549678712 50.2407018891 201902082018
1549678772 49.7882562609 201902082019
1549678785 49.8657668665 201902082019
1549678845 49.9739211999 201902082020
1549678905 49.9270543221 201902082021
1549678965 50.2316890279 201902082022
1549679025 50.0279983666 201902082023
1549679085 50.1397578445 201902082024
1549679145 50.1325475556 201902082025
1549679205 49.6674839219 201902082026
1549679265 49.9252517499 201902082027
1549679325 50.0243932222 201902082028
1549679385 49.8982131665 201902082029
1549679397 50.3146073502 201902082029
1549679457 50.0171829333 201902082030
1549679517 50.1451655612 201902082031
1549679577 49.9631057666 201902082032
1549679637 50.0730626722 201902082033
1549679697 49.7576125331 201902082034
1549679757 49.7269688053 201902082035
1549679817 50.0388138000 201902082036
1549679877 50.0279983666 201902082037
1549679937 50.1361527001 201902082038
1549679997 49.8279128498 201902082039
1549680012 50.0189855055 201902082040
1549680072 50.2172684501 201902082041
1549680132 50.0478266611 201902082042
1549680192 49.9955520666 201902082043
1549680252 49.9955520666 201902082044
1549680312 49.7576125331 201902082045
1549680372 49.8603591498 201902082046
1549680432 50.3073970613 201902082047
1549680492 50.1199295501 201902082048
1549680552 49.7504022442 201902082049
1549680612 50.2425044613 201902082050
1549680628 49.6855096441 201902082050
1549680688 50.1685990001 201902082051
1549680748 49.9036208832 201902082052
1549680808 50.2226761668 201902082053
1549680868 50.4912594282 201902082054
1549680928 49.9973546388 201902082055
1549680988 50.1253372667 201902082056
1549681048 50.1145218334 201902082057
1549681108 50.0640498111 201902082058
1549681168 50.0099726444 201902082059
1549681228 49.7413893831 201902082100
1549681242 49.6079990385 201902082100
1549681302 50.2569250391 201902082101
1549681362 49.6602736330 201902082102
1549681422 50.1217321223 201902082103
1549681482 49.9252517499 201902082104
1549681542 50.1091141167 201902082105
1549681602 50.1397578445 201902082106
1549681662 50.1938350112 201902082107
1549681722 50.0009597833 201902082108
1549681782 49.8982131665 201902082109
1549681842 50.1397578445 201902082110
1549681856 49.6891147886 201902082110
1549681916 50.2190710224 201902082111
1549681976 49.8134922720 201902082112
1549682036 49.6548659163 201902082113
1549682096 50.3128047780 201902082114
1549682156 49.8765822998 201902082115
1549682216 50.0225906500 201902082116
1549682276 50.1740067168 201902082117
1549682336 49.4277418161 201902082118
1549682396 50.1649938557 201902082119
1549682456 50.2461096057 201902082120
1549682467 50.1866247223 201902082121
1549682527 50.3236202114 201902082122
1549682587 50.1776118612 201902082123
1549682647 49.7918614053 201902082124
1549682707 50.2623327557 201902082125
1549682767 49.7936639776 201902082126
1549682827 50.3921179559 201902082127
1549682887 50.1271398390 201902082128
1549682947 50.1848221501 201902082129
1549683007 49.6602736330 201902082130
1549683067 49.9216466054 201902082131
1549683079 48.6183868876 201902082131
1549683139 49.9937494944 201902082132
1549683199 50.2172684501 201902082133
1549683259 49.7720331109 201902082134
1549683319 49.2492871660 201902082135
1549683379 49.7864536887 201902082136
1549683439 49.6692864941 201902082137
1549683499 49.9144363165 201902082138
1549683559 50.1235346945 201902082139
1549683619 49.8531488609 201902082140
1549683679 50.1776118612 201902082141
1549683696 50.2533198946 201902082141
1549683756 49.9847366333 201902082142
1549683816 49.6819044997 201902082143
1549683876 49.9252517499 201902082144
1549683936 49.7522048164 201902082145
1549683996 50.0604446667 201902082146
1549684056 49.8188999887 201902082147
1549684116 49.9234491777 201902082148
1549684176 49.8567540054 201902082149
1549684236 50.0532343778 201902082150
1549684296 50.2425044613 201902082151
1549684310 50.1649938557 201902082151
1549684370 49.7359816664 201902082152
1549684430 50.0730626722 201902082153
1549684490 50.0298009389 201902082154
1549684550 49.9955520666 201902082155
1549684610 50.0063675000 201902082156
1549684670 49.8134922720 201902082157
1549684730 49.5737501662 201902082158
1549684790 50.0370112278 201902082159
1549684850 49.8585565776 201902082200
1549684910 49.4908318440 201902082201
1549684925 50.1073115445 201902082202
1549684985 50.1595861390 201902082203
1549685045 50.2064530168 201902082204
1549685105 49.8873977332 201902082205
1549685165 49.8603591498 201902082206
1549685225 49.8531488609 201902082207
1549685285 50.2821610502 201902082208
1549685345 49.7864536887 201902082209
1549685405 50.6102291949 201902082210
1549685465 49.9054234554 201902082211
1549685525 49.9631057666 201902082212
1549685539 50.1830195779 201902082212
1549685599 49.7269688053 201902082213
1549685659 50.0153803611 201902082214
1549685719 50.5669674616 201902082215
1549685779 49.8675694387 201902082216
1549685839 49.9576980499 201902082217
1549685899 50.0802729611 201902082218
1549685959 50.3001867724 201902082219
1549686019 50.0820755334 201902082220
1549686079 50.2875687669 201902082221
1549686139 50.2425044613 201902082222
1549686153 50.2839636224 201902082222
1549686213 49.9288568943 201902082223
1549686273 50.1487707056 201902082224
1549686333 49.5322910051 201902082225
1549686693 49.8513462887 201902082231
1549686753 50.1956375835 201902082232
1549686762 49.9685134833 201902082232
1549686822 49.9198440332 201902082233
1549686882 49.9342646110 201902082234
1549686942 49.8567540054 201902082235
1549687002 50.0838781056 201902082236
1549687062 49.7702305386 201902082237
1549687122 49.9180414610 201902082238
1549687182 49.7846511164 201902082239
1549687242 50.3001867724 201902082240
1549687302 49.9667109110 201902082241
1549687362 49.9234491777 201902082242
1549687377 50.0189855055 201902082242
1549687437 49.9252517499 201902082243
1549687497 49.9378697555 201902082244
1549687557 49.6332350496 201902082245
1549687617 50.3128047780 201902082246
1549687677 49.9324620388 201902082247
1549687737 50.0063675000 201902082248
1549687797 49.9018183110 201902082249
1549687857 49.7413893831 201902082250
1549687917 -0.0096039943 201902082251
1549687977 49.9054234554 201902082252
1549687992 49.9829340611 201902082253
1549688052 49.6746942108 201902082254
1549688112 50.0640498111 201902082255
1549688172 50.0622472389 201902082256
1549688232 50.9112587563 201902082257
1549688292 50.2010453001 201902082258
1549688352 49.9306594666 201902082259
1549688412 49.9504877610 201902082300
1549688472 49.9360671832 201902082301
1549688532 50.1541784223 201902082302
1549688592 50.1938350112 201902082303
1549688606 50.1920324390 201902082303
1549688666 49.6134067552 201902082304
1549688726 49.9991572111 201902082305
1549688786 50.2515173224 201902082306
1549688846 48.8040518267 201902082307
1549688906 49.7990716942 201902082308
1549688966 49.6819044997 201902082309
1549689026 49.9685134833 201902082310
1549689086 50.0478266611 201902082311
1549689146 50.1019038278 201902082312
1549689206 50.1019038278 201902082313
1549689225 50.1974401557 201902082313
1549689285 50.0370112278 201902082314
1549689345 49.8225051331 201902082315
1549689405 49.6458530552 201902082316
1549689465 49.9252517499 201902082317
1549689525 50.3146073502 201902082318
1549689585 -0.0023937054 201902082319
1549689645 50.1649938557 201902082320
1549689705 50.0910883945 201902082321
1549689765 50.5507443116 201902082322
1549689825 49.9072260277 201902082323
1549689839 50.1830195779 201902082323
1549689899 49.9901443499 201902082324
1549689959 49.8080845553 201902082325
1549690019 49.8819900165 201902082326
1549690079 49.8928054499 201902082327
1549690139 50.3218176391 201902082328
1549690199 49.9522903332 201902082329
1549690259 50.0532343778 201902082330
1549690319 50.0153803611 201902082331
1549690379 50.1938350112 201902082332
1549690439 50.2497147502 201902082333
1549690456 50.3164099225 201902082334
1549690516 49.6296299052 201902082335
1549690576 50.2497147502 201902082336
1549690636 50.0874832500 201902082337
1549690696 49.9396723277 201902082338
1549690756 49.9685134833 201902082339
1549690816 50.1794144334 201902082340
1549690876 50.2298864557 201902082341
1549690936 49.8062819831 201902082342
1549690996 50.1397578445 201902082343
1549691056 49.8982131665 201902082344
1549691071 49.9883417777 201902082344
1549691131 50.1974401557 201902082345
1549691191 50.1559809945 201902082346
1549691251 50.0388138000 201902082347
1549691311 49.8928054499 201902082348
1549691371 49.8513462887 201902082349
1549691431 50.1001012556 201902082350
1549691491 49.6224196163 201902082351
1549691551 49.9180414610 201902082352
1549691611 49.7990716942 201902082353
1549691671 50.0586420945 201902082354
