1549864528 -1.0000000000 2019021023557
1549864584 50.8806150285 201902102356
1549864644 50.9040484674 201902102357
1549864704 50.8842201730 201902102358
1549864764 51.3204426511 201902102359
1549864824 51.1167519898 201902110000
1549864884 50.7850787007 201902110001
1549864944 51.2375243288 201902110002
1549865004 50.8824176007 201902110003
1549865064 50.4876542837 201902110004
1549865124 -0.0005911331 201902110005
1549865137 50.6967526617 201902110005
1549865197 51.1293699954 201902110006
1549865257 51.2158934621 201902110007
1549865317 50.6462806394 201902110008
1549865377 50.6552935005 201902110009
1549865437 50.6534909283 201902110010
1549865497 50.8968381785 201902110011
1549865557 51.0915159787 201902110012
1549865617 50.9959796508 201902110013
1549865677 50.9815590730 201902110014
1549865737 50.8643918785 201902110015
1549865752 50.6643063617 201902110015
1549865812 50.4137488225 201902110016
1549865872 50.2857661947 201902110017
1549865932 51.1473957176 201902110018
1549865992 50.9689410675 201902110019
1549866052 50.9815590730 201902110020
1549866112 50.9977822231 201902110021
1549866172 51.0626748231 201902110022
1549866232 51.0374388120 201902110023
1549866292 50.7364092506 201902110024
1549866352 51.0031899397 201902110025
1549866369 51.2321166122 201902110026
1549866429 51.0446491009 201902110027
1549866489 51.1203571343 201902110028
1549866549 51.0770954009 201902110029
1549866609 50.7904864173 201902110030
1549866669 51.0500568176 201902110031
1549866729 50.6318600616 201902110032
1549866789 50.8175250007 201902110033
1549866849 51.2122883177 201902110034
1549866909 50.9166664730 201902110035
1549866969 50.9274819063 201902110036
1549866984 50.7958941340 201902110036
1549867044 50.8301430062 201902110037
1549867104 50.8986407508 201902110038
1549867164 50.9833616453 201902110039
1549867224 50.9202716174 201902110040
1549867284 50.9292844786 201902110041
1549867344 50.7093706672 201902110042
1549867404 51.0248208064 201902110043
1549867464 50.7706581229 201902110044
1549867524 50.8067095673 201902110045
1549867584 51.1582111510 201902110046
1549867603 50.8734047396 201902110046
1549867663 51.1636188677 201902110047
1549867723 50.7706581229 201902110048
1549867783 50.8914304619 201902110049
1549867843 51.1329751398 201902110050
1549867903 51.0662799676 201902110051
1549867963 50.4083411059 201902110052
1549868023 50.3037919169 201902110053
1549868083 50.6625037894 201902110054
1549868143 50.9725462119 201902110055
1549868203 50.8481687285 201902110056
1549868218 50.9346921952 201902110056
1549868278 50.8860227452 201902110057
1549868338 50.9112587563 201902110058
1549868398 50.9509153452 201902110059
1549868458 51.2843912066 201902110100
1549868518 51.1311725676 201902110101
1549868578 50.8589841618 201902110102
1549868638 50.9437050563 201902110103
1549868698 50.7706581229 201902110104
1549868758 50.8301430062 201902110105
1549868818 50.6733192228 201902110106
1549868837 50.8553790174 201902110107
1549868897 50.9797565008 201902110108
1549868957 50.6643063617 201902110109
1549869017 51.0013873675 201902110110
1549869077 50.5453365949 201902110111
1549869137 50.3740922336 201902110112
1549869197 50.9779539286 201902110113
1549869257 50.8139198562 201902110114
1549869317 51.1365802843 201902110115
1549869377 50.8031044229 201902110116
1549869437 50.9905719342 201902110117
1549869456 50.6552935005 201902110117
1549869516 50.7291989617 201902110118
1549869576 51.1437905732 201902110119
1549869636 51.0428465287 201902110120
1549869696 50.5922034727 201902110121
1549869756 51.1852497343 201902110122
1549869816 50.9905719342 201902110123
1549869876 50.9040484674 201902110124
1549869936 50.9094561841 201902110125
1549869996 50.6408729227 201902110126
1549870056 50.6066240505 201902110127
1549870071 50.9455076286 201902110127
1549870131 50.8932330341 201902110128
1549870191 50.8553790174 201902110129
1549870251 50.9473102008 201902110130
1549870311 50.7976967062 201902110131
1549870371 50.7472246840 201902110132
1549870431 51.0284259509 201902110133
1549870491 50.7598426895 201902110134
1549870551 51.2970092122 201902110135
1549870611 51.3384683734 201902110136
1549870671 50.4660234170 201902110137
1549870687 51.1690265843 201902110138
1549870747 50.7580401173 201902110139
1549870807 50.7904864173 201902110140
1549870867 51.3600992400 201902110141
1549870927 50.8878253174 201902110142
1549870987 50.4425899781 201902110143
1549871047 51.0158079453 201902110144
1549871107 50.7147783839 201902110145
1549871167 50.9491127730 201902110146
1549871227 51.1419880010 201902110147
1549871287 50.9797565008 201902110148
1549871302 50.9905719342 201902110148
1549871362 50.5958086171 201902110149
1549871422 50.7742632673 201902110150
1549871482 50.6390703505 201902110151
1549871542 51.1473957176 201902110152
1549871602 50.8806150285 201902110153
1549871662 50.8247352896 201902110154
1549871722 51.2122883177 201902110155
1549871782 50.7400143951 201902110156
1549871842 50.9833616453 201902110157
1549871902 50.9833616453 201902110158
1549871919 50.5237057282 201902110158
1549871979 50.7832761284 201902110159
1549872039 50.7039629506 201902110200
1549872099 51.2014728844 201902110201
1549872159 50.9274819063 201902110202
1549872219 50.7310015339 201902110203
1549872279 50.4119462503 201902110204
1549872339 50.4984697171 201902110205
1549872399 50.6156369116 201902110206
1549872459 51.1023314120 201902110207
1549872519 51.0067950842 201902110208
1549872535 50.5867957560 201902110208
1549872595 50.5507443116 201902110209
1549872655 50.6679115061 201902110210
1549872715 50.5723751782 201902110211
1549872775 50.7634478340 201902110212
1549872835 50.6679115061 201902110213
1549872895 51.0572671064 201902110214
1549872955 50.8373532951 201902110215
1549873015 51.1149494176 201902110216
1549873075 0.0030140113 201902110217
1549873135 51.0266233786 201902110218
1549873151 50.8571815896 201902110219
1549873211 50.7922889895 201902110220
1549873271 51.0500568176 201902110221
1549873331 50.8499713007 201902110222
1549873391 50.9346921952 201902110223
1549873451 50.6751217950 201902110224
1549873511 50.5958086171 201902110225
1549873571 50.6841346561 201902110226
1549873631 50.8247352896 201902110227
1549873691 50.6102291949 201902110228
1549873751 51.2267088955 201902110229
1549873768 50.7328041062 201902110229
1549873828 50.8229327174 201902110230
1549873888 50.5056800060 201902110231
1549873948 50.5255083004 201902110232
1549874008 51.2645629122 201902110233
1549874068 50.8553790174 201902110234
1549874128 50.2749507613 201902110235
1549874188 50.8625893063 201902110236
1549874248 50.7093706672 201902110237
1549874308 50.4642208448 201902110238
1549874368 51.0212156620 201902110239
1549874388 50.8427610118 201902110239
1549874448 50.8499713007 201902110240
1549874508 51.0554645342 201902110241
1549874568 50.6697140783 201902110242
1549874628 50.8896278896 201902110243
1549874688 50.2208735946 201902110244
1549874748 50.9653359230 201902110245
1549874808 50.8175250007 201902110246
1549874868 50.7868812729 201902110247
1549874928 51.2789834900 201902110248
1549874988 50.2677404724 201902110249
1549875002 50.8121172840 201902110250
1549875062 50.5777828949 201902110251
1549875122 50.7111732395 201902110252
1549875182 50.8553790174 201902110253
1549875242 51.0698851120 201902110254
1549875302 50.7400143951 201902110255
1549875362 50.3776973781 201902110256
1549875422 50.5273108726 201902110257
1549875482 50.9004433230 201902110258
1549875542 50.7778684118 201902110259
1549875602 50.7111732395 201902110300
1549875619 51.1780394454 201902110300
1549875679 50.6516883561 201902110301
1549875739 50.2731481891 201902110302
1549875799 50.4137488225 201902110303
1549875859 50.6769243672 201902110304
1549875919 50.7273963895 201902110305
1549875979 50.9905719342 201902110306
1549876039 49.5611321607 201902110307
1549876099 51.2375243288 201902110308
1549876159 51.1888548788 201902110309
1549876219 50.7364092506 201902110310
1549876235 50.6570960728 201902110310
1549876295 50.5056800060 201902110311
1549876355 50.9419024841 201902110312
1549876415 50.8878253174 201902110313
1549876475 51.0140053731 201902110314
1549876535 50.9058510396 201902110315
1549876595 51.0284259509 201902110316
1549876655 50.9256793341 201902110317
1549876715 50.6102291949 201902110318
1549876775 51.0428465287 201902110319
1549876835 50.8932330341 201902110320
1549876849 50.6354652061 201902110320
1549876909 50.8085121396 201902110321
1549876969 50.8427610118 201902110322
1549877029 50.3758948058 201902110323
1549877089 51.0104002286 201902110324
1549877149 50.6480832116 201902110325
1549877209 50.8679970229 201902110326
1549877269 50.9148639008 201902110327
1549877329 50.7508298284 201902110328
1549877389 50.7652504062 201902110329
1549877449 50.2190710224 201902110330
1549877468 50.5777828949 201902110331
1549877528 50.8607867341 201902110332
1549877588 50.5759803227 201902110333
1549877648 50.8013018507 201902110334
1549877708 50.9004433230 201902110335
1549877768 50.9797565008 201902110336
1549877828 50.7382118228 201902110337
1549877888 50.8193275729 201902110338
1549877948 50.8067095673 201902110339
1549878008 51.1726317288 201902110340
1549878068 50.8932330341 201902110341
1549878084 51.1960651677 201902110341
1549878144 50.7760658395 201902110342
1549878204 50.9455076286 201902110343
1549878264 50.5651648893 201902110344
1549878324 50.5561520282 201902110345
1549878384 50.7237912450 201902110346
1549878444 50.6300574894 201902110347
1549878504 50.9184690452 201902110348
1549878564 50.7688555506 201902110349
1549878624 50.6859372283 201902110350
1549878684 50.9184690452 201902110351
1549878700 50.9220741897 201902110351
1549878760 50.7400143951 201902110352
1549878820 51.0644773953 201902110353
1549878880 50.6877398006 201902110354
1549878940 50.7670529784 201902110355
1549879000 50.8535764452 201902110356
1549879060 50.1866247223 201902110357
1549879120 50.8283404340 201902110358
1549879180 50.4245642559 201902110359
1549879240 50.4588131281 201902110400
1549879300 50.5092851504 201902110401
1549879318 50.7436195395 201902110401
1549879378 50.8067095673 201902110402
1549879438 50.7310015339 201902110403
1549879498 51.0987262676 201902110404
1549879558 50.7976967062 201902110405
1549879618 50.6895423728 201902110406
1549879678 50.8481687285 201902110407
1549879738 51.0788979731 201902110408
1549879798 51.0446491009 201902110409
1549879858 50.8211301451 201902110410
1549879918 50.6769243672 201902110411
1549879933 50.9076536119 201902110412
1549879993 50.9400999119 201902110413
1549880053 50.4840491393 201902110414
1549880113 49.5124627106 201902110415
1549880173 50.8770098841 201902110416
1549880233 50.5994137616 201902110417
1549880293 51.1023314120 201902110418
1549880353 50.8355507229 201902110419
1549880413 50.2479121780 201902110420
1549880473 50.9202716174 201902110421
1549880533 50.8589841618 201902110422
1549880549 50.4840491393 201902110422
1549880609 50.8013018507 201902110423
1549880669 50.7760658395 201902110424
1549880729 50.9527179175 201902110425
1549880789 50.6931475172 201902110426
1549880849 50.6679115061 201902110427
1549880909 50.5255083004 201902110428
1549880969 50.7850787007 201902110429
1549881029 50.5849931838 201902110430
1549881089 50.3650793725 201902110431
1549881149 50.9238767619 201902110432
1549881164 50.8788124563 201902110432
1549881224 51.0518593898 201902110433
1549881284 49.9216466054 201902110434
1549881344 50.7075680950 201902110435
1549881404 50.5958086171 201902110436
1549881464 50.5579546004 201902110437
1549881524 50.7490272562 201902110438
1549881584 50.8355507229 201902110439
1549881644 50.8373532951 201902110440
1549881704 50.8481687285 201902110441
1549881764 50.8355507229 201902110442
1549881780 50.6354652061 201902110443
1549881840 50.7273963895 201902110444
1549881900 51.0500568176 201902110445
1549881960 50.6949500895 201902110446
1549882020 50.9815590730 201902110447
1549882080 50.6048214783 201902110448
1549882140 50.7237912450 201902110449
1549882200 50.6336626338 201902110450
1549882260 50.7328041062 201902110451
1549882320 50.4660234170 201902110452
1549882380 50.8013018507 201902110453
1549882400 50.6769243672 201902110453
1549882460 50.8589841618 201902110454
1549882520 50.5417314504 201902110455
1549882580 50.7652504062 201902110456
1549882640 50.5237057282 201902110457
1549882700 50.9473102008 201902110458
1549882760 51.0879108343 201902110459
1549882820 50.6480832116 201902110500
1549882880 50.5056800060 201902110501
1549882940 50.6570960728 201902110502
1549883000 50.3344356447 201902110503
1549883016 50.2370967446 201902110503
1549883076 49.9450800444 201902110504
1549883136 50.7129758117 201902110505
1549883196 50.7436195395 201902110506
1549883256 50.4425899781 201902110507
1549883316 50.1974401557 201902110508
1549883376 50.6570960728 201902110509
1549883436 50.9130613285 201902110510
1549883496 50.7129758117 201902110511
1549883556 50.8535764452 201902110512
1549883616 50.9094561841 201902110513
1549883631 50.6354652061 201902110513
1549883691 50.5940060449 201902110514
1549883751 50.8481687285 201902110515
1549883811 50.8193275729 201902110516
1549883871 50.8463661563 201902110517
1549883931 50.4732337059 201902110518
1549883991 51.1780394454 201902110519
1549884051 50.6372677783 201902110520
1549884111 50.6913449450 201902110521
1549884171 50.8139198562 201902110522
1549884231 50.7472246840 201902110523
1549884252 50.9851642175 201902110524
1549884312 50.9671384953 201902110525
1549884372 50.7598426895 201902110526
1549884432 50.3776973781 201902110527
1549884492 50.5182980115 201902110528
1549884552 50.9256793341 201902110529
1549884612 50.9040484674 201902110530
1549884672 50.8535764452 201902110531
1549884732 51.0085976564 201902110532
1549884792 50.6498857839 201902110533
1549884852 50.9148639008 201902110534
1549884865 50.7039629506 201902110534
1549884925 50.5038774337 201902110535
1549884985 50.8517738729 201902110536
1549885045 50.5399288782 201902110537
1549885105 50.6318600616 201902110538
1549885165 50.7508298284 201902110539
1549885225 50.7291989617 201902110540
1549885285 50.7291989617 201902110541
1549885345 50.3128047780 201902110542
1549885405 50.7490272562 201902110543
1549885465 50.5038774337 201902110544
1549885483 50.4894568559 201902110544
1549885543 51.0176105175 201902110545
1549885603 50.5471391671 201902110546
1549885663 50.8535764452 201902110547
1549885723 51.0951211231 201902110548
1549885783 50.6643063617 201902110549
1549885843 50.8607867341 201902110550
1549885903 50.8716021674 201902110551
1549885963 50.5904009005 201902110552
1549886023 50.0784703889 201902110553
1549886083 50.8067095673 201902110554
1549886099 50.4858517115 201902110554
1549886159 50.9328896230 201902110555
1549886219 51.1041339843 201902110556
1549886279 50.7237912450 201902110557
1549886339 50.6462806394 201902110558
1549886399 50.8571815896 201902110559
1549886459 50.8842201730 201902110600
1549886519 50.7508298284 201902110601
1549886579 50.9130613285 201902110602
1549886639 50.6679115061 201902110603
1549886699 50.8481687285 201902110604
1549886715 50.4768388504 201902110605
1549886775 50.4732337059 201902110606
1549886835 50.6012163338 201902110607
1549886895 50.4083411059 201902110608
1549886955 50.5201005837 201902110609
1549887015 50.9653359230 201902110610
1549887075 51.0987262676 201902110611
1549887135 50.6570960728 201902110612
1549887195 50.6607012172 201902110613
1549887255 50.9599282064 201902110614
1549887315 50.7255938173 201902110615
1549887333 50.6282549172 201902110615
1549887393 50.6877398006 201902110616
1549887453 50.6733192228 201902110617
1549887513 50.9779539286 201902110618
1549887573 50.4930620004 201902110619
1549887633 50.6823320839 201902110620
1549887638 50.8121172840 201902110620
1549887698 50.6859372283 201902110621
1549887758 50.5561520282 201902110622
1549887818 50.6174394838 201902110623
1549887878 0.0048165835 201902110624
1549887938 0.0048165835 201902110625
1549887998 0.0048165835 201902110626
1549888058 0.0048165835 201902110627
1549888118 50.6408729227 201902110628
1549888178 51.1365802843 201902110629
1549888238 50.9599282064 201902110630
1549888298 50.6426754950 201902110631
1549888358 50.6192420561 201902110632
1549888418 50.5435340227 201902110633
1549888478 50.7418169673 201902110634
1549888538 50.2461096057 201902110635
1549888567 50.6336626338 201902110636
1549888627 50.7688555506 201902110637
1549888687 50.7183835284 201902110638
1549888747 50.9076536119 201902110639
1549888807 50.7670529784 201902110640
1549888867 50.6661089339 201902110641
1549888927 50.5904009005 201902110642
1549888987 50.8157224285 201902110643
1549889047 50.4227616837 201902110644
1549889107 50.8481687285 201902110645
1549889167 51.1437905732 201902110646
1549889185 50.7742632673 201902110646
1549889245 50.7436195395 201902110647
1549889305 50.4389848337 201902110648
1549889365 50.8932330341 201902110649
1549889425 50.7958941340 201902110650
1549889485 50.6480832116 201902110651
1549889545 50.0982986834 201902110652
1549889605 50.5074825782 201902110653
1549889665 50.6228472005 201902110654
1549889725 50.5651648893 201902110655
1549889785 50.6534909283 201902110656
1549889799 50.2172684501 201902110656
1549889859 51.1221597065 201902110657
1549889919 50.6787269394 201902110658
1549889979 50.6120317672 201902110659
1549890039 50.8157224285 201902110700
1549890099 50.8968381785 201902110701
1549890159 51.2952066400 201902110702
1549890219 50.9851642175 201902110703
1549890279 50.6228472005 201902110704
1549890339 50.8589841618 201902110705
1549890399 50.7057655228 201902110706
1549890415 50.7219886728 201902110706
1549890475 50.4822465670 201902110707
1549890535 50.5291134449 201902110708
1549890595 50.5940060449 201902110709
1549890655 50.7021603784 201902110710
1549890715 50.7868812729 201902110711
1549890775 50.9455076286 201902110712
1549890835 50.8373532951 201902110713
1549890895 50.8716021674 201902110714
1549890955 50.6841346561 201902110715
1549891015 50.7310015339 201902110716
1549891034 50.1704015723 201902110717
1549891094 50.6895423728 201902110718
1549891154 50.9112587563 201902110719
1549891214 50.6859372283 201902110720
1549891274 50.9202716174 201902110721
1549891334 50.8175250007 201902110722
1549891394 50.3885128114 201902110723
1549891454 50.2893713391 201902110724
1549891514 50.6354652061 201902110725
1549891574 50.6625037894 201902110726
1549891634 50.8391558674 201902110727
1549891649 51.4844767235 201902110727
1549891709 50.9382973397 201902110728
1549891769 50.6607012172 201902110729
1549891829 50.5813880394 201902110730
1549891889 51.1329751398 201902110731
1549891949 50.7021603784 201902110732
1549892009 50.6354652061 201902110733
1549892069 50.5056800060 201902110734
1549892129 50.9545204897 201902110735
1549892189 50.6859372283 201902110736
1549892249 50.3578690836 201902110737
1549892265 50.8734047396 201902110737
1549892325 50.6282549172 201902110738
1549892385 50.7706581229 201902110739
1549892445 50.6985552339 201902110740
1549892505 50.8734047396 201902110741
1549892565 51.0392413842 201902110742
1549892625 50.6859372283 201902110743
1549892685 50.8247352896 201902110744
1549892745 50.5471391671 201902110745
1549892805 50.7328041062 201902110746
1549892865 50.5922034727 201902110747
1549892884 51.1005288398 201902110748
1549892944 50.5922034727 201902110749
1549893004 50.7454221117 201902110750
1549893064 51.1365802843 201902110751
1549893124 50.7922889895 201902110752
1549893184 50.8986407508 201902110753
1549893244 50.8049069951 201902110754
1549893304 50.9328896230 201902110755
1549893364 51.0122028009 201902110756
1549893424 50.9761513564 201902110757
1549893484 51.0266233786 201902110758
1549893499 50.9563230619 201902110758
1549893559 51.2916014955 201902110759
1549893619 50.8085121396 201902110800
1549893679 50.8391558674 201902110801
1549893739 51.2447346177 201902110802
1549893799 51.0067950842 201902110803
1549893859 50.4173539670 201902110804
1549893919 50.8283404340 201902110805
1549893979 50.7814735562 201902110806
1549894039 50.9725462119 201902110807
1549894099 50.7508298284 201902110808
1549894115 50.6859372283 201902110808
1549894175 50.6841346561 201902110809
1549894235 51.0698851120 201902110810
1549894295 50.9491127730 201902110811
1549894355 50.8211301451 201902110812
1549894415 50.1613887112 201902110813
1549894475 50.8770098841 201902110814
1549894535 50.7436195395 201902110815
1549894595 51.0338336675 201902110816
1549894655 50.5489417393 201902110817
1549894715 50.6733192228 201902110818
1549894729 50.9581256341 201902110818
1549894789 51.0085976564 201902110819
1549894849 51.0680825398 201902110820
1549894909 50.7526324006 201902110821
1549894969 50.8914304619 201902110822
1549895029 51.1690265843 201902110823
1549895089 50.4534054115 201902110824
1549895149 50.9148639008 201902110825
1549895209 51.0176105175 201902110826
1549895269 51.1564085788 201902110827
1549895329 50.8175250007 201902110828
1549895345 50.5543494560 201902110829
1549895405 50.9599282064 201902110830
1549895465 50.8049069951 201902110831
1549895525 50.6769243672 201902110832
1549895585 50.6228472005 201902110833
1549895645 50.9545204897 201902110834
1549895705 51.0212156620 201902110835
1549895765 50.6913449450 201902110836
1549895825 50.4876542837 201902110837
1549895885 50.9545204897 201902110838
1549895945 50.9887693619 201902110839
1549895962 50.7724606951 201902110839
1549896022 50.5669674616 201902110840
1549896082 50.4534054115 201902110841
1549896142 50.8752073118 201902110842
1549896202 50.7364092506 201902110843
1549896262 50.4065385336 201902110844
1549896322 50.7904864173 201902110845
1549896382 50.9040484674 201902110846
1549896442 50.8067095673 201902110847
1549896502 51.1257648510 201902110848
1549896562 51.0392413842 201902110849
1549896579 51.0176105175 201902110849
1549896639 50.9455076286 201902110850
1549896699 50.7616452617 201902110851
1549896759 50.8067095673 201902110852
1549896819 51.0464516731 201902110853
1549896879 50.8157224285 201902110854
1549896939 50.6102291949 201902110855
1549896999 50.6498857839 201902110856
1549897059 50.7129758117 201902110857
1549897119 50.7598426895 201902110858
1549897179 51.0807005454 201902110859
1549897195 50.7039629506 201902110859
1549897255 49.7630202497 201902110900
1549897315 50.8211301451 201902110901
1549897375 51.1816445899 201902110902
1549897435 50.4786414226 201902110903
1549897495 50.5002722893 201902110904
1549897555 50.6282549172 201902110905
1549897615 50.7165809561 201902110906
1549897675 50.9004433230 201902110907
1549897735 51.0212156620 201902110908
1549897795 50.6012163338 201902110909
1549897810 50.4858517115 201902110910
1549897870 50.7850787007 201902110911
1549897930 50.4804439948 201902110912
1549897990 51.0176105175 201902110913
1549898050 50.8229327174 201902110914
1549898110 50.4371822615 201902110915
1549898170 50.7868812729 201902110916
1549898230 50.2623327557 201902110917
1549898290 51.0374388120 201902110918
1549898350 51.0807005454 201902110919
1549898410 50.7273963895 201902110920
1549898426 50.7688555506 201902110920
1549898486 50.5615597449 201902110921
1549898546 50.7400143951 201902110922
1549898606 50.4479976948 201902110923
1549898666 50.8247352896 201902110924
1549898726 50.9725462119 201902110925
1549898786 50.7904864173 201902110926
1549898846 50.7273963895 201902110927
1549898906 49.9775263444 201902110928
1549898966 50.8265378618 201902110929
1549899026 50.5363237338 201902110930
1549899043 50.7940915618 201902110930
1549899103 50.7183835284 201902110931
1549899163 51.0212156620 201902110932
1549899223 50.4570105559 201902110933
1549899283 50.8878253174 201902110934
1549899343 50.7454221117 201902110935
1549899403 50.6679115061 201902110936
1549899463 50.5146928671 201902110937
1549899523 50.9761513564 201902110938
1549899583 50.4119462503 201902110939
1549899643 50.9256793341 201902110940
1549899658 51.0644773953 201902110940
1549899718 50.8860227452 201902110941
1549899778 50.7418169673 201902110942
1549899838 50.9040484674 201902110943
1549899898 50.7886838451 201902110944
1549899958 50.8121172840 201902110945
1549900018 50.8319455785 201902110946
1549900078 50.6661089339 201902110947
1549900138 51.0915159787 201902110948
1549900198 50.6192420561 201902110949
1549900258 50.8842201730 201902110950
1549900273 51.0572671064 201902110951
1549900333 50.7291989617 201902110952
1549900393 50.4660234170 201902110953
1549900453 50.9382973397 201902110954
1549900513 50.8986407508 201902110955
1549900573 50.9256793341 201902110956
1549900633 50.6300574894 201902110957
1549900693 50.6661089339 201902110958
1549900753 51.0807005454 201902110959
1549900813 50.5543494560 201902111000
1549900873 51.0356362398 201902111001
1549900890 50.7291989617 201902111001
1549900950 50.8301430062 201902111002
1549901010 51.0897134065 201902111003
1549901070 50.9563230619 201902111004
1549901130 50.9274819063 201902111005
1549901190 50.8265378618 201902111006
1549901250 50.4534054115 201902111007
1549901310 50.2677404724 201902111008
1549901370 50.5543494560 201902111009
1549901430 50.5020748615 201902111010
1549901490 50.6625037894 201902111011
1549901505 50.8283404340 201902111011
1549901565 50.3578690836 201902111012
1549901625 50.4155513948 201902111013
1549901685 50.7490272562 201902111014
1549901745 50.8589841618 201902111015
1549901805 50.4786414226 201902111016
1549901865 50.9455076286 201902111017
1549901925 51.0518593898 201902111018
1549901985 50.9527179175 201902111019
1549902045 50.8283404340 201902111020
1549902105 50.6607012172 201902111021
1549902123 50.9202716174 201902111022
1549902183 50.4822465670 201902111023
1549902243 50.8679970229 201902111024
1549902303 51.0644773953 201902111025
1549902363 50.7346066784 201902111026
1549902423 50.7201861006 201902111027
1549902483 51.1113442732 201902111028
1549902543 51.1113442732 201902111029
1549902603 50.7904864173 201902111030
1549902663 50.5885983283 201902111031
1549902723 50.7003578061 201902111032
1549902736 50.3218176391 201902111032
1549902796 51.1149494176 201902111033
1549902856 51.0284259509 201902111034
1549902916 50.9905719342 201902111035
1549902976 50.7706581229 201902111036
1549903036 50.9346921952 201902111037
1549903096 50.7760658395 201902111038
1549903156 50.7544349728 201902111039
1549903216 50.6210446283 201902111040
1549903276 51.2465371899 201902111041
1549903336 50.6354652061 201902111042
1549903352 50.7652504062 201902111042
1549903412 51.1870523066 201902111043
1549903472 50.8661944507 201902111044
1549903532 50.8788124563 201902111045
1549903592 50.6174394838 201902111046
1549903652 50.6607012172 201902111047
1549903712 50.7021603784 201902111048
1549903772 50.9184690452 201902111049
1549903832 50.7310015339 201902111050
1549903892 51.0536619620 201902111051
1549903952 50.5849931838 201902111052
1549903969 50.6841346561 201902111052
1549904029 51.1798420177 201902111053
1549904089 50.9797565008 201902111054
1549904149 50.8319455785 201902111055
1549904209 51.0338336675 201902111056
1549904269 50.6192420561 201902111057
1549904329 50.4479976948 201902111058
1549904389 50.7310015339 201902111059
1549904449 50.9941770786 201902111100
1549904509 50.8013018507 201902111101
1549904569 50.8265378618 201902111102
1549904583 50.6192420561 201902111103
1549904643 51.1473957176 201902111104
1549904703 51.1455931454 201902111105
1549904763 50.8265378618 201902111106
1549904823 51.0716876842 201902111107
1549904883 50.5669674616 201902111108
1549904943 50.9833616453 201902111109
1549905003 50.7057655228 201902111110
1549905063 51.1383828565 201902111111
1549905123 50.8661944507 201902111112
1549905183 50.7508298284 201902111113
1549905199 50.4570105559 201902111113
1549905259 50.6967526617 201902111114
1549905319 50.5273108726 201902111115
1549905379 50.6949500895 201902111116
1549905439 50.4371822615 201902111117
1549905499 50.8842201730 201902111118
1549905559 51.1455931454 201902111119
1549905619 50.6769243672 201902111120
1549905679 50.7562375451 201902111121
1549905739 50.8193275729 201902111122
1549905799 50.5741777505 201902111123
1549905818 51.0067950842 201902111123
1549905878 50.4047359614 201902111124
1549905938 50.9256793341 201902111125
1549905998 50.9725462119 201902111126
1549906058 50.6552935005 201902111127
1549906118 50.8914304619 201902111128
1549906178 51.0085976564 201902111129
1549906238 50.4768388504 201902111130
1549906298 50.9941770786 201902111131
1549906358 50.6534909283 201902111132
1549906418 50.6859372283 201902111133
1549906432 50.6715166505 201902111133
1549906492 50.5867957560 201902111134
1549906552 50.9545204897 201902111135
1549906612 50.3794999503 201902111136
1549906672 50.7886838451 201902111137
1549906732 50.8373532951 201902111138
1549906792 51.0338336675 201902111139
1549906852 50.3668819447 201902111140
1549906912 50.5146928671 201902111141
1549906972 50.9923745064 201902111142
1549907032 50.7418169673 201902111143
1549907050 50.7021603784 201902111144
1549907110 50.5002722893 201902111145
1549907170 51.1149494176 201902111146
1549907230 50.9076536119 201902111147
1549907290 50.8013018507 201902111148
1549907350 51.1437905732 201902111149
1549907410 50.4804439948 201902111150
1549907470 50.6336626338 201902111151
1549907530 51.0067950842 201902111152
1549907590 50.9004433230 201902111153
1549907650 51.0897134065 201902111154
1549907665 50.8607867341 201902111154
1549907725 51.0013873675 201902111155
1549907785 50.8860227452 201902111156
1549907845 50.8283404340 201902111157
1549907905 51.2122883177 201902111158
1549907965 50.8103147118 201902111159
1549908025 50.7688555506 201902111200
1549908085 50.6823320839 201902111201
1549908145 50.8697995952 201902111202
1549908205 50.5777828949 201902111203
1549908265 50.6985552339 201902111204
1549908280 49.6819044997 201902111204
1549908340 51.1221597065 201902111205
1549908400 50.7832761284 201902111206
1549908460 51.4808715790 201902111207
1549908520 50.8067095673 201902111208
1549908580 50.9977822231 201902111209
1549908640 50.9725462119 201902111210
1549908700 50.4425899781 201902111211
1549908760 50.7003578061 201902111212
1549908820 50.9473102008 201902111213
1549908880 50.9292844786 201902111214
1549908900 50.2064530168 201902111215
1549908960 50.6570960728 201902111216
1549909020 50.8211301451 201902111217
1549909080 51.2086831732 201902111218
1549909140 50.9923745064 201902111219
1549909200 50.7291989617 201902111220
1549909260 50.5849931838 201902111221
1549909320 51.2609577677 201902111222
1549909380 50.7129758117 201902111223
1549909440 50.7382118228 201902111224
1549909500 51.1491982899 201902111225
1549909516 51.3114297900 201902111225
1549909576 50.4606157004 201902111226
1549909636 50.7796709840 201902111227
1549909696 50.3632768003 201902111228
1549909756 50.6192420561 201902111229
1549909816 50.8679970229 201902111230
1549909876 50.6480832116 201902111231
1549909936 50.6895423728 201902111232
1549909996 50.4083411059 201902111233
1549910056 50.6282549172 201902111234
1549910116 50.8697995952 201902111235
1549910137 50.6084266227 201902111235
1549910197 50.8679970229 201902111236
1549910257 50.8013018507 201902111237
1549910317 -0.0005911331 201902111238
1549910377 0.0102243002 201902111239
1549910437 -0.0041962776 201902111240
1549910497 -0.0005911331 201902111241
1549910557 0.0030140113 201902111242
1549910617 -0.0005911331 201902111243
1549910677 -0.0041962776 201902111244
1549910737 -0.0023937054 201902111245
1549910747 -0.0023937054 201902111245
1549910807 0.0084217280 201902111246
1549910867 -0.0041962776 201902111247
1549910927 0.0084217280 201902111248
1549910987 0.0084217280 201902111249
1549911047 0.0084217280 201902111250
1549911107 0.0030140113 201902111251
1549911167 0.0048165835 201902111252
1549911227 -0.0059988498 201902111253
1549911287 0.0030140113 201902111254
1549911347 0.0012114391 201902111255
1549911351 0.0012114391 201902111255
1549911411 0.0066191558 201902111256
1549911471 -0.0041962776 201902111257
1549911531 0.0138294447 201902111258
1549911591 -0.0059988498 201902111259
1549911651 -0.0041962776 201902111300
1549911711 -0.0041962776 201902111301
1549911771 0.0084217280 201902111302
1549911831 0.0084217280 201902111303
1549911891 0.0084217280 201902111304
1549911951 -0.0005911331 201902111305
1549911955 -0.0005911331 201902111305
1549912015 42.7401988658 201902111306
1549912075 51.4898844402 201902111307
1549912135 51.3763223901 201902111308
1549912195 51.6449056514 201902111309
1549912255 51.4159789790 201902111310
1549912315 51.5403564624 201902111311
1549912375 51.3096272178 201902111312
1549912435 51.8936606183 201902111313
1549912495 51.9459352128 201902111314
1549912555 52.1225872907 201902111315
1549912571 51.8738323238 201902111316
1549912631 51.1906574510 201902111317
1549912691 51.6917725292 201902111318
1549912751 51.8233603016 201902111319
1549912811 52.2163210464 201902111320
1549912871 52.0378663962 201902111321
1549912931 52.0883384185 201902111322
1549912991 52.0973512796 201902111323
1549913051 52.2722007853 201902111324
1549913111 52.1045615685 201902111325
1549913171 52.0540895462 201902111326
1549913185 52.2613853520 201902111326
1549913245 51.8684246072 201902111327
1549913305 51.9026734794 201902111328
1549913365 51.8594117460 201902111329
1549913425 51.9567506461 201902111330
1549913485 51.7837037126 201902111331
1549913545 51.7764934237 201902111332
1549913605 52.2109133297 201902111333
1549913665 51.5800130514 201902111334
1549913725 52.2019004686 201902111335
1549913785 51.4087686901 201902111336
1549913798 51.6178670681 201902111336
1549913858 52.0072226684 201902111337
1549913918 51.9387249239 201902111338
1549913978 -0.0005911331 201902111339
1549914038 51.4664510013 201902111340
1549914098 0.0048165835 201902111341
1549914158 51.7638754182 201902111342
1549914218 49.7738356831 201902111343
1549914278 49.7467970997 201902111344
1549914338 50.3975256725 201902111345
1549914398 50.4498002670 201902111346
1549914412 50.0910883945 201902111346
1549914472 50.0027623555 201902111347
1549914532 50.3272253558 201902111348
1549914592 50.2479121780 201902111349
1549914652 50.0856806778 201902111350
1549914712 50.5867957560 201902111351
1549914772 50.6156369116 201902111352
1549914832 50.9274819063 201902111353
1549914892 50.3037919169 201902111354
1549914952 49.3033643327 201902111355
1549915012 0.0048165835 201902111356
1549915025 -0.0023937054 201902111357
1549915085 50.0153803611 201902111358
1549915145 49.8225051331 201902111359
1549915205 49.7900588331 201902111400
1549915265 50.1866247223 201902111401
1549915325 49.9739211999 201902111402
1549915385 50.5976111894 201902111403
1549915445 50.7237912450 201902111404
1549915505 50.2803584780 201902111405
1549915565 50.4281694003 201902111406
1549915625 50.2803584780 201902111407
1549915637 50.4822465670 201902111407
1549915697 50.4335771170 201902111408
1549915757 50.1091141167 201902111409
1549915817 50.4281694003 201902111410
1549915877 50.4299719726 201902111411
1549915937 50.1361527001 201902111412
1549915997 49.9558954777 201902111413
1549916057 50.7508298284 201902111414
1549916117 50.4245642559 201902111415
1549916177 50.5867957560 201902111416
1549916237 51.0500568176 201902111417
1549916254 50.3452510780 201902111417
1549916314 50.4732337059 201902111418
1549916374 50.4137488225 201902111419
1549916434 50.3218176391 201902111420
1549916494 50.2857661947 201902111421
1549916554 50.2839636224 201902111422
1549916614 50.5615597449 201902111423
1549916674 50.2857661947 201902111424
1549916734 50.2136633057 201902111425
1549916794 50.3308305002 201902111426
1549916854 50.8607867341 201902111427
1549916869 50.4498002670 201902111427
1549916929 50.0189855055 201902111428
1549916989 50.7850787007 201902111429
1549917049 50.5507443116 201902111430
1549917109 50.6679115061 201902111431
1549917169 50.0604446667 201902111432
1549917229 49.9036208832 201902111433
1549917289 50.3380407891 201902111434
1549917349 49.9252517499 201902111435
1549917409 50.4137488225 201902111436
1549917469 49.9108311721 201902111437
1549917484 50.0189855055 201902111438
1549917544 50.4227616837 201902111439
1549917604 50.6174394838 201902111440
1549917664 50.1073115445 201902111441
1549917724 50.3831050947 201902111442
1549917784 50.2821610502 201902111443
1549917844 50.7364092506 201902111444
1549917904 50.5291134449 201902111445
1549917964 50.3975256725 201902111446
1549918024 50.6120317672 201902111447
1549918084 50.2911739113 201902111448
1549918099 50.4966671448 201902111448
1549918159 50.4534054115 201902111449
1549918219 50.7868812729 201902111450
1549918279 50.3939205281 201902111451
1549918339 50.5453365949 201902111452
1549918399 50.7886838451 201902111453
1549918459 50.5867957560 201902111454
1549918519 50.7652504062 201902111455
1549918579 50.1902298668 201902111456
1549918639 50.6084266227 201902111457
1549918699 50.0370112278 201902111458
1549918715 50.5561520282 201902111458
1549918775 50.7093706672 201902111459
1549918835 51.0338336675 201902111500
1549918895 50.6282549172 201902111501
1549918955 50.5255083004 201902111502
1549919015 50.4804439948 201902111503
1549919075 50.4443925503 201902111504
1549919135 50.4660234170 201902111505
1549919195 50.2028478724 201902111506
1549919255 50.3055944891 201902111507
1549919315 50.3542639392 201902111508
1549919333 50.6715166505 201902111508
1549919393 50.5687700338 201902111509
1549919453 50.4516028392 201902111510
1549919513 50.5867957560 201902111511
1549919573 50.2893713391 201902111512
1549919633 50.3668819447 201902111513
1549919693 50.3794999503 201902111514
1549919753 50.6264523450 201902111515
1549919813 50.2749507613 201902111516
1549919873 50.0045649277 201902111517
1549919933 50.4299719726 201902111518
1549919947 50.9617307786 201902111519
1549920007 50.7201861006 201902111520
1549920067 50.3560665114 201902111521
1549920127 50.9382973397 201902111522
1549920187 50.6426754950 201902111523
1549920247 0.0066191558 201902111524
1549920307 50.4443925503 201902111525
1549920367 50.6805295117 201902111526
1549920427 50.2857661947 201902111527
1549920487 -0.0023937054 201902111528
1549920547 50.6228472005 201902111529
1549920560 50.3182124947 201902111529
1549920620 50.2587276113 201902111530
1549920680 50.6534909283 201902111531
1549920740 50.4606157004 201902111532
1549920800 50.6282549172 201902111533
1549920860 50.8085121396 201902111534
1549920920 50.8517738729 201902111535
1549920980 51.2519449066 201902111536
1549921040 51.2158934621 201902111537
1549921100 50.6967526617 201902111538
1549921160 51.7440471237 201902111539
1549921176 51.3366658011 201902111539
1549921236 51.7512574126 201902111540
1549921296 51.3186400789 201902111541
1549921356 51.3997558290 201902111542
1549921416 50.9743487842 201902111543
1549921476 51.2988117844 201902111544
1549921536 51.6827596681 201902111545
1549921596 51.7314291182 201902111546
1549921656 51.2050780288 201902111547
1549921716 51.3673095289 201902111548
1549921776 50.7021603784 201902111549
1549921790 51.4844767235 201902111549
1549921850 51.2861937789 201902111550
1549921910 51.4520304235 201902111551
1549921970 50.9491127730 201902111552
1549922030 51.4790690068 201902111553
1549922090 51.5277384569 201902111554
1549922150 51.4448201346 201902111555
1549922210 51.4466227068 201902111556
1549922270 51.1744343010 201902111557
1549922330 51.3078246456 201902111558
1549922390 51.6935751015 201902111559
1549922407 50.9797565008 201902111600
1549922467 51.0698851120 201902111601
1549922527 51.7512574126 201902111602
1549922587 51.0356362398 201902111603
1549922647 51.5637899013 201902111604
1549922707 51.2140908899 201902111605
1549922767 51.3456786623 201902111606
1549922827 51.5331461735 201902111607
1549922887 51.4880818679 201902111608
1549922947 51.6737468070 201902111609
1549923007 51.3817301067 201902111610
1549923025 50.9617307786 201902111610
1549923085 50.8643918785 201902111611
1549923145 51.1924600232 201902111612
1549923205 51.1275674232 201902111613
1549923265 51.4916870124 201902111614
1549923325 51.2483397622 201902111615
1549923385 51.3673095289 201902111616
1549923445 51.3276529400 201902111617
1549923505 51.0536619620 201902111618
1549923565 51.0933185509 201902111619
1549923625 51.2285114677 201902111620
1549923640 -0.0005911331 201902111620
1549923700 51.5962362014 201902111621
1549923760 51.4520304235 201902111622
1549923820 51.6863648126 201902111623
1549923880 51.0716876842 201902111624
1549923940 51.5367513180 201902111625
1549924000 51.3673095289 201902111626
1549924060 51.1546060065 201902111627
1549924120 51.6268799292 201902111628
1549924180 51.4718587179 201902111629
1549924240 51.1167519898 201902111630
1549924256 51.4952921568 201902111630
1549924316 51.0861082620 201902111631
1549924376 51.7368368348 201902111632
1549924436 51.0230182342 201902111633
1549924496 51.4988973013 201902111634
1549924556 51.6268799292 201902111635
1549924616 51.4988973013 201902111636
1549924676 51.1834471621 201902111637
1549924736 51.5673950458 201902111638
1549924796 51.0734902565 201902111639
1549924856 51.4285969846 201902111640
1549924871 51.5061075902 201902111641
1549924931 51.3745198178 201902111642
1549924991 51.3168375067 201902111643
1549925051 52.0739178407 201902111644
1549925111 52.2649904964 201902111645
1549925171 51.8882529016 201902111646
1549925231 51.7999268627 201902111647
1549925291 51.1365802843 201902111648
1549925351 51.1491982899 201902111649
1549925411 51.2158934621 201902111650
1549925471 51.2970092122 201902111651
1549925488 51.2519449066 201902111651
1549925548 51.3817301067 201902111652
1549925608 51.2591551955 201902111653
1549925668 51.2843912066 201902111654
1549925728 51.2627603400 201902111655
1549925788 51.1744343010 201902111656
1549925848 50.8643918785 201902111657
1549925908 51.6142619236 201902111658
1549925968 50.9905719342 201902111659
1549926028 51.4069661179 201902111700
1549926088 51.1473957176 201902111701
1549926105 51.3745198178 201902111701
1549926165 51.1095417009 201902111702
1549926225 51.2897989233 201902111703
1549926285 51.0338336675 201902111704
1549926345 51.2699706289 201902111705
1549926405 51.0230182342 201902111706
1549926465 51.4466227068 201902111707
1549926525 51.0140053731 201902111708
1549926585 50.9743487842 201902111709
1549926645 51.0915159787 201902111710
1549926705 51.1131468454 201902111711
1549926720 51.5295410291 201902111712
1549926780 51.3907429679 201902111713
1549926840 51.2357217566 201902111714
1549926900 51.0230182342 201902111715
1549926960 51.4736612901 201902111716
1549927020 51.5944336291 201902111717
1549927080 51.2609577677 201902111718
1549927140 51.1654214399 201902111719
1549927200 51.0356362398 201902111720
1549927260 51.0410439564 201902111721
1549927320 -0.0005911331 201902111722
1549927336 51.2032754566 201902111722
1549927396 50.4768388504 201902111723
1549927456 51.1978677399 201902111724
1549927516 50.9599282064 201902111725
1549927576 51.2789834900 201902111726
1549927636 50.9022458952 201902111727
1549927696 50.7364092506 201902111728
1549927756 51.1149494176 201902111729
1549927816 51.4015584012 201902111730
1549927876 50.9509153452 201902111731
1549927936 51.2501423344 201902111732
1549927953 51.5025024457 201902111732
1549928013 51.1167519898 201902111733
1549928073 50.9148639008 201902111734
1549928133 51.0338336675 201902111735
1549928193 51.1978677399 201902111736
1549928253 51.1654214399 201902111737
1549928313 51.3006143567 201902111738
1549928373 51.3745198178 201902111739
1549928433 51.5133178791 201902111740
1549928493 51.0158079453 201902111741
1549928553 51.0067950842 201902111742
1549928568 51.3979532567 201902111742
1549928628 51.3889403956 201902111743
1549928688 51.0067950842 201902111744
1549928748 51.1510008621 201902111745
1549928808 51.0176105175 201902111746
1549928868 51.0807005454 201902111747
1549928928 50.5471391671 201902111748
1549928988 51.2988117844 201902111749
1549929048 51.2393269011 201902111750
1549929108 51.5025024457 201902111751
1549929168 51.3006143567 201902111752
1549929184 51.0752928287 201902111753
1549929244 50.9689410675 201902111754
1549929304 51.2086831732 201902111755
1549929364 51.3222452233 201902111756
1549929424 51.0392413842 201902111757
1549929484 51.3889403956 201902111758
1549929544 50.6192420561 201902111759
1549929604 51.2916014955 201902111800
1549929664 51.5133178791 201902111801
1549929724 51.2555500511 201902111802
1549929784 51.5367513180 201902111803
1549929798 50.7868812729 201902111803
1549929858 50.8373532951 201902111804
1549929918 51.1437905732 201902111805
1549929978 51.2285114677 201902111806
1549930038 51.5421590347 201902111807
1549930098 51.4970947291 201902111808
1549930158 51.3655069567 201902111809
1549930218 51.4322021290 201902111810
1549930278 51.2158934621 201902111811
1549930338 51.2663654844 201902111812
1549930398 50.9527179175 201902111813
1549930410 50.9166664730 201902111813
1549930470 51.3528889512 201902111814
1549930530 51.1293699954 201902111815
1549930590 50.9905719342 201902111816
1549930650 51.3060220733 201902111817
1549930710 51.4376098457 201902111818
1549930770 51.4249918401 201902111819
1549930830 51.3258503678 201902111820
1549930890 51.2934040678 201902111821
1549930950 50.9130613285 201902111822
1549931010 51.0951211231 201902111823
1549931025 50.9545204897 201902111823
1549931085 51.2573526233 201902111824
1549931145 51.0897134065 201902111825
1549931205 50.5795854671 201902111826
1549931265 51.1275674232 201902111827
1549931325 51.3600992400 201902111828
1549931385 51.0464516731 201902111829
1549931445 51.2357217566 201902111830
1549931505 51.2285114677 201902111831
1549931565 51.3691121012 201902111832
1549931625 51.4267944123 201902111833
1549931640 51.2970092122 201902111834
1549931700 51.3619018123 201902111835
1549931760 51.1347777121 201902111836
1549931820 51.1924600232 201902111837
1549931880 50.9707436397 201902111838
1549931940 51.3492838067 201902111839
1549932000 51.1564085788 201902111840
1549932060 51.1293699954 201902111841
1549932120 51.3835326790 201902111842
1549932180 50.9328896230 201902111843
1549932240 50.8896278896 201902111844
1549932255 50.9040484674 201902111844
1549932315 51.2717732011 201902111845
1549932375 51.0879108343 201902111846
1549932435 51.1924600232 201902111847
1549932495 51.0680825398 201902111848
1549932555 51.1455931454 201902111849
1549932615 51.2213011788 201902111850
1549932675 50.9743487842 201902111851
1549932735 50.5867957560 201902111852
1549932795 50.7724606951 201902111853
1549932855 51.2573526233 201902111854
1549932868 51.0212156620 201902111854
1549932928 51.1131468454 201902111855
1549932988 51.1834471621 201902111856
1549933048 50.8175250007 201902111857
1549933108 51.1473957176 201902111858
1549933168 51.1329751398 201902111859
1549933228 50.8571815896 201902111900
1549933288 51.3727172456 201902111901
1549933348 51.4087686901 201902111902
1549933408 51.2952066400 201902111903
1549933468 51.4213866957 201902111904
1549933482 50.9599282064 201902111904
1549933542 50.3849076670 201902111905
1549933602 50.9419024841 201902111906
1549933662 50.9905719342 201902111907
1549933722 51.3006143567 201902111908
1549933782 51.2717732011 201902111909
1549933842 51.3420735178 201902111910
1549933902 50.9022458952 201902111911
1549933962 51.0608722509 201902111912
1549934022 51.4736612901 201902111913
1549934082 50.9815590730 201902111914
1549934096 50.9545204897 201902111914
1549934156 51.0338336675 201902111915
1549934216 51.0716876842 201902111916
1549934276 51.3564940956 201902111917
1549934336 50.8409584396 201902111918
1549934396 51.3258503678 201902111919
1549934456 51.0825031176 201902111920
1549934516 50.7093706672 201902111921
1549934576 51.0825031176 201902111922
1549934636 51.2375243288 201902111923
1549934696 51.1239622787 201902111924
1549934713 50.8517738729 201902111925
1549934773 51.1798420177 201902111926
1549934833 51.0356362398 201902111927
1549934893 51.0013873675 201902111928
1549934953 51.4646484290 201902111929
1549935013 51.3438760900 201902111930
1549935073 50.7832761284 201902111931
1549935133 49.6458530552 201902111932
1549935193 49.2601025993 201902111933
1549935253 49.1357251159 201902111934
1549935313 49.4998447051 201902111935
1549935327 49.3952955161 201902111935
1549935387 49.2925488993 201902111936
1549935447 49.5340935773 201902111937
1549935507 49.5250807162 201902111938
1549935567 48.8545238489 201902111939
1549935627 49.5160678551 201902111940
1549935687 49.0095450602 201902111941
1549935747 49.3628492161 201902111942
1549935807 48.7770132433 201902111943
1549935867 49.4169263828 201902111944
1549935927 49.4962395606 201902111945
1549935941 48.9861116213 201902111945
1549936001 49.3394157771 201902111946
1549936061 49.1735791326 201902111947
1549936121 49.2294588715 201902111948
1549936181 49.3394157771 201902111949
1549936241 49.5124627106 201902111950
1549936301 49.2943514716 201902111951
1549936361 49.4223340994 201902111952
1549936421 49.0311759269 201902111953
1549936481 49.4710035495 201902111954
1549936541 49.6061964663 201902111955
1549936554 49.5503167273 201902111955
1549936614 49.3033643327 201902111956
1549936674 49.5034498495 201902111957
1549936734 49.3412183494 201902111958
1549936794 49.7017327941 201902111959
1549936854 49.3862826550 201902112000
1549936914 49.3484286383 201902112001
1549936974 49.2348665882 201902112002
1549937034 49.4583855439 201902112003
1549937094 49.0365836435 201902112004
1549937154 49.3484286383 201902112005
1549937168 49.1122916769 201902112006
1549937228 49.3610466438 201902112007
1549937288 49.3195874827 201902112008
1549937348 49.2961540438 201902112009
1549937408 49.2366691604 201902112010
1549937468 49.1717765603 201902112011
1549937528 49.2384717326 201902112012
1549937588 49.1501456936 201902112013
1549937648 49.0672273714 201902112014
1549937708 49.5593295885 201902112015
1549937768 49.6098016107 201902112016
1549937783 49.2114331493 201902112016
1549937843 49.2042228604 201902112017
1549937903 49.1375276881 201902112018
1549937963 49.0654247991 201902112019
1549938023 49.4836215551 201902112020
1549938083 49.1627636992 201902112021
1549938143 49.2925488993 201902112022
1549938203 49.0708325158 201902112023
1549938263 49.2546948826 201902112024
1549938323 49.5575270162 201902112025
1549938383 49.2925488993 201902112026
1549938399 49.5268832884 201902112026
1549938459 49.4007032328 201902112027
1549938519 49.0978710992 201902112028
1549938579 49.6548659163 201902112029
1549938639 49.6314324774 201902112030
1549938699 49.5503167273 201902112031
1549938759 49.1158968214 201902112032
1549938819 49.2979566160 201902112033
1549938879 48.9969270546 201902112034
1549938939 48.9464550324 201902112035
1549938999 49.5052524217 201902112036
1549939013 49.3304029160 201902112036
1549939073 49.0618196547 201902112037
1549939133 49.1753817048 201902112038
1549939193 49.1934074270 201902112039
1549939253 49.2889437549 201902112040
1549939313 48.9482576046 201902112041
1549939373 49.2871411827 201902112042
1549939433 49.2384717326 201902112043
1549939493 49.5268832884 201902112044
1549939553 49.3952955161 201902112045
1549939613 49.1735791326 201902112046
1549939627 49.3141797660 201902112047
1549939687 49.3141797660 201902112048
1549939747 49.3466260660 201902112049
1549939807 49.0492016491 201902112050
1549939867 49.7576125331 201902112051
1549939927 48.9086010157 201902112052
1549939987 49.3844800827 201902112053
1549940047 49.2150382937 201902112054
1549940107 49.3790723661 201902112055
1549940167 49.4673984050 201902112056
1549940227 49.2114331493 201902112057
1549940242 49.2979566160 201902112057
1549940302 49.2655103160 201902112058
1549940362 49.2835360382 201902112059
1549940422 49.2006177159 201902112100
1549940482 49.5791578829 201902112101
1549940542 49.3249951994 201902112102
1549940602 49.2024202881 201902112103
1549940662 49.3376132049 201902112104
1549940722 48.5931508765 201902112105
1549940782 49.0365836435 201902112106
1549940842 49.0510042213 201902112107
1549940858 49.1627636992 201902112107
1549940918 49.1681714159 201902112108
1549940978 48.9302318823 201902112109
1549941038 49.1825919937 201902112110
1549941098 48.8995881545 201902112111
1549941158 49.1988151437 201902112112
1549941218 49.2042228604 201902112113
1549941278 48.8292878378 201902112114
1549941338 48.9536653213 201902112115
1549941398 49.6945225052 201902112116
1549941458 49.3592440716 201902112117
1549941473 49.3664543605 201902112117
1549941533 49.2474845937 201902112118
1549941593 48.8725495712 201902112119
1549941653 49.1213045381 201902112120
1549941713 49.4926344162 201902112121
1549941773 49.4944369884 201902112122
1549941833 49.4241366717 201902112123
1549941893 49.1789868492 201902112124
1549941953 49.2961540438 201902112125
1549942013 49.0582145102 201902112126
1549942073 49.4313469606 201902112127
1549942087 49.3916903716 201902112128
1549942147 49.0582145102 201902112129
1549942207 49.3718620772 201902112130
1549942267 49.0816479491 201902112131
1549942327 49.0744376602 201902112132
1549942387 49.4403598217 201902112133
1549942447 49.3304029160 201902112134
1549942507 49.4043083772 201902112135
1549942567 49.3466260660 201902112136
1549942627 48.9680858990 201902112137
1549942687 49.4710035495 201902112138
1549942701 49.6007887496 201902112138
1549942761 49.5971836052 201902112139
1549942821 49.4746086939 201902112140
1549942881 49.6007887496 201902112141
1549942941 48.9716910435 201902112142
1549943001 49.1645662714 201902112143
1549943061 49.3087720493 201902112144
1549943121 49.0347810713 201902112145
1549943181 49.2691154604 201902112146
1549943241 48.9861116213 201902112147
1549943301 49.0762402325 201902112148
1549943313 48.7914338211 201902112148
1549943373 48.6508331877 201902112149
1549943433 49.0600170825 201902112150
1549943493 49.4529778273 201902112151
1549943553 49.6801019275 201902112152
1549943613 49.2763257493 201902112153
1549943673 48.6544383321 201902112154
1549943733 49.2835360382 201902112155
1549943793 49.4079135217 201902112156
1549943853 49.6368401941 201902112157
1549943913 48.6562409043 201902112158
1549943929 49.2258537270 201902112158
1549943989 49.6602736330 201902112159
1549944049 49.4187289550 201902112200
1549944109 49.6782993552 201902112201
1549944169 49.3520337827 201902112202
1549944229 49.3087720493 201902112203
1549944289 49.0564119380 201902112204
1549944349 49.6188144718 201902112205
1549944409 49.1898022826 201902112206
1549944469 49.5701450218 201902112207
1549944529 49.6224196163 201902112208
1549944547 49.4962395606 201902112209
1549944607 49.2691154604 201902112210
1549944667 49.1789868492 201902112211
1549944727 49.3394157771 201902112212
1549944787 49.3159823382 201902112213
1549944847 49.1753817048 201902112214
1549944907 49.3322054883 201902112215
1549944967 49.3718620772 201902112216
1549945027 49.2546948826 201902112217
1549945087 49.5665398774 201902112218
1549945147 49.1789868492 201902112219
1549945164 49.0960685269 201902112219
1549945224 49.2619051715 201902112220
1549945284 49.4349521050 201902112221
1549945344 49.3087720493 201902112222
1549945404 48.9843090491 201902112223
1549945464 49.3286003438 201902112224
1549945524 49.0978710992 201902112225
1549945584 49.4692009773 201902112226
1549945644 49.1429354048 201902112227
1549945704 48.7986441100 201902112228
1549945764 49.0383862158 201902112229
1549945778 49.0401887880 201902112229
1549945838 48.8995881545 201902112230
1549945898 49.1375276881 201902112231
1549945958 49.3592440716 201902112232
1549946018 49.0582145102 201902112233
1549946078 49.0005321991 201902112234
1549946138 49.1699739881 201902112235
1549946198 48.7932363933 201902112236
1549946258 49.4169263828 201902112237
1549946318 49.3412183494 201902112238
1549946378 49.3808749383 201902112239
1549946392 49.0365836435 201902112239
1549946452 49.0852530936 201902112240
1549946512 48.9446524601 201902112241
1549946572 49.0059399157 201902112242
1549946632 48.9554678935 201902112243
1549946692 49.3718620772 201902112244
1549946752 48.7878286767 201902112245
1549946812 49.3430209216 201902112246
1549946872 49.3448234938 201902112247
1549946932 49.1195019658 201902112248
1549946992 48.9716910435 201902112249
1549947003 49.0437939324 201902112250
1549947063 49.2709180326 201902112251
1549947123 49.1213045381 201902112252
1549947183 49.3015617604 201902112253
1549947243 49.1140942492 201902112254
1549947303 49.0708325158 201902112255
1549947363 49.2294588715 201902112256
1549947423 49.6350376219 201902112257
1549947483 49.1140942492 201902112258
1549947543 48.8977855823 201902112259
1549947603 48.8959830101 201902112300
1549947615 49.4583855439 201902112300
1549947675 49.2564974549 201902112301
1549947735 48.7643952378 201902112302
1549947795 49.5881707440 201902112303
1549947855 48.9374421712 201902112304
1549947915 48.7643952378 201902112305
1549947975 48.9662833268 201902112306
1549948035 49.3322054883 201902112307
1549948095 49.3376132049 201902112308
1549948155 49.0005321991 201902112309
1549948215 49.5106601384 201902112310
1549948231 49.0365836435 201902112310
1549948291 49.2330640159 201902112311
1549948351 49.5052524217 201902112312
1549948411 49.5322910051 201902112313
1549948471 49.2546948826 201902112314
1549948531 49.0690299436 201902112315
1549948591 49.2456820215 201902112316
1549948651 49.2168408659 201902112317
1549948711 48.9158113046 201902112318
1549948771 49.2186434382 201902112319
1549948831 49.3898877994 201902112320
1549948846 49.2673128882 201902112320
1549948906 49.3592440716 201902112321
1549948966 49.2222485826 201902112322
1549949026 49.1068839603 201902112323
1549949086 48.9789013324 201902112324
1549949146 49.1573559825 201902112325
1549949206 49.3916903716 201902112326
1549949266 49.4133212383 201902112327
1549949326 48.9825064768 201902112328
1549949386 48.8166698322 201902112329
1549949446 48.9915193380 201902112330
1549949460 49.2907463271 201902112331
1549949520 48.8851675767 201902112332
1549949580 49.0582145102 201902112333
1549949640 49.2961540438 201902112334
1549949700 49.1952099992 201902112335
1549949760 49.0095450602 201902112336
1549949820 49.2835360382 201902112337
1549949880 49.4818189828 201902112338
1549949940 49.1176993936 201902112339
1549950000 49.2330640159 201902112340
1549950060 49.3159823382 201902112341
1549950075 49.2745231771 201902112341
1549950135 49.1825919937 201902112342
1549950195 49.4367546772 201902112343
1549950255 49.1411328325 201902112344
1549950315 48.9194164490 201902112345
1549950375 49.2564974549 201902112346
1549950435 49.4962395606 201902112347
1549950495 49.3231926271 201902112348
1549950555 49.0852530936 201902112349
1549950615 48.8401032712 201902112350
1549950675 49.2240511548 201902112351
