1550642502 -1.0000000000 2019022000017
1550642558 46.2516095578 201902200002
1550642618 45.9884340131 201902200003
1550642678 45.9776185797 201902200004
1550642738 46.1037986354 201902200005
1550642798 45.6928121684 201902200006
1550642858 46.0839703409 201902200007
1550642918 45.8027690740 201902200008
1550642978 45.9992494464 201902200009
1550643038 45.8550436685 201902200010
1550643098 46.0623394743 201902200011
1550643108 45.7775330629 201902200011
1550643168 45.9776185797 201902200012
1550643228 45.8298076574 201902200013
1550643288 45.7054301739 201902200014
1550643348 45.5756449738 201902200015
1550643408 45.9199362686 201902200016
1550643468 45.5756449738 201902200017
1550643528 46.0407086076 201902200018
1550643588 45.9469748519 201902200019
1550643648 46.0677471909 201902200020
1550643708 45.5936706961 201902200021
1550643723 45.9037131186 201902200022
1550643783 45.6333272850 201902200023
1550643843 46.6031111414 201902200024
1550643903 46.4228539190 201902200025
1550643963 45.8442282352 201902200026
1550644023 46.4228539190 201902200027
1550644083 45.6333272850 201902200028
1550644143 46.0767600520 201902200029
1550644203 46.3309227356 201902200030
1550644263 46.0803651965 201902200031
1550644323 46.0749574798 201902200032
1550644339 46.1218243576 201902200032
1550644399 46.0875754854 201902200033
1550644459 45.7793356351 201902200034
1550644519 46.2101503966 201902200035
1550644579 45.8496359518 201902200036
1550644639 46.1885195299 201902200037
1550644699 46.2191632577 201902200038
1550644759 46.1596783743 201902200039
1550644819 45.8334128018 201902200040
1550644879 46.2083478244 201902200041
1550644939 45.7108378906 201902200042
1550644955 46.1452577965 201902200042
1550645015 45.6153015627 201902200043
1550645075 46.0533266131 201902200044
1550645135 45.7198507517 201902200045
1550645195 46.0334983187 201902200046
1550645255 46.1506655132 201902200047
1550645315 46.3146995856 201902200048
1550645375 46.0821677687 201902200049
1550645435 45.6747864461 201902200050
1550645495 45.9037131186 201902200051
1550645555 45.7144430351 201902200052
1550645570 46.1740989521 201902200052
1550645630 45.7000224573 201902200053
1550645690 45.5990784127 201902200054
1550645750 45.6062887016 201902200055
1550645810 45.9776185797 201902200056
1550645870 45.4116109015 201902200057
1550645930 46.3327253078 201902200058
1550645990 46.2966738633 201902200059
1550646050 46.0875754854 201902200100
1550646110 46.0082623075 201902200101
1550646170 45.6982198850 201902200102
1550646182 45.9776185797 201902200103
1550646242 45.7252584684 201902200104
1550646302 45.8280050852 201902200105
1550646362 46.0803651965 201902200106
1550646422 45.9361594186 201902200107
1550646482 46.0875754854 201902200108
1550646542 45.7757304907 201902200109
1550646602 45.7595073407 201902200110
1550646662 45.7721253462 201902200111
1550646722 46.1686912355 201902200112
1550646782 45.6910095961 201902200113
1550646796 45.6044861294 201902200113
1550646856 46.4679182246 201902200114
1550646916 45.7054301739 201902200115
1550646976 46.1236269299 201902200116
1550647036 45.9974468742 201902200117
1550647096 46.2462018411 201902200118
1550647156 46.1326397910 201902200119
1550647216 45.7252584684 201902200120
1550647276 46.0929832021 201902200121
1550647336 45.8171896518 201902200122
1550647396 46.1632835188 201902200123
1550647413 46.1344423632 201902200123
1550647473 45.9433697075 201902200124
1550647533 46.0118674520 201902200125
1550647593 46.2281761188 201902200126
1550647653 46.1614809466 201902200127
1550647713 45.8262025129 201902200128
1550647773 45.7378764740 201902200129
1550647833 46.0911806298 201902200130
1550647893 45.8153870796 201902200131
1550647953 46.2750429967 201902200132
1550648013 46.1722963799 201902200133
1550648028 45.8947002574 201902200133
1550648088 45.9577902853 201902200134
1550648148 45.8983054019 201902200135
1550648208 45.9199362686 201902200136
1550648268 46.1001934910 201902200137
1550648328 45.7973613574 201902200138
1550648388 46.3020815800 201902200139
1550648448 46.1272320743 201902200140
1550648508 45.6513530072 201902200141
1550648568 45.8568462407 201902200142
1550648628 45.9650005742 201902200143
1550648645 46.2930687189 201902200144
1550648705 45.8532410963 201902200145
1550648765 46.4571027913 201902200146
1550648825 45.8532410963 201902200147
1550648885 46.2822532856 201902200148
1550648945 46.1272320743 201902200149
1550649005 46.1740989521 201902200150
1550649065 46.0749574798 201902200151
1550649125 46.1542706577 201902200152
1550649185 46.2948712911 201902200153
1550649245 45.9361594186 201902200154
1550649503 46.0244854576 201902200158
1550649563 46.3183047300 201902200159
1550649623 45.7522970518 201902200200
1550649683 45.7721253462 201902200201
1550649743 45.9397645630 201902200202
1550649803 46.1740989521 201902200203
1550649863 45.9650005742 201902200204
1550649871 46.3849999023 201902200204
1550649931 45.7306661851 201902200205
1550649991 46.0353008909 201902200206
1550650051 46.0389060353 201902200207
1550650111 46.2155581133 201902200208
1550650171 46.0136700242 201902200209
1550650231 45.5720398294 201902200210
1550650291 45.8009665018 201902200211
1550650351 46.0749574798 201902200212
1550650411 46.1308372188 201902200213
1550650471 45.8730693908 201902200214
1550650487 45.6243144239 201902200214
1550650547 46.0244854576 201902200215
1550650607 45.8388205185 201902200216
1550650667 46.0479188965 201902200217
1550650727 45.8316102296 201902200218
1550650787 45.9740134353 201902200219
1550650847 45.9776185797 201902200220
1550650907 46.3525536023 201902200221
1550650967 45.9415671353 201902200222
1550651027 46.1704938077 201902200223
1550651087 46.3435407412 201902200224
1550651101 46.2858584300 201902200225
1550651161 46.1560732299 201902200226
1550651221 46.1236269299 201902200227
1550651281 45.9505799964 201902200228
1550651341 46.5183902469 201902200229
1550651401 46.0497214687 201902200230
1550651461 45.9866314409 201902200231
1550651521 46.0154725964 201902200232
1550651581 45.8207947963 201902200233
1550651641 46.2209658299 201902200234
1550651701 45.7216533240 201902200235
1550651716 46.2624249911 201902200235
1550651776 46.1578758021 201902200236
1550651836 45.9541851408 201902200237
1550651896 46.0947857743 201902200238
1550651956 46.0965883465 201902200239
1550652016 46.1272320743 201902200240
1550652076 45.8334128018 201902200241
1550652136 45.9650005742 201902200242
1550652196 46.1164166410 201902200243
1550652256 45.7649150573 201902200244
1550652316 45.8676616741 201902200245
1550652334 45.7000224573 201902200245
1550652394 45.6765890184 201902200246
1550652454 46.1704938077 201902200247
1550652514 46.0353008909 201902200248
1550652574 45.9577902853 201902200249
1550652634 46.2245709744 201902200250
1550652694 46.2101503966 201902200251
1550652754 45.8027690740 201902200252
1550652814 46.2930687189 201902200253
1550652874 46.1939272466 201902200254
1550652934 46.4156436301 201902200255
1550652949 46.2119529688 201902200255
1550653009 46.2840558578 201902200256
1550653069 45.5413961016 201902200257
1550653129 45.7667176295 201902200258
1550653189 46.0587343298 201902200259
1550653249 46.3327253078 201902200300
1550653309 46.2570172744 201902200301
1550653369 46.4120384857 201902200302
1550653429 46.1146140687 201902200303
1550653489 46.4264590635 201902200304
1550653549 46.0407086076 201902200305
1550653566 46.3741844690 201902200306
1550653626 46.1236269299 201902200307
1550653686 46.4715233691 201902200308
1550653746 46.2245709744 201902200309
1550653806 45.8027690740 201902200310
1550653866 46.2227684022 201902200311
1550653926 45.6765890184 201902200312
1550653986 46.2894635745 201902200313
1550654046 45.8514385241 201902200314
1550654106 45.1916970901 201902200315
1550654166 45.2998514236 201902200316
1550654184 44.9357318344 201902200316
1550654244 45.5395935293 201902200317
1550654304 45.8171896518 201902200318
1550654364 45.8298076574 201902200319
1550654424 45.2259459624 201902200320
1550654484 46.0262880298 201902200321
1550654544 46.0839703409 201902200322
1550654604 46.2606224189 201902200323
1550654664 45.6441427183 201902200324
1550654724 45.6297221405 201902200325
1550654784 45.6171041350 201902200326
1550654799 46.0010520186 201902200326
1550654859 45.8514385241 201902200327
1550654919 45.6333272850 201902200328
1550654979 45.9848288686 201902200329
1550655039 45.6513530072 201902200330
1550655099 45.9163311241 201902200331
1550655159 45.3701517403 201902200332
1550655219 45.5738424016 201902200333
1550655279 45.4909240793 201902200334
1550655339 45.6495504350 201902200335
1550655399 45.8063742185 201902200336
1550655417 45.7144430351 201902200336
1550655477 45.5035420849 201902200337
1550655537 45.3485208736 201902200338
1550655597 45.7162456073 201902200339
1550655657 45.9181336963 201902200340
1550655717 45.6044861294 201902200341
1550655777 45.3881774625 201902200342
1550655837 45.5522115349 201902200343
1550655897 45.9704082908 201902200344
1550655957 45.9505799964 201902200345
1550656017 45.3052591402 201902200346
1550656211 45.4224263348 201902200350
1550656271 45.7631124851 201902200351
1550656331 45.6639710128 201902200352
1550656391 45.6243144239 201902200353
1550656451 45.8550436685 201902200354
1550656511 45.7486919073 201902200355
1550656571 45.9722108631 201902200356
1550656631 45.8478333796 201902200357
1550656643 45.6495504350 201902200357
1550656703 45.9848288686 201902200358
1550656763 45.6783915906 201902200359
1550656823 45.7378764740 201902200400
1550656883 45.5377909571 201902200401
1550656943 45.7757304907 201902200402
1550657003 45.6261169961 201902200403
1550657063 45.8730693908 201902200404
1550657123 46.0226828853 201902200405
1550657183 45.3250874347 201902200406
1550657243 45.8388205185 201902200407
1550657261 45.2674051235 201902200407
1550657321 45.5269755238 201902200408
1550657381 45.8135845074 201902200409
1550657441 45.8838848241 201902200410
1550657501 45.5017395126 201902200411
1550657561 45.6297221405 201902200412
1550657621 46.0280906020 201902200413
1550657681 45.8550436685 201902200414
1550657741 45.8442282352 201902200415
1550657801 46.0461163242 201902200416
1550657861 45.6621684406 201902200417
1550657877 45.3863748903 201902200417
1550657937 45.6261169961 201902200418
1550657997 45.3701517403 201902200419
1550658057 45.7901510685 201902200420
1550658117 45.3557311625 201902200421
1550658177 45.7595073407 201902200422
1550658237 45.4062031848 201902200423
1550658297 45.7270610406 201902200424
1550658357 45.6225118516 201902200425
1550658417 45.4404520570 201902200426
1550658477 45.6062887016 201902200427
1550658494 45.7234558962 201902200428
1550658554 45.3665465959 201902200429
1550658614 45.5936706961 201902200430
1550658674 45.3737568848 201902200431
1550658734 46.0353008909 201902200432
1550658794 45.2403665402 201902200433
1550658854 45.3395080125 201902200434
1550658914 45.7036276017 201902200435
1550658974 45.1322122068 201902200436
1550659034 45.3611388792 201902200437
1550659094 45.2421691124 201902200438
1550659112 44.7266334564 201902200438
1550659172 45.5936706961 201902200439
1550659232 45.7955587851 201902200440
1550659292 45.8712668185 201902200441
1550659352 45.6567607239 201902200442
1550659412 45.7937562129 201902200443
1550659472 45.6964173128 201902200444
1550659532 45.9920391575 201902200445
1550659592 45.4783060737 201902200446
1550659652 45.9704082908 201902200447
1550659712 45.6531555794 201902200448
1550659727 45.7739279184 201902200448
1550659787 45.8910951130 201902200449
1550659847 45.8514385241 201902200450
1550659907 45.6513530072 201902200451
1550659967 45.5990784127 201902200452
1550660027 45.8694642463 201902200453
1550660087 46.0461163242 201902200454
1550660147 46.0497214687 201902200455
1550660207 45.8298076574 201902200456
1550660267 46.1759015244 201902200457
1550660327 45.3539285903 201902200458
1550660345 45.8712668185 201902200459
1550660405 45.9145285519 201902200500
1550660465 45.7504944795 201902200501
1550660525 45.8568462407 201902200502
1550660585 46.0010520186 201902200503
1550660645 45.5918681238 201902200504
1550660705 45.3665465959 201902200505
1550660765 45.5594218238 201902200506
1550660825 45.7342713295 201902200507
1550660885 45.1051736234 201902200508
1550660945 45.4404520570 201902200509
1550660961 45.5035420849 201902200509
1550661021 45.3359028681 201902200510
1550661081 45.8622539574 201902200511
1550661141 45.2421691124 201902200512
1550661201 45.3989928959 201902200513
1550661261 45.2349588235 201902200514
1550661321 45.7829407796 201902200515
1550661381 46.0100648798 201902200516
1550661441 45.2746154124 201902200517
1550661501 45.4062031848 201902200518
1550661561 45.9469748519 201902200519
1550661577 46.0262880298 201902200519
1550661637 45.5395935293 201902200520
1550661697 45.3034565680 201902200521
1550661757 45.7432841906 201902200522
1550661817 45.5053446571 201902200523
1550661877 45.7072327462 201902200524
1550661937 45.4638854959 201902200525
1550661997 45.9127259797 201902200526
1550662057 45.7180481795 201902200527
1550662117 45.9704082908 201902200528
1550662177 45.6531555794 201902200529
1550662196 45.5053446571 201902200529
1550662256 45.8316102296 201902200530
1550662316 45.5413961016 201902200531
1550662376 45.7901510685 201902200532
1550662436 45.9181336963 201902200533
1550662496 45.3160745736 201902200534
1550662556 45.7901510685 201902200535
1550662616 45.7577047684 201902200536
1550662676 45.6567607239 201902200537
1550662736 45.7360739017 201902200538
1550662796 45.8135845074 201902200539
1550662810 45.8298076574 201902200540
1550662870 45.7234558962 201902200541
1550662930 45.7234558962 201902200542
1550662990 45.4440572015 201902200543
1550663050 45.7829407796 201902200544
1550663110 46.0839703409 201902200545
1550663170 45.3341002958 201902200546
1550663230 45.9253439852 201902200547
1550663290 45.9163311241 201902200548
1550663350 45.7685202018 201902200549
1550663410 45.2367613957 201902200550
1550663425 45.8027690740 201902200550
1550663485 45.9415671353 201902200551
1550663545 45.3683491681 201902200552
1550663605 45.6531555794 201902200553
1550663665 45.6837993073 201902200554
1550663725 45.6459452906 201902200555
1550663785 45.7468893351 201902200556
1550663845 45.4999369404 201902200557
1550663905 45.6549581517 201902200558
1550663965 45.7180481795 201902200559
1550664025 -0.0041962776 201902200600
1550664030 -0.0005911331 201902200600
1550664031 0.0030140113 201902200600
1550698597 0.0012114391 201902201536
1550698657 0.0012114391 201902201537
1550698717 0.0012114391 201902201538
1550698777 0.0012114391 201902201539
1550698837 0.0012114391 201902201540
1550698897 0.0012114391 201902201541
1550698957 0.0012114391 201902201542
1550699017 0.0012114391 201902201543
1550699077 0.0012114391 201902201544
1550699137 0.0012114391 201902201545
1550699197 0.0012114391 201902201546
1550699257 0.0012114391 201902201547
1550699317 0.0012114391 201902201548
1550699377 0.0012114391 201902201549
1550699437 0.0012114391 201902201550
1550699497 0.0012114391 201902201551
1550699557 0.0012114391 201902201552
1550699617 0.0012114391 201902201553
1550699677 0.0012114391 201902201554
1550699737 0.0012114391 201902201555
1550699797 0.0012114391 201902201556
1550699857 0.0012114391 201902201557
1550699917 0.0012114391 201902201558
1550699977 0.0012114391 201902201559
1550700037 0.0012114391 201902201600
1550700097 0.0012114391 201902201601
1550700157 0.0012114391 201902201602
1550700217 0.0012114391 201902201603
1550700277 0.0012114391 201902201604
1550700337 0.0012114391 201902201605
1550700397 0.0012114391 201902201606
1550700457 0.0012114391 201902201607
1550700517 0.0012114391 201902201608
1550700577 0.0012114391 201902201609
1550700637 0.0012114391 201902201610
1550700697 0.0012114391 201902201611
1550700757 0.0012114391 201902201612
1550700817 0.0012114391 201902201613
1550700877 0.0012114391 201902201614
1550700937 0.0012114391 201902201615
1550700997 0.0012114391 201902201616
1550701057 0.0012114391 201902201617
1550701117 0.0012114391 201902201618
1550701177 0.0012114391 201902201619
1550701237 0.0012114391 201902201620
1550701297 0.0012114391 201902201621
1550701357 0.0012114391 201902201622
1550701417 0.0012114391 201902201623
1550701477 0.0012114391 201902201624
1550701537 0.0012114391 201902201625
1550701597 0.0012114391 201902201626
1550701657 0.0012114391 201902201627
1550701717 0.0012114391 201902201628
1550701777 0.0012114391 201902201629
1550701837 0.0012114391 201902201630
1550701897 0.0012114391 201902201631
1550701957 0.0012114391 201902201632
1550702017 0.0012114391 201902201633
1550702077 0.0012114391 201902201634
1550702137 0.0012114391 201902201635
1550702197 -0.0005911331 201902201636
1550702257 0.0084217280 201902201637
1550702282 -0.0023937054 201902201638
1550702342 0.0066191558 201902201639
1550702402 -0.0114065665 201902201640
1550702462 -0.0005911331 201902201641
1550702522 27.9536989138 201902201642
1550702582 43.5369357887 201902201643
1550702642 43.1331596106 201902201644
1550702702 49.6819044997 201902201645
1550702762 49.6927199330 201902201646
1550702822 51.4033609734 201902201647
1550702882 52.0216432462 201902201648
1550702942 51.7188111126 201902201649
1550702958 51.4538329957 201902201649
1550703018 51.3006143567 201902201650
1550703078 51.5421590347 201902201651
1550703138 51.5385538902 201902201652
1550703198 51.4430175623 201902201653
1550703258 51.5764079069 201902201654
1550703318 51.6503133681 201902201655
1550703378 51.8702271794 201902201656
1550703438 51.4898844402 201902201657
1550703498 51.7043905348 201902201658
1550703558 51.6557210848 201902201659
1550703574 51.0752928287 201902201659
1550703634 51.4862792957 201902201700
1550703694 49.3844800827 201902201701
1550703754 49.6206170441 201902201702
1550703814 49.5575270162 201902201703
1550703874 49.5647373051 201902201704
1550703934 49.2240511548 201902201705
1550703994 49.2943514716 201902201706
1550704054 49.1501456936 201902201707
1550704114 49.4998447051 201902201708
1550704174 49.0726350880 201902201709
1550704188 49.2276562993 201902201709
1550704248 49.2114331493 201902201710
1550704308 49.1609611270 201902201711
1550704368 49.2186434382 201902201712
1550704428 49.2294588715 201902201713
1550704488 49.3754672216 201902201714
1550704548 49.0455965047 201902201715
1550704608 49.2583000271 201902201716
1550704668 48.8635367101 201902201717
1550704728 49.6909173608 201902201718
1550704788 49.2474845937 201902201719
1550704805 49.4007032328 201902201720
1550704865 49.6999302219 201902201721
1550704925 49.1483431214 201902201722
1550704985 49.2474845937 201902201723
1550705045 49.0131502046 201902201724
1550705105 49.2366691604 201902201725
1550705165 49.4962395606 201902201726
1550705225 49.5647373051 201902201727
1550705285 49.9793289166 201902201728
1550705345 49.6350376219 201902201729
1550705405 49.4169263828 201902201730
1550705422 49.3934929439 201902201730
1550705482 48.9500601768 201902201731
1550705542 51.4520304235 201902201732
1550705602 49.7449945275 201902201733
1550705662 49.6927199330 201902201734
1550705722 51.2014728844 201902201735
1550705782 51.6268799292 201902201736
1550705842 51.5061075902 201902201737
1550705902 51.1834471621 201902201738
1550705962 51.4105712623 201902201739
1550706022 51.7422445515 201902201740
1550706036 51.6196696403 201902201740
1550706096 -0.0059988498 201902201741
1550706156 -0.0059988498 201902201742
1550706216 51.6737468070 201902201743
1550706276 51.4538329957 201902201744
1550706336 51.1059365565 201902201745
1550706396 51.7296265459 201902201746
1550706456 51.7422445515 201902201747
1550706516 52.0090252406 201902201748
1550706576 51.7061931070 201902201749
1550706636 51.8576091738 201902201750
1550706650 51.5439616069 201902201750
1550706710 51.9062786239 201902201751
1550706770 51.5457641791 201902201752
1550706830 51.6376953625 201902201753
1550706890 51.1257648510 201902201754
1550706950 51.3294555122 201902201755
1550707010 51.7584677015 201902201756
1550707070 51.4700561457 201902201757
1550707130 51.8900554738 201902201758
1550707190 51.8269654460 201902201759
1550707250 50.8013018507 201902201800
1550707266 51.5367513180 201902201801
1550707326 51.1257648510 201902201802
1550707386 51.5006998735 201902201803
1550707446 51.6214722125 201902201804
1550707506 51.1510008621 201902201805
1550707566 51.6449056514 201902201806
1550707626 50.7291989617 201902201807
1550707686 51.8161500127 201902201808
1550707746 51.3582966678 201902201809
1550707806 51.6791545237 201902201810
1550707866 50.8319455785 201902201811
1550707880 51.3961506845 201902201811
1550707940 51.4916870124 201902201812
1550708000 51.4916870124 201902201813
1550708060 51.6016439180 201902201814
1550708120 51.5944336291 201902201815
1550708180 50.6570960728 201902201816
1550708240 51.3979532567 201902201817
1550708300 51.4826741513 201902201818
1550708360 51.9315146350 201902201819
1550708420 51.9206992017 201902201820
1550708480 51.3600992400 201902201821
1550708496 51.4358072734 201902201821
1550708556 51.7422445515 201902201822
1550708616 51.6773519514 201902201823
1550708676 51.6719442348 201902201824
1550708736 52.0396689684 201902201825
1550708796 52.0306561073 201902201826
1550708856 52.1784670297 201902201827
1550708916 51.7800985682 201902201828
1550708976 51.5673950458 201902201829
1550709036 51.8161500127 201902201830
1550709096 51.5818156236 201902201831
1550709113 51.8449911683 201902201831
1550709173 51.4826741513 201902201832
1550709233 51.9549480739 201902201833
1550709293 51.2825886344 201902201834
1550709353 52.0234458184 201902201835
1550709413 51.6431030792 201902201836
1550709473 51.5223307402 201902201837
1550709533 51.7620728460 201902201838
1550709593 51.7224162570 201902201839
1550709653 51.3655069567 201902201840
1550709713 51.7386394070 201902201841
1550709728 51.4700561457 201902201842
1550709788 -0.0005911331 201902201843
1550709848 51.7404419793 201902201844
1550709908 50.8391558674 201902201845
1550709968 51.7656779904 201902201846
1550710028 51.7927165738 201902201847
1550710088 51.3402709456 201902201848
1550710148 51.8576091738 201902201849
1550710208 51.6160644958 201902201850
1550710268 51.5728027625 201902201851
1550710328 51.5313436013 201902201852
1550710346 51.6503133681 201902201852
1550710406 51.2339191844 201902201853
1550710466 51.4340047012 201902201854
1550710526 51.7458496959 201902201855
1550710586 51.5529744680 201902201856
1550710646 51.6358927903 201902201857
1550710706 51.8161500127 201902201858
1550710766 51.7800985682 201902201859
1550710826 51.7116008237 201902201900
1550710886 51.5097127346 201902201901
1550710946 51.5079101624 201902201902
1550710961 51.9837892295 201902201902
1550711021 51.3384683734 201902201903
1550711081 51.7422445515 201902201904
1550711141 52.1370078685 201902201905
1550711201 51.3168375067 201902201906
1550711261 52.0703126962 201902201907
1550711321 51.5295410291 201902201908
1550711381 52.0685101240 201902201909
1550711441 51.5187255957 201902201910
1550711501 49.5413038662 201902201911
1550711561 51.6593262292 201902201912
1550711578 51.2194986066 201902201912
1550711638 51.7242188293 201902201913
1550711698 50.1271398390 201902201914
1550711758 51.2771809178 201902201915
1550711818 51.0608722509 201902201916
1550711878 51.4556355679 201902201917
1550711938 51.6917725292 201902201918
1550711998 51.4574381401 201902201919
1550712058 51.2717732011 201902201920
1550712118 50.7688555506 201902201921
1550712178 51.8558066016 201902201922
1550712197 51.4484252790 201902201923
1550712257 51.2988117844 201902201924
1550712317 51.9098837683 201902201925
1550712377 51.6827596681 201902201926
1550712437 48.2722930207 201902201927
1550712497 51.8828451850 201902201928
1550712557 51.6178670681 201902201929
1550712617 51.6214722125 201902201930
1550712677 51.3997558290 201902201931
1550712737 51.6737468070 201902201932
1550712797 51.9351197794 201902201933
1550712810 49.5196729995 201902201933
1550712870 51.4934895846 201902201934
1550712930 51.3691121012 201902201935
1550712990 51.8720297516 201902201936
1550713050 51.6989828181 201902201937
1550713110 0.0012114391 201902201938
1550713170 -0.0059988498 201902201939
1550713230 51.6286825014 201902201940
1550713290 51.5151204513 201902201941
1550713350 51.6647339459 201902201942
1550713410 51.6250773569 201902201943
1550713425 51.9928020906 201902201943
1550713485 51.8846477572 201902201944
1550713545 50.5417314504 201902201945
1550713605 51.5998413458 201902201946
1550713665 51.9513429295 201902201947
1550713725 51.5097127346 201902201948
1550713785 52.0739178407 201902201949
1550713845 51.8503988849 201902201950
1550713905 51.7584677015 201902201951
1550713965 50.8734047396 201902201952
1550714025 51.6196696403 201902201953
1550714043 51.7620728460 201902201954
1550714103 51.7927165738 201902201955
1550714163 51.3294555122 201902201956
1550714223 49.6638787774 201902201957
1550714283 51.6214722125 201902201958
1550714343 51.4700561457 201902201959
1550714403 51.3384683734 201902202000
1550714463 52.3497113909 201902202001
1550714523 51.8035320071 201902202002
1550714583 51.7458496959 201902202003
1550714643 51.6719442348 201902202004
1550714658 51.7945191460 201902202004
1550714718 51.0572671064 201902202005
1550714778 51.8522014571 201902202006
1550714838 51.9134889128 201902202007
1550714898 51.7602702737 201902202008
1550714958 51.7909140015 201902202009
1550715018 0.0084217280 201902202010
1550715078 -0.0041962776 201902202011
1550715138 51.9603557906 201902202012
1550715198 51.5079101624 201902202013
1550715258 51.9495403572 201902202014
1550715274 51.7782959960 201902202014
1550715334 51.7043905348 201902202015
1550715394 52.2109133297 201902202016
1550715454 51.9729737961 201902202017
1550715514 51.8107422960 201902202018
1550715574 51.3546915234 201902202019
1550715634 51.9098837683 201902202020
1550715694 51.5367513180 201902202021
1550715754 51.7584677015 201902202022
1550715814 52.0180381017 201902202023
1550715874 52.1730593130 201902202024
1550715890 52.0540895462 201902202024
1550715950 50.1433629890 201902202025
1550716010 51.5691976180 201902202026
1550716070 51.4880818679 201902202027
1550716130 51.4592407124 201902202028
1550716190 52.0649049796 201902202029
1550716250 50.7652504062 201902202030
1550716310 51.6214722125 201902202031
1550716370 51.5926310569 201902202032
1550716430 51.7602702737 201902202033
1550716490 51.6845622403 201902202034
1550716506 51.2375243288 201902202035
1550716566 51.8485963127 201902202036
1550716626 0.0030140113 201902202037
1550716686 0.0012114391 201902202038
1550716746 51.7530599848 201902202039
1550716806 51.8540040294 201902202040
1550716866 51.9225017739 201902202041
1550716926 52.0108278128 201902202042
1550716986 -0.0023937054 201902202043
1550717046 -0.0023937054 201902202044
1550717106 51.8341757349 201902202045
1550717122 51.6358927903 201902202045
1550717182 51.9747763684 201902202046
1550717242 51.7007853903 201902202047
1550717302 51.8215577293 201902202048
1550717362 51.6575236570 201902202049
1550717422 51.7819011404 201902202050
1550717482 51.7224162570 201902202051
1550717542 52.0018149517 201902202052
1550717602 51.5998413458 201902202053
1550717662 51.4322021290 201902202054
1550717722 51.7350342626 201902202055
1550717737 51.7314291182 201902202055
1550717797 51.6376953625 201902202056
1550717857 51.9495403572 201902202057
1550717917 51.6052490625 201902202058
1550717977 51.9206992017 201902202059
1550718037 51.8395834516 201902202100
1550718097 51.8828451850 201902202101
1550718157 51.7007853903 201902202102
1550718217 51.8756348961 201902202103
1550718277 -0.0005911331 201902202104
1550718337 0.0048165835 201902202105
1550718352 0.0030140113 201902202105
1550718412 51.9657635072 201902202106
1550718472 51.7332316904 201902202107
1550718532 52.0216432462 201902202108
1550718592 51.7927165738 201902202109
1550718652 51.3060220733 201902202110
1550718712 51.9855918017 201902202111
1550718772 51.7566651293 201902202112
1550718832 51.8972657627 201902202113
1550718892 51.4970947291 201902202114
1550718952 52.1406130130 201902202115
1550718969 51.8720297516 201902202116
1550719029 51.1203571343 201902202117
1550719089 51.9567506461 201902202118
1550719149 51.9891969462 201902202119
1550719209 51.7891114293 201902202120
1550719269 51.6124593514 201902202121
1550719329 52.1874798908 201902202122
1550719389 0.0012114391 201902202123
1550719449 52.1694541685 201902202124
1550719509 52.0847332740 201902202125
1550719569 51.4195841234 201902202126
1550719584 49.7467970997 201902202126
1550719644 51.4520304235 201902202127
1550719704 50.0748652445 201902202128
1550719764 51.6683390903 201902202129
1550719824 51.5475667513 201902202130
1550719884 50.1740067168 201902202131
1550719944 51.4159789790 201902202132
1550720004 51.9495403572 201902202133
1550720064 51.6737468070 201902202134
1550720124 52.3677371132 201902202135
1550720184 51.9585532184 201902202136
1550720200 51.6755493792 201902202136
1550720260 50.9761513564 201902202137
1550720320 51.7188111126 201902202138
1550720380 51.6809570959 201902202139
1550720440 51.7260214015 201902202140
1550720500 51.9693686517 201902202141
1550720560 51.9675660795 201902202142
1550720620 51.6485107959 201902202143
1550720680 51.5944336291 201902202144
1550720740 51.9369223517 201902202145
1550720800 51.7422445515 201902202146
1550720817 52.1730593130 201902202146
1550720877 51.7350342626 201902202147
1550720937 51.8341757349 201902202148
1550720997 51.6899699570 201902202149
1550721057 51.6232747847 201902202150
1550721117 52.1388104407 201902202151
1550721177 51.7061931070 201902202152
1550721237 50.5651648893 201902202153
1550721297 51.6575236570 201902202154
1550721357 51.3114297900 201902202155
1550721417 51.5944336291 201902202156
1550721431 50.6823320839 201902202157
1550721491 52.0414715406 201902202158
1550721551 51.5998413458 201902202159
1550721611 51.7350342626 201902202200
1550721671 52.3100548020 201902202201
1550721731 52.1604413074 201902202202
1550721791 51.6449056514 201902202203
1550721851 52.0883384185 201902202204
1550721911 51.2086831732 201902202205
1550721971 51.7584677015 201902202206
1550722031 51.8287680182 201902202207
1550722050 51.2735757733 201902202207
1550722110 0.0102243002 201902202208
1550722170 0.0030140113 201902202209
1550722230 51.6034464903 201902202210
1550722290 51.6665365181 201902202211
1550722350 51.7260214015 201902202212
1550722410 51.6196696403 201902202213
1550722470 51.3546915234 201902202214
1550722530 51.8540040294 201902202215
1550722590 51.7837037126 201902202216
1550722650 51.4412149901 201902202217
1550722663 51.1023314120 201902202217
1550722723 51.9783815128 201902202218
1550722783 51.8341757349 201902202219
1550722843 51.3294555122 201902202220
1550722903 51.4303995568 201902202221
1550722963 51.7043905348 201902202222
1550723023 51.9657635072 201902202223
1550723083 51.1924600232 201902202224
1550723143 51.3168375067 201902202225
1550723203 51.7260214015 201902202226
1550723263 50.7886838451 201902202227
1550723279 51.9459352128 201902202227
1550723339 0.0066191558 201902202228
1550723399 0.0048165835 201902202229
1550723459 52.2253339075 201902202230
1550723519 52.2703982131 201902202231
1550723579 51.7440471237 201902202232
1550723639 51.4952921568 201902202233
1550723699 51.9279094905 201902202234
1550723759 51.3348632289 201902202235
1550723819 51.8522014571 201902202236
1550723879 51.9225017739 201902202237
1550723896 51.7999268627 201902202238
1550723956 51.7512574126 201902202239
1550724016 51.4862792957 201902202240
1550724076 51.5079101624 201902202241
1550724136 51.7782959960 201902202242
1550724196 51.6719442348 201902202243
1550724256 51.6665365181 201902202244
1550724316 51.5331461735 201902202245
1550724376 51.6376953625 201902202246
1550724436 51.7134033959 201902202247
1550724496 51.4448201346 201902202248
1550724511 51.5601847569 201902202248
1550724571 51.7206136848 201902202249
1550724631 51.4682535735 201902202250
1550724691 51.7638754182 201902202251
1550724751 51.9675660795 201902202252
1550724811 51.4772664346 201902202253
1550724871 51.3582966678 201902202254
1550724931 51.9315146350 201902202255
1550724991 51.5962362014 201902202256
1550725051 49.9072260277 201902202257
1550725111 51.7584677015 201902202258
1550725129 51.7440471237 201902202258
1550725189 51.7043905348 201902202259
1550725249 51.8828451850 201902202300
1550725309 51.3799275345 201902202301
1550725369 51.7566651293 201902202302
1550725429 51.3691121012 201902202303
1550725489 51.7584677015 201902202304
1550725549 51.6935751015 201902202305
1550725609 51.7224162570 201902202306
1550725669 51.3258503678 201902202307
1550725729 51.4646484290 201902202308
1550725742 51.3853352512 201902202309
1550725802 51.7746908515 201902202310
1550725862 51.7512574126 201902202311
1550725922 51.0104002286 201902202312
1550725982 51.0140053731 201902202313
1550726042 -0.0041962776 201902202314
1550726102 -0.0023937054 201902202315
1550726162 51.6413005070 201902202316
1550726222 51.3871378234 201902202317
1550726282 51.3024169289 201902202318
1550726342 51.1185545621 201902202319
1550726360 51.3384683734 201902202319
1550726420 51.3619018123 201902202320
1550726480 51.9333172072 201902202321
1550726540 51.9477377850 201902202322
1550726600 51.5385538902 201902202323
1550726660 51.9477377850 201902202324
1550726720 51.8107422960 201902202325
1550726780 0.0084217280 201902202326
1550726840 51.6467082236 201902202327
1550726900 52.0612998351 201902202328
1550726960 51.7368368348 201902202329
1550726975 51.6953776737 201902202329
1550727035 51.4916870124 201902202330
1550727095 51.5457641791 201902202331
1550727155 51.9585532184 201902202332
1550727215 51.2916014955 201902202333
1550727275 52.0180381017 201902202334
1550727335 51.5097127346 201902202335
1550727395 51.9369223517 201902202336
1550727455 51.9279094905 201902202337
1550727515 51.8828451850 201902202338
1550727575 50.6679115061 201902202339
1550727589 51.3763223901 201902202339
1550727649 51.3276529400 201902202340
1550727709 51.1726317288 201902202341
1550727769 51.9765789406 201902202342
1550727829 51.4448201346 201902202343
1550727889 51.5980387736 201902202344
1550727949 51.2988117844 201902202345
1550728009 52.1946901797 201902202346
1550728069 -0.0023937054 201902202347
1550728129 -0.0059988498 201902202348
1550728189 0.0084217280 201902202349
