1550988257 -1.0000000000 2019022400047
1550988313 51.9585532184 201902240005
1550988373 0.0048165835 201902240006
1550988433 0.0012114391 201902240007
1550988493 50.9473102008 201902240008
1550988553 51.2699706289 201902240009
1550988613 51.1924600232 201902240010
1550988673 51.9639609350 201902240011
1550988733 50.9725462119 201902240012
1550988793 51.8089397238 201902240013
1550988853 51.3619018123 201902240014
1550988864 51.4195841234 201902240014
1550988924 51.9098837683 201902240015
1550988984 51.9423300683 201902240016
1550989044 51.3330606567 201902240017
1550989104 50.9599282064 201902240018
1550989164 51.3763223901 201902240019
1550989224 50.7364092506 201902240020
1550989284 51.6034464903 201902240021
1550989344 51.4249918401 201902240022
1550989404 51.5746053347 201902240023
1550989464 51.2771809178 201902240024
1550989477 51.4790690068 201902240024
1550989537 51.2465371899 201902240025
1550989597 51.4159789790 201902240026
1550989657 -0.0023937054 201902240027
1550989717 49.2601025993 201902240028
1550989777 51.4538329957 201902240029
1550989837 51.7188111126 201902240030
1550989897 51.5349487458 201902240031
1550989957 50.8193275729 201902240032
1550990017 51.0067950842 201902240033
1550990077 51.6178670681 201902240034
1550990089 51.9459352128 201902240034
1550990149 51.8612143183 201902240035
1550990209 51.5601847569 201902240036
1550990269 51.1582111510 201902240037
1550990329 0.0012114391 201902240038
1550990389 51.5349487458 201902240039
1550990449 51.4033609734 201902240040
1550990509 51.4285969846 201902240041
1550990569 50.9202716174 201902240042
1550990629 51.3600992400 201902240043
1550990689 51.7548625571 201902240044
1550990703 51.3474812345 201902240045
1550990763 51.3330606567 201902240046
1550990823 51.2934040678 201902240047
1550990883 51.8522014571 201902240048
1550990943 51.6791545237 201902240049
1550991003 52.0000123795 201902240050
1550991063 51.3258503678 201902240051
1550991123 51.9405274961 201902240052
1550991183 51.3745198178 201902240053
1550991243 -0.0023937054 201902240054
1550991303 0.0084217280 201902240055
1550991319 51.4520304235 201902240055
1550991379 51.5079101624 201902240056
1550991439 51.3384683734 201902240057
1550991499 51.3943481123 201902240058
1550991559 50.3110022058 201902240059
1550991619 51.5565796124 201902240100
1550991679 51.2717732011 201902240101
1550991739 51.6394979347 201902240102
1550991799 51.7025879626 201902240103
1550991859 51.4808715790 201902240104
1550991919 51.5691976180 201902240105
1550991935 51.7061931070 201902240105
1550991995 51.3024169289 201902240106
1550992055 51.4610432846 201902240107
1550992115 51.3907429679 201902240108
1550992175 51.3078246456 201902240109
1550992235 51.7566651293 201902240110
1550992295 51.4610432846 201902240111
1550992355 0.0012114391 201902240112
1550992415 0.0084217280 201902240113
1550992475 51.0482542453 201902240114
1550992535 50.6012163338 201902240115
1550992552 51.2627603400 201902240115
1550992612 51.3600992400 201902240116
1550992672 51.6178670681 201902240117
1550992732 51.0013873675 201902240118
1550992792 50.5507443116 201902240119
1550992852 51.1275674232 201902240120
1550992912 50.8589841618 201902240121
1550992972 51.2537474788 201902240122
1550993032 51.0951211231 201902240123
1550993092 51.4340047012 201902240124
1550993152 51.1618162954 201902240125
1550993167 51.3294555122 201902240126
1550993227 50.9707436397 201902240127
1550993287 50.8571815896 201902240128
1550993347 51.1113442732 201902240129
1550993407 51.0698851120 201902240130
1550993467 51.0320310953 201902240131
1550993527 51.4664510013 201902240132
1550993587 51.0176105175 201902240133
1550993647 51.4484252790 201902240134
1550993707 51.2393269011 201902240135
1550993767 51.0140053731 201902240136
1550993780 49.3538363549 201902240136
1550993840 51.2753783455 201902240137
1550993900 50.7003578061 201902240138
1550993960 51.3943481123 201902240139
1550994020 50.6264523450 201902240140
1550994080 50.9653359230 201902240141
1550994140 51.0410439564 201902240142
1550994200 51.0608722509 201902240143
1550994260 51.0843056898 201902240144
1550994320 50.7490272562 201902240145
1550994380 50.7796709840 201902240146
1550994397 51.1329751398 201902240146
1550994457 0.0102243002 201902240147
1550994517 -0.0023937054 201902240148
1550994577 51.1510008621 201902240149
1550994637 51.1491982899 201902240150
1550994697 50.4840491393 201902240151
1550994757 50.9851642175 201902240152
1550994817 51.0302285231 201902240153
1550994877 51.2681680566 201902240154
1550994937 51.2573526233 201902240155
1550994997 50.9473102008 201902240156
1550995012 51.3745198178 201902240156
1550995072 51.4448201346 201902240157
1550995132 0.0012114391 201902240158
1550995192 0.0048165835 201902240159
1550995252 51.0212156620 201902240200
1550995312 51.0951211231 201902240201
1550995372 51.3727172456 201902240202
1550995432 50.3524613669 201902240203
1550995492 50.9527179175 201902240204
1550995552 50.9400999119 201902240205
1550995612 50.5759803227 201902240206
1550995627 51.2140908899 201902240207
1550995687 50.5904009005 201902240208
1550995747 51.1582111510 201902240209
1550995807 50.6859372283 201902240210
1550995867 51.4646484290 201902240211
1550995927 51.6322876458 201902240212
1550995987 50.7634478340 201902240213
1550996047 50.9058510396 201902240214
1550996107 51.3348632289 201902240215
1550996167 51.0770954009 201902240216
1550996227 51.4772664346 201902240217
1550996242 51.2897989233 201902240217
1550996302 51.0626748231 201902240218
1550996362 51.0716876842 201902240219
1550996422 51.0554645342 201902240220
1550996482 50.8752073118 201902240221
1550996542 51.0825031176 201902240222
1550996602 51.4664510013 201902240223
1550996662 50.8121172840 201902240224
1550996722 51.2339191844 201902240225
1550996782 51.0013873675 201902240226
1550996842 51.3871378234 201902240227
1550996854 51.0320310953 201902240227
1550996914 50.8824176007 201902240228
1550996974 51.0392413842 201902240229
1550997034 51.2681680566 201902240230
1550997094 51.2231037510 201902240231
1550997154 50.9581256341 201902240232
1550997214 50.9094561841 201902240233
1550997274 51.2609577677 201902240234
1550997334 51.2194986066 201902240235
1550997394 -0.0041962776 201902240236
1550997454 51.0861082620 201902240237
1550997467 51.5872233402 201902240237
1550997527 51.3673095289 201902240238
1550997587 50.7994992784 201902240239
1550997647 50.9076536119 201902240240
1550997707 50.9256793341 201902240241
1550997767 51.8305705905 201902240242
1550997827 50.7778684118 201902240243
1550997887 50.5940060449 201902240244
1550997947 51.0879108343 201902240245
1550998007 51.5151204513 201902240246
1550998067 51.1672240121 201902240247
1550998082 51.0500568176 201902240248
1550998142 51.3438760900 201902240249
1550998202 50.6607012172 201902240250
1550998262 51.1600137232 201902240251
1550998322 51.0752928287 201902240252
1550998382 -0.0078014220 201902240253
1550998442 0.0120268724 201902240254
1550998502 51.7837037126 201902240255
1550998562 51.0158079453 201902240256
1550998622 51.1834471621 201902240257
1550998682 51.2032754566 201902240258
1550998698 51.3204426511 201902240258
1550998758 50.9058510396 201902240259
1550998818 51.4159789790 201902240300
1550998878 51.3600992400 201902240301
1550998938 51.0879108343 201902240302
1550998998 51.0500568176 201902240303
1550999058 51.1095417009 201902240304
1550999118 51.2681680566 201902240305
1550999178 -0.0005911331 201902240306
1550999238 51.3853352512 201902240307
1550999298 50.7075680950 201902240308
1550999312 51.0951211231 201902240308
1550999372 51.3907429679 201902240309
1550999432 51.2303140399 201902240310
1550999492 51.0644773953 201902240311
1550999552 51.2231037510 201902240312
1550999612 51.2952066400 201902240313
1550999672 50.9256793341 201902240314
1550999732 51.5619873291 201902240315
1550999792 50.9797565008 201902240316
1550999852 51.3132323622 201902240317
1550999912 51.4087686901 201902240318
1550999925 51.6304850736 201902240318
1550999985 50.9545204897 201902240319
1551000045 51.0843056898 201902240320
1551000105 51.1005288398 201902240321
1551000165 50.7111732395 201902240322
1551000225 51.0085976564 201902240323
1551000285 51.0067950842 201902240324
1551000345 51.0608722509 201902240325
1551000405 50.5525468838 201902240326
1551000465 51.1005288398 201902240327
1551000525 51.5619873291 201902240328
1551000537 51.4826741513 201902240328
1551000597 50.7021603784 201902240329
1551000657 50.7958941340 201902240330
1551000717 51.0284259509 201902240331
1551000777 50.7886838451 201902240332
1551000837 51.0194130897 201902240333
1551000897 51.1203571343 201902240334
1551000957 51.4285969846 201902240335
1551001017 50.8013018507 201902240336
1551001077 50.9004433230 201902240337
1551001137 51.2231037510 201902240338
1551001154 50.8103147118 201902240339
1551001214 50.9400999119 201902240340
1551001274 51.2879963511 201902240341
1551001334 50.9202716174 201902240342
1551001394 51.4736612901 201902240343
1551001454 51.3294555122 201902240344
1551001514 50.6534909283 201902240345
1551001574 51.2068806010 201902240346
1551001634 50.8301430062 201902240347
1551001694 51.0969236954 201902240348
1551001754 50.6697140783 201902240349
1551001768 50.9635333508 201902240349
1551001828 51.0861082620 201902240350
1551001888 51.3907429679 201902240351
1551001948 -0.0023937054 201902240352
1551002008 0.0030140113 201902240353
1551002068 0.0030140113 201902240354
1551002128 -0.0078014220 201902240355
1551002188 51.2753783455 201902240356
1551002248 51.0374388120 201902240357
1551002308 50.8085121396 201902240358
1551002368 50.8049069951 201902240359
1551002382 51.6322876458 201902240359
1551002442 51.0969236954 201902240400
1551002502 50.8265378618 201902240401
1551002562 50.9473102008 201902240402
1551002622 50.7760658395 201902240403
1551002682 51.5259358846 201902240404
1551002742 50.9671384953 201902240405
1551002802 51.0698851120 201902240406
1551002862 50.6516883561 201902240407
1551002922 51.6503133681 201902240408
1551002982 51.2681680566 201902240409
1551002996 50.9581256341 201902240409
1551003056 51.4646484290 201902240410
1551003116 51.1491982899 201902240411
1551003176 51.2194986066 201902240412
1551003236 51.3150349345 201902240413
1551003296 50.7634478340 201902240414
1551003356 51.1077391287 201902240415
1551003416 51.4682535735 201902240416
1551003476 51.4231892679 201902240417
1551003536 51.4412149901 201902240418
1551003596 50.8788124563 201902240419
1551003608 51.0320310953 201902240420
1551003668 50.7580401173 201902240421
1551003728 51.0879108343 201902240422
1551003788 51.3528889512 201902240423
1551003848 51.4880818679 201902240424
1551003908 50.9130613285 201902240425
1551003968 51.0320310953 201902240426
1551004028 51.2285114677 201902240427
1551004088 51.5818156236 201902240428
1551004148 51.2735757733 201902240429
1551004208 51.3168375067 201902240430
1551004225 50.9130613285 201902240430
1551004285 50.8553790174 201902240431
1551004345 0.0012114391 201902240432
1551004405 0.0048165835 201902240433
1551004465 51.2140908899 201902240434
1551004525 51.2429320455 201902240435
1551004585 51.4195841234 201902240436
1551004645 51.4267944123 201902240437
1551004705 51.6088542069 201902240438
1551004765 50.7706581229 201902240439
1551004825 50.4876542837 201902240440
1551004841 51.2158934621 201902240440
1551004901 51.6268799292 201902240441
1551004961 51.2231037510 201902240442
1551005021 51.4033609734 201902240443
1551005081 50.8211301451 201902240444
1551005141 51.0590696787 201902240445
1551005201 51.0987262676 201902240446
1551005261 50.2136633057 201902240447
1551005321 50.9256793341 201902240448
1551005381 51.2952066400 201902240449
1551005441 51.2501423344 201902240450
1551005454 51.5133178791 201902240450
1551005514 51.1185545621 201902240451
1551005574 51.4862792957 201902240452
1551005634 -0.0023937054 201902240453
1551005694 0.0102243002 201902240454
1551005754 50.5453365949 201902240455
1551005814 51.0464516731 201902240456
1551005874 50.5182980115 201902240457
1551005934 51.0861082620 201902240458
1551005994 50.4768388504 201902240459
1551006054 50.8517738729 201902240500
1551006070 50.9599282064 201902240501
1551006130 50.5164954393 201902240502
1551006190 50.5507443116 201902240503
1551006250 50.4065385336 201902240504
1551006310 50.4263668281 201902240505
1551006370 51.0302285231 201902240506
1551006430 50.7454221117 201902240507
1551006490 51.1293699954 201902240508
1551006550 50.6985552339 201902240509
1551006610 50.9581256341 201902240510
1551006670 51.0392413842 201902240511
1551006681 51.0716876842 201902240511
1551006741 50.4371822615 201902240512
1551006801 51.2483397622 201902240513
1551006861 50.7922889895 201902240514
1551006921 51.0608722509 201902240515
1551006981 51.1059365565 201902240516
1551007041 50.9869667897 201902240517
1551007101 50.5849931838 201902240518
1551007161 50.6498857839 201902240519
1551007221 51.0644773953 201902240520
1551007281 50.8950356063 201902240521
1551007295 51.0392413842 201902240521
1551007355 50.5219031560 201902240522
1551007415 50.4227616837 201902240523
1551007475 50.6967526617 201902240524
1551007535 50.4407874059 201902240525
1551007595 50.9292844786 201902240526
1551007655 50.4029333892 201902240527
1551007715 50.6480832116 201902240528
1551007775 51.1113442732 201902240529
1551007835 50.6679115061 201902240530
1551007895 50.8049069951 201902240531
1551007912 51.1419880010 201902240531
1551007972 50.8067095673 201902240532
1551008032 51.1077391287 201902240533
1551008092 50.7976967062 201902240534
1551008152 50.5994137616 201902240535
1551008212 50.1253372667 201902240536
1551008272 50.3254227836 201902240537
1551008332 51.2014728844 201902240538
1551008392 50.5471391671 201902240539
1551008452 51.1149494176 201902240540
1551008512 50.7003578061 201902240541
1551008527 50.1559809945 201902240542
1551008587 50.9094561841 201902240543
1551008647 50.8229327174 201902240544
1551008707 50.2623327557 201902240545
1551008767 50.8319455785 201902240546
1551008827 51.0825031176 201902240547
1551008887 50.9851642175 201902240548
1551008947 50.2803584780 201902240549
1551009007 50.6643063617 201902240550
1551009067 50.9761513564 201902240551
1551009127 50.5651648893 201902240552
1551009141 50.6679115061 201902240552
1551009201 50.9364947675 201902240553
1551009261 50.8409584396 201902240554
1551009321 50.5219031560 201902240555
1551009381 50.5164954393 201902240556
1551009441 50.9094561841 201902240557
1551009501 50.6534909283 201902240558
1551009561 50.0442215167 201902240559
1551009621 50.9887693619 201902240600
1551009681 50.6066240505 201902240601
1551009741 50.4245642559 201902240602
1551009756 50.6949500895 201902240602
1551009816 50.7291989617 201902240603
1551009876 50.5777828949 201902240604
1551009936 50.5705726060 201902240605
1551009996 50.8175250007 201902240606
1551010056 50.6534909283 201902240607
1551010116 50.2533198946 201902240608
1551010176 50.7273963895 201902240609
1551010236 50.9545204897 201902240610
1551010296 50.7382118228 201902240611
1551010356 50.8499713007 201902240612
1551010371 50.8932330341 201902240612
1551010431 51.0356362398 201902240613
1551010491 50.5759803227 201902240614
1551010551 50.3308305002 201902240615
1551010611 51.1257648510 201902240616
1551010671 51.3979532567 201902240617
1551010731 50.5327185893 201902240618
1551010791 50.6174394838 201902240619
1551010851 50.7778684118 201902240620
1551010911 50.8716021674 201902240621
1551010971 51.0933185509 201902240622
1551010990 51.0013873675 201902240623
1551011050 50.7832761284 201902240624
1551011110 50.0316035111 201902240625
1551011170 51.0951211231 201902240626
1551011230 50.8265378618 201902240627
1551011290 50.2767533335 201902240628
1551011350 51.0266233786 201902240629
1551011410 50.3740922336 201902240630
1551011470 51.1347777121 201902240631
1551011530 51.0248208064 201902240632
1551011590 50.8968381785 201902240633
1551011605 50.3434485058 201902240633
1551011665 51.2231037510 201902240634
1551011725 50.3867102392 201902240635
1551011785 50.8229327174 201902240636
1551011845 50.3867102392 201902240637
1551011905 51.2465371899 201902240638
1551011965 50.4660234170 201902240639
1551012025 50.9491127730 201902240640
1551012085 50.6913449450 201902240641
1551012145 50.6643063617 201902240642
1551012205 50.7454221117 201902240643
1551012220 50.9004433230 201902240643
1551012280 50.6913449450 201902240644
1551012340 50.4786414226 201902240645
1551012400 50.9977822231 201902240646
1551012460 49.9396723277 201902240647
1551012520 51.2231037510 201902240648
1551012580 50.6967526617 201902240649
1551012640 49.9955520666 201902240650
1551012700 50.6841346561 201902240651
1551012760 51.1564085788 201902240652
1551012820 50.9887693619 201902240653
1551012834 51.4123738345 201902240653
1551012894 51.5998413458 201902240654
1551012954 51.5205281680 201902240655
1551013014 51.5673950458 201902240656
1551013074 51.3474812345 201902240657
1551013134 51.7710857071 201902240658
1551013194 51.5061075902 201902240659
1551013254 51.7800985682 201902240700
1551013314 51.6629313736 201902240701
1551013374 51.6178670681 201902240702
1551013434 51.4213866957 201902240703
1551013446 51.1131468454 201902240704
1551013506 51.5583821847 201902240705
1551013566 51.5565796124 201902240706
1551013626 51.5259358846 201902240707
1551013686 0.0066191558 201902240708
1551013746 0.0066191558 201902240709
1551013806 50.9653359230 201902240710
1551013866 51.1834471621 201902240711
1551013926 51.1347777121 201902240712
1551013986 51.4538329957 201902240713
1551014046 50.5417314504 201902240714
1551014062 50.4642208448 201902240714
1551014122 51.2194986066 201902240715
1551014182 50.8697995952 201902240716
1551014242 50.6462806394 201902240717
1551014302 50.8697995952 201902240718
1551014362 51.0266233786 201902240719
1551014422 50.9491127730 201902240720
1551014482 50.4443925503 201902240721
1551014542 51.0969236954 201902240722
1551014602 50.4281694003 201902240723
1551014662 51.1203571343 201902240724
1551014678 50.9220741897 201902240724
1551014738 50.3434485058 201902240725
1551014798 50.6192420561 201902240726
1551014858 50.5002722893 201902240727
1551014918 50.7219886728 201902240728
1551014978 50.8643918785 201902240729
1551015038 50.7364092506 201902240730
1551015098 49.8441359998 201902240731
1551015158 50.9671384953 201902240732
1551015218 50.3686845169 201902240733
1551015278 51.0680825398 201902240734
1551015294 50.8301430062 201902240734
1551015354 50.5958086171 201902240735
1551015414 50.6931475172 201902240736
1551015474 50.9437050563 201902240737
1551015534 50.8301430062 201902240738
1551015594 50.8535764452 201902240739
1551015654 50.2947790558 201902240740
1551015714 50.3470536503 201902240741
1551015774 51.3114297900 201902240742
1551015834 50.5633623171 201902240743
1551015894 50.8355507229 201902240744
1551015911 50.8914304619 201902240745
1551015971 51.1203571343 201902240746
1551016031 50.1884272946 201902240747
1551016091 51.1942625955 201902240748
1551016151 50.6498857839 201902240749
1551016211 50.1649938557 201902240750
1551016271 50.8842201730 201902240751
1551016331 50.3326330725 201902240752
1551016391 50.7291989617 201902240753
1551016451 50.8193275729 201902240754
1551016511 50.7940915618 201902240755
1551016527 50.3632768003 201902240755
1551016587 50.2172684501 201902240756
1551016647 50.8193275729 201902240757
1551016707 50.9923745064 201902240758
1551016767 50.5615597449 201902240759
1551016827 50.6823320839 201902240800
1551016887 50.4912594282 201902240801
1551016947 50.7400143951 201902240802
1551017007 51.2717732011 201902240803
1551017067 51.1419880010 201902240804
1551017127 50.8013018507 201902240805
1551017142 51.2249063233 201902240805
1551017202 51.0644773953 201902240806
1551017262 50.9815590730 201902240807
1551017322 50.9599282064 201902240808
1551017382 50.8896278896 201902240809
1551017442 51.1816445899 201902240810
1551017502 50.8355507229 201902240811
1551017562 50.6192420561 201902240812
1551017622 50.4984697171 201902240813
1551017682 51.1491982899 201902240814
1551017742 50.5128902949 201902240815
1551017761 50.9689410675 201902240816
1551017821 50.9725462119 201902240817
1551017881 51.1582111510 201902240818
1551017941 51.3348632289 201902240819
1551018001 50.8481687285 201902240820
1551018061 51.0590696787 201902240821
1551018121 50.9022458952 201902240822
1551018181 50.9364947675 201902240823
1551018241 51.1095417009 201902240824
1551018301 50.4660234170 201902240825
1551018361 50.4984697171 201902240826
1551018377 51.2267088955 201902240826
1551018437 51.0446491009 201902240827
1551018497 50.9256793341 201902240828
1551018557 50.6480832116 201902240829
1551018617 50.7291989617 201902240830
1551018677 51.2897989233 201902240831
1551018737 51.1077391287 201902240832
1551018797 50.9166664730 201902240833
1551018857 51.3330606567 201902240834
1551018917 50.5128902949 201902240835
1551018977 51.1672240121 201902240836
1551018995 50.8139198562 201902240836
1551019055 50.7093706672 201902240837
1551019115 50.7291989617 201902240838
1551019175 50.9437050563 201902240839
1551019235 50.5399288782 201902240840
1551019295 50.6570960728 201902240841
1551019355 51.4105712623 201902240842
1551019415 51.4123738345 201902240843
1551019475 51.1473957176 201902240844
1551019535 50.7832761284 201902240845
1551019595 51.2267088955 201902240846
1551019611 50.3290279280 201902240846
1551019671 50.4479976948 201902240847
1551019731 50.5759803227 201902240848
1551019791 50.5958086171 201902240849
1551019851 50.7652504062 201902240850
1551019911 51.4159789790 201902240851
1551019971 50.3957231003 201902240852
1551020031 50.8157224285 201902240853
1551020091 50.4660234170 201902240854
1551020151 50.5922034727 201902240855
1551020211 50.8265378618 201902240856
1551020226 50.6210446283 201902240857
1551020286 50.7490272562 201902240858
1551020346 51.1005288398 201902240859
1551020406 50.8499713007 201902240900
1551020466 50.9166664730 201902240901
1551020526 50.9851642175 201902240902
1551020586 50.9725462119 201902240903
1551020646 51.1906574510 201902240904
1551020706 50.6066240505 201902240905
1551020766 50.5651648893 201902240906
1551020826 50.7868812729 201902240907
1551020845 50.6408729227 201902240907
1551020905 50.6030189060 201902240908
1551020965 50.9869667897 201902240909
1551021025 50.1433629890 201902240910
1551021085 50.5363237338 201902240911
1551021145 50.9220741897 201902240912
1551021205 50.6805295117 201902240913
1551021265 50.6300574894 201902240914
1551021325 50.5363237338 201902240915
1551021385 50.6048214783 201902240916
1551021445 50.6895423728 201902240917
1551021459 50.6426754950 201902240917
1551021519 50.9815590730 201902240918
1551021579 50.8481687285 201902240919
1551021639 50.6895423728 201902240920
1551021699 50.2118607335 201902240921
1551021759 51.1041339843 201902240922
1551021819 50.6120317672 201902240923
1551021879 50.7147783839 201902240924
1551021939 51.1419880010 201902240925
1551021999 50.1217321223 201902240926
1551022059 51.0554645342 201902240927
1551022075 51.2465371899 201902240927
1551022135 50.8139198562 201902240928
1551022195 50.3578690836 201902240929
1551022255 50.5327185893 201902240930
1551022315 50.8283404340 201902240931
1551022375 50.6949500895 201902240932
1551022435 50.5813880394 201902240933
1551022495 50.5940060449 201902240934
1551022555 50.1343501279 201902240935
1551022615 50.3488562225 201902240936
1551022675 50.3308305002 201902240937
1551022690 50.8860227452 201902240938
1551022750 50.5201005837 201902240939
1551022810 50.4588131281 201902240940
1551022870 50.6264523450 201902240941
1551022930 50.6300574894 201902240942
1551022990 50.7183835284 201902240943
1551023050 50.4678259893 201902240944
1551023110 50.4966671448 201902240945
1551023170 50.6138343394 201902240946
1551023230 50.1830195779 201902240947
1551023290 49.9937494944 201902240948
1551023305 50.6913449450 201902240948
1551023365 50.5651648893 201902240949
1551023425 50.5940060449 201902240950
1551023485 50.5345211615 201902240951
1551023545 50.8103147118 201902240952
1551023605 50.2082555890 201902240953
1551023665 50.2947790558 201902240954
1551023725 50.6300574894 201902240955
1551023785 50.6751217950 201902240956
1551023845 50.1992427279 201902240957
1551023905 50.7652504062 201902240958
1551023918 50.9130613285 201902240958
1551023978 50.3813025225 201902240959
1551024038 50.4029333892 201902241000
1551024098 50.5561520282 201902241001
1551024158 50.5705726060 201902241002
1551024218 50.3398433614 201902241003
1551024278 50.0279983666 201902241004
1551024338 51.0266233786 201902241005
1551024398 49.7846511164 201902241006
1551024458 50.5074825782 201902241007
1551024518 50.7688555506 201902241008
1551024530 50.5417314504 201902241008
1551024590 50.5092851504 201902241009
1551024650 51.0013873675 201902241010
1551024710 50.4461951226 201902241011
1551024770 50.6048214783 201902241012
1551024830 50.5471391671 201902241013
1551024890 50.7958941340 201902241014
1551024950 50.6607012172 201902241015
1551025010 50.5507443116 201902241016
1551025070 50.6210446283 201902241017
1551025130 50.8265378618 201902241018
1551025147 50.5579546004 201902241019
1551025207 50.6084266227 201902241020
1551025267 50.4732337059 201902241021
1551025327 50.5687700338 201902241022
1551025387 50.5615597449 201902241023
1551025447 50.6426754950 201902241024
1551025507 50.9238767619 201902241025
1551025567 50.9238767619 201902241026
1551025627 51.0302285231 201902241027
1551025687 50.7616452617 201902241028
1551025747 50.9148639008 201902241029
1551025764 50.2659379002 201902241029
1551025824 51.0049925120 201902241030
1551025884 50.4443925503 201902241031
1551025944 50.7994992784 201902241032
1551026004 50.9004433230 201902241033
1551026064 50.4479976948 201902241034
1551026124 51.0807005454 201902241035
1551026184 50.2461096057 201902241036
1551026244 50.6498857839 201902241037
1551026304 50.6534909283 201902241038
1551026364 49.9685134833 201902241039
1551026379 50.7706581229 201902241039
1551026439 50.5273108726 201902241040
1551026499 50.5128902949 201902241041
1551026559 49.9522903332 201902241042
1551026619 50.7436195395 201902241043
1551026679 50.3758948058 201902241044
1551026739 50.7580401173 201902241045
1551026799 50.9923745064 201902241046
1551026859 50.1415604167 201902241047
1551026919 50.0640498111 201902241048
1551026979 50.4930620004 201902241049
1551026993 50.3632768003 201902241049
1551027053 50.6318600616 201902241050
1551027113 49.9721186277 201902241051
1551027173 50.7706581229 201902241052
1551027233 51.0879108343 201902241053
1551027293 50.6552935005 201902241054
1551027353 51.1077391287 201902241055
1551027413 50.4299719726 201902241056
1551027473 50.7886838451 201902241057
1551027533 50.2280838835 201902241058
1551027593 50.8806150285 201902241059
1551027606 50.7328041062 201902241100
1551027666 50.7490272562 201902241101
1551027726 50.8679970229 201902241102
1551027786 50.4083411059 201902241103
1551027846 50.8770098841 201902241104
1551027906 51.2825886344 201902241105
1551027966 50.4552079837 201902241106
1551028026 50.6372677783 201902241107
1551028086 50.6607012172 201902241108
1551028146 50.6949500895 201902241109
1551028206 50.4047359614 201902241110
1551028220 50.5922034727 201902241110
1551028280 50.7219886728 201902241111
1551028340 50.7616452617 201902241112
1551028400 50.3885128114 201902241113
1551028460 50.1091141167 201902241114
1551028520 50.5795854671 201902241115
1551028580 50.6120317672 201902241116
1551028640 50.2785559058 201902241117
1551028700 50.0622472389 201902241118
1551028760 50.7021603784 201902241119
1551028820 50.6625037894 201902241120
1551028834 50.1109166889 201902241120
1551028894 49.8910028776 201902241121
1551028954 50.7652504062 201902241122
1551029014 50.9328896230 201902241123
1551029074 50.8355507229 201902241124
1551029134 50.5867957560 201902241125
1551029194 50.8355507229 201902241126
1551029254 50.3794999503 201902241127
1551029314 51.0158079453 201902241128
1551029374 50.8499713007 201902241129
1551029434 50.9689410675 201902241130
1551029448 50.9094561841 201902241130
1551029508 50.6156369116 201902241131
1551029568 51.0049925120 201902241132
1551029628 50.5435340227 201902241133
1551029688 50.7237912450 201902241134
1551029748 50.7472246840 201902241135
1551029808 50.9509153452 201902241136
1551029868 50.3344356447 201902241137
1551029928 51.3835326790 201902241138
1551029988 50.9491127730 201902241139
1551030048 50.8319455785 201902241140
1551030061 51.3456786623 201902241141
1551030121 51.1708291565 201902241142
1551030181 51.2897989233 201902241143
1551030241 50.8716021674 201902241144
1551030301 51.1293699954 201902241145
1551030361 50.5110877226 201902241146
1551030421 50.2262813113 201902241147
1551030481 50.9220741897 201902241148
1551030541 50.9689410675 201902241149
1551030601 0.0030140113 201902241150
1551030661 0.0048165835 201902241151
1551030673 50.9761513564 201902241151
1551030733 51.2104857455 201902241152
1551030793 50.7742632673 201902241153
1551030853 50.7958941340 201902241154
1551030913 50.5958086171 201902241155
1551030973 50.3722896614 201902241156
1551031033 50.7328041062 201902241157
1551031093 51.1852497343 201902241158
1551031153 51.1906574510 201902241159
1551031213 50.6985552339 201902241200
1551031273 50.4840491393 201902241201
1551031289 50.5525468838 201902241201
1551031349 50.8896278896 201902241202
1551031409 50.8337481507 201902241203
1551031469 50.5561520282 201902241204
1551031529 51.1437905732 201902241205
1551031589 51.0410439564 201902241206
1551031649 50.8716021674 201902241207
1551031709 50.8247352896 201902241208
1551031769 50.4317745448 201902241209
1551031829 50.9959796508 201902241210
1551031889 50.7273963895 201902241211
1551031905 50.8031044229 201902241211
1551031965 51.3114297900 201902241212
1551032025 51.1257648510 201902241213
1551032085 51.4790690068 201902241214
1551032145 51.3240477956 201902241215
1551032205 51.9315146350 201902241216
1551032265 51.8143474404 201902241217
1551032325 50.8211301451 201902241218
1551032385 52.4362348577 201902241219
1551032445 52.2127159019 201902241220
1551032505 51.7242188293 201902241221
1551032519 0.0048165835 201902241221
1551032579 50.4876542837 201902241222
1551032639 51.0464516731 201902241223
1551032699 50.8211301451 201902241224
1551032759 51.9170940572 201902241225
1551032819 52.3172650909 201902241226
1551032879 51.9657635072 201902241227
1551032939 52.3659345409 201902241228
1551032999 52.4146039910 201902241229
1551033059 52.8129724524 201902241230
1551033119 52.2992393687 201902241231
1551033137 52.7084232635 201902241232
1551033197 50.7291989617 201902241233
1551033257 50.6102291949 201902241234
1551033317 46.5400211136 201902241235
1551033377 50.8463661563 201902241236
1551033437 50.7940915618 201902241237
1551033497 50.7129758117 201902241238
1551033557 51.7746908515 201902241239
1551033617 52.1460207296 201902241240
1551033677 49.8910028776 201902241241
1551033737 50.3470536503 201902241242
1551033756 51.2825886344 201902241242
1551033816 50.7778684118 201902241243
1551033876 0.0030140113 201902241244
1551033936 51.0680825398 201902241245
1551033996 51.0392413842 201902241246
1551034056 51.2104857455 201902241247
1551034116 50.6751217950 201902241248
1551034176 49.7485996720 201902241249
1551034236 50.0370112278 201902241250
1551034296 50.0694575278 201902241251
1551034356 50.3146073502 201902241252
1551034372 50.3308305002 201902241252
1551034432 50.7850787007 201902241253
1551034492 51.0897134065 201902241254
1551034552 48.5715200098 201902241255
1551034612 50.2262813113 201902241256
1551034672 50.5633623171 201902241257
1551034732 50.8896278896 201902241258
1551034792 50.9545204897 201902241259
1551034852 50.1866247223 201902241300
1551034912 52.6309126578 201902241301
1551034972 52.4254194243 201902241302
1551034991 52.4957197411 201902241303
1551035051 52.0522869740 201902241304
1551035111 53.0238734026 201902241305
1551035171 52.4722863021 201902241306
1551035231 48.7139232155 201902241307
1551035291 50.7526324006 201902241308
1551035351 50.5255083004 201902241309
1551035411 50.3488562225 201902241310
1551035471 50.5994137616 201902241311
1551035531 50.5543494560 201902241312
1551035591 50.2515173224 201902241313
1551035607 50.6805295117 201902241313
1551035667 51.0104002286 201902241314
1551035727 50.5507443116 201902241315
1551035787 50.4894568559 201902241316
1551035847 50.5885983283 201902241317
1551035907 50.7724606951 201902241318
1551035967 50.7291989617 201902241319
1551036027 50.8013018507 201902241320
1551036087 50.8427610118 201902241321
1551036147 50.3326330725 201902241322
1551036207 50.3903153836 201902241323
1551036222 50.3614742281 201902241323
1551036282 50.8337481507 201902241324
1551036342 50.6066240505 201902241325
1551036402 50.5561520282 201902241326
1551036462 50.9455076286 201902241327
1551036522 50.5813880394 201902241328
1551036582 50.8445635840 201902241329
1551036642 50.3975256725 201902241330
1551036702 50.6210446283 201902241331
1551036762 50.5273108726 201902241332
1551036822 50.4714311337 201902241333
1551036836 50.3380407891 201902241333
1551036896 50.4966671448 201902241334
1551036956 50.6643063617 201902241335
1551037016 50.4624182726 201902241336
1551037076 50.6787269394 201902241337
1551037136 51.0266233786 201902241338
1551037196 50.4678259893 201902241339
1551037256 50.9202716174 201902241340
1551037316 50.5309160171 201902241341
1551037376 50.3452510780 201902241342
1551037436 50.9995847953 201902241343
1551037453 50.7994992784 201902241344
1551037513 50.3794999503 201902241345
1551037573 50.6066240505 201902241346
1551037633 50.5219031560 201902241347
1551037693 50.6895423728 201902241348
1551037753 50.3236202114 201902241349
1551037813 50.3434485058 201902241350
1551037873 50.7165809561 201902241351
1551037933 50.4407874059 201902241352
1551037993 50.6264523450 201902241353
1551038053 50.2623327557 201902241354
1551038068 50.5471391671 201902241354
1551038128 50.5237057282 201902241355
1551038188 50.2028478724 201902241356
1551038248 50.9671384953 201902241357
1551038308 50.6661089339 201902241358
1551038368 50.6102291949 201902241359
1551038428 50.5255083004 201902241400
1551038488 50.5922034727 201902241401
1551038548 50.5273108726 201902241402
1551038608 50.7165809561 201902241403
1551038668 50.1001012556 201902241404
1551038683 50.5363237338 201902241404
1551038743 50.2893713391 201902241405
1551038803 51.0104002286 201902241406
1551038863 50.5128902949 201902241407
1551038923 50.7868812729 201902241408
1551038983 50.4624182726 201902241409
1551039043 50.6246497727 201902241410
1551039103 50.3272253558 201902241411
1551039163 50.7850787007 201902241412
1551039223 50.6138343394 201902241413
1551039283 50.2839636224 201902241414
1551039295 50.6643063617 201902241414
1551039355 50.6390703505 201902241415
1551039415 49.4511752550 201902241416
1551039475 50.4281694003 201902241417
1551039535 50.8067095673 201902241418
1551039595 50.4750362782 201902241419
1551039655 50.4317745448 201902241420
1551039715 50.6985552339 201902241421
1551039775 50.6264523450 201902241422
1551039835 50.1163244056 201902241423
1551039895 50.2407018891 201902241424
1551039907 50.8283404340 201902241425
1551039967 50.8679970229 201902241426
1551040027 49.8387282831 201902241427
1551040087 50.4912594282 201902241428
1551040147 50.0784703889 201902241429
1551040207 50.6246497727 201902241430
1551040267 50.2100581613 201902241431
1551040327 50.1758092890 201902241432
1551040387 50.4371822615 201902241433
1551040447 50.1271398390 201902241434
1551040507 50.2515173224 201902241435
1551040522 50.6066240505 201902241435
1551040582 50.2875687669 201902241436
1551040642 50.4930620004 201902241437
1551040702 50.6102291949 201902241438
1551040762 50.2497147502 201902241439
1551040822 50.1559809945 201902241440
1551040882 50.2551224668 201902241441
1551040942 50.8175250007 201902241442
1551041002 50.3146073502 201902241443
1551041062 50.4624182726 201902241444
1551041122 50.2857661947 201902241445
1551041138 50.5056800060 201902241445
1551041198 50.0622472389 201902241446
1551041258 50.4353796892 201902241447
1551041318 50.1307449834 201902241448
1551041378 49.9613031944 201902241449
1551041438 50.3290279280 201902241450
1551041498 50.7634478340 201902241451
1551041558 49.9180414610 201902241452
1551041618 50.6588986450 201902241453
1551041678 50.7670529784 201902241454
1551041738 50.6210446283 201902241455
1551041752 50.3344356447 201902241455
1551041812 50.1541784223 201902241456
1551041872 50.7075680950 201902241457
1551041932 0.0066191558 201902241458
1551041992 50.6534909283 201902241459
1551042052 -0.0005911331 201902241500
1551042112 50.5092851504 201902241501
1551042172 50.0352086555 201902241502
1551042232 50.5056800060 201902241503
1551042292 50.5849931838 201902241504
1551042352 49.9306594666 201902241505
1551042365 50.1109166889 201902241506
1551042425 50.1884272946 201902241507
1551042485 49.8765822998 201902241508
1551042545 50.0045649277 201902241509
1551042605 51.0518593898 201902241510
1551042665 50.6012163338 201902241511
1551042725 50.6354652061 201902241512
1551042785 50.5291134449 201902241513
1551042845 50.0153803611 201902241514
1551042905 50.2695430446 201902241515
1551042965 50.2425044613 201902241516
1551042978 50.2100581613 201902241516
1551043038 50.1974401557 201902241517
1551043098 50.6390703505 201902241518
1551043158 49.9504877610 201902241519
1551043218 50.3110022058 201902241520
1551043278 50.2298864557 201902241521
1551043338 50.4011308170 201902241522
1551043398 50.4317745448 201902241523
1551043458 50.0279983666 201902241524
1551043518 50.3290279280 201902241525
1551043578 50.0820755334 201902241526
1551043590 50.0261957944 201902241526
1551043650 50.3578690836 201902241527
1551043710 50.3957231003 201902241528
1551043770 50.3362382169 201902241529
1551043830 49.8207025609 201902241530
1551043890 50.4588131281 201902241531
1551043950 50.3308305002 201902241532
1551044010 50.2839636224 201902241533
1551044070 50.2136633057 201902241534
1551044130 50.4876542837 201902241535
1551044190 50.7165809561 201902241536
1551044206 50.3308305002 201902241536
1551044266 50.3146073502 201902241537
1551044326 50.3110022058 201902241538
1551044386 50.4047359614 201902241539
1551044446 50.7832761284 201902241540
1551044506 50.3993282448 201902241541
1551044566 50.0424189444 201902241542
1551044626 50.3740922336 201902241543
1551044686 50.2136633057 201902241544
1551044746 50.1866247223 201902241545
1551044806 49.5647373051 201902241546
1551044822 50.1505732779 201902241547
1551044882 50.5056800060 201902241548
1551044942 50.4029333892 201902241549
1551045002 50.3362382169 201902241550
1551045062 50.2641353280 201902241551
1551045122 0.0048165835 201902241552
1551045182 50.0568395222 201902241553
1551045242 50.5489417393 201902241554
1551045302 50.1938350112 201902241555
1551045362 50.0261957944 201902241556
1551045422 50.8067095673 201902241557
1551045436 50.6751217950 201902241557
1551045496 49.8531488609 201902241558
1551045556 50.6516883561 201902241559
1551045616 50.7328041062 201902241600
1551045676 50.3434485058 201902241601
1551045736 49.9270543221 201902241602
1551045796 50.4191565392 201902241603
1551045856 50.4516028392 201902241604
1551045916 50.5381263060 201902241605
1551045976 50.7796709840 201902241606
1551046036 49.9558954777 201902241607
1551046052 50.6120317672 201902241607
1551046112 50.2695430446 201902241608
1551046172 49.7017327941 201902241609
1551046232 50.7544349728 201902241610
1551046292 49.8134922720 201902241611
1551046352 50.3200150669 201902241612
1551046412 50.1830195779 201902241613
1551046472 50.4155513948 201902241614
1551046532 49.8855951610 201902241615
1551046592 50.7111732395 201902241616
1551046652 50.4948645726 201902241617
1551046667 49.6007887496 201902241617
1551046727 50.2154658779 201902241618
1551046787 50.5904009005 201902241619
1551046847 50.3975256725 201902241620
1551046907 49.4097160939 201902241621
1551046967 50.4660234170 201902241622
1551047027 50.1758092890 201902241623
1551047087 50.5092851504 201902241624
1551047147 50.4335771170 201902241625
1551047207 50.3849076670 201902241626
1551047267 49.6242221885 201902241627
1551047283 50.1848221501 201902241628
1551047343 50.3326330725 201902241629
1551047403 49.8441359998 201902241630
1551047463 50.4281694003 201902241631
1551047523 49.9198440332 201902241632
1551047583 49.8928054499 201902241633
1551047643 50.0712601000 201902241634
1551047703 50.3308305002 201902241635
1551047763 50.7039629506 201902241636
1551047823 50.3073970613 201902241637
1551047883 50.0622472389 201902241638
1551047896 50.1992427279 201902241638
1551047956 50.0388138000 201902241639
1551048016 50.5543494560 201902241640
1551048076 50.1199295501 201902241641
1551048136 50.2334916002 201902241642
1551048196 49.9270543221 201902241643
1551048256 50.5219031560 201902241644
1551048316 50.5399288782 201902241645
1551048376 50.1740067168 201902241646
1551048436 50.2695430446 201902241647
1551048496 50.2695430446 201902241648
1551048513 49.8928054499 201902241648
1551048573 50.2749507613 201902241649
1551048633 50.0946935389 201902241650
1551048693 50.4479976948 201902241651
1551048753 50.1776118612 201902241652
1551048813 50.0766678167 201902241653
1551048873 49.6566684885 201902241654
1551048933 50.2443070335 201902241655
1551048993 50.3776973781 201902241656
1551049053 50.0153803611 201902241657
1551049113 49.8747797276 201902241658
1551049129 49.7540073886 201902241658
1551049189 49.8207025609 201902241659
1551049249 49.8873977332 201902241700
1551049309 49.6710890663 201902241701
1551049369 49.9991572111 201902241702
1551049429 49.9234491777 201902241703
1551049489 50.0334060833 201902241704
1551049549 49.7287713775 201902241705
1551049609 50.4912594282 201902241706
1551049669 50.0658523833 201902241707
1551049729 50.0027623555 201902241708
1551049742 49.8837925887 201902241709
1551049802 50.1325475556 201902241710
1551049862 50.4516028392 201902241711
1551049922 50.2659379002 201902241712
1551049982 49.6981276497 201902241713
1551050042 49.4493726828 201902241714
1551050102 50.1559809945 201902241715
1551050162 50.2515173224 201902241716
1551050222 50.2118607335 201902241717
1551050282 49.6422479108 201902241718
1551050342 50.1848221501 201902241719
1551050355 49.5557244440 201902241719
1551050415 50.6228472005 201902241720
1551050475 50.2803584780 201902241721
1551050535 49.8567540054 201902241722
1551050595 50.1415604167 201902241723
1551050655 50.1145218334 201902241724
1551050715 50.5056800060 201902241725
1551050775 50.3993282448 201902241726
1551050835 49.6782993552 201902241727
1551050895 0.0012114391 201902241728
1551050955 0.0012114391 201902241729
1551050967 50.4281694003 201902241729
1551051027 50.2407018891 201902241730
1551051087 50.1992427279 201902241731
1551051147 50.1415604167 201902241732
1551051207 49.7990716942 201902241733
1551051267 50.5849931838 201902241734
1551051327 49.8693720110 201902241735
1551051387 50.7958941340 201902241736
1551051447 50.4642208448 201902241737
1551051507 50.5237057282 201902241738
1551051567 50.3182124947 201902241739
1551051583 49.9811314888 201902241739
1551051643 50.5813880394 201902241740
1551051703 50.2298864557 201902241741
1551051763 49.9018183110 201902241742
1551051823 50.6066240505 201902241743
1551051883 50.3254227836 201902241744
1551051943 49.9613031944 201902241745
1551052003 50.1848221501 201902241746
1551052063 50.3434485058 201902241747
1551052123 46.1470603688 201902241748
1551052183 50.3037919169 201902241749
1551052197 50.5074825782 201902241749
1551052257 50.0207880778 201902241750
1551052317 49.6782993552 201902241751
1551052377 50.5219031560 201902241752
1551052437 50.2713456169 201902241753
1551052497 50.0478266611 201902241754
1551052557 50.0550369500 201902241755
1551052617 50.0189855055 201902241756
1551052677 49.7305739497 201902241757
1551052737 50.2497147502 201902241758
1551052797 50.2911739113 201902241759
1551052810 50.6408729227 201902241800
1551052870 50.5128902949 201902241801
1551052930 50.1920324390 201902241802
1551052990 50.1523758501 201902241803
1551053050 50.0135777889 201902241804
1551053110 50.0784703889 201902241805
1551053170 50.5958086171 201902241806
1551053230 50.4606157004 201902241807
1551053290 49.3952955161 201902241808
1551053350 50.2154658779 201902241809
1551053410 49.8170974165 201902241810
1551053425 49.8855951610 201902241810
1551053485 49.7107456553 201902241811
1551053545 49.8441359998 201902241812
1551053605 50.1812170057 201902241813
1551053665 49.9108311721 201902241814
1551053725 49.7161533719 201902241815
1551053785 49.3484286383 201902241816
1551053845 49.5755527385 201902241817
1551053905 49.9865392055 201902241818
1551053965 50.0892858223 201902241819
1551054025 49.8026768387 201902241820
1551054037 49.7576125331 201902241820
1551054097 50.1235346945 201902241821
1551054157 49.6620762052 201902241822
1551054217 49.7828485442 201902241823
1551054277 49.5827630274 201902241824
1551054337 49.9540929055 201902241825
1551054397 50.2154658779 201902241826
1551054457 50.4083411059 201902241827
1551054517 50.3831050947 201902241828
1551054577 49.8062819831 201902241829
1551054637 50.0279983666 201902241830
1551054654 49.3340080605 201902241830
1551054714 50.2587276113 201902241831
1551054774 49.2240511548 201902241832
1551054834 50.3885128114 201902241833
1551054894 50.0117752166 201902241834
1551054954 49.8477411443 201902241835
1551055014 49.8855951610 201902241836
1551055074 49.4403598217 201902241837
1551055134 49.8982131665 201902241838
1551055194 50.2425044613 201902241839
1551055254 50.1145218334 201902241840
1551055270 50.4011308170 201902241841
1551055330 49.9955520666 201902241842
1551055390 50.1920324390 201902241843
1551055450 49.7504022442 201902241844
1551055510 49.9631057666 201902241845
1551055570 49.8585565776 201902241846
1551055630 49.9126337443 201902241847
1551055690 49.7522048164 201902241848
1551055750 49.9955520666 201902241849
1551055810 49.8675694387 201902241850
1551055870 50.0838781056 201902241851
1551055883 50.0171829333 201902241851
1551055943 49.9883417777 201902241852
1551056003 50.6372677783 201902241853
1551056063 50.1289424112 201902241854
1551056123 50.4011308170 201902241855
1551056183 50.2334916002 201902241856
1551056243 49.5719475940 201902241857
1551056303 50.0099726444 201902241858
1551056363 49.6530633441 201902241859
1551056423 50.0586420945 201902241900
1551056483 49.8873977332 201902241901
1551056497 50.0658523833 201902241901
1551056557 50.5417314504 201902241902
1551056617 50.3073970613 201902241903
1551056677 49.4728061217 201902241904
1551056737 50.2172684501 201902241905
1551056797 49.4619906884 201902241906
1551056857 49.9540929055 201902241907
1551056917 50.1109166889 201902241908
1551056977 49.9793289166 201902241909
1551057037 49.6999302219 201902241910
1551057097 50.3957231003 201902241911
1551057114 50.2731481891 201902241911
1551057174 50.0496292333 201902241912
1551057234 50.1631912834 201902241913
1551057294 49.9036208832 201902241914
1551057354 49.8459385720 201902241915
1551057414 50.0009597833 201902241916
1551057474 50.0099726444 201902241917
1551057534 50.0964961112 201902241918
1551057594 50.3668819447 201902241919
1551057654 50.3200150669 201902241920
1551057714 50.3867102392 201902241921
1551057728 50.4642208448 201902241922
1551057788 50.3001867724 201902241923
1551057848 49.7828485442 201902241924
1551057908 49.6404453385 201902241925
1551057968 49.5665398774 201902241926
1551058028 50.1938350112 201902241927
1551058088 49.9811314888 201902241928
1551058148 49.8639642943 201902241929
1551058208 50.0045649277 201902241930
1551058268 50.3254227836 201902241931
1551058328 50.4984697171 201902241932
1551058345 49.3772697938 201902241932
1551058405 50.6408729227 201902241933
1551058465 50.0081700722 201902241934
1551058525 50.1974401557 201902241935
1551058585 49.8188999887 201902241936
1551058645 50.4479976948 201902241937
1551058705 49.8711745832 201902241938
1551058765 49.5647373051 201902241939
1551058825 50.1343501279 201902241940
1551058885 50.3758948058 201902241941
1551058945 50.1235346945 201902241942
1551058965 50.0730626722 201902241942
1551059025 50.1289424112 201902241943
1551059085 50.5507443116 201902241944
1551059145 50.3200150669 201902241945
1551059205 50.6985552339 201902241946
1551059265 50.0135777889 201902241947
1551059325 50.3272253558 201902241948
1551059385 49.6620762052 201902241949
1551059445 50.6895423728 201902241950
1551059505 50.2370967446 201902241951
1551059565 50.3236202114 201902241952
1551059580 49.8567540054 201902241953
1551059640 49.8188999887 201902241954
1551059700 50.2551224668 201902241955
1551059760 50.1361527001 201902241956
1551059820 50.4534054115 201902241957
1551059880 50.5597571727 201902241958
1551059940 49.9991572111 201902241959
1551060000 50.3128047780 201902242000
1551060060 50.3272253558 201902242001
1551060120 50.8607867341 201902242002
1551060180 50.1956375835 201902242003
1551060193 50.2352941724 201902242003
1551060253 50.2605301835 201902242004
1551060313 50.2479121780 201902242005
1551060373 50.0964961112 201902242006
1551060433 50.3993282448 201902242007
1551060493 50.1902298668 201902242008
1551060553 50.2244787390 201902242009
1551060613 50.3398433614 201902242010
1551060673 50.5182980115 201902242011
1551060733 50.8571815896 201902242012
1551060793 50.2695430446 201902242013
1551060809 50.5759803227 201902242013
1551060869 50.2893713391 201902242014
1551060929 49.5863681718 201902242015
1551060989 50.0334060833 201902242016
1551061049 50.1595861390 201902242017
1551061109 50.1523758501 201902242018
1551061169 50.6607012172 201902242019
1551061229 49.6350376219 201902242020
1551061289 50.4407874059 201902242021
1551061349 50.2118607335 201902242022
1551061409 50.0117752166 201902242023
1551061424 50.1740067168 201902242023
1551061484 50.0676549556 201902242024
1551061544 50.3362382169 201902242025
1551061604 49.9775263444 201902242026
1551061664 49.4277418161 201902242027
1551061724 50.6913449450 201902242028
1551061784 50.2623327557 201902242029
1551061844 50.6048214783 201902242030
1551061904 50.3794999503 201902242031
1551061964 49.7846511164 201902242032
1551062024 49.8279128498 201902242033
1551062043 50.1433629890 201902242034
1551062103 50.4101436781 201902242035
1551062163 50.5561520282 201902242036
1551062223 50.0874832500 201902242037
1551062283 50.7039629506 201902242038
1551062343 49.7720331109 201902242039
1551062403 49.7792433998 201902242040
1551062463 50.5994137616 201902242041
1551062523 50.3110022058 201902242042
1551062583 50.2659379002 201902242043
1551062643 50.2298864557 201902242044
1551062658 50.1740067168 201902242044
1551062718 50.2316890279 201902242045
1551062778 50.6733192228 201902242046
1551062838 50.6787269394 201902242047
1551062898 50.3560665114 201902242048
1551062958 50.0802729611 201902242049
1551063018 50.0982986834 201902242050
1551063078 50.1487707056 201902242051
1551063138 50.2226761668 201902242052
1551063198 50.1758092890 201902242053
1551063258 50.4840491393 201902242054
1551063276 50.2857661947 201902242054
1551063336 50.1992427279 201902242055
1551063396 50.0225906500 201902242056
1551063456 50.2082555890 201902242057
1551063516 50.3488562225 201902242058
1551063576 50.2262813113 201902242059
1551063636 50.1974401557 201902242100
1551063696 50.4047359614 201902242101
1551063756 49.8567540054 201902242102
1551063816 50.1685990001 201902242103
1551063876 50.3650793725 201902242104
1551063894 50.1830195779 201902242104
1551063954 50.3200150669 201902242105
1551064014 50.0514318056 201902242106
1551064074 50.1397578445 201902242107
1551064134 50.4191565392 201902242108
1551064194 50.1740067168 201902242109
1551064254 50.1487707056 201902242110
1551064314 50.0261957944 201902242111
1551064374 50.5038774337 201902242112
1551064434 50.1217321223 201902242113
1551064494 50.1902298668 201902242114
1551064511 50.3037919169 201902242115
1551064571 50.5110877226 201902242116
1551064631 50.2425044613 201902242117
1551064691 49.9811314888 201902242118
1551064751 49.8188999887 201902242119
1551064811 50.4299719726 201902242120
1551064871 50.1938350112 201902242121
1551064931 50.6679115061 201902242122
1551064991 50.2659379002 201902242123
1551065051 49.9703160555 201902242124
1551065111 50.2010453001 201902242125
1551065128 50.1956375835 201902242125
1551065188 50.1992427279 201902242126
1551065248 50.2605301835 201902242127
1551065308 49.8261102776 201902242128
1551065368 50.0153803611 201902242129
1551065428 50.6156369116 201902242130
1551065488 50.1145218334 201902242131
1551065548 50.2839636224 201902242132
1551065608 49.9991572111 201902242133
1551065668 49.8621617221 201902242134
1551065728 50.1055089723 201902242135
1551065742 50.1019038278 201902242135
1551065802 49.9613031944 201902242136
1551065862 50.5164954393 201902242137
1551065922 49.7810459720 201902242138
1551065982 49.9216466054 201902242139
1551066042 49.9108311721 201902242140
1551066102 49.9721186277 201902242141
1551066162 50.0982986834 201902242142
1551066222 50.1451655612 201902242143
1551066282 50.2749507613 201902242144
1551066342 49.8603591498 201902242145
1551066359 50.3578690836 201902242145
1551066419 50.2623327557 201902242146
1551066479 50.2425044613 201902242147
1551066539 49.9270543221 201902242148
1551066599 50.0388138000 201902242149
1551066659 50.3921179559 201902242150
1551066719 50.5958086171 201902242151
1551066779 50.0460240889 201902242152
1551066839 50.1920324390 201902242153
1551066899 50.1577835668 201902242154
1551066959 50.3362382169 201902242155
1551066977 50.1451655612 201902242156
1551067037 50.0568395222 201902242157
1551067097 50.2064530168 201902242158
1551067157 50.1812170057 201902242159
1551067217 50.5345211615 201902242200
1551067277 49.6332350496 201902242201
1551067337 49.5521192996 201902242202
1551067397 49.9486851888 201902242203
1551067457 49.7467970997 201902242204
1551067517 50.0442215167 201902242205
1551067577 50.0153803611 201902242206
1551067591 50.6643063617 201902242206
1551067651 49.5575270162 201902242207
1551067711 50.0784703889 201902242208
1551067771 49.8116896998 201902242209
1551067831 49.7540073886 201902242210
1551067891 50.2028478724 201902242211
1551067951 50.1902298668 201902242212
1551068011 50.4461951226 201902242213
1551068071 49.5413038662 201902242214
1551068131 50.0334060833 201902242215
1551068191 50.3146073502 201902242216
1551068207 49.7413893831 201902242216
1551068267 50.2082555890 201902242217
1551068327 50.0838781056 201902242218
1551068387 49.9793289166 201902242219
1551068447 49.8837925887 201902242220
1551068507 49.8892003054 201902242221
1551068567 49.5647373051 201902242222
1551068627 49.9432774721 201902242223
1551068687 49.8441359998 201902242224
1551068747 49.6206170441 201902242225
1551068807 50.2100581613 201902242226
1551068826 49.8116896998 201902242227
1551068886 49.9270543221 201902242228
1551068946 49.5593295885 201902242229
1551069006 50.1649938557 201902242230
1551069066 49.7413893831 201902242231
1551069126 50.1091141167 201902242232
1551069186 49.7179559442 201902242233
1551069246 50.0261957944 201902242234
1551069306 50.0117752166 201902242235
1551069366 50.1595861390 201902242236
1551069426 49.9576980499 201902242237
1551069440 49.9757237722 201902242237
1551069500 49.8946080221 201902242238
1551069560 50.1794144334 201902242239
1551069620 49.9144363165 201902242240
1551069680 49.7107456553 201902242241
1551069740 49.7612176775 201902242242
1551069800 49.6386427663 201902242243
1551069860 50.0442215167 201902242244
1551069920 49.6134067552 201902242245
1551069980 49.8080845553 201902242246
1551070040 50.2875687669 201902242247
1551070056 49.8044794109 201902242247
1551070116 49.5070549940 201902242248
1551070176 50.2515173224 201902242249
1551070236 49.6170118996 201902242250
1551070296 50.0496292333 201902242251
1551070356 49.8044794109 201902242252
1551070416 50.2298864557 201902242253
1551070476 50.2515173224 201902242254
1551070536 49.9558954777 201902242255
1551070596 49.7377842386 201902242256
1551070656 50.0370112278 201902242257
1551070673 50.0334060833 201902242257
1551070733 50.1307449834 201902242258
1551070793 49.4205315272 201902242259
1551070853 50.2965816280 201902242300
1551070913 50.0550369500 201902242301
1551070973 49.6620762052 201902242302
1551071033 49.8044794109 201902242303
1551071093 49.3304029160 201902242304
1551071153 49.6098016107 201902242305
1551071213 50.2208735946 201902242306
1551071273 49.6260247607 201902242307
1551071288 49.7810459720 201902242308
1551071348 50.3542639392 201902242309
1551071408 50.4227616837 201902242310
1551071468 50.0856806778 201902242311
1551071528 50.2857661947 201902242312
1551071588 49.9108311721 201902242313
1551071648 49.6278273330 201902242314
1551071708 49.6782993552 201902242315
1551071768 50.2551224668 201902242316
1551071828 50.2677404724 201902242317
1551071888 50.3037919169 201902242318
1551071905 50.4389848337 201902242318
1551071965 50.2749507613 201902242319
1551072025 50.3380407891 201902242320
1551072085 49.9054234554 201902242321
1551072145 50.0478266611 201902242322
1551072205 49.7395868108 201902242323
1551072265 49.7377842386 201902242324
1551072325 50.2983842002 201902242325
1551072385 49.8225051331 201902242326
1551072445 50.3037919169 201902242327
1551072505 50.1379552723 201902242328
1551072520 49.4728061217 201902242328
1551072580 49.9721186277 201902242329
1551072640 50.0784703889 201902242330
1551072700 49.3880852272 201902242331
1551072760 50.1704015723 201902242332
1551072820 49.8152948442 201902242333
1551072880 50.1740067168 201902242334
1551072940 49.8008742664 201902242335
1551073000 49.7233636608 201902242336
1551073060 49.6909173608 201902242337
1551073120 49.7233636608 201902242338
1551073136 50.2334916002 201902242338
1551073196 49.9901443499 201902242339
1551073256 49.6440504830 201902242340
1551073316 50.0352086555 201902242341
1551073376 49.7720331109 201902242342
1551073436 50.1920324390 201902242343
1551073496 49.8062819831 201902242344
1551073556 50.3957231003 201902242345
1551073616 49.8116896998 201902242346
1551073676 49.7846511164 201902242347
1551073736 49.9270543221 201902242348
