1549951287 -1.0000000000 2019021200017
1549951343 48.8923778656 201902120002
1549951403 49.5250807162 201902120003
1549951463 49.3213900549 201902120004
1549951523 48.2867135984 201902120005
1549951583 49.1447379770 201902120006
1549951643 49.1681714159 201902120007
1549951703 48.4615631042 201902120008
1549951763 48.9446524601 201902120009
1549951823 49.1465405492 201902120010
1549951883 49.1483431214 201902120011
1549951897 49.3628492161 201902120011
1549951957 49.6909173608 201902120012
1549952017 49.6332350496 201902120013
1549952077 49.1843945659 201902120014
1549952137 49.0654247991 201902120015
1549952197 49.7017327941 201902120016
1549952257 49.5629347329 201902120017
1549952317 49.4097160939 201902120018
1549952377 49.2637077437 201902120019
1549952437 49.2204460104 201902120020
1549952497 49.0329784991 201902120021
1549952512 49.0654247991 201902120021
1549952572 49.2925488993 201902120022
1549952632 49.1645662714 201902120023
1549952692 49.2006177159 201902120024
1549952752 49.0023347713 201902120025
1549952812 49.6746942108 201902120026
1549952872 48.9644807546 201902120027
1549952932 48.9230215934 201902120028
1549952992 48.8094595433 201902120029
1549953052 49.2817334660 201902120030
1549953112 48.8545238489 201902120031
1549953126 48.9554678935 201902120032
1549953186 49.1086865325 201902120033
1549953246 48.8184724045 201902120034
1549953306 49.3556389272 201902120035
1549953366 48.9626781824 201902120036
1549953426 49.3628492161 201902120037
1549953486 48.6850820599 201902120038
1549953546 49.0708325158 201902120039
1549953606 48.9248241657 201902120040
1549953666 49.5989861774 201902120041
1549953726 48.8617341378 201902120042
1549953740 48.6760691988 201902120042
1549953800 48.8076569711 201902120043
1549953860 49.0798453769 201902120044
1549953920 49.4169263828 201902120045
1549953980 49.3159823382 201902120046
1549954040 49.1375276881 201902120047
1549954100 48.9590730379 201902120048
1549954160 49.3538363549 201902120049
1549954220 49.4385572495 201902120050
1549954280 49.0708325158 201902120051
1549954340 49.3790723661 201902120052
1549954354 49.2907463271 201902120052
1549954414 49.4007032328 201902120053
1549954474 49.3772697938 201902120054
1549954534 48.5877431598 201902120055
1549954594 48.9122061601 201902120056
1549954654 49.1681714159 201902120057
1549954714 49.4439649661 201902120058
1549954774 49.1158968214 201902120059
1549954834 -0.0059988498 201902120100
1549954894 0.0138294447 201902120101
1549954954 -0.0005911331 201902120102
1549954970 49.1032788158 201902120102
1549955030 49.0329784991 201902120103
1549955090 48.9410473157 201902120104
1549955150 49.3682569327 201902120105
1549955210 48.9734936157 201902120106
1549955270 48.9770987602 201902120107
1549955330 48.7842235322 201902120108
1549955390 49.3970980883 201902120109
1549955450 49.6981276497 201902120110
1549955510 48.9951244824 201902120111
1549955570 49.0239656380 201902120112
1549955588 49.1231071103 201902120113
1549955648 48.7229360766 201902120114
1549955708 49.0528067936 201902120115
1549955768 49.0924633825 201902120116
1549955828 48.8364981267 201902120117
1549955888 49.3033643327 201902120118
1549955948 49.1555534103 201902120119
1549956008 49.1195019658 201902120120
1549956068 49.3808749383 201902120121
1549956128 49.2763257493 201902120122
1549956188 49.1195019658 201902120123
1549956203 49.6368401941 201902120123
1549956263 49.0654247991 201902120124
1549956323 49.5304884329 201902120125
1549956383 49.3448234938 201902120126
1549956443 48.9698884713 201902120127
1549956503 49.2312614437 201902120128
1549956563 49.0059399157 201902120129
1549956623 48.9843090491 201902120130
1549956683 48.6147817432 201902120131
1549956743 48.9969270546 201902120132
1549956803 48.8869701490 201902120133
1549956817 49.1591585548 201902120133
1549956877 49.2042228604 201902120134
1549956937 49.1861971381 201902120135
1549956997 49.4223340994 201902120136
1549957057 49.2817334660 201902120137
1549957117 49.3177849105 201902120138
1549957177 49.2871411827 201902120139
1549957237 49.2024202881 201902120140
1549957297 48.5084299820 201902120141
1549957357 49.0942659547 201902120142
1549957417 49.0437939324 201902120143
1549957430 49.1735791326 201902120143
1549957490 49.3502312105 201902120144
1549957550 49.3808749383 201902120145
1549957610 49.2276562993 201902120146
1549957670 48.7950389656 201902120147
1549957730 48.9807039046 201902120148
1549957790 49.1393302603 201902120149
1549957850 49.3267977716 201902120150
1549957910 48.8437084156 201902120151
1549957970 49.1555534103 201902120152
1549958030 49.0546093658 201902120153
1549958046 49.5719475940 201902120154
1549958106 49.1483431214 201902120155
1549958166 49.1104891047 201902120156
1549958226 48.7499746600 201902120157
1549958286 48.9086010157 201902120158
1549958346 48.9915193380 201902120159
1549958406 49.0510042213 201902120200
1549958466 49.4403598217 201902120201
1549958526 48.8364981267 201902120202
1549958586 48.9879141935 201902120203
1549958646 48.9374421712 201902120204
1549958661 49.4241366717 201902120204
1549958721 49.5106601384 201902120205
1549958781 49.0510042213 201902120206
1549958841 49.3376132049 201902120207
1549958901 49.1934074270 201902120208
1549958961 49.5665398774 201902120209
1549959021 49.1555534103 201902120210
1549959081 49.1771842770 201902120211
1549959141 49.3159823382 201902120212
1549959201 49.2096305770 201902120213
1549959261 49.0437939324 201902120214
1549959279 49.2907463271 201902120214
1549959339 49.1321199714 201902120215
1549959399 49.0095450602 201902120216
1549959459 49.6278273330 201902120217
1549959519 48.7698029544 201902120218
1549959579 49.6674839219 201902120219
1549959639 49.6801019275 201902120220
1549959699 48.9734936157 201902120221
1549959759 49.3358106327 201902120222
1549959819 49.2438794493 201902120223
1549959879 49.0600170825 201902120224
1549959894 49.1879997103 201902120224
1549959954 49.4097160939 201902120225
1549960014 48.8851675767 201902120226
1549960074 49.4980421328 201902120227
1549960134 49.4854241273 201902120228
1549960194 49.2186434382 201902120229
1549960254 49.3177849105 201902120230
1549960314 48.8977855823 201902120231
1549960374 49.0492016491 201902120232
1549960434 49.3105746216 201902120233
1549960494 48.8797598601 201902120234
1549960509 48.6237946043 201902120235
1549960569 49.2564974549 201902120236
1549960629 49.2258537270 201902120237
1549960689 49.3267977716 201902120238
1549960749 48.9915193380 201902120239
1549960809 49.1825919937 201902120240
1549960869 49.2510897382 201902120241
1549960929 49.1483431214 201902120242
1549960989 49.4079135217 201902120243
1549961049 48.6273997487 201902120244
1549961109 49.0798453769 201902120245
1549961128 48.8797598601 201902120245
1549961188 49.0870556658 201902120246
1549961248 48.8779572879 201902120247
1549961308 49.5701450218 201902120248
1549961368 49.0618196547 201902120249
1549961428 48.8058543989 201902120250
1549961488 49.4403598217 201902120251
1549961548 49.0762402325 201902120252
1549961608 49.3448234938 201902120253
1549961668 49.1411328325 201902120254
1549961728 49.0708325158 201902120255
1549961743 48.9843090491 201902120255
1549961803 49.5755527385 201902120256
1549961863 49.2835360382 201902120257
1549961923 48.7896312489 201902120258
1549961983 49.4998447051 201902120259
1549962043 49.1771842770 201902120300
1549962103 48.9770987602 201902120301
1549962163 49.2420768771 201902120302
1549962223 49.1681714159 201902120303
1549962283 49.4511752550 201902120304
1549962343 49.2673128882 201902120305
1549962360 49.2240511548 201902120306
1549962420 -0.0005911331 201902120307
1549962480 49.1465405492 201902120308
1549962540 49.4980421328 201902120309
1549962600 49.0510042213 201902120310
1549962660 49.1411328325 201902120311
1549962720 49.6134067552 201902120312
1549962780 49.4511752550 201902120313
1549962840 49.2907463271 201902120314
1549962900 49.2150382937 201902120315
1549962960 49.4367546772 201902120316
1549962978 49.1465405492 201902120316
1549963038 49.2979566160 201902120317
1549963098 49.2294588715 201902120318
1549963158 48.8364981267 201902120319
1549963218 49.3880852272 201902120320
1549963278 49.5773553107 201902120321
1549963338 49.0978710992 201902120322
1549963398 49.4439649661 201902120323
1549963458 49.2564974549 201902120324
1549963518 49.2366691604 201902120325
1549963578 48.9266267379 201902120326
1549963594 49.3358106327 201902120326
1549963654 49.3141797660 201902120327
1549963714 49.4187289550 201902120328
1549963774 48.8310904100 201902120329
1549963834 49.5467115829 201902120330
1549963894 49.0960685269 201902120331
1549963954 49.3754672216 201902120332
1549964014 49.4998447051 201902120333
1549964074 49.1573559825 201902120334
1549964134 49.2673128882 201902120335
1549964194 49.2132357215 201902120336
1549964212 49.2763257493 201902120336
1549964272 49.1267122547 201902120337
1549964332 49.4583855439 201902120338
1549964392 49.4421623939 201902120339
1549964452 49.1140942492 201902120340
1549964512 49.1303173992 201902120341
1549964572 49.2060254326 201902120342
1549964632 48.9915193380 201902120343
1549964692 49.6278273330 201902120344
1549964752 49.5773553107 201902120345
1549964812 49.3664543605 201902120346
1549964826 49.2637077437 201902120347
1549964886 49.1934074270 201902120348
1549964946 49.0311759269 201902120349
1549965006 49.1429354048 201902120350
1549965066 49.1843945659 201902120351
1549965126 49.1465405492 201902120352
1549965186 49.1843945659 201902120353
1549965246 49.4133212383 201902120354
1549965306 49.4061109494 201902120355
1549965366 49.1970125715 201902120356
1549965426 49.1681714159 201902120357
1549965440 49.0816479491 201902120357
1549965500 49.2096305770 201902120358
1549965560 49.4818189828 201902120359
1549965620 49.1050813881 201902120400
1549965680 49.0636222269 201902120401
1549965740 49.2835360382 201902120402
1549965800 49.4259392439 201902120403
1549965860 48.9626781824 201902120404
1549965920 49.3430209216 201902120405
1549965980 49.4890292717 201902120406
1549966040 49.3304029160 201902120407
1549966057 49.0023347713 201902120407
1549966117 48.9320344546 201902120408
1549966177 49.0618196547 201902120409
1549966237 49.2799308938 201902120410
1549966297 49.3087720493 201902120411
1549966357 49.2871411827 201902120412
1549966417 49.3682569327 201902120413
1549966477 49.4746086939 201902120414
1549966537 49.4025058050 201902120415
1549966597 49.2655103160 201902120416
1549966657 49.2294588715 201902120417
1549966673 49.5791578829 201902120417
1549966733 49.3340080605 201902120418
1549966793 49.3682569327 201902120419
1549966853 48.6832794877 201902120420
1549966913 49.3934929439 201902120421
1549966973 49.5124627106 201902120422
1549967033 49.4493726828 201902120423
1549967093 48.3822499263 201902120424
1549967153 49.3862826550 201902120425
1549967213 49.7161533719 201902120426
1549967273 49.2889437549 201902120427
1549967290 49.2564974549 201902120428
1549967350 49.3610466438 201902120429
1549967410 49.6332350496 201902120430
1549967470 49.1104891047 201902120431
1549967530 49.5106601384 201902120432
1549967590 49.2925488993 201902120433
1549967650 49.0690299436 201902120434
1549967710 49.3700595050 201902120435
1549967770 49.3826775105 201902120436
1549967830 49.4403598217 201902120437
1549967890 49.2979566160 201902120438
1549967904 48.9248241657 201902120438
1549967964 49.0347810713 201902120439
1549968024 49.3989006605 201902120440
1549968084 49.3195874827 201902120441
1549968144 49.3610466438 201902120442
1549968204 49.2889437549 201902120443
1549968264 48.7878286767 201902120444
1549968324 49.2006177159 201902120445
1549968384 49.4403598217 201902120446
1549968444 49.5358961495 201902120447
1549968504 49.6638787774 201902120448
1549968519 49.3430209216 201902120448
1549968579 49.1447379770 201902120449
1549968639 49.2961540438 201902120450
1549968699 49.1555534103 201902120451
1549968759 49.3322054883 201902120452
1549968819 49.0059399157 201902120453
1549968879 49.3808749383 201902120454
1549968939 49.1231071103 201902120455
1549968999 49.3520337827 201902120456
1549969059 49.3592440716 201902120457
1549969119 49.1357251159 201902120458
1549969136 49.4421623939 201902120458
1549969196 49.1555534103 201902120459
1549969256 49.2330640159 201902120500
1549969316 49.2150382937 201902120501
1549969376 49.3502312105 201902120502
1549969436 49.2276562993 201902120503
1549969496 49.3646517883 201902120504
1549969556 49.1843945659 201902120505
1549969616 49.2601025993 201902120506
1549969676 49.3340080605 201902120507
1549969736 49.6999302219 201902120508
1549969753 49.3826775105 201902120509
1549969813 49.3682569327 201902120510
1549969873 49.4187289550 201902120511
1549969933 48.8148672600 201902120512
1549969993 49.0852530936 201902120513
1549970053 49.0870556658 201902120514
1549970113 48.7517772322 201902120515
1549970173 49.3556389272 201902120516
1549970233 49.3213900549 201902120517
1549970293 49.5214755718 201902120518
1549970353 49.2691154604 201902120519
1549970369 49.0203604935 201902120519
1549970429 48.8473135600 201902120520
1549970489 48.9356395990 201902120521
1549970549 49.2294588715 201902120522
1549970609 49.0924633825 201902120523
1549970669 48.9897167657 201902120524
1549970729 49.3412183494 201902120525
1549970789 49.2240511548 201902120526
1549970849 49.1032788158 201902120527
1549970909 49.0960685269 201902120528
1549970969 49.1104891047 201902120529
1549970986 49.0221630658 201902120529
1549971046 49.3682569327 201902120530
1549971106 49.1267122547 201902120531
1549971166 49.3340080605 201902120532
1549971226 49.3484286383 201902120533
1549971286 49.1717765603 201902120534
1549971346 49.2871411827 201902120535
1549971406 49.5106601384 201902120536
1549971466 49.3177849105 201902120537
1549971526 49.3862826550 201902120538
1549971586 49.3231926271 201902120539
1549971603 49.5683424496 201902120540
1549971663 49.3286003438 201902120541
1549971723 49.4403598217 201902120542
1549971783 48.9248241657 201902120543
1549971843 49.4313469606 201902120544
1549971903 49.1321199714 201902120545
1549971963 49.0924633825 201902120546
1549972023 49.3051669049 201902120547
1549972083 49.3754672216 201902120548
1549972143 49.3051669049 201902120549
1549972203 49.3286003438 201902120550
1549972220 49.5106601384 201902120550
1549972280 49.5467115829 201902120551
1549972340 49.2078280048 201902120552
1549972400 49.3826775105 201902120553
1549972460 49.0473990769 201902120554
1549972520 49.3880852272 201902120555
1549972580 49.2637077437 201902120556
1549972640 49.4331495328 201902120557
1549972700 49.1176993936 201902120558
1549972760 49.6170118996 201902120559
1549972820 49.5629347329 201902120600
1549972836 49.0870556658 201902120600
1549972896 49.3898877994 201902120601
1549972956 49.1411328325 201902120602
1549973016 49.0600170825 201902120603
1549973076 49.5070549940 201902120604
1549973136 49.0888582380 201902120605
1549973196 49.2492871660 201902120606
1549973256 49.3952955161 201902120607
1549973316 49.3394157771 201902120608
1549973376 48.9807039046 201902120609
1549973436 0.0030140113 201902120610
1549973451 0.0012114391 201902120610
1549973511 49.5449090107 201902120611
1549973571 49.0347810713 201902120612
1549973631 49.3123771938 201902120613
1549973691 48.8977855823 201902120614
1549973751 48.9392447435 201902120615
1549973811 48.7680003822 201902120616
1549973871 49.3952955161 201902120617
1549973931 48.8112621156 201902120618
1549973991 49.0473990769 201902120619
1549974051 48.8923778656 201902120620
1549974069 49.5431064384 201902120621
1549974129 49.4403598217 201902120622
1549974189 49.4457675384 201902120623
1549974249 48.9734936157 201902120624
1549974309 49.3754672216 201902120625
1549974369 49.1231071103 201902120626
1549974429 48.7121206433 201902120627
1549974489 49.4908318440 201902120628
1549974549 49.1970125715 201902120629
1549974609 49.3105746216 201902120630
1549974669 49.2186434382 201902120631
1549974683 49.1195019658 201902120631
1549974743 49.3141797660 201902120632
1549974803 49.0329784991 201902120633
1549974863 49.1357251159 201902120634
1549974923 49.0365836435 201902120635
1549974983 49.3790723661 201902120636
1549975043 49.0600170825 201902120637
1549975103 49.2024202881 201902120638
1549975163 49.2402743048 201902120639
1549975223 49.3754672216 201902120640
1549975283 49.7269688053 201902120641
1549975301 49.6638787774 201902120641
1549975361 49.1465405492 201902120642
1549975421 49.2150382937 201902120643
1549975481 49.1195019658 201902120644
1549975541 49.1609611270 201902120645
1549975601 49.3862826550 201902120646
1549975661 49.2691154604 201902120647
1549975721 49.1014762436 201902120648
1549975781 49.3033643327 201902120649
1549975841 49.4331495328 201902120650
1549975901 49.3916903716 201902120651
1549975921 49.2907463271 201902120652
1549975981 49.3340080605 201902120653
1549976041 49.6368401941 201902120654
1549976101 49.1501456936 201902120655
1549976161 48.7806183878 201902120656
1549976221 49.3646517883 201902120657
1549976281 49.4908318440 201902120658
1549976341 49.2168408659 201902120659
1549976401 49.0077424880 201902120700
1549976461 49.0582145102 201902120701
1549976521 48.9716910435 201902120702
1549976537 49.2294588715 201902120702
1549976597 49.5521192996 201902120703
1549976657 49.4223340994 201902120704
1549976717 49.0960685269 201902120705
1549976777 48.7373566544 201902120706
1549976837 49.5575270162 201902120707
1549976897 49.2204460104 201902120708
1549976957 49.1303173992 201902120709
1549977017 49.4295443883 201902120710
1549977077 48.9789013324 201902120711
1549977137 49.1663688437 201902120712
1549977153 48.9590730379 201902120712
1549977213 48.6940949210 201902120713
1549977273 49.3574414994 201902120714
1549977333 49.4259392439 201902120715
1549977393 48.8473135600 201902120716
1549977453 49.2186434382 201902120717
1549977513 49.4583855439 201902120718
1549977573 48.9194164490 201902120719
1549977633 49.1699739881 201902120720
1549977693 49.3051669049 201902120721
1549977753 49.5755527385 201902120722
1549977767 48.8166698322 201902120722
1549977827 49.2240511548 201902120723
1549977887 49.3177849105 201902120724
1549977947 49.2799308938 201902120725
1549978007 49.2997591882 201902120726
1549978067 49.5899733163 201902120727
1549978127 49.3952955161 201902120728
1549978187 49.5070549940 201902120729
1549978247 49.0510042213 201902120730
1549978307 49.2528923104 201902120731
1549978367 49.3754672216 201902120732
1549978384 49.2871411827 201902120733
1549978444 48.9248241657 201902120734
1549978504 49.2492871660 201902120735
1549978564 48.8635367101 201902120736
1549978624 48.8761547156 201902120737
1549978684 48.9608756101 201902120738
1549978744 48.7734080989 201902120739
1549978804 49.2042228604 201902120740
1549978864 49.1321199714 201902120741
1549978924 49.5719475940 201902120742
1549978984 48.9518627490 201902120743
1549979002 49.2583000271 201902120743
1549979062 49.2637077437 201902120744
1549979122 49.1807894215 201902120745
1549979182 49.4728061217 201902120746
1549979242 49.0726350880 201902120747
1549979302 49.4782138384 201902120748
1549979362 49.0690299436 201902120749
1549979422 49.3862826550 201902120750
1549979482 49.3376132049 201902120751
1549979542 49.2871411827 201902120752
1549979602 49.3898877994 201902120753
1549979617 49.1267122547 201902120753
1549979677 49.1898022826 201902120754
1549979737 49.1753817048 201902120755
1549979797 48.9284293101 201902120756
1549979857 49.4079135217 201902120757
1549979917 49.2691154604 201902120758
1549979977 49.1753817048 201902120759
1549980037 49.4241366717 201902120800
1549980097 49.1861971381 201902120801
1549980157 49.4673984050 201902120802
1549980217 49.4385572495 201902120803
1549980234 49.0672273714 201902120803
1549980294 49.4097160939 201902120804
1549980354 49.2438794493 201902120805
1549980414 49.0906608103 201902120806
1549980474 49.4169263828 201902120807
1549980534 48.9013907268 201902120808
1549980594 48.8220775489 201902120809
1549980654 49.0005321991 201902120810
1549980714 49.2727206049 201902120811
1549980774 51.1275674232 201902120812
1549980834 48.6652537654 201902120813
1549980854 49.3844800827 201902120814
1549980914 49.1249096825 201902120815
1549980974 49.3249951994 201902120816
1549981034 49.3989006605 201902120817
1549981094 48.5895457320 201902120818
1549981154 49.1267122547 201902120819
1549981214 49.2204460104 201902120820
1549981274 49.2889437549 201902120821
1549981334 49.5088575662 201902120822
1549981394 49.0942659547 201902120823
1549981454 48.8455109878 201902120824
1549981469 49.4998447051 201902120824
1549981529 49.1807894215 201902120825
1549981589 49.4043083772 201902120826
1549981649 49.1429354048 201902120827
1549981709 49.2528923104 201902120828
1549981769 49.1195019658 201902120829
1549981829 48.8310904100 201902120830
1549981889 49.1555534103 201902120831
1549981949 49.2042228604 201902120832
1549982009 49.3466260660 201902120833
1549982069 49.3087720493 201902120834
1549982087 48.6724640543 201902120834
1549982147 49.2781283215 201902120835
1549982207 49.0419913602 201902120836
1549982267 49.3718620772 201902120837
1549982327 49.1879997103 201902120838
1549982387 48.7409617988 201902120839
1549982447 49.0437939324 201902120840
1549982507 48.8563264212 201902120841
1549982567 49.2961540438 201902120842
1549982627 49.1303173992 201902120843
1549982687 49.4565829717 201902120844
1549982705 49.2222485826 201902120845
1549982765 49.0834505214 201902120846
1549982825 49.2673128882 201902120847
1549982885 49.1573559825 201902120848
1549982945 0.0012114391 201902120849
1549983005 0.0012114391 201902120850
1549983065 -0.0041962776 201902120851
1549983125 49.1789868492 201902120852
1549983185 49.4205315272 201902120853
1549983245 49.4511752550 201902120854
1549983305 49.4349521050 201902120855
1549983322 49.2078280048 201902120855
1549983382 48.9861116213 201902120856
1549983442 48.9590730379 201902120857
1549983502 49.1321199714 201902120858
1549983562 48.7896312489 201902120859
1549983622 49.3592440716 201902120900
1549983682 49.2150382937 201902120901
1549983742 49.3304029160 201902120902
1549983802 48.9302318823 201902120903
1549983862 49.1195019658 201902120904
1549983922 49.0528067936 201902120905
1549983944 49.1014762436 201902120905
1549984004 48.6183868876 201902120906
1549984064 49.0924633825 201902120907
1549984124 49.0275707824 201902120908
1549984184 49.2727206049 201902120909
1549984244 48.8563264212 201902120910
1549984304 49.0798453769 201902120911
1549984364 48.8653392823 201902120912
1549984424 49.3141797660 201902120913
1549984484 48.9067984434 201902120914
1549984544 49.2817334660 201902120915
1549984560 49.1375276881 201902120916
1549984620 49.2222485826 201902120917
1549984680 49.6746942108 201902120918
1549984740 49.1213045381 201902120919
1549984800 49.3574414994 201902120920
1549984860 49.0005321991 201902120921
1549984920 49.3159823382 201902120922
1549984980 49.3412183494 201902120923
1549985040 49.0834505214 201902120924
1549985100 49.1393302603 201902120925
1549985160 48.8905752934 201902120926
1549985178 48.8148672600 201902120926
1549985238 49.5322910051 201902120927
1549985298 49.2240511548 201902120928
1549985358 49.3087720493 201902120929
1549985418 49.0113476324 201902120930
1549985478 49.2871411827 201902120931
1549985538 49.4800164106 201902120932
1549985598 49.1429354048 201902120933
1549985658 49.1609611270 201902120934
1549985718 49.2907463271 201902120935
1549985778 49.1285148270 201902120936
1549985796 49.4439649661 201902120936
1549985856 49.4097160939 201902120937
1549985916 49.4890292717 201902120938
1549985976 49.1771842770 201902120939
1549986036 49.2186434382 201902120940
1549986096 49.3970980883 201902120941
1549986156 49.1627636992 201902120942
1549986216 49.3898877994 201902120943
1549986276 49.3448234938 201902120944
1549986336 49.2673128882 201902120945
1549986396 49.1591585548 201902120946
1549986410 49.1195019658 201902120946
1549986470 49.2583000271 201902120947
1549986530 48.6165843154 201902120948
1549986590 49.3898877994 201902120949
1549986650 49.3141797660 201902120950
1549986710 48.8094595433 201902120951
1549986770 49.4890292717 201902120952
1549986830 -0.0005911331 201902120953
1549986890 0.0084217280 201902120954
1549986950 0.0120268724 201902120955
1549987010 0.0030140113 201902120956
1549987026 0.0102243002 201902120957
1549987086 -0.0023937054 201902120958
1549987146 0.0102243002 201902120959
1549987206 0.0084217280 201902121000
1549987266 0.0102243002 201902121001
1549987326 -0.0005911331 201902121002
1549987386 0.0012114391 201902121003
1549987446 0.0066191558 201902121004
1549987506 0.0012114391 201902121005
1549987566 0.0012114391 201902121006
1549987626 0.0030140113 201902121007
1549987628 0.0030140113 201902121007
1549991271 0.0030140113 201902121107
1549991331 0.0030140113 201902121108
1549991391 0.0030140113 201902121109
1549991451 0.0030140113 201902121110
1549991511 0.0030140113 201902121111
1549991571 0.0030140113 201902121112
1549991631 0.0030140113 201902121113
1549991691 0.0030140113 201902121114
1549991751 0.0030140113 201902121115
1549991811 0.0030140113 201902121116
1549991871 0.0030140113 201902121117
1549991931 0.0030140113 201902121118
1549991991 0.0030140113 201902121119
1549992051 0.0030140113 201902121120
1549992111 0.0030140113 201902121121
1549992171 0.0030140113 201902121122
1549992231 0.0030140113 201902121123
1549992291 0.0030140113 201902121124
1549992351 0.0030140113 201902121125
1549992411 0.0030140113 201902121126
1549992471 0.0030140113 201902121127
1549992531 0.0030140113 201902121128
1549992591 0.0030140113 201902121129
1549992651 0.0030140113 201902121130
1549992711 0.0030140113 201902121131
1549992771 0.0030140113 201902121132
1549992831 0.0030140113 201902121133
1549992891 0.0030140113 201902121134
1549992951 0.0030140113 201902121135
1549993011 0.0030140113 201902121136
1549993071 0.0030140113 201902121137
1549993131 0.0030140113 201902121138
1549993191 0.0030140113 201902121139
1549993251 0.0030140113 201902121140
1549993311 0.0030140113 201902121141
1549993371 0.0030140113 201902121142
1549993431 0.0030140113 201902121143
1549993491 0.0030140113 201902121144
1549993551 0.0030140113 201902121145
1549993611 0.0030140113 201902121146
1549993671 0.0030140113 201902121147
1549993731 0.0030140113 201902121148
1549993791 0.0030140113 201902121149
1549993851 0.0030140113 201902121150
1549993911 0.0030140113 201902121151
1549993971 0.0030140113 201902121152
1549994031 0.0030140113 201902121153
1549994091 0.0030140113 201902121154
1549994151 0.0030140113 201902121155
1549994211 0.0030140113 201902121156
1549994271 0.0030140113 201902121157
1549994331 0.0030140113 201902121158
1549994391 0.0030140113 201902121159
1549994451 0.0030140113 201902121200
1549994511 0.0030140113 201902121201
1549994571 0.0030140113 201902121202
1549994631 0.0030140113 201902121203
1549994691 0.0030140113 201902121204
1549994751 0.0030140113 201902121205
1549994811 0.0030140113 201902121206
1549994857 0.0102243002 201902121207
1549994917 0.0012114391 201902121208
1549994977 0.0120268724 201902121209
1549995037 0.0012114391 201902121210
1549995097 0.0030140113 201902121211
1549995157 0.0066191558 201902121212
1549995217 0.0012114391 201902121213
1549995277 0.0066191558 201902121214
1549995337 0.0084217280 201902121215
1549995397 0.0012114391 201902121216
1549995457 0.0066191558 201902121217
1549995471 -0.0096039943 201902121217
1549995531 -0.0059988498 201902121218
1549995591 -0.0005911331 201902121219
1549995651 -0.0005911331 201902121220
1549995711 0.0084217280 201902121221
1549995771 0.0066191558 201902121222
1549995831 -0.0059988498 201902121223
1549995891 0.0048165835 201902121224
1549995951 -0.0041962776 201902121225
1549996011 0.0012114391 201902121226
1549996071 0.0012114391 201902121227
1549996085 -0.0005911331 201902121228
1549996145 0.0012114391 201902121229
1549996205 0.0084217280 201902121230
1549996265 27.5427124468 201902121231
1549996325 42.5887827990 201902121232
1549996385 48.6940949210 201902121233
1549996445 48.5336659931 201902121234
1549996505 48.3948679319 201902121235
1549996565 48.0253406260 201902121236
1549996625 48.9464550324 201902121237
1549996685 48.6400177543 201902121238
1549996700 49.3736646494 201902121238
1549996760 48.9464550324 201902121239
1549996820 49.0672273714 201902121240
1549996880 48.1677438317 201902121241
1549996940 48.6544383321 201902121242
1549997000 49.4259392439 201902121243
1549997060 48.8563264212 201902121244
1549997120 49.4043083772 201902121245
1549997180 48.8725495712 201902121246
1549997240 48.3858550708 201902121247
1549997300 49.2204460104 201902121248
1549997314 48.7319489377 201902121248
1549997374 48.7860261044 201902121249
1549997434 48.9230215934 201902121250
1549997494 49.5755527385 201902121251
1549997554 49.0437939324 201902121252
1549997614 48.3858550708 201902121253
1549997674 48.7049103544 201902121254
1549997734 49.3484286383 201902121255
1549997794 48.7896312489 201902121256
1549997854 48.7121206433 201902121257
1549997914 48.3498036263 201902121258
1549997944 49.0492016491 201902121259
1549998004 49.1086865325 201902121300
1549998064 49.4025058050 201902121301
1549998124 49.1519482659 201902121302
1549998184 48.5408762820 201902121303
1549998244 49.0401887880 201902121304
1549998304 49.2348665882 201902121305
1549998364 49.0437939324 201902121306
1549998424 48.9644807546 201902121307
1549998484 48.8437084156 201902121308
1549998544 48.8401032712 201902121309
1549998561 49.1952099992 201902121309
1549998621 48.5859405876 201902121310
1549998681 48.2560698706 201902121311
1549998741 48.6796743432 201902121312
1549998801 49.1573559825 201902121313
1549998861 49.2168408659 201902121314
1549998921 49.0239656380 201902121315
1549998981 49.1393302603 201902121316
1549999041 49.6025913218 201902121317
1549999101 49.2456820215 201902121318
1549999161 49.2114331493 201902121319
1549999174 49.3646517883 201902121319
1549999234 49.1609611270 201902121320
1549999294 49.1843945659 201902121321
1549999354 48.9518627490 201902121322
1549999414 48.8076569711 201902121323
1549999474 49.0293733547 201902121324
1549999534 49.3682569327 201902121325
1549999594 48.8599315656 201902121326
1549999654 49.5142652829 201902121327
1549999714 48.9428498879 201902121328
1549999774 49.3448234938 201902121329
1549999791 49.3502312105 201902121329
1549999851 49.4259392439 201902121330
1549999911 49.4728061217 201902121331
1549999971 49.0113476324 201902121332
1550000031 -0.0041962776 201902121333
1550000091 0.0012114391 201902121334
1550000151 49.1591585548 201902121335
1550000211 49.6656813497 201902121336
1550000271 48.8887727212 201902121337
1550000331 49.3880852272 201902121338
1550000391 49.4331495328 201902121339
1550000408 48.9662833268 201902121340
1550000468 49.5070549940 201902121341
1550000528 49.0257682102 201902121342
1550000588 49.6025913218 201902121343
1550000648 49.0744376602 201902121344
1550000708 49.3141797660 201902121345
1550000768 49.5142652829 201902121346
1550000828 49.2240511548 201902121347
1550000888 48.4255116597 201902121348
1550000948 49.2889437549 201902121349
1550001008 49.2510897382 201902121350
1550001023 48.2795033095 201902121350
1550001083 48.9518627490 201902121351
1550001143 48.6796743432 201902121352
1550001203 48.9680858990 201902121353
1550001263 49.3538363549 201902121354
1550001323 49.2456820215 201902121355
1550001383 49.5521192996 201902121356
1550001443 49.6764967830 201902121357
1550001503 48.7716055266 201902121358
1550001563 48.5715200098 201902121359
1550001623 49.5106601384 201902121400
1550001636 49.1195019658 201902121400
1550001696 49.5322910051 201902121401
1550001756 48.6742666266 201902121402
1550001816 49.3916903716 201902121403
1550001876 49.3267977716 201902121404
1550001936 48.8851675767 201902121405
1550001996 49.2420768771 201902121406
1550002056 48.7301463655 201902121407
1550002116 49.5160678551 201902121408
1550002176 49.2060254326 201902121409
1550002236 48.7499746600 201902121410
1550002251 47.7044827701 201902121410
1550002311 49.1249096825 201902121411
1550002371 49.2871411827 201902121412
1550002431 49.6152093274 201902121413
1550002491 49.5809604551 201902121414
1550002551 48.9807039046 201902121415
1550002611 49.3556389272 201902121416
1550002671 49.1519482659 201902121417
1550002731 48.9392447435 201902121418
1550002791 49.0690299436 201902121419
1550002851 48.8923778656 201902121420
1550002864 48.8959830101 201902121421
1550002924 49.2492871660 201902121422
1550002984 49.1934074270 201902121423
1550003044 49.1681714159 201902121424
1550003104 49.3628492161 201902121425
1550003164 48.6292023210 201902121426
1550003224 49.1122916769 201902121427
1550003284 49.0455965047 201902121428
1550003344 49.0347810713 201902121429
1550003404 48.6147817432 201902121430
1550003464 49.0978710992 201902121431
1550003478 48.9698884713 201902121431
1550003538 49.2619051715 201902121432
1550003598 48.6472280432 201902121433
1550003658 49.3826775105 201902121434
1550003718 49.1483431214 201902121435
1550003778 49.1861971381 201902121436
1550003838 48.9067984434 201902121437
1550003898 48.9572704657 201902121438
1550003958 48.9951244824 201902121439
1550004018 49.2673128882 201902121440
1550004078 48.6328074654 201902121441
1550004097 49.2168408659 201902121441
1550004157 49.3358106327 201902121442
1550004217 48.9067984434 201902121443
1550004277 49.0257682102 201902121444
1550004337 49.3808749383 201902121445
1550004397 49.2510897382 201902121446
1550004457 49.2817334660 201902121447
1550004517 49.3646517883 201902121448
1550004577 49.0744376602 201902121449
1550004637 49.4385572495 201902121450
1550004697 49.2384717326 201902121451
1550004707 48.9067984434 201902121451
1550004767 49.2691154604 201902121452
1550004827 -0.0023937054 201902121453
1550004887 -0.0023937054 201902121454
1550004947 -0.0023937054 201902121455
1550005007 -0.0023937054 201902121456
1550005067 49.3718620772 201902121457
1550005127 49.0726350880 201902121458
1550005187 49.0816479491 201902121459
1550005247 48.6237946043 201902121500
1550005307 49.4547803995 201902121501
1550005317 49.1050813881 201902121501
1550005377 49.2438794493 201902121502
1550005437 49.1573559825 201902121503
1550005497 49.1952099992 201902121504
1550005557 48.8815624323 201902121505
1550005617 49.6242221885 201902121506
1550005677 49.0293733547 201902121507
1550005737 48.7337515099 201902121508
1550005797 49.2637077437 201902121509
1550005857 49.1753817048 201902121510
1550005917 48.9933219102 201902121511
1550005929 49.1627636992 201902121512
1550005989 49.2601025993 201902121513
1550006049 48.7391592266 201902121514
1550006109 49.0293733547 201902121515
1550006169 49.5449090107 201902121516
1550006229 48.6454254710 201902121517
1550006289 48.6634511932 201902121518
1550006349 49.3592440716 201902121519
1550006409 49.2024202881 201902121520
1550006469 49.2060254326 201902121521
1550006529 48.7806183878 201902121522
1550006540 49.1140942492 201902121522
1550006600 48.9428498879 201902121523
1550006660 49.3826775105 201902121524
1550006720 48.9662833268 201902121525
1550006780 48.6652537654 201902121526
1550006840 49.4710035495 201902121527
1550006900 49.0510042213 201902121528
1550006960 48.5643097209 201902121529
1550007020 49.1050813881 201902121530
1550007080 49.1753817048 201902121531
1550007140 49.5611321607 201902121532
1550007157 49.2637077437 201902121532
1550007217 49.2114331493 201902121533
1550007277 49.2114331493 201902121534
1550007337 49.1916048548 201902121535
1550007397 48.9572704657 201902121536
1550007457 49.1014762436 201902121537
1550007517 48.8076569711 201902121538
1550007577 48.6958974932 201902121539
1550007637 48.5102325542 201902121540
1550007697 48.8473135600 201902121541
1550007757 49.5863681718 201902121542
1550007773 49.1014762436 201902121542
1550007833 49.3880852272 201902121543
1550007893 48.9608756101 201902121544
1550007953 49.6458530552 201902121545
1550008013 48.7698029544 201902121546
1550008073 49.1573559825 201902121547
1550008133 49.2096305770 201902121548
1550008193 48.7914338211 201902121549
1550008253 49.0546093658 201902121550
1550008313 49.4241366717 201902121551
1550008373 48.7355540822 201902121552
1550008385 49.2781283215 201902121553
1550008445 49.0185579213 201902121554
1550008505 49.7558099609 201902121555
1550008565 49.3574414994 201902121556
1550008625 49.0185579213 201902121557
1550008685 49.3556389272 201902121558
1550008745 49.3267977716 201902121559
1550008805 48.7589875211 201902121600
1550008865 49.6134067552 201902121601
1550008925 49.3213900549 201902121602
1550008985 49.4403598217 201902121603
1550009001 48.8689444267 201902121603
1550009061 49.2528923104 201902121604
1550009121 49.1843945659 201902121605
1550009181 49.0942659547 201902121606
1550009241 49.4565829717 201902121607
1550009301 49.1357251159 201902121608
1550009361 48.8328929823 201902121609
1550009421 48.9013907268 201902121610
1550009481 49.7449945275 201902121611
1550009541 49.0762402325 201902121612
1550009601 49.2222485826 201902121613
1550009794 49.2709180326 201902121616
1550009854 48.8959830101 201902121617
1550009914 48.9464550324 201902121618
1550009974 49.1807894215 201902121619
1550010034 48.7788158155 201902121620
1550010094 49.6350376219 201902121621
1550010154 49.0636222269 201902121622
1550010214 48.8905752934 201902121623
1550010224 48.8292878378 201902121623
1550010284 49.1825919937 201902121624
1550010344 49.1465405492 201902121625
1550010404 49.6007887496 201902121626
1550010464 49.4385572495 201902121627
1550010524 48.3660267763 201902121628
1550010584 49.2438794493 201902121629
1550010644 48.9879141935 201902121630
1550010704 48.6544383321 201902121631
1550010764 49.0419913602 201902121632
1550010824 48.5751251543 201902121633
1550010841 48.9446524601 201902121634
1550010901 48.9338370268 201902121635
1550010961 49.1771842770 201902121636
1550011021 48.8274852656 201902121637
1550011081 48.8581289934 201902121638
1550011141 49.5178704273 201902121639
1550011201 49.4223340994 201902121640
1550011261 49.2240511548 201902121641
1550011321 49.1825919937 201902121642
1550011381 48.7211335044 201902121643
1550011441 48.7409617988 201902121644
1550011459 48.8094595433 201902121644
1550011519 49.1014762436 201902121645
1550011579 49.1267122547 201902121646
1550011639 49.4205315272 201902121647
1550011699 49.0978710992 201902121648
1550011759 49.2835360382 201902121649
1550011819 49.0618196547 201902121650
1550011879 49.3322054883 201902121651
1550011939 48.7463695155 201902121652
1550011999 48.7643952378 201902121653
1550012059 49.2871411827 201902121654
1550012073 49.1591585548 201902121654
1550012133 48.7896312489 201902121655
1550012193 49.4475701106 201902121656
1550012253 49.2294588715 201902121657
1550012313 49.3916903716 201902121658
1550012373 49.2240511548 201902121659
1550012433 49.3952955161 201902121700
1550012493 48.9266267379 201902121701
1550012553 48.9662833268 201902121702
1550012613 49.2276562993 201902121703
1550012673 49.0726350880 201902121704
1550012686 48.9518627490 201902121704
1550012746 49.0059399157 201902121705
1550012806 49.2871411827 201902121706
1550012866 49.7936639776 201902121707
1550012926 49.2420768771 201902121708
1550012986 49.4295443883 201902121709
1550013046 49.0924633825 201902121710
1550013106 49.6170118996 201902121711
1550013166 49.1988151437 201902121712
1550013226 49.2871411827 201902121713
1550013286 49.4673984050 201902121714
1550013298 49.6296299052 201902121714
1550013358 49.2114331493 201902121715
1550013418 48.9320344546 201902121716
1550013478 49.2024202881 201902121717
1550013538 49.3033643327 201902121718
1550013598 49.0690299436 201902121719
1550013658 48.9176138768 201902121720
1550013718 49.1879997103 201902121721
1550013778 49.4944369884 201902121722
1550013838 49.7630202497 201902121723
1550013898 48.8689444267 201902121724
1550013911 49.5755527385 201902121725
1550013971 49.2889437549 201902121726
1550014031 49.1195019658 201902121727
1550014091 49.0852530936 201902121728
1550014151 49.0473990769 201902121729
1550014211 49.1339225436 201902121730
1550014271 48.5841380154 201902121731
1550014331 49.1771842770 201902121732
1550014391 48.7409617988 201902121733
1550014451 49.0708325158 201902121734
1550014511 49.3105746216 201902121735
1550014530 49.2096305770 201902121735
1550014590 49.4710035495 201902121736
1550014650 49.5395012940 201902121737
1550014710 49.3304029160 201902121738
1550014770 49.4331495328 201902121739
1550014830 49.2420768771 201902121740
1550014890 49.4529778273 201902121741
1550014950 49.1879997103 201902121742
1550015010 48.9104035879 201902121743
1550015070 48.9266267379 201902121744
1550015130 49.4241366717 201902121745
1550015145 48.9230215934 201902121745
1550015205 48.8527212767 201902121746
1550015265 48.9518627490 201902121747
1550015325 49.1609611270 201902121748
1550015385 49.6007887496 201902121749
1550015445 49.2961540438 201902121750
1550015505 49.3141797660 201902121751
1550015565 49.2060254326 201902121752
1550015625 49.4944369884 201902121753
1550015685 49.5917758885 201902121754
1550015745 49.1591585548 201902121755
1550015763 48.8923778656 201902121756
1550015823 49.6746942108 201902121757
1550015883 49.4962395606 201902121758
1550015943 49.5683424496 201902121759
1550016003 49.1645662714 201902121800
1550016063 49.6873122163 201902121801
1550016123 49.5340935773 201902121802
1550016183 48.7481720877 201902121803
1550016243 48.7860261044 201902121804
1550016303 48.4922068320 201902121805
1550016363 49.4998447051 201902121806
1550016379 49.1591585548 201902121806
1550016439 48.8743521434 201902121807
1550016499 49.2889437549 201902121808
1550016559 48.6868846321 201902121809
1550016619 49.4890292717 201902121810
1550016679 49.3880852272 201902121811
1550016739 49.6025913218 201902121812
1550016799 48.9572704657 201902121813
1550016859 49.0293733547 201902121814
1550016919 48.7932363933 201902121815
1550016979 49.7828485442 201902121816
1550016996 48.9140087323 201902121816
1550017056 48.7409617988 201902121817
1550017116 49.1068839603 201902121818
1550017176 48.6508331877 201902121819
1550017536 49.3736646494 201902121825
1550017596 49.5827630274 201902121826
1550017608 49.4547803995 201902121826
1550017668 48.7481720877 201902121827
1550017728 49.1934074270 201902121828
1550017788 49.3538363549 201902121829
1550017848 49.1609611270 201902121830
1550017908 49.5845655996 201902121831
1550017968 49.4529778273 201902121832
1550018028 49.9432774721 201902121833
1550018088 48.9518627490 201902121834
1550018148 49.1537508381 201902121835
1550018208 49.0546093658 201902121836
1550018221 49.2853386104 201902121837
1550018281 49.6116041829 201902121838
1550018341 49.5250807162 201902121839
1550018401 49.2042228604 201902121840
1550018461 49.3700595050 201902121841
1550018521 49.2078280048 201902121842
1550018581 49.0113476324 201902121843
1550018641 48.8130646878 201902121844
1550018701 49.7143507997 201902121845
1550018761 49.6224196163 201902121846
1550018821 48.9500601768 201902121847
1550018838 49.2781283215 201902121847
1550018898 49.5340935773 201902121848
1550018958 49.2132357215 201902121849
1550019018 48.4886016875 201902121850
1550019078 49.7287713775 201902121851
1550019138 49.3430209216 201902121852
1550019198 49.1879997103 201902121853
1550019258 49.8243077054 201902121854
1550019318 49.4655958328 201902121855
1550019378 48.9626781824 201902121856
1550019438 49.2799308938 201902121857
1550019463 49.5376987218 201902121857
1550019523 49.3844800827 201902121858
1550019583 49.2186434382 201902121859
1550019643 49.0095450602 201902121900
1550019703 49.7738356831 201902121901
1550019763 48.8473135600 201902121902
1550019823 49.3790723661 201902121903
1550019883 49.2276562993 201902121904
1550019943 48.9807039046 201902121905
1550020003 49.0473990769 201902121906
1550020063 49.1086865325 201902121907
1550020080 49.6458530552 201902121908
1550020140 49.1807894215 201902121909
1550020200 49.3231926271 201902121910
1550020260 49.3970980883 201902121911
1550020320 49.3916903716 201902121912
1550020380 49.0816479491 201902121913
1550020440 49.4493726828 201902121914
1550020500 49.1681714159 201902121915
1550020560 49.1465405492 201902121916
1550020620 49.0690299436 201902121917
1550020680 48.8959830101 201902121918
1550020698 49.5917758885 201902121918
1550020758 49.0834505214 201902121919
1550020818 49.2402743048 201902121920
1550020878 49.2528923104 201902121921
1550020938 49.4133212383 201902121922
1550020998 49.4890292717 201902121923
1550021058 49.1645662714 201902121924
1550021118 49.3448234938 201902121925
1550021178 49.3700595050 201902121926
1550021238 49.1807894215 201902121927
1550021298 48.8419058434 201902121928
1550021322 49.2150382937 201902121928
1550021382 49.6746942108 201902121929
1550021442 49.0888582380 201902121930
1550021502 49.1898022826 201902121931
1550021562 49.4115186661 201902121932
1550021622 49.1267122547 201902121933
1550021682 49.3898877994 201902121934
1550021742 48.9861116213 201902121935
1550021802 49.2889437549 201902121936
1550021862 48.9861116213 201902121937
1550021922 49.4746086939 201902121938
1550021942 49.2673128882 201902121939
1550022002 49.2204460104 201902121940
1550022062 49.4295443883 201902121941
1550022122 49.3736646494 201902121942
1550022182 49.5034498495 201902121943
1550022242 49.2528923104 201902121944
1550022302 49.1014762436 201902121945
1550022362 49.4133212383 201902121946
1550022422 49.5989861774 201902121947
1550022482 49.4349521050 201902121948
1550022542 49.5268832884 201902121949
1550022562 49.6873122163 201902121949
1550022622 48.9716910435 201902121950
1550022682 49.5449090107 201902121951
1550022742 49.0221630658 201902121952
1550022802 49.1789868492 201902121953
1550022862 49.0636222269 201902121954
1550022922 49.4313469606 201902121955
1550022982 49.4583855439 201902121956
1550023042 49.4529778273 201902121957
1550023102 49.3267977716 201902121958
1550023162 49.4241366717 201902121959
1550023185 49.7305739497 201902121959
1550023245 49.0239656380 201902122000
1550023305 48.9969270546 201902122001
1550023365 49.4782138384 201902122002
1550023425 49.6098016107 201902122003
1550023485 49.1483431214 201902122004
1550023545 49.1321199714 201902122005
1550023605 49.0564119380 201902122006
1550023665 49.8819900165 201902122007
1550023725 49.3394157771 201902122008
1550023785 49.8008742664 201902122009
1550023801 49.3574414994 201902122010
1550023861 48.9428498879 201902122011
1550023921 49.3989006605 201902122012
1550023981 49.8693720110 201902122013
1550024041 49.2294588715 201902122014
1550024101 49.7395868108 201902122015
1550024161 49.5575270162 201902122016
1550024221 49.5376987218 201902122017
1550024281 49.3159823382 201902122018
1550024341 49.2240511548 201902122019
1550024401 49.3466260660 201902122020
1550024420 49.4007032328 201902122020
1550024480 49.1591585548 201902122021
1550024540 49.3105746216 201902122022
1550024600 49.2763257493 201902122023
1550024660 49.3322054883 201902122024
1550024720 49.4475701106 201902122025
1550024780 49.5304884329 201902122026
1550024840 49.3520337827 201902122027
1550024900 49.3628492161 201902122028
1550024960 49.8225051331 201902122029
1550025020 49.2276562993 201902122030
1550025042 49.2637077437 201902122030
1550025102 49.7251662330 201902122031
1550025162 48.9807039046 201902122032
1550025222 49.4565829717 201902122033
1550025282 49.5358961495 201902122034
1550025342 49.4079135217 201902122035
1550025402 49.5575270162 201902122036
1550025462 49.4097160939 201902122037
1550025522 49.1086865325 201902122038
1550025582 48.9428498879 201902122039
1550025642 48.8959830101 201902122040
1550025663 49.0005321991 201902122041
1550025723 49.4854241273 201902122042
1550025783 49.4728061217 201902122043
1550025843 49.2240511548 201902122044
1550025903 49.5214755718 201902122045
1550025963 49.1591585548 201902122046
1550026023 49.3718620772 201902122047
1550026083 49.3051669049 201902122048
1550026143 48.7301463655 201902122049
1550026203 49.5413038662 201902122050
1550026263 48.9644807546 201902122051
1550026285 49.5106601384 201902122051
1550026345 48.8563264212 201902122052
1550026405 49.6260247607 201902122053
1550026765 49.4043083772 201902122059
1550026825 49.2907463271 201902122100
1550026885 49.2258537270 201902122101
1550026896 49.4782138384 201902122101
1550026956 49.2655103160 201902122102
1550027016 49.1645662714 201902122103
1550027076 49.3862826550 201902122104
1550027136 49.0257682102 201902122105
1550027196 49.5791578829 201902122106
1550027256 49.5575270162 201902122107
1550027316 49.3989006605 201902122108
1550027376 49.0185579213 201902122109
1550027436 49.3502312105 201902122110
1550027496 49.4457675384 201902122111
1550027518 49.8657668665 201902122111
1550027578 49.5196729995 201902122112
1550027638 49.8621617221 201902122113
1550027698 49.2402743048 201902122114
1550027758 49.4259392439 201902122115
1550027818 49.6043938941 201902122116
1550027878 49.3015617604 201902122117
1550027938 48.8004466822 201902122118
1550027998 49.6061964663 201902122119
1550028058 49.7125482275 201902122120
1550028118 49.3015617604 201902122121
1550028136 49.1609611270 201902122122
1550028196 49.2655103160 201902122123
1550028256 49.1465405492 201902122124
1550028316 49.3934929439 201902122125
1550028376 49.2312614437 201902122126
1550028436 48.8725495712 201902122127
1550028496 49.4818189828 201902122128
1550028556 48.9518627490 201902122129
1550028616 49.4097160939 201902122130
1550028676 49.8098871276 201902122131
1550028736 49.6566684885 201902122132
1550028757 48.9698884713 201902122132
1550028817 49.8982131665 201902122133
1550028877 49.7756382553 201902122134
1550028937 49.8243077054 201902122135
1550028997 49.8261102776 201902122136
1550029057 49.1104891047 201902122137
1550029117 49.4511752550 201902122138
1550029177 49.3989006605 201902122139
1550029237 49.2114331493 201902122140
1550029297 49.2294588715 201902122141
1550029357 49.6909173608 201902122142
1550029378 49.4565829717 201902122142
1550029438 49.6584710608 201902122143
1550029498 48.7842235322 201902122144
1550029558 49.1231071103 201902122145
1550029618 49.1303173992 201902122146
1550029678 49.0311759269 201902122147
1550029738 49.4403598217 201902122148
1550029798 49.6224196163 201902122149
1550029858 49.6891147886 201902122150
1550029918 49.1988151437 201902122151
1550029978 49.0167553491 201902122152
1550030000 49.8026768387 201902122153
1550030060 48.7986441100 201902122154
1550030120 49.3394157771 201902122155
1550030180 49.1843945659 201902122156
1550030240 49.0690299436 201902122157
1550030300 49.2348665882 201902122158
1550030360 48.9662833268 201902122159
1550030420 49.3808749383 201902122200
1550030480 48.9356395990 201902122201
1550030540 49.3880852272 201902122202
1550030600 49.2240511548 201902122203
1550030618 49.3898877994 201902122203
1550030678 48.8851675767 201902122204
1550030738 49.2276562993 201902122205
1550030798 48.8977855823 201902122206
1550030858 -0.0023937054 201902122207
1550030918 49.7467970997 201902122208
1550030978 48.8509187045 201902122209
1550031038 49.5160678551 201902122210
1550031098 49.5665398774 201902122211
1550031158 49.6548659163 201902122212
1550031218 49.5575270162 201902122213
1550031235 49.3826775105 201902122213
1550031295 49.2060254326 201902122214
1550031355 49.4043083772 201902122215
1550031415 49.1753817048 201902122216
1550031475 49.3051669049 201902122217
1550031535 49.3159823382 201902122218
1550031595 49.1717765603 201902122219
1550031655 49.4583855439 201902122220
1550031715 49.5539218718 201902122221
1550031775 48.6634511932 201902122222
1550031835 49.5340935773 201902122223
1550031854 48.8707469990 201902122224
1550031914 48.9716910435 201902122225
1550031974 49.2510897382 201902122226
1550032034 49.2745231771 201902122227
1550032094 49.4944369884 201902122228
1550032154 49.6368401941 201902122229
1550032214 49.2294588715 201902122230
1550032274 49.0077424880 201902122231
1550032334 49.3430209216 201902122232
1550032394 49.7504022442 201902122233
1550032454 49.5160678551 201902122234
1550032471 49.0690299436 201902122234
1550032531 49.5160678551 201902122235
1550032591 49.5178704273 201902122236
1550032651 49.0185579213 201902122237
1550032711 49.6999302219 201902122238
1550032771 49.1249096825 201902122239
1550032831 49.8675694387 201902122240
1550032891 49.8008742664 201902122241
1550032951 49.3267977716 201902122242
1550033011 49.4079135217 201902122243
1550033071 49.3989006605 201902122244
1550033090 48.8761547156 201902122244
1550033150 49.4385572495 201902122245
1550033210 48.9951244824 201902122246
1550033270 49.0383862158 201902122247
1550033330 49.8910028776 201902122248
1550033390 49.0401887880 201902122249
1550033450 49.6386427663 201902122250
1550033510 49.3646517883 201902122251
1550033570 0.0012114391 201902122252
1550033630 49.2510897382 201902122253
1550033690 49.5395012940 201902122254
1550033712 49.5106601384 201902122255
1550033772 49.1519482659 201902122256
1550033832 49.4836215551 201902122257
1550033892 48.8617341378 201902122258
1550033952 49.0582145102 201902122259
1550034012 48.8491161323 201902122300
1550034072 49.1303173992 201902122301
1550034132 49.6043938941 201902122302
1550034192 49.4421623939 201902122303
1550034252 49.4241366717 201902122304
1550034312 49.2258537270 201902122305
1550034333 49.2024202881 201902122305
1550034393 49.0329784991 201902122306
1550034453 48.9284293101 201902122307
1550034513 49.1447379770 201902122308
1550034573 49.0401887880 201902122309
1550034633 49.0726350880 201902122310
1550034693 48.9897167657 201902122311
1550034753 48.6868846321 201902122312
1550034813 48.8094595433 201902122313
1550034873 49.5052524217 201902122314
1550034933 49.5232781440 201902122315
1550034958 49.2132357215 201902122315
1550035018 49.0383862158 201902122316
1550035078 49.0492016491 201902122317
1550035138 49.0419913602 201902122318
1550035198 49.2637077437 201902122319
1550035258 48.8995881545 201902122320
1550035318 49.5701450218 201902122321
1550035378 49.8747797276 201902122322
1550035438 49.3051669049 201902122323
1550035498 48.8220775489 201902122324
1550035558 49.1861971381 201902122325
1550035579 49.1537508381 201902122326
1550035639 49.6278273330 201902122327
1550035699 49.5899733163 201902122328
1550035759 49.4583855439 201902122329
1550035819 49.7648228220 201902122330
1550035879 49.7125482275 201902122331
1550035939 49.3628492161 201902122332
1550035999 49.3069694771 201902122333
1550036059 49.3736646494 201902122334
1550036119 49.7828485442 201902122335
1550036179 49.4295443883 201902122336
1550036196 48.8364981267 201902122336
1550036256 49.2150382937 201902122337
1550036316 49.1699739881 201902122338
1550036376 49.5503167273 201902122339
1550036436 49.7990716942 201902122340
1550036496 49.5953810329 201902122341
1550036556 49.2691154604 201902122342
1550036616 49.3592440716 201902122343
1550036676 48.6526357599 201902122344
1550036736 49.2402743048 201902122345
1550036796 48.9716910435 201902122346
