1549346190 -1.0000000000 2019020423567
1549346246 50.6949500895 201902042357
1549346306 50.6282549172 201902042358
1549346366 49.5431064384 201902042359
1549346426 50.6823320839 201902050000
1549346486 50.3939205281 201902050001
1549346546 50.4930620004 201902050002
1549346606 50.2605301835 201902050003
1549346666 50.2172684501 201902050004
1549346726 50.0946935389 201902050005
1549346786 50.8103147118 201902050006
1549346802 50.2154658779 201902050006
1549346862 50.4245642559 201902050007
1549346922 50.3308305002 201902050008
1549346982 50.4317745448 201902050009
1549347042 50.1109166889 201902050010
1549347102 50.3290279280 201902050011
1549347162 50.4137488225 201902050012
1549347222 50.4173539670 201902050013
1549347282 50.1487707056 201902050014
1549347342 49.7702305386 201902050015
1549347402 50.3164099225 201902050016
1549347419 50.3272253558 201902050016
1549347479 50.3308305002 201902050017
1549347539 50.3037919169 201902050018
1549347599 50.3957231003 201902050019
1549347659 50.3560665114 201902050020
1549347719 50.2569250391 201902050021
1549347779 49.3286003438 201902050022
1549347839 50.4371822615 201902050023
1549347899 50.0009597833 201902050024
1549347959 50.6174394838 201902050025
1549348019 50.3308305002 201902050026
1549348041 50.9166664730 201902050027
1549348101 50.4534054115 201902050028
1549348161 50.6480832116 201902050029
1549348221 50.6102291949 201902050030
1549348281 50.6264523450 201902050031
1549348341 50.4317745448 201902050032
1549348401 50.8481687285 201902050033
1549348461 50.7976967062 201902050034
1549348521 50.0171829333 201902050035
1549348581 50.6210446283 201902050036
1549348641 50.5056800060 201902050037
1549348662 50.7922889895 201902050037
1549348722 50.7670529784 201902050038
1549348782 50.3055944891 201902050039
1549348842 50.6300574894 201902050040
1549348902 50.3290279280 201902050041
1549348962 50.9274819063 201902050042
1549349022 50.1217321223 201902050043
1549349082 50.5885983283 201902050044
1549349142 50.4389848337 201902050045
1549349202 50.7310015339 201902050046
1549349262 50.6787269394 201902050047
1549349280 50.4858517115 201902050048
1549349340 50.8499713007 201902050049
1549349400 50.2515173224 201902050050
1549349460 50.7994992784 201902050051
1549349520 50.9022458952 201902050052
1549349580 50.5885983283 201902050053
1549349640 50.7562375451 201902050054
1549349700 50.8175250007 201902050055
1549349760 50.4786414226 201902050056
1549349820 50.4948645726 201902050057
1549349880 50.0135777889 201902050058
1549349899 50.3668819447 201902050058
1549349959 50.4984697171 201902050059
1549350019 50.6282549172 201902050100
1549350079 50.2659379002 201902050101
1549350139 50.7039629506 201902050102
1549350199 50.3794999503 201902050103
1549350259 50.5327185893 201902050104
1549350319 50.7472246840 201902050105
1549350379 50.0334060833 201902050106
1549350439 50.7165809561 201902050107
1549350499 50.8499713007 201902050108
1549350520 50.4732337059 201902050108
1549350580 50.6012163338 201902050109
1549350640 50.6264523450 201902050110
1549350700 50.5002722893 201902050111
1549350760 50.8085121396 201902050112
1549350820 50.1361527001 201902050113
1549350880 50.2587276113 201902050114
1549350940 50.2605301835 201902050115
1549351000 50.2803584780 201902050116
1549351060 50.0514318056 201902050117
1549351120 50.5164954393 201902050118
1549351142 50.2370967446 201902050119
1549351202 50.3560665114 201902050120
1549351262 50.5741777505 201902050121
1549351322 50.3254227836 201902050122
1549351382 51.0049925120 201902050123
1549351442 50.7598426895 201902050124
1549351502 50.5327185893 201902050125
1549351562 50.6751217950 201902050126
1549351622 50.7273963895 201902050127
1549351682 50.5146928671 201902050128
1549351742 50.4570105559 201902050129
1549351761 50.5669674616 201902050129
1549351821 50.3758948058 201902050130
1549351881 50.4191565392 201902050131
1549351941 50.6318600616 201902050132
1549352001 50.5579546004 201902050133
1549352061 50.3975256725 201902050134
1549352121 50.2118607335 201902050135
1549352181 50.1433629890 201902050136
1549352241 50.4624182726 201902050137
1549352301 50.1523758501 201902050138
1549352361 50.3344356447 201902050139
1549352380 50.3091996336 201902050139
1549352440 49.8837925887 201902050140
1549352500 50.6408729227 201902050141
1549352560 50.1956375835 201902050142
1549352620 50.0063675000 201902050143
1549352680 50.3939205281 201902050144
1549352740 50.4894568559 201902050145
1549352800 50.4479976948 201902050146
1549352860 50.5309160171 201902050147
1549352920 50.6462806394 201902050148
1549352980 50.3776973781 201902050149
1549352997 50.4335771170 201902050149
1549353057 50.8697995952 201902050150
1549353117 50.4389848337 201902050151
1549353177 50.6210446283 201902050152
1549353237 50.7291989617 201902050153
1549353297 50.4119462503 201902050154
1549353357 50.5813880394 201902050155
1549353417 50.6120317672 201902050156
1549353477 49.9991572111 201902050157
1549353537 50.2118607335 201902050158
1549353597 50.5849931838 201902050159
1549353621 50.6264523450 201902050200
1549353681 50.3001867724 201902050201
1549353741 50.2983842002 201902050202
1549353801 50.4894568559 201902050203
1549353861 50.2334916002 201902050204
1549353921 50.3434485058 201902050205
1549353981 50.3290279280 201902050206
1549354041 50.2731481891 201902050207
1549354101 50.5922034727 201902050208
1549354161 50.7075680950 201902050209
1549354221 50.0261957944 201902050210
1549354241 50.3073970613 201902050210
1549354301 50.3722896614 201902050211
1549354361 50.6751217950 201902050212
1549354421 50.4191565392 201902050213
1549354481 50.8679970229 201902050214
1549354541 50.4173539670 201902050215
1549354601 50.2064530168 201902050216
1549354661 50.2010453001 201902050217
1549354721 50.6246497727 201902050218
1549354781 50.4516028392 201902050219
1549354841 50.6949500895 201902050220
1549354861 50.7111732395 201902050221
1549354921 50.5885983283 201902050222
1549354981 49.8116896998 201902050223
1549355041 50.5038774337 201902050224
1549355101 50.3650793725 201902050225
1549355161 50.1073115445 201902050226
1549355221 50.6480832116 201902050227
1549355281 50.5705726060 201902050228
1549355341 50.7147783839 201902050229
1549355401 50.3380407891 201902050230
1549355461 50.2064530168 201902050231
1549355485 50.4768388504 201902050231
1549355545 50.3939205281 201902050232
1549355605 50.3218176391 201902050233
1549355665 50.7688555506 201902050234
1549355725 49.9576980499 201902050235
1549355785 50.1559809945 201902050236
1549355845 50.1451655612 201902050237
1549355905 50.4786414226 201902050238
1549355965 50.3686845169 201902050239
1549356025 50.0838781056 201902050240
1549356085 50.7436195395 201902050241
1549356107 50.4029333892 201902050241
1549356167 50.0748652445 201902050242
1549356227 50.2226761668 201902050243
1549356287 50.4930620004 201902050244
1549356347 50.3813025225 201902050245
1549356407 50.2352941724 201902050246
1549356467 49.7395868108 201902050247
1549356527 50.2046504446 201902050248
1549356587 50.4732337059 201902050249
1549356647 50.4858517115 201902050250
1549356707 49.7395868108 201902050251
1549356732 50.0009597833 201902050252
1549356792 50.4786414226 201902050253
1549356852 50.2713456169 201902050254
1549356912 50.2587276113 201902050255
1549356972 50.4263668281 201902050256
1549357032 50.0298009389 201902050257
1549357092 50.7400143951 201902050258
1549357152 50.0802729611 201902050259
1549357212 50.1866247223 201902050300
1549357272 50.3308305002 201902050301
1549357332 50.2136633057 201902050302
1549357362 50.2659379002 201902050302
1549357422 50.5237057282 201902050303
1549357482 50.3488562225 201902050304
1549357542 50.3993282448 201902050305
1549357602 50.1920324390 201902050306
1549357662 50.5705726060 201902050307
1549357722 50.2893713391 201902050308
1549357782 50.5795854671 201902050309
1549357842 50.4624182726 201902050310
1549357902 50.4209591114 201902050311
1549357962 50.3434485058 201902050312
1549357989 50.4912594282 201902050313
1549358049 50.3993282448 201902050314
1549358109 49.7089430830 201902050315
1549358169 50.0243932222 201902050316
1549358229 50.3164099225 201902050317
1549358289 50.5958086171 201902050318
1549358349 50.3416459336 201902050319
1549358409 50.1019038278 201902050320
1549358469 49.9378697555 201902050321
1549358529 50.2569250391 201902050322
1549358589 50.4137488225 201902050323
1549358613 50.5056800060 201902050323
1549358673 49.9667109110 201902050324
1549358733 50.0748652445 201902050325
1549358793 50.6372677783 201902050326
1549358853 50.5128902949 201902050327
1549358913 50.8950356063 201902050328
1549358973 49.9126337443 201902050329
1549359033 50.0550369500 201902050330
1549359093 50.2893713391 201902050331
1549359153 50.3091996336 201902050332
1549359213 50.3813025225 201902050333
1549359236 50.5146928671 201902050333
1549359296 50.3362382169 201902050334
1549359356 50.5038774337 201902050335
1549359416 50.6264523450 201902050336
1549359476 50.3254227836 201902050337
1549359536 49.9739211999 201902050338
1549359596 50.4750362782 201902050339
1549359656 50.2046504446 201902050340
1549359716 50.2947790558 201902050341
1549359776 50.3470536503 201902050342
1549359836 50.2461096057 201902050343
1549359854 49.8405308554 201902050344
1549359914 50.6697140783 201902050345
1549359974 50.6588986450 201902050346
1549360034 50.6823320839 201902050347
1549360094 50.5723751782 201902050348
1549360154 50.6156369116 201902050349
1549360214 50.3776973781 201902050350
1549360274 50.5164954393 201902050351
1549360334 50.7742632673 201902050352
1549360394 50.3885128114 201902050353
1549360454 50.3578690836 201902050354
1549360474 50.2515173224 201902050354
1549360534 49.9216466054 201902050355
1549360594 50.4858517115 201902050356
1549360654 50.0406163722 201902050357
1549360714 50.6354652061 201902050358
1549360774 50.2388993168 201902050359
1549360834 50.1704015723 201902050400
1549360894 50.4263668281 201902050401
1549360954 50.3542639392 201902050402
1549361014 49.9486851888 201902050403
1549361074 50.4804439948 201902050404
1549361093 50.1505732779 201902050404
1549361153 50.5976111894 201902050405
1549361213 50.3704870892 201902050406
1549361273 50.5219031560 201902050407
1549361333 50.2821610502 201902050408
1549361393 50.1199295501 201902050409
1549361453 50.4696285615 201902050410
1549361513 50.5777828949 201902050411
1549361573 50.2190710224 201902050412
1549361633 50.5471391671 201902050413
1549361693 50.3110022058 201902050414
1549361717 50.4407874059 201902050415
1549361777 50.1199295501 201902050416
1549361837 50.3704870892 201902050417
1549361897 49.9793289166 201902050418
1549361957 50.3614742281 201902050419
1549362017 50.3055944891 201902050420
1549362077 50.4750362782 201902050421
1549362137 50.2425044613 201902050422
1549362197 50.2064530168 201902050423
1549362257 50.8031044229 201902050424
1549362317 50.8085121396 201902050425
1549362342 50.2388993168 201902050425
1549362402 50.1361527001 201902050426
1549362462 50.2443070335 201902050427
1549362522 50.3452510780 201902050428
1549362582 50.3434485058 201902050429
1549362642 50.5219031560 201902050430
1549362702 50.4407874059 201902050431
1549362762 50.2280838835 201902050432
1549362822 50.4461951226 201902050433
1549362882 49.8279128498 201902050434
1549362942 50.1920324390 201902050435
1549362966 50.4461951226 201902050436
1549363026 50.4606157004 201902050437
1549363086 50.4660234170 201902050438
1549363146 50.3506587947 201902050439
1549363206 50.2983842002 201902050440
1549363266 50.1253372667 201902050441
1549363326 50.3722896614 201902050442
1549363386 50.1992427279 201902050443
1549363446 50.3254227836 201902050444
1549363506 49.9162388888 201902050445
1549363566 50.2695430446 201902050446
1549363588 50.6390703505 201902050446
1549363648 50.5182980115 201902050447
1549363708 50.9959796508 201902050448
1549363768 50.2587276113 201902050449
1549363828 50.2677404724 201902050450
1549363888 50.3524613669 201902050451
1549363948 50.2316890279 201902050452
1549364008 49.9721186277 201902050453
1549364068 50.6030189060 201902050454
1549364128 50.2785559058 201902050455
1549364188 50.1361527001 201902050456
1549364208 50.5723751782 201902050456
1549364268 50.6841346561 201902050457
1549364328 49.9504877610 201902050458
1549364388 49.5358961495 201902050459
1549364448 50.2352941724 201902050500
1549364508 50.1974401557 201902050501
1549364568 50.2370967446 201902050502
1549364628 50.6877398006 201902050503
1549364688 50.4191565392 201902050504
1549364748 49.7540073886 201902050505
1549364808 50.2028478724 201902050506
1549364833 50.1307449834 201902050507
1549364893 50.3344356447 201902050508
1549364953 50.2316890279 201902050509
1549365013 49.8116896998 201902050510
1549365073 50.6300574894 201902050511
1549365133 50.4083411059 201902050512
1549365193 49.4079135217 201902050513
1549365253 50.2388993168 201902050514
1549365313 50.3578690836 201902050515
1549365373 50.6300574894 201902050516
1549365433 50.3110022058 201902050517
1549365454 50.1812170057 201902050517
1549365514 49.8315179943 201902050518
1549365574 50.6390703505 201902050519
1549365634 49.9018183110 201902050520
1549365694 50.5020748615 201902050521
1549365754 49.8225051331 201902050522
1549365814 50.4083411059 201902050523
1549365874 50.1451655612 201902050524
1549365934 49.8819900165 201902050525
1549365994 50.3001867724 201902050526
1549366054 50.3921179559 201902050527
1549366077 50.0946935389 201902050527
1549366137 50.4065385336 201902050528
1549366197 50.3560665114 201902050529
1549366257 49.8711745832 201902050530
1549366317 50.4912594282 201902050531
1549366377 50.3308305002 201902050532
1549366437 50.3308305002 201902050533
1549366497 50.3362382169 201902050534
1549366557 50.5128902949 201902050535
1549366617 50.4552079837 201902050536
1549366677 50.0910883945 201902050537
1549366702 50.3506587947 201902050538
1549366762 50.0568395222 201902050539
1549366822 50.3380407891 201902050540
1549366882 50.1812170057 201902050541
1549366942 50.2659379002 201902050542
1549367002 50.1830195779 201902050543
1549367062 50.3091996336 201902050544
1549367122 50.3578690836 201902050545
1549367182 50.4534054115 201902050546
1549367242 50.3885128114 201902050547
1549367302 50.2100581613 201902050548
1549367323 49.9252517499 201902050548
1549367383 50.2388993168 201902050549
1549367443 50.1848221501 201902050550
1549367503 50.4011308170 201902050551
1549367563 50.2082555890 201902050552
1549367623 50.1235346945 201902050553
1549367683 50.4930620004 201902050554
1549367743 50.1307449834 201902050555
1549367803 50.2136633057 201902050556
1549367863 -0.0023937054 201902050557
1549367923 0.0084217280 201902050558
1549367942 0.0048165835 201902050559
1549368002 50.6300574894 201902050600
1549368062 50.2172684501 201902050601
1549368122 50.1523758501 201902050602
1549368182 50.2172684501 201902050603
1549368242 50.0225906500 201902050604
1549368302 50.4335771170 201902050605
1549368362 50.5885983283 201902050606
1549368422 49.7594151053 201902050607
1549368482 50.1523758501 201902050608
1549368542 50.1109166889 201902050609
1549368566 50.1199295501 201902050609
1549368626 50.7796709840 201902050610
1549368686 50.3001867724 201902050611
1549368746 50.1974401557 201902050612
1549368806 50.5849931838 201902050613
1549368866 50.5327185893 201902050614
1549368926 50.5074825782 201902050615
1549368986 50.5525468838 201902050616
1549369046 50.2028478724 201902050617
1549369106 50.3200150669 201902050618
1549369166 50.3957231003 201902050619
1549369186 49.8297154220 201902050619
1549369246 50.4245642559 201902050620
1549369306 50.2208735946 201902050621
1549369366 50.2100581613 201902050622
1549369426 50.0027623555 201902050623
1549369486 50.1830195779 201902050624
1549369546 50.3722896614 201902050625
1549369606 48.6021637376 201902050626
1549369666 50.6769243672 201902050627
1549369726 49.5773553107 201902050628
1549369786 50.4768388504 201902050629
1549369808 50.0856806778 201902050630
1549369868 50.4552079837 201902050631
1549369928 50.0388138000 201902050632
1549369988 49.8080845553 201902050633
1549370048 50.5723751782 201902050634
1549370108 50.2767533335 201902050635
1549370168 50.3110022058 201902050636
1549370228 50.1073115445 201902050637
1549370288 50.3632768003 201902050638
1549370348 50.5291134449 201902050639
1549370408 50.1055089723 201902050640
1549370432 50.2749507613 201902050640
1549370492 50.1884272946 201902050641
1549370552 50.5399288782 201902050642
1549370612 50.4552079837 201902050643
1549370672 50.3182124947 201902050644
1549370732 50.4353796892 201902050645
1549370734 50.4516028392 201902050645
1549370794 50.2190710224 201902050646
1549370854 0.0012114391 201902050647
1549370914 0.0012114391 201902050648
1549370974 0.0012114391 201902050649
1549371034 0.0012114391 201902050650
1549371094 0.0012114391 201902050651
1549371154 0.0012114391 201902050652
1549371214 0.0012114391 201902050653
1549371274 0.0012114391 201902050654
1549371334 50.7652504062 201902050655
1549371394 50.5976111894 201902050656
1549371454 50.0388138000 201902050657
1549371514 50.0820755334 201902050658
1549371574 50.5940060449 201902050659
1549371634 50.6300574894 201902050700
1549371666 50.2911739113 201902050701
1549371726 49.8982131665 201902050702
1549371786 50.5417314504 201902050703
1549371846 50.4083411059 201902050704
1549371906 49.7702305386 201902050705
1549371966 50.1235346945 201902050706
1549372026 50.6516883561 201902050707
1549372086 50.0261957944 201902050708
1549372146 50.3091996336 201902050709
1549372206 50.5327185893 201902050710
1549372266 50.4696285615 201902050711
1549372292 50.0838781056 201902050711
1549372352 49.8369257109 201902050712
1549372412 50.6102291949 201902050713
1549372472 50.2983842002 201902050714
1549372532 50.5795854671 201902050715
1549372592 49.8855951610 201902050716
1549372652 50.2533198946 201902050717
1549372712 50.2857661947 201902050718
1549372772 50.5525468838 201902050719
1549372832 50.5309160171 201902050720
1549372892 50.3236202114 201902050721
1549372915 50.3993282448 201902050721
1549372975 50.5795854671 201902050722
1549373035 50.3776973781 201902050723
1549373095 49.9649083388 201902050724
1549373155 50.2280838835 201902050725
1549373215 50.5669674616 201902050726
1549373275 50.0388138000 201902050727
1549373335 50.1920324390 201902050728
1549373395 50.3849076670 201902050729
1549373455 50.0586420945 201902050730
1549373515 50.2154658779 201902050731
1549373536 50.0730626722 201902050732
1549373596 -0.0041962776 201902050733
1549373656 50.3740922336 201902050734
1549373716 50.4389848337 201902050735
1549373776 50.6174394838 201902050736
1549373836 50.4389848337 201902050737
1549373896 50.1109166889 201902050738
1549373956 50.4227616837 201902050739
1549374016 49.9667109110 201902050740
1549374076 49.9540929055 201902050741
1549374136 50.1037064000 201902050742
1549374160 49.9306594666 201902050742
1549374220 50.2641353280 201902050743
1549374280 50.2551224668 201902050744
1549374340 50.0207880778 201902050745
1549374400 49.2853386104 201902050746
1549374460 49.8892003054 201902050747
1549374520 50.4822465670 201902050748
1549374580 50.5363237338 201902050749
1549374640 48.3534087707 201902050750
1549374700 50.3326330725 201902050751
1549374760 50.0334060833 201902050752
1549374785 50.4317745448 201902050753
1549374845 50.2370967446 201902050754
1549374905 50.3939205281 201902050755
1549374965 50.6733192228 201902050756
1549375025 50.5309160171 201902050757
1549375085 50.3686845169 201902050758
1549375145 49.6746942108 201902050759
1549375205 50.2497147502 201902050800
1549375265 50.0424189444 201902050801
1549375325 50.2659379002 201902050802
1549375385 50.3380407891 201902050803
1549375407 50.4065385336 201902050803
1549375467 49.6242221885 201902050804
1549375527 50.2479121780 201902050805
1549375587 49.1555534103 201902050806
1549375647 50.3434485058 201902050807
1549375707 50.1523758501 201902050808
1549375767 50.3380407891 201902050809
1549375827 50.2443070335 201902050810
1549375887 50.0622472389 201902050811
1549375947 0.0048165835 201902050812
1549376007 50.4822465670 201902050813
1549376031 49.9054234554 201902050813
1549376091 49.1681714159 201902050814
1549376151 49.2889437549 201902050815
1549376211 50.1253372667 201902050816
1549376271 50.3236202114 201902050817
1549376331 49.8711745832 201902050818
1549376391 50.1559809945 201902050819
1549376451 50.1938350112 201902050820
1549376511 50.0928909667 201902050821
1549376571 49.6224196163 201902050822
1549376631 50.1073115445 201902050823
1549376653 50.1307449834 201902050824
1549376713 49.5575270162 201902050825
1549376773 49.6548659163 201902050826
1549376833 50.0316035111 201902050827
1549376893 49.6422479108 201902050828
1549376953 49.7648228220 201902050829
1549377013 49.6134067552 201902050830
1549377073 49.6260247607 201902050831
1549377133 49.9991572111 201902050832
1549377193 49.9324620388 201902050833
1549377253 49.9847366333 201902050834
1549377273 49.7774408275 201902050834
1549377333 50.1181269778 201902050835
1549377393 49.9955520666 201902050836
1549377453 49.9126337443 201902050837
1549377513 49.7522048164 201902050838
1549377573 50.0820755334 201902050839
1549377633 49.9432774721 201902050840
1549377693 49.8044794109 201902050841
1549377753 50.0820755334 201902050842
1549377813 50.1577835668 201902050843
1549377873 49.8693720110 201902050844
1549377893 50.0261957944 201902050844
1549377953 49.9775263444 201902050845
1549378013 49.0870556658 201902050846
1549378073 49.7972691220 201902050847
1549378133 49.8837925887 201902050848
1549378193 50.1253372667 201902050849
1549378253 49.9108311721 201902050850
1549378313 49.6584710608 201902050851
1549378373 50.1127192612 201902050852
1549378433 49.5899733163 201902050853
1549378493 49.8531488609 201902050854
1549378511 50.1631912834 201902050855
1549378571 49.9288568943 201902050856
1549378631 49.8441359998 201902050857
1549378691 49.6981276497 201902050858
1549378751 49.8675694387 201902050859
1549378811 49.8441359998 201902050900
1549378871 49.0131502046 201902050901
1549378931 50.0676549556 201902050902
1549378991 49.7431919553 201902050903
1549379051 49.9000157388 201902050904
1549379111 49.6728916386 201902050905
1549379133 49.9396723277 201902050905
1549379193 49.9775263444 201902050906
1549379253 49.7936639776 201902050907
1549379313 50.0766678167 201902050908
1549379373 50.1794144334 201902050909
1549379433 49.8459385720 201902050910
1549379493 49.1465405492 201902050911
1549379553 49.8892003054 201902050912
1549379613 49.5268832884 201902050913
1549379673 49.8964105943 201902050914
1549379733 49.7810459720 201902050915
1549379753 50.1091141167 201902050915
1549379813 49.8423334276 201902050916
1549379873 49.7972691220 201902050917
1549379933 50.3542639392 201902050918
1549379993 49.6746942108 201902050919
1549380053 49.9378697555 201902050920
1549380113 49.2835360382 201902050921
1549380173 49.9504877610 201902050922
1549380233 49.8170974165 201902050923
1549380293 50.0982986834 201902050924
1549380353 50.0532343778 201902050925
1549380371 49.9919469222 201902050926
1549380431 49.9216466054 201902050927
1549380491 0.0048165835 201902050928
1549380551 49.7107456553 201902050929
1549380611 49.7792433998 201902050930
1549380671 49.8315179943 201902050931
1549380731 49.6386427663 201902050932
1549380791 49.4151238105 201902050933
1549380851 49.9108311721 201902050934
1549380911 49.4241366717 201902050935
1549380971 49.7305739497 201902050936
1549380990 49.8297154220 201902050936
1549381050 49.4728061217 201902050937
1549381110 49.5611321607 201902050938
1549381170 49.8747797276 201902050939
1549381230 50.0838781056 201902050940
1549381290 49.9613031944 201902050941
1549381350 49.8783848721 201902050942
1549381410 49.6314324774 201902050943
1549381470 49.6440504830 201902050944
1549381530 50.6192420561 201902050945
1549381590 50.6264523450 201902050946
1549381611 50.5128902949 201902050946
1549381671 49.9252517499 201902050947
1549381731 50.1433629890 201902050948
1549381791 49.9504877610 201902050949
1549381851 50.5020748615 201902050950
1549381911 50.4768388504 201902050951
1549381971 50.0009597833 201902050952
1549382031 50.8085121396 201902050953
1549382091 50.0442215167 201902050954
1549382151 50.1704015723 201902050955
1549382211 50.4443925503 201902050956
1549382228 50.8355507229 201902050957
1549382233 50.3867102392 201902050957
1549382242 50.6192420561 201902050957
1549382253 50.2983842002 201902050957
1549382255 50.3344356447 201902050957
1549382256 50.0189855055 201902050957
1549382258 50.3903153836 201902050957
1549382261 50.1758092890 201902050957
1549382263 50.1037064000 201902050957
1549382267 50.0207880778 201902050957
1549382327 50.3921179559 201902050958
1549382387 50.3614742281 201902050959
1549382447 0.0120268724 201902051000
1549389107 -0.0005911331 201902051151
1549389167 -0.0005911331 201902051152
1549389227 -0.0005911331 201902051153
1549389287 -0.0005911331 201902051154
1549389347 -0.0005911331 201902051155
1549389407 -0.0005911331 201902051156
1549389467 -0.0005911331 201902051157
1549389527 -0.0005911331 201902051158
1549389587 -0.0005911331 201902051159
1549389647 -0.0005911331 201902051200
1549389707 -0.0005911331 201902051201
1549389767 -0.0005911331 201902051202
1549389827 -0.0005911331 201902051203
1549389887 -0.0005911331 201902051204
1549389947 -0.0005911331 201902051205
1549390007 -0.0005911331 201902051206
1549390067 -0.0005911331 201902051207
1549390127 -0.0005911331 201902051208
1549390187 -0.0005911331 201902051209
1549390247 -0.0005911331 201902051210
1549390307 -0.0005911331 201902051211
1549390367 -0.0005911331 201902051212
1549390427 -0.0005911331 201902051213
1549390487 -0.0005911331 201902051214
1549390547 -0.0005911331 201902051215
1549390607 -0.0005911331 201902051216
1549390667 -0.0005911331 201902051217
1549390727 -0.0005911331 201902051218
1549390787 -0.0005911331 201902051219
1549390847 -0.0005911331 201902051220
1549390907 -0.0005911331 201902051221
1549390967 -0.0005911331 201902051222
1549391027 -0.0005911331 201902051223
1549391087 -0.0005911331 201902051224
1549391147 -0.0005911331 201902051225
1549391207 -0.0005911331 201902051226
1549391267 -0.0005911331 201902051227
1549391327 -0.0005911331 201902051228
1549391387 -0.0005911331 201902051229
1549391447 -0.0005911331 201902051230
1549391507 -0.0005911331 201902051231
1549391567 -0.0005911331 201902051232
1549391627 -0.0005911331 201902051233
1549391687 -0.0005911331 201902051234
1549391747 -0.0005911331 201902051235
1549391807 -0.0005911331 201902051236
1549391867 -0.0005911331 201902051237
1549391927 -0.0005911331 201902051238
1549391987 -0.0005911331 201902051239
1549392047 -0.0005911331 201902051240
1549392107 -0.0005911331 201902051241
1549392167 -0.0005911331 201902051242
1549392227 -0.0005911331 201902051243
1549392287 -0.0005911331 201902051244
1549392347 -0.0005911331 201902051245
1549392407 -0.0005911331 201902051246
1549392467 -0.0005911331 201902051247
1549392487 -0.0005911331 201902051248
1549392536 -0.0005911331 201902051248
1549392596 -0.0005911331 201902051249
1549392656 -0.0005911331 201902051250
1549392716 -0.0041962776 201902051251
1549392776 -0.0041962776 201902051252
1549392836 -0.0041962776 201902051253
1549392896 -0.0041962776 201902051254
1549392956 -0.0041962776 201902051255
1549393016 -0.0041962776 201902051256
1549393076 -0.0041962776 201902051257
1549393136 -0.0041962776 201902051258
1549393196 -0.0041962776 201902051259
1549393256 -0.0041962776 201902051300
1549393316 -0.0041962776 201902051301
1549393376 -0.0041962776 201902051302
1549393436 -0.0041962776 201902051303
1549393496 -0.0041962776 201902051304
1549393556 -0.0041962776 201902051305
1549393616 -0.0041962776 201902051306
1549393676 -0.0041962776 201902051307
1549393736 -0.0041962776 201902051308
1549393796 -0.0041962776 201902051309
1549393856 -0.0041962776 201902051310
1549393916 -0.0041962776 201902051311
1549393976 -0.0041962776 201902051312
1549394036 -0.0041962776 201902051313
1549394096 -0.0041962776 201902051314
1549394156 -0.0041962776 201902051315
1549394216 -0.0041962776 201902051316
1549394276 -0.0041962776 201902051317
1549394336 -0.0041962776 201902051318
1549394396 -0.0041962776 201902051319
1549394456 -0.0041962776 201902051320
1549394516 -0.0041962776 201902051321
1549394576 -0.0041962776 201902051322
1549394636 -0.0041962776 201902051323
1549394696 -0.0041962776 201902051324
1549394756 -0.0041962776 201902051325
1549394816 -0.0041962776 201902051326
1549394876 -0.0041962776 201902051327
1549394936 -0.0041962776 201902051328
1549394996 -0.0041962776 201902051329
1549395056 -0.0041962776 201902051330
1549395116 -0.0041962776 201902051331
1549395176 -0.0041962776 201902051332
1549395184 -0.0041962776 201902051333
1549395232 -0.0041962776 201902051333
1549397692 0.0030140113 201902051414
1549397752 0.0030140113 201902051415
1549397812 0.0030140113 201902051416
1549397872 0.0030140113 201902051417
1549397932 0.0030140113 201902051418
1549397992 0.0030140113 201902051419
1549398052 0.0030140113 201902051420
1549398112 0.0030140113 201902051421
1549398172 0.0030140113 201902051422
1549398232 0.0030140113 201902051423
1549398292 0.0030140113 201902051424
1549398352 0.0030140113 201902051425
1549398412 0.0030140113 201902051426
1549398472 0.0030140113 201902051427
1549398532 0.0030140113 201902051428
1549398592 0.0030140113 201902051429
1549398652 0.0030140113 201902051430
1549398712 0.0030140113 201902051431
1549398772 0.0030140113 201902051432
1549398832 0.0030140113 201902051433
1549398892 0.0030140113 201902051434
1549398952 0.0030140113 201902051435
1549399012 0.0030140113 201902051436
1549399072 0.0030140113 201902051437
1549399132 0.0030140113 201902051438
1549399192 0.0030140113 201902051439
1549399252 0.0030140113 201902051440
1549399312 0.0030140113 201902051441
1549399372 0.0030140113 201902051442
1549399432 0.0030140113 201902051443
1549399492 0.0030140113 201902051444
1549399552 0.0030140113 201902051445
1549399612 0.0030140113 201902051446
1549399672 0.0030140113 201902051447
1549399732 0.0030140113 201902051448
1549399792 0.0030140113 201902051449
1549399852 0.0030140113 201902051450
1549399912 0.0030140113 201902051451
1549399972 0.0030140113 201902051452
1549400032 0.0030140113 201902051453
1549400092 0.0030140113 201902051454
1549400152 0.0030140113 201902051455
1549400212 0.0030140113 201902051456
1549400272 0.0030140113 201902051457
1549400332 0.0030140113 201902051458
1549400392 0.0030140113 201902051459
1549400452 0.0030140113 201902051500
1549400512 0.0030140113 201902051501
1549400572 0.0030140113 201902051502
1549400632 0.0030140113 201902051503
1549400692 0.0030140113 201902051504
1549400752 0.0030140113 201902051505
1549400812 0.0030140113 201902051506
1549400872 0.0030140113 201902051507
1549400932 0.0030140113 201902051508
1549400992 0.0030140113 201902051509
1549401052 0.0030140113 201902051510
1549401112 0.0030140113 201902051511
1549401172 0.0030140113 201902051512
1549401232 0.0030140113 201902051513
1549401292 49.2042228604 201902051514
1549401352 49.6242221885 201902051515
1549401412 49.6350376219 201902051516
1549401472 50.1361527001 201902051517
1549401495 49.8008742664 201902051518
1549401555 50.1289424112 201902051519
1549401615 49.6116041829 201902051520
1549401675 50.1505732779 201902051521
1549401735 49.6873122163 201902051522
1549401795 50.0928909667 201902051523
1549401855 49.6386427663 201902051524
1549401915 49.7215610886 201902051525
1549401975 49.7684279664 201902051526
1549402035 50.2172684501 201902051527
1549402095 50.2767533335 201902051528
1549402155 50.3398433614 201902051529
1549402169 50.1433629890 201902051529
1549402229 50.1019038278 201902051530
1549402289 50.0117752166 201902051531
1549402349 50.1722041446 201902051532
1549402409 50.1740067168 201902051533
1549402469 50.1127192612 201902051534
1549402529 50.0460240889 201902051535
1549402589 50.0586420945 201902051536
1549402649 50.3037919169 201902051537
1549402709 49.8747797276 201902051538
1549402769 50.2749507613 201902051539
1549402781 50.4335771170 201902051539
1549402841 49.8657668665 201902051540
1549402901 50.0207880778 201902051541
1549402961 50.0802729611 201902051542
1549403021 50.3939205281 201902051543
1549403081 50.1595861390 201902051544
1549403141 50.2785559058 201902051545
1549403201 50.8535764452 201902051546
1549403261 49.9757237722 201902051547
1549403321 50.1001012556 201902051548
1549403381 50.3470536503 201902051549
1549403394 50.3776973781 201902051549
1549403454 50.1830195779 201902051550
1549403514 50.7472246840 201902051551
1549403574 50.3488562225 201902051552
1549403634 50.0676549556 201902051553
1549403694 50.4660234170 201902051554
1549403754 50.1595861390 201902051555
1549403814 49.8531488609 201902051556
1549403874 50.4966671448 201902051557
1549403934 50.2623327557 201902051558
1549403994 44.1065486114 201902051559
1549404007 50.2965816280 201902051600
1549404067 49.3700595050 201902051601
1549404127 50.3704870892 201902051602
1549404187 50.0982986834 201902051603
1549404247 50.4642208448 201902051604
1549404307 50.3885128114 201902051605
1549404367 50.2388993168 201902051606
1549404427 50.2298864557 201902051607
1549404487 50.2659379002 201902051608
1549404547 50.3614742281 201902051609
1549404607 49.8819900165 201902051610
1549404621 50.1109166889 201902051610
1549404681 50.4191565392 201902051611
1549404741 50.4317745448 201902051612
1549404801 49.9000157388 201902051613
1549404861 50.0514318056 201902051614
1549404921 49.8044794109 201902051615
1549404981 50.1704015723 201902051616
1549405041 50.1848221501 201902051617
1549405101 50.2352941724 201902051618
1549405161 50.5309160171 201902051619
1549405221 50.5146928671 201902051620
1549405236 49.7467970997 201902051620
1549405296 50.4299719726 201902051621
1549405356 50.3128047780 201902051622
1549405416 50.0694575278 201902051623
1549405476 50.3128047780 201902051624
1549405536 50.2749507613 201902051625
1549405596 50.2425044613 201902051626
1549405656 50.0856806778 201902051627
1549405716 50.2713456169 201902051628
1549405776 50.2425044613 201902051629
1549405836 50.2028478724 201902051630
1549405855 50.0370112278 201902051630
1549405915 50.2352941724 201902051631
1549405975 50.2100581613 201902051632
1549406035 50.1902298668 201902051633
1549406095 50.1938350112 201902051634
1549406155 50.0045649277 201902051635
1549406215 50.4804439948 201902051636
1549406275 50.1866247223 201902051637
1549406335 50.4065385336 201902051638
1549406395 50.3362382169 201902051639
1549406455 50.3073970613 201902051640
1549406476 50.2569250391 201902051641
1549406536 50.1469681334 201902051642
1549406596 50.3939205281 201902051643
1549406656 49.9631057666 201902051644
1549406716 50.2316890279 201902051645
1549406776 50.0964961112 201902051646
1549406836 50.1181269778 201902051647
1549406896 50.1974401557 201902051648
1549406956 49.7954665498 201902051649
1549407016 49.7197585164 201902051650
1549407076 50.2713456169 201902051651
1549407095 49.6674839219 201902051651
1549407155 49.8279128498 201902051652
1549407215 49.2763257493 201902051653
1549407275 50.0820755334 201902051654
1549407335 50.1397578445 201902051655
1549407395 49.7648228220 201902051656
1549407455 50.2767533335 201902051657
1549407515 50.1649938557 201902051658
1549407575 50.1253372667 201902051659
1549407635 50.2064530168 201902051700
1549407695 50.3542639392 201902051701
1549407713 49.9721186277 201902051701
1549407773 50.5849931838 201902051702
1549407833 49.7882562609 201902051703
1549407893 49.8405308554 201902051704
1549407953 50.2172684501 201902051705
1549408013 49.8152948442 201902051706
1549408073 50.5002722893 201902051707
1549408133 50.0460240889 201902051708
1549408193 50.1415604167 201902051709
1549408253 50.1253372667 201902051710
1549408313 50.5705726060 201902051711
1549408329 49.7882562609 201902051712
1549408389 49.9703160555 201902051713
1549408449 50.5020748615 201902051714
1549408509 50.2911739113 201902051715
1549408569 50.1343501279 201902051716
1549408629 50.0928909667 201902051717
1549408689 50.2334916002 201902051718
1549408749 49.9486851888 201902051719
1549408809 49.8387282831 201902051720
1549408869 50.2262813113 201902051721
1549408929 49.6602736330 201902051722
1549408944 49.5665398774 201902051722
1549409004 49.6296299052 201902051723
1549409064 50.1037064000 201902051724
1549409124 49.6098016107 201902051725
1549409184 49.8855951610 201902051726
1549409244 -0.0005911331 201902051727
1549409304 49.8801874443 201902051728
1549409364 49.0437939324 201902051729
1549409424 50.2911739113 201902051730
1549409484 49.8369257109 201902051731
1549409544 50.0712601000 201902051732
1549409559 50.0027623555 201902051732
1549409619 49.5449090107 201902051733
1549409679 49.6638787774 201902051734
1549409739 50.2407018891 201902051735
1549409799 50.4155513948 201902051736
1549409859 49.8441359998 201902051737
1549409919 50.0874832500 201902051738
1549409979 50.2082555890 201902051739
1549410039 49.9865392055 201902051740
1549410099 49.8207025609 201902051741
1549410159 49.7251662330 201902051742
1549410174 50.5507443116 201902051742
1549410234 50.0279983666 201902051743
1549410294 50.3308305002 201902051744
1549410354 50.0207880778 201902051745
1549410414 50.0820755334 201902051746
1549410474 50.0153803611 201902051747
1549410534 50.2046504446 201902051748
1549410594 49.9757237722 201902051749
1549410654 50.3488562225 201902051750
1549410714 50.3326330725 201902051751
1549410774 50.0243932222 201902051752
1549410788 50.0892858223 201902051753
1549410848 49.9180414610 201902051754
1549410908 49.8549514332 201902051755
1549410968 50.0640498111 201902051756
1549411028 50.0081700722 201902051757
1549411088 50.0388138000 201902051758
1549411148 50.0694575278 201902051759
1549411208 49.8008742664 201902051800
1549411268 50.4371822615 201902051801
1549411328 49.9504877610 201902051802
1549411388 49.7900588331 201902051803
1549411404 49.2673128882 201902051803
1549411464 50.2983842002 201902051804
1549411524 50.1794144334 201902051805
1549411584 50.3110022058 201902051806
1549411644 50.1956375835 201902051807
1549411704 49.8405308554 201902051808
1549411764 50.1163244056 201902051809
1549411824 50.0135777889 201902051810
1549411884 50.0550369500 201902051811
1549411944 49.8783848721 201902051812
1549412004 50.0081700722 201902051813
1549412019 50.2821610502 201902051813
1549412079 49.5467115829 201902051814
1549412139 49.9576980499 201902051815
1549412199 50.1469681334 201902051816
1549412259 49.9955520666 201902051817
1549412319 50.3380407891 201902051818
1549412379 49.9468826166 201902051819
1549412439 50.0189855055 201902051820
1549412499 49.8801874443 201902051821
1549412559 50.0171829333 201902051822
1549412619 50.0298009389 201902051823
1549412636 49.3826775105 201902051823
1549412696 50.1902298668 201902051824
1549412756 50.4011308170 201902051825
1549412816 49.9126337443 201902051826
1549412876 49.8964105943 201902051827
1549412936 50.2749507613 201902051828
1549412996 49.8747797276 201902051829
1549413056 50.3704870892 201902051830
1549413116 50.1145218334 201902051831
1549413176 50.3632768003 201902051832
1549413236 50.1181269778 201902051833
1549413249 50.1649938557 201902051834
1549413309 50.3452510780 201902051835
1549413369 50.0496292333 201902051836
1549413429 50.1397578445 201902051837
1549413489 -0.0041962776 201902051838
1549413549 50.4245642559 201902051839
1549413609 49.9360671832 201902051840
1549413669 49.8351231387 201902051841
1549413729 50.5164954393 201902051842
1549413789 49.9054234554 201902051843
1549413849 50.3290279280 201902051844
1549413865 49.4854241273 201902051844
1549413925 50.2388993168 201902051845
1549413985 50.0676549556 201902051846
1549414045 49.8567540054 201902051847
1549414105 50.2641353280 201902051848
1549414165 50.0586420945 201902051849
1549414225 48.8256826934 201902051850
1549414285 50.3073970613 201902051851
1549414345 50.2695430446 201902051852
1549414405 50.2118607335 201902051853
1549414465 50.3993282448 201902051854
1549414482 50.1812170057 201902051854
1549414542 50.0784703889 201902051855
1549414602 50.1019038278 201902051856
1549414662 50.2677404724 201902051857
1549414722 50.5182980115 201902051858
1549414782 49.9090285999 201902051859
1549414842 50.0892858223 201902051900
1549414902 50.3037919169 201902051901
1549414962 50.2983842002 201902051902
1549415022 50.2262813113 201902051903
1549415082 49.7594151053 201902051904
1549415097 50.3164099225 201902051904
1549415157 50.1451655612 201902051905
1549415217 50.0838781056 201902051906
1549415277 49.9901443499 201902051907
1549415337 50.6534909283 201902051908
1549415397 49.9991572111 201902051909
1549415457 50.3614742281 201902051910
1549415517 49.9901443499 201902051911
1549415577 50.2911739113 201902051912
1549415637 50.1974401557 201902051913
1549415697 50.3939205281 201902051914
1549415711 50.2316890279 201902051915
1549415771 50.0225906500 201902051916
1549415831 50.0586420945 201902051917
1549415891 50.1758092890 201902051918
1549415951 49.6692864941 201902051919
1549416011 50.1505732779 201902051920
1549416071 50.0766678167 201902051921
1549416131 50.1722041446 201902051922
1549416191 50.2893713391 201902051923
1549416251 50.0261957944 201902051924
1549416311 50.2965816280 201902051925
1549416329 50.3019893447 201902051925
1549416389 50.4930620004 201902051926
1549416449 50.3398433614 201902051927
1549416509 50.2425044613 201902051928
1549416569 50.4624182726 201902051929
1549416629 49.8801874443 201902051930
1549416689 50.0676549556 201902051931
1549416749 49.6025913218 201902051932
1549416809 49.9540929055 201902051933
1549416869 50.2226761668 201902051934
1549416929 50.0117752166 201902051935
1549416944 50.4948645726 201902051935
1549417004 50.0730626722 201902051936
1549417064 50.1433629890 201902051937
1549417124 50.3885128114 201902051938
1549417184 50.0568395222 201902051939
1549417244 50.0802729611 201902051940
1549417304 50.4119462503 201902051941
1549417364 50.2677404724 201902051942
1549417424 50.3434485058 201902051943
1549417484 50.2533198946 201902051944
1549417544 50.3957231003 201902051945
1549417562 50.1361527001 201902051946
1549417622 49.9919469222 201902051947
1549417682 49.9937494944 201902051948
1549417742 50.1055089723 201902051949
1549417802 50.4858517115 201902051950
1549417862 50.2821610502 201902051951
1549417922 50.5507443116 201902051952
1549417982 50.4570105559 201902051953
1549418042 50.3091996336 201902051954
1549418102 50.2515173224 201902051955
1549418162 50.6480832116 201902051956
1549418178 49.9649083388 201902051956
1549418238 50.1667964279 201902051957
1549418298 50.6408729227 201902051958
1549418358 50.5291134449 201902051959
1549418418 50.3993282448 201902052000
1549418478 50.7598426895 201902052001
1549418538 50.5489417393 201902052002
1549418598 50.5922034727 201902052003
1549418658 50.1163244056 201902052004
1549418718 49.9613031944 201902052005
1549418778 50.2983842002 201902052006
1549418794 50.4516028392 201902052006
1549418854 50.5651648893 201902052007
1549418914 50.4894568559 201902052008
1549418974 50.1001012556 201902052009
1549419034 50.3362382169 201902052010
1549419094 50.4137488225 201902052011
1549419154 50.2569250391 201902052012
1549419214 50.4624182726 201902052013
1549419274 50.4407874059 201902052014
1549419334 50.5813880394 201902052015
1549419394 50.5074825782 201902052016
1549419412 50.5201005837 201902052016
1549419472 50.4984697171 201902052017
1549419532 50.2965816280 201902052018
1549419592 50.5237057282 201902052019
1549419652 50.3885128114 201902052020
1549419712 50.3614742281 201902052021
1549419772 50.6877398006 201902052022
1549419832 0.0030140113 201902052023
1549419892 50.5885983283 201902052024
1549419952 50.5958086171 201902052025
1549420012 50.7328041062 201902052026
1549420028 50.3452510780 201902052027
1549420088 50.5904009005 201902052028
1549420148 50.4768388504 201902052029
1549420208 50.7364092506 201902052030
1549420268 50.3110022058 201902052031
1549420328 50.3434485058 201902052032
1549420388 50.5525468838 201902052033
1549420448 50.4732337059 201902052034
1549420508 50.8607867341 201902052035
1549420568 50.4137488225 201902052036
1549420628 50.3722896614 201902052037
1549420646 50.5705726060 201902052037
1549420706 50.2028478724 201902052038
1549420766 50.3813025225 201902052039
1549420826 50.3362382169 201902052040
1549420886 50.2497147502 201902052041
1549420946 50.6066240505 201902052042
1549421006 50.5831906116 201902052043
1549421066 50.6210446283 201902052044
1549421126 50.7400143951 201902052045
1549421186 50.3831050947 201902052046
1549421246 49.4493726828 201902052047
1549421261 50.4353796892 201902052047
1549421321 50.5219031560 201902052048
1549421381 50.2875687669 201902052049
1549421441 50.6985552339 201902052050
1549421501 50.8175250007 201902052051
1549421561 -0.0005911331 201902052052
1549421621 0.0048165835 201902052053
1549421681 -0.0059988498 201902052054
1549421741 -0.0078014220 201902052055
1549421801 -0.0023937054 201902052056
1549421861 0.0030140113 201902052057
1549421875 51.0915159787 201902052057
1549421935 50.5219031560 201902052058
1549421995 50.4732337059 201902052059
1549422055 50.1595861390 201902052100
1549422115 50.7724606951 201902052101
1549422175 50.1379552723 201902052102
1549422235 50.3560665114 201902052103
1549422295 50.5813880394 201902052104
1549422355 50.5651648893 201902052105
1549422415 50.6534909283 201902052106
1549422475 50.3524613669 201902052107
1549422494 50.3272253558 201902052108
1549422554 50.4371822615 201902052109
1549422614 50.3903153836 201902052110
1549422674 50.6895423728 201902052111
1549422734 50.2461096057 201902052112
1549422794 50.4714311337 201902052113
1549422854 50.5741777505 201902052114
1549422914 50.1866247223 201902052115
1549422974 50.5849931838 201902052116
1549423034 50.2010453001 201902052117
1549423094 50.5885983283 201902052118
1549423110 50.7021603784 201902052118
1549423170 50.6516883561 201902052119
1549423230 50.3470536503 201902052120
1549423290 50.3794999503 201902052121
1549423350 50.4858517115 201902052122
1549423410 50.4606157004 201902052123
1549423470 50.4065385336 201902052124
1549423530 50.2911739113 201902052125
1549423590 50.6931475172 201902052126
1549423650 50.8806150285 201902052127
1549423710 50.5201005837 201902052128
1549423729 50.5976111894 201902052128
1549423789 50.0388138000 201902052129
1549423849 50.6426754950 201902052130
1549423909 50.4516028392 201902052131
1549423969 50.1433629890 201902052132
1549424029 50.3488562225 201902052133
1549424089 50.6210446283 201902052134
1549424149 50.6570960728 201902052135
1549424209 50.8968381785 201902052136
1549424269 50.5958086171 201902052137
1549424329 50.4029333892 201902052138
1549424342 50.7868812729 201902052139
1549424402 50.3921179559 201902052140
1549424462 50.4281694003 201902052141
1549424522 50.7544349728 201902052142
1549424582 50.0964961112 201902052143
1549424642 50.5074825782 201902052144
1549424702 50.1253372667 201902052145
1549424762 50.4461951226 201902052146
1549424822 50.6282549172 201902052147
1549424882 50.4011308170 201902052148
1549424942 50.4984697171 201902052149
1549424957 50.4209591114 201902052149
1549425017 50.3146073502 201902052150
1549425077 50.1884272946 201902052151
1549425137 50.1235346945 201902052152
1549425197 50.5182980115 201902052153
1549425257 50.6895423728 201902052154
1549425317 50.5867957560 201902052155
1549425377 50.7976967062 201902052156
1549425437 50.6733192228 201902052157
1549425497 51.0861082620 201902052158
1549425557 50.5381263060 201902052159
1549425576 50.7003578061 201902052159
1549425636 50.4948645726 201902052200
1549425696 49.7756382553 201902052201
1549425756 50.5940060449 201902052202
1549425816 50.4894568559 201902052203
1549425876 50.7760658395 201902052204
1549425936 50.5759803227 201902052205
1549425996 50.5309160171 201902052206
1549426056 50.6967526617 201902052207
1549426116 50.2388993168 201902052208
1549426176 50.7868812729 201902052209
1549426190 50.7598426895 201902052209
1549426250 50.8932330341 201902052210
1549426310 50.7796709840 201902052211
1549426370 50.6787269394 201902052212
1549426430 50.4714311337 201902052213
1549426490 50.6426754950 201902052214
1549426550 50.5092851504 201902052215
1549426610 50.7904864173 201902052216
1549426670 50.1415604167 201902052217
1549426730 49.8315179943 201902052218
1549426790 50.5092851504 201902052219
1549426808 50.4768388504 201902052220
1549426868 50.2443070335 201902052221
1549426928 50.0442215167 201902052222
1549426988 50.5687700338 201902052223
1549427048 50.1631912834 201902052224
1549427108 50.3110022058 201902052225
1549427168 50.5237057282 201902052226
1549427228 50.6156369116 201902052227
1549427288 50.5201005837 201902052228
1549427348 50.5453365949 201902052229
1549427408 50.0604446667 201902052230
1549427425 50.3254227836 201902052230
1549427485 50.2533198946 201902052231
1549427545 50.4443925503 201902052232
1549427605 50.5669674616 201902052233
1549427665 50.8193275729 201902052234
1549427725 50.3957231003 201902052235
1549427785 50.4948645726 201902052236
1549427845 50.4029333892 201902052237
1549427905 50.4588131281 201902052238
1549427965 50.1289424112 201902052239
1549428025 50.2370967446 201902052240
1549428040 50.3650793725 201902052240
1549428100 49.8585565776 201902052241
1549428160 50.6931475172 201902052242
1549428220 50.3957231003 201902052243
1549428280 50.1487707056 201902052244
1549428340 50.5976111894 201902052245
1549428400 50.7490272562 201902052246
1549428460 50.6841346561 201902052247
1549428520 50.7291989617 201902052248
1549428580 50.6174394838 201902052249
1549428640 49.9613031944 201902052250
1549428656 50.6498857839 201902052250
1549428716 50.2028478724 201902052251
1549428776 50.2893713391 201902052252
1549428836 50.4047359614 201902052253
1549428896 50.5795854671 201902052254
1549428956 50.5291134449 201902052255
1549429016 50.5471391671 201902052256
1549429076 50.8499713007 201902052257
1549429136 50.4552079837 201902052258
1549429196 50.8373532951 201902052259
1549429256 50.4570105559 201902052300
1549429271 50.4335771170 201902052301
1549429331 50.6534909283 201902052302
1549429391 50.5741777505 201902052303
1549429451 50.6949500895 201902052304
1549429511 50.4191565392 201902052305
1549429571 50.6895423728 201902052306
1549429631 50.3704870892 201902052307
1549429691 50.0604446667 201902052308
1549429751 50.3488562225 201902052309
1549429811 50.8121172840 201902052310
1549429871 50.5759803227 201902052311
1549429888 50.2172684501 201902052311
1549429948 50.2767533335 201902052312
1549430008 50.5561520282 201902052313
1549430068 50.4930620004 201902052314
1549430128 50.2749507613 201902052315
1549430188 50.5831906116 201902052316
1549430248 50.1704015723 201902052317
1549430308 50.2821610502 201902052318
1549430368 50.4173539670 201902052319
1549430428 50.5471391671 201902052320
1549430488 50.4876542837 201902052321
1549430504 50.1920324390 201902052321
1549430564 50.2605301835 201902052322
1549430624 50.5795854671 201902052323
1549430684 50.8283404340 201902052324
1549430744 50.6769243672 201902052325
1549430804 50.1704015723 201902052326
1549430864 50.7850787007 201902052327
1549430924 50.6210446283 201902052328
1549430984 50.1325475556 201902052329
1549431044 50.6787269394 201902052330
1549431104 50.7598426895 201902052331
1549431119 50.2443070335 201902052331
1549431179 50.3794999503 201902052332
1549431239 50.4948645726 201902052333
1549431299 50.4714311337 201902052334
1549431359 50.4335771170 201902052335
1549431419 50.5164954393 201902052336
1549431479 50.5363237338 201902052337
1549431539 50.5885983283 201902052338
1549431599 50.4209591114 201902052339
1549431659 50.4840491393 201902052340
1549431719 50.1379552723 201902052341
1549431736 50.2713456169 201902052342
1549431796 50.5164954393 201902052343
1549431856 50.5255083004 201902052344
1549431916 50.4552079837 201902052345
1549431976 50.2010453001 201902052346
1549432036 50.2262813113 201902052347
1549432096 49.9685134833 201902052348
1549432156 50.3849076670 201902052349
1549432216 50.5885983283 201902052350
1549432276 50.5110877226 201902052351
1549432336 50.7039629506 201902052352
