1549260040 -1.0000000000 2019020400007
1549260096 50.5849931838 201902040001
1549260156 50.8247352896 201902040002
1549260216 50.9166664730 201902040003
1549260276 50.9617307786 201902040004
1549260336 50.9094561841 201902040005
1549260396 50.5741777505 201902040006
1549260456 50.4624182726 201902040007
1549260516 50.7039629506 201902040008
1549260576 50.5813880394 201902040009
1549260636 50.4281694003 201902040010
1549260653 50.3470536503 201902040010
1549260713 50.6985552339 201902040011
1549260773 50.5994137616 201902040012
1549260833 50.4732337059 201902040013
1549260893 50.9364947675 201902040014
1549260953 50.5110877226 201902040015
1549261013 50.3903153836 201902040016
1549261073 50.3146073502 201902040017
1549261133 50.8085121396 201902040018
1549261193 50.4317745448 201902040019
1549261253 50.0189855055 201902040020
1549261272 50.8896278896 201902040021
1549261332 50.7526324006 201902040022
1549261392 50.5561520282 201902040023
1549261452 50.5273108726 201902040024
1549261512 50.9545204897 201902040025
1549261572 50.3055944891 201902040026
1549261632 50.5579546004 201902040027
1549261692 50.5453365949 201902040028
1549261752 50.7291989617 201902040029
1549261812 50.8193275729 201902040030
1549261872 50.9743487842 201902040031
1549261893 50.1884272946 201902040031
1549261953 50.6607012172 201902040032
1549262013 50.0856806778 201902040033
1549262073 51.2807860622 201902040034
1549262133 50.8373532951 201902040035
1549262193 51.1311725676 201902040036
1549262253 50.7346066784 201902040037
1549262313 50.4137488225 201902040038
1549262373 50.6751217950 201902040039
1549262433 49.9342646110 201902040040
1549262493 50.2839636224 201902040041
1549262513 50.6877398006 201902040041
1549262573 50.5994137616 201902040042
1549262633 50.3560665114 201902040043
1549262693 50.8193275729 201902040044
1549262753 50.3849076670 201902040045
1549262813 50.2497147502 201902040046
1549262873 50.5958086171 201902040047
1549262933 50.5453365949 201902040048
1549262993 50.6931475172 201902040049
1549263053 50.1974401557 201902040050
1549263113 50.6354652061 201902040051
1549263133 50.6661089339 201902040052
1549263193 50.9653359230 201902040053
1549263253 50.9743487842 201902040054
1549263313 50.6084266227 201902040055
1549263373 51.0644773953 201902040056
1549263433 50.1848221501 201902040057
1549263493 51.0843056898 201902040058
1549263553 50.6985552339 201902040059
1549263613 50.9400999119 201902040100
1549263673 50.6336626338 201902040101
1549263733 50.7382118228 201902040102
1549263753 50.7021603784 201902040102
1549263813 50.3686845169 201902040103
1549263873 50.8752073118 201902040104
1549263933 50.5615597449 201902040105
1549263993 50.8625893063 201902040106
1549264053 50.6895423728 201902040107
1549264113 50.5597571727 201902040108
1549264173 50.8553790174 201902040109
1549264233 50.3506587947 201902040110
1549264293 51.0049925120 201902040111
1549264353 50.3200150669 201902040112
1549264375 50.5038774337 201902040112
1549264435 50.7508298284 201902040113
1549264495 50.8679970229 201902040114
1549264555 50.5795854671 201902040115
1549264615 50.5922034727 201902040116
1549264675 51.0194130897 201902040117
1549264735 50.5345211615 201902040118
1549264795 50.8463661563 201902040119
1549264855 50.6823320839 201902040120
1549264915 51.1582111510 201902040121
1549264975 50.5940060449 201902040122
1549264997 50.6282549172 201902040123
1549265057 50.9545204897 201902040124
1549265117 50.8932330341 201902040125
1549265177 51.0933185509 201902040126
1549265237 51.0284259509 201902040127
1549265297 50.3704870892 201902040128
1549265357 50.8337481507 201902040129
1549265417 50.7183835284 201902040130
1549265477 51.1491982899 201902040131
1549265537 50.7129758117 201902040132
1549265597 50.3326330725 201902040133
1549265617 50.6787269394 201902040133
1549265677 51.0807005454 201902040134
1549265737 50.6787269394 201902040135
1549265797 50.3614742281 201902040136
1549265857 50.4912594282 201902040137
1549265917 50.7886838451 201902040138
1549265930 51.2753783455 201902040138
1549265990 50.1433629890 201902040139
1549266050 50.6102291949 201902040140
1549266110 50.0298009389 201902040141
1549266170 50.7994992784 201902040142
1549266230 50.1704015723 201902040143
1549266290 50.7940915618 201902040144
1549266350 50.7562375451 201902040145
1549266410 50.8409584396 201902040146
1549266470 51.0122028009 201902040147
1549266530 50.9112587563 201902040148
1549266590 50.7940915618 201902040149
1549266650 50.4299719726 201902040150
1549266710 50.3055944891 201902040151
1549266770 50.3831050947 201902040152
1549266830 50.1343501279 201902040153
1549266868 50.7760658395 201902040154
1549266928 50.6318600616 201902040155
1549266988 50.6012163338 201902040156
1549267048 50.6426754950 201902040157
1549267108 50.8427610118 201902040158
1549267168 50.7382118228 201902040159
1549267228 50.9202716174 201902040200
1549267288 50.5813880394 201902040201
1549267348 50.9509153452 201902040202
1549267408 50.9671384953 201902040203
1549267468 50.5795854671 201902040204
1549267488 51.1834471621 201902040204
1549267548 50.6679115061 201902040205
1549267608 50.6588986450 201902040206
1549267668 50.2875687669 201902040207
1549267728 50.1667964279 201902040208
1549267788 50.8445635840 201902040209
1549267848 50.7183835284 201902040210
1549267908 50.6823320839 201902040211
1549267968 51.1131468454 201902040212
1549268028 50.9815590730 201902040213
1549268088 50.5182980115 201902040214
1549268113 50.8301430062 201902040215
1549268173 50.6138343394 201902040216
1549268233 50.5777828949 201902040217
1549268293 50.8860227452 201902040218
1549268353 50.6967526617 201902040219
1549268413 51.0807005454 201902040220
1549268473 50.4822465670 201902040221
1549268533 50.2479121780 201902040222
1549268593 50.5687700338 201902040223
1549268653 50.8085121396 201902040224
1549268713 50.6715166505 201902040225
1549268735 50.2407018891 201902040225
1549268795 50.7814735562 201902040226
1549268855 50.8265378618 201902040227
1549268915 50.5831906116 201902040228
1549268975 50.7183835284 201902040229
1549269035 50.7724606951 201902040230
1549269095 51.0049925120 201902040231
1549269155 51.2014728844 201902040232
1549269215 50.9977822231 201902040233
1549269275 50.6534909283 201902040234
1549269335 50.5237057282 201902040235
1549269358 50.7328041062 201902040235
1549269418 50.7165809561 201902040236
1549269478 50.8283404340 201902040237
1549269538 50.7111732395 201902040238
1549269598 50.8085121396 201902040239
1549269658 51.3168375067 201902040240
1549269718 50.5345211615 201902040241
1549269778 50.3542639392 201902040242
1549269838 50.5651648893 201902040243
1549269898 50.4804439948 201902040244
1549269958 49.9054234554 201902040245
1549269980 50.4119462503 201902040246
1549270040 50.9455076286 201902040247
1549270100 50.7940915618 201902040248
1549270160 50.8337481507 201902040249
1549270220 51.0590696787 201902040250
1549270280 50.4642208448 201902040251
1549270340 50.0243932222 201902040252
1549270400 50.3524613669 201902040253
1549270460 50.3831050947 201902040254
1549270520 50.6895423728 201902040255
1549270580 50.5038774337 201902040256
1549270602 50.7598426895 201902040256
1549270662 50.5110877226 201902040257
1549270722 50.5651648893 201902040258
1549270782 50.9419024841 201902040259
1549270842 51.1726317288 201902040300
1549270902 50.9815590730 201902040301
1549270962 51.0825031176 201902040302
1549271022 50.8950356063 201902040303
1549271082 50.7886838451 201902040304
1549271142 50.7183835284 201902040305
1549271202 50.8373532951 201902040306
1549271223 50.2479121780 201902040307
1549271283 50.7472246840 201902040308
1549271343 50.5885983283 201902040309
1549271403 50.6751217950 201902040310
1549271463 50.9076536119 201902040311
1549271523 50.3398433614 201902040312
1549271583 50.2623327557 201902040313
1549271643 50.6228472005 201902040314
1549271703 49.8675694387 201902040315
1549271763 50.4588131281 201902040316
1549271823 50.1740067168 201902040317
1549271846 50.6192420561 201902040317
1549271906 50.8914304619 201902040318
1549271966 50.5885983283 201902040319
1549272026 50.5705726060 201902040320
1549272086 50.6643063617 201902040321
1549272146 50.3794999503 201902040322
1549272206 50.5633623171 201902040323
1549272266 50.5056800060 201902040324
1549272326 50.2641353280 201902040325
1549272386 50.2857661947 201902040326
1549272446 50.7255938173 201902040327
1549272469 50.5705726060 201902040327
1549272529 50.1253372667 201902040328
1549272589 50.2965816280 201902040329
1549272649 50.4732337059 201902040330
1549272709 50.3560665114 201902040331
1549272769 50.1307449834 201902040332
1549272829 50.6228472005 201902040333
1549272889 50.3254227836 201902040334
1549272949 50.1649938557 201902040335
1549273009 50.2388993168 201902040336
1549273069 50.4570105559 201902040337
1549273091 50.3488562225 201902040338
1549273151 50.7724606951 201902040339
1549273211 50.3993282448 201902040340
1549273271 49.9018183110 201902040341
1549273331 50.2929764835 201902040342
1549273391 49.9973546388 201902040343
1549273451 50.1127192612 201902040344
1549273511 50.2785559058 201902040345
1549273571 50.4281694003 201902040346
1549273631 50.4425899781 201902040347
1549273691 49.8315179943 201902040348
1549273713 50.2280838835 201902040348
1549273773 50.6426754950 201902040349
1549273833 50.3506587947 201902040350
1549273893 50.4786414226 201902040351
1549273953 50.3704870892 201902040352
1549274013 50.3831050947 201902040353
1549274073 50.6120317672 201902040354
1549274133 50.8571815896 201902040355
1549274193 45.3575337347 201902040356
1549274253 50.6643063617 201902040357
1549274313 50.1217321223 201902040358
1549274335 50.4389848337 201902040358
1549274395 50.2334916002 201902040359
1549274455 50.6913449450 201902040400
1549274515 50.4696285615 201902040401
1549274575 50.1830195779 201902040402
1549274635 50.3128047780 201902040403
1549274695 50.7382118228 201902040404
1549274755 50.6679115061 201902040405
1549274815 50.3416459336 201902040406
1549274875 50.5219031560 201902040407
1549274935 50.2551224668 201902040408
1549274959 50.3452510780 201902040409
1549275019 50.0694575278 201902040410
1549275079 50.8517738729 201902040411
1549275139 50.5291134449 201902040412
1549275199 50.1794144334 201902040413
1549275259 49.9180414610 201902040414
1549275319 50.6372677783 201902040415
1549275379 50.0964961112 201902040416
1549275439 50.0838781056 201902040417
1549275499 50.8175250007 201902040418
1549275559 50.0243932222 201902040419
1549275582 50.7165809561 201902040419
1549275642 50.5110877226 201902040420
1549275702 50.0514318056 201902040421
1549275762 50.3975256725 201902040422
1549275822 50.4425899781 201902040423
1549275882 50.7994992784 201902040424
1549275942 50.2461096057 201902040425
1549276002 50.7580401173 201902040426
1549276062 50.2929764835 201902040427
1549276122 50.3560665114 201902040428
1549276182 50.6084266227 201902040429
1549276206 50.4750362782 201902040430
1549276266 50.4642208448 201902040431
1549276326 50.7616452617 201902040432
1549276386 50.3849076670 201902040433
1549276446 50.6300574894 201902040434
1549276506 49.9378697555 201902040435
1549276566 50.3308305002 201902040436
1549276626 50.2136633057 201902040437
1549276686 50.3164099225 201902040438
1549276746 50.0135777889 201902040439
1549276806 50.2785559058 201902040440
1549276829 50.8085121396 201902040440
1549276889 50.1704015723 201902040441
1549276949 50.3254227836 201902040442
1549277009 50.4263668281 201902040443
1549277069 50.6949500895 201902040444
1549277129 50.5922034727 201902040445
1549277189 48.7842235322 201902040446
1549277249 50.2767533335 201902040447
1549277309 50.0207880778 201902040448
1549277369 50.3380407891 201902040449
1549277429 50.1181269778 201902040450
1549277452 50.6516883561 201902040450
1549277512 50.4822465670 201902040451
1549277572 50.3254227836 201902040452
1549277632 50.7796709840 201902040453
1549277692 50.2947790558 201902040454
1549277752 50.5471391671 201902040455
1549277812 50.5417314504 201902040456
1549277872 50.3794999503 201902040457
1549277932 49.9847366333 201902040458
1549277992 50.0027623555 201902040459
1549278052 49.8801874443 201902040500
1549278073 50.4029333892 201902040501
1549278133 50.3632768003 201902040502
1549278193 50.7400143951 201902040503
1549278253 50.6498857839 201902040504
1549278313 -0.0023937054 201902040505
1549278373 -0.0059988498 201902040506
1549278433 0.0084217280 201902040507
1549278493 0.0066191558 201902040508
1549278553 0.0030140113 201902040509
1549278613 0.0030140113 201902040510
1549278673 0.0030140113 201902040511
1549278685 0.0030140113 201902040511
1549278745 -0.0041962776 201902040512
1549278805 -0.0041962776 201902040513
1549278865 -0.0041962776 201902040514
1549278925 -0.0041962776 201902040515
1549278985 -0.0041962776 201902040516
1549279045 -0.0041962776 201902040517
1549279105 17.3365485155 201902040518
1549279165 19.0093355392 201902040519
1549279225 22.7172266036 201902040520
1549279285 22.6415185702 201902040521
1549279300 22.5982568368 201902040521
1549279360 24.3233184550 201902040522
1549279420 25.9131871564 201902040523
1549279480 25.9528437454 201902040524
1549279540 25.9546463176 201902040525
1549279600 27.3552449355 201902040526
1549279660 25.8537022731 201902040527
1549279720 25.9528437454 201902040528
1549279780 25.9708694676 201902040529
1549279840 25.7779942397 201902040530
1549279900 25.9438308842 201902040531
1549279916 26.0141312010 201902040531
1549279976 25.8500971286 201902040532
1549280036 25.7437453674 201902040533
1549280096 26.0267492065 201902040534
1549280156 25.8879511453 201902040535
1549280216 25.8753331397 201902040536
1549280276 25.9582514620 201902040537
1549280336 25.5652907172 201902040538
1549280396 25.8933588620 201902040539
1549280456 26.0537877899 201902040540
1549280516 26.0051183399 201902040541
1549280534 25.9961054787 201902040542
1549280594 25.9816849009 201902040543
1549280654 25.8464919842 201902040544
1549280714 25.8374791230 201902040545
1549280774 25.7329299341 201902040546
1549280834 25.9564488898 201902040547
1549280894 25.9438308842 201902040548
1549280954 25.9961054787 201902040549
1549281014 26.0411697843 201902040550
1549281074 25.8482945564 201902040551
1549281134 25.9077794398 201902040552
1549281151 25.9492386009 201902040552
1549281211 26.0609980788 201902040553
1549281271 26.0988520955 201902040554
1549281331 25.9600540343 201902040555
1549281391 26.1096675288 201902040556
1549281451 26.0285517788 201902040557
1549281511 25.8140456841 201902040558
1549281571 26.0195389176 201902040559
1549281631 25.9943029065 201902040600
1549281691 25.9456334565 201902040601
1549281751 26.0664057955 201902040602
1549281768 26.0718135121 201902040602
1549281828 25.9816849009 201902040603
1549281888 25.9528437454 201902040604
1549281948 25.9979080510 201902040605
1549282008 24.4296702162 201902040606
1549282068 24.3647776162 201902040607
1549282128 24.4260650718 201902040608
1549282188 24.3305287439 201902040609
1549282248 24.6495840275 201902040610
1549282308 24.4386830774 201902040611
1549282368 24.3485544662 201902040612
1549282384 24.2908721550 201902040613
1549282444 24.2962798717 201902040614
1549282504 -0.0041962776 201902040615
1549282564 0.0066191558 201902040616
1549282624 17.3725999600 201902040617
1549282684 17.1707118709 201902040618
1549282744 20.5433245017 201902040619
1549282804 22.2287295310 201902040620
1549282864 22.1818626531 201902040621
1549282924 22.0683006030 201902040622
1549282984 -0.0005911331 201902040623
1549283002 0.0048165835 201902040623
1549283062 21.9817771363 201902040624
1549283122 22.0863263253 201902040625
1549283182 22.4666690645 201902040626
1549283242 22.4378279089 201902040627
1549283302 17.2229864654 201902040628
1549283362 17.2788662044 201902040629
1549283422 17.1616990098 201902040630
1549283482 17.0841884042 201902040631
1549283542 17.1671067265 201902040632
1549283602 17.3022996433 201902040633
1549283621 17.2950893544 201902040633
1549283681 17.4374925601 201902040634
1549283741 17.4176642656 201902040635
1549283801 17.2770636321 201902040636
1549283861 17.2013555987 201902040637
1549283921 17.3419562322 201902040638
1549283981 17.0301112375 201902040639
1549284041 17.2338018988 201902040640
1549284101 17.3077073599 201902040641
1549284161 17.2211838932 201902040642
1549284221 17.2590379099 201902040643
1549284238 17.2067633154 201902040643
1549284298 17.2626430543 201902040644
1549284358 17.1580938654 201902040645
1549284418 17.3581793822 201902040646
1549284478 17.3041022155 201902040647
1549284538 17.2824713488 201902040648
1549284598 17.2031581710 201902040649
1549284658 17.1797247321 201902040650
1549284718 17.3311407989 201902040651
1549284778 17.1508835765 201902040652
1549284838 17.2500250488 201902040653
1549284854 17.1761195876 201902040654
1549284914 24.1214303660 201902040655
1549284974 23.8979114102 201902040656
1549285034 17.3365485155 201902040657
1549285094 17.1725144432 201902040658
1549285154 17.2085658876 201902040659
1549285214 17.1851324487 201902040700
1549285274 0.0012114391 201902040701
1549285334 17.2428147599 201902040702
1549285394 17.1040166986 201902040703
1549285454 17.0535446764 201902040704
1549285471 17.1490810042 201902040704
1549285531 17.2229864654 201902040705
1549285591 17.2770636321 201902040706
1549285651 17.1364629987 201902040707
1549285711 17.1526861487 201902040708
1549285771 17.0048752263 201902040709
1549285831 17.2896816377 201902040710
1549285891 0.0120268724 201902040711
1549285951 0.0048165835 201902040712
1549286011 17.0319138097 201902040713
1549286071 17.3401536600 201902040714
1549286087 16.9634160652 201902040714
1549286147 17.1725144432 201902040715
1549286207 17.3798102489 201902040716
1549286267 17.3509690933 201902040717
1549286327 17.4068488323 201902040718
1549286387 17.0950038375 201902040719
1549286447 17.2572353377 201902040720
1549286507 17.1490810042 201902040721
1549286567 17.2626430543 201902040722
1549286627 17.2554327655 201902040723
1549286687 17.2536301932 201902040724
1549286703 17.3347459433 201902040725
1549286763 17.2842739210 201902040726
1549286823 17.3347459433 201902040727
1549286883 17.1184372764 201902040728
1549286943 17.1130295598 201902040729
1549287003 17.0445318153 201902040730
1549287063 17.0679652542 201902040731
1549287123 17.1436732876 201902040732
1549287183 16.9976649374 201902040733
1549287243 17.1166347042 201902040734
1549287303 16.9688237819 201902040735
1549287320 17.3004970710 201902040735
1549287380 16.9706263541 201902040736
1549287440 17.0841884042 201902040737
1549287500 17.0048752263 201902040738
1549287560 17.1238449931 201902040739
1549287620 16.8498540151 201902040740
1549287680 17.1310552820 201902040741
1549287740 17.1094244153 201902040742
1549287800 17.0391240986 201902040743
1549287860 17.0391240986 201902040744
1549287920 17.0823858320 201902040745
1549287935 17.0571498208 201902040745
1549287995 17.1725144432 201902040746
1549288055 17.2482224766 201902040747
1549288115 17.2175787488 201902040748
1549288175 17.3581793822 201902040749
1549288235 17.0751755431 201902040750
1549288295 17.1436732876 201902040751
1549288355 17.0841884042 201902040752
1549288415 17.0048752263 201902040753
1549288475 17.2013555987 201902040754
1549288535 0.0012114391 201902040755
1549288558 -0.0023937054 201902040755
1549288618 38.1616654173 201902040756
1549288678 38.5834673176 201902040757
1549288738 40.6852665306 201902040758
1549288798 40.9953089531 201902040759
1549288858 41.1377121588 201902040800
1549288918 41.0692144143 201902040801
1549288978 43.6739312777 201902040802
1549289038 0.0048165835 201902040803
1549289098 0.0102243002 201902040804
1549289158 0.0012114391 201902040805
1549289180 43.6559055555 201902040806
1549289240 44.1209691892 201902040807
1549289300 44.2832006893 201902040808
1549289360 44.1480077726 201902040809
1549289420 44.1462052003 201902040810
1549289480 43.8848322279 201902040811
1549289540 44.0308405780 201902040812
1549289600 44.2291235226 201902040813
1549289660 44.0164200002 201902040814
1549289720 44.2201106615 201902040815
1549289780 44.3931575950 201902040816
1549289802 44.1317846225 201902040816
1549289862 44.6058611174 201902040817
1549289922 44.1912695059 201902040818
1549289982 44.0993383225 201902040819
1549290042 44.2435441004 201902040820
1549290102 47.3277451754 201902040821
1549290162 47.3998480643 201902040822
1549290222 49.5629347329 201902040823
1549290282 49.6098016107 201902040824
1549290342 50.0658523833 201902040825
1549290402 49.4547803995 201902040826
1549290423 49.7990716942 201902040827
1549290483 49.5467115829 201902040828
1549290543 50.2226761668 201902040829
1549290603 49.6602736330 201902040830
1549290663 49.5881707440 201902040831
1549290723 50.0820755334 201902040832
1549290783 49.8441359998 201902040833
1549290843 49.2871411827 201902040834
1549290903 50.0622472389 201902040835
1549290963 49.8711745832 201902040836
1549291023 49.7143507997 201902040837
1549291042 49.7792433998 201902040837
1549291102 49.2979566160 201902040838
1549291162 49.7035353664 201902040839
1549291222 50.1271398390 201902040840
1549291282 49.4295443883 201902040841
1549291342 50.0874832500 201902040842
1549291402 49.8369257109 201902040843
1549291462 50.1019038278 201902040844
1549291522 49.7395868108 201902040845
1549291582 50.0748652445 201902040846
1549291642 49.9018183110 201902040847
1549291662 50.1415604167 201902040847
1549291722 50.0892858223 201902040848
1549291782 49.7828485442 201902040849
1549291842 49.8225051331 201902040850
1549291902 49.8693720110 201902040851
1549291962 49.9739211999 201902040852
1549292022 49.9270543221 201902040853
1549292082 49.9270543221 201902040854
1549292142 49.6710890663 201902040855
1549292202 49.7630202497 201902040856
1549292262 50.2190710224 201902040857
1549292282 50.3831050947 201902040858
1549292342 49.7485996720 201902040859
1549292402 49.1086865325 201902040900
1549292462 49.7792433998 201902040901
1549292522 49.6873122163 201902040902
1549292582 -0.0005911331 201902040903
1549292642 50.0568395222 201902040904
1549292702 50.0604446667 201902040905
1549292762 50.3506587947 201902040906
1549292822 49.9757237722 201902040907
1549292882 0.0102243002 201902040908
1549292901 50.0442215167 201902040908
1549292961 50.3001867724 201902040909
1549293021 49.6638787774 201902040910
1549293081 49.8333205665 201902040911
1549293141 50.0045649277 201902040912
1549293201 49.9540929055 201902040913
1549293261 49.8747797276 201902040914
1549293321 50.2118607335 201902040915
1549293381 49.8333205665 201902040916
1549293441 50.0334060833 201902040917
1549293501 50.1271398390 201902040918
1549293520 49.8062819831 201902040918
1549293580 49.5052524217 201902040919
1549293640 49.9739211999 201902040920
1549293700 49.5611321607 201902040921
1549293760 49.9829340611 201902040922
1549293820 49.5232781440 201902040923
1549293880 50.1433629890 201902040924
1549293940 0.0012114391 201902040925
1549294000 0.0048165835 201902040926
1549294060 0.0120268724 201902040927
1549294120 50.3596716558 201902040928
1549294142 49.9198440332 201902040929
1549294202 50.1001012556 201902040930
1549294262 50.1649938557 201902040931
1549294322 50.2713456169 201902040932
1549294382 50.1794144334 201902040933
1549294442 50.2821610502 201902040934
1549294502 50.0298009389 201902040935
1549294562 50.4588131281 201902040936
1549294622 50.2551224668 201902040937
1549294682 50.0586420945 201902040938
1549294742 50.8175250007 201902040939
1549294762 50.5056800060 201902040939
1549294822 50.2605301835 201902040940
1549294882 50.4209591114 201902040941
1549294942 50.2551224668 201902040942
1549295002 50.3794999503 201902040943
1549295062 50.3867102392 201902040944
1549295122 50.2262813113 201902040945
1549295182 50.2659379002 201902040946
1549295242 50.2767533335 201902040947
1549295302 50.4642208448 201902040948
1549295362 50.3308305002 201902040949
1549295383 50.1523758501 201902040949
1549295443 50.4083411059 201902040950
1549295503 50.4281694003 201902040951
1549295563 50.4786414226 201902040952
1549295623 50.5831906116 201902040953
1549295683 50.1920324390 201902040954
1549295743 50.3993282448 201902040955
1549295803 50.2244787390 201902040956
1549295863 50.2479121780 201902040957
1549295923 -0.0041962776 201902040958
1549295983 0.0048165835 201902040959
1549296002 0.0048165835 201902041000
1549296062 -0.0023937054 201902041001
1549296122 50.2443070335 201902041002
1549296182 50.3596716558 201902041003
1549296242 50.3019893447 201902041004
1549296302 49.9973546388 201902041005
1549296362 50.5741777505 201902041006
1549296422 50.5074825782 201902041007
1549296482 50.4552079837 201902041008
1549296542 50.2154658779 201902041009
1549296602 50.4768388504 201902041010
1549296621 49.9486851888 201902041010
1549296681 50.4840491393 201902041011
1549296741 50.1938350112 201902041012
1549296801 50.3344356447 201902041013
1549296861 49.9540929055 201902041014
1549296921 49.8495437165 201902041015
1549296981 50.3867102392 201902041016
1549297041 50.2821610502 201902041017
1549297101 50.4137488225 201902041018
1549297161 50.0946935389 201902041019
1549297221 50.3073970613 201902041020
1549297242 50.5940060449 201902041020
1549297302 50.4516028392 201902041021
1549297362 50.4588131281 201902041022
1549297422 50.1956375835 201902041023
1549297482 50.0946935389 201902041024
1549297542 50.6336626338 201902041025
1549297602 50.0117752166 201902041026
1549297662 50.2965816280 201902041027
1549297722 50.3001867724 201902041028
1549297782 50.5273108726 201902041029
1549297842 50.0532343778 201902041030
1549297863 49.7846511164 201902041031
1549297923 50.5110877226 201902041032
1549297983 51.0284259509 201902041033
1549298043 50.2461096057 201902041034
1549298103 -0.0059988498 201902041035
1549298163 0.0012114391 201902041036
1549298223 50.3344356447 201902041037
1549298283 50.3740922336 201902041038
1549298343 50.4083411059 201902041039
1549298403 50.2569250391 201902041040
1549298463 50.1956375835 201902041041
1549298483 49.9865392055 201902041041
1549298543 50.4948645726 201902041042
1549298603 50.3885128114 201902041043
1549298663 50.0874832500 201902041044
1549298723 50.4570105559 201902041045
1549298783 50.7688555506 201902041046
1549298843 50.7237912450 201902041047
1549298903 50.5453365949 201902041048
1549298963 50.7382118228 201902041049
1549299023 50.6120317672 201902041050
1549299083 50.4299719726 201902041051
1549299102 50.1505732779 201902041051
1549299162 50.3776973781 201902041052
1549299222 50.8301430062 201902041053
1549299282 50.4101436781 201902041054
1549299342 50.0730626722 201902041055
1549299402 50.3849076670 201902041056
1549299462 50.3290279280 201902041057
1549299522 50.5597571727 201902041058
1549299582 50.4786414226 201902041059
1549299642 50.4912594282 201902041100
1549299702 50.4281694003 201902041101
1549299730 50.3939205281 201902041102
1549299790 50.5958086171 201902041103
1549299850 50.5958086171 201902041104
1549299910 50.1649938557 201902041105
1549299970 50.4245642559 201902041106
1549300030 50.5327185893 201902041107
1549300090 50.5489417393 201902041108
1549300150 50.5958086171 201902041109
1549300210 50.8553790174 201902041110
1549300270 50.3200150669 201902041111
1549300330 50.3921179559 201902041112
1549300351 49.8747797276 201902041112
1549300411 50.2677404724 201902041113
1549300471 50.3632768003 201902041114
1549300531 49.9414748999 201902041115
1549300591 50.7958941340 201902041116
1549300651 50.2965816280 201902041117
1549300711 50.2497147502 201902041118
1549300771 50.7219886728 201902041119
1549300831 50.3957231003 201902041120
1549300891 50.7796709840 201902041121
1549300951 50.0856806778 201902041122
1549300970 50.4858517115 201902041122
1549301030 50.3037919169 201902041123
1549301090 50.3542639392 201902041124
1549301150 50.6426754950 201902041125
1549301210 50.2407018891 201902041126
1549301270 50.1704015723 201902041127
1549301330 50.3686845169 201902041128
1549301390 50.6300574894 201902041129
1549301450 50.3542639392 201902041130
1549301510 50.3993282448 201902041131
1549301570 49.7666253942 201902041132
1549301589 50.4299719726 201902041133
1549301649 50.0856806778 201902041134
1549301709 50.1181269778 201902041135
1549301769 50.3794999503 201902041136
1549301829 50.3272253558 201902041137
1549301889 50.1794144334 201902041138
1549301949 50.1271398390 201902041139
1549302009 50.0748652445 201902041140
1549302069 50.1469681334 201902041141
1549302129 50.2947790558 201902041142
1549302189 50.4552079837 201902041143
1549302211 50.8319455785 201902041143
1549302271 50.4389848337 201902041144
1549302331 50.3885128114 201902041145
1549302391 50.0874832500 201902041146
1549302451 50.3110022058 201902041147
1549302511 50.5705726060 201902041148
1549302571 50.3254227836 201902041149
1549302631 50.2605301835 201902041150
1549302691 49.9324620388 201902041151
1549302751 49.8729771554 201902041152
1549302811 50.1433629890 201902041153
1549302832 50.4065385336 201902041153
1549302892 50.6751217950 201902041154
1549302952 50.2677404724 201902041155
1549303012 50.4750362782 201902041156
1549303072 50.4371822615 201902041157
1549303132 50.4714311337 201902041158
1549303192 50.2623327557 201902041159
1549303252 50.3416459336 201902041200
1549303312 50.0856806778 201902041201
1549303372 50.4209591114 201902041202
1549303432 50.3398433614 201902041203
1549303451 50.5561520282 201902041204
1549303511 50.5561520282 201902041205
1549303571 50.7328041062 201902041206
1549303631 49.8459385720 201902041207
1549303691 50.1848221501 201902041208
1549303751 50.2046504446 201902041209
1549303811 50.4011308170 201902041210
1549303871 50.2929764835 201902041211
1549303931 49.9991572111 201902041212
1549303991 50.6534909283 201902041213
1549304051 50.5579546004 201902041214
1549304072 0.0012114391 201902041214
1549304132 50.5110877226 201902041215
1549304192 50.2767533335 201902041216
1549304252 49.8910028776 201902041217
1549304312 50.4984697171 201902041218
1549304372 50.4101436781 201902041219
1549304432 50.3218176391 201902041220
1549304492 50.2623327557 201902041221
1549304552 50.4371822615 201902041222
1549304612 50.5958086171 201902041223
1549304672 50.2244787390 201902041224
1549304691 50.4263668281 201902041224
1549304751 50.5543494560 201902041225
1549304811 50.3831050947 201902041226
1549304871 50.4642208448 201902041227
1549304931 49.7467970997 201902041228
1549304991 50.5561520282 201902041229
1549305051 50.0874832500 201902041230
1549305111 50.0748652445 201902041231
1549305171 50.6895423728 201902041232
1549305231 50.6210446283 201902041233
1549305291 50.7310015339 201902041234
1549305309 50.2244787390 201902041235
1549305369 50.3091996336 201902041236
1549305429 50.2208735946 201902041237
1549305489 50.3758948058 201902041238
1549305549 50.5723751782 201902041239
1549305609 50.3722896614 201902041240
1549305669 50.5201005837 201902041241
1549305729 50.2407018891 201902041242
1549305789 50.3434485058 201902041243
1549305849 50.3055944891 201902041244
1549305909 50.6354652061 201902041245
1549305932 50.1740067168 201902041245
1549305992 50.3452510780 201902041246
1549306052 50.4443925503 201902041247
1549306112 50.3001867724 201902041248
1549306172 50.1181269778 201902041249
1549306232 50.2064530168 201902041250
1549306292 49.8819900165 201902041251
1549306352 50.5813880394 201902041252
1549306412 50.2929764835 201902041253
1549306472 50.5273108726 201902041254
1549306532 50.6625037894 201902041255
1549306554 50.2821610502 201902041255
1549306614 50.2370967446 201902041256
1549306674 50.3740922336 201902041257
1549306734 50.3398433614 201902041258
1549306794 50.5237057282 201902041259
1549306854 50.7904864173 201902041300
1549306914 50.8373532951 201902041301
1549306974 50.3632768003 201902041302
1549307034 50.3362382169 201902041303
1549307094 50.4461951226 201902041304
1549307154 50.2154658779 201902041305
1549307173 50.1830195779 201902041306
1549307233 50.4335771170 201902041307
1549307293 50.6805295117 201902041308
1549307353 50.2190710224 201902041309
1549307413 50.7868812729 201902041310
1549307473 50.4407874059 201902041311
1549307533 50.4335771170 201902041312
1549307593 50.0063675000 201902041313
1549307653 50.4876542837 201902041314
1549307713 49.9739211999 201902041315
1549307773 50.2316890279 201902041316
1549307793 50.4191565392 201902041316
1549307853 50.3596716558 201902041317
1549307913 50.3740922336 201902041318
1549307973 50.5219031560 201902041319
1549308033 50.6282549172 201902041320
1549308093 50.1920324390 201902041321
1549308153 50.3470536503 201902041322
1549308213 50.2262813113 201902041323
1549308273 50.4155513948 201902041324
1549308333 50.4570105559 201902041325
1549308393 50.5038774337 201902041326
1549308412 50.4732337059 201902041326
1549308472 50.1109166889 201902041327
1549308532 50.5633623171 201902041328
1549308592 50.4083411059 201902041329
1549308652 49.8315179943 201902041330
1549308712 50.5201005837 201902041331
1549308772 51.0067950842 201902041332
1549308832 46.1831118132 201902041333
1549308892 -0.0005911331 201902041334
1549308952 50.7706581229 201902041335
1549309012 50.6210446283 201902041336
1549309034 50.5669674616 201902041337
1549309094 50.1397578445 201902041338
1549309154 50.3434485058 201902041339
1549309214 50.5345211615 201902041340
1549309274 50.6462806394 201902041341
1549309334 49.3159823382 201902041342
1549309394 50.5182980115 201902041343
1549309454 50.7147783839 201902041344
1549309514 50.6643063617 201902041345
1549309574 50.5164954393 201902041346
1549309634 50.6931475172 201902041347
1549309655 50.5867957560 201902041347
1549309715 50.3542639392 201902041348
1549309775 50.5201005837 201902041349
1549309835 50.1577835668 201902041350
1549309895 50.9743487842 201902041351
1549309955 50.4317745448 201902041352
1549310015 50.6444780672 201902041353
1549310075 50.3037919169 201902041354
1549310135 50.1685990001 201902041355
1549310195 50.1595861390 201902041356
1549310255 50.5525468838 201902041357
1549310274 50.0676549556 201902041357
1549310334 50.5615597449 201902041358
1549310394 50.4624182726 201902041359
1549310454 50.5849931838 201902041400
1549310514 50.5579546004 201902041401
1549310574 50.5381263060 201902041402
1549310634 50.5669674616 201902041403
1549310694 50.6354652061 201902041404
1549310754 50.7147783839 201902041405
1549310814 50.3776973781 201902041406
1549310874 50.7328041062 201902041407
1549310892 50.7057655228 201902041408
1549310952 50.7291989617 201902041409
1549311012 50.2767533335 201902041410
1549311072 50.0802729611 201902041411
1549311132 50.4317745448 201902041412
1549311192 50.0946935389 201902041413
1549311252 50.4407874059 201902041414
1549311312 50.3560665114 201902041415
1549311372 50.2461096057 201902041416
1549311432 50.2172684501 201902041417
1549311492 50.3055944891 201902041418
1549311511 50.3614742281 201902041418
1549311571 50.5759803227 201902041419
1549311631 50.3794999503 201902041420
1549311691 50.6210446283 201902041421
1549311751 50.6643063617 201902041422
1549311811 51.1185545621 201902041423
1549311871 50.2352941724 201902041424
1549311931 50.9130613285 201902041425
1549311991 50.6084266227 201902041426
1549312051 50.6156369116 201902041427
1549312111 50.6174394838 201902041428
1549312131 50.2731481891 201902041428
1549312191 50.5723751782 201902041429
1549312251 50.5128902949 201902041430
1549312311 50.7778684118 201902041431
1549312371 50.3506587947 201902041432
1549312431 50.4498002670 201902041433
1549312491 50.8013018507 201902041434
1549312551 50.2425044613 201902041435
1549312611 50.2028478724 201902041436
1549312671 50.5453365949 201902041437
1549312731 50.4371822615 201902041438
1549312751 50.6318600616 201902041439
1549312811 50.2226761668 201902041440
1549312871 50.4083411059 201902041441
1549312931 50.4479976948 201902041442
1549312991 50.8031044229 201902041443
1549313051 50.6985552339 201902041444
1549313111 50.5399288782 201902041445
1549313171 50.5885983283 201902041446
1549313231 50.4894568559 201902041447
1549313291 50.6715166505 201902041448
1549313351 50.6913449450 201902041449
1549313370 50.4389848337 201902041449
1549313430 50.8481687285 201902041450
1549313490 50.7940915618 201902041451
1549313550 50.3164099225 201902041452
1549313610 50.4858517115 201902041453
1549313670 50.3362382169 201902041454
1549313730 50.3975256725 201902041455
1549313790 50.7904864173 201902041456
1549313850 50.9527179175 201902041457
1549313910 50.3055944891 201902041458
1549313970 50.5435340227 201902041459
1549313988 50.6210446283 201902041459
1549314048 50.6733192228 201902041500
1549314108 50.6661089339 201902041501
1549314168 50.4840491393 201902041502
1549314228 50.1974401557 201902041503
1549314288 49.8837925887 201902041504
1549314348 50.7328041062 201902041505
1549314408 50.3939205281 201902041506
1549314468 50.6733192228 201902041507
1549314528 50.5291134449 201902041508
1549314588 50.6679115061 201902041509
1549314610 50.2064530168 201902041510
1549314670 50.5813880394 201902041511
1549314730 50.4966671448 201902041512
1549314790 50.3975256725 201902041513
1549314850 50.2569250391 201902041514
1549314910 50.7454221117 201902041515
1549314970 50.3885128114 201902041516
1549315030 50.3560665114 201902041517
1549315090 50.0352086555 201902041518
1549315150 50.3740922336 201902041519
1549315210 50.2839636224 201902041520
1549315229 50.3596716558 201902041520
1549315289 50.4822465670 201902041521
1549315349 0.0012114391 201902041522
1549315409 50.6625037894 201902041523
1549315469 51.0194130897 201902041524
1549315529 50.5633623171 201902041525
1549315589 50.2551224668 201902041526
1549315649 50.4660234170 201902041527
1549315709 50.5777828949 201902041528
1549315769 50.6354652061 201902041529
1549315829 50.6823320839 201902041530
1549315849 50.3614742281 201902041530
1549315909 50.4317745448 201902041531
1549315969 50.7003578061 201902041532
1549316029 50.4317745448 201902041533
1549316089 50.8013018507 201902041534
1549316149 50.5381263060 201902041535
1549316209 50.7201861006 201902041536
1549316269 50.3614742281 201902041537
1549316329 50.2929764835 201902041538
1549316389 50.2821610502 201902041539
1549316449 50.4930620004 201902041540
1549316470 50.8968381785 201902041541
1549316530 50.2298864557 201902041542
1549316590 50.4624182726 201902041543
1549316650 50.4443925503 201902041544
1549316710 50.5579546004 201902041545
1549316770 50.5345211615 201902041546
1549316830 50.3416459336 201902041547
1549316890 49.9631057666 201902041548
1549316950 49.8369257109 201902041549
1549317010 49.9919469222 201902041550
1549317070 -0.0041962776 201902041551
1549317088 -0.0041962776 201902041551
1549317148 0.0066191558 201902041552
1549317208 50.3650793725 201902041553
1549317268 50.3560665114 201902041554
1549317328 50.1541784223 201902041555
1549317388 50.8697995952 201902041556
1549317448 50.7742632673 201902041557
1549317508 50.3055944891 201902041558
1549317568 50.1902298668 201902041559
1549317628 50.5291134449 201902041600
1549317688 50.4173539670 201902041601
1549317708 50.4281694003 201902041601
1549317768 50.2064530168 201902041602
1549317828 50.1289424112 201902041603
1549317888 50.2172684501 201902041604
1549317948 50.3128047780 201902041605
1549318008 50.1361527001 201902041606
1549318068 50.4912594282 201902041607
1549318128 50.7237912450 201902041608
1549318188 50.2190710224 201902041609
1549318248 50.4624182726 201902041610
1549318308 50.6408729227 201902041611
1549318327 50.4804439948 201902041612
1549318387 50.6048214783 201902041613
1549318447 50.4011308170 201902041614
1549318507 50.7562375451 201902041615
1549318567 50.4930620004 201902041616
1549318627 50.5056800060 201902041617
1549318687 50.5723751782 201902041618
1549318747 50.3975256725 201902041619
1549318807 50.4335771170 201902041620
1549318867 50.5219031560 201902041621
1549318927 50.2551224668 201902041622
1549318945 50.5038774337 201902041622
1549319005 49.7900588331 201902041623
1549319065 50.2839636224 201902041624
1549319125 50.4966671448 201902041625
1549319185 -0.0059988498 201902041626
1549319245 50.6048214783 201902041627
1549319305 50.4227616837 201902041628
1549319365 50.4660234170 201902041629
1549319425 50.5381263060 201902041630
1549319485 50.3236202114 201902041631
1549319545 50.2983842002 201902041632
1549319566 50.4353796892 201902041632
1549319626 50.5597571727 201902041633
1549319686 50.5435340227 201902041634
1549319746 50.1830195779 201902041635
1549319806 50.7201861006 201902041636
1549319866 50.3308305002 201902041637
1549319926 50.6120317672 201902041638
1549319986 50.5922034727 201902041639
1549320046 50.5020748615 201902041640
1549320106 50.4570105559 201902041641
1549320166 50.7760658395 201902041642
1549320187 50.3957231003 201902041643
1549320247 50.5381263060 201902041644
1549320307 50.8499713007 201902041645
1549320367 50.3849076670 201902041646
1549320427 50.5849931838 201902041647
1549320487 50.7868812729 201902041648
1549320547 50.7346066784 201902041649
1549320607 50.5309160171 201902041650
1549320667 50.6516883561 201902041651
1549320727 50.4083411059 201902041652
1549320787 50.6264523450 201902041653
1549320806 50.7400143951 201902041653
1549320866 50.7544349728 201902041654
1549320926 50.3110022058 201902041655
1549320986 50.6516883561 201902041656
1549321046 50.1019038278 201902041657
1549321106 50.1523758501 201902041658
1549321166 50.6246497727 201902041659
1549321226 50.4642208448 201902041700
1549321286 50.4786414226 201902041701
1549321346 50.4389848337 201902041702
1549321406 50.4696285615 201902041703
1549321425 50.4732337059 201902041703
1549321485 50.7039629506 201902041704
1549321545 50.4894568559 201902041705
1549321605 50.7057655228 201902041706
1549321665 50.6210446283 201902041707
1549321725 50.5795854671 201902041708
1549321785 50.6697140783 201902041709
1549321845 50.5831906116 201902041710
1549321905 50.4263668281 201902041711
1549321965 50.5867957560 201902041712
1549322025 50.7706581229 201902041713
1549322044 50.6480832116 201902041714
1549322104 50.5741777505 201902041715
1549322164 50.7490272562 201902041716
1549322224 50.7526324006 201902041717
1549322284 50.3128047780 201902041718
1549322344 50.3434485058 201902041719
1549322404 50.4516028392 201902041720
1549322464 50.4353796892 201902041721
1549322524 50.8553790174 201902041722
1549322584 50.5904009005 201902041723
1549322644 50.2785559058 201902041724
1549322667 50.6751217950 201902041724
1549322727 50.4029333892 201902041725
1549322787 50.4732337059 201902041726
1549322847 50.2623327557 201902041727
1549322907 50.5128902949 201902041728
1549322967 50.4624182726 201902041729
1549323027 50.6228472005 201902041730
1549323087 49.8964105943 201902041731
1549323147 50.2695430446 201902041732
1549323207 50.7418169673 201902041733
1549323267 50.6625037894 201902041734
1549323287 50.5345211615 201902041734
1549323347 50.8157224285 201902041735
1549323407 50.6967526617 201902041736
1549323467 50.0388138000 201902041737
1549323527 50.4371822615 201902041738
1549323587 50.2226761668 201902041739
1549323647 50.3218176391 201902041740
1549323707 50.5687700338 201902041741
1549323767 50.6516883561 201902041742
1549323827 50.7346066784 201902041743
1549323887 50.7742632673 201902041744
1549323903 50.1848221501 201902041745
1549323963 50.5759803227 201902041746
1549324023 50.6102291949 201902041747
1549324083 50.4101436781 201902041748
1549324143 50.6462806394 201902041749
1549324203 50.6408729227 201902041750
1549324263 50.9635333508 201902041751
1549324323 50.6588986450 201902041752
1549324383 50.2947790558 201902041753
1549324443 50.8103147118 201902041754
1549324503 50.6877398006 201902041755
1549324523 50.3758948058 201902041755
1549324583 50.3993282448 201902041756
1549324643 51.0194130897 201902041757
1549324703 50.1343501279 201902041758
1549324763 50.2749507613 201902041759
1549324823 50.3668819447 201902041800
1549324883 50.3200150669 201902041801
1549324943 50.7580401173 201902041802
1549325003 50.6643063617 201902041803
1549325063 50.3308305002 201902041804
1549325123 50.2334916002 201902041805
1549325144 50.7219886728 201902041805
1549325204 50.0820755334 201902041806
1549325264 50.4606157004 201902041807
1549325324 50.6228472005 201902041808
1549325384 50.4660234170 201902041809
1549325444 50.8031044229 201902041810
1549325504 50.5940060449 201902041811
1549325564 50.6102291949 201902041812
1549325624 50.5273108726 201902041813
1549325684 50.1001012556 201902041814
1549325744 50.4804439948 201902041815
1549325765 50.8553790174 201902041816
1549325825 50.5363237338 201902041817
1549325885 50.0640498111 201902041818
1549325945 50.3236202114 201902041819
1549326005 50.7093706672 201902041820
1549326065 50.4822465670 201902041821
1549326125 50.9292844786 201902041822
1549326185 50.5831906116 201902041823
1549326245 50.8121172840 201902041824
1549326305 50.2316890279 201902041825
1549326365 50.7255938173 201902041826
1549326384 50.3073970613 201902041826
1549326444 49.5340935773 201902041827
1549326504 50.5543494560 201902041828
1549326564 50.2677404724 201902041829
1549326624 50.3362382169 201902041830
1549326684 50.4227616837 201902041831
1549326744 50.1758092890 201902041832
1549326804 50.4479976948 201902041833
1549326864 50.3452510780 201902041834
1549326924 49.4782138384 201902041835
1549326984 50.6751217950 201902041836
1549327002 50.4191565392 201902041836
1549327062 50.5759803227 201902041837
1549327122 50.3776973781 201902041838
1549327182 50.4714311337 201902041839
1549327242 50.1649938557 201902041840
1549327302 50.5038774337 201902041841
1549327362 50.1902298668 201902041842
1549327422 50.6210446283 201902041843
1549327482 50.3704870892 201902041844
1549327542 50.5940060449 201902041845
1549327602 50.3019893447 201902041846
1549327623 50.1992427279 201902041847
1549327683 50.3542639392 201902041848
1549327743 50.8571815896 201902041849
1549327803 50.4155513948 201902041850
1549327863 50.5002722893 201902041851
1549327923 49.5863681718 201902041852
1549327983 50.3939205281 201902041853
1549328043 50.5958086171 201902041854
1549328103 50.7670529784 201902041855
1549328163 50.3740922336 201902041856
1549328223 50.7742632673 201902041857
1549328245 50.0045649277 201902041857
1549328305 50.5056800060 201902041858
1549328365 50.1830195779 201902041859
1549328425 50.1704015723 201902041900
1549328485 50.4894568559 201902041901
1549328545 50.5795854671 201902041902
1549328605 50.3091996336 201902041903
1549328665 50.6985552339 201902041904
1549328725 50.3686845169 201902041905
1549328785 50.3182124947 201902041906
1549328845 50.3596716558 201902041907
1549328865 50.3308305002 201902041907
1549328925 50.6048214783 201902041908
1549328985 50.5074825782 201902041909
1549329045 50.1938350112 201902041910
1549329105 50.4588131281 201902041911
1549329165 50.5128902949 201902041912
1549329225 50.5507443116 201902041913
1549329285 50.4552079837 201902041914
1549329345 50.6516883561 201902041915
1549329405 50.4786414226 201902041916
1549329465 50.6264523450 201902041917
1549329483 50.5561520282 201902041918
1549329543 50.2821610502 201902041919
1549329603 50.6246497727 201902041920
1549329663 50.2965816280 201902041921
1549329723 50.7183835284 201902041922
1549329783 50.4516028392 201902041923
1549329843 50.8625893063 201902041924
1549329903 50.8914304619 201902041925
1549329963 50.2370967446 201902041926
1549330023 50.1595861390 201902041927
1549330083 49.7143507997 201902041928
1549330101 50.3740922336 201902041928
1549330161 50.5795854671 201902041929
1549330221 50.7922889895 201902041930
1549330281 50.5399288782 201902041931
1549330341 50.5922034727 201902041932
1549330401 50.6498857839 201902041933
1549330461 50.4984697171 201902041934
1549330521 50.5110877226 201902041935
1549330581 50.5399288782 201902041936
1549330641 51.2176960344 201902041937
1549330701 50.7129758117 201902041938
1549330721 50.3470536503 201902041938
1549330781 50.5471391671 201902041939
1549330841 50.3452510780 201902041940
1549330901 50.3831050947 201902041941
1549330961 50.4948645726 201902041942
1549331021 49.9865392055 201902041943
1549331081 50.6697140783 201902041944
1549331141 50.7364092506 201902041945
1549331201 50.5561520282 201902041946
1549331261 50.7454221117 201902041947
1549331321 50.2118607335 201902041948
1549331341 49.9937494944 201902041949
1549331401 50.1740067168 201902041950
1549331461 50.2461096057 201902041951
1549331521 50.7868812729 201902041952
1549331581 50.4425899781 201902041953
1549331641 50.0496292333 201902041954
1549331701 50.1307449834 201902041955
1549331761 50.7147783839 201902041956
1549331821 50.7418169673 201902041957
1549331881 50.1938350112 201902041958
1549331941 50.2839636224 201902041959
1549331959 50.0189855055 201902041959
1549332019 50.1920324390 201902042000
1549332079 50.4516028392 201902042001
1549332139 50.2947790558 201902042002
1549332199 50.4119462503 201902042003
1549332259 50.4948645726 201902042004
1549332319 50.4479976948 201902042005
1549332379 50.1037064000 201902042006
1549332439 50.2497147502 201902042007
1549332499 50.4155513948 201902042008
1549332559 50.2587276113 201902042009
1549332577 50.8824176007 201902042009
1549332637 50.3957231003 201902042010
1549332697 50.4822465670 201902042011
1549332757 50.4119462503 201902042012
1549332817 50.1631912834 201902042013
1549332877 50.7814735562 201902042014
1549332937 50.5417314504 201902042015
1549332997 50.4137488225 201902042016
1549333057 49.9901443499 201902042017
1549333117 50.3164099225 201902042018
1549333177 50.8067095673 201902042019
1549333195 50.2425044613 201902042019
1549333255 50.4858517115 201902042020
1549333315 50.2497147502 201902042021
1549333375 50.3704870892 201902042022
1549333435 50.5092851504 201902042023
1549333495 50.4065385336 201902042024
1549333555 50.3416459336 201902042025
1549333615 50.3993282448 201902042026
1549333675 50.2407018891 201902042027
1549333735 50.3993282448 201902042028
1549333795 50.0928909667 201902042029
1549333817 50.7382118228 201902042030
1549333877 50.5759803227 201902042031
1549333937 50.4750362782 201902042032
1549333997 50.3758948058 201902042033
1549334057 50.5940060449 201902042034
1549334117 50.5723751782 201902042035
1549334177 49.9360671832 201902042036
1549334237 49.8549514332 201902042037
1549334297 50.7418169673 201902042038
1549334357 50.4912594282 201902042039
1549334417 50.4714311337 201902042040
1549334437 50.6192420561 201902042040
1549334497 50.8986407508 201902042041
1549334557 50.7454221117 201902042042
1549334617 50.5038774337 201902042043
1549334677 50.9166664730 201902042044
1549334737 50.4912594282 201902042045
1549334797 50.6679115061 201902042046
1549334857 50.6174394838 201902042047
1549334917 50.5056800060 201902042048
1549334977 50.4768388504 201902042049
1549335037 50.3416459336 201902042050
1549335056 50.6697140783 201902042050
1549335116 50.3236202114 201902042051
1549335176 50.6318600616 201902042052
1549335236 50.6408729227 201902042053
1549335296 50.3182124947 201902042054
1549335356 50.5687700338 201902042055
1549335416 50.4029333892 201902042056
1549335476 50.9166664730 201902042057
1549335536 50.6228472005 201902042058
1549335596 49.8152948442 201902042059
1549335656 50.2587276113 201902042100
1549335675 50.6985552339 201902042101
1549335735 50.4696285615 201902042102
1549335795 50.5453365949 201902042103
1549335855 50.4227616837 201902042104
1549335915 50.2893713391 201902042105
1549335975 50.1830195779 201902042106
1549336035 50.1631912834 201902042107
1549336095 50.4516028392 201902042108
1549336155 50.7544349728 201902042109
1549336215 50.4948645726 201902042110
1549336275 50.5813880394 201902042111
1549336296 50.1559809945 201902042111
1549336356 49.7810459720 201902042112
1549336416 50.4678259893 201902042113
1549336476 50.6372677783 201902042114
1549336536 50.6733192228 201902042115
1549336596 51.0194130897 201902042116
1549336656 50.5110877226 201902042117
1549336716 50.2497147502 201902042118
1549336776 50.3506587947 201902042119
1549336836 50.3452510780 201902042120
1549336896 50.2803584780 201902042121
1549336917 50.4335771170 201902042121
1549336977 50.8319455785 201902042122
1549337037 50.0748652445 201902042123
1549337097 50.4786414226 201902042124
1549337157 50.7057655228 201902042125
1549337217 50.6228472005 201902042126
1549337277 50.7039629506 201902042127
1549337337 50.4786414226 201902042128
1549337397 50.6823320839 201902042129
1549337457 50.3722896614 201902042130
1549337517 50.3758948058 201902042131
1549337537 50.1902298668 201902042132
1549337597 50.9599282064 201902042133
1549337657 50.5958086171 201902042134
1549337717 50.3146073502 201902042135
1549337777 50.4714311337 201902042136
1549337837 49.9649083388 201902042137
1549337897 50.3668819447 201902042138
1549337957 50.5651648893 201902042139
1549338017 50.4173539670 201902042140
1549338077 50.7021603784 201902042141
1549338137 50.8283404340 201902042142
1549338158 50.3813025225 201902042142
1549338218 50.1758092890 201902042143
1549338278 50.6210446283 201902042144
1549338338 49.9342646110 201902042145
1549338398 50.6066240505 201902042146
1549338458 50.3128047780 201902042147
1549338518 50.5182980115 201902042148
1549338578 50.3416459336 201902042149
1549338638 50.3091996336 201902042150
1549338698 50.3831050947 201902042151
1549338758 50.0478266611 201902042152
1549338776 50.4678259893 201902042152
1549338836 50.3758948058 201902042153
1549338896 50.4534054115 201902042154
1549338956 50.4948645726 201902042155
1549339016 50.6120317672 201902042156
1549339076 50.4461951226 201902042157
1549339136 49.9180414610 201902042158
1549339196 50.5687700338 201902042159
1549339256 50.6372677783 201902042200
1549339316 50.5002722893 201902042201
1549339376 50.5867957560 201902042202
1549339398 50.5291134449 201902042203
1549339458 50.0063675000 201902042204
1549339518 50.4263668281 201902042205
1549339578 50.4425899781 201902042206
1549339638 50.6174394838 201902042207
1549339698 50.4948645726 201902042208
1549339758 50.2767533335 201902042209
1549339818 50.5309160171 201902042210
1549339878 50.1992427279 201902042211
1549339938 50.3091996336 201902042212
1549339998 50.4443925503 201902042213
1549340017 50.4732337059 201902042213
1549340077 49.9865392055 201902042214
1549340137 49.7936639776 201902042215
1549340197 50.2533198946 201902042216
1549340257 50.8860227452 201902042217
1549340317 50.5976111894 201902042218
1549340377 50.3632768003 201902042219
1549340437 50.5074825782 201902042220
1549340497 50.4443925503 201902042221
1549340557 50.5146928671 201902042222
1549340617 50.7129758117 201902042223
1549340638 50.1415604167 201902042223
1549340698 50.5345211615 201902042224
1549340758 50.8553790174 201902042225
1549340818 50.6715166505 201902042226
1549340878 50.5976111894 201902042227
1549340938 50.2028478724 201902042228
1549340998 50.6877398006 201902042229
1549341058 50.6913449450 201902042230
1549341118 50.8517738729 201902042231
1549341178 50.5940060449 201902042232
1549341238 50.5687700338 201902042233
1549341255 50.5759803227 201902042234
1549341315 50.2983842002 201902042235
1549341375 50.2695430446 201902042236
1549341435 50.5651648893 201902042237
1549341495 50.5994137616 201902042238
1549341555 49.9180414610 201902042239
1549341615 50.1487707056 201902042240
1549341675 50.7147783839 201902042241
1549341735 50.4570105559 201902042242
1549341795 50.4407874059 201902042243
1549341855 50.5813880394 201902042244
1549341877 50.5038774337 201902042244
1549341937 50.3560665114 201902042245
1549341997 50.5813880394 201902042246
1549342057 50.5687700338 201902042247
1549342117 50.2695430446 201902042248
1549342177 50.0261957944 201902042249
1549342237 50.5669674616 201902042250
1549342297 50.5687700338 201902042251
1549342357 50.7922889895 201902042252
1549342417 50.2425044613 201902042253
1549342477 50.2695430446 201902042254
1549342497 50.2262813113 201902042254
1549342557 50.2821610502 201902042255
1549342617 50.5561520282 201902042256
1549342677 50.4443925503 201902042257
1549342737 49.5322910051 201902042258
1549342797 50.2659379002 201902042259
1549342857 50.5507443116 201902042300
1549342917 50.6390703505 201902042301
1549342977 49.4782138384 201902042302
1549343037 50.6138343394 201902042303
1549343097 50.1812170057 201902042304
1549343118 50.6733192228 201902042305
1549343178 50.0424189444 201902042306
1549343238 50.5705726060 201902042307
1549343298 50.3200150669 201902042308
1549343358 50.5002722893 201902042309
1549343418 50.1055089723 201902042310
1549343478 50.4930620004 201902042311
1549343538 50.5669674616 201902042312
1549343598 50.2244787390 201902042313
1549343658 50.5904009005 201902042314
1549343718 50.6643063617 201902042315
1549344037 50.6390703505 201902042320
1549344097 50.5525468838 201902042321
1549344157 50.7760658395 201902042322
1549344217 50.5597571727 201902042323
1549344277 50.4516028392 201902042324
1549344337 50.5633623171 201902042325
1549344346 50.1631912834 201902042325
1549344406 50.4155513948 201902042326
1549344466 50.3344356447 201902042327
1549344526 50.6733192228 201902042328
1549344586 50.6192420561 201902042329
1549344646 50.3993282448 201902042330
1549344706 50.5128902949 201902042331
1549344766 50.5651648893 201902042332
1549344826 50.4678259893 201902042333
1549344886 50.7742632673 201902042334
1549344946 50.3632768003 201902042335
1549344970 50.5255083004 201902042336
1549345030 50.3200150669 201902042337
1549345090 50.3578690836 201902042338
1549345150 50.7886838451 201902042339
1549345210 50.8157224285 201902042340
1549345270 50.4065385336 201902042341
1549345330 50.9725462119 201902042342
1549345390 49.0005321991 201902042343
1549345450 50.3650793725 201902042344
1549345510 50.3885128114 201902042345
1549345570 50.4840491393 201902042346
