1548655476 -1.0000000000 2019012800047
1548655533 50.1397578445 201901280005
1548655593 50.2929764835 201901280006
1548655653 50.6174394838 201901280007
1548655713 50.7273963895 201901280008
1548655773 50.2208735946 201901280009
1548655833 50.3794999503 201901280010
1548655893 50.5831906116 201901280011
1548655953 50.3831050947 201901280012
1548656013 50.2352941724 201901280013
1548656073 50.2046504446 201901280014
1548656086 50.4858517115 201901280014
1548656146 50.6066240505 201901280015
1548656206 50.3849076670 201901280016
1548656266 50.3776973781 201901280017
1548656326 50.0730626722 201901280018
1548656386 50.5146928671 201901280019
1548656446 50.7291989617 201901280020
1548656506 50.0946935389 201901280021
1548656566 50.7111732395 201901280022
1548656626 50.3073970613 201901280023
1548656686 50.2226761668 201901280024
1548656700 50.2533198946 201901280025
1548656760 50.5020748615 201901280026
1548656820 50.6931475172 201901280027
1548656880 50.4461951226 201901280028
1548656940 50.4876542837 201901280029
1548657000 50.8986407508 201901280030
1548657060 50.1758092890 201901280031
1548657120 50.4029333892 201901280032
1548657180 50.5994137616 201901280033
1548657240 50.2244787390 201901280034
1548657300 50.4714311337 201901280035
1548657318 50.3326330725 201901280035
1548657378 50.0514318056 201901280036
1548657438 50.5038774337 201901280037
1548657498 50.6552935005 201901280038
1548657558 50.5273108726 201901280039
1548657618 50.4642208448 201901280040
1548657678 50.7904864173 201901280041
1548657738 50.2262813113 201901280042
1548657798 50.4876542837 201901280043
1548657858 50.4768388504 201901280044
1548657918 50.3867102392 201901280045
1548657935 50.5092851504 201901280045
1548657995 50.5056800060 201901280046
1548658055 50.3200150669 201901280047
1548658115 50.7273963895 201901280048
1548658175 50.4750362782 201901280049
1548658235 50.4317745448 201901280050
1548658295 50.2515173224 201901280051
1548658355 50.5435340227 201901280052
1548658415 50.3794999503 201901280053
1548658475 50.4714311337 201901280054
1548658535 50.6643063617 201901280055
1548658550 50.5543494560 201901280055
1548658610 50.0766678167 201901280056
1548658670 50.3614742281 201901280057
1548658730 50.7021603784 201901280058
1548658790 50.1541784223 201901280059
1548658850 50.5201005837 201901280100
1548658910 50.7183835284 201901280101
1548658970 50.5164954393 201901280102
1548659030 50.6066240505 201901280103
1548659090 50.5381263060 201901280104
1548659150 50.1956375835 201901280105
1548659166 50.2010453001 201901280106
1548659226 50.2407018891 201901280107
1548659286 50.7670529784 201901280108
1548659346 50.8914304619 201901280109
1548659406 50.2208735946 201901280110
1548659466 50.6805295117 201901280111
1548659526 50.5435340227 201901280112
1548659586 50.5958086171 201901280113
1548659646 50.3614742281 201901280114
1548659706 50.1938350112 201901280115
1548659766 50.3218176391 201901280116
1548659784 50.2352941724 201901280116
1548659844 50.6048214783 201901280117
1548659904 50.5976111894 201901280118
1548659964 50.2262813113 201901280119
1548660024 50.4335771170 201901280120
1548660084 50.1505732779 201901280121
1548660144 50.1595861390 201901280122
1548660204 50.2425044613 201901280123
1548660264 50.7346066784 201901280124
1548660324 50.0928909667 201901280125
1548660384 50.3831050947 201901280126
1548660399 49.4764112662 201901280126
1548660459 50.2569250391 201901280127
1548660519 50.6733192228 201901280128
1548660579 50.9058510396 201901280129
1548660639 50.4389848337 201901280130
1548660699 50.3452510780 201901280131
1548660759 50.5705726060 201901280132
1548660819 50.6282549172 201901280133
1548660879 50.5597571727 201901280134
1548660939 50.5417314504 201901280135
1548660999 50.5273108726 201901280136
1548661017 50.0784703889 201901280136
1548661077 50.7346066784 201901280137
1548661137 50.4191565392 201901280138
1548661197 50.1271398390 201901280139
1548661257 50.6192420561 201901280140
1548661317 50.3146073502 201901280141
1548661377 50.4534054115 201901280142
1548661437 50.3794999503 201901280143
1548661497 50.1866247223 201901280144
1548661557 49.9576980499 201901280145
1548661617 50.4876542837 201901280146
1548661632 50.3632768003 201901280147
1548661692 50.4353796892 201901280148
1548661752 50.3344356447 201901280149
1548661812 50.4065385336 201901280150
1548661872 50.4606157004 201901280151
1548661932 50.5777828949 201901280152
1548661992 50.0532343778 201901280153
1548662052 50.5525468838 201901280154
1548662112 50.1127192612 201901280155
1548662172 50.3668819447 201901280156
1548662232 50.1866247223 201901280157
1548662249 50.6985552339 201901280157
1548662309 50.1938350112 201901280158
1548662369 49.9342646110 201901280159
1548662429 50.6534909283 201901280200
1548662489 50.6859372283 201901280201
1548662549 50.4606157004 201901280202
1548662609 50.3632768003 201901280203
1548662669 50.4389848337 201901280204
1548662729 50.7436195395 201901280205
1548662789 50.5723751782 201901280206
1548662849 0.0066191558 201901280207
1548662866 0.0066191558 201901280207
1548662926 50.5885983283 201901280208
1548662986 50.4984697171 201901280209
1548663046 50.4534054115 201901280210
1548663106 50.7039629506 201901280211
1548663166 50.6444780672 201901280212
1548663226 50.2965816280 201901280213
1548663286 50.0712601000 201901280214
1548663346 50.5237057282 201901280215
1548663406 50.7814735562 201901280216
1548663466 50.7454221117 201901280217
1548663479 50.0532343778 201901280217
1548663539 50.1289424112 201901280218
1548663599 50.3254227836 201901280219
1548663659 50.3344356447 201901280220
1548663719 50.4335771170 201901280221
1548663779 50.3182124947 201901280222
1548663839 50.5904009005 201901280223
1548663899 50.7454221117 201901280224
1548663959 50.2983842002 201901280225
1548664019 50.3380407891 201901280226
1548664079 50.3921179559 201901280227
1548664095 50.2407018891 201901280228
1548664155 50.3740922336 201901280229
1548664215 50.1902298668 201901280230
1548664275 50.4606157004 201901280231
1548664335 50.5813880394 201901280232
1548664395 50.4498002670 201901280233
1548664455 50.6931475172 201901280234
1548664515 50.7634478340 201901280235
1548664575 50.5741777505 201901280236
1548664635 50.1613887112 201901280237
1548664695 50.8716021674 201901280238
1548664713 50.4606157004 201901280238
1548664773 50.3704870892 201901280239
1548664833 50.2803584780 201901280240
1548664893 50.5813880394 201901280241
1548664953 50.7508298284 201901280242
1548665013 50.7616452617 201901280243
1548665073 50.8499713007 201901280244
1548665133 50.6174394838 201901280245
1548665193 50.3740922336 201901280246
1548665253 50.1992427279 201901280247
1548665313 50.6570960728 201901280248
1548665329 49.0762402325 201901280248
1548665389 50.4822465670 201901280249
1548665449 50.2154658779 201901280250
1548665509 50.3308305002 201901280251
1548665569 50.3686845169 201901280252
1548665629 50.0910883945 201901280253
1548665689 50.4966671448 201901280254
1548665749 50.1001012556 201901280255
1548665809 50.1938350112 201901280256
1548665869 50.5381263060 201901280257
1548665929 50.0748652445 201901280258
1548665946 50.5958086171 201901280259
1548666006 50.6138343394 201901280300
1548666066 50.2190710224 201901280301
1548666126 50.2208735946 201901280302
1548666186 50.4389848337 201901280303
1548666246 50.3506587947 201901280304
1548666306 50.3560665114 201901280305
1548666366 50.3055944891 201901280306
1548666426 50.2875687669 201901280307
1548666486 50.2388993168 201901280308
1548666546 50.5813880394 201901280309
1548666562 50.7346066784 201901280309
1548666622 50.3091996336 201901280310
1548666682 50.5489417393 201901280311
1548666742 50.8409584396 201901280312
1548666802 50.6751217950 201901280313
1548666862 50.5471391671 201901280314
1548666922 50.7165809561 201901280315
1548666982 50.6733192228 201901280316
1548667042 50.7616452617 201901280317
1548667102 50.4786414226 201901280318
1548667162 50.6823320839 201901280319
1548667178 50.6012163338 201901280319
1548667238 50.3722896614 201901280320
1548667298 -0.0078014220 201901280321
1548667358 49.9793289166 201901280322
1548667418 50.6354652061 201901280323
1548667478 50.6426754950 201901280324
1548667538 50.5182980115 201901280325
1548667598 50.5904009005 201901280326
1548667658 50.3037919169 201901280327
1548667718 50.5597571727 201901280328
1548667778 50.4606157004 201901280329
1548667795 50.4786414226 201901280329
1548667855 50.7237912450 201901280330
1548667915 50.3110022058 201901280331
1548667975 50.7003578061 201901280332
1548668035 50.3849076670 201901280333
1548668095 50.1758092890 201901280334
1548668155 50.6066240505 201901280335
1548668215 50.6228472005 201901280336
1548668275 50.4263668281 201901280337
1548668335 50.3073970613 201901280338
1548668395 50.3560665114 201901280339
1548668410 50.5164954393 201901280340
1548668470 50.7165809561 201901280341
1548668530 50.6751217950 201901280342
1548668590 50.4353796892 201901280343
1548668650 50.1649938557 201901280344
1548668710 50.2280838835 201901280345
1548668770 50.2280838835 201901280346
1548668830 50.3470536503 201901280347
1548668890 50.1289424112 201901280348
1548668950 50.5345211615 201901280349
1548669010 50.5363237338 201901280350
1548669026 50.5201005837 201901280350
1548669086 50.6156369116 201901280351
1548669146 50.4948645726 201901280352
1548669206 49.9793289166 201901280353
1548669266 50.2208735946 201901280354
1548669326 49.9216466054 201901280355
1548669386 50.5056800060 201901280356
1548669446 50.2713456169 201901280357
1548669506 49.8423334276 201901280358
1548669566 50.5164954393 201901280359
1548669626 50.5399288782 201901280400
1548669640 49.9504877610 201901280400
1548669700 50.0910883945 201901280401
1548669760 50.3921179559 201901280402
1548669820 50.4966671448 201901280403
1548669880 50.5543494560 201901280404
1548669940 50.6679115061 201901280405
1548670000 49.6855096441 201901280406
1548670060 50.4011308170 201901280407
1548670120 50.5201005837 201901280408
1548670180 50.5309160171 201901280409
1548670240 50.7742632673 201901280410
1548670256 50.3758948058 201901280410
1548670316 50.3831050947 201901280411
1548670376 50.3740922336 201901280412
1548670436 50.4227616837 201901280413
1548670496 50.2515173224 201901280414
1548670556 50.1271398390 201901280415
1548670616 50.5435340227 201901280416
1548670676 50.3632768003 201901280417
1548670736 50.6426754950 201901280418
1548670796 50.4696285615 201901280419
1548670856 50.1361527001 201901280420
1548670873 50.0460240889 201901280421
1548670933 50.3380407891 201901280422
1548670993 50.1343501279 201901280423
1548671053 50.2154658779 201901280424
1548671113 50.1812170057 201901280425
1548671173 50.3362382169 201901280426
1548671233 50.1920324390 201901280427
1548671293 0.0048165835 201901280428
1548671353 50.1794144334 201901280429
1548671413 50.0568395222 201901280430
1548671473 50.4335771170 201901280431
1548671488 50.5128902949 201901280431
1548671548 50.5759803227 201901280432
1548671608 50.0045649277 201901280433
1548671668 50.5146928671 201901280434
1548671728 50.3308305002 201901280435
1548671788 50.3758948058 201901280436
1548671848 50.3416459336 201901280437
1548671908 50.0352086555 201901280438
1548671968 50.1145218334 201901280439
1548672028 50.5940060449 201901280440
1548672088 50.6408729227 201901280441
1548672104 50.5291134449 201901280441
1548672164 50.5471391671 201901280442
1548672224 50.5615597449 201901280443
1548672284 50.3650793725 201901280444
1548672344 50.2352941724 201901280445
1548672404 49.6981276497 201901280446
1548672464 50.5741777505 201901280447
1548672524 50.6372677783 201901280448
1548672584 -0.0059988498 201901280449
1548672644 -0.0005911331 201901280450
1548672704 50.2388993168 201901280451
1548672722 50.7111732395 201901280452
1548672782 50.2172684501 201901280453
1548672842 50.2875687669 201901280454
1548672902 50.3578690836 201901280455
1548672962 50.3957231003 201901280456
1548673022 50.0604446667 201901280457
1548673082 50.4696285615 201901280458
1548673142 50.3650793725 201901280459
1548673202 50.3794999503 201901280500
1548673262 50.5128902949 201901280501
1548673322 50.2875687669 201901280502
1548673337 50.3722896614 201901280502
1548673397 50.3290279280 201901280503
1548673457 50.5291134449 201901280504
1548673517 50.1199295501 201901280505
1548673577 49.8188999887 201901280506
1548673637 50.4588131281 201901280507
1548673697 50.3200150669 201901280508
1548673757 50.8697995952 201901280509
1548673817 50.1704015723 201901280510
1548673877 50.1145218334 201901280511
1548673937 50.4804439948 201901280512
1548673955 50.6066240505 201901280512
1548674015 50.6156369116 201901280513
1548674075 50.7328041062 201901280514
1548674135 50.3776973781 201901280515
1548674195 50.3813025225 201901280516
1548674255 50.5038774337 201901280517
1548674315 50.5110877226 201901280518
1548674375 50.4498002670 201901280519
1548674435 50.3704870892 201901280520
1548674495 50.3614742281 201901280521
1548674555 50.6318600616 201901280522
1548674568 50.4498002670 201901280522
1548674628 50.1415604167 201901280523
1548674688 50.8463661563 201901280524
1548674748 50.6354652061 201901280525
1548674808 50.0874832500 201901280526
1548674868 50.2046504446 201901280527
1548674928 50.3091996336 201901280528
1548674988 50.6390703505 201901280529
1548675048 50.1704015723 201901280530
1548675108 50.6264523450 201901280531
1548675168 50.4768388504 201901280532
1548675184 50.2515173224 201901280533
1548675244 50.2352941724 201901280534
1548675304 50.7310015339 201901280535
1548675364 50.4840491393 201901280536
1548675424 50.0658523833 201901280537
1548675484 50.2875687669 201901280538
1548675544 50.2605301835 201901280539
1548675604 50.3740922336 201901280540
1548675664 50.3128047780 201901280541
1548675724 50.3578690836 201901280542
1548675784 50.6156369116 201901280543
1548675801 50.4263668281 201901280543
1548675861 50.5976111894 201901280544
1548675921 50.5597571727 201901280545
1548675981 50.3200150669 201901280546
1548676041 50.0676549556 201901280547
1548676101 50.4353796892 201901280548
1548676161 50.5705726060 201901280549
1548676221 50.4461951226 201901280550
1548676281 50.2262813113 201901280551
1548676341 50.6588986450 201901280552
1548676401 50.8842201730 201901280553
1548676415 50.7255938173 201901280553
1548676475 50.4822465670 201901280554
1548676535 50.4984697171 201901280555
1548676595 50.6030189060 201901280556
1548676655 50.8067095673 201901280557
1548676715 50.3921179559 201901280558
1548676775 50.6552935005 201901280559
1548676835 50.5525468838 201901280600
1548676895 50.4155513948 201901280601
1548676955 50.8607867341 201901280602
1548677015 50.6985552339 201901280603
1548677031 50.5002722893 201901280603
1548677091 50.6120317672 201901280604
1548677151 50.7868812729 201901280605
1548677211 50.1938350112 201901280606
1548677271 50.2749507613 201901280607
1548677331 50.7652504062 201901280608
1548677391 50.4732337059 201901280609
1548677451 50.2893713391 201901280610
1548677511 50.4588131281 201901280611
1548677571 50.3560665114 201901280612
1548677631 50.3146073502 201901280613
1548677660 50.2407018891 201901280614
1548677720 50.6372677783 201901280615
1548677780 50.6534909283 201901280616
1548677840 50.2226761668 201901280617
1548677900 50.5237057282 201901280618
1548677960 50.6084266227 201901280619
1548678020 50.3849076670 201901280620
1548678080 50.5327185893 201901280621
1548678140 50.3704870892 201901280622
1548678200 50.5345211615 201901280623
1548678260 50.8319455785 201901280624
1548678320 50.5813880394 201901280625
1548678341 50.9851642175 201901280625
1548678401 50.6607012172 201901280626
1548678461 50.8697995952 201901280627
1548678521 50.6084266227 201901280628
1548678581 50.3614742281 201901280629
1548678641 50.7255938173 201901280630
1548678701 50.3146073502 201901280631
1548678761 50.2713456169 201901280632
1548678821 50.4281694003 201901280633
1548678881 50.6030189060 201901280634
1548678941 50.9292844786 201901280635
1548678956 50.4209591114 201901280635
1548679016 50.5471391671 201901280636
1548679076 50.1541784223 201901280637
1548679136 50.4209591114 201901280638
1548679196 50.2893713391 201901280639
1548679256 49.8639642943 201901280640
1548679316 50.1613887112 201901280641
1548679376 50.5435340227 201901280642
1548679436 50.6156369116 201901280643
1548679496 50.2857661947 201901280644
1548679556 50.7147783839 201901280645
1548679572 50.5381263060 201901280646
1548679632 50.4443925503 201901280647
1548679692 50.3019893447 201901280648
1548679752 0.0030140113 201901280649
1548679812 42.8537609159 201901280650
1548679872 50.2929764835 201901280651
1548679932 50.3380407891 201901280652
1548679992 50.5669674616 201901280653
1548680052 50.4912594282 201901280654
1548680112 50.2911739113 201901280655
1548680172 50.3578690836 201901280656
1548680191 50.5489417393 201901280656
1548680251 50.3758948058 201901280657
1548680311 50.8229327174 201901280658
1548680371 50.4227616837 201901280659
1548680431 50.5056800060 201901280700
1548680491 50.4552079837 201901280701
1548680551 50.3650793725 201901280702
1548680611 50.7237912450 201901280703
1548680671 50.2911739113 201901280704
1548680731 50.4966671448 201901280705
1548680791 50.1523758501 201901280706
1548680807 50.5201005837 201901280706
1548680867 50.2064530168 201901280707
1548680927 50.4516028392 201901280708
1548680987 50.3849076670 201901280709
1548681047 50.6246497727 201901280710
1548681107 50.2785559058 201901280711
1548681167 0.0066191558 201901280712
1548681227 50.5002722893 201901280713
1548681287 50.6859372283 201901280714
1548681347 50.1704015723 201901280715
1548681407 50.2172684501 201901280716
1548681423 50.4371822615 201901280717
1548681483 50.0946935389 201901280718
1548681543 50.7291989617 201901280719
1548681603 49.7035353664 201901280720
1548681663 50.2965816280 201901280721
1548681723 50.5543494560 201901280722
1548681783 50.4768388504 201901280723
1548681843 50.7021603784 201901280724
1548681903 50.1974401557 201901280725
1548681963 50.5885983283 201901280726
1548682023 50.7994992784 201901280727
1548682037 50.1667964279 201901280727
1548682097 50.4894568559 201901280728
1548682157 50.2082555890 201901280729
1548682217 50.5074825782 201901280730
1548682277 50.4461951226 201901280731
1548682337 50.3037919169 201901280732
1548682397 50.9148639008 201901280733
1548682457 50.1974401557 201901280734
1548682517 50.7255938173 201901280735
1548682577 50.4570105559 201901280736
1548682637 50.7346066784 201901280737
1548682652 50.5867957560 201901280737
1548682712 50.7760658395 201901280738
1548682772 50.4876542837 201901280739
1548682832 50.4516028392 201901280740
1548682892 50.6570960728 201901280741
1548682952 50.2028478724 201901280742
1548683012 50.5615597449 201901280743
1548683072 49.9414748999 201901280744
1548683132 50.5002722893 201901280745
1548683192 50.5182980115 201901280746
1548683252 50.5092851504 201901280747
1548683270 50.6120317672 201901280747
1548683330 50.2533198946 201901280748
1548683390 49.9018183110 201901280749
1548683450 50.3993282448 201901280750
1548683510 50.4119462503 201901280751
1548683570 50.5922034727 201901280752
1548683630 50.3885128114 201901280753
1548683690 50.5255083004 201901280754
1548683750 50.0460240889 201901280755
1548683810 50.8067095673 201901280756
1548683870 50.1992427279 201901280757
1548683885 50.6048214783 201901280758
1548683945 50.9364947675 201901280759
1548684005 50.3813025225 201901280800
1548684065 50.6030189060 201901280801
1548684125 50.6715166505 201901280802
1548684185 50.4768388504 201901280803
1548684245 50.1866247223 201901280804
1548684305 50.2533198946 201901280805
1548684365 50.4173539670 201901280806
1548684425 50.4804439948 201901280807
1548684485 50.2965816280 201901280808
1548684503 50.7021603784 201901280808
1548684563 50.4119462503 201901280809
1548684623 50.6246497727 201901280810
1548684683 50.5038774337 201901280811
1548684743 50.4461951226 201901280812
1548684803 50.2298864557 201901280813
1548684863 50.6408729227 201901280814
1548684923 50.4065385336 201901280815
1548684983 50.3362382169 201901280816
1548685043 50.7454221117 201901280817
1548685103 50.5849931838 201901280818
1548685119 50.6967526617 201901280818
1548685179 50.8139198562 201901280819
1548685239 50.0298009389 201901280820
1548685299 50.7273963895 201901280821
1548685359 50.4606157004 201901280822
1548685419 50.6462806394 201901280823
1548685479 50.4786414226 201901280824
1548685539 50.2659379002 201901280825
1548685599 50.6823320839 201901280826
1548685659 50.7490272562 201901280827
1548685719 50.7994992784 201901280828
1548685736 49.9901443499 201901280828
1548685796 50.6895423728 201901280829
1548685856 50.2749507613 201901280830
1548685916 50.9274819063 201901280831
1548685976 50.8643918785 201901280832
1548686036 50.1451655612 201901280833
1548686096 50.7742632673 201901280834
1548686156 50.0406163722 201901280835
1548686216 50.5056800060 201901280836
1548686276 50.3236202114 201901280837
1548686336 49.9937494944 201901280838
1548686352 50.6588986450 201901280839
1548686412 50.4570105559 201901280840
1548686472 50.1091141167 201901280841
1548686532 50.3758948058 201901280842
1548686592 50.3542639392 201901280843
1548686652 50.5958086171 201901280844
1548686712 50.7598426895 201901280845
1548686772 50.4894568559 201901280846
1548686832 50.7454221117 201901280847
1548686892 50.3903153836 201901280848
1548686952 50.4101436781 201901280849
1548686967 50.4732337059 201901280849
1548687027 50.4660234170 201901280850
1548687087 50.9419024841 201901280851
1548687147 50.7886838451 201901280852
1548687207 50.3236202114 201901280853
1548687267 50.4930620004 201901280854
1548687327 50.5255083004 201901280855
1548687387 50.5579546004 201901280856
1548687447 50.2352941724 201901280857
1548687507 50.7688555506 201901280858
1548687567 50.5940060449 201901280859
1548687581 50.3308305002 201901280859
1548687641 50.3308305002 201901280900
1548687701 50.7814735562 201901280901
1548687761 50.8031044229 201901280902
1548687821 50.6246497727 201901280903
1548687881 50.3903153836 201901280904
1548687941 50.5958086171 201901280905
1548688001 50.1740067168 201901280906
1548688061 50.6246497727 201901280907
1548688121 50.3939205281 201901280908
1548688181 50.4443925503 201901280909
1548688194 50.2064530168 201901280909
1548688254 50.7003578061 201901280910
1548688314 50.8067095673 201901280911
1548688374 50.5020748615 201901280912
1548688434 50.2497147502 201901280913
1548688494 50.4479976948 201901280914
1548688554 0.0066191558 201901280915
1548688614 0.0048165835 201901280916
1548688674 -0.0005911331 201901280917
1548688734 50.4335771170 201901280918
1548688794 50.4065385336 201901280919
1548688809 50.3128047780 201901280920
1548688869 51.0049925120 201901280921
1548688929 50.6228472005 201901280922
1548688989 0.0048165835 201901280923
1548689049 50.7039629506 201901280924
1548689109 51.0680825398 201901280925
1548689169 50.7490272562 201901280926
1548689229 50.7039629506 201901280927
1548689289 50.2028478724 201901280928
1548689349 50.1109166889 201901280929
1548689409 50.7544349728 201901280930
1548689427 50.3091996336 201901280930
1548689487 50.5056800060 201901280931
1548689547 50.8788124563 201901280932
1548689607 50.2767533335 201901280933
1548689667 50.4660234170 201901280934
1548689727 50.5561520282 201901280935
1548689787 50.7436195395 201901280936
1548689847 50.7364092506 201901280937
1548689907 50.4750362782 201901280938
1548689967 50.7490272562 201901280939
1548690027 50.7111732395 201901280940
1548690042 50.6444780672 201901280940
1548690102 50.4786414226 201901280941
1548690162 50.5507443116 201901280942
1548690222 50.6012163338 201901280943
1548690282 50.6300574894 201901280944
1548690342 50.4461951226 201901280945
1548690402 50.6210446283 201901280946
1548690462 50.5255083004 201901280947
1548690522 50.5705726060 201901280948
1548690582 50.1289424112 201901280949
1548690642 50.8806150285 201901280950
1548690657 50.4083411059 201901280950
1548690717 50.4534054115 201901280951
1548690777 50.4209591114 201901280952
1548690837 50.3110022058 201901280953
1548690897 50.7814735562 201901280954
1548690957 50.5976111894 201901280955
1548691017 50.6138343394 201901280956
1548691077 0.0012114391 201901280957
1548691137 -0.0059988498 201901280958
1548691197 50.7742632673 201901280959
1548691257 50.5958086171 201901281000
1548691270 50.9563230619 201901281001
1548691330 50.4642208448 201901281002
1548691390 50.2461096057 201901281003
1548691450 50.2767533335 201901281004
1548691510 50.8589841618 201901281005
1548691570 50.1361527001 201901281006
1548691630 -0.0041962776 201901281007
1548691690 0.0012114391 201901281008
1548691750 50.6949500895 201901281009
1548691810 50.5345211615 201901281010
1548691870 50.5543494560 201901281011
1548691881 50.5687700338 201901281011
1548691941 50.4281694003 201901281012
1548692001 50.5633623171 201901281013
1548692061 50.3740922336 201901281014
1548692121 50.7328041062 201901281015
1548692181 50.6895423728 201901281016
1548692241 -0.0041962776 201901281017
1548692301 -0.0041962776 201901281018
1548692361 51.0590696787 201901281019
1548692421 50.3164099225 201901281020
1548692481 50.8734047396 201901281021
1548692497 50.3380407891 201901281021
1548692557 50.4173539670 201901281022
1548692617 50.2911739113 201901281023
1548692677 50.2803584780 201901281024
1548692737 50.5940060449 201901281025
1548692797 50.7904864173 201901281026
1548692857 50.7490272562 201901281027
1548692917 50.4137488225 201901281028
1548692977 50.2713456169 201901281029
1548693037 50.4353796892 201901281030
1548693097 50.5885983283 201901281031
1548693111 50.3344356447 201901281031
1548693171 50.6787269394 201901281032
1548693231 50.5381263060 201901281033
1548693291 50.3686845169 201901281034
1548693351 50.8734047396 201901281035
1548693411 50.7490272562 201901281036
1548693471 50.3037919169 201901281037
1548693531 50.3794999503 201901281038
1548693591 50.5092851504 201901281039
1548693651 50.6805295117 201901281040
1548693711 50.2677404724 201901281041
1548693727 50.6300574894 201901281042
1548693787 50.6066240505 201901281043
1548693847 50.6084266227 201901281044
1548693907 50.3542639392 201901281045
1548693967 50.5417314504 201901281046
1548694027 50.0442215167 201901281047
1548694087 50.4137488225 201901281048
1548694147 49.7395868108 201901281049
1548694207 50.3146073502 201901281050
1548694267 50.6138343394 201901281051
1548694327 50.9797565008 201901281052
1548694342 51.0951211231 201901281052
1548694402 50.2695430446 201901281053
1548694462 50.8589841618 201901281054
1548694522 50.2028478724 201901281055
1548694582 50.6120317672 201901281056
1548694642 0.0084217280 201901281057
1548694702 50.5128902949 201901281058
1548694762 0.0030140113 201901281059
1548694822 50.4606157004 201901281100
1548694882 50.9076536119 201901281101
1548694942 50.1181269778 201901281102
1548694955 50.2244787390 201901281102
1548695015 50.6534909283 201901281103
1548695075 50.9220741897 201901281104
1548695135 50.5146928671 201901281105
1548695195 50.4119462503 201901281106
1548695255 51.0915159787 201901281107
1548695315 50.8175250007 201901281108
1548695375 50.5543494560 201901281109
1548695435 50.5146928671 201901281110
1548695495 0.0066191558 201901281111
1548695555 50.3578690836 201901281112
1548695570 50.3867102392 201901281112
1548695630 50.5777828949 201901281113
1548695690 50.4930620004 201901281114
1548695750 50.5958086171 201901281115
1548695810 50.4353796892 201901281116
1548695870 50.7688555506 201901281117
1548695930 50.4966671448 201901281118
1548695990 50.7364092506 201901281119
1548696050 50.9419024841 201901281120
1548696110 50.8301430062 201901281121
1548696170 50.4101436781 201901281122
1548696184 50.3019893447 201901281123
1548696244 50.2515173224 201901281124
1548696304 50.9346921952 201901281125
1548696364 49.9757237722 201901281126
1548696424 50.5885983283 201901281127
1548696484 50.5038774337 201901281128
1548696544 50.6895423728 201901281129
1548696604 50.3903153836 201901281130
1548696664 50.5994137616 201901281131
1548696724 49.9504877610 201901281132
1548696784 50.7742632673 201901281133
1548696801 50.6859372283 201901281133
1548696861 50.5922034727 201901281134
1548696921 50.6300574894 201901281135
1548696981 50.5579546004 201901281136
1548697041 50.8031044229 201901281137
1548697101 51.0320310953 201901281138
1548697161 50.8499713007 201901281139
1548697221 50.5038774337 201901281140
1548697281 50.2497147502 201901281141
1548697341 50.6138343394 201901281142
1548697401 50.4353796892 201901281143
1548697417 50.1595861390 201901281143
1548697477 50.3236202114 201901281144
1548697537 0.0030140113 201901281145
1548697597 50.5146928671 201901281146
1548697657 50.8499713007 201901281147
1548697717 50.4966671448 201901281148
1548697777 50.5146928671 201901281149
1548697837 51.1834471621 201901281150
1548697897 50.6012163338 201901281151
1548697957 50.7508298284 201901281152
1548698017 50.8283404340 201901281153
1548698030 50.7940915618 201901281153
1548698090 50.7634478340 201901281154
1548698150 50.4966671448 201901281155
1548698210 50.9977822231 201901281156
1548698270 51.0716876842 201901281157
1548698330 50.5994137616 201901281158
1548698390 50.5994137616 201901281159
1548698450 50.9869667897 201901281200
1548698510 50.7742632673 201901281201
1548698570 50.5958086171 201901281202
1548698630 50.9112587563 201901281203
1548698644 50.7850787007 201901281204
1548698704 50.8571815896 201901281205
1548698764 50.2479121780 201901281206
1548698824 0.0030140113 201901281207
1548698884 0.0048165835 201901281208
1548698944 -0.0023937054 201901281209
1548699004 -0.0023937054 201901281210
1548699064 0.0012114391 201901281211
1548699124 50.8499713007 201901281212
1548699184 0.0048165835 201901281213
1548699244 -0.0132091387 201901281214
1548699258 -0.0059988498 201901281214
1548699318 0.0066191558 201901281215
1548699378 -0.0005911331 201901281216
1548699438 0.0030140113 201901281217
1548699498 -0.0078014220 201901281218
1548699558 0.0030140113 201901281219
1548699561 0.0048165835 201901281219
1548699608 0.0102243002 201901281220
1548699668 -0.0023937054 201901281221
1548699728 -0.0041962776 201901281222
1548699788 0.0048165835 201901281223
1548699848 0.0048165835 201901281224
1548699908 0.0048165835 201901281225
1548699968 0.0048165835 201901281226
1548700028 0.0048165835 201901281227
1548700088 0.0048165835 201901281228
1548700148 0.0048165835 201901281229
1548700208 0.0048165835 201901281230
1548700268 0.0048165835 201901281231
1548700328 0.0048165835 201901281232
1548700388 0.0048165835 201901281233
1548700448 0.0048165835 201901281234
1548700508 0.0048165835 201901281235
1548700568 0.0048165835 201901281236
1548700628 0.0048165835 201901281237
1548700688 0.0048165835 201901281238
1548700748 0.0048165835 201901281239
1548700808 0.0048165835 201901281240
1548700868 0.0048165835 201901281241
1548700928 0.0048165835 201901281242
1548700988 0.0048165835 201901281243
1548701048 0.0048165835 201901281244
1548701108 0.0048165835 201901281245
1548701168 0.0048165835 201901281246
1548701228 0.0048165835 201901281247
1548701288 0.0048165835 201901281248
1548701348 0.0048165835 201901281249
1548701408 0.0048165835 201901281250
1548701468 0.0048165835 201901281251
1548701528 0.0048165835 201901281252
1548701588 0.0048165835 201901281253
1548701648 0.0048165835 201901281254
1548701708 0.0048165835 201901281255
1548701768 0.0048165835 201901281256
1548701828 0.0048165835 201901281257
1548701888 0.0048165835 201901281258
1548701948 0.0048165835 201901281259
1548702008 0.0048165835 201901281300
1548702068 0.0048165835 201901281301
1548702128 0.0048165835 201901281302
1548702188 0.0048165835 201901281303
1548702248 0.0048165835 201901281304
1548702308 0.0048165835 201901281305
1548702368 0.0048165835 201901281306
1548702428 0.0048165835 201901281307
1548702488 0.0048165835 201901281308
1548702548 0.0048165835 201901281309
1548702608 0.0048165835 201901281310
1548702668 0.0048165835 201901281311
1548702728 0.0048165835 201901281312
1548702788 0.0048165835 201901281313
1548702848 0.0048165835 201901281314
1548702908 0.0048165835 201901281315
1548702968 0.0048165835 201901281316
1548703028 0.0048165835 201901281317
1548703088 0.0048165835 201901281318
1548703148 0.0048165835 201901281319
1548703156 0.0048165835 201901281319
1548703212 0.0048165835 201901281320
1548703272 0.0012114391 201901281321
1548703332 0.0012114391 201901281322
1548703392 0.0012114391 201901281323
1548703452 0.0012114391 201901281324
1548703512 0.0012114391 201901281325
1548703572 0.0012114391 201901281326
1548703632 0.0012114391 201901281327
1548703692 0.0012114391 201901281328
1548703752 0.0012114391 201901281329
1548703812 0.0012114391 201901281330
1548703872 0.0012114391 201901281331
1548703932 0.0012114391 201901281332
1548703992 0.0012114391 201901281333
1548704052 0.0012114391 201901281334
1548704112 0.0012114391 201901281335
1548704172 0.0012114391 201901281336
1548704232 0.0012114391 201901281337
1548704292 0.0012114391 201901281338
1548704352 0.0012114391 201901281339
1548704412 51.4213866957 201901281340
1548704472 50.7544349728 201901281341
1548704532 51.0518593898 201901281342
1548704592 51.2032754566 201901281343
1548704652 50.5489417393 201901281344
1548704687 51.1221597065 201901281344
1548704747 50.6084266227 201901281345
1548704807 50.3272253558 201901281346
1548704867 50.4660234170 201901281347
1548704927 50.9545204897 201901281348
1548704987 50.3290279280 201901281349
1548705047 50.4479976948 201901281350
1548705107 50.2839636224 201901281351
1548705167 50.4606157004 201901281352
1548705227 51.0698851120 201901281353
1548705287 51.1924600232 201901281354
1548705301 50.2136633057 201901281355
1548705361 49.8603591498 201901281356
1548705421 -0.0078014220 201901281357
1548705481 0.0012114391 201901281358
1548705541 50.6751217950 201901281359
1548705601 49.9667109110 201901281400
1548705661 48.5354685653 201901281401
1548705721 49.7341790942 201901281402
1548705781 50.6336626338 201901281403
1548705841 50.5976111894 201901281404
1548705901 50.5273108726 201901281405
1548705917 51.0428465287 201901281405
1548705977 50.2605301835 201901281406
1548706037 50.4660234170 201901281407
1548706097 50.8265378618 201901281408
1548706157 50.9058510396 201901281409
1548706217 50.6264523450 201901281410
1548706277 50.6372677783 201901281411
1548706337 50.7706581229 201901281412
1548706397 50.6156369116 201901281413
1548706457 50.5309160171 201901281414
1548706517 51.0518593898 201901281415
1548706537 50.6643063617 201901281415
1548706597 50.7688555506 201901281416
1548706657 50.5976111894 201901281417
1548706717 50.5038774337 201901281418
1548706777 50.9292844786 201901281419
1548706837 50.6372677783 201901281420
1548706897 50.7472246840 201901281421
1548706957 50.5489417393 201901281422
1548707017 50.4407874059 201901281423
1548707077 50.5128902949 201901281424
1548707137 50.4822465670 201901281425
1548707151 50.2515173224 201901281425
1548707211 50.7724606951 201901281426
1548707571 50.8319455785 201901281432
1548707631 50.3939205281 201901281433
1548707691 50.7165809561 201901281434
1548707751 50.7706581229 201901281435
1548707758 50.2983842002 201901281435
1548707818 50.6895423728 201901281436
1548707878 50.4606157004 201901281437
1548707938 50.4678259893 201901281438
1548707998 50.3758948058 201901281439
1548708058 50.2244787390 201901281440
1548708118 50.3885128114 201901281441
1548708178 50.2947790558 201901281442
1548708238 50.4101436781 201901281443
1548708298 50.6715166505 201901281444
1548708358 50.7670529784 201901281445
1548708374 51.2122883177 201901281446
1548708434 50.8337481507 201901281447
1548708494 50.8914304619 201901281448
1548708554 49.8873977332 201901281449
1548708614 50.7237912450 201901281450
1548708674 50.6607012172 201901281451
1548708734 50.6246497727 201901281452
1548708794 50.7364092506 201901281453
1548708854 50.2010453001 201901281454
1548708914 50.2893713391 201901281455
1548708974 50.2100581613 201901281456
1548708990 50.4768388504 201901281456
1548709050 50.4516028392 201901281457
1548709110 50.3903153836 201901281458
1548709170 50.0478266611 201901281459
1548709230 49.9360671832 201901281500
1548709290 50.0784703889 201901281501
1548709350 50.2370967446 201901281502
1548709410 50.5922034727 201901281503
1548709470 50.2587276113 201901281504
1548709530 50.5146928671 201901281505
1548709590 50.5885983283 201901281506
1548709605 50.4750362782 201901281506
1548709665 50.7255938173 201901281507
1548709725 50.7922889895 201901281508
1548709785 50.3362382169 201901281509
1548709845 50.6354652061 201901281510
1548709905 50.1902298668 201901281511
1548709965 50.1577835668 201901281512
1548710025 50.5038774337 201901281513
1548710085 50.5849931838 201901281514
1548710145 50.5849931838 201901281515
1548710205 50.6859372283 201901281516
1548710220 0.0030140113 201901281517
1548710280 50.0874832500 201901281518
1548710340 0.0066191558 201901281519
1548710400 50.6246497727 201901281520
1548710460 50.5976111894 201901281521
1548710520 50.5219031560 201901281522
1548710580 50.2461096057 201901281523
1548710640 50.5795854671 201901281524
1548710700 50.1758092890 201901281525
1548710760 50.3578690836 201901281526
1548710820 50.2280838835 201901281527
1548710833 50.3794999503 201901281527
1548710893 50.2677404724 201901281528
1548710953 50.9058510396 201901281529
1548711013 50.0964961112 201901281530
1548711073 50.7255938173 201901281531
1548711133 50.8139198562 201901281532
1548711193 50.2749507613 201901281533
1548711253 50.4732337059 201901281534
1548711313 50.4516028392 201901281535
1548711373 50.8553790174 201901281536
1548711433 50.4498002670 201901281537
1548711450 50.5363237338 201901281537
1548711510 50.3434485058 201901281538
1548711570 0.0030140113 201901281539
1548711630 50.4624182726 201901281540
1548711690 50.2298864557 201901281541
1548711750 50.2785559058 201901281542
1548711810 50.5038774337 201901281543
1548711870 50.2064530168 201901281544
1548711930 50.2767533335 201901281545
1548711990 49.7467970997 201901281546
1548712050 50.6607012172 201901281547
1548712069 51.0825031176 201901281547
1548712129 50.0982986834 201901281548
1548712189 50.5940060449 201901281549
1548712249 50.7706581229 201901281550
1548712309 50.6138343394 201901281551
1548712369 50.3740922336 201901281552
1548712429 50.1541784223 201901281553
1548712489 50.8175250007 201901281554
1548712549 50.4047359614 201901281555
1548712609 51.0933185509 201901281556
1548712669 50.8752073118 201901281557
1548712684 50.6138343394 201901281558
1548712744 50.5399288782 201901281559
1548712804 50.7508298284 201901281600
1548712864 50.3722896614 201901281601
1548712924 50.1559809945 201901281602
1548712984 0.0030140113 201901281603
1548713044 0.0102243002 201901281604
1548713104 49.8152948442 201901281605
1548713164 -0.0059988498 201901281606
1548713224 0.0048165835 201901281607
1548713284 -0.0096039943 201901281608
1548713298 0.0066191558 201901281608
1548713358 0.0084217280 201901281609
1548713418 0.0012114391 201901281610
1548713478 0.0030140113 201901281611
1548713538 -0.0023937054 201901281612
1548713598 0.0084217280 201901281613
1548713658 0.0030140113 201901281614
1548713718 0.0030140113 201901281615
1548713778 -0.0005911331 201901281616
1548713838 0.0030140113 201901281617
1548713898 0.0012114391 201901281618
1548713910 -0.0041962776 201901281618
1548713970 0.0012114391 201901281619
1548714030 50.7255938173 201901281620
1548714090 50.5146928671 201901281621
1548714150 50.3182124947 201901281622
1548714210 50.4407874059 201901281623
1548714270 50.1992427279 201901281624
1548714330 50.4371822615 201901281625
1548714390 50.7742632673 201901281626
1548714450 49.8982131665 201901281627
1548714510 50.2298864557 201901281628
1548714528 50.7093706672 201901281628
1548714588 50.6444780672 201901281629
1548714648 50.0117752166 201901281630
1548714708 50.5327185893 201901281631
1548714768 50.3073970613 201901281632
1548714828 50.1415604167 201901281633
1548714888 49.9288568943 201901281634
1548714948 50.5453365949 201901281635
1548715008 50.5201005837 201901281636
1548715068 50.6066240505 201901281637
1548715128 50.3614742281 201901281638
1548715142 49.6422479108 201901281639
1548715202 50.1127192612 201901281640
1548715262 50.0676549556 201901281641
1548715322 50.4804439948 201901281642
1548715382 49.9973546388 201901281643
1548715442 50.4516028392 201901281644
1548715502 50.4570105559 201901281645
1548715562 49.3412183494 201901281646
1548715622 50.4642208448 201901281647
1548715682 50.3091996336 201901281648
1548715742 50.2388993168 201901281649
1548715761 50.1848221501 201901281649
1548715821 50.7201861006 201901281650
1548715881 50.5813880394 201901281651
1548715941 50.2803584780 201901281652
1548716001 50.8463661563 201901281653
1548716061 50.4119462503 201901281654
1548716121 50.2749507613 201901281655
1548716181 50.5056800060 201901281656
1548716241 50.2010453001 201901281657
1548716301 49.9703160555 201901281658
1548716361 50.1451655612 201901281659
1548716377 50.6607012172 201901281659
1548716437 50.1289424112 201901281700
1548716497 49.8080845553 201901281701
1548716557 49.8639642943 201901281702
1548716617 49.8639642943 201901281703
1548716677 50.4966671448 201901281704
1548716737 50.6859372283 201901281705
1548716797 50.8842201730 201901281706
1548716857 50.6246497727 201901281707
1548716917 50.4119462503 201901281708
1548716977 49.9324620388 201901281709
1548716992 50.5976111894 201901281709
1548717052 50.5146928671 201901281710
1548717112 50.3849076670 201901281711
1548717172 50.0568395222 201901281712
1548717232 49.9108311721 201901281713
1548717292 50.1974401557 201901281714
1548717352 50.3308305002 201901281715
1548717412 50.6138343394 201901281716
1548717472 0.0012114391 201901281717
1548717532 50.8716021674 201901281718
1548717592 50.5146928671 201901281719
1548717606 50.5417314504 201901281720
1548717666 50.4840491393 201901281721
1548717726 50.5074825782 201901281722
1548717786 49.8910028776 201901281723
1548717846 50.4714311337 201901281724
1548717906 49.7828485442 201901281725
1548717966 50.3903153836 201901281726
1548718026 50.7814735562 201901281727
1548718086 50.3686845169 201901281728
1548718146 50.0298009389 201901281729
1548718206 50.0388138000 201901281730
1548718218 50.7147783839 201901281730
1548718278 50.6300574894 201901281731
1548718338 50.3849076670 201901281732
1548718398 50.3326330725 201901281733
1548718458 50.1920324390 201901281734
1548718518 50.1649938557 201901281735
1548718578 50.7976967062 201901281736
1548718638 50.6120317672 201901281737
1548718698 50.7147783839 201901281738
1548718758 50.2370967446 201901281739
1548718818 50.5074825782 201901281740
1548718834 50.8409584396 201901281740
1548718894 50.4876542837 201901281741
1548718954 50.6048214783 201901281742
1548719014 50.0532343778 201901281743
1548719074 49.9468826166 201901281744
1548719134 50.9473102008 201901281745
1548719194 50.4642208448 201901281746
1548719254 50.3146073502 201901281747
1548719314 50.4624182726 201901281748
1548719374 50.3290279280 201901281749
1548719434 50.3308305002 201901281750
1548719448 50.2352941724 201901281750
1548719508 50.5633623171 201901281751
1548719568 50.1073115445 201901281752
1548719628 50.2857661947 201901281753
1548719688 50.4371822615 201901281754
1548719748 50.8391558674 201901281755
1548719808 50.3596716558 201901281756
1548719868 50.1559809945 201901281757
1548719928 50.4660234170 201901281758
1548719988 50.0189855055 201901281759
1548720048 50.5219031560 201901281800
1548720063 49.6801019275 201901281801
1548720123 49.7377842386 201901281802
1548720183 49.5773553107 201901281803
1548720243 50.6354652061 201901281804
1548720303 50.3218176391 201901281805
1548720363 50.3686845169 201901281806
1548720423 50.6264523450 201901281807
1548720483 50.1776118612 201901281808
1548720543 50.6282549172 201901281809
1548720603 50.2623327557 201901281810
1548720663 50.5417314504 201901281811
1548720681 49.9685134833 201901281811
1548720741 49.7666253942 201901281812
1548720801 50.0694575278 201901281813
1548720861 50.1055089723 201901281814
1548720921 50.7742632673 201901281815
1548720981 50.5741777505 201901281816
1548721041 50.1235346945 201901281817
1548721101 50.4479976948 201901281818
1548721161 50.3470536503 201901281819
1548721221 50.3272253558 201901281820
1548721281 50.1649938557 201901281821
1548721296 50.6625037894 201901281821
1548721356 50.8301430062 201901281822
1548721416 50.4570105559 201901281823
1548721476 50.1541784223 201901281824
1548721536 50.7832761284 201901281825
1548721596 50.7778684118 201901281826
1548721656 50.8229327174 201901281827
1548721716 50.6318600616 201901281828
1548721776 50.4570105559 201901281829
1548721836 50.2839636224 201901281830
1548721896 50.0802729611 201901281831
1548721910 50.7147783839 201901281831
1548721970 50.7075680950 201901281832
1548722030 50.5092851504 201901281833
1548722090 50.1631912834 201901281834
1548722150 50.5092851504 201901281835
1548722210 50.2388993168 201901281836
1548722270 50.1812170057 201901281837
1548722330 50.2352941724 201901281838
1548722390 50.6769243672 201901281839
1548722450 50.0622472389 201901281840
1548722510 50.5922034727 201901281841
1548722824 50.1235346945 201901281847
1548722884 50.1685990001 201901281848
1548722944 49.8693720110 201901281849
1548723004 50.7436195395 201901281850
1548723064 50.6012163338 201901281851
1548723124 50.1956375835 201901281852
1548723129 50.3218176391 201901281852
1548723189 50.4389848337 201901281853
1548723249 50.6084266227 201901281854
1548723309 50.6534909283 201901281855
1548723369 50.8553790174 201901281856
1548723429 50.0352086555 201901281857
1548723489 50.5182980115 201901281858
1548723549 50.7255938173 201901281859
1548723609 50.5633623171 201901281900
1548723669 50.3470536503 201901281901
1548723729 50.0243932222 201901281902
1548723747 50.1649938557 201901281902
1548723807 50.4876542837 201901281903
1548723867 50.6120317672 201901281904
1548723927 50.6588986450 201901281905
1548723987 50.3308305002 201901281906
1548724047 50.1559809945 201901281907
1548724107 50.4570105559 201901281908
1548724167 50.1830195779 201901281909
1548724227 50.4389848337 201901281910
1548724287 50.5092851504 201901281911
1548724347 50.1001012556 201901281912
1548724365 50.3578690836 201901281912
1548724425 50.0838781056 201901281913
1548724485 50.0388138000 201901281914
1548724545 50.0748652445 201901281915
1548724605 50.0478266611 201901281916
1548724665 50.0207880778 201901281917
1548724725 49.6927199330 201901281918
1548724785 50.1415604167 201901281919
1548724845 50.3542639392 201901281920
1548724905 50.1415604167 201901281921
1548724965 49.6512607719 201901281922
1548724978 50.3218176391 201901281922
1548725038 50.2749507613 201901281923
1548725098 49.8873977332 201901281924
1548725158 50.0892858223 201901281925
1548725218 50.5849931838 201901281926
1548725278 50.3001867724 201901281927
1548725338 50.5146928671 201901281928
1548725398 50.3867102392 201901281929
1548725458 50.5958086171 201901281930
1548725518 50.3073970613 201901281931
1548725578 50.2695430446 201901281932
1548725592 49.8279128498 201901281933
1548725652 49.9396723277 201901281934
1548725712 50.6354652061 201901281935
1548725772 50.8157224285 201901281936
1548725832 50.0892858223 201901281937
1548725892 50.2280838835 201901281938
1548725952 50.2262813113 201901281939
1548726012 50.8968381785 201901281940
1548726072 50.4948645726 201901281941
1548726132 49.4151238105 201901281942
1548726192 50.0279983666 201901281943
1548726206 50.4461951226 201901281943
1548726266 50.2641353280 201901281944
1548726326 50.2893713391 201901281945
1548726386 50.3813025225 201901281946
1548726446 50.1848221501 201901281947
1548726506 50.2497147502 201901281948
1548726566 50.4516028392 201901281949
1548726626 50.3614742281 201901281950
1548726686 50.3037919169 201901281951
1548726746 50.1794144334 201901281952
1548726806 50.3885128114 201901281953
1548726824 50.1613887112 201901281953
1548726884 50.1523758501 201901281954
1548726944 50.6282549172 201901281955
1548727004 50.6102291949 201901281956
1548727064 50.4948645726 201901281957
1548727124 50.2767533335 201901281958
1548727184 49.6602736330 201901281959
1548727244 50.1433629890 201901282000
1548727304 50.6751217950 201901282001
1548727364 50.7418169673 201901282002
1548727424 50.6012163338 201901282003
1548727440 50.2370967446 201901282004
1548727500 50.5453365949 201901282005
1548727560 50.5723751782 201901282006
1548727620 50.0712601000 201901282007
1548727680 49.9252517499 201901282008
1548727740 50.7868812729 201901282009
1548727800 50.6480832116 201901282010
1548727860 50.0820755334 201901282011
1548727920 50.6030189060 201901282012
1548727980 50.5489417393 201901282013
1548728040 50.1343501279 201901282014
1548728054 50.3146073502 201901282014
1548728114 50.8085121396 201901282015
1548728174 50.6967526617 201901282016
1548728234 50.3975256725 201901282017
1548728294 50.5471391671 201901282018
1548728354 50.2821610502 201901282019
1548728414 50.1001012556 201901282020
1548728474 50.5435340227 201901282021
1548728534 50.5074825782 201901282022
1548728594 50.8661944507 201901282023
1548728654 50.3560665114 201901282024
1548728669 50.1613887112 201901282024
1548728729 50.7219886728 201901282025
1548728789 50.4155513948 201901282026
1548728849 50.6787269394 201901282027
1548728909 50.5056800060 201901282028
1548728969 50.4516028392 201901282029
1548729029 50.1685990001 201901282030
1548729089 50.1469681334 201901282031
1548729149 50.0604446667 201901282032
1548729209 50.1253372667 201901282033
1548729269 50.2641353280 201901282034
1548729282 50.2569250391 201901282034
1548729342 50.1361527001 201901282035
1548729402 50.0874832500 201901282036
1548729462 50.1902298668 201901282037
1548729522 50.1253372667 201901282038
1548729582 50.3326330725 201901282039
1548729642 50.7670529784 201901282040
1548729702 50.6805295117 201901282041
1548729762 50.3452510780 201901282042
1548729822 50.1199295501 201901282043
1548729882 50.4678259893 201901282044
1548729898 50.6408729227 201901282044
1548729958 50.3055944891 201901282045
1548730018 50.3831050947 201901282046
1548730078 50.5291134449 201901282047
1548730138 50.1019038278 201901282048
1548730198 50.4786414226 201901282049
1548730258 50.4966671448 201901282050
1548730318 50.2280838835 201901282051
1548730378 50.4840491393 201901282052
1548730438 50.2226761668 201901282053
1548730498 50.2100581613 201901282054
1548730516 50.3794999503 201901282055
1548730576 50.5182980115 201901282056
1548730636 49.9883417777 201901282057
1548730696 50.5759803227 201901282058
1548730756 50.1397578445 201901282059
1548730816 50.7111732395 201901282100
1548730876 49.9162388888 201901282101
1548730936 50.4407874059 201901282102
1548730996 50.4281694003 201901282103
1548731056 49.8603591498 201901282104
1548731116 50.1379552723 201901282105
1548731131 49.6981276497 201901282105
1548731191 50.3001867724 201901282106
1548731251 49.7161533719 201901282107
1548731311 50.0694575278 201901282108
1548731371 50.3470536503 201901282109
1548731431 50.4948645726 201901282110
1548731491 50.1055089723 201901282111
1548731551 50.3416459336 201901282112
1548731611 50.5525468838 201901282113
1548731671 50.5579546004 201901282114
1548731731 50.6228472005 201901282115
1548731746 49.9558954777 201901282115
1548731806 50.2100581613 201901282116
1548731866 50.5976111894 201901282117
1548731926 49.8369257109 201901282118
1548731986 50.3668819447 201901282119
1548732046 50.4624182726 201901282120
1548732106 50.0009597833 201901282121
1548732166 49.8892003054 201901282122
1548732226 50.4876542837 201901282123
1548732286 50.1559809945 201901282124
1548732346 50.0820755334 201901282125
1548732360 50.2190710224 201901282126
1548732420 50.4191565392 201901282127
1548732480 50.1740067168 201901282128
1548732540 50.1451655612 201901282129
1548732600 50.1163244056 201901282130
1548732660 50.6264523450 201901282131
1548732720 50.2821610502 201901282132
1548732780 50.7057655228 201901282133
1548732840 50.3740922336 201901282134
1548732900 50.3650793725 201901282135
1548732960 50.6588986450 201901282136
1548732975 50.4750362782 201901282136
1548733035 50.3110022058 201901282137
1548733095 50.2298864557 201901282138
1548733155 50.2479121780 201901282139
1548733215 50.3632768003 201901282140
1548733275 50.4624182726 201901282141
1548733335 50.5651648893 201901282142
1548733395 50.6516883561 201901282143
1548733455 50.1505732779 201901282144
1548733515 50.2370967446 201901282145
1548733575 49.9486851888 201901282146
1548733593 50.0730626722 201901282146
1548733653 50.6985552339 201901282147
1548733713 50.5507443116 201901282148
1548733773 50.4299719726 201901282149
1548733833 50.3218176391 201901282150
1548733893 50.3110022058 201901282151
1548733953 50.4137488225 201901282152
1548734013 50.3290279280 201901282153
1548734073 50.6102291949 201901282154
1548734133 50.4624182726 201901282155
1548734193 50.3867102392 201901282156
1548734208 50.4786414226 201901282156
1548734268 50.1938350112 201901282157
1548734328 50.3398433614 201901282158
1548734388 50.4353796892 201901282159
1548734448 50.2983842002 201901282200
1548734508 50.1379552723 201901282201
1548734568 50.5201005837 201901282202
1548734628 50.4443925503 201901282203
1548734688 50.8229327174 201901282204
1548734748 50.2208735946 201901282205
1548734808 50.5615597449 201901282206
1548734824 49.8819900165 201901282207
1548734884 50.2280838835 201901282208
1548734944 50.4479976948 201901282209
1548735004 50.5669674616 201901282210
1548735064 50.1776118612 201901282211
1548735124 50.1055089723 201901282212
1548735184 49.9144363165 201901282213
1548735244 50.6030189060 201901282214
1548735304 50.0099726444 201901282215
1548735364 50.3290279280 201901282216
1548735424 50.3344356447 201901282217
1548735437 50.2785559058 201901282217
1548735497 49.8747797276 201901282218
1548735557 50.7562375451 201901282219
1548735617 49.9108311721 201901282220
1548735677 50.6967526617 201901282221
1548735737 50.1217321223 201901282222
1548735797 49.9937494944 201901282223
1548735857 50.5669674616 201901282224
1548735917 50.5146928671 201901282225
1548735977 50.3596716558 201901282226
1548736037 50.4281694003 201901282227
1548736050 50.3849076670 201901282227
1548736110 50.1487707056 201901282228
1548736170 50.0550369500 201901282229
1548736230 49.9829340611 201901282230
1548736290 50.5273108726 201901282231
1548736350 49.6458530552 201901282232
1548736410 50.3758948058 201901282233
1548736470 50.3596716558 201901282234
1548736530 50.6534909283 201901282235
1548736590 50.1433629890 201901282236
1548736650 50.6913449450 201901282237
1548736967 50.4227616837 201901282242
1548737027 50.1217321223 201901282243
1548737087 50.6769243672 201901282244
1548737147 50.5327185893 201901282245
1548737207 50.1541784223 201901282246
1548737267 50.5976111894 201901282247
1548737273 50.7147783839 201901282247
1548737333 50.4299719726 201901282248
1548737393 50.0748652445 201901282249
1548737453 50.1433629890 201901282250
1548737513 50.4930620004 201901282251
1548737573 50.6390703505 201901282252
1548737633 50.0784703889 201901282253
1548737693 50.5741777505 201901282254
1548737753 50.6246497727 201901282255
1548737813 50.4786414226 201901282256
1548737873 50.5507443116 201901282257
1548737888 50.3903153836 201901282258
1548737948 50.4263668281 201901282259
1548738008 50.3813025225 201901282300
1548738068 50.3290279280 201901282301
1548738128 49.8477411443 201901282302
1548738188 50.8950356063 201901282303
1548738248 50.7328041062 201901282304
1548738308 50.4606157004 201901282305
1548738368 50.1433629890 201901282306
1548738428 49.9072260277 201901282307
1548738488 50.6697140783 201901282308
1548738502 50.5615597449 201901282308
1548738562 50.1938350112 201901282309
1548738622 50.4696285615 201901282310
1548738682 49.6296299052 201901282311
1548738742 50.1956375835 201901282312
1548738802 50.2190710224 201901282313
1548738862 50.3019893447 201901282314
1548738922 50.2046504446 201901282315
1548738982 49.9649083388 201901282316
1548739042 50.2695430446 201901282317
1548739102 50.3091996336 201901282318
1548739116 49.9342646110 201901282318
1548739176 50.3975256725 201901282319
1548739236 50.0243932222 201901282320
1548739296 50.5092851504 201901282321
1548739356 50.1289424112 201901282322
1548739416 50.3596716558 201901282323
1548739476 50.1217321223 201901282324
1548739536 50.1379552723 201901282325
1548739596 50.2605301835 201901282326
1548739656 50.0964961112 201901282327
1548739716 49.8910028776 201901282328
1548739729 49.9342646110 201901282328
1548739789 50.3182124947 201901282329
1548739849 50.2749507613 201901282330
1548739909 50.3524613669 201901282331
1548739969 50.5651648893 201901282332
1548740029 49.9793289166 201901282333
1548740089 50.4822465670 201901282334
1548740149 50.7562375451 201901282335
1548740209 50.2172684501 201901282336
1548740269 50.3794999503 201901282337
1548740329 50.2479121780 201901282338
1548740345 50.1974401557 201901282339
1548740405 50.7706581229 201901282340
1548740465 50.2046504446 201901282341
1548740525 50.5146928671 201901282342
1548740585 50.2190710224 201901282343
1548740645 50.6012163338 201901282344
1548740705 50.3957231003 201901282345
1548740765 50.3632768003 201901282346
1548740825 50.4840491393 201901282347
1548740885 50.7273963895 201901282348
1548740945 50.7778684118 201901282349
