1549519180 -1.0000000000 2019020623597
1549519236 50.5633623171 201902070000
1549519296 50.7400143951 201902070001
1549519356 50.6985552339 201902070002
1549519416 50.5777828949 201902070003
1549519476 50.5453365949 201902070004
1549519536 50.9833616453 201902070005
1549519596 50.9346921952 201902070006
1549519656 50.6859372283 201902070007
1549519716 50.7093706672 201902070008
1549519776 50.4894568559 201902070009
1549519788 51.1203571343 201902070009
1549519848 50.5507443116 201902070010
1549519908 50.4696285615 201902070011
1549519968 50.7129758117 201902070012
1549520028 50.9148639008 201902070013
1549520088 50.7472246840 201902070014
1549520148 50.6751217950 201902070015
1549520208 50.6282549172 201902070016
1549520268 50.7490272562 201902070017
1549520328 50.4840491393 201902070018
1549520388 51.0933185509 201902070019
1549520404 50.8607867341 201902070020
1549520464 50.4083411059 201902070021
1549520524 50.5489417393 201902070022
1549520584 50.8697995952 201902070023
1549520644 50.7057655228 201902070024
1549520704 51.1690265843 201902070025
1549520764 50.8157224285 201902070026
1549520824 50.7652504062 201902070027
1549520884 50.4101436781 201902070028
1549520944 50.5345211615 201902070029
1549521004 50.9166664730 201902070030
1549521023 50.5273108726 201902070030
1549521083 50.7003578061 201902070031
1549521143 50.8950356063 201902070032
1549521203 50.9797565008 201902070033
1549521263 50.7634478340 201902070034
1549521323 50.6336626338 201902070035
1549521383 50.7129758117 201902070036
1549521443 50.6570960728 201902070037
1549521503 50.8716021674 201902070038
1549521563 50.8175250007 201902070039
1549521623 50.8499713007 201902070040
1549521638 50.9238767619 201902070040
1549521698 50.8211301451 201902070041
1549521758 50.5831906116 201902070042
1549521818 51.0013873675 201902070043
1549521878 50.4624182726 201902070044
1549521938 50.6552935005 201902070045
1549521998 50.2857661947 201902070046
1549522058 50.7670529784 201902070047
1549522118 50.7472246840 201902070048
1549522178 50.4876542837 201902070049
1549522238 50.5056800060 201902070050
1549522255 50.4642208448 201902070050
1549522315 50.3254227836 201902070051
1549522375 50.7508298284 201902070052
1549522435 50.6462806394 201902070053
1549522495 50.5777828949 201902070054
1549522555 50.7057655228 201902070055
1549522615 50.8679970229 201902070056
1549522675 50.8517738729 201902070057
1549522735 50.9743487842 201902070058
1549522795 50.1866247223 201902070059
1549522855 50.6066240505 201902070100
1549522870 0.0048165835 201902070101
1549522930 49.9324620388 201902070102
1549522990 50.9509153452 201902070103
1549523050 50.8211301451 201902070104
1549523110 50.7544349728 201902070105
1549523170 50.9563230619 201902070106
1549523230 50.6769243672 201902070107
1549523290 50.3254227836 201902070108
1549523350 50.5164954393 201902070109
1549523410 51.1383828565 201902070110
1549523470 50.5633623171 201902070111
1549523486 50.4317745448 201902070111
1549523546 50.1055089723 201902070112
1549523606 50.8914304619 201902070113
1549523666 50.7039629506 201902070114
1549523726 50.5020748615 201902070115
1549523786 50.7868812729 201902070116
1549523846 51.0752928287 201902070117
1549523906 50.5741777505 201902070118
1549523966 50.7508298284 201902070119
1549524026 50.7237912450 201902070120
1549524086 51.0122028009 201902070121
1549524403 50.8247352896 201902070126
1549524463 50.6715166505 201902070127
1549524523 50.9581256341 201902070128
1549524583 50.8986407508 201902070129
1549524643 51.0915159787 201902070130
1549524703 50.7291989617 201902070131
1549524709 50.9797565008 201902070131
1549524769 50.9437050563 201902070132
1549524829 51.1401854287 201902070133
1549524889 50.7201861006 201902070134
1549524949 50.8986407508 201902070135
1549525009 50.6156369116 201902070136
1549525069 50.6552935005 201902070137
1549525129 50.4912594282 201902070138
1549525189 50.5074825782 201902070139
1549525249 50.8337481507 201902070140
1549525309 51.0031899397 201902070141
1549525326 50.5759803227 201902070142
1549525386 50.5327185893 201902070143
1549525446 50.9022458952 201902070144
1549525506 50.8409584396 201902070145
1549525566 50.8517738729 201902070146
1549525626 50.7742632673 201902070147
1549525686 50.6733192228 201902070148
1549525746 50.2551224668 201902070149
1549525806 50.7147783839 201902070150
1549525866 50.6426754950 201902070151
1549525926 50.7688555506 201902070152
1549525942 50.9202716174 201902070152
1549526002 50.9004433230 201902070153
1549526062 50.6715166505 201902070154
1549526122 50.8752073118 201902070155
1549526182 50.7490272562 201902070156
1549526242 51.0122028009 201902070157
1549526302 50.9743487842 201902070158
1549526362 50.3794999503 201902070159
1549526422 50.7219886728 201902070200
1549526482 50.8265378618 201902070201
1549526542 51.0176105175 201902070202
1549526559 50.5922034727 201902070202
1549526619 50.7057655228 201902070203
1549526679 50.4516028392 201902070204
1549526739 50.8607867341 201902070205
1549526799 50.4425899781 201902070206
1549526859 50.7075680950 201902070207
1549526919 50.8499713007 201902070208
1549526979 50.8067095673 201902070209
1549527039 50.7706581229 201902070210
1549527099 51.2194986066 201902070211
1549527159 50.9779539286 201902070212
1549527175 51.0212156620 201902070212
1549527235 50.9130613285 201902070213
1549527295 50.3398433614 201902070214
1549527355 50.5579546004 201902070215
1549527415 50.8968381785 201902070216
1549527475 50.7201861006 201902070217
1549527535 50.7940915618 201902070218
1549527595 50.7454221117 201902070219
1549527655 50.8860227452 201902070220
1549527715 50.6534909283 201902070221
1549527775 50.7021603784 201902070222
1549527789 50.6552935005 201902070223
1549527849 50.5705726060 201902070224
1549527909 50.9689410675 201902070225
1549527969 50.8319455785 201902070226
1549528029 50.6715166505 201902070227
1549528089 50.6048214783 201902070228
1549528149 51.0428465287 201902070229
1549528209 50.8391558674 201902070230
1549528269 50.8337481507 201902070231
1549528329 50.4822465670 201902070232
1549528389 50.1289424112 201902070233
1549528407 50.8860227452 201902070233
1549528467 50.8535764452 201902070234
1549528527 51.0248208064 201902070235
1549528587 50.7778684118 201902070236
1549528647 50.6895423728 201902070237
1549528707 50.6552935005 201902070238
1549528767 50.4570105559 201902070239
1549528827 50.5795854671 201902070240
1549528887 50.7922889895 201902070241
1549528947 50.6084266227 201902070242
1549529007 50.9437050563 201902070243
1549529022 50.5291134449 201902070243
1549529082 50.5867957560 201902070244
1549529142 50.9887693619 201902070245
1549529202 50.5849931838 201902070246
1549529262 50.8535764452 201902070247
1549529322 50.8229327174 201902070248
1549529382 50.8121172840 201902070249
1549529442 50.6895423728 201902070250
1549529502 50.3831050947 201902070251
1549529562 50.7886838451 201902070252
1549529622 50.8968381785 201902070253
1549529638 50.4461951226 201902070253
1549529698 50.4191565392 201902070254
1549529758 50.9364947675 201902070255
1549529818 51.1618162954 201902070256
1549529878 50.3236202114 201902070257
1549529938 50.8788124563 201902070258
1549529998 51.0284259509 201902070259
1549530058 50.6552935005 201902070300
1549530118 50.7742632673 201902070301
1549530178 50.9040484674 201902070302
1549530238 50.6913449450 201902070303
1549530254 50.9382973397 201902070304
1549530314 50.8842201730 201902070305
1549530374 50.9707436397 201902070306
1549530434 51.2519449066 201902070307
1549530494 51.1708291565 201902070308
1549530554 50.6805295117 201902070309
1549530614 50.9599282064 201902070310
1549530674 50.9238767619 201902070311
1549530734 50.4642208448 201902070312
1549530794 50.7724606951 201902070313
1549530854 50.9599282064 201902070314
1549530869 50.5146928671 201902070314
1549530929 50.5994137616 201902070315
1549530989 50.7634478340 201902070316
1549531049 50.7706581229 201902070317
1549531109 50.8373532951 201902070318
1549531169 50.9725462119 201902070319
1549531229 50.7634478340 201902070320
1549531289 51.2339191844 201902070321
1549531349 50.5507443116 201902070322
1549531409 50.9004433230 201902070323
1549531469 50.7886838451 201902070324
1549531486 50.5849931838 201902070324
1549531546 51.0085976564 201902070325
1549531606 50.4984697171 201902070326
1549531666 50.8571815896 201902070327
1549531726 50.9256793341 201902070328
1549531786 51.2050780288 201902070329
1549531846 50.8914304619 201902070330
1549531906 50.9797565008 201902070331
1549531966 50.5777828949 201902070332
1549532026 51.0031899397 201902070333
1549532086 50.6985552339 201902070334
1549532106 50.5885983283 201902070335
1549532166 50.7057655228 201902070336
1549532226 50.9617307786 201902070337
1549532286 50.7003578061 201902070338
1549532346 50.9887693619 201902070339
1549532406 51.0356362398 201902070340
1549532466 0.0066191558 201902070341
1549532526 51.1005288398 201902070342
1549532586 50.8283404340 201902070343
1549532646 51.0158079453 201902070344
1549532706 50.7976967062 201902070345
1549532722 50.9130613285 201902070345
1549532782 50.8031044229 201902070346
1549532842 50.6498857839 201902070347
1549532902 50.5182980115 201902070348
1549532962 50.9761513564 201902070349
1549533022 50.9869667897 201902070350
1549533082 50.8932330341 201902070351
1549533142 50.4858517115 201902070352
1549533202 50.8193275729 201902070353
1549533262 50.7237912450 201902070354
1549533322 50.6174394838 201902070355
1549533341 50.3434485058 201902070355
1549533401 50.6588986450 201902070356
1549533461 50.6985552339 201902070357
1549533521 51.1203571343 201902070358
1549533581 50.9869667897 201902070359
1549533641 50.8049069951 201902070400
1549533701 50.8013018507 201902070401
1549533761 50.8734047396 201902070402
1549533821 50.7562375451 201902070403
1549533881 50.7634478340 201902070404
1549533941 50.8806150285 201902070405
1549533955 50.5309160171 201902070405
1549534015 50.7562375451 201902070406
1549534075 50.8391558674 201902070407
1549534135 50.4570105559 201902070408
1549534195 50.7328041062 201902070409
1549534255 50.6318600616 201902070410
1549534315 50.6949500895 201902070411
1549534375 50.6805295117 201902070412
1549534435 50.8247352896 201902070413
1549534495 50.9148639008 201902070414
1549534555 50.7454221117 201902070415
1549534570 50.8499713007 201902070416
1549534630 50.7724606951 201902070417
1549534690 50.8229327174 201902070418
1549534750 50.8085121396 201902070419
1549534810 50.4425899781 201902070420
1549534870 32.1446793342 201902070421
1549534930 50.7832761284 201902070422
1549534990 -0.0023937054 201902070423
1549535050 50.8067095673 201902070424
1549535110 50.6552935005 201902070425
1549535170 51.1203571343 201902070426
1549535184 50.6733192228 201902070426
1549535244 50.6895423728 201902070427
1549535304 50.4678259893 201902070428
1549535364 50.4624182726 201902070429
1549535424 0.0012114391 201902070430
1549535484 51.0194130897 201902070431
1549535544 50.5110877226 201902070432
1549535604 50.7219886728 201902070433
1549535664 50.4678259893 201902070434
1549535724 51.0248208064 201902070435
1549535784 50.4443925503 201902070436
1549535801 51.0212156620 201902070436
1549535861 50.5958086171 201902070437
1549535921 50.7255938173 201902070438
1549535981 50.5741777505 201902070439
1549536041 50.7832761284 201902070440
1549536101 50.5994137616 201902070441
1549536161 50.9346921952 201902070442
1549536221 50.5327185893 201902070443
1549536281 50.6895423728 201902070444
1549536341 50.5795854671 201902070445
1549536401 50.6895423728 201902070446
1549536415 50.8301430062 201902070446
1549536475 -0.0023937054 201902070447
1549536535 50.5543494560 201902070448
1549536595 50.6625037894 201902070449
1549536655 50.9545204897 201902070450
1549536715 50.7346066784 201902070451
1549536775 51.0644773953 201902070452
1549536835 51.0248208064 201902070453
1549536895 50.3055944891 201902070454
1549536955 51.1906574510 201902070455
1549537015 50.6156369116 201902070456
1549537033 51.0158079453 201902070457
1549537093 50.8175250007 201902070458
1549537153 50.9058510396 201902070459
1549537213 50.9869667897 201902070500
1549537273 50.5813880394 201902070501
1549537333 51.0320310953 201902070502
1549537393 50.9364947675 201902070503
1549537453 50.7508298284 201902070504
1549537513 50.9040484674 201902070505
1549537573 50.6895423728 201902070506
1549537633 50.4948645726 201902070507
1549537651 50.7346066784 201902070507
1549537711 50.8427610118 201902070508
1549537771 51.2303140399 201902070509
1549537831 50.9923745064 201902070510
1549537891 50.6967526617 201902070511
1549537951 50.8175250007 201902070512
1549538011 50.7544349728 201902070513
1549538071 50.7129758117 201902070514
1549538131 50.8625893063 201902070515
1549538191 50.9328896230 201902070516
1549538251 50.8355507229 201902070517
1549538265 50.6643063617 201902070517
1549538325 -0.0059988498 201902070518
1549538385 -0.0005911331 201902070519
1549538445 51.2483397622 201902070520
1549538505 51.0338336675 201902070521
1549538565 50.7940915618 201902070522
1549538625 50.7922889895 201902070523
1549538685 50.7760658395 201902070524
1549538745 50.7291989617 201902070525
1549538805 50.5399288782 201902070526
1549538865 50.9743487842 201902070527
1549538883 50.9779539286 201902070528
1549538943 50.5543494560 201902070529
1549539003 50.5687700338 201902070530
1549539063 0.0048165835 201902070531
1549539123 51.2771809178 201902070532
1549539183 50.7904864173 201902070533
1549539243 0.0030140113 201902070534
1549539303 50.7093706672 201902070535
1549539363 51.0752928287 201902070536
1549539423 51.4502278512 201902070537
1549539483 50.3001867724 201902070538
1549539498 50.8932330341 201902070538
1549539558 50.6823320839 201902070539
1549539618 50.8679970229 201902070540
1549539678 50.9527179175 201902070541
1549539738 50.8607867341 201902070542
1549539798 50.7382118228 201902070543
1549539858 50.6985552339 201902070544
1549539918 50.8770098841 201902070545
1549539978 50.8427610118 201902070546
1549540038 50.5327185893 201902070547
1549540098 50.7688555506 201902070548
1549540116 50.6426754950 201902070548
1549540176 50.7075680950 201902070549
1549540236 50.0478266611 201902070550
1549540296 50.5831906116 201902070551
1549540356 50.3380407891 201902070552
1549540416 50.5741777505 201902070553
1549540476 50.6552935005 201902070554
1549540536 50.6588986450 201902070555
1549540596 50.7580401173 201902070556
1549540656 50.6228472005 201902070557
1549540716 50.7328041062 201902070558
1549540732 50.7706581229 201902070558
1549540792 50.8661944507 201902070559
1549540852 50.5669674616 201902070600
1549540912 50.7021603784 201902070601
1549540972 50.8157224285 201902070602
1549541032 50.6246497727 201902070603
1549541092 50.8373532951 201902070604
1549541152 51.1510008621 201902070605
1549541212 50.6444780672 201902070606
1549541272 50.8049069951 201902070607
1549541332 50.7201861006 201902070608
1549541342 50.6588986450 201902070609
1549541402 50.6805295117 201902070610
1549541462 0.0012114391 201902070611
1549541522 0.0012114391 201902070612
1549541582 0.0012114391 201902070613
1549541642 0.0012114391 201902070614
1549541702 50.9509153452 201902070615
1549541762 50.6877398006 201902070616
1549541822 50.7183835284 201902070617
1549541882 50.9743487842 201902070618
1549541942 50.1938350112 201902070619
1549541956 50.7670529784 201902070619
1549542016 0.0030140113 201902070620
1549542076 50.6643063617 201902070621
1549542136 50.6084266227 201902070622
1549542196 50.8553790174 201902070623
1549542256 50.5940060449 201902070624
1549542316 50.7526324006 201902070625
1549542376 50.5795854671 201902070626
1549542436 50.8319455785 201902070627
1549542496 50.8860227452 201902070628
1549542556 50.9184690452 201902070629
1549542573 50.7868812729 201902070629
1549542633 51.0266233786 201902070630
1549542693 50.7508298284 201902070631
1549542753 50.6120317672 201902070632
1549542813 50.6877398006 201902070633
1549542873 50.9022458952 201902070634
1549542933 50.7526324006 201902070635
1549542993 51.0716876842 201902070636
1549543053 51.0085976564 201902070637
1549543113 50.8553790174 201902070638
1549543173 50.7201861006 201902070639
1549543190 50.7832761284 201902070639
1549543250 51.2321166122 201902070640
1549543310 50.8121172840 201902070641
1549543370 50.6823320839 201902070642
1549543430 50.6967526617 201902070643
1549543490 50.9581256341 201902070644
1549543550 50.9455076286 201902070645
1549543610 50.5579546004 201902070646
1549543670 51.0266233786 201902070647
1549543730 51.1059365565 201902070648
1549543790 50.6102291949 201902070649
1549543804 50.6787269394 201902070650
1549543864 50.9346921952 201902070651
1549543924 50.6949500895 201902070652
1549543984 51.1329751398 201902070653
1549544044 50.5777828949 201902070654
1549544104 50.8175250007 201902070655
1549544164 50.7490272562 201902070656
1549544224 50.8445635840 201902070657
1549544284 50.6625037894 201902070658
1549544344 50.8770098841 201902070659
1549544404 50.7147783839 201902070700
1549544420 50.7490272562 201902070700
1549544480 50.9274819063 201902070701
1549544540 50.9202716174 201902070702
1549544600 51.1834471621 201902070703
1549544660 50.7021603784 201902070704
1549544720 51.1600137232 201902070705
1549544780 50.7940915618 201902070706
1549544840 50.9995847953 201902070707
1549544900 50.8175250007 201902070708
1549544960 50.7508298284 201902070709
1549545020 50.9455076286 201902070710
1549545038 51.1528034343 201902070710
1549545098 51.0067950842 201902070711
1549545158 50.9689410675 201902070712
1549545218 50.7634478340 201902070713
1549545278 50.6246497727 201902070714
1549545338 50.9058510396 201902070715
1549545398 50.8391558674 201902070716
1549545458 50.8968381785 201902070717
1549545518 50.8679970229 201902070718
1549545578 50.4696285615 201902070719
1549545638 50.9058510396 201902070720
1549545654 50.8301430062 201902070720
1549545714 50.9022458952 201902070721
1549545774 50.1487707056 201902070722
1549545834 50.8283404340 201902070723
1549545894 50.7093706672 201902070724
1549545954 50.9112587563 201902070725
1549546014 50.9419024841 201902070726
1549546074 50.5940060449 201902070727
1549546134 51.1185545621 201902070728
1549546194 50.8968381785 201902070729
1549546254 50.7075680950 201902070730
1549546271 50.8067095673 201902070731
1549546331 50.9076536119 201902070732
1549546391 50.9022458952 201902070733
1549546451 50.7057655228 201902070734
1549546511 51.0590696787 201902070735
1549546571 51.0212156620 201902070736
1549546631 51.2789834900 201902070737
1549546691 50.9130613285 201902070738
1549546751 50.6967526617 201902070739
1549546811 50.5002722893 201902070740
1549546871 50.8968381785 201902070741
1549546889 50.6841346561 201902070741
1549546949 50.9869667897 201902070742
1549547009 50.4624182726 201902070743
1549547069 50.9959796508 201902070744
1549547129 50.6733192228 201902070745
1549547189 50.7346066784 201902070746
1549547249 50.6841346561 201902070747
1549547309 50.5741777505 201902070748
1549547369 50.7129758117 201902070749
1549547429 50.8301430062 201902070750
1549547489 50.7688555506 201902070751
1549547506 50.8049069951 201902070751
1549547566 50.7760658395 201902070752
1549547626 50.5453365949 201902070753
1549547686 50.9238767619 201902070754
1549547746 50.6264523450 201902070755
1549547806 50.8391558674 201902070756
1549547866 50.4173539670 201902070757
1549547926 50.4912594282 201902070758
1549547986 50.6588986450 201902070759
1549548046 50.7886838451 201902070800
1549548106 50.7255938173 201902070801
1549548121 50.6949500895 201902070802
1549548181 50.7544349728 201902070803
1549548241 50.4407874059 201902070804
1549548301 51.1798420177 201902070805
1549548361 50.6426754950 201902070806
1549548421 50.7454221117 201902070807
1549548481 50.3993282448 201902070808
1549548541 50.7310015339 201902070809
1549548601 50.8770098841 201902070810
1549548661 50.9563230619 201902070811
1549548721 50.3326330725 201902070812
1549548736 50.9455076286 201902070812
1549548796 50.7832761284 201902070813
1549548856 50.7814735562 201902070814
1549548916 50.9274819063 201902070815
1549548976 50.6733192228 201902070816
1549549036 51.0140053731 201902070817
1549549096 50.4443925503 201902070818
1549549156 50.6354652061 201902070819
1549549216 50.5128902949 201902070820
1549549276 50.8697995952 201902070821
1549549336 50.7508298284 201902070822
1549549353 50.2010453001 201902070822
1549549413 50.7742632673 201902070823
1549549473 50.9202716174 201902070824
1549549533 50.9797565008 201902070825
1549549593 50.5074825782 201902070826
1549549653 50.7111732395 201902070827
1549549713 50.6661089339 201902070828
1549549773 50.8301430062 201902070829
1549549833 50.7886838451 201902070830
1549549893 50.6498857839 201902070831
1549549953 50.3614742281 201902070832
1549549970 50.7472246840 201902070832
1549550030 50.5741777505 201902070833
1549550090 50.6192420561 201902070834
1549550150 50.5345211615 201902070835
1549550210 50.7706581229 201902070836
1549550270 50.5399288782 201902070837
1549550330 50.8373532951 201902070838
1549550390 50.7255938173 201902070839
1549550450 50.4714311337 201902070840
1549550510 50.5705726060 201902070841
1549550570 50.9869667897 201902070842
1549550586 50.8301430062 201902070843
1549550646 50.8806150285 201902070844
1549550706 50.8121172840 201902070845
1549550766 51.0374388120 201902070846
1549550826 50.6895423728 201902070847
1549550886 50.5038774337 201902070848
1549550946 50.7436195395 201902070849
1549551006 50.8445635840 201902070850
1549551066 50.5237057282 201902070851
1549551126 50.9509153452 201902070852
1549551186 50.6588986450 201902070853
1549551204 51.1059365565 201902070853
1549551264 50.8914304619 201902070854
1549551324 51.1906574510 201902070855
1549551384 50.8679970229 201902070856
1549551444 50.8445635840 201902070857
1549551504 49.2240511548 201902070858
1549551564 50.6715166505 201902070859
1549551624 50.6697140783 201902070900
1549551684 51.0158079453 201902070901
1549551744 51.2555500511 201902070902
1549551804 -0.0041962776 201902070903
1549551821 50.5777828949 201902070903
1549551881 50.9400999119 201902070904
1549551941 50.7886838451 201902070905
1549552001 50.6012163338 201902070906
1549552061 50.6895423728 201902070907
1549552121 50.6318600616 201902070908
1549552181 -0.0041962776 201902070909
1549552241 0.0030140113 201902070910
1549552301 50.6715166505 201902070911
1549552361 50.6751217950 201902070912
1549552421 50.3110022058 201902070913
1549552437 50.7219886728 201902070913
1549552497 50.4840491393 201902070914
1549552557 50.6498857839 201902070915
1549552617 50.6282549172 201902070916
1549552677 50.6751217950 201902070917
1549552737 50.5885983283 201902070918
1549552797 50.6048214783 201902070919
1549552857 50.4498002670 201902070920
1549552917 50.8013018507 201902070921
1549552977 50.8661944507 201902070922
1549553037 50.6751217950 201902070923
1549553055 50.9941770786 201902070924
1549553115 50.8247352896 201902070925
1549553175 51.0897134065 201902070926
1549553235 50.9094561841 201902070927
1549553295 50.8193275729 201902070928
1549553355 51.0698851120 201902070929
1549553415 50.9635333508 201902070930
1549553475 0.0066191558 201902070931
1549553535 50.7544349728 201902070932
1549553595 50.5994137616 201902070933
1549553655 50.4678259893 201902070934
1549553669 50.6084266227 201902070934
1549553729 50.5867957560 201902070935
1549553789 50.9671384953 201902070936
1549553849 50.9274819063 201902070937
1549553909 51.3042195011 201902070938
1549553969 50.9545204897 201902070939
1549554029 50.7958941340 201902070940
1549554089 50.7418169673 201902070941
1549554149 50.4552079837 201902070942
1549554209 50.4065385336 201902070943
1549554269 50.5633623171 201902070944
1549554284 50.5507443116 201902070944
1549554344 50.6174394838 201902070945
1549554404 50.2280838835 201902070946
1549554464 50.7346066784 201902070947
1549554524 50.9455076286 201902070948
1549554584 50.3722896614 201902070949
1549554644 50.9995847953 201902070950
1549554704 50.3506587947 201902070951
1549554764 50.9419024841 201902070952
1549554824 50.6931475172 201902070953
1549554884 51.1672240121 201902070954
1549554901 50.6697140783 201902070955
1549554961 50.9022458952 201902070956
1549555021 50.6192420561 201902070957
1549555081 50.9256793341 201902070958
1549555141 50.6552935005 201902070959
1549555201 50.7364092506 201902071000
1549555261 50.7832761284 201902071001
1549555321 50.6931475172 201902071002
1549555381 50.6913449450 201902071003
1549555441 51.1960651677 201902071004
1549555501 51.0933185509 201902071005
1549555515 50.5922034727 201902071005
1549555575 51.0013873675 201902071006
1549555635 50.7436195395 201902071007
1549555695 50.5579546004 201902071008
1549555755 51.0302285231 201902071009
1549555815 51.0266233786 201902071010
1549555875 51.1708291565 201902071011
1549555935 50.7976967062 201902071012
1549555995 50.8968381785 201902071013
1549556055 50.5363237338 201902071014
1549556115 50.9328896230 201902071015
1549556134 51.0951211231 201902071015
1549556194 51.0122028009 201902071016
1549556254 50.5615597449 201902071017
1549556314 51.0680825398 201902071018
1549556374 50.4696285615 201902071019
1549556434 49.6530633441 201902071020
1549556494 50.9455076286 201902071021
1549556554 50.7346066784 201902071022
1549556614 50.7418169673 201902071023
1549556674 50.6282549172 201902071024
1549556734 50.4714311337 201902071025
1549556749 50.5651648893 201902071025
1549556809 50.8301430062 201902071026
1549556869 50.7382118228 201902071027
1549556929 50.4678259893 201902071028
1549556989 50.9310870508 201902071029
1549557049 51.0788979731 201902071030
1549557109 50.4642208448 201902071031
1549557169 50.6931475172 201902071032
1549557229 50.6949500895 201902071033
1549557289 50.9527179175 201902071034
1549557349 50.7562375451 201902071035
1549557366 50.4804439948 201902071036
1549557426 51.1077391287 201902071037
1549557486 50.9256793341 201902071038
1549557546 -0.0023937054 201902071039
1549557606 50.9130613285 201902071040
1549557666 50.9833616453 201902071041
1549557726 50.8211301451 201902071042
1549557786 50.6823320839 201902071043
1549557846 50.5759803227 201902071044
1549557906 50.7994992784 201902071045
1549557966 50.6300574894 201902071046
1549557982 50.5597571727 201902071046
1549558042 50.5255083004 201902071047
1549558102 50.6859372283 201902071048
1549558162 50.9581256341 201902071049
1549558222 51.0716876842 201902071050
1549558282 50.8265378618 201902071051
1549558342 50.7616452617 201902071052
1549558402 50.1505732779 201902071053
1549558462 50.6390703505 201902071054
1549558522 50.5651648893 201902071055
1549558582 50.8319455785 201902071056
1549558597 50.7273963895 201902071056
1549558657 0.0048165835 201902071057
1549558717 50.9923745064 201902071058
1549558777 50.7994992784 201902071059
1549558837 50.8139198562 201902071100
1549558897 50.8283404340 201902071101
1549558957 50.4101436781 201902071102
1549559017 50.7562375451 201902071103
1549559077 50.1091141167 201902071104
1549559137 50.3921179559 201902071105
1549559197 50.5759803227 201902071106
1549559240 50.7688555506 201902071107
1549559300 50.6498857839 201902071108
1549559360 50.4065385336 201902071109
1549559420 50.4101436781 201902071110
1549559480 50.6498857839 201902071111
1549559540 50.7796709840 201902071112
1549559600 50.6264523450 201902071113
1549559660 50.8950356063 201902071114
1549559720 51.0104002286 201902071115
1549559780 51.0590696787 201902071116
1549559840 50.6012163338 201902071117
1549559900 50.3740922336 201902071118
1549559960 50.7634478340 201902071119
1549560020 50.6823320839 201902071120
1549560045 50.8824176007 201902071120
1549560105 50.5543494560 201902071121
1549560165 50.8463661563 201902071122
1549560225 50.6877398006 201902071123
1549560285 50.8643918785 201902071124
1549560345 50.4894568559 201902071125
1549560405 50.9671384953 201902071126
1549560465 50.8914304619 201902071127
1549560525 50.9707436397 201902071128
1549560585 50.8643918785 201902071129
1549560645 50.9328896230 201902071130
1549560661 50.2244787390 201902071131
1549560721 50.5940060449 201902071132
1549560781 50.9382973397 201902071133
1549560841 50.9851642175 201902071134
1549560901 50.4065385336 201902071135
1549560961 50.8373532951 201902071136
1549561021 50.6552935005 201902071137
1549561081 50.5543494560 201902071138
1549561141 51.0626748231 201902071139
1549561201 50.0676549556 201902071140
1549561261 49.8495437165 201902071141
1549561276 50.4912594282 201902071141
1549561336 50.5056800060 201902071142
1549561396 51.0031899397 201902071143
1549561456 50.5417314504 201902071144
1549561516 50.4335771170 201902071145
1549561576 50.8625893063 201902071146
1549561636 50.6661089339 201902071147
1549561696 50.9455076286 201902071148
1549561756 51.1329751398 201902071149
1549561816 51.0158079453 201902071150
1549561876 50.6625037894 201902071151
1549561896 50.9815590730 201902071151
1549561956 50.4047359614 201902071152
1549562016 50.7454221117 201902071153
1549562076 50.8085121396 201902071154
1549562136 50.7310015339 201902071155
1549562196 51.0284259509 201902071156
1549562256 50.5507443116 201902071157
1549562316 50.5615597449 201902071158
1549562376 50.5795854671 201902071159
1549562436 50.7994992784 201902071200
1549562496 50.8571815896 201902071201
1549562811 50.6552935005 201902071206
1549562871 46.2155581133 201902071207
1549562931 50.6841346561 201902071208
1549562991 50.7706581229 201902071209
1549563051 50.3975256725 201902071210
1549563111 50.5705726060 201902071211
1549563116 50.3975256725 201902071211
1549563176 50.8031044229 201902071212
1549563236 49.6530633441 201902071213
1549563296 50.8337481507 201902071214
1549563356 50.7147783839 201902071215
1549563416 50.7183835284 201902071216
1549563476 51.2140908899 201902071217
1549563536 50.7796709840 201902071218
1549563596 50.6354652061 201902071219
1549563656 50.7742632673 201902071220
1549563716 50.7688555506 201902071221
1549563734 50.8229327174 201902071222
1549563794 50.6480832116 201902071223
1549563854 50.6480832116 201902071224
1549563914 50.7958941340 201902071225
1549563974 51.1365802843 201902071226
1549564034 50.8499713007 201902071227
1549564094 51.0067950842 201902071228
1549564154 50.7183835284 201902071229
1549564214 50.4948645726 201902071230
1549564274 50.8968381785 201902071231
1549564334 50.9130613285 201902071232
1549564352 50.7310015339 201902071232
1549564412 50.6895423728 201902071233
1549564472 50.6895423728 201902071234
1549564532 50.6498857839 201902071235
1549564592 50.5904009005 201902071236
1549564652 50.7562375451 201902071237
1549564712 50.8229327174 201902071238
1549564772 50.7526324006 201902071239
1549564832 50.9671384953 201902071240
1549564892 50.8734047396 201902071241
1549564952 50.6607012172 201902071242
1549564968 51.0825031176 201902071242
1549565028 51.0518593898 201902071243
1549565088 50.5922034727 201902071244
1549565148 50.7832761284 201902071245
1549565208 50.8283404340 201902071246
1549565268 50.9851642175 201902071247
1549565328 51.0320310953 201902071248
1549565388 50.7796709840 201902071249
1549565448 50.9635333508 201902071250
1549565508 50.6318600616 201902071251
1549565568 50.9887693619 201902071252
1549565584 50.8463661563 201902071253
1549565644 50.9563230619 201902071254
1549565704 51.1942625955 201902071255
1549565764 50.6462806394 201902071256
1549565824 51.0825031176 201902071257
1549565884 50.7454221117 201902071258
1549565944 50.4822465670 201902071259
1549566004 50.7616452617 201902071300
1549566064 51.1528034343 201902071301
1549566124 0.0066191558 201902071302
1549566184 50.3849076670 201902071303
1549566200 50.9256793341 201902071303
1549566260 50.6913449450 201902071304
1549566320 50.8391558674 201902071305
1549566380 50.7670529784 201902071306
1549566440 50.9382973397 201902071307
1549566500 51.0734902565 201902071308
1549566560 50.7544349728 201902071309
1549566620 50.9473102008 201902071310
1549566680 50.9166664730 201902071311
1549566740 -0.0059988498 201902071312
1549566800 50.9292844786 201902071313
1549566815 50.6823320839 201902071313
1549566875 50.9148639008 201902071314
1549566935 51.2158934621 201902071315
1549566995 50.8661944507 201902071316
1549567055 51.1239622787 201902071317
1549567115 51.1113442732 201902071318
1549567175 50.8391558674 201902071319
1549567235 50.3272253558 201902071320
1549567295 51.4231892679 201902071321
1549567355 51.1347777121 201902071322
1549567415 50.8950356063 201902071323
1549567432 50.7796709840 201902071323
1549567492 51.1582111510 201902071324
1549567552 50.7544349728 201902071325
1549567612 50.6300574894 201902071326
1549567672 50.9148639008 201902071327
1549567732 50.5291134449 201902071328
1549567792 50.8229327174 201902071329
1549567852 50.7562375451 201902071330
1549567912 50.7454221117 201902071331
1549567972 50.7850787007 201902071332
1549568032 -0.0041962776 201902071333
1549568048 -0.0005911331 201902071334
1549568108 50.1812170057 201902071335
1549568168 50.6102291949 201902071336
1549568228 50.9148639008 201902071337
1549568288 50.8932330341 201902071338
1549568348 50.6643063617 201902071339
1549568408 50.5741777505 201902071340
1549568468 50.7544349728 201902071341
1549568528 50.9202716174 201902071342
1549568588 51.1564085788 201902071343
1549568648 50.9437050563 201902071344
1549568664 51.1834471621 201902071344
1549568724 51.0861082620 201902071345
1549568784 50.9887693619 201902071346
1549568844 51.0374388120 201902071347
1549568904 50.7147783839 201902071348
1549568964 50.9923745064 201902071349
1549569024 50.8860227452 201902071350
1549569084 50.8860227452 201902071351
1549569144 50.8842201730 201902071352
1549569204 50.8409584396 201902071353
1549569264 50.9184690452 201902071354
1549569284 50.4299719726 201902071354
1549569344 50.9617307786 201902071355
1549569404 50.6643063617 201902071356
1549569464 50.5759803227 201902071357
1549569524 50.8752073118 201902071358
1549569584 50.6949500895 201902071359
1549569644 50.5507443116 201902071400
1549569704 50.7580401173 201902071401
1549569764 50.6246497727 201902071402
1549569824 50.5345211615 201902071403
1549569884 50.9040484674 201902071404
1549569899 50.7616452617 201902071404
1549569959 50.7075680950 201902071405
1549570019 51.0608722509 201902071406
1549570079 50.8301430062 201902071407
1549570139 50.9274819063 201902071408
1549570199 50.8085121396 201902071409
1549570259 50.7346066784 201902071410
1549570319 50.7291989617 201902071411
1549570379 50.7544349728 201902071412
1549570439 51.2447346177 201902071413
1549570499 50.8157224285 201902071414
1549570513 50.9725462119 201902071415
1549570573 50.9779539286 201902071416
1549570633 50.3813025225 201902071417
1549570693 51.0392413842 201902071418
1549570753 51.0500568176 201902071419
1549570813 50.6480832116 201902071420
1549570873 50.8968381785 201902071421
1549570933 50.6534909283 201902071422
1549570993 50.6967526617 201902071423
1549571053 50.9959796508 201902071424
1549571113 50.7255938173 201902071425
1549571127 50.3903153836 201902071425
1549571187 50.5219031560 201902071426
1549571247 51.0338336675 201902071427
1549571307 50.7850787007 201902071428
1549571367 50.7958941340 201902071429
1549571427 50.5705726060 201902071430
1549571487 50.5669674616 201902071431
1549571547 50.7346066784 201902071432
1549571607 50.3344356447 201902071433
1549571667 50.4948645726 201902071434
1549571727 50.4353796892 201902071435
1549571745 50.9671384953 201902071435
1549571805 50.6138343394 201902071436
1549571865 50.7796709840 201902071437
1549571925 51.0482542453 201902071438
1549571985 0.0066191558 201902071439
1549572045 -0.0059988498 201902071440
1549572105 0.0084217280 201902071441
1549572165 0.0048165835 201902071442
1549572225 50.6282549172 201902071443
1549572285 50.6030189060 201902071444
1549572345 50.4119462503 201902071445
1549572357 50.1974401557 201902071445
1549572417 50.6462806394 201902071446
1549572477 50.5741777505 201902071447
1549572537 50.4750362782 201902071448
1549572597 50.3398433614 201902071449
1549572657 50.4101436781 201902071450
1549572717 50.7093706672 201902071451
1549572777 50.3200150669 201902071452
1549572837 50.4822465670 201902071453
1549572897 50.7814735562 201902071454
1549572957 50.5723751782 201902071455
1549572973 50.1307449834 201902071456
1549573033 50.3668819447 201902071457
1549573093 50.1487707056 201902071458
1549573153 50.4966671448 201902071459
1549573213 50.3164099225 201902071500
1549573273 0.0012114391 201902071501
1549573333 50.6625037894 201902071502
1549573393 50.5074825782 201902071503
1549573453 50.0604446667 201902071504
1549573513 50.6210446283 201902071505
1549573573 50.1992427279 201902071506
1549573588 50.4642208448 201902071506
1549573648 50.3794999503 201902071507
1549573708 50.1199295501 201902071508
1549573768 50.6372677783 201902071509
1549573828 50.5417314504 201902071510
1549573888 50.3488562225 201902071511
1549573948 50.5020748615 201902071512
1549574008 50.5976111894 201902071513
1549574068 50.8842201730 201902071514
1549574128 50.6895423728 201902071515
1549574188 50.7616452617 201902071516
1549574206 50.9112587563 201902071516
1549574266 50.4137488225 201902071517
1549574326 50.5885983283 201902071518
1549574386 50.0153803611 201902071519
1549574446 50.3578690836 201902071520
1549574506 50.7778684118 201902071521
1549574566 50.4948645726 201902071522
1549574626 49.9252517499 201902071523
1549574686 50.4191565392 201902071524
1549574746 50.7075680950 201902071525
1549574806 50.1001012556 201902071526
1549574822 50.2965816280 201902071527
1549574882 49.9811314888 201902071528
1549574942 50.6084266227 201902071529
1549575002 50.1902298668 201902071530
1549575062 50.3632768003 201902071531
1549575122 50.6426754950 201902071532
1549575182 50.3524613669 201902071533
1549575242 50.3867102392 201902071534
1549575302 50.5345211615 201902071535
1549575362 50.3993282448 201902071536
1549575422 50.1685990001 201902071537
1549575437 50.0748652445 201902071537
1549575497 50.2316890279 201902071538
1549575557 50.4335771170 201902071539
1549575617 50.4516028392 201902071540
1549575677 50.0316035111 201902071541
1549575737 49.9360671832 201902071542
1549575797 50.2911739113 201902071543
1549575857 49.8892003054 201902071544
1549575917 50.1253372667 201902071545
1549575977 50.1379552723 201902071546
1549576037 49.5755527385 201902071547
1549576054 50.2407018891 201902071547
1549576114 50.1667964279 201902071548
1549576174 49.9450800444 201902071549
1549576234 50.2154658779 201902071550
1549576294 50.1091141167 201902071551
1549576354 50.1181269778 201902071552
1549576414 49.9450800444 201902071553
1549576474 49.7287713775 201902071554
1549576534 50.1001012556 201902071555
1549576594 50.2262813113 201902071556
1549576654 50.0892858223 201902071557
1549576672 50.1505732779 201902071557
1549576732 50.3542639392 201902071558
1549576792 49.7089430830 201902071559
1549576852 50.1415604167 201902071600
1549576912 50.1577835668 201902071601
1549576972 0.0066191558 201902071602
1549577032 50.2172684501 201902071603
1549577092 49.8405308554 201902071604
1549577152 49.7756382553 201902071605
1549577212 50.2100581613 201902071606
1549577272 50.2965816280 201902071607
1549577288 49.9342646110 201902071608
1549577348 49.8783848721 201902071609
1549577408 50.0622472389 201902071610
1549577468 50.3037919169 201902071611
1549577528 49.8892003054 201902071612
1549577588 49.8495437165 201902071613
1549577648 49.9937494944 201902071614
1549577708 50.0243932222 201902071615
1549577768 49.9270543221 201902071616
1549577828 50.0964961112 201902071617
1549577888 49.9270543221 201902071618
1549577905 50.2839636224 201902071618
1549577965 50.2190710224 201902071619
1549578025 50.2749507613 201902071620
1549578085 50.0874832500 201902071621
1549578145 49.8693720110 201902071622
1549578205 50.1577835668 201902071623
1549578265 49.8495437165 201902071624
1549578325 50.4281694003 201902071625
1549578385 49.8225051331 201902071626
1549578445 49.8910028776 201902071627
1549578505 49.6440504830 201902071628
1549578519 49.7594151053 201902071628
1549578579 50.2587276113 201902071629
1549578639 50.1379552723 201902071630
1549578699 50.1704015723 201902071631
1549578759 50.0243932222 201902071632
1549578819 50.2767533335 201902071633
1549578879 50.4137488225 201902071634
1549578939 50.3344356447 201902071635
1549578999 49.7558099609 201902071636
1549579059 50.1289424112 201902071637
1549579119 49.8243077054 201902071638
1549579136 49.9919469222 201902071638
1549579196 49.8441359998 201902071639
1549579256 49.6819044997 201902071640
1549579316 49.7197585164 201902071641
1549579376 50.0946935389 201902071642
1549579436 49.3970980883 201902071643
1549579496 49.6710890663 201902071644
1549579556 -0.0023937054 201902071645
1549579616 0.0030140113 201902071646
1549579676 49.7972691220 201902071647
1549579736 49.8387282831 201902071648
1549579749 50.0352086555 201902071649
1549579809 49.6512607719 201902071650
1549579869 49.8315179943 201902071651
1549579929 49.8315179943 201902071652
1549579989 49.9775263444 201902071653
1549580049 49.6584710608 201902071654
1549580109 50.0766678167 201902071655
1549580169 49.7558099609 201902071656
1549580229 49.7413893831 201902071657
1549580289 50.3578690836 201902071658
1549580349 49.8819900165 201902071659
1549580366 49.9252517499 201902071659
1549580426 50.0892858223 201902071700
1549580486 50.1163244056 201902071701
1549580546 50.2064530168 201902071702
1549580606 49.8405308554 201902071703
1549580666 49.8459385720 201902071704
1549580726 50.2154658779 201902071705
1549580786 49.5755527385 201902071706
1549580846 49.9072260277 201902071707
1549580906 49.5881707440 201902071708
1549580966 49.8693720110 201902071709
1549580983 49.6927199330 201902071709
1549581043 49.4818189828 201902071710
1549581103 50.0225906500 201902071711
1549581163 49.3502312105 201902071712
1549581223 49.5845655996 201902071713
1549581283 49.7522048164 201902071714
1549581343 49.7990716942 201902071715
1549581403 49.6909173608 201902071716
1549581463 49.6620762052 201902071717
1549581523 49.9595006221 201902071718
1549581583 49.6043938941 201902071719
1549581598 49.7954665498 201902071719
1549581658 50.1956375835 201902071720
1549581718 49.9072260277 201902071721
1549581778 50.1019038278 201902071722
1549581838 49.7017327941 201902071723
1549581898 50.1920324390 201902071724
1549581958 49.7287713775 201902071725
1549582018 49.8387282831 201902071726
1549582078 49.6242221885 201902071727
1549582138 49.8225051331 201902071728
1549582198 49.5449090107 201902071729
1549582216 49.5485141551 201902071730
1549582276 49.9486851888 201902071731
1549582336 50.0135777889 201902071732
1549582396 49.4187289550 201902071733
1549582456 49.4151238105 201902071734
1549582516 49.5953810329 201902071735
1549582576 49.3592440716 201902071736
1549582636 49.9216466054 201902071737
1549582696 49.9901443499 201902071738
1549582756 50.0117752166 201902071739
1549582816 50.6264523450 201902071740
1549582833 50.4606157004 201902071740
1549582893 50.2641353280 201902071741
1549582953 50.5237057282 201902071742
1549583013 50.6769243672 201902071743
1549583073 49.7071405108 201902071744
1549583133 50.6084266227 201902071745
1549583193 50.8319455785 201902071746
1549583253 50.6643063617 201902071747
1549583313 50.4498002670 201902071748
1549583373 50.6769243672 201902071749
1549583433 50.5273108726 201902071750
1549583449 49.8765822998 201902071750
1549583509 50.7418169673 201902071751
1549583569 50.3704870892 201902071752
1549583629 50.3470536503 201902071753
1549583689 0.0012114391 201902071754
1549583749 50.8896278896 201902071755
1549583809 50.7634478340 201902071756
1549583869 50.4083411059 201902071757
1549583929 50.6588986450 201902071758
1549583989 50.2388993168 201902071759
1549584049 50.9815590730 201902071800
1549584066 50.6390703505 201902071801
1549584126 50.8445635840 201902071802
1549584186 50.4894568559 201902071803
1549584246 50.5994137616 201902071804
1549584306 50.3308305002 201902071805
1549584366 50.9455076286 201902071806
1549584426 50.5255083004 201902071807
1549584486 50.2028478724 201902071808
1549584546 50.5579546004 201902071809
1549584606 50.6967526617 201902071810
1549584666 50.0424189444 201902071811
1549584680 50.4678259893 201902071811
1549584740 50.7652504062 201902071812
1549584800 50.5435340227 201902071813
1549584860 50.6426754950 201902071814
1549584920 50.5597571727 201902071815
1549584980 50.3867102392 201902071816
1549585040 50.6192420561 201902071817
1549585100 50.6733192228 201902071818
1549585160 50.3218176391 201902071819
1549585220 50.9473102008 201902071820
1549585280 50.5381263060 201902071821
1549585296 50.3452510780 201902071821
1549585356 50.6390703505 201902071822
1549585416 50.6120317672 201902071823
1549585476 50.5723751782 201902071824
1549585536 50.7670529784 201902071825
1549585596 50.1866247223 201902071826
1549585656 50.3362382169 201902071827
1549585716 50.4570105559 201902071828
1549585776 51.0176105175 201902071829
1549585836 50.8067095673 201902071830
1549585896 50.3740922336 201902071831
1549585914 50.6769243672 201902071831
1549585974 50.7850787007 201902071832
1549586034 50.4425899781 201902071833
1549586094 50.6336626338 201902071834
1549586154 50.5759803227 201902071835
1549586214 50.8067095673 201902071836
1549586274 50.7382118228 201902071837
1549586334 50.6733192228 201902071838
1549586394 50.5579546004 201902071839
1549586454 50.4588131281 201902071840
1549586514 50.3975256725 201902071841
1549586529 50.2785559058 201902071842
1549586589 50.7922889895 201902071843
1549586649 50.5669674616 201902071844
1549586709 50.2334916002 201902071845
1549586769 50.4552079837 201902071846
1549586829 50.3704870892 201902071847
1549586889 50.5579546004 201902071848
1549586949 50.6174394838 201902071849
1549587009 50.7994992784 201902071850
1549587069 50.5651648893 201902071851
1549587129 50.5687700338 201902071852
1549587145 50.8013018507 201902071852
1549587205 50.5651648893 201902071853
1549587265 50.4317745448 201902071854
1549587325 50.9238767619 201902071855
1549587385 50.7400143951 201902071856
1549587445 50.4335771170 201902071857
1549587505 50.5525468838 201902071858
1549587565 50.6048214783 201902071859
1549587625 50.6931475172 201902071900
1549587685 50.8355507229 201902071901
1549587745 50.2425044613 201902071902
1549587763 50.7273963895 201902071902
1549587823 50.5363237338 201902071903
1549587883 50.4696285615 201902071904
1549587943 50.5074825782 201902071905
1549588003 50.4011308170 201902071906
1549588063 50.5237057282 201902071907
1549588123 50.6733192228 201902071908
1549588183 50.2947790558 201902071909
1549588243 50.3200150669 201902071910
1549588303 50.2497147502 201902071911
1549588363 50.5922034727 201902071912
1549588378 50.2497147502 201902071912
1549588438 50.3903153836 201902071913
1549588498 50.0676549556 201902071914
1549588558 50.2190710224 201902071915
1549588618 50.6697140783 201902071916
1549588678 50.9563230619 201902071917
1549588738 50.3326330725 201902071918
1549588798 50.5741777505 201902071919
1549588858 50.5128902949 201902071920
1549588918 50.3398433614 201902071921
1549588978 50.6841346561 201902071922
1549588998 50.7346066784 201902071923
1549589058 50.4660234170 201902071924
1549589118 50.3506587947 201902071925
1549589178 50.6102291949 201902071926
1549589238 50.2695430446 201902071927
1549589298 50.4119462503 201902071928
1549589358 50.4840491393 201902071929
1549589418 50.5759803227 201902071930
1549589478 50.6462806394 201902071931
1549589538 50.6444780672 201902071932
1549589598 50.7670529784 201902071933
1549589616 50.5615597449 201902071933
1549589676 50.6769243672 201902071934
1549589736 50.2497147502 201902071935
1549589796 50.2298864557 201902071936
1549589856 50.3326330725 201902071937
1549589916 50.8157224285 201902071938
1549589976 50.4858517115 201902071939
1549590036 50.4443925503 201902071940
1549590096 50.3019893447 201902071941
1549590156 50.3975256725 201902071942
1549590216 50.2190710224 201902071943
1549590231 50.5219031560 201902071943
1549590291 50.4263668281 201902071944
1549590351 50.6336626338 201902071945
1549590411 50.2280838835 201902071946
1549590471 50.3867102392 201902071947
1549590531 50.4173539670 201902071948
1549590591 50.7291989617 201902071949
1549590651 50.3722896614 201902071950
1549590711 50.4840491393 201902071951
1549590771 50.0748652445 201902071952
1549590831 50.8013018507 201902071953
1549590849 50.4606157004 201902071954
1549590909 50.3380407891 201902071955
1549590969 50.3182124947 201902071956
1549591029 50.6498857839 201902071957
1549591089 50.2767533335 201902071958
1549591149 50.5976111894 201902071959
1549591209 50.9491127730 201902072000
1549591269 50.8697995952 201902072001
1549591329 50.8625893063 201902072002
1549591389 50.5255083004 201902072003
1549591449 50.5056800060 201902072004
1549591464 50.7778684118 201902072004
1549591524 50.4588131281 201902072005
1549591584 50.5074825782 201902072006
1549591644 50.0604446667 201902072007
1549591704 51.0608722509 201902072008
1549591764 50.9004433230 201902072009
1549591824 50.4173539670 201902072010
1549591884 50.5669674616 201902072011
1549591944 50.6408729227 201902072012
1549592004 50.2947790558 201902072013
1549592064 50.5020748615 201902072014
1549592080 50.4299719726 201902072014
1549592140 50.7147783839 201902072015
1549592200 0.0030140113 201902072016
1549592260 50.3470536503 201902072017
1549592320 50.3614742281 201902072018
1549592380 50.6408729227 201902072019
1549592440 -0.0023937054 201902072020
1549592500 50.6949500895 201902072021
1549592560 50.5201005837 201902072022
1549592620 50.5507443116 201902072023
1549592680 50.1415604167 201902072024
1549592697 50.6697140783 201902072024
1549592757 50.5813880394 201902072025
1549592817 50.8121172840 201902072026
1549592877 50.7544349728 201902072027
1549592937 22.1620343587 201902072028
1549592997 21.4337951803 201902072029
1549593057 22.0755108919 201902072030
1549593117 22.5622053924 201902072031
1549593177 21.7925070528 201902072032
1549593237 22.0989443308 201902072033
1549593297 22.9749944316 201902072034
1549593313 22.1764549365 201902072035
1549593373 21.0913064577 201902072036
1549593433 20.0241837012 201902072037
1549593493 20.9561135409 201902072038
1549593553 21.0083881354 201902072039
1549593613 20.1593766180 201902072040
1549593673 19.8799779233 201902072041
1549593733 18.9336275058 201902072042
1549593793 18.3297658108 201902072043
1549593853 18.1639291663 201902072044
1549593913 18.4415252887 201902072045
1549593929 17.5240160268 201902072045
1549593989 16.1035891144 201902072046
1549594049 16.7597254039 201902072047
1549594109 16.9435877707 201902072048
1549594169 18.3730275442 201902072049
1549594229 18.6956879723 201902072050
1549594289 18.2576629219 201902072051
1549594349 16.3054772035 201902072052
1549594409 18.2504526330 201902072053
1549594469 19.9196345123 201902072054
1549594529 17.8394661660 201902072055
1549594547 17.9079639105 201902072055
1549594607 16.1450482756 201902072056
1549594667 16.6533736427 201902072057
1549594727 15.8458212864 201902072058
1549594787 16.5812707537 201902072059
1549594847 17.0337163819 201902072100
1549594907 15.0346637857 201902072101
1549594967 15.7791261141 201902072102
1549595027 0.0012114391 201902072103
1549595087 0.0030140113 201902072104
1549595147 0.0084217280 201902072105
1549595156 0.0048165835 201902072105
1549595216 -0.0005911331 201902072106
1549595276 -0.0005911331 201902072107
1549595336 -0.0005911331 201902072108
1549595396 -0.0005911331 201902072109
1549595456 -0.0059988498 201902072110
1549595516 0.0030140113 201902072111
1549595576 -0.0059988498 201902072112
1549595636 -0.0023937054 201902072113
1549595696 -0.0005911331 201902072114
1549595756 -0.0023937054 201902072115
1549595767 -0.0041962776 201902072116
1549595827 0.0084217280 201902072117
1549595887 0.0066191558 201902072118
1549595947 0.0048165835 201902072119
1549596007 22.3783430255 201902072120
1549596067 26.1511266900 201902072121
1549596127 24.0889840659 201902072122
1549596187 25.7960199619 201902072123
1549596247 25.9258051620 201902072124
1549596307 26.1979935678 201902072125
1549596367 27.1281208353 201902072126
1549596384 27.5625407412 201902072126
1549596444 27.0578205186 201902072127
1549596504 28.3250287919 201902072128
1549596564 28.4692345698 201902072129
1549596624 42.8789969270 201902072130
1549596684 49.6134067552 201902072131
1549596744 49.5503167273 201902072132
1549596804 49.4529778273 201902072133
1549596864 49.6007887496 201902072134
1549596924 49.1465405492 201902072135
1549596984 49.6458530552 201902072136
1549597000 49.8459385720 201902072136
1549597060 49.6422479108 201902072137
1549597120 49.5845655996 201902072138
1549597180 49.2168408659 201902072139
1549597240 50.0243932222 201902072140
1549597300 49.6332350496 201902072141
1549597360 49.3610466438 201902072142
1549597420 49.2871411827 201902072143
1549597480 49.6620762052 201902072144
1549597540 49.7756382553 201902072145
1549597600 49.1267122547 201902072146
1549597617 49.2709180326 201902072146
1549597677 49.3159823382 201902072147
1549597737 49.5683424496 201902072148
1549597797 49.3087720493 201902072149
1549597857 49.0888582380 201902072150
1549597917 0.0066191558 201902072151
1549597977 47.8360705425 201902072152
1549598037 48.9590730379 201902072153
1549598097 49.4655958328 201902072154
1549598157 49.6260247607 201902072155
1549598217 49.3682569327 201902072156
1549598231 49.1807894215 201902072157
1549598291 49.5340935773 201902072158
1549598351 49.8026768387 201902072159
1549598411 49.2420768771 201902072200
1549598471 50.0135777889 201902072201
1549598531 49.5286858607 201902072202
1549598591 49.7702305386 201902072203
1549598651 49.7720331109 201902072204
1549598711 49.2673128882 201902072205
1549598771 49.6512607719 201902072206
1549598831 49.7125482275 201902072207
1549598847 49.1465405492 201902072207
1549598907 49.4457675384 201902072208
1549598967 49.5989861774 201902072209
1549599027 49.5070549940 201902072210
1549599087 49.4367546772 201902072211
1549599147 49.4872266995 201902072212
1549599207 49.2637077437 201902072213
1549599267 49.4385572495 201902072214
1549599327 48.7878286767 201902072215
1549599387 49.4295443883 201902072216
1549599447 49.2745231771 201902072217
1549599465 49.6873122163 201902072217
1549599525 49.5431064384 201902072218
1549599585 49.6530633441 201902072219
1549599645 49.4872266995 201902072220
1549599705 50.0117752166 201902072221
1549599765 49.9613031944 201902072222
1549599825 49.2637077437 201902072223
1549599885 49.5539218718 201902072224
1549599945 49.5142652829 201902072225
1549600005 48.7770132433 201902072226
1549600065 49.5340935773 201902072227
1549600079 49.4818189828 201902072227
1549600139 49.4655958328 201902072228
1549600199 49.8873977332 201902072229
1549600259 49.2943514716 201902072230
1549600319 49.6260247607 201902072231
1549600379 49.4655958328 201902072232
1549600439 49.7756382553 201902072233
1549600499 49.5052524217 201902072234
1549600559 49.8351231387 201902072235
1549600619 49.6801019275 201902072236
1549600679 49.4746086939 201902072237
1549600694 49.6368401941 201902072238
1549600754 49.5052524217 201902072239
1549600814 49.6278273330 201902072240
1549600874 49.9126337443 201902072241
1549600934 49.6350376219 201902072242
1549600994 50.0622472389 201902072243
1549601054 49.5989861774 201902072244
1549601114 49.7756382553 201902072245
1549601174 49.7089430830 201902072246
1549601234 49.6007887496 201902072247
1549601294 49.7684279664 201902072248
1549601310 49.4565829717 201902072248
1549601370 49.9378697555 201902072249
1549601430 50.2947790558 201902072250
1549601490 50.1469681334 201902072251
1549601550 49.5827630274 201902072252
1549601610 49.5899733163 201902072253
1549601670 50.1649938557 201902072254
1549601730 49.6061964663 201902072255
1549601790 49.7161533719 201902072256
1549601850 49.9162388888 201902072257
1549601910 -0.0059988498 201902072258
1549601921 -0.0059988498 201902072258
1549601981 49.6837070719 201902072259
1549602041 49.8747797276 201902072300
1549602101 50.1920324390 201902072301
1549602161 50.2154658779 201902072302
1549602221 50.4389848337 201902072303
1549602281 49.9234491777 201902072304
1549602341 49.7125482275 201902072305
1549602401 50.0874832500 201902072306
1549602461 50.4498002670 201902072307
1549602521 50.6570960728 201902072308
1549602536 50.3308305002 201902072308
1549602596 49.9234491777 201902072309
1549602656 50.1091141167 201902072310
1549602716 49.8964105943 201902072311
1549602776 49.9522903332 201902072312
1549602836 49.9414748999 201902072313
1549602896 49.8567540054 201902072314
1549602956 49.6891147886 201902072315
1549603016 50.1740067168 201902072316
1549603076 50.2082555890 201902072317
1549603136 49.8261102776 201902072318
1549603152 49.9288568943 201902072319
1549603212 49.9757237722 201902072320
1549603272 50.3055944891 201902072321
1549603332 49.8315179943 201902072322
1549603392 50.0928909667 201902072323
1549603452 50.1794144334 201902072324
1549603512 50.3686845169 201902072325
1549603572 50.3686845169 201902072326
1549603632 50.2298864557 201902072327
1549603692 50.2082555890 201902072328
1549603752 50.0171829333 201902072329
1549603766 50.4552079837 201902072329
1549603826 50.5633623171 201902072330
1549603886 50.1722041446 201902072331
1549603946 50.6805295117 201902072332
1549604006 50.1487707056 201902072333
1549604066 50.2929764835 201902072334
1549604126 50.0730626722 201902072335
1549604186 50.0730626722 201902072336
1549604246 50.2821610502 201902072337
1549604306 50.4786414226 201902072338
1549604366 50.2767533335 201902072339
1549604383 50.0640498111 201902072339
1549604443 50.4570105559 201902072340
1549604503 49.9396723277 201902072341
1549604563 50.0730626722 201902072342
1549604623 50.0820755334 201902072343
1549604683 49.9667109110 201902072344
1549604743 50.1217321223 201902072345
1549604803 49.1104891047 201902072346
1549604863 50.0928909667 201902072347
1549604923 50.5056800060 201902072348
1549604983 49.9396723277 201902072349
