1549000966 -1.0000000000 2019020100027
1549001022 50.1487707056 201902010003
1549001082 49.4097160939 201902010004
1549001142 49.7107456553 201902010005
1549001202 49.9757237722 201902010006
1549001262 49.4872266995 201902010007
1549001322 50.0496292333 201902010008
1549001382 49.7702305386 201902010009
1549001442 49.8783848721 201902010010
1549001502 49.8675694387 201902010011
1549001562 49.9703160555 201902010012
1549001577 49.9450800444 201902010012
1549001637 49.7017327941 201902010013
1549001697 50.1613887112 201902010014
1549001757 49.5304884329 201902010015
1549001817 49.8982131665 201902010016
1549001877 49.6566684885 201902010017
1549001937 49.8261102776 201902010018
1549001997 49.6332350496 201902010019
1549002057 49.8549514332 201902010020
1549002117 49.8008742664 201902010021
1549002177 49.3231926271 201902010022
1549002194 49.6638787774 201902010023
1549002254 49.7377842386 201902010024
1549002314 50.0063675000 201902010025
1549002374 49.8098871276 201902010026
1549002434 49.9378697555 201902010027
1549002494 49.8819900165 201902010028
1549002554 49.6206170441 201902010029
1549002614 49.9108311721 201902010030
1549002674 49.7936639776 201902010031
1549002734 50.2010453001 201902010032
1549002794 49.9613031944 201902010033
1549002810 49.5034498495 201902010033
1549002870 49.9739211999 201902010034
1549002930 49.6440504830 201902010035
1549002990 49.8080845553 201902010036
1549003050 49.4872266995 201902010037
1549003110 49.9018183110 201902010038
1549003170 50.1163244056 201902010039
1549003230 49.5268832884 201902010040
1549003290 50.1199295501 201902010041
1549003350 49.7972691220 201902010042
1549003410 49.5070549940 201902010043
1549003429 49.4097160939 201902010043
1549003489 49.6079990385 201902010044
1549003549 49.7431919553 201902010045
1549003609 49.7774408275 201902010046
1549003669 49.7251662330 201902010047
1549003729 50.0081700722 201902010048
1549003789 49.8837925887 201902010049
1549003849 49.5719475940 201902010050
1549003909 49.2781283215 201902010051
1549003969 49.9036208832 201902010052
1549004029 50.0856806778 201902010053
1549004044 49.6043938941 201902010054
1549004104 49.4439649661 201902010055
1549004164 49.6566684885 201902010056
1549004224 49.6710890663 201902010057
1549004284 49.9522903332 201902010058
1549004344 49.6873122163 201902010059
1549004404 49.7359816664 201902010100
1549004464 49.8477411443 201902010101
1549004524 50.0478266611 201902010102
1549004584 50.2515173224 201902010103
1549004644 49.5358961495 201902010104
1549004661 50.1956375835 201902010104
1549004721 49.6602736330 201902010105
1549004781 49.6873122163 201902010106
1549004841 49.7413893831 201902010107
1549004901 50.1271398390 201902010108
1549004961 49.5701450218 201902010109
1549005021 50.2136633057 201902010110
1549005081 49.5809604551 201902010111
1549005141 49.8297154220 201902010112
1549005201 50.1577835668 201902010113
1549005261 49.7522048164 201902010114
1549005278 49.5683424496 201902010114
1549005338 49.6386427663 201902010115
1549005398 49.7918614053 201902010116
1549005458 49.5611321607 201902010117
1549005518 50.2641353280 201902010118
1549005578 49.6170118996 201902010119
1549005638 49.9901443499 201902010120
1549005698 49.6170118996 201902010121
1549005758 49.7359816664 201902010122
1549005818 49.7846511164 201902010123
1549005878 49.6764967830 201902010124
1549005894 49.6116041829 201902010124
1549005954 49.5034498495 201902010125
1549006014 50.0766678167 201902010126
1549006074 49.7936639776 201902010127
1549006134 49.6855096441 201902010128
1549006194 49.8531488609 201902010129
1549006254 49.6692864941 201902010130
1549006314 49.9576980499 201902010131
1549006374 49.6620762052 201902010132
1549006434 49.7215610886 201902010133
1549006494 49.8261102776 201902010134
1549006510 50.1235346945 201902010135
1549006570 49.9955520666 201902010136
1549006630 49.4475701106 201902010137
1549006690 50.0117752166 201902010138
1549006750 49.4619906884 201902010139
1549006810 50.1235346945 201902010140
1549006870 49.9378697555 201902010141
1549006930 50.1722041446 201902010142
1549006990 50.0586420945 201902010143
1549007050 49.9558954777 201902010144
1549007110 50.0153803611 201902010145
1549007126 50.3308305002 201902010145
1549007186 49.6206170441 201902010146
1549007246 49.9540929055 201902010147
1549007306 49.5737501662 201902010148
1549007366 50.1361527001 201902010149
1549007426 49.7305739497 201902010150
1549007486 49.9883417777 201902010151
1549007546 50.2388993168 201902010152
1549007606 49.8062819831 201902010153
1549007666 49.8747797276 201902010154
1549007726 49.7431919553 201902010155
1549007748 49.8008742664 201902010155
1549007808 49.8495437165 201902010156
1549007868 49.8279128498 201902010157
1549007928 49.7431919553 201902010158
1549007988 49.6674839219 201902010159
1549008048 49.9703160555 201902010200
1549008108 49.6206170441 201902010201
1549008168 49.6999302219 201902010202
1549008228 49.6512607719 201902010203
1549008288 49.3141797660 201902010204
1549008348 49.6782993552 201902010205
1549008366 50.1325475556 201902010206
1549008426 49.6476556274 201902010207
1549008486 49.8080845553 201902010208
1549008546 49.7666253942 201902010209
1549008606 49.9721186277 201902010210
1549008666 49.9649083388 201902010211
1549008726 49.6043938941 201902010212
1549008786 49.6837070719 201902010213
1549008846 49.9396723277 201902010214
1549008906 50.1667964279 201902010215
1549008966 49.9703160555 201902010216
1549008980 49.8639642943 201902010216
1549009040 49.1681714159 201902010217
1549009100 49.7107456553 201902010218
1549009160 50.0298009389 201902010219
1549009220 49.9432774721 201902010220
1549009280 49.8315179943 201902010221
1549009340 49.5773553107 201902010222
1549009400 49.9342646110 201902010223
1549009460 50.0496292333 201902010224
1549009520 49.3394157771 201902010225
1549009580 49.8170974165 201902010226
1549009598 49.3754672216 201902010226
1549009658 49.9576980499 201902010227
1549009718 50.0009597833 201902010228
1549009778 49.7287713775 201902010229
1549009838 49.9775263444 201902010230
1549009898 49.7990716942 201902010231
1549009958 49.5629347329 201902010232
1549010018 50.0316035111 201902010233
1549010078 49.7504022442 201902010234
1549010138 49.9234491777 201902010235
1549010198 49.9685134833 201902010236
1549010217 49.6170118996 201902010236
1549010277 -0.0023937054 201902010237
1549010337 -0.0059988498 201902010238
1549010397 -0.0005911331 201902010239
1549010457 0.0012114391 201902010240
1549010517 49.9198440332 201902010241
1549010577 49.9018183110 201902010242
1549010637 49.8747797276 201902010243
1549010697 49.1843945659 201902010244
1549010757 49.3430209216 201902010245
1549010817 49.8567540054 201902010246
1549010831 50.0279983666 201902010247
1549010891 49.8567540054 201902010248
1549010951 49.7558099609 201902010249
1549011011 49.7359816664 201902010250
1549011071 49.7576125331 201902010251
1549011131 49.7774408275 201902010252
1549011191 50.0478266611 201902010253
1549011251 50.1001012556 201902010254
1549011311 49.5881707440 201902010255
1549011371 50.0442215167 201902010256
1549011431 49.7972691220 201902010257
1549011449 49.6927199330 201902010257
1549011509 49.0996736714 201902010258
1549011569 50.2244787390 201902010259
1549011629 49.7413893831 201902010300
1549011689 49.5106601384 201902010301
1549011749 49.6494581996 201902010302
1549011809 49.6855096441 201902010303
1549011869 49.8170974165 201902010304
1549011929 50.2695430446 201902010305
1549011989 49.7161533719 201902010306
1549012049 49.6512607719 201902010307
1549012066 49.7504022442 201902010307
1549012126 49.6710890663 201902010308
1549012186 49.4836215551 201902010309
1549012246 49.9054234554 201902010310
1549012306 49.8026768387 201902010311
1549012366 49.7287713775 201902010312
1549012426 49.7558099609 201902010313
1549012486 50.0207880778 201902010314
1549012546 49.7936639776 201902010315
1549012606 49.6440504830 201902010316
1549012666 49.7215610886 201902010317
1549012682 49.8080845553 201902010318
1549012742 49.6837070719 201902010319
1549012802 49.7648228220 201902010320
1549012862 49.3772697938 201902010321
1549012922 49.5467115829 201902010322
1549012982 49.6458530552 201902010323
1549013042 49.8044794109 201902010324
1549013102 50.0748652445 201902010325
1549013162 49.9342646110 201902010326
1549013222 49.7287713775 201902010327
1549013282 49.6963250775 201902010328
1549013302 49.4511752550 201902010328
1549013362 49.1447379770 201902010329
1549013422 49.2997591882 201902010330
1549013482 49.6764967830 201902010331
1549013542 49.7972691220 201902010332
1549013602 49.5791578829 201902010333
1549013662 49.8225051331 201902010334
1549013722 49.6314324774 201902010335
1549013782 49.7377842386 201902010336
1549013842 50.1397578445 201902010337
1549013902 49.6404453385 201902010338
1549013916 49.9198440332 201902010338
1549013976 49.4908318440 201902010339
1549014036 49.5917758885 201902010340
1549014096 49.4331495328 201902010341
1549014156 49.7846511164 201902010342
1549014216 49.7215610886 201902010343
1549014276 49.6098016107 201902010344
1549014336 49.9847366333 201902010345
1549014396 49.5106601384 201902010346
1549014456 49.1681714159 201902010347
1549014516 49.6332350496 201902010348
1549014533 49.7702305386 201902010348
1549014593 49.7720331109 201902010349
1549014653 49.7612176775 201902010350
1549014713 49.8603591498 201902010351
1549014773 49.4475701106 201902010352
1549014833 49.9288568943 201902010353
1549014893 49.5196729995 201902010354
1549014953 49.7053379386 201902010355
1549015013 49.6242221885 201902010356
1549015073 49.6116041829 201902010357
1549015133 49.6656813497 201902010358
1549015150 49.6116041829 201902010359
1549015210 49.8279128498 201902010400
1549015270 49.9306594666 201902010401
1549015330 49.7522048164 201902010402
1549015390 49.6440504830 201902010403
1549015450 49.5935784607 201902010404
1549015510 49.5340935773 201902010405
1549015570 50.2208735946 201902010406
1549015630 49.9270543221 201902010407
1549015690 49.7341790942 201902010408
1549015750 49.6837070719 201902010409
1549015764 49.5809604551 201902010409
1549015824 49.7485996720 201902010410
1549015884 49.8855951610 201902010411
1549015944 50.1019038278 201902010412
1549016004 50.1217321223 201902010413
1549016064 49.8549514332 201902010414
1549016124 49.6927199330 201902010415
1549016184 49.9306594666 201902010416
1549016244 49.6999302219 201902010417
1549016304 49.7359816664 201902010418
1549016364 49.5971836052 201902010419
1549016388 49.4133212383 201902010419
1549016448 49.1717765603 201902010420
1549016508 49.4511752550 201902010421
1549016568 0.0030140113 201902010422
1549016628 49.7936639776 201902010423
1549016688 49.6602736330 201902010424
1549016748 50.0189855055 201902010425
1549016808 49.7359816664 201902010426
1549016868 49.4079135217 201902010427
1549016928 49.8964105943 201902010428
1549016988 50.4407874059 201902010429
1549017007 49.9685134833 201902010430
1549017067 49.9252517499 201902010431
1549017127 49.7630202497 201902010432
1549017187 49.9558954777 201902010433
1549017247 49.7287713775 201902010434
1549017307 49.9685134833 201902010435
1549017367 49.7684279664 201902010436
1549017427 50.1487707056 201902010437
1549017487 50.2118607335 201902010438
1549017547 49.9360671832 201902010439
1549017607 50.1253372667 201902010440
1549017623 49.7233636608 201902010440
1549017683 50.0676549556 201902010441
1549017743 49.6170118996 201902010442
1549017803 49.8333205665 201902010443
1549017863 49.6837070719 201902010444
1549017923 49.8657668665 201902010445
1549017983 49.8026768387 201902010446
1549018043 49.5737501662 201902010447
1549018103 49.5485141551 201902010448
1549018163 49.7125482275 201902010449
1549018223 49.8261102776 201902010450
1549018243 49.6296299052 201902010450
1549018303 49.6440504830 201902010451
1549018363 49.8333205665 201902010452
1549018423 49.8801874443 201902010453
1549018483 50.0352086555 201902010454
1549018543 49.6170118996 201902010455
1549018603 49.8675694387 201902010456
1549018663 49.9793289166 201902010457
1549018723 49.5881707440 201902010458
1549018783 49.4223340994 201902010459
1549018843 49.6728916386 201902010500
1549018858 49.6458530552 201902010500
1549018918 49.8207025609 201902010501
1549018978 49.7522048164 201902010502
1549019038 50.2298864557 201902010503
1549019098 49.8098871276 201902010504
1549019158 49.6170118996 201902010505
1549019218 49.8044794109 201902010506
1549019278 49.6620762052 201902010507
1549019338 49.9342646110 201902010508
1549019398 49.8964105943 201902010509
1549019458 49.7990716942 201902010510
1549019476 49.7053379386 201902010511
1549019536 49.6152093274 201902010512
1549019596 49.7269688053 201902010513
1549019656 49.6512607719 201902010514
1549019716 49.6314324774 201902010515
1549019776 49.3952955161 201902010516
1549019836 49.3394157771 201902010517
1549019896 49.2655103160 201902010518
1549019956 50.0225906500 201902010519
1549020016 49.7990716942 201902010520
1549020076 49.5449090107 201902010521
1549020095 49.9955520666 201902010521
1549020155 49.6764967830 201902010522
1549020215 50.2641353280 201902010523
1549020275 49.6945225052 201902010524
1549020335 49.9703160555 201902010525
1549020395 49.6512607719 201902010526
1549020455 50.0243932222 201902010527
1549020515 49.8333205665 201902010528
1549020575 49.9793289166 201902010529
1549020635 50.1920324390 201902010530
1549020695 49.9793289166 201902010531
1549020711 49.8026768387 201902010531
1549020771 49.6927199330 201902010532
1549020831 50.0334060833 201902010533
1549020891 50.0496292333 201902010534
1549020951 49.3249951994 201902010535
1549021011 50.0478266611 201902010536
1549021071 49.8315179943 201902010537
1549021131 49.6404453385 201902010538
1549021191 49.6710890663 201902010539
1549021251 49.8873977332 201902010540
1549021311 49.6170118996 201902010541
1549021328 49.7900588331 201902010542
1549021388 49.3159823382 201902010543
1549021448 49.8711745832 201902010544
1549021508 49.6314324774 201902010545
1549021568 49.5863681718 201902010546
1549021628 49.9847366333 201902010547
1549021688 49.7413893831 201902010548
1549021748 49.7071405108 201902010549
1549021808 49.6692864941 201902010550
1549021868 50.0424189444 201902010551
1549021928 49.7738356831 201902010552
1549021948 49.7125482275 201902010552
1549022008 50.1307449834 201902010553
1549022068 49.5052524217 201902010554
1549022128 49.7197585164 201902010555
1549022188 49.8098871276 201902010556
1549022248 49.8297154220 201902010557
1549022308 49.9468826166 201902010558
1549022368 49.6692864941 201902010559
1549022428 49.7756382553 201902010600
1549022488 49.6837070719 201902010601
1549022548 49.6963250775 201902010602
1549022564 50.0766678167 201902010602
1549022624 50.1469681334 201902010603
1549022684 49.7017327941 201902010604
1549022744 50.1415604167 201902010605
1549022804 49.7233636608 201902010606
1549022864 49.7882562609 201902010607
1549022924 50.0063675000 201902010608
1549022984 49.9288568943 201902010609
1549023044 49.6891147886 201902010610
1549023104 49.8892003054 201902010611
1549023164 50.0442215167 201902010612
1549023180 50.1704015723 201902010613
1549023240 49.6242221885 201902010614
1549023300 49.8765822998 201902010615
1549023360 49.9649083388 201902010616
1549023420 49.9595006221 201902010617
1549023480 50.1217321223 201902010618
1549023540 49.8946080221 201902010619
1549023600 49.9811314888 201902010620
1549023660 49.6404453385 201902010621
1549023720 49.8837925887 201902010622
1549023780 49.7846511164 201902010623
1549023797 49.8531488609 201902010623
1549023857 49.8279128498 201902010624
1549023917 50.1217321223 201902010625
1549023977 50.0964961112 201902010626
1549024037 49.6746942108 201902010627
1549024097 49.6116041829 201902010628
1549024157 49.8333205665 201902010629
1549024217 50.2425044613 201902010630
1549024277 49.9054234554 201902010631
1549024337 50.3290279280 201902010632
1549024397 -0.0059988498 201902010633
1549024413 50.1343501279 201902010633
1549024473 49.8873977332 201902010634
1549024533 50.3344356447 201902010635
1549024593 49.9540929055 201902010636
1549024653 49.7990716942 201902010637
1549024713 49.6098016107 201902010638
1549024773 49.8315179943 201902010639
1549024833 49.7161533719 201902010640
1549024893 50.0784703889 201902010641
1549024953 49.8621617221 201902010642
1549025013 50.0694575278 201902010643
1549025032 49.8062819831 201902010643
1549025092 50.4029333892 201902010644
1549025152 49.8008742664 201902010645
1549025212 49.7648228220 201902010646
1549025272 49.8513462887 201902010647
1549025332 49.5268832884 201902010648
1549025392 50.3218176391 201902010649
1549025452 49.5773553107 201902010650
1549025512 50.2983842002 201902010651
1549025572 50.5201005837 201902010652
1549025632 49.8080845553 201902010653
1549025885 49.9450800444 201902010658
1549025945 49.7143507997 201902010659
1549026005 49.8675694387 201902010700
1549026065 49.7179559442 201902010701
1549026125 49.9631057666 201902010702
1549026185 49.9414748999 201902010703
1549026245 49.5953810329 201902010704
1549026254 49.9180414610 201902010704
1549026314 49.7269688053 201902010705
1549026374 49.9270543221 201902010706
1549026434 49.7125482275 201902010707
1549026494 49.3790723661 201902010708
1549026554 49.8062819831 201902010709
1549026614 50.1163244056 201902010710
1549026674 49.7738356831 201902010711
1549026734 49.7522048164 201902010712
1549026794 49.4926344162 201902010713
1549026854 49.9703160555 201902010714
1549026872 50.0225906500 201902010714
1549026932 50.1145218334 201902010715
1549026992 49.5647373051 201902010716
1549027052 49.8747797276 201902010717
1549027112 50.3073970613 201902010718
1549027172 49.3574414994 201902010719
1549027232 49.7792433998 201902010720
1549027292 50.2190710224 201902010721
1549027352 49.7702305386 201902010722
1549027412 50.0442215167 201902010723
1549027472 49.2024202881 201902010724
1549027487 49.5431064384 201902010724
1549027547 49.9883417777 201902010725
1549027607 49.4854241273 201902010726
1549027667 50.2298864557 201902010727
1549027727 50.0009597833 201902010728
1549027787 50.1415604167 201902010729
1549027847 49.5395012940 201902010730
1549027907 49.7648228220 201902010731
1549027967 49.6638787774 201902010732
1549028027 49.5917758885 201902010733
1549028087 49.6404453385 201902010734
1549028106 49.7540073886 201902010735
1549028166 49.8837925887 201902010736
1549028226 50.2100581613 201902010737
1549028286 50.2190710224 201902010738
1549028346 50.4750362782 201902010739
1549028406 50.7940915618 201902010740
1549028466 50.6895423728 201902010741
1549028526 50.7598426895 201902010742
1549028586 49.8603591498 201902010743
1549028646 50.1722041446 201902010744
1549028706 49.9919469222 201902010745
1549028722 50.5381263060 201902010745
1549028782 50.5561520282 201902010746
1549028842 50.4858517115 201902010747
1549028902 50.5056800060 201902010748
1549028962 50.3722896614 201902010749
1549029022 50.3110022058 201902010750
1549029082 50.4191565392 201902010751
1549029142 50.7958941340 201902010752
1549029202 50.0189855055 201902010753
1549029262 50.5651648893 201902010754
1549029322 50.4498002670 201902010755
1549029340 50.5128902949 201902010755
1549029400 49.8225051331 201902010756
1549029460 49.8928054499 201902010757
1549029520 50.0189855055 201902010758
1549029580 50.2803584780 201902010759
1549029640 50.4732337059 201902010800
1549029700 50.6102291949 201902010801
1549029760 50.4588131281 201902010802
1549029820 50.3542639392 201902010803
1549029880 50.6643063617 201902010804
1549029940 50.6228472005 201902010805
1549029959 49.8207025609 201902010805
1549030019 50.0352086555 201902010806
1549030079 50.5237057282 201902010807
1549030139 50.6210446283 201902010808
1549030199 50.2641353280 201902010809
1549030259 50.5146928671 201902010810
1549030319 50.7616452617 201902010811
1549030379 50.0063675000 201902010812
1549030439 49.8243077054 201902010813
1549030499 50.3596716558 201902010814
1549030559 49.8261102776 201902010815
1549030573 50.1451655612 201902010816
1549030633 50.0622472389 201902010817
1549030693 50.4894568559 201902010818
1549030753 49.8603591498 201902010819
1549030813 50.2334916002 201902010820
1549030873 50.0334060833 201902010821
1549030933 50.0424189444 201902010822
1549030993 50.4696285615 201902010823
1549031053 49.9486851888 201902010824
1549031113 50.4047359614 201902010825
1549031173 50.6643063617 201902010826
1549031191 50.7760658395 201902010826
1549031251 50.3091996336 201902010827
1549031311 50.3128047780 201902010828
1549031371 49.8621617221 201902010829
1549031431 50.3254227836 201902010830
1549031491 50.3128047780 201902010831
1549031551 49.8892003054 201902010832
1549031611 50.5885983283 201902010833
1549031671 50.5471391671 201902010834
1549031731 50.6300574894 201902010835
1549031791 50.5813880394 201902010836
1549031809 50.3308305002 201902010836
1549031869 50.9473102008 201902010837
1549031929 50.3885128114 201902010838
1549031989 50.7111732395 201902010839
1549032049 50.4353796892 201902010840
1549032109 50.6300574894 201902010841
1549032169 50.2659379002 201902010842
1549032229 50.5633623171 201902010843
1549032289 50.6426754950 201902010844
1549032349 50.3055944891 201902010845
1549032409 50.8734047396 201902010846
1549032426 50.4696285615 201902010847
1549032486 50.8734047396 201902010848
1549032546 50.6084266227 201902010849
1549032606 50.5507443116 201902010850
1549032666 50.6264523450 201902010851
1549032726 50.7526324006 201902010852
1549032786 50.3596716558 201902010853
1549032846 50.1109166889 201902010854
1549032906 50.9473102008 201902010855
1549032966 50.6480832116 201902010856
1549033026 50.4191565392 201902010857
1549033044 50.1667964279 201902010857
1549033104 50.5795854671 201902010858
1549033164 50.4155513948 201902010859
1549033224 50.1109166889 201902010900
1549033284 50.7147783839 201902010901
1549033344 50.7346066784 201902010902
1549033404 51.0626748231 201902010903
1549033464 50.6931475172 201902010904
1549033524 50.7706581229 201902010905
1549033584 0.0030140113 201902010906
1549033644 50.4011308170 201902010907
1549033660 50.8824176007 201902010907
1549033720 50.1920324390 201902010908
1549033780 50.7219886728 201902010909
1549033840 50.7328041062 201902010910
1549033900 50.4768388504 201902010911
1549033960 50.2064530168 201902010912
1549034020 50.6354652061 201902010913
1549034080 50.4353796892 201902010914
1549034140 50.4912594282 201902010915
1549034200 50.5958086171 201902010916
1549034260 50.4389848337 201902010917
1549034277 50.4732337059 201902010917
1549034337 50.0550369500 201902010918
1549034397 50.1613887112 201902010919
1549034457 50.8031044229 201902010920
1549034517 50.5291134449 201902010921
1549034577 50.2046504446 201902010922
1549034637 50.8409584396 201902010923
1549034697 50.8103147118 201902010924
1549034757 50.8319455785 201902010925
1549034817 50.7652504062 201902010926
1549034877 50.7778684118 201902010927
1549034894 50.5741777505 201902010928
1549034954 50.4768388504 201902010929
1549035014 50.8770098841 201902010930
1549035074 50.0712601000 201902010931
1549035134 50.5867957560 201902010932
1549035194 50.3560665114 201902010933
1549035254 50.6841346561 201902010934
1549035314 50.6967526617 201902010935
1549035374 50.6697140783 201902010936
1549035434 -0.0023937054 201902010937
1549035494 0.0066191558 201902010938
1549035509 50.7382118228 201902010938
1549035569 50.9869667897 201902010939
1549035629 50.9256793341 201902010940
1549035689 50.9563230619 201902010941
1549035749 50.3686845169 201902010942
1549035809 50.1776118612 201902010943
1549035869 50.8607867341 201902010944
1549035929 50.9995847953 201902010945
1549035989 50.1956375835 201902010946
1549036049 50.8878253174 201902010947
1549036109 50.3903153836 201902010948
1549036126 50.3794999503 201902010948
1549036186 50.4948645726 201902010949
1549036246 50.7760658395 201902010950
1549036306 49.6873122163 201902010951
1549036366 -0.0023937054 201902010952
1549036426 0.0030140113 201902010953
1549036486 0.0102243002 201902010954
1549036546 51.0608722509 201902010955
1549036606 50.2875687669 201902010956
1549036666 51.0067950842 201902010957
1549036726 50.4930620004 201902010958
1549036745 50.7111732395 201902010959
1549036805 51.0194130897 201902011000
1549036865 50.8445635840 201902011001
1549036925 51.0284259509 201902011002
1549036985 50.7219886728 201902011003
1549037045 50.7255938173 201902011004
1549037105 50.6498857839 201902011005
1549037165 50.3975256725 201902011006
1549037225 50.6516883561 201902011007
1549037285 50.6733192228 201902011008
1549037345 50.8193275729 201902011009
1549037360 50.5795854671 201902011009
1549037420 50.9977822231 201902011010
1549037480 50.6588986450 201902011011
1549037540 50.5687700338 201902011012
1549037600 50.7562375451 201902011013
1549037660 50.2911739113 201902011014
1549037720 50.1559809945 201902011015
1549037780 50.2010453001 201902011016
1549037840 50.4191565392 201902011017
1549037900 50.2623327557 201902011018
1549037960 50.4047359614 201902011019
1549037977 50.6625037894 201902011019
1549038037 50.7634478340 201902011020
1549038097 50.6823320839 201902011021
1549038157 50.7616452617 201902011022
1549038217 50.6318600616 201902011023
1549038277 50.1541784223 201902011024
1549038337 50.3758948058 201902011025
1549038397 51.0428465287 201902011026
1549038457 50.4119462503 201902011027
1549038517 50.7976967062 201902011028
1549038577 50.9202716174 201902011029
1549038592 50.6534909283 201902011029
1549038652 50.6300574894 201902011030
1549038712 50.5399288782 201902011031
1549038772 51.0752928287 201902011032
1549038832 50.8193275729 201902011033
1549038892 50.3867102392 201902011034
1549038952 50.8337481507 201902011035
1549039012 50.5219031560 201902011036
1549039072 50.8103147118 201902011037
1549039132 50.4894568559 201902011038
1549039192 50.0802729611 201902011039
1549039208 50.5002722893 201902011040
1549039268 50.9292844786 201902011041
1549039328 50.4984697171 201902011042
1549039388 50.5723751782 201902011043
1549039448 51.0013873675 201902011044
1549039508 50.9923745064 201902011045
1549039568 50.4624182726 201902011046
1549039628 50.8031044229 201902011047
1549039688 50.6534909283 201902011048
1549039748 50.4714311337 201902011049
1549039808 50.5417314504 201902011050
1549039825 50.2803584780 201902011050
1549039885 50.9094561841 201902011051
1549039945 50.4209591114 201902011052
1549040005 50.9905719342 201902011053
1549040065 51.0608722509 201902011054
1549040125 50.8463661563 201902011055
1549040185 50.3578690836 201902011056
1549040245 50.8193275729 201902011057
1549040305 50.4281694003 201902011058
1549040365 50.4353796892 201902011059
1549040425 50.5543494560 201902011100
1549040441 50.8247352896 201902011100
1549040501 50.8932330341 201902011101
1549040561 51.0158079453 201902011102
1549040621 49.7900588331 201902011103
1549040681 49.8026768387 201902011104
1549040741 50.8625893063 201902011105
1549040801 50.8968381785 201902011106
1549040861 50.5561520282 201902011107
1549040921 50.8896278896 201902011108
1549040981 50.8986407508 201902011109
1549041041 50.9202716174 201902011110
1549041058 50.3488562225 201902011110
1549041118 51.2393269011 201902011111
1549041178 50.5381263060 201902011112
1549041238 50.7796709840 201902011113
1549041298 50.7310015339 201902011114
1549041358 51.1023314120 201902011115
1549041418 50.4191565392 201902011116
1549041478 50.8535764452 201902011117
1549041538 50.9617307786 201902011118
1549041598 50.6607012172 201902011119
1549041658 50.3668819447 201902011120
1549041674 50.6697140783 201902011121
1549041734 50.7652504062 201902011122
1549041794 50.1253372667 201902011123
1549041854 50.5741777505 201902011124
1549041914 50.0261957944 201902011125
1549041974 50.5056800060 201902011126
1549042034 50.3776973781 201902011127
1549042094 50.8013018507 201902011128
1549042154 51.1437905732 201902011129
1549042214 50.9959796508 201902011130
1549042274 50.2875687669 201902011131
1549042297 51.0284259509 201902011131
1549042357 50.4191565392 201902011132
1549042417 50.7328041062 201902011133
1549042477 50.8211301451 201902011134
1549042537 50.3957231003 201902011135
1549042597 51.2952066400 201902011136
1549042657 51.2140908899 201902011137
1549042717 50.6534909283 201902011138
1549042777 50.7652504062 201902011139
1549042837 50.7454221117 201902011140
1549042897 50.8824176007 201902011141
1549042913 50.4714311337 201902011141
1549042973 -0.0023937054 201902011142
1549043033 50.3254227836 201902011143
1549043093 50.6372677783 201902011144
1549043153 50.4588131281 201902011145
1549043213 50.8391558674 201902011146
1549043273 50.6390703505 201902011147
1549043333 50.9653359230 201902011148
1549043393 50.8139198562 201902011149
1549043453 50.4714311337 201902011150
1549043513 51.0013873675 201902011151
1549043527 50.5579546004 201902011152
1549043587 50.9040484674 201902011153
1549043647 50.5074825782 201902011154
1549043707 0.0102243002 201902011155
1549043767 50.6985552339 201902011156
1549043827 50.6138343394 201902011157
1549043887 50.5255083004 201902011158
1549043947 50.5795854671 201902011159
1549044007 50.4083411059 201902011200
1549044067 51.0338336675 201902011201
1549044127 50.1902298668 201902011202
1549044141 50.7508298284 201902011202
1549044201 50.8896278896 201902011203
1549044261 50.6336626338 201902011204
1549044321 50.3091996336 201902011205
1549044381 51.2158934621 201902011206
1549044441 50.7742632673 201902011207
1549044501 50.6552935005 201902011208
1549044561 50.8067095673 201902011209
1549044621 0.0030140113 201902011210
1549044681 50.7219886728 201902011211
1549044741 50.7418169673 201902011212
1549044757 51.0338336675 201902011212
1549044817 50.8103147118 201902011213
1549044877 50.4570105559 201902011214
1549044937 51.0266233786 201902011215
1549044997 50.8319455785 201902011216
1549045057 50.8499713007 201902011217
1549045117 50.8553790174 201902011218
1549045177 50.4137488225 201902011219
1549045237 50.6859372283 201902011220
1549045297 50.9509153452 201902011221
1549045357 -0.0114065665 201902011222
1549045372 -0.0059988498 201902011222
1549045432 -0.0005911331 201902011223
1549045492 0.0012114391 201902011224
1549045552 0.0030140113 201902011225
1549045612 -0.0114065665 201902011226
1549045672 -0.0023937054 201902011227
1549045732 -0.0005911331 201902011228
1549045792 -0.0023937054 201902011229
1549045852 0.0048165835 201902011230
1549045912 -0.0005911331 201902011231
1549045972 -0.0041962776 201902011232
1549045983 -0.0005911331 201902011233
1549046043 0.0012114391 201902011234
1549046103 -0.0005911331 201902011235
1549046163 -0.0041962776 201902011236
1549046223 0.0012114391 201902011237
1549046283 -0.0059988498 201902011238
1549046343 0.0012114391 201902011239
1549046403 0.0012114391 201902011240
1549046463 0.0012114391 201902011241
1549046523 -0.0023937054 201902011242
1549046583 50.7400143951 201902011243
1549046598 50.7039629506 201902011243
1549046658 50.6390703505 201902011244
1549046718 50.5741777505 201902011245
1549046778 50.7219886728 201902011246
1549046838 50.7093706672 201902011247
1549046898 50.9238767619 201902011248
1549046958 50.5922034727 201902011249
1549047018 50.3614742281 201902011250
1549047078 50.9040484674 201902011251
1549047138 50.9941770786 201902011252
1549047198 50.7291989617 201902011253
1549047212 50.5146928671 201902011253
1549047272 50.8427610118 201902011254
1549047332 50.7328041062 201902011255
1549047392 50.6679115061 201902011256
1549047452 50.6102291949 201902011257
1549047512 50.8049069951 201902011258
1549047572 51.0140053731 201902011259
1549047632 50.6300574894 201902011300
1549047692 50.5219031560 201902011301
1549047752 50.6661089339 201902011302
1549047812 50.5327185893 201902011303
1549047829 50.7021603784 201902011303
1549047889 50.8553790174 201902011304
1549047949 50.9220741897 201902011305
1549048009 50.9977822231 201902011306
1549048069 50.6084266227 201902011307
1549048129 50.7291989617 201902011308
1549048189 50.5615597449 201902011309
1549048249 51.0013873675 201902011310
1549048309 50.7003578061 201902011311
1549048369 0.0012114391 201902011312
1549048429 0.0102243002 201902011313
1549048443 0.0030140113 201902011314
1549048503 0.0030140113 201902011315
1549048563 0.0012114391 201902011316
1549048623 -0.0005911331 201902011317
1549048683 -0.0059988498 201902011318
1549048743 0.0030140113 201902011319
1549048803 0.0066191558 201902011320
1549048863 50.8517738729 201902011321
1549048923 50.9689410675 201902011322
1549048983 50.6498857839 201902011323
1549049043 50.9851642175 201902011324
1549049058 51.3366658011 201902011324
1549049118 51.1437905732 201902011325
1549049178 50.4696285615 201902011326
1549049238 51.0987262676 201902011327
1549049298 50.2965816280 201902011328
1549049358 51.0716876842 201902011329
1549049418 51.0140053731 201902011330
1549049478 50.8661944507 201902011331
1549049538 50.5651648893 201902011332
1549049598 50.7670529784 201902011333
1549049658 50.6841346561 201902011334
1549049673 50.7129758117 201902011334
1549049733 51.2934040678 201902011335
1549049793 51.2465371899 201902011336
1549049853 50.8067095673 201902011337
1549049913 50.5633623171 201902011338
1549049973 50.7526324006 201902011339
1549050033 50.4984697171 201902011340
1549050093 50.3398433614 201902011341
1549050153 50.8788124563 201902011342
1549050213 50.8625893063 201902011343
1549050273 50.6588986450 201902011344
1549050286 50.6949500895 201902011344
1549050346 50.7544349728 201902011345
1549050406 50.7346066784 201902011346
1549050466 50.1469681334 201902011347
1549050526 50.6156369116 201902011348
1549050586 50.4642208448 201902011349
1549050646 50.3903153836 201902011350
1549050706 50.5904009005 201902011351
1549050766 50.5904009005 201902011352
1549050826 50.9527179175 201902011353
1549050886 50.4425899781 201902011354
1549050902 50.9563230619 201902011355
1549050962 50.2100581613 201902011356
1549051022 50.9473102008 201902011357
1549051082 51.1059365565 201902011358
1549051142 50.7742632673 201902011359
1549051202 50.9400999119 201902011400
1549051262 50.6030189060 201902011401
1549051322 50.5940060449 201902011402
1549051382 50.6012163338 201902011403
1549051442 50.9491127730 201902011404
1549051502 50.7814735562 201902011405
1549051519 50.6733192228 201902011405
1549051579 50.4570105559 201902011406
1549051639 50.0478266611 201902011407
1549051699 50.6174394838 201902011408
1549051759 50.7994992784 201902011409
1549051819 50.9166664730 201902011410
1549051879 50.6408729227 201902011411
1549051939 50.9563230619 201902011412
1549051999 50.6408729227 201902011413
1549052059 51.0590696787 201902011414
1549052119 50.8049069951 201902011415
1549052133 50.6228472005 201902011415
1549052193 50.6516883561 201902011416
1549052253 50.8103147118 201902011417
1549052313 50.5417314504 201902011418
1549052373 50.8679970229 201902011419
1549052433 50.6751217950 201902011420
1549052493 50.6805295117 201902011421
1549052553 50.6588986450 201902011422
1549052613 50.5020748615 201902011423
1549052673 50.9058510396 201902011424
1549052733 50.6174394838 201902011425
1549052749 50.8031044229 201902011425
1549052809 50.9364947675 201902011426
1549052869 50.6228472005 201902011427
1549052929 50.4552079837 201902011428
1549052989 50.8355507229 201902011429
1549053049 50.9671384953 201902011430
1549053109 50.8932330341 201902011431
1549053169 50.8031044229 201902011432
1549053229 50.4353796892 201902011433
1549053289 50.9653359230 201902011434
1549053349 50.6408729227 201902011435
1549053363 50.2857661947 201902011436
1549053423 50.8734047396 201902011437
1549053483 50.6787269394 201902011438
1549053543 50.4353796892 201902011439
1549053603 50.5867957560 201902011440
1549053663 50.8229327174 201902011441
1549053717 0.0048165835 201902011441
1549053777 0.0048165835 201902011442
1549053837 0.0048165835 201902011443
1549053897 0.0048165835 201902011444
1549053957 0.0048165835 201902011445
1549054017 0.0048165835 201902011446
1549054077 0.0048165835 201902011447
1549054137 0.0048165835 201902011448
1549054197 0.0048165835 201902011449
1549054257 0.0048165835 201902011450
1549054317 0.0048165835 201902011451
1549054377 0.0048165835 201902011452
1549054437 0.0048165835 201902011453
1549054497 0.0048165835 201902011454
1549054557 0.0048165835 201902011455
1549054617 0.0048165835 201902011456
1549054677 0.0048165835 201902011457
1549054737 0.0048165835 201902011458
1549054797 0.0048165835 201902011459
1549054857 0.0048165835 201902011500
1549054917 0.0048165835 201902011501
1549054977 0.0048165835 201902011502
1549055037 0.0048165835 201902011503
1549055097 0.0048165835 201902011504
1549055157 0.0048165835 201902011505
1549055217 0.0048165835 201902011506
1549055277 0.0048165835 201902011507
1549055337 0.0048165835 201902011508
1549055397 0.0048165835 201902011509
1549055457 0.0048165835 201902011510
1549055517 0.0048165835 201902011511
1549055577 0.0048165835 201902011512
1549055637 0.0048165835 201902011513
1549055697 50.5687700338 201902011514
1549055757 50.9527179175 201902011515
1549055789 50.9923745064 201902011516
1549055849 51.0861082620 201902011517
1549055909 50.5291134449 201902011518
1549055969 50.6877398006 201902011519
1549056029 50.7436195395 201902011520
1549056089 50.4209591114 201902011521
1549056149 50.8589841618 201902011522
1549056209 50.8211301451 201902011523
1549056269 50.9400999119 201902011524
1549056329 50.9094561841 201902011525
1549056389 51.2879963511 201902011526
1549056403 50.7183835284 201902011526
1549056463 50.6318600616 201902011527
1549056523 50.9959796508 201902011528
1549056583 50.8049069951 201902011529
1549056643 50.6084266227 201902011530
1549056703 50.8806150285 201902011531
1549056763 50.9364947675 201902011532
1549056823 50.5831906116 201902011533
1549056883 50.9941770786 201902011534
1549056943 50.6823320839 201902011535
1549057003 50.4353796892 201902011536
1549057019 50.6967526617 201902011536
1549057079 50.7382118228 201902011537
1549057139 50.5435340227 201902011538
1549057199 50.2190710224 201902011539
1549057259 50.7310015339 201902011540
1549057319 -0.0059988498 201902011541
1549057379 51.1455931454 201902011542
1549057439 51.1906574510 201902011543
1549057499 51.1600137232 201902011544
1549057559 50.7472246840 201902011545
1549057619 50.4894568559 201902011546
1549057635 50.8716021674 201902011547
1549057695 50.4245642559 201902011548
1549057755 50.9310870508 201902011549
1549057815 50.6643063617 201902011550
1549057875 50.3001867724 201902011551
1549057935 50.5273108726 201902011552
1549057995 51.0788979731 201902011553
1549058055 50.7832761284 201902011554
1549058115 50.6228472005 201902011555
1549058175 50.5002722893 201902011556
1549058235 50.9995847953 201902011557
1549058250 50.5633623171 201902011557
1549058310 50.9851642175 201902011558
1549058370 51.1672240121 201902011559
1549058430 50.8661944507 201902011600
1549058490 50.9094561841 201902011601
1549058550 51.0915159787 201902011602
1549058610 51.1185545621 201902011603
1549058670 51.1077391287 201902011604
1549058730 50.8049069951 201902011605
1549058790 50.2172684501 201902011606
1549058850 50.7255938173 201902011607
1549058863 50.6805295117 201902011607
1549058923 50.8968381785 201902011608
1549058983 50.7111732395 201902011609
1549059043 50.6625037894 201902011610
1549059103 50.3993282448 201902011611
1549059163 50.6120317672 201902011612
1549059223 50.2983842002 201902011613
1549059283 50.7652504062 201902011614
1549059343 50.6318600616 201902011615
1549059403 50.7958941340 201902011616
1549059463 50.9743487842 201902011617
1549059477 51.0644773953 201902011617
1549059537 50.8878253174 201902011618
1549059597 50.9455076286 201902011619
1549059657 50.6751217950 201902011620
1549059717 50.8517738729 201902011621
1549059777 50.7616452617 201902011622
1549059837 50.8842201730 201902011623
1549059897 50.7490272562 201902011624
1549059957 50.9545204897 201902011625
1549060017 50.5164954393 201902011626
1549060077 50.8842201730 201902011627
1549060089 49.1447379770 201902011628
1549060149 50.7526324006 201902011629
1549060209 50.6174394838 201902011630
1549060269 50.5687700338 201902011631
1549060329 50.7382118228 201902011632
1549060389 50.6877398006 201902011633
1549060449 50.9869667897 201902011634
1549060509 50.6607012172 201902011635
1549060569 50.6787269394 201902011636
1549060629 50.7724606951 201902011637
1549060689 50.6138343394 201902011638
1549060705 50.7328041062 201902011638
1549060765 50.5831906116 201902011639
1549060825 50.6841346561 201902011640
1549060885 0.0048165835 201902011641
1549060945 50.8752073118 201902011642
1549061005 51.0861082620 201902011643
1549061065 50.8283404340 201902011644
1549061125 50.6823320839 201902011645
1549061185 50.8968381785 201902011646
1549061245 50.8229327174 201902011647
1549061305 50.9473102008 201902011648
1549061321 50.7634478340 201902011648
1549061381 50.6138343394 201902011649
1549061441 50.7526324006 201902011650
1549061501 50.9923745064 201902011651
1549061561 51.2104857455 201902011652
1549061621 50.5759803227 201902011653
1549061681 51.1167519898 201902011654
1549061741 50.7832761284 201902011655
1549061801 50.9148639008 201902011656
1549061861 50.5128902949 201902011657
1549061921 50.8752073118 201902011658
1549061936 50.7922889895 201902011658
1549061996 50.7273963895 201902011659
1549062056 51.1347777121 201902011700
1549062116 51.0338336675 201902011701
1549062176 50.2569250391 201902011702
1549062236 50.8157224285 201902011703
1549062296 50.9112587563 201902011704
1549062356 50.8571815896 201902011705
1549062416 50.5705726060 201902011706
1549062476 50.5164954393 201902011707
1549062536 50.3794999503 201902011708
1549062550 50.3398433614 201902011709
1549062610 50.6300574894 201902011710
1549062670 50.5453365949 201902011711
1549062730 50.8103147118 201902011712
1549062790 50.4894568559 201902011713
1549062850 50.9238767619 201902011714
1549062910 50.5273108726 201902011715
1549062970 50.5543494560 201902011716
1549063030 50.8788124563 201902011717
1549063090 50.9671384953 201902011718
1549063150 50.7670529784 201902011719
1549063164 50.9346921952 201902011719
1549063224 50.7237912450 201902011720
1549063284 50.2497147502 201902011721
1549063344 51.0140053731 201902011722
1549063404 50.5525468838 201902011723
1549063464 50.7400143951 201902011724
1549063524 50.5525468838 201902011725
1549063584 50.3073970613 201902011726
1549063644 50.6372677783 201902011727
1549063704 50.5002722893 201902011728
1549063764 0.0066191558 201902011729
1549063777 0.0012114391 201902011729
1549063837 -0.0023937054 201902011730
1549063897 0.0048165835 201902011731
1549063957 0.0066191558 201902011732
1549064017 -0.0041962776 201902011733
1549064077 0.0048165835 201902011734
1549064137 0.0012114391 201902011735
1549064197 0.0102243002 201902011736
1549064257 50.5453365949 201902011737
1549064317 50.5489417393 201902011738
1549064377 50.2515173224 201902011739
1549064393 50.5128902949 201902011739
1549064453 51.3600992400 201902011740
1549064513 50.5074825782 201902011741
1549064573 50.3560665114 201902011742
1549064633 50.6607012172 201902011743
1549064693 50.8625893063 201902011744
1549064753 0.0030140113 201902011745
1549064813 0.0030140113 201902011746
1549064873 50.5831906116 201902011747
1549064933 50.7958941340 201902011748
1549064993 50.9382973397 201902011749
1549065010 50.8589841618 201902011750
1549065070 50.3885128114 201902011751
1549065130 50.5615597449 201902011752
1549065190 50.4966671448 201902011753
1549065250 51.1185545621 201902011754
1549065310 50.6030189060 201902011755
1549065370 50.4461951226 201902011756
1549065430 50.5687700338 201902011757
1549065490 50.4642208448 201902011758
1549065550 50.4606157004 201902011759
1549065610 50.6715166505 201902011800
1549065627 50.8391558674 201902011800
1549065687 50.2893713391 201902011801
1549065747 50.8661944507 201902011802
1549065807 50.6679115061 201902011803
1549065867 50.5885983283 201902011804
1549065927 50.6426754950 201902011805
1549065987 50.5110877226 201902011806
1549066047 50.4443925503 201902011807
1549066107 50.8481687285 201902011808
1549066167 51.0446491009 201902011809
1549066227 50.6751217950 201902011810
1549066241 50.9292844786 201902011810
1549066301 50.5687700338 201902011811
1549066361 50.7922889895 201902011812
1549066421 50.8373532951 201902011813
1549066481 51.0951211231 201902011814
1549066541 50.3885128114 201902011815
1549066601 50.4227616837 201902011816
1549066661 50.4606157004 201902011817
1549066721 50.9202716174 201902011818
1549066781 50.5922034727 201902011819
1549066841 50.4966671448 201902011820
1549066856 50.8679970229 201902011820
1549066916 50.2947790558 201902011821
1549066976 50.9599282064 201902011822
1549067036 51.0933185509 201902011823
1549067096 50.9202716174 201902011824
1549067156 50.2407018891 201902011825
1549067216 50.2803584780 201902011826
1549067276 49.9829340611 201902011827
1549067336 50.5056800060 201902011828
1549067396 50.3290279280 201902011829
1549067456 50.2767533335 201902011830
1549067473 50.4570105559 201902011831
1549067533 50.6462806394 201902011832
1549067593 50.6625037894 201902011833
1549067653 50.5813880394 201902011834
1549067713 50.7544349728 201902011835
1549067773 50.4840491393 201902011836
1549067833 50.9346921952 201902011837
1549067893 50.8355507229 201902011838
1549067953 50.7111732395 201902011839
1549068013 50.3578690836 201902011840
1549068073 50.4966671448 201902011841
1549068090 50.2803584780 201902011841
1549068150 50.6877398006 201902011842
1549068210 50.4191565392 201902011843
1549068270 50.3362382169 201902011844
1549068330 50.2821610502 201902011845
1549068390 50.5813880394 201902011846
1549068450 51.1600137232 201902011847
1549068510 50.8139198562 201902011848
1549068570 50.4119462503 201902011849
1549068630 50.1722041446 201902011850
1549068690 50.6282549172 201902011851
1549068706 50.6877398006 201902011851
1549068766 50.7724606951 201902011852
1549068826 50.4083411059 201902011853
1549068886 50.7742632673 201902011854
1549068946 50.5525468838 201902011855
1549069006 50.8481687285 201902011856
1549069066 50.2226761668 201902011857
1549069126 50.3236202114 201902011858
1549069186 50.8788124563 201902011859
1549069246 50.9923745064 201902011900
1549069306 50.4263668281 201902011901
1549069320 50.6012163338 201902011902
1549069380 50.6570960728 201902011903
1549069440 50.7219886728 201902011904
1549069500 50.9671384953 201902011905
1549069560 50.4371822615 201902011906
1549069620 50.7328041062 201902011907
1549069680 50.6120317672 201902011908
1549069740 50.2028478724 201902011909
1549069800 50.5345211615 201902011910
1549069860 50.7526324006 201902011911
1549069920 50.5471391671 201902011912
1549069934 50.8806150285 201902011912
1549069994 50.9130613285 201902011913
1549070054 50.5525468838 201902011914
1549070114 50.7742632673 201902011915
1549070174 50.5345211615 201902011916
1549070234 50.6138343394 201902011917
1549070294 50.7273963895 201902011918
1549070354 50.6372677783 201902011919
1549070414 50.6390703505 201902011920
1549070474 50.8085121396 201902011921
1549070534 50.5164954393 201902011922
1549070551 50.8463661563 201902011922
1549070611 50.3921179559 201902011923
1549070671 50.2425044613 201902011924
1549070731 50.7598426895 201902011925
1549070791 51.0122028009 201902011926
1549070851 50.5904009005 201902011927
1549070911 50.8896278896 201902011928
1549070971 50.4696285615 201902011929
1549071031 50.3776973781 201902011930
1549071091 50.7310015339 201902011931
1549071151 50.6679115061 201902011932
1549071168 51.0464516731 201902011932
1549071228 50.6480832116 201902011933
1549071288 50.7526324006 201902011934
1549071348 50.5579546004 201902011935
1549071408 50.2623327557 201902011936
1549071468 50.8625893063 201902011937
1549071528 50.4930620004 201902011938
1549071588 50.6264523450 201902011939
1549071648 50.4407874059 201902011940
1549071708 50.4299719726 201902011941
1549071768 50.8319455785 201902011942
1549071786 50.7490272562 201902011943
1549071846 50.6354652061 201902011944
1549071906 50.6174394838 201902011945
1549071966 50.6967526617 201902011946
1549072026 50.1073115445 201902011947
1549072086 50.3452510780 201902011948
1549072146 50.6769243672 201902011949
1549072206 50.4984697171 201902011950
1549072266 50.2695430446 201902011951
1549072326 50.6751217950 201902011952
1549072386 50.3867102392 201902011953
1549072400 50.1109166889 201902011953
1549072460 50.3488562225 201902011954
1549072520 50.5633623171 201902011955
1549072580 50.2785559058 201902011956
1549072640 50.7580401173 201902011957
1549072700 50.4407874059 201902011958
1549072760 50.0442215167 201902011959
1549072820 51.1077391287 201902012000
1549072880 50.4822465670 201902012001
1549072940 50.3794999503 201902012002
1549073000 50.6390703505 201902012003
1549073013 50.0784703889 201902012003
1549073073 50.4371822615 201902012004
1549073133 50.6282549172 201902012005
1549073193 50.6012163338 201902012006
1549073253 50.8932330341 201902012007
1549073313 50.9689410675 201902012008
1549073373 50.7886838451 201902012009
1549073433 51.0987262676 201902012010
1549073493 50.4245642559 201902012011
1549073553 50.4606157004 201902012012
1549073613 50.7364092506 201902012013
1549073631 50.3813025225 201902012013
1549073691 50.3128047780 201902012014
1549073751 50.2911739113 201902012015
1549073811 50.0189855055 201902012016
1549073871 50.9058510396 201902012017
1549073931 50.4389848337 201902012018
1549073991 50.6607012172 201902012019
1549074051 50.9833616453 201902012020
1549074111 50.6516883561 201902012021
1549074171 50.7039629506 201902012022
1549074231 50.7165809561 201902012023
1549074247 50.5885983283 201902012024
1549074307 50.5038774337 201902012025
1549074367 50.3921179559 201902012026
1549074427 50.3740922336 201902012027
1549074487 50.6823320839 201902012028
1549074547 50.5687700338 201902012029
1549074607 50.2172684501 201902012030
1549074667 50.3578690836 201902012031
1549074727 50.7111732395 201902012032
1549074787 50.4101436781 201902012033
1549074847 50.4984697171 201902012034
1549074862 49.7810459720 201902012034
1549074922 50.2370967446 201902012035
1549074982 50.5182980115 201902012036
1549075042 50.5994137616 201902012037
1549075102 50.6985552339 201902012038
1549075162 50.4678259893 201902012039
1549075222 50.2136633057 201902012040
1549075282 49.7251662330 201902012041
1549075342 49.9685134833 201902012042
1549075402 50.7039629506 201902012043
1549075462 50.1091141167 201902012044
1549075476 50.5994137616 201902012044
1549075536 50.1866247223 201902012045
1549075596 50.2911739113 201902012046
1549075656 50.2983842002 201902012047
1549075716 50.3542639392 201902012048
1549075776 50.3362382169 201902012049
1549075836 50.4660234170 201902012050
1549075896 50.7616452617 201902012051
1549075956 50.9328896230 201902012052
1549076016 50.6534909283 201902012053
1549076076 50.2298864557 201902012054
1549076089 50.3091996336 201902012054
1549076149 50.6264523450 201902012055
1549076209 50.4912594282 201902012056
1549076269 50.8337481507 201902012057
1549076329 50.6174394838 201902012058
1549076389 50.5435340227 201902012059
1549076449 50.7490272562 201902012100
1549076509 50.4498002670 201902012101
1549076569 50.2857661947 201902012102
1549076629 50.1685990001 201902012103
1549076689 50.6300574894 201902012104
1549076706 50.7201861006 201902012105
1549076766 50.1956375835 201902012106
1549076826 50.9148639008 201902012107
1549076886 50.3776973781 201902012108
1549076946 51.0085976564 201902012109
1549077006 50.5309160171 201902012110
1549077066 50.6877398006 201902012111
1549077126 50.5038774337 201902012112
1549077186 50.9905719342 201902012113
1549077246 50.5363237338 201902012114
1549077306 50.5038774337 201902012115
1549077321 50.3975256725 201902012115
1549077381 50.6318600616 201902012116
1549077441 50.8085121396 201902012117
1549077501 50.5489417393 201902012118
1549077561 50.4750362782 201902012119
1549077621 50.7454221117 201902012120
1549077681 50.6210446283 201902012121
1549077741 50.2731481891 201902012122
1549077801 50.6102291949 201902012123
1549077861 50.6516883561 201902012124
1549077921 50.6516883561 201902012125
1549077936 50.5507443116 201902012125
1549077996 50.7021603784 201902012126
1549078056 50.7201861006 201902012127
1549078116 50.6408729227 201902012128
1549078176 50.8175250007 201902012129
1549078236 50.3993282448 201902012130
1549078296 50.1037064000 201902012131
1549078356 50.2370967446 201902012132
1549078416 50.6444780672 201902012133
1549078476 50.1704015723 201902012134
1549078536 50.2785559058 201902012135
1549078551 50.9905719342 201902012135
1549078611 50.5795854671 201902012136
1549078671 50.3128047780 201902012137
1549078731 50.4966671448 201902012138
1549078791 50.0874832500 201902012139
1549078851 50.6877398006 201902012140
1549078911 50.5110877226 201902012141
1549078971 50.3542639392 201902012142
1549079031 50.6715166505 201902012143
1549079091 50.1740067168 201902012144
1549079151 50.2316890279 201902012145
1549079165 50.9779539286 201902012146
1549079225 50.6949500895 201902012147
1549079285 50.2695430446 201902012148
1549079345 50.8013018507 201902012149
1549079405 50.4768388504 201902012150
1549079465 50.2280838835 201902012151
1549079525 50.6625037894 201902012152
1549079585 50.0964961112 201902012153
1549079645 50.7093706672 201902012154
1549079705 50.7147783839 201902012155
1549079765 50.4371822615 201902012156
1549079781 50.5435340227 201902012156
1549079841 50.3867102392 201902012157
1549079901 50.0658523833 201902012158
1549079961 50.8337481507 201902012159
1549080021 50.2695430446 201902012200
1549080081 50.8193275729 201902012201
1549080141 50.1505732779 201902012202
1549080201 50.4822465670 201902012203
1549080261 50.5309160171 201902012204
1549080321 50.6066240505 201902012205
1549080381 51.1437905732 201902012206
1549080398 50.1541784223 201902012206
1549080458 50.8788124563 201902012207
1549080518 50.6841346561 201902012208
1549080578 50.1740067168 201902012209
1549080638 50.5255083004 201902012210
1549080698 50.5759803227 201902012211
1549080758 50.1325475556 201902012212
1549080818 50.5543494560 201902012213
1549080878 50.5687700338 201902012214
1549080938 50.6823320839 201902012215
1549080998 50.7382118228 201902012216
1549081014 50.9130613285 201902012216
1549081074 50.4678259893 201902012217
1549081134 50.6859372283 201902012218
1549081194 50.5255083004 201902012219
1549081254 50.7021603784 201902012220
1549081314 50.5904009005 201902012221
1549081374 50.4065385336 201902012222
1549081434 51.0734902565 201902012223
1549081494 50.6282549172 201902012224
1549081554 50.2875687669 201902012225
1549081614 51.0410439564 201902012226
1549081628 50.7724606951 201902012227
1549081688 50.4966671448 201902012228
1549081748 50.4245642559 201902012229
1549081808 50.7868812729 201902012230
1549081868 50.5633623171 201902012231
1549081928 50.2839636224 201902012232
1549081988 50.4516028392 201902012233
1549082048 50.3416459336 201902012234
1549082108 50.4119462503 201902012235
1549082168 50.9166664730 201902012236
1549082228 50.7526324006 201902012237
1549082242 50.5128902949 201902012237
1549082302 50.6138343394 201902012238
1549082362 50.6444780672 201902012239
1549082422 50.6859372283 201902012240
1549082482 51.0194130897 201902012241
1549082542 50.0910883945 201902012242
1549082602 50.5723751782 201902012243
1549082662 50.2172684501 201902012244
1549082722 50.6661089339 201902012245
1549082782 50.4858517115 201902012246
1549082842 50.4534054115 201902012247
1549082856 50.1163244056 201902012247
1549082916 49.9198440332 201902012248
1549082976 50.5435340227 201902012249
1549083036 50.4461951226 201902012250
1549083096 50.4750362782 201902012251
1549083156 50.6030189060 201902012252
1549083216 50.4714311337 201902012253
1549083276 50.8031044229 201902012254
1549083336 50.4173539670 201902012255
1549083396 50.6607012172 201902012256
1549083456 50.2623327557 201902012257
1549083475 50.5958086171 201902012257
1549083535 50.6733192228 201902012258
1549083595 50.5327185893 201902012259
1549083655 50.6138343394 201902012300
1549083715 50.2262813113 201902012301
1549083775 50.2154658779 201902012302
1549083835 50.7364092506 201902012303
1549083895 50.5489417393 201902012304
1549083955 50.4750362782 201902012305
1549084015 51.0212156620 201902012306
1549084075 50.2118607335 201902012307
1549084091 50.6282549172 201902012308
1549084151 50.2983842002 201902012309
1549084211 50.3218176391 201902012310
1549084271 50.7346066784 201902012311
1549084331 50.4696285615 201902012312
1549084391 50.6607012172 201902012313
1549084451 50.9040484674 201902012314
1549084511 50.6048214783 201902012315
1549084571 50.5002722893 201902012316
1549084631 50.0135777889 201902012317
1549084691 50.5904009005 201902012318
1549084706 50.2298864557 201902012318
1549084766 50.3488562225 201902012319
1549084826 50.4137488225 201902012320
1549084886 50.4191565392 201902012321
1549084946 50.6552935005 201902012322
1549085006 50.6949500895 201902012323
1549085066 50.6733192228 201902012324
1549085126 50.3813025225 201902012325
1549085186 50.6174394838 201902012326
1549085246 50.7958941340 201902012327
1549085306 50.7201861006 201902012328
1549085321 50.8950356063 201902012328
1549085381 50.4984697171 201902012329
1549085441 50.3632768003 201902012330
1549085501 50.7075680950 201902012331
1549085561 50.6787269394 201902012332
1549085621 50.4570105559 201902012333
1549085681 50.2659379002 201902012334
1549085741 50.5471391671 201902012335
1549085801 50.1487707056 201902012336
1549085861 50.5237057282 201902012337
1549085921 50.7634478340 201902012338
1549085934 50.8247352896 201902012338
1549085994 50.2244787390 201902012339
1549086054 50.7147783839 201902012340
1549086114 50.5723751782 201902012341
1549086174 50.5435340227 201902012342
1549086234 50.4552079837 201902012343
1549086294 50.4876542837 201902012344
1549086354 50.5128902949 201902012345
1549086414 50.7616452617 201902012346
1549086474 50.3668819447 201902012347
1549086534 50.7724606951 201902012348
