1550037416 -1.0000000000 2019021223567
1550037472 49.4187289550 201902122357
1550037532 48.7968415378 201902122358
1550037592 48.2686878762 201902122359
1550037652 49.1429354048 201902130000
1550037712 48.5426788542 201902130001
1550037772 49.3790723661 201902130002
1550037832 49.1122916769 201902130003
1550037892 49.9883417777 201902130004
1550037952 49.2943514716 201902130005
1550038012 49.6999302219 201902130006
1550038029 49.3808749383 201902130007
1550038089 49.1879997103 201902130008
1550038149 48.9536653213 201902130009
1550038209 48.6995026377 201902130010
1550038269 49.4655958328 201902130011
1550038329 48.5913483043 201902130012
1550038389 48.9284293101 201902130013
1550038449 49.1411328325 201902130014
1550038509 49.1447379770 201902130015
1550038569 49.7215610886 201902130016
1550038629 49.6043938941 201902130017
1550038651 49.3808749383 201902130017
1550038711 49.1555534103 201902130018
1550038771 49.9432774721 201902130019
1550038831 49.2348665882 201902130020
1550038891 49.0401887880 201902130021
1550038951 49.2492871660 201902130022
1550039011 49.6296299052 201902130023
1550039071 49.5611321607 201902130024
1550039131 49.2853386104 201902130025
1550039191 49.3033643327 201902130026
1550039251 49.2727206049 201902130027
1550039270 49.4385572495 201902130027
1550039330 49.6638787774 201902130028
1550039390 49.7197585164 201902130029
1550039450 49.1861971381 201902130030
1550039510 49.4764112662 201902130031
1550039570 48.7932363933 201902130032
1550039630 49.1771842770 201902130033
1550039690 48.5030222653 201902130034
1550039750 49.4511752550 201902130035
1550039810 49.6422479108 201902130036
1550039870 49.7612176775 201902130037
1550039890 48.6255971765 201902130038
1550039950 48.4777862542 201902130039
1550040010 48.9680858990 201902130040
1550040070 49.6728916386 201902130041
1550040130 49.0672273714 201902130042
1550040190 49.8639642943 201902130043
1550040250 49.0744376602 201902130044
1550040310 49.3610466438 201902130045
1550040370 49.1843945659 201902130046
1550040430 48.9969270546 201902130047
1550040490 48.5390737098 201902130048
1550040513 49.7954665498 201902130048
1550040573 49.3664543605 201902130049
1550040633 49.7846511164 201902130050
1550040693 49.3430209216 201902130051
1550040753 49.3916903716 201902130052
1550040813 49.4475701106 201902130053
1550040873 48.9122061601 201902130054
1550040933 49.0528067936 201902130055
1550040993 49.1321199714 201902130056
1550041053 48.4435373819 201902130057
1550041113 49.9757237722 201902130058
1550041134 48.8707469990 201902130058
1550041194 49.4692009773 201902130059
1550041254 49.7612176775 201902130100
1550041314 49.1014762436 201902130101
1550041374 49.4241366717 201902130102
1550041434 49.5106601384 201902130103
1550041494 49.1122916769 201902130104
1550041554 48.9356395990 201902130105
1550041614 49.4475701106 201902130106
1550041674 49.2961540438 201902130107
1550041734 49.1339225436 201902130108
1550041753 48.5643097209 201902130109
1550041813 49.3952955161 201902130110
1550041873 49.5304884329 201902130111
1550041933 48.6165843154 201902130112
1550041993 49.0924633825 201902130113
1550042053 49.4854241273 201902130114
1550042113 49.3970980883 201902130115
1550042173 49.6909173608 201902130116
1550042233 49.3394157771 201902130117
1550042293 48.9013907268 201902130118
1550042353 49.1771842770 201902130119
1550042381 48.6219920321 201902130119
1550042441 48.8851675767 201902130120
1550042501 49.1429354048 201902130121
1550042561 49.0780428047 201902130122
1550042621 48.6688589099 201902130123
1550042681 48.7265412211 201902130124
1550042741 48.7950389656 201902130125
1550042801 49.1447379770 201902130126
1550042861 48.7643952378 201902130127
1550042921 48.8995881545 201902130128
1550042981 49.2186434382 201902130129
1550043001 48.3966705041 201902130130
1550043061 49.4133212383 201902130131
1550043121 49.2078280048 201902130132
1550043181 49.5142652829 201902130133
1550043241 48.9716910435 201902130134
1550043301 48.9446524601 201902130135
1550043361 48.9915193380 201902130136
1550043421 49.1771842770 201902130137
1550043481 49.2528923104 201902130138
1550043541 49.5971836052 201902130139
1550043601 49.1321199714 201902130140
1550043624 49.0311759269 201902130140
1550043684 49.3538363549 201902130141
1550043744 48.7445669433 201902130142
1550043804 49.6801019275 201902130143
1550043864 49.5557244440 201902130144
1550043924 49.5340935773 201902130145
1550043984 49.4259392439 201902130146
1550044044 49.0329784991 201902130147
1550044104 49.1861971381 201902130148
1550044164 49.1447379770 201902130149
1550044224 49.6530633441 201902130150
1550044244 49.0654247991 201902130150
1550044304 48.6039663098 201902130151
1550044364 48.5949534487 201902130152
1550044424 49.0149527769 201902130153
1550044484 49.3304029160 201902130154
1550044544 48.8130646878 201902130155
1550044604 48.6219920321 201902130156
1550044664 49.4241366717 201902130157
1550044724 48.7445669433 201902130158
1550044784 49.3105746216 201902130159
1550044844 49.1898022826 201902130200
1550044863 49.1988151437 201902130201
1550044923 48.2398467206 201902130202
1550044983 49.1303173992 201902130203
1550045043 49.7666253942 201902130204
1550045103 49.2727206049 201902130205
1550045163 49.6674839219 201902130206
1550045223 48.5949534487 201902130207
1550045283 49.3646517883 201902130208
1550045343 49.0636222269 201902130209
1550045403 49.5304884329 201902130210
1550045463 49.3862826550 201902130211
1550045483 49.5160678551 201902130211
1550045543 49.0455965047 201902130212
1550045603 49.1807894215 201902130213
1550045663 49.5665398774 201902130214
1550045723 49.7035353664 201902130215
1550045783 49.2366691604 201902130216
1550045843 49.3051669049 201902130217
1550045903 49.2583000271 201902130218
1550045963 48.8689444267 201902130219
1550046023 48.8887727212 201902130220
1550046083 49.3826775105 201902130221
1550046103 48.7824209600 201902130221
1550046163 49.3358106327 201902130222
1550046223 48.8797598601 201902130223
1550046283 49.8188999887 201902130224
1550046343 49.5881707440 201902130225
1550046403 49.8134922720 201902130226
1550046463 48.7860261044 201902130227
1550046523 49.6728916386 201902130228
1550046583 49.2871411827 201902130229
1550046643 48.9825064768 201902130230
1550046703 49.0546093658 201902130231
1550046723 49.4800164106 201902130232
1550046783 49.1934074270 201902130233
1550046843 49.4908318440 201902130234
1550046903 49.6152093274 201902130235
1550046963 49.5214755718 201902130236
1550047023 49.2204460104 201902130237
1550047083 49.8297154220 201902130238
1550047143 48.5246531320 201902130239
1550047203 49.1645662714 201902130240
1550047263 48.6255971765 201902130241
1550047323 49.3989006605 201902130242
1550047348 49.3412183494 201902130242
1550047408 49.3574414994 201902130243
1550047468 49.2456820215 201902130244
1550047528 49.1717765603 201902130245
1550047588 49.0275707824 201902130246
1550047648 49.7251662330 201902130247
1550047708 49.4043083772 201902130248
1550047768 49.2402743048 201902130249
1550047828 49.2601025993 201902130250
1550047888 49.1916048548 201902130251
1550047948 48.8905752934 201902130252
1550047970 49.3916903716 201902130252
1550048030 49.4655958328 201902130253
1550048090 49.2330640159 201902130254
1550048150 49.4529778273 201902130255
1550048210 49.4151238105 201902130256
1550048270 49.1934074270 201902130257
1550048330 48.8455109878 201902130258
1550048390 49.3502312105 201902130259
1550048450 49.3502312105 201902130300
1550048510 49.5304884329 201902130301
1550048570 48.7355540822 201902130302
1550048589 48.9158113046 201902130303
1550048649 49.5070549940 201902130304
1550048709 48.4146962263 201902130305
1550048769 49.6638787774 201902130306
1550048829 49.3718620772 201902130307
1550048889 49.7936639776 201902130308
1550048949 49.3916903716 201902130309
1550049009 49.3412183494 201902130310
1550049069 48.8599315656 201902130311
1550049129 49.4619906884 201902130312
1550049189 49.1934074270 201902130313
1550049211 48.9302318823 201902130313
1550049271 49.9396723277 201902130314
1550049331 49.4043083772 201902130315
1550049391 49.3159823382 201902130316
1550049451 49.2673128882 201902130317
1550049511 48.8563264212 201902130318
1550049571 49.2979566160 201902130319
1550049631 49.1249096825 201902130320
1550049691 49.0528067936 201902130321
1550049751 48.9392447435 201902130322
1550049811 49.2961540438 201902130323
1550049833 49.4998447051 201902130323
1550049893 48.5967560209 201902130324
1550049953 49.6404453385 201902130325
1550050013 48.6850820599 201902130326
1550050073 49.6116041829 201902130327
1550050133 49.5214755718 201902130328
1550050193 49.5989861774 201902130329
1550050253 49.5521192996 201902130330
1550050313 49.2655103160 201902130331
1550050373 49.1519482659 201902130332
1550050433 49.3340080605 201902130333
1550050453 49.3736646494 201902130334
1550050513 49.1195019658 201902130335
1550050573 49.8062819831 201902130336
1550050633 49.8243077054 201902130337
1550050693 49.3430209216 201902130338
1550050753 49.2438794493 201902130339
1550050813 48.5805328709 201902130340
1550050873 49.0870556658 201902130341
1550050933 49.0582145102 201902130342
1550050993 49.0365836435 201902130343
1550051053 48.7734080989 201902130344
1550051075 49.7179559442 201902130344
1550051135 49.3376132049 201902130345
1550051195 49.4782138384 201902130346
1550051255 49.2781283215 201902130347
1550051315 49.0654247991 201902130348
1550051375 49.1375276881 201902130349
1550051435 48.6183868876 201902130350
1550051495 48.3678293485 201902130351
1550051555 49.4151238105 201902130352
1550051615 49.5376987218 201902130353
1550051675 49.0906608103 201902130354
1550051695 49.7576125331 201902130354
1550051755 49.7089430830 201902130355
1550051815 49.7215610886 201902130356
1550051875 49.3322054883 201902130357
1550051935 49.1735791326 201902130358
1550051995 48.6237946043 201902130359
1550052055 48.9644807546 201902130400
1550052115 49.8207025609 201902130401
1550052175 49.7305739497 201902130402
1550052235 49.0347810713 201902130403
1550052295 49.3664543605 201902130404
1550052315 48.8653392823 201902130405
1550052375 49.4529778273 201902130406
1550052435 49.3610466438 201902130407
1550052495 49.3574414994 201902130408
1550052555 49.8531488609 201902130409
1550052615 49.2276562993 201902130410
1550052675 49.3502312105 201902130411
1550052735 49.2799308938 201902130412
1550052795 48.9680858990 201902130413
1550052855 48.8887727212 201902130414
1550052915 49.0618196547 201902130415
1550052938 49.5449090107 201902130415
1550052998 49.3448234938 201902130416
1550053058 49.4133212383 201902130417
1550053118 49.6152093274 201902130418
1550053178 49.5413038662 201902130419
1550053238 49.5575270162 201902130420
1550053298 49.9721186277 201902130421
1550053358 49.6422479108 201902130422
1550053418 49.1645662714 201902130423
1550053478 49.0419913602 201902130424
1550053538 49.8044794109 201902130425
1550053557 49.1807894215 201902130425
1550053617 49.1988151437 201902130426
1550053677 49.6188144718 201902130427
1550053737 49.1213045381 201902130428
1550053797 49.6314324774 201902130429
1550053857 48.8707469990 201902130430
1550053917 49.3177849105 201902130431
1550053977 49.5376987218 201902130432
1550054037 48.7986441100 201902130433
1550054097 49.3556389272 201902130434
1550054157 48.9104035879 201902130435
1550054176 49.0492016491 201902130436
1550054236 48.8815624323 201902130437
1550054296 49.5737501662 201902130438
1550054356 49.4619906884 201902130439
1550054416 49.2745231771 201902130440
1550054476 49.2096305770 201902130441
1550054536 49.4403598217 201902130442
1550054596 49.3646517883 201902130443
1550054656 48.7373566544 201902130444
1550054716 49.0636222269 201902130445
1550054776 49.4259392439 201902130446
1550054800 49.0528067936 201902130446
1550054860 49.4349521050 201902130447
1550054920 49.5881707440 201902130448
1550054980 49.1231071103 201902130449
1550055040 49.6602736330 201902130450
1550055100 49.6566684885 201902130451
1550055160 49.5719475940 201902130452
1550055220 49.1086865325 201902130453
1550055280 49.7467970997 201902130454
1550055340 49.6530633441 201902130455
1550055400 49.0492016491 201902130456
1550055420 48.9825064768 201902130457
1550055480 48.4399322375 201902130458
1550055540 49.1014762436 201902130459
1550055600 49.5268832884 201902130500
1550055660 49.4637932606 201902130501
1550055720 49.0564119380 201902130502
1550055780 49.2817334660 201902130503
1550055840 49.4601881161 201902130504
1550055900 49.2420768771 201902130505
1550055960 49.7540073886 201902130506
1550056020 49.0239656380 201902130507
1550056042 48.7067129266 201902130507
1550056102 49.3304029160 201902130508
1550056162 49.2420768771 201902130509
1550056222 49.7720331109 201902130510
1550056282 49.4061109494 201902130511
1550056342 49.4421623939 201902130512
1550056402 48.9987296268 201902130513
1550056462 49.1861971381 201902130514
1550056522 49.4836215551 201902130515
1550056582 49.2006177159 201902130516
1550056642 49.6079990385 201902130517
1550056663 49.4025058050 201902130517
1550056723 49.1519482659 201902130518
1550056783 49.2150382937 201902130519
1550056843 48.8617341378 201902130520
1550056903 48.7013052099 201902130521
1550056963 49.6638787774 201902130522
1550057023 48.8995881545 201902130523
1550057083 49.4007032328 201902130524
1550057143 49.1050813881 201902130525
1550057203 49.1825919937 201902130526
1550057263 49.1861971381 201902130527
1550057284 48.6310048932 201902130528
1550057344 48.4867991153 201902130529
1550057404 49.0870556658 201902130530
1550057464 48.6778717710 201902130531
1550057524 49.4007032328 201902130532
1550057584 49.7287713775 201902130533
1550057644 49.9270543221 201902130534
1550057704 48.2777007373 201902130535
1550057764 49.5052524217 201902130536
1550057824 48.9807039046 201902130537
1550057884 48.8923778656 201902130538
1550057905 49.2078280048 201902130538
1550057965 49.1934074270 201902130539
1550058025 49.2781283215 201902130540
1550058085 48.3029367485 201902130541
1550058145 49.2601025993 201902130542
1550058205 49.2222485826 201902130543
1550058265 49.3195874827 201902130544
1550058325 49.3159823382 201902130545
1550058385 48.9572704657 201902130546
1550058445 49.7774408275 201902130547
1550058505 49.3141797660 201902130548
1550058528 49.1898022826 201902130548
1550058588 49.5178704273 201902130549
1550058648 49.5593295885 201902130550
1550058708 49.1068839603 201902130551
1550058768 49.1916048548 201902130552
1550058828 49.1970125715 201902130553
1550058888 49.4277418161 201902130554
1550058948 49.1231071103 201902130555
1550059008 49.1699739881 201902130556
1550059068 48.5859405876 201902130557
1550059128 49.1465405492 201902130558
1550059149 49.2871411827 201902130559
1550059209 49.3520337827 201902130600
1550059269 48.7878286767 201902130601
1550059329 49.1843945659 201902130602
1550059389 48.9626781824 201902130603
1550059449 48.6021637376 201902130604
1550059509 49.6116041829 201902130605
1550059569 49.0798453769 201902130606
1550059629 49.1573559825 201902130607
1550059689 48.8202749767 201902130608
1550059749 49.4818189828 201902130609
1550059769 49.1122916769 201902130609
1550059829 49.0582145102 201902130610
1550059889 49.4655958328 201902130611
1550059949 49.0618196547 201902130612
1550060009 0.0012114391 201902130613
1550060069 -0.0023937054 201902130614
1550060129 49.6098016107 201902130615
1550060189 49.3880852272 201902130616
1550060249 49.2691154604 201902130617
1550060309 49.3123771938 201902130618
1550060369 49.0419913602 201902130619
1550060389 48.8689444267 201902130619
1550060449 48.9266267379 201902130620
1550060509 49.7504022442 201902130621
1550060569 49.7774408275 201902130622
1550060629 49.0023347713 201902130623
1550060689 49.3682569327 201902130624
1550060749 48.7211335044 201902130625
1550060809 49.0834505214 201902130626
1550060869 49.0293733547 201902130627
1550060929 49.4926344162 201902130628
1550060989 49.2204460104 201902130629
1550061011 49.4511752550 201902130630
1550061071 49.1970125715 201902130631
1550061131 48.7625926655 201902130632
1550061191 49.1465405492 201902130633
1550061251 49.7359816664 201902130634
1550061311 48.9031932990 201902130635
1550061371 49.3880852272 201902130636
1550061431 49.1104891047 201902130637
1550061491 48.7986441100 201902130638
1550061551 49.0455965047 201902130639
1550061611 48.9915193380 201902130640
1550061631 49.1663688437 201902130640
1550061691 48.9446524601 201902130641
1550061751 48.6598460488 201902130642
1550061811 49.2727206049 201902130643
1550061871 49.3177849105 201902130644
1550061931 49.2835360382 201902130645
1550061991 49.4259392439 201902130646
1550062051 49.2384717326 201902130647
1550062111 49.0131502046 201902130648
1550062171 49.3069694771 201902130649
1550062231 49.8008742664 201902130650
1550062254 48.6742666266 201902130650
1550062314 49.0672273714 201902130651
1550062374 49.8621617221 201902130652
1550062434 49.3069694771 201902130653
1550062494 49.2060254326 201902130654
1550062554 49.2024202881 201902130655
1550062614 49.2204460104 201902130656
1550062674 49.1465405492 201902130657
1550062734 48.6273997487 201902130658
1550062794 49.3141797660 201902130659
1550062854 48.5498891431 201902130700
1550062874 49.3358106327 201902130701
1550062934 49.4782138384 201902130702
1550062994 49.4655958328 201902130703
1550063054 48.9410473157 201902130704
1550063114 48.9987296268 201902130705
1550063174 49.6656813497 201902130706
1550063234 49.1321199714 201902130707
1550063294 49.3376132049 201902130708
1550063354 48.9536653213 201902130709
1550063414 49.2925488993 201902130710
1550063474 49.6674839219 201902130711
1550063494 48.8959830101 201902130711
1550063554 49.4800164106 201902130712
1550063614 49.5413038662 201902130713
1550063674 49.0167553491 201902130714
1550063734 48.9608756101 201902130715
1550063794 49.2042228604 201902130716
1550063854 49.2438794493 201902130717
1550063914 49.0708325158 201902130718
1550063974 48.8184724045 201902130719
1550064034 49.2817334660 201902130720
1550064094 49.0924633825 201902130721
1550064119 49.0726350880 201902130721
1550064179 48.6147817432 201902130722
1550064239 48.5697174376 201902130723
1550064299 49.2799308938 201902130724
1550064359 49.4367546772 201902130725
1550064419 48.9338370268 201902130726
1550064479 49.1519482659 201902130727
1550064539 49.3195874827 201902130728
1550064599 49.6152093274 201902130729
1550064659 49.4241366717 201902130730
1550064719 49.0762402325 201902130731
1550064739 49.2276562993 201902130732
1550064799 48.5480865709 201902130733
1550064859 48.4579579597 201902130734
1550064919 49.3682569327 201902130735
1550064979 49.4782138384 201902130736
1550065039 49.2943514716 201902130737
1550065099 49.2943514716 201902130738
1550065159 49.0401887880 201902130739
1550065219 48.9662833268 201902130740
1550065279 49.4331495328 201902130741
1550065339 49.2853386104 201902130742
1550065361 49.7413893831 201902130742
1550065421 49.1231071103 201902130743
1550065481 49.6079990385 201902130744
1550065541 49.1753817048 201902130745
1550065601 49.2655103160 201902130746
1550065661 49.1645662714 201902130747
1550065721 49.1771842770 201902130748
1550065781 49.2817334660 201902130749
1550065841 -0.0023937054 201902130750
1550065901 49.6206170441 201902130751
1550065961 49.1050813881 201902130752
1550065985 48.6183868876 201902130753
1550066045 49.2294588715 201902130754
1550066105 48.6742666266 201902130755
1550066165 49.4475701106 201902130756
1550066225 49.4511752550 201902130757
1550066285 49.2276562993 201902130758
1550066345 48.9915193380 201902130759
1550066405 49.6494581996 201902130800
1550066465 49.3682569327 201902130801
1550066525 48.9680858990 201902130802
1550066585 49.5034498495 201902130803
1550066606 48.9554678935 201902130803
1550066666 49.0834505214 201902130804
1550066726 49.0960685269 201902130805
1550066786 49.4746086939 201902130806
1550066846 49.3322054883 201902130807
1550066906 48.6183868876 201902130808
1550066966 48.8473135600 201902130809
1550067026 49.0906608103 201902130810
1550067086 49.0419913602 201902130811
1550067146 49.1068839603 201902130812
1550067206 49.3898877994 201902130813
1550067229 49.4097160939 201902130813
1550067289 48.8743521434 201902130814
1550067349 48.8220775489 201902130815
1550067409 49.4998447051 201902130816
1550067469 48.8419058434 201902130817
1550067529 49.4313469606 201902130818
1550067589 49.0618196547 201902130819
1550067649 49.3772697938 201902130820
1550067709 49.1213045381 201902130821
1550067769 49.1104891047 201902130822
1550067829 48.9807039046 201902130823
1550067851 49.2601025993 201902130824
1550067911 49.1411328325 201902130825
1550067971 47.7801908035 201902130826
1550068031 49.3484286383 201902130827
1550068091 49.0203604935 201902130828
1550068151 48.9013907268 201902130829
1550068211 49.3466260660 201902130830
1550068271 49.0888582380 201902130831
1550068331 49.3213900549 201902130832
1550068391 48.8455109878 201902130833
1550068451 49.7612176775 201902130834
1550068470 49.0780428047 201902130834
1550068530 48.8383006989 201902130835
1550068590 48.9374421712 201902130836
1550068650 48.7968415378 201902130837
1550068710 49.3664543605 201902130838
1550068770 49.6350376219 201902130839
1550068830 49.6296299052 201902130840
1550068890 49.2655103160 201902130841
1550068950 49.3502312105 201902130842
1550069010 49.3989006605 201902130843
1550069070 49.3790723661 201902130844
1550069089 49.3628492161 201902130844
1550069149 48.9122061601 201902130845
1550069209 49.0311759269 201902130846
1550069269 49.4151238105 201902130847
1550069329 48.8869701490 201902130848
1550069389 49.6584710608 201902130849
1550069449 49.4205315272 201902130850
1550069509 49.3159823382 201902130851
1550069569 49.3448234938 201902130852
1550069629 49.6350376219 201902130853
1550069689 49.5485141551 201902130854
1550069708 49.3862826550 201902130855
1550069768 49.1916048548 201902130856
1550069828 49.5034498495 201902130857
1550069888 49.0329784991 201902130858
1550069948 49.7017327941 201902130859
1550070008 49.3177849105 201902130900
1550070068 49.0510042213 201902130901
1550070128 49.6764967830 201902130902
1550070188 49.5395012940 201902130903
1550070248 49.6476556274 201902130904
1550070308 49.2925488993 201902130905
1550070324 49.2709180326 201902130905
1550070384 49.6368401941 201902130906
1550070444 49.4061109494 201902130907
1550070504 49.4998447051 201902130908
1550070564 49.3989006605 201902130909
1550070624 49.5809604551 201902130910
1550070684 49.2240511548 201902130911
1550070744 49.5449090107 201902130912
1550070804 48.9807039046 201902130913
1550070864 49.3772697938 201902130914
1550070924 49.4223340994 201902130915
1550070945 49.6079990385 201902130915
1550071005 49.3862826550 201902130916
1550071065 47.9334094426 201902130917
1550071125 49.3574414994 201902130918
1550071185 49.2619051715 201902130919
1550071245 49.4944369884 201902130920
1550071305 49.5449090107 201902130921
1550071365 49.5340935773 201902130922
1550071425 49.1249096825 201902130923
1550071485 49.3970980883 201902130924
1550071545 51.6809570959 201902130925
1550071563 52.3244753798 201902130926
1550071623 51.7674805626 201902130927
1550071683 51.9855918017 201902130928
1550071743 51.7602702737 201902130929
1550071803 52.2902265075 201902130930
1550071863 52.4704837299 201902130931
1550071923 52.0432741129 201902130932
1550071983 51.9639609350 201902130933
1550072043 52.2848187909 201902130934
1550072103 52.2037030408 201902130935
1550072163 52.3064496576 201902130936
1550072180 50.1884272946 201902130936
1550072240 51.6358927903 201902130937
1550072300 0.0012114391 201902130938
1550072360 52.9085087803 201902130939
1550072420 52.3172650909 201902130940
1550072480 52.1874798908 201902130941
1550072540 51.8792400405 201902130942
1550072600 51.7386394070 201902130943
1550072660 52.2109133297 201902130944
1550072720 52.2325441964 201902130945
1550072780 52.4722863021 201902130946
1550072797 51.7278239737 201902130946
1550072857 51.5277384569 201902130947
1550072917 52.1820721741 201902130948
1550072977 51.8666220349 201902130949
1550073037 51.9765789406 201902130950
1550073097 52.1261924352 201902130951
1550073157 51.4646484290 201902130952
1550073217 51.8269654460 201902130953
1550073277 51.1744343010 201902130954
1550073337 51.9621583628 201902130955
1550073397 51.9134889128 201902130956
1550073414 52.1316001518 201902130956
1550073474 51.7891114293 201902130957
1550073534 52.1622438796 201902130958
1550073594 51.7548625571 201902130959
1550073654 51.8161500127 201902131000
1550073714 51.7458496959 201902131001
1550073774 51.8522014571 201902131002
1550073834 51.5655924736 201902131003
1550073894 52.1712567408 201902131004
1550073954 52.2361493408 201902131005
1550074014 52.1964927519 201902131006
1550074033 51.5529744680 201902131007
1550074093 51.6286825014 201902131008
1550074153 51.5277384569 201902131009
1550074213 51.7656779904 201902131010
1550074273 51.7314291182 201902131011
1550074333 52.3064496576 201902131012
1550074393 51.5998413458 201902131013
1550074453 51.4015584012 201902131014
1550074513 51.0933185509 201902131015
1550074573 51.7422445515 201902131016
1550074633 51.5205281680 201902131017
1550074653 52.0703126962 201902131017
1550074713 51.9729737961 201902131018
1550074773 51.5457641791 201902131019
1550074833 51.5187255957 201902131020
1550074893 51.6358927903 201902131021
1550074953 51.9134889128 201902131022
1550075013 52.0793255574 201902131023
1550075073 52.1027589963 201902131024
1550075133 51.6683390903 201902131025
1550075193 51.4916870124 201902131026
1550075253 51.9405274961 201902131027
1550075275 52.0360638240 201902131027
1550075335 51.6214722125 201902131028
1550075395 52.0288535351 201902131029
1550075455 52.2505699186 201902131030
1550075515 52.3551191076 201902131031
1550075575 51.7206136848 201902131032
1550075635 52.1496258741 201902131033
1550075695 51.7007853903 201902131034
1550075755 51.8377808794 201902131035
1550075815 51.8594117460 201902131036
1550075875 51.6863648126 201902131037
1550075898 51.4736612901 201902131038
1550075958 52.0919435629 201902131039
1550076018 52.2956342242 201902131040
1550076078 51.8756348961 201902131041
1550076138 51.9297120628 201902131042
1550076198 51.8882529016 201902131043
1550076258 52.1388104407 201902131044
1550076318 52.1117718574 201902131045
1550076378 52.3893679798 201902131046
1550076438 51.3889403956 201902131047
1550076498 51.8503988849 201902131048
1550076518 51.7873088571 201902131048
1550076578 51.8017294349 201902131049
1550076638 51.9729737961 201902131050
1550076698 51.7043905348 201902131051
1550076758 51.4880818679 201902131052
1550076818 52.5786380633 201902131053
1550076878 51.3258503678 201902131054
1550076938 51.7116008237 201902131055
1550076998 0.0066191558 201902131056
1550077058 51.7025879626 201902131057
1550077118 51.4898844402 201902131058
1550077135 51.4051635456 201902131058
1550077195 52.2505699186 201902131059
1550077255 0.0048165835 201902131100
1550077315 52.4019859854 201902131101
1550077375 51.7260214015 201902131102
1550077435 51.4880818679 201902131103
1550077495 51.7945191460 201902131104
1550077555 51.9062786239 201902131105
1550077615 50.3903153836 201902131106
1550077675 51.7674805626 201902131107
1550077735 51.7512574126 201902131108
1550077779 51.8918580461 201902131109
1550077839 52.2830162186 201902131110
1550077899 51.7404419793 201902131111
1550077959 51.8089397238 201902131112
1550078019 52.0991538518 201902131113
1550078079 52.0649049796 201902131114
1550078139 51.9585532184 201902131115
1550078199 52.3875654076 201902131116
1550078259 51.5854207680 201902131117
1550078319 51.7638754182 201902131118
1550078379 52.0594972629 201902131119
1550078397 52.2649904964 201902131119
1550078457 52.2884239353 201902131120
1550078517 52.0162355295 201902131121
1550078577 51.8576091738 201902131122
1550078637 52.1676515963 201902131123
1550078697 52.1892824630 201902131124
1550078757 52.3803551187 201902131125
1550078817 52.1982953241 201902131126
1550078877 51.9369223517 201902131127
1550078937 51.7386394070 201902131128
1550078997 52.3262779520 201902131129
1550079014 52.2307416242 201902131130
1550079074 51.9297120628 201902131131
1550079134 52.1856773186 201902131132
1550079194 49.3448234938 201902131133
1550079254 47.6558133201 201902131134
1550079314 52.0973512796 201902131135
1550079374 52.0504844018 201902131136
1550079434 51.8972657627 201902131137
1550079494 51.5944336291 201902131138
1550079554 52.1370078685 201902131139
1550079614 51.9098837683 201902131140
1550079631 52.4849043077 201902131140
1550079691 52.2469647742 201902131141
1550079751 51.3042195011 201902131142
1550079811 51.7620728460 201902131143
1550079871 51.8449911683 201902131144
1550079931 51.3619018123 201902131145
1550079991 52.1568361630 201902131146
1550080051 51.8485963127 201902131147
1550080111 52.1928876075 201902131148
1550080171 0.0066191558 201902131149
1550080231 52.2307416242 201902131150
1550080251 51.5295410291 201902131150
1550080311 51.9819866573 201902131151
1550080671 52.2235313353 201902131157
1550080731 51.7170085404 201902131158
1550080791 51.7188111126 201902131159
1550080851 52.2433596297 201902131200
1550080861 52.4488528632 201902131201
1550080921 52.4380374299 201902131202
1550080981 52.0288535351 201902131203
1550081041 51.9801840850 201902131204
1550081101 52.0144329573 201902131205
1550081161 51.9495403572 201902131206
1550081221 51.9387249239 201902131207
1550081281 51.5295410291 201902131208
1550081341 52.2361493408 201902131209
1550081401 52.4903120244 201902131210
1550081461 -0.0023937054 201902131211
1550081478 0.0066191558 201902131211
1550081538 51.8485963127 201902131212
1550081598 52.0450766851 201902131213
1550081658 -0.0041962776 201902131214
1550081718 52.0216432462 201902131215
1550081778 51.1419880010 201902131216
1550081838 51.8666220349 201902131217
1550081898 52.0234458184 201902131218
1550081958 52.0000123795 201902131219
1550082018 51.8395834516 201902131220
1550082078 52.0324586795 201902131221
1550082113 52.5660200578 201902131221
1550082173 52.5461917633 201902131222
1550082233 51.8918580461 201902131223
1550082293 51.8936606183 201902131224
1550082353 52.0540895462 201902131225
1550082413 52.3046470853 201902131226
1550082473 52.3749474021 201902131227
1550082533 52.2109133297 201902131228
1550082593 52.2019004686 201902131229
1550082653 52.0000123795 201902131230
1550082713 51.9225017739 201902131231
1550082773 51.3474812345 201902131232
1550082796 51.9098837683 201902131233
1550082856 51.6376953625 201902131234
1550082916 51.7710857071 201902131235
1550082976 51.2447346177 201902131236
1550083036 51.4213866957 201902131237
1550083096 52.0360638240 201902131238
1550083156 51.8431885960 201902131239
1550083216 50.2533198946 201902131240
1550083276 52.1171795741 201902131241
1550083336 51.9170940572 201902131242
1550083396 52.0685101240 201902131243
1550083413 -0.0023937054 201902131243
1550083473 -0.0023937054 201902131244
1550083533 0.0066191558 201902131245
1550083593 0.0084217280 201902131246
1550083653 0.0048165835 201902131247
1550083713 0.0030140113 201902131248
1550083773 0.0030140113 201902131249
1550083833 0.0030140113 201902131250
1550083893 -0.0023937054 201902131251
1550083953 -0.0041962776 201902131252
1550084013 0.0048165835 201902131253
1550084027 -0.0005911331 201902131253
1550084087 0.0048165835 201902131254
1550084147 0.0066191558 201902131255
1550084207 0.0084217280 201902131256
1550084267 0.0084217280 201902131257
1550084327 -0.0041962776 201902131258
1550084387 -0.0041962776 201902131259
1550084447 -0.0059988498 201902131300
1550084507 0.0030140113 201902131301
1550084567 0.0012114391 201902131302
1550084627 -0.0059988498 201902131303
1550084643 -0.0023937054 201902131304
1550084703 0.0102243002 201902131305
1550084763 0.0012114391 201902131306
1550084823 0.0084217280 201902131307
1550084883 0.0012114391 201902131308
1550084943 0.0066191558 201902131309
1550085003 0.0030140113 201902131310
1550085063 -0.0023937054 201902131311
1550085123 0.0066191558 201902131312
1550085183 -0.0005911331 201902131313
1550085243 0.0030140113 201902131314
1550085257 -0.0005911331 201902131314
1550085317 0.0048165835 201902131315
1550085377 -0.0005911331 201902131316
1550085437 -0.0023937054 201902131317
1550085497 -0.0005911331 201902131318
1550085557 0.0066191558 201902131319
1550085617 -0.0023937054 201902131320
1550085677 0.0066191558 201902131321
1550085737 0.0030140113 201902131322
1550085797 -0.0005911331 201902131323
1550085857 -0.0005911331 201902131324
1550085875 -0.0023937054 201902131324
1550085935 -0.0023937054 201902131325
1550085995 -0.0059988498 201902131326
1550086055 0.0048165835 201902131327
1550086115 0.0048165835 201902131328
1550086175 -0.0005911331 201902131329
1550086235 0.0084217280 201902131330
1550086295 0.0084217280 201902131331
1550086355 -0.0005911331 201902131332
1550086415 0.0102243002 201902131333
1550086475 -0.0005911331 201902131334
1550086490 0.0048165835 201902131334
1550086550 0.0048165835 201902131335
1550086610 0.0048165835 201902131336
1550086670 -0.0041962776 201902131337
1550086730 0.0012114391 201902131338
1550086790 -0.0132091387 201902131339
1550086850 0.0048165835 201902131340
1550086910 -0.0078014220 201902131341
1550086970 0.0012114391 201902131342
1550087030 0.0066191558 201902131343
1550087090 0.0030140113 201902131344
1550087104 0.0012114391 201902131345
1550087164 -0.0041962776 201902131346
1550087224 0.0030140113 201902131347
1550087284 -0.0005911331 201902131348
1550087344 -0.0078014220 201902131349
1550087404 0.0066191558 201902131350
1550087464 0.0084217280 201902131351
1550087524 -0.0114065665 201902131352
1550087584 -0.0059988498 201902131353
1550087644 0.0012114391 201902131354
1550087704 32.1879410675 201902131355
1550087730 39.2089598793 201902131355
1550087790 46.3417381689 201902131356
1550087850 52.0198406740 201902131357
1550087910 52.1243898629 201902131358
1550087970 52.1099692852 201902131359
1550088030 51.6845622403 201902131400
1550088090 51.6214722125 201902131401
1550088150 51.6322876458 201902131402
1550088210 51.1528034343 201902131403
1550088270 51.8594117460 201902131404
1550088330 52.0811281296 201902131405
1550088351 51.9621583628 201902131405
1550088411 51.6611288014 201902131406
1550088471 52.0018149517 201902131407
1550088531 52.1442181574 201902131408
1550088591 51.8485963127 201902131409
1550088651 51.7728882793 201902131410
1550088711 -0.0114065665 201902131411
1550088771 51.9801840850 201902131412
1550088831 52.5678226300 201902131413
1550088891 51.9405274961 201902131414
1550088951 52.3262779520 201902131415
1550088972 51.6881673848 201902131416
1550089032 52.0811281296 201902131417
1550089092 51.9639609350 201902131418
1550089152 51.7855062849 201902131419
1550089212 52.1135744296 201902131420
1550089272 52.0126303851 201902131421
1550089332 52.3406985298 201902131422
1550089392 51.9891969462 201902131423
1550089452 51.7873088571 201902131424
1550089512 51.6485107959 201902131425
1550089572 51.9549480739 201902131426
1550089592 51.4556355679 201902131426
1550089652 51.5511718958 201902131427
1550089712 51.3907429679 201902131428
1550089772 51.5872233402 201902131429
1550089832 51.3979532567 201902131430
1550089892 51.4087686901 201902131431
1550089952 51.7728882793 201902131432
1550090012 50.5777828949 201902131433
1550090072 51.5962362014 201902131434
1550090132 52.1045615685 201902131435
1550090192 51.9170940572 201902131436
1550090212 52.2415570575 201902131436
1550090272 52.1081667129 201902131437
1550090332 51.6557210848 201902131438
1550090392 51.4934895846 201902131439
1550090452 51.6773519514 201902131440
1550090512 51.6575236570 201902131441
1550090572 51.7692831349 201902131442
1550090632 51.4826741513 201902131443
1550090692 52.0973512796 201902131444
1550090752 51.8666220349 201902131445
1550090812 52.2613853520 201902131446
1550091083 52.2379519130 201902131451
1550091143 51.9044760516 201902131452
1550091203 51.9441326406 201902131453
1550091263 52.6020715023 201902131454
1550091323 52.1730593130 201902131455
1550091383 51.8467937405 201902131456
1550091443 52.0162355295 201902131457
1550091452 51.7728882793 201902131457
1550091512 52.1189821463 201902131458
1550091572 51.6052490625 201902131459
1550091632 51.8287680182 201902131500
1550091692 52.3425011020 201902131501
1550091752 52.3893679798 201902131502
1550091812 51.0554645342 201902131503
1550091872 52.2271364797 201902131504
1550091932 52.0414715406 201902131505
1550091992 52.0414715406 201902131506
1550092052 51.9044760516 201902131507
1550092071 51.5818156236 201902131507
1550092131 52.0522869740 201902131508
1550092191 51.8774374683 201902131509
1550092251 52.1604413074 201902131510
1550092311 50.7886838451 201902131511
1550092671 51.6917725292 201902131517
1550092709 51.6809570959 201902131518
1550092769 51.2825886344 201902131519
1550092829 52.1892824630 201902131520
1550092889 51.8576091738 201902131521
1550092949 51.5349487458 201902131522
1550093009 52.3298830965 201902131523
1550093069 51.0013873675 201902131524
1550093129 52.2055056130 201902131525
1550093189 52.0432741129 201902131526
1550093249 51.7764934237 201902131527
1550093309 52.5389814744 201902131528
1550093329 52.1838747463 201902131528
1550093389 51.6881673848 201902131529
1550093449 51.9928020906 201902131530
1550093509 51.9441326406 201902131531
1550093569 51.6971802459 201902131532
1550093629 51.3024169289 201902131533
1550093689 52.4650760132 201902131534
1550093749 52.3010419409 201902131535
1550093809 52.3515139631 201902131536
1550093869 51.0446491009 201902131537
1550093929 52.1460207296 201902131538
1550093947 51.6376953625 201902131539
1550094007 51.8990683350 201902131540
1550094067 52.3893679798 201902131541
1550094127 51.9369223517 201902131542
1550094187 51.6755493792 201902131543
1550094247 51.8089397238 201902131544
1550094307 51.3510863789 201902131545
1550094367 52.4236168521 201902131546
1550094427 50.5867957560 201902131547
1550094487 50.3308305002 201902131548
1550094547 50.6282549172 201902131549
1550094563 50.2695430446 201902131549
1550094623 50.4624182726 201902131550
1550094683 50.7796709840 201902131551
1550094743 50.2551224668 201902131552
1550094803 50.3416459336 201902131553
1550094863 50.3921179559 201902131554
1550094923 50.2713456169 201902131555
1550094983 50.3200150669 201902131556
1550095043 50.6607012172 201902131557
1550095103 50.4011308170 201902131558
1550095163 50.4660234170 201902131559
1550095181 50.5363237338 201902131559
1550095241 50.8842201730 201902131600
1550095301 50.6174394838 201902131601
1550095361 50.5813880394 201902131602
1550095421 50.6913449450 201902131603
1550095481 50.8121172840 201902131604
1550095541 51.0031899397 201902131605
1550095601 50.7454221117 201902131606
1550095661 50.3596716558 201902131607
1550095721 51.0067950842 201902131608
1550095781 50.7165809561 201902131609
1550095802 50.1794144334 201902131610
1550095862 50.8445635840 201902131611
1550095922 50.6570960728 201902131612
1550095982 50.9725462119 201902131613
1550096042 50.7021603784 201902131614
1550096102 50.9977822231 201902131615
1550096162 50.2064530168 201902131616
1550096222 50.3488562225 201902131617
1550096282 50.3416459336 201902131618
1550096342 50.8968381785 201902131619
1550096402 49.7035353664 201902131620
1550096423 50.9509153452 201902131620
1550096483 50.6318600616 201902131621
1550096543 50.2749507613 201902131622
1550096603 50.1920324390 201902131623
1550096663 50.4335771170 201902131624
1550096723 49.7540073886 201902131625
1550096783 50.9545204897 201902131626
1550096843 50.4714311337 201902131627
1550096903 51.0158079453 201902131628
1550096963 50.5128902949 201902131629
1550097023 49.8405308554 201902131630
1550097043 50.3524613669 201902131630
1550097103 50.7778684118 201902131631
1550097163 50.8697995952 201902131632
1550097223 49.8855951610 201902131633
1550097283 50.8734047396 201902131634
1550097343 49.7918614053 201902131635
1550097403 51.0788979731 201902131636
1550097463 50.4876542837 201902131637
1550097523 50.7508298284 201902131638
1550097583 50.9166664730 201902131639
1550097643 50.9581256341 201902131640
1550097665 50.8716021674 201902131641
1550097725 50.9166664730 201902131642
1550097785 50.1253372667 201902131643
1550097845 50.7508298284 201902131644
1550097905 51.2014728844 201902131645
1550097965 51.8125448682 201902131646
1550098025 51.8810426127 201902131647
1550098085 52.2091107575 201902131648
1550098145 51.9441326406 201902131649
1550098205 51.9819866573 201902131650
1550098265 51.8089397238 201902131651
1550098283 52.0667075518 201902131651
1550098343 52.0522869740 201902131652
1550098403 52.0018149517 201902131653
1550098463 51.8431885960 201902131654
1550098523 52.3244753798 201902131655
1550098583 52.0090252406 201902131656
1550098643 51.5583821847 201902131657
1550098703 51.8305705905 201902131658
1550098763 51.7224162570 201902131659
1550098823 52.2199261908 201902131700
1550098883 51.9243043461 201902131701
1550098904 51.9891969462 201902131701
1550098964 51.6755493792 201902131702
1550099024 51.7855062849 201902131703
1550099084 51.9729737961 201902131704
1550099144 51.7981242904 201902131705
1550099204 51.9873943739 201902131706
1550099264 52.0504844018 201902131707
1550099324 51.8954631905 201902131708
1550099384 51.9441326406 201902131709
1550099444 51.1510008621 201902131710
1550099504 51.5475667513 201902131711
1550099524 51.2537474788 201902131712
1550099584 51.8540040294 201902131713
1550099644 50.7003578061 201902131714
1550099704 51.3781249623 201902131715
1550099764 51.0302285231 201902131716
1550099824 51.4231892679 201902131717
1550099884 49.3772697938 201902131718
1550099944 51.3078246456 201902131719
1550100004 51.1329751398 201902131720
1550100064 50.6859372283 201902131721
1550100124 51.7368368348 201902131722
1550100143 51.4159789790 201902131722
1550100203 51.3348632289 201902131723
1550100263 51.2213011788 201902131724
1550100323 51.3799275345 201902131725
1550100383 50.7544349728 201902131726
1550100443 51.0987262676 201902131727
1550100503 50.7706581229 201902131728
1550100563 51.4718587179 201902131729
1550100623 51.5187255957 201902131730
1550100683 51.1311725676 201902131731
1550100743 51.3186400789 201902131732
1550100763 50.8175250007 201902131732
1550100823 51.1095417009 201902131733
1550100883 50.8445635840 201902131734
1550100943 51.0230182342 201902131735
1550101003 51.4646484290 201902131736
1550101063 51.7440471237 201902131737
1550101123 50.9671384953 201902131738
1550101183 51.6719442348 201902131739
1550101243 52.2505699186 201902131740
1550101303 51.8522014571 201902131741
1550101363 51.9946046628 201902131742
1550101387 51.7530599848 201902131743
1550101447 51.3619018123 201902131744
1550101507 51.9351197794 201902131745
1550101567 51.6160644958 201902131746
1550101627 51.8305705905 201902131747
1550101687 52.0793255574 201902131748
1550101747 52.2019004686 201902131749
1550101807 51.7278239737 201902131750
1550101867 51.4862792957 201902131751
1550101927 51.8017294349 201902131752
1550101987 52.0396689684 201902131753
1550102006 51.6557210848 201902131753
1550102066 51.4538329957 201902131754
1550102126 51.4934895846 201902131755
1550102186 51.8666220349 201902131756
1550102246 51.3402709456 201902131757
1550102306 51.5890259125 201902131758
1550102366 51.5872233402 201902131759
1550102426 51.1510008621 201902131800
1550102486 51.6557210848 201902131801
1550102546 51.4700561457 201902131802
1550102606 51.5006998735 201902131803
1550102627 51.0662799676 201902131803
1550102687 51.0049925120 201902131804
1550102747 50.5615597449 201902131805
1550102807 51.1852497343 201902131806
1550102867 51.4159789790 201902131807
1550102927 51.5565796124 201902131808
1550102987 51.3006143567 201902131809
1550103047 50.8481687285 201902131810
1550103107 51.5043050180 201902131811
1550103167 51.0248208064 201902131812
1550103227 51.2303140399 201902131813
1550103245 51.4610432846 201902131814
1550103305 50.6877398006 201902131815
1550103365 51.6971802459 201902131816
1550103425 51.4916870124 201902131817
1550103485 51.4069661179 201902131818
1550103545 51.2393269011 201902131819
1550103605 51.0536619620 201902131820
1550103665 51.7927165738 201902131821
1550103725 51.4195841234 201902131822
1550103785 50.8878253174 201902131823
1550103845 51.3853352512 201902131824
1550103862 51.7945191460 201902131824
1550103922 51.0734902565 201902131825
1550103982 51.4628458568 201902131826
1550104042 51.5511718958 201902131827
1550104102 51.3060220733 201902131828
1550104162 50.8607867341 201902131829
1550104222 51.2952066400 201902131830
1550104282 51.0770954009 201902131831
1550104342 51.6232747847 201902131832
1550104402 51.0752928287 201902131833
1550104462 51.5637899013 201902131834
1550104484 51.7674805626 201902131834
1550104544 50.9419024841 201902131835
1550104604 51.3637043845 201902131836
1550104664 51.1600137232 201902131837
1550104724 50.9166664730 201902131838
1550104784 51.2321166122 201902131839
1550104844 51.3835326790 201902131840
1550104904 51.6665365181 201902131841
1550104964 50.7472246840 201902131842
1550105024 51.4700561457 201902131843
1550105084 51.0122028009 201902131844
1550105103 51.3132323622 201902131845
1550105163 51.6593262292 201902131846
1550105223 51.2609577677 201902131847
1550105283 51.5097127346 201902131848
1550105343 50.9274819063 201902131849
1550105403 51.2591551955 201902131850
1550105463 51.3312580845 201902131851
1550105523 50.9256793341 201902131852
1550105583 51.4880818679 201902131853
1550105643 51.4520304235 201902131854
1550105703 51.0031899397 201902131855
1550105721 51.3763223901 201902131855
1550105781 51.0031899397 201902131856
1550105841 51.4610432846 201902131857
1550105901 51.4592407124 201902131858
1550105961 50.8103147118 201902131859
1550106021 51.6593262292 201902131900
1550106081 51.5169230235 201902131901
1550106141 51.4340047012 201902131902
1550106201 50.9671384953 201902131903
1550106261 51.4718587179 201902131904
1550106321 51.7710857071 201902131905
1550106340 50.8229327174 201902131905
1550106400 51.0969236954 201902131906
1550106460 51.4898844402 201902131907
1550106520 50.7544349728 201902131908
1550106580 51.3132323622 201902131909
1550106640 51.2411294733 201902131910
1550106700 50.7508298284 201902131911
1550106760 51.3312580845 201902131912
1550106820 50.9112587563 201902131913
1550106880 51.6124593514 201902131914
1550106940 51.2176960344 201902131915
1550106961 51.3943481123 201902131916
1550107021 50.9689410675 201902131917
1550107081 51.6088542069 201902131918
1550107141 51.2916014955 201902131919
1550107201 51.4484252790 201902131920
1550107261 51.4430175623 201902131921
1550107321 51.2591551955 201902131922
1550107381 51.5403564624 201902131923
1550107441 51.2753783455 201902131924
1550107501 51.4015584012 201902131925
1550107561 51.1275674232 201902131926
1550107580 51.6449056514 201902131926
1550107640 51.6268799292 201902131927
1550107700 51.5043050180 201902131928
1550107760 51.7007853903 201902131929
1550107820 51.8341757349 201902131930
1550107880 51.8413860238 201902131931
1550107940 51.8305705905 201902131932
1550108000 51.2970092122 201902131933
1550108060 51.0356362398 201902131934
1550108120 51.8089397238 201902131935
1550108180 51.6611288014 201902131936
1550108198 51.2519449066 201902131936
1550108258 51.3510863789 201902131937
1550108318 50.8499713007 201902131938
1550108378 51.4249918401 201902131939
1550108438 51.1636188677 201902131940
1550108498 51.2357217566 201902131941
1550108558 51.4628458568 201902131942
1550108618 51.5998413458 201902131943
1550108678 51.1960651677 201902131944
1550108738 51.7116008237 201902131945
1550108798 51.4682535735 201902131946
1550108817 51.8143474404 201902131946
1550108877 51.4862792957 201902131947
1550108937 51.1636188677 201902131948
1550108997 51.1996703121 201902131949
1550109057 50.9148639008 201902131950
1550109117 50.9653359230 201902131951
1550109177 50.8157224285 201902131952
1550109237 51.1041339843 201902131953
1550109297 51.4970947291 201902131954
1550109357 51.3835326790 201902131955
1550109417 51.8900554738 201902131956
1550109435 51.6737468070 201902131957
1550109495 51.3907429679 201902131958
1550109555 50.6552935005 201902131959
1550109615 51.4213866957 201902132000
1550109675 51.3582966678 201902132001
1550109735 51.5115153068 201902132002
1550109795 51.1672240121 201902132003
1550109855 51.4826741513 201902132004
1550109915 50.8697995952 201902132005
1550109975 51.3438760900 201902132006
1550110035 51.3006143567 201902132007
1550110054 51.2897989233 201902132007
1550110114 51.5619873291 201902132008
1550110174 51.4556355679 201902132009
1550110234 51.5728027625 201902132010
1550110294 50.8445635840 201902132011
1550110354 51.4249918401 201902132012
1550110414 51.4934895846 201902132013
1550110474 51.2861937789 201902132014
1550110534 51.0554645342 201902132015
1550110594 51.0266233786 201902132016
1550110654 51.3330606567 201902132017
1550110674 51.5890259125 201902132017
1550110734 51.3402709456 201902132018
1550110794 50.6246497727 201902132019
1550110854 51.6827596681 201902132020
1550110914 51.5295410291 201902132021
1550110974 51.0734902565 201902132022
1550111034 51.2609577677 201902132023
1550111094 51.3132323622 201902132024
1550111154 51.7188111126 201902132025
1550111214 51.0212156620 201902132026
1550111274 51.4556355679 201902132027
1550111294 51.2158934621 201902132028
1550111354 51.5439616069 201902132029
1550111414 50.6120317672 201902132030
1550111474 51.5764079069 201902132031
1550111534 51.2249063233 201902132032
1550111594 51.6953776737 201902132033
1550111654 51.8233603016 201902132034
1550111714 51.1546060065 201902132035
1550111774 51.4844767235 201902132036
1550111834 50.9130613285 201902132037
1550111894 51.5187255957 201902132038
1550111913 51.5313436013 201902132038
1550111973 51.1852497343 201902132039
1550112033 51.4934895846 201902132040
1550112093 51.2681680566 201902132041
1550112153 51.1185545621 201902132042
1550112213 51.3168375067 201902132043
1550112273 51.6953776737 201902132044
1550112333 51.4177815512 201902132045
1550112393 51.2339191844 201902132046
1550112453 51.4285969846 201902132047
1550112513 50.8157224285 201902132048
1550112534 51.6773519514 201902132048
1550112594 51.4394124179 201902132049
1550112654 50.2965816280 201902132050
1550112714 51.4772664346 201902132051
1550112774 51.4538329957 201902132052
1550112834 51.3961506845 201902132053
1550112894 51.1924600232 201902132054
1550112954 51.3781249623 201902132055
1550113014 51.7350342626 201902132056
1550113074 51.2032754566 201902132057
1550113134 51.4556355679 201902132058
1550113154 51.4574381401 201902132059
1550113214 51.5746053347 201902132100
1550113274 51.3096272178 201902132101
1550113334 51.3492838067 201902132102
1550113394 51.3294555122 201902132103
1550113454 50.8950356063 201902132104
1550113514 51.2573526233 201902132105
1550113574 51.5547770402 201902132106
1550113634 51.6413005070 201902132107
1550113694 51.4430175623 201902132108
1550113754 51.4159789790 201902132109
1550113780 51.5493693235 201902132109
1550113840 51.5097127346 201902132110
1550113900 51.8287680182 201902132111
1550113960 51.2339191844 201902132112
1550114020 51.2465371899 201902132113
1550114080 51.4430175623 201902132114
1550114140 50.9941770786 201902132115
1550114200 51.3042195011 201902132116
1550114260 51.7873088571 201902132117
1550114320 50.9094561841 201902132118
1550114380 51.5511718958 201902132119
1550114398 51.3330606567 201902132119
1550114458 50.6985552339 201902132120
1550114518 51.2122883177 201902132121
1550114578 51.4285969846 201902132122
1550114638 51.1924600232 201902132123
1550114698 51.5079101624 201902132124
1550114758 51.0482542453 201902132125
1550114818 51.0807005454 201902132126
1550114878 51.5547770402 201902132127
1550114938 51.6124593514 201902132128
1550114998 51.3853352512 201902132129
1550115017 51.2068806010 201902132130
1550115077 51.6340902181 201902132131
1550115137 51.5169230235 201902132132
1550115197 51.5313436013 201902132133
1550115257 51.0356362398 201902132134
1550115317 51.0734902565 201902132135
1550115377 51.1852497343 201902132136
1550115437 51.5385538902 201902132137
1550115497 51.3204426511 201902132138
1550115557 51.2681680566 201902132139
1550115617 51.2393269011 201902132140
1550115648 51.8684246072 201902132140
1550115708 51.2285114677 201902132141
1550115768 51.7061931070 201902132142
1550115828 50.8914304619 201902132143
1550115888 51.6845622403 201902132144
1550115948 51.6304850736 201902132145
1550116008 51.6881673848 201902132146
1550116068 50.7003578061 201902132147
1550116128 51.0879108343 201902132148
1550116188 51.0879108343 201902132149
1550116248 50.9653359230 201902132150
1550116266 51.1870523066 201902132151
1550116326 51.4916870124 201902132152
1550116386 51.3222452233 201902132153
1550116446 51.5673950458 201902132154
1550116506 51.3456786623 201902132155
1550116566 51.5097127346 201902132156
1550116626 51.4538329957 201902132157
1550116686 50.7742632673 201902132158
1550116746 51.3042195011 201902132159
1550116806 51.5493693235 201902132200
1550116866 51.2501423344 201902132201
1550116885 51.1618162954 201902132201
1550116945 50.5471391671 201902132202
1550117005 50.5471391671 201902132203
1550117065 51.2573526233 201902132204
1550117125 50.9437050563 201902132205
1550117185 51.1473957176 201902132206
1550117245 51.1113442732 201902132207
1550117305 51.0843056898 201902132208
1550117365 51.3997558290 201902132209
1550117425 51.5385538902 201902132210
1550117485 51.2843912066 201902132211
1550117520 51.7404419793 201902132212
1550117580 51.5151204513 201902132213
1550117640 51.3438760900 201902132214
1550117700 51.2194986066 201902132215
1550117760 51.0969236954 201902132216
1550117820 51.2050780288 201902132217
1550117880 51.2573526233 201902132218
1550117940 50.8824176007 201902132219
1550118000 51.3294555122 201902132220
1550118060 51.0879108343 201902132221
1550118120 50.9761513564 201902132222
1550118142 51.0194130897 201902132222
1550118202 50.8824176007 201902132223
1550118262 51.3961506845 201902132224
1550118322 51.1095417009 201902132225
1550118382 51.0698851120 201902132226
1550118442 50.8427610118 201902132227
1550118502 50.7418169673 201902132228
1550118562 51.1365802843 201902132229
1550118622 50.9040484674 201902132230
1550118682 50.8013018507 201902132231
1550118742 50.5723751782 201902132232
1550118763 51.1401854287 201902132232
1550118823 50.9941770786 201902132233
1550118883 50.9364947675 201902132234
1550118943 51.4322021290 201902132235
1550119003 50.8463661563 201902132236
1550119063 50.7382118228 201902132237
1550119123 51.3997558290 201902132238
1550119183 51.4177815512 201902132239
1550119243 50.5976111894 201902132240
1550119303 50.5399288782 201902132241
1550119363 51.1059365565 201902132242
1550119380 51.1942625955 201902132243
1550119440 50.9851642175 201902132244
1550119500 50.9851642175 201902132245
1550119560 51.0752928287 201902132246
1550119620 50.7364092506 201902132247
1550119680 51.0951211231 201902132248
1550119740 51.1455931454 201902132249
1550119800 51.6845622403 201902132250
1550119860 50.5056800060 201902132251
1550119920 50.9473102008 201902132252
1550119980 51.1672240121 201902132253
1550120002 50.5056800060 201902132253
1550120062 50.6156369116 201902132254
1550120122 0.0012114391 201902132255
1550120182 50.8229327174 201902132256
1550120242 51.1005288398 201902132257
1550120302 51.2339191844 201902132258
1550120362 50.7778684118 201902132259
1550120422 50.6787269394 201902132300
1550120482 50.9671384953 201902132301
1550120542 50.9977822231 201902132302
1550120602 51.0951211231 201902132303
1550120622 51.0158079453 201902132303
1550120682 50.7724606951 201902132304
1550120742 50.8283404340 201902132305
1550120802 50.2497147502 201902132306
1550120862 51.2267088955 201902132307
1550120922 51.0013873675 201902132308
1550120982 51.1798420177 201902132309
1550121042 50.8607867341 201902132310
1550121102 50.9599282064 201902132311
1550121162 50.7364092506 201902132312
1550121222 50.9437050563 201902132313
1550121245 51.3222452233 201902132314
1550121305 50.5579546004 201902132315
1550121365 51.3817301067 201902132316
1550121425 50.6498857839 201902132317
1550121485 51.0338336675 201902132318
1550121545 51.0554645342 201902132319
1550121605 51.2213011788 201902132320
1550121665 50.7111732395 201902132321
1550121725 51.4664510013 201902132322
1550121785 50.4876542837 201902132323
1550121845 51.2663654844 201902132324
1550121869 51.1491982899 201902132324
1550121929 51.0951211231 201902132325
1550121989 50.6264523450 201902132326
1550122049 51.1744343010 201902132327
1550122109 51.0374388120 201902132328
1550122169 51.2663654844 201902132329
1550122229 51.1023314120 201902132330
1550122289 51.1041339843 201902132331
1550122349 51.3276529400 201902132332
1550122409 51.2879963511 201902132333
1550122469 50.7634478340 201902132334
1550122491 51.2627603400 201902132334
1550122551 51.1185545621 201902132335
1550122611 50.5363237338 201902132336
1550122671 51.1690265843 201902132337
1550122731 50.8373532951 201902132338
1550122791 51.0608722509 201902132339
1550122851 50.8625893063 201902132340
1550122911 50.6715166505 201902132341
1550122971 50.9058510396 201902132342
1550123031 51.2339191844 201902132343
1550123091 51.0752928287 201902132344
