1550901539 -1.0000000000 2019022223587
1550901595 51.2699706289 201902222359
1550901655 51.6539185125 201902230000
1550901715 51.1293699954 201902230001
1550901775 51.3006143567 201902230002
1550901835 51.4394124179 201902230003
1550901895 51.5259358846 201902230004
1550901955 51.3492838067 201902230005
1550902015 50.8860227452 201902230006
1550902075 51.0987262676 201902230007
1550902135 51.7278239737 201902230008
1550902145 51.4808715790 201902230009
1550902205 51.3600992400 201902230010
1550902265 51.7260214015 201902230011
1550902325 51.7566651293 201902230012
1550902385 51.2357217566 201902230013
1550902445 51.6268799292 201902230014
1550902505 51.2681680566 201902230015
1550902565 50.9238767619 201902230016
1550902625 51.5511718958 201902230017
1550902685 51.4087686901 201902230018
1550902745 51.5746053347 201902230019
1550902759 51.1455931454 201902230019
1550902819 51.0230182342 201902230020
1550902879 51.3384683734 201902230021
1550902939 50.9148639008 201902230022
1550902999 51.4159789790 201902230023
1550903059 51.1690265843 201902230024
1550903119 51.4556355679 201902230025
1550903179 51.1059365565 201902230026
1550903239 50.8409584396 201902230027
1550903299 50.7237912450 201902230028
1550903359 50.9509153452 201902230029
1550903377 51.5601847569 201902230029
1550903437 51.2807860622 201902230030
1550903497 50.9563230619 201902230031
1550903557 51.1996703121 201902230032
1550903617 50.8067095673 201902230033
1550903677 51.7404419793 201902230034
1550903737 50.3362382169 201902230035
1550903797 51.0410439564 201902230036
1550903857 50.7057655228 201902230037
1550903917 51.0392413842 201902230038
1550903977 51.6881673848 201902230039
1550903993 51.2231037510 201902230039
1550904053 51.3312580845 201902230040
1550904113 51.3456786623 201902230041
1550904173 51.0933185509 201902230042
1550904233 51.1816445899 201902230043
1550904293 51.6088542069 201902230044
1550904353 50.8950356063 201902230045
1550904413 51.2501423344 201902230046
1550904473 51.3456786623 201902230047
1550904533 50.8031044229 201902230048
1550904593 51.2879963511 201902230049
1550904608 51.0104002286 201902230050
1550904668 51.5097127346 201902230051
1550904728 51.3582966678 201902230052
1550904788 51.0788979731 201902230053
1550904848 51.1762368732 201902230054
1550904908 51.0194130897 201902230055
1550904968 51.6250773569 201902230056
1550905028 51.4394124179 201902230057
1550905088 51.3096272178 201902230058
1550905148 51.6034464903 201902230059
1550905208 51.2339191844 201902230100
1550905222 51.5998413458 201902230100
1550905282 51.8233603016 201902230101
1550905342 51.0716876842 201902230102
1550905402 51.3222452233 201902230103
1550905462 51.3925455401 201902230104
1550905522 51.0464516731 201902230105
1550905582 51.3402709456 201902230106
1550905642 51.1329751398 201902230107
1550905702 51.4736612901 201902230108
1550905762 51.0464516731 201902230109
1550905822 51.3691121012 201902230110
1550905836 50.9148639008 201902230110
1550905896 51.3474812345 201902230111
1550905956 51.6358927903 201902230112
1550906016 51.3709146734 201902230113
1550906076 51.6827596681 201902230114
1550906136 51.5944336291 201902230115
1550906196 51.6881673848 201902230116
1550906256 50.7490272562 201902230117
1550906316 50.8337481507 201902230118
1550906376 51.3312580845 201902230119
1550906436 51.2321166122 201902230120
1550906449 50.9382973397 201902230120
1550906509 51.4231892679 201902230121
1550906569 51.5223307402 201902230122
1550906629 51.1618162954 201902230123
1550906689 51.0500568176 201902230124
1550906749 51.3546915234 201902230125
1550906809 51.1600137232 201902230126
1550906869 51.6016439180 201902230127
1550906929 51.5439616069 201902230128
1550906989 51.3763223901 201902230129
1550907049 51.4394124179 201902230130
1550907064 51.2717732011 201902230131
1550907124 51.3637043845 201902230132
1550907184 50.7382118228 201902230133
1550907244 51.2231037510 201902230134
1550907304 50.8679970229 201902230135
1550907364 50.9400999119 201902230136
1550907424 51.3781249623 201902230137
1550907484 51.0410439564 201902230138
1550907544 51.5385538902 201902230139
1550907604 51.3078246456 201902230140
1550907664 51.3276529400 201902230141
1550907682 51.2519449066 201902230141
1550907742 51.0590696787 201902230142
1550907802 51.7152059681 201902230143
1550907862 50.9509153452 201902230144
1550907922 51.6467082236 201902230145
1550907982 51.2771809178 201902230146
1550908042 50.7562375451 201902230147
1550908102 51.0861082620 201902230148
1550908162 51.5043050180 201902230149
1550908222 50.6354652061 201902230150
1550908282 51.7800985682 201902230151
1550908295 51.4466227068 201902230151
1550908355 51.3294555122 201902230152
1550908415 51.1437905732 201902230153
1550908475 51.3006143567 201902230154
1550908535 50.6769243672 201902230155
1550908595 50.9455076286 201902230156
1550908655 50.6300574894 201902230157
1550908715 51.2483397622 201902230158
1550908775 51.3763223901 201902230159
1550908835 51.4340047012 201902230200
1550908895 50.9455076286 201902230201
1550908908 51.6394979347 201902230201
1550908968 50.8247352896 201902230202
1550909028 51.2267088955 201902230203
1550909088 50.9022458952 201902230204
1550909148 51.0482542453 201902230205
1550909208 51.1996703121 201902230206
1550909268 51.6214722125 201902230207
1550909328 51.1185545621 201902230208
1550909388 51.0734902565 201902230209
1550909448 51.2988117844 201902230210
1550909508 50.8427610118 201902230211
1550909522 51.2303140399 201902230212
1550909582 51.4538329957 201902230213
1550909642 51.2807860622 201902230214
1550909702 51.8287680182 201902230215
1550909762 50.9797565008 201902230216
1550909822 51.1762368732 201902230217
1550909882 51.5673950458 201902230218
1550909942 51.5295410291 201902230219
1550910002 50.8860227452 201902230220
1550910062 51.5818156236 201902230221
1550910122 51.2086831732 201902230222
1550910137 51.0266233786 201902230222
1550910197 51.1239622787 201902230223
1550910257 51.5962362014 201902230224
1550910317 51.4970947291 201902230225
1550910377 50.9977822231 201902230226
1550910437 50.9599282064 201902230227
1550910497 51.5151204513 201902230228
1550910557 50.8463661563 201902230229
1550910617 51.5331461735 201902230230
1550910677 50.9635333508 201902230231
1550910737 51.0788979731 201902230232
1550910754 51.1852497343 201902230232
1550910814 51.3709146734 201902230233
1550910874 51.7981242904 201902230234
1550910934 51.3925455401 201902230235
1550910994 50.7580401173 201902230236
1550911054 51.5908284847 201902230237
1550911114 51.5998413458 201902230238
1550911174 51.2897989233 201902230239
1550911234 51.5511718958 201902230240
1550911294 51.2609577677 201902230241
1550911354 51.9152914850 201902230242
1550911369 51.2663654844 201902230242
1550911429 50.8607867341 201902230243
1550911489 49.4998447051 201902230244
1550911549 51.1095417009 201902230245
1550911609 51.1960651677 201902230246
1550911669 50.7255938173 201902230247
1550911729 51.1113442732 201902230248
1550911789 51.1942625955 201902230249
1550911849 51.2158934621 201902230250
1550911909 51.2194986066 201902230251
1550911969 51.3078246456 201902230252
1550911984 51.5746053347 201902230253
1550912044 51.0572671064 201902230254
1550912104 51.0356362398 201902230255
1550912164 51.3835326790 201902230256
1550912224 50.6408729227 201902230257
1550912284 50.8986407508 201902230258
1550912293 51.0716876842 201902230258
1550912353 51.6755493792 201902230259
1550912413 50.7400143951 201902230300
1550912473 51.0662799676 201902230301
1550912533 51.5421590347 201902230302
1550912593 51.2771809178 201902230303
1550912653 50.8571815896 201902230304
1550912713 51.2140908899 201902230305
1550912773 51.2375243288 201902230306
1550912833 51.3042195011 201902230307
1550912893 51.1546060065 201902230308
1550912953 51.4898844402 201902230309
1550913013 51.3709146734 201902230310
1550913073 51.4700561457 201902230311
1550913133 50.9833616453 201902230312
1550913193 51.0374388120 201902230313
1550913222 51.4466227068 201902230313
1550913282 49.5989861774 201902230314
1550913342 51.6593262292 201902230315
1550913402 51.4718587179 201902230316
1550913462 51.1510008621 201902230317
1550913522 51.5637899013 201902230318
1550913582 51.2663654844 201902230319
1550913642 51.5764079069 201902230320
1550913702 51.1077391287 201902230321
1550913762 51.0554645342 201902230322
1550913822 51.0698851120 201902230323
1550913837 51.5637899013 201902230323
1550913897 51.3835326790 201902230324
1550913957 51.5475667513 201902230325
1550914017 51.2807860622 201902230326
1550914077 50.7904864173 201902230327
1550914137 50.9527179175 201902230328
1550914197 51.2483397622 201902230329
1550914257 51.2231037510 201902230330
1550914317 51.0734902565 201902230331
1550914377 51.0320310953 201902230332
1550914437 51.3492838067 201902230333
1550914451 51.2375243288 201902230334
1550914511 51.0861082620 201902230335
1550914571 51.1888548788 201902230336
1550914631 51.1005288398 201902230337
1550914691 50.8499713007 201902230338
1550914751 51.3871378234 201902230339
1550914811 50.7147783839 201902230340
1550914871 51.6737468070 201902230341
1550914931 50.6967526617 201902230342
1550914991 51.7097982515 201902230343
1550915051 50.8427610118 201902230344
1550915066 51.6485107959 201902230344
1550915126 51.5583821847 201902230345
1550915186 50.5255083004 201902230346
1550915246 51.3600992400 201902230347
1550915306 51.3168375067 201902230348
1550915366 50.7147783839 201902230349
1550915426 51.3871378234 201902230350
1550915486 51.5926310569 201902230351
1550915546 51.2573526233 201902230352
1550915606 51.7007853903 201902230353
1550915666 51.4628458568 201902230354
1550915679 51.1275674232 201902230354
1550915739 51.3114297900 201902230355
1550915799 51.3997558290 201902230356
1550915859 50.8265378618 201902230357
1550915919 50.8950356063 201902230358
1550915979 51.2014728844 201902230359
1550916039 51.1383828565 201902230400
1550916099 51.3546915234 201902230401
1550916159 51.4303995568 201902230402
1550916219 51.3799275345 201902230403
1550916279 51.1528034343 201902230404
1550916293 51.4358072734 201902230404
1550916353 51.5277384569 201902230405
1550916413 50.6733192228 201902230406
1550916473 51.1167519898 201902230407
1550916533 50.9725462119 201902230408
1550916593 51.4033609734 201902230409
1550916653 49.7576125331 201902230410
1550916713 50.8265378618 201902230411
1550916773 51.6358927903 201902230412
1550916833 50.8337481507 201902230413
1550916893 51.0518593898 201902230414
1550916910 51.3456786623 201902230415
1550916970 50.9995847953 201902230416
1550917030 50.9437050563 201902230417
1550917090 51.2357217566 201902230418
1550917150 50.8878253174 201902230419
1550917210 50.8373532951 201902230420
1550917270 51.3655069567 201902230421
1550917330 51.4718587179 201902230422
1550917390 51.0338336675 201902230423
1550917450 51.0464516731 201902230424
1550917510 51.3186400789 201902230425
1550917525 51.3781249623 201902230425
1550917585 50.3200150669 201902230426
1550917645 51.0356362398 201902230427
1550917705 51.3348632289 201902230428
1550917765 51.1455931454 201902230429
1550917825 49.3898877994 201902230430
1550917885 51.4105712623 201902230431
1550917945 50.8806150285 201902230432
1550918005 51.4682535735 201902230433
1550918065 50.8049069951 201902230434
1550918125 51.3979532567 201902230435
1550918139 51.4285969846 201902230435
1550918199 51.3781249623 201902230436
1550918259 51.3799275345 201902230437
1550918319 51.3619018123 201902230438
1550918379 51.1960651677 201902230439
1550918439 49.3916903716 201902230440
1550918499 51.7188111126 201902230441
1550918559 51.3564940956 201902230442
1550918619 51.4520304235 201902230443
1550918679 51.3835326790 201902230444
1550918739 51.3528889512 201902230445
1550918752 51.8161500127 201902230445
1550918812 50.9869667897 201902230446
1550918872 51.6899699570 201902230447
1550918932 50.9527179175 201902230448
1550918992 51.5151204513 201902230449
1550919052 51.2717732011 201902230450
1550919112 51.4916870124 201902230451
1550919172 50.7706581229 201902230452
1550919232 51.1618162954 201902230453
1550919292 51.1906574510 201902230454
1550919352 51.4898844402 201902230455
1550919424 51.5061075902 201902230457
1550919484 51.4448201346 201902230458
1550919544 50.9094561841 201902230459
1550919604 50.9274819063 201902230500
1550919664 51.0320310953 201902230501
1550919724 51.6376953625 201902230502
1550919784 51.5385538902 201902230503
1550919844 51.0410439564 201902230504
1550919904 50.6390703505 201902230505
1550919964 51.2843912066 201902230506
1550919981 49.3249951994 201902230506
1550920041 51.1167519898 201902230507
1550920101 50.8193275729 201902230508
1550920161 51.2122883177 201902230509
1550920221 51.1491982899 201902230510
1550920281 51.4754638624 201902230511
1550920341 50.5291134449 201902230512
1550920401 50.8860227452 201902230513
1550920461 51.1095417009 201902230514
1550920521 50.9004433230 201902230515
1550920581 51.3114297900 201902230516
1550920597 51.2879963511 201902230516
1550920657 51.8503988849 201902230517
1550920717 51.3835326790 201902230518
1550920777 50.7778684118 201902230519
1550920837 51.7296265459 201902230520
1550920897 52.1261924352 201902230521
1550920957 51.2267088955 201902230522
1550921017 50.9797565008 201902230523
1550921077 51.2789834900 201902230524
1550921137 50.9184690452 201902230525
1550921197 51.3889403956 201902230526
1550921212 51.4736612901 201902230526
1550921272 51.7350342626 201902230527
1550921332 51.1239622787 201902230528
1550921392 50.8968381785 201902230529
1550921452 51.1942625955 201902230530
1550921512 51.2194986066 201902230531
1550921572 51.4051635456 201902230532
1550921632 51.3853352512 201902230533
1550921692 51.0500568176 201902230534
1550921752 51.3276529400 201902230535
1550921812 51.3582966678 201902230536
1550921826 51.2068806010 201902230537
1550921886 51.2717732011 201902230538
1550921946 50.8229327174 201902230539
1550922006 51.0067950842 201902230540
1550922066 51.0248208064 201902230541
1550922126 51.5872233402 201902230542
1550922186 51.2465371899 201902230543
1550922246 51.0176105175 201902230544
1550922306 51.1816445899 201902230545
1550922366 50.5705726060 201902230546
1550922426 51.0464516731 201902230547
1550922441 50.6300574894 201902230547
1550922501 51.1816445899 201902230548
1550922561 50.9941770786 201902230549
1550922621 51.0428465287 201902230550
1550922681 51.0104002286 201902230551
1550922741 51.1888548788 201902230552
1550922801 50.4894568559 201902230553
1550922861 51.0158079453 201902230554
1550922921 51.3961506845 201902230555
1550922981 50.8607867341 201902230556
1550923041 51.0680825398 201902230557
1550923057 50.7165809561 201902230557
1550923117 51.2050780288 201902230558
1550923177 50.8481687285 201902230559
1550923237 51.0788979731 201902230600
1550923297 51.4862792957 201902230601
1550923357 51.1510008621 201902230602
1550923417 51.2465371899 201902230603
1550923477 51.0861082620 201902230604
1550923537 51.5655924736 201902230605
1550923597 51.3060220733 201902230606
1550923657 51.1329751398 201902230607
1550923674 51.0716876842 201902230607
1550923734 51.0770954009 201902230608
1550923794 49.4619906884 201902230609
1550923854 51.2879963511 201902230610
1550923914 51.4628458568 201902230611
1550923974 51.0140053731 201902230612
1550924034 51.0446491009 201902230613
1550924094 51.7368368348 201902230614
1550924154 51.2555500511 201902230615
1550924214 51.2285114677 201902230616
1550924274 50.8355507229 201902230617
1550924289 50.9220741897 201902230618
1550924349 51.4988973013 201902230619
1550924409 51.1726317288 201902230620
1550924469 51.5836181958 201902230621
1550924529 51.0969236954 201902230622
1550924589 51.3420735178 201902230623
1550924649 51.5421590347 201902230624
1550924709 51.3691121012 201902230625
1550924769 51.1960651677 201902230626
1550924829 51.1185545621 201902230627
1550924889 50.8067095673 201902230628
1550924902 51.5439616069 201902230628
1550924962 51.1365802843 201902230629
1550925022 51.0374388120 201902230630
1550925082 51.1960651677 201902230631
1550925142 51.3168375067 201902230632
1550925202 51.1113442732 201902230633
1550925262 49.1879997103 201902230634
1550925322 51.4322021290 201902230635
1550925382 50.9743487842 201902230636
1550925442 51.2176960344 201902230637
1550925502 51.0410439564 201902230638
1550925515 51.4105712623 201902230638
1550925575 51.4700561457 201902230639
1550925635 50.9437050563 201902230640
1550925695 51.2483397622 201902230641
1550925755 51.2988117844 201902230642
1550925815 51.0879108343 201902230643
1550925875 51.4267944123 201902230644
1550925935 51.0518593898 201902230645
1550925995 51.1564085788 201902230646
1550926055 51.2429320455 201902230647
1550926115 51.3528889512 201902230648
1550926130 51.2411294733 201902230648
1550926190 51.1996703121 201902230649
1550926250 51.2158934621 201902230650
1550926310 51.4322021290 201902230651
1550926370 51.2158934621 201902230652
1550926430 51.0284259509 201902230653
1550926490 51.2357217566 201902230654
1550926550 51.3330606567 201902230655
1550926610 51.3600992400 201902230656
1550926670 51.0770954009 201902230657
1550926730 50.0045649277 201902230658
1550926746 51.3114297900 201902230659
1550926806 51.4952921568 201902230700
1550926866 50.4389848337 201902230701
1550926926 51.2339191844 201902230702
1550926986 50.8625893063 201902230703
1550927046 51.2717732011 201902230704
1550927106 51.0590696787 201902230705
1550927166 51.3330606567 201902230706
1550927226 51.3006143567 201902230707
1550927286 51.1491982899 201902230708
1550927346 51.0770954009 201902230709
1550927360 51.1924600232 201902230709
1550927420 51.3456786623 201902230710
1550927480 51.3582966678 201902230711
1550927540 51.1906574510 201902230712
1550927600 51.1636188677 201902230713
1550927660 50.8752073118 201902230714
1550927720 51.4123738345 201902230715
1550927780 51.0230182342 201902230716
1550927840 50.9761513564 201902230717
1550927900 50.4714311337 201902230718
1550927960 50.8103147118 201902230719
1550927977 51.7332316904 201902230719
1550928037 51.7097982515 201902230720
1550928097 51.2339191844 201902230721
1550928157 51.2068806010 201902230722
1550928217 51.0176105175 201902230723
1550928277 51.6683390903 201902230724
1550928337 50.7003578061 201902230725
1550928397 51.5187255957 201902230726
1550928457 51.4970947291 201902230727
1550928517 51.1275674232 201902230728
1550928577 51.1852497343 201902230729
1550928591 51.0861082620 201902230729
1550928651 51.0212156620 201902230730
1550928711 50.9527179175 201902230731
1550928771 51.0392413842 201902230732
1550928831 51.2591551955 201902230733
1550928891 51.1996703121 201902230734
1550928951 51.0230182342 201902230735
1550929011 50.9328896230 201902230736
1550929071 50.7814735562 201902230737
1550929131 51.5439616069 201902230738
1550929191 51.0698851120 201902230739
1550929209 51.1564085788 201902230740
1550929269 51.7061931070 201902230741
1550929329 51.1383828565 201902230742
1550929389 50.8247352896 201902230743
1550929449 51.2140908899 201902230744
1550929509 50.9220741897 201902230745
1550929569 51.2699706289 201902230746
1550929629 51.1672240121 201902230747
1550929689 50.9220741897 201902230748
1550929749 50.9743487842 201902230749
1550929809 51.4159789790 201902230750
1550929824 50.7922889895 201902230750
1550929884 50.8842201730 201902230751
1550929944 50.9635333508 201902230752
1550930004 51.0590696787 201902230753
1550930064 51.1437905732 201902230754
1550930124 47.9910917537 201902230755
1550930184 51.5097127346 201902230756
1550930244 51.1257648510 201902230757
1550930304 50.1523758501 201902230758
1550930364 50.8427610118 201902230759
1550930424 51.5241333124 201902230800
1550930438 51.2663654844 201902230800
1550930498 51.3673095289 201902230801
1550930558 50.9220741897 201902230802
1550930618 50.9310870508 201902230803
1550930678 51.4123738345 201902230804
1550930738 51.3060220733 201902230805
1550930798 51.4015584012 201902230806
1550930858 51.2789834900 201902230807
1550930918 49.5070549940 201902230808
1550930978 50.6048214783 201902230809
1550931038 51.1600137232 201902230810
1550931051 51.0482542453 201902230810
1550931111 51.2645629122 201902230811
1550931171 51.2753783455 201902230812
1550931231 51.3078246456 201902230813
1550931291 50.9923745064 201902230814
1550931351 51.0085976564 201902230815
1550931411 51.3240477956 201902230816
1550931471 51.6394979347 201902230817
1550931531 51.0536619620 201902230818
1550931591 51.3925455401 201902230819
1550931651 51.2447346177 201902230820
1550931666 51.3438760900 201902230821
1550931726 51.6124593514 201902230822
1550931786 50.9058510396 201902230823
1550931846 51.6268799292 201902230824
1550931906 51.3637043845 201902230825
1550931966 51.0698851120 201902230826
1550932026 51.4033609734 201902230827
1550932086 51.1960651677 201902230828
1550932146 50.0784703889 201902230829
1550932206 51.2321166122 201902230830
1550932266 51.4015584012 201902230831
1550932281 51.4303995568 201902230831
1550932341 50.9545204897 201902230832
1550932401 51.3402709456 201902230833
1550932461 51.4177815512 201902230834
1550932521 51.2555500511 201902230835
1550932581 51.1167519898 201902230836
1550932641 50.8589841618 201902230837
1550932701 51.0572671064 201902230838
1550932761 51.5691976180 201902230839
1550932821 51.4105712623 201902230840
1550932881 51.1023314120 201902230841
1550932897 51.3997558290 201902230841
1550932957 51.3582966678 201902230842
1550933017 51.0951211231 201902230843
1550933077 51.2789834900 201902230844
1550933137 51.4520304235 201902230845
1550933197 51.6917725292 201902230846
1550933257 50.9274819063 201902230847
1550933317 51.4988973013 201902230848
1550933377 51.3060220733 201902230849
1550933437 51.1239622787 201902230850
1550933497 51.3330606567 201902230851
1550933510 51.4448201346 201902230851
1550933570 50.8661944507 201902230852
1550933630 51.1942625955 201902230853
1550933690 51.2285114677 201902230854
1550933750 51.1582111510 201902230855
1550933810 51.4394124179 201902230856
1550933870 51.1600137232 201902230857
1550933930 50.6841346561 201902230858
1550933990 51.3781249623 201902230859
1550934050 51.5637899013 201902230900
1550934110 51.7800985682 201902230901
1550934127 50.7940915618 201902230902
1550934187 50.5885983283 201902230903
1550934247 50.7328041062 201902230904
1550934307 51.4826741513 201902230905
1550934367 51.4628458568 201902230906
1550934427 51.2573526233 201902230907
1550934487 51.1005288398 201902230908
1550934547 51.7692831349 201902230909
1550934607 51.3186400789 201902230910
1550934667 51.1600137232 201902230911
1550934727 51.2861937789 201902230912
1550934742 51.0085976564 201902230912
1550934802 51.7692831349 201902230913
1550934862 51.2717732011 201902230914
1550934922 51.2429320455 201902230915
1550934982 51.0608722509 201902230916
1550935042 51.6989828181 201902230917
1550935102 51.1455931454 201902230918
1550935162 51.3150349345 201902230919
1550935222 51.4934895846 201902230920
1550935282 51.6449056514 201902230921
1550935342 51.2032754566 201902230922
1550935359 51.2086831732 201902230922
1550935419 51.1473957176 201902230923
1550935479 51.2555500511 201902230924
1550935539 51.2086831732 201902230925
1550935599 51.5962362014 201902230926
1550935659 51.6250773569 201902230927
1550935719 51.5223307402 201902230928
1550935779 51.5151204513 201902230929
1550935839 51.0482542453 201902230930
1550935899 51.6286825014 201902230931
1550935959 50.9779539286 201902230932
1550935975 50.9941770786 201902230932
1550936035 51.6088542069 201902230933
1550936095 51.8413860238 201902230934
1550936155 51.5295410291 201902230935
1550936215 50.7688555506 201902230936
1550936275 51.3564940956 201902230937
1550936335 51.6701416625 201902230938
1550936395 51.1780394454 201902230939
1550936455 51.2375243288 201902230940
1550936515 50.8589841618 201902230941
1550936575 50.9599282064 201902230942
1550936591 51.1798420177 201902230943
1550936651 51.6286825014 201902230944
1550936711 51.4430175623 201902230945
1550936771 51.2429320455 201902230946
1550936831 51.4285969846 201902230947
1550936891 51.5097127346 201902230948
1550936951 51.1401854287 201902230949
1550937011 51.3258503678 201902230950
1550937071 51.8035320071 201902230951
1550937131 51.7710857071 201902230952
1550937191 50.8175250007 201902230953
1550937209 51.5565796124 201902230953
1550937269 50.6823320839 201902230954
1550937329 51.4862792957 201902230955
1550937389 51.0248208064 201902230956
1550937449 51.0770954009 201902230957
1550937509 51.3078246456 201902230958
1550937569 51.2068806010 201902230959
1550937629 50.7237912450 201902231000
1550937689 50.5597571727 201902231001
1550937749 50.9058510396 201902231002
1550937809 51.0734902565 201902231003
1550937823 50.7147783839 201902231003
1550937883 51.3384683734 201902231004
1550937943 51.5872233402 201902231005
1550938003 51.5962362014 201902231006
1550938063 51.3943481123 201902231007
1550938123 51.6557210848 201902231008
1550938183 51.4015584012 201902231009
1550938243 51.4376098457 201902231010
1550938303 51.7602702737 201902231011
1550938363 51.1455931454 201902231012
1550938423 51.4808715790 201902231013
1550938441 50.9238767619 201902231014
1550938501 51.2807860622 201902231015
1550938561 50.2533198946 201902231016
1550938621 0.0048165835 201902231017
1550938681 50.6282549172 201902231018
1550938741 51.5097127346 201902231019
1550938801 51.6070516347 201902231020
1550938861 50.6084266227 201902231021
1550938921 51.2122883177 201902231022
1550938981 51.1401854287 201902231023
1550939041 51.7152059681 201902231024
1550939060 51.5872233402 201902231024
1550939120 51.5782104791 201902231025
1550939180 50.9058510396 201902231026
1550939240 51.5133178791 201902231027
1550939300 51.4646484290 201902231028
1550939360 51.6755493792 201902231029
1550939420 51.1221597065 201902231030
1550939480 51.0356362398 201902231031
1550939540 51.3150349345 201902231032
1550939600 51.1888548788 201902231033
1550939660 51.1365802843 201902231034
1550939676 51.4448201346 201902231034
1550939736 51.6268799292 201902231035
1550939796 51.4484252790 201902231036
1550939856 51.1636188677 201902231037
1550939916 51.6467082236 201902231038
1550939976 51.6160644958 201902231039
1550940036 51.3402709456 201902231040
1550940096 51.4880818679 201902231041
1550940156 51.1618162954 201902231042
1550940216 51.2140908899 201902231043
1550940276 51.4285969846 201902231044
1550940291 51.0807005454 201902231044
1550940351 50.7255938173 201902231045
1550940411 -0.0041962776 201902231046
1550940471 51.4862792957 201902231047
1550940531 51.1888548788 201902231048
1550940591 51.6322876458 201902231049
1550940651 51.6845622403 201902231050
1550940711 51.1293699954 201902231051
1550940771 50.9797565008 201902231052
1550940831 51.5782104791 201902231053
1550940891 51.0392413842 201902231054
1550940909 51.4466227068 201902231055
1550940969 51.3402709456 201902231056
1550941029 51.0626748231 201902231057
1550941089 51.2825886344 201902231058
1550941149 51.4646484290 201902231059
1550941209 51.5439616069 201902231100
1550941269 51.1023314120 201902231101
1550941329 51.0680825398 201902231102
1550941389 51.1744343010 201902231103
1550941449 51.3474812345 201902231104
1550941509 51.0031899397 201902231105
1550941525 51.1780394454 201902231105
1550941585 50.7760658395 201902231106
1550941645 50.5399288782 201902231107
1550941705 51.0752928287 201902231108
1550941765 51.1870523066 201902231109
1550941825 50.9851642175 201902231110
1550941885 51.3709146734 201902231111
1550941945 51.5115153068 201902231112
1550942005 51.5295410291 201902231113
1550942065 51.2916014955 201902231114
1550942125 50.6859372283 201902231115
1550942145 51.0825031176 201902231115
1550942205 51.6665365181 201902231116
1550942265 50.7508298284 201902231117
1550942325 51.5746053347 201902231118
1550942385 50.8806150285 201902231119
1550942445 51.2249063233 201902231120
1550942505 50.8049069951 201902231121
1550942565 51.4376098457 201902231122
1550942625 51.1600137232 201902231123
1550942685 51.1636188677 201902231124
1550942745 49.4601881161 201902231125
1550942759 51.5800130514 201902231125
1550942819 51.1528034343 201902231126
1550942879 50.7598426895 201902231127
1550942939 51.3330606567 201902231128
1550942999 51.6178670681 201902231129
1550943059 51.3474812345 201902231130
1550943119 51.8774374683 201902231131
1550943179 51.1744343010 201902231132
1550943239 51.4592407124 201902231133
1550943299 51.1708291565 201902231134
1550943359 50.8481687285 201902231135
1550943373 51.0915159787 201902231136
1550943433 51.3240477956 201902231137
1550943493 51.4484252790 201902231138
1550943553 51.2321166122 201902231139
1550943613 51.0554645342 201902231140
1550943673 51.3276529400 201902231141
1550943733 50.8770098841 201902231142
1550943793 51.2663654844 201902231143
1550943853 51.3637043845 201902231144
1550943913 49.6314324774 201902231145
1550943973 50.9455076286 201902231146
1550943987 51.3438760900 201902231146
1550944047 51.1924600232 201902231147
1550944107 50.9995847953 201902231148
1550944167 51.1419880010 201902231149
1550944227 51.7043905348 201902231150
1550944287 51.3294555122 201902231151
1550944347 51.4718587179 201902231152
1550944407 51.3348632289 201902231153
1550944467 51.2339191844 201902231154
1550944527 51.4610432846 201902231155
1550944587 51.3492838067 201902231156
1550944601 51.2050780288 201902231156
1550944661 51.0951211231 201902231157
1550944721 51.1852497343 201902231158
1550944781 50.5976111894 201902231159
1550944841 50.2226761668 201902231200
1550944901 51.1365802843 201902231201
1550944961 50.9094561841 201902231202
1550945021 51.2897989233 201902231203
1550945081 51.0230182342 201902231204
1550945141 51.2249063233 201902231205
1550945201 51.6178670681 201902231206
1550945216 51.4574381401 201902231206
1550945276 51.6899699570 201902231207
1550945336 51.5295410291 201902231208
1550945396 51.6106567792 201902231209
1550945456 51.1293699954 201902231210
1550945516 51.6070516347 201902231211
1550945576 51.0428465287 201902231212
1550945636 50.7075680950 201902231213
1550945696 51.7296265459 201902231214
1550945756 50.9527179175 201902231215
1550945816 50.8968381785 201902231216
1550945832 50.9563230619 201902231217
1550945892 51.5926310569 201902231218
1550945952 51.6322876458 201902231219
1550946012 51.0788979731 201902231220
1550946072 51.0067950842 201902231221
1550946132 51.7134033959 201902231222
1550946192 51.2014728844 201902231223
1550946252 51.8197551571 201902231224
1550946312 51.2591551955 201902231225
1550946372 51.1780394454 201902231226
1550946432 51.9315146350 201902231227
1550946447 51.8305705905 201902231227
1550946507 51.3474812345 201902231228
1550946567 50.7382118228 201902231229
1550946627 51.2843912066 201902231230
1550946687 51.0572671064 201902231231
1550946747 51.4123738345 201902231232
1550946807 51.2447346177 201902231233
1550946867 51.1257648510 201902231234
1550946927 50.7634478340 201902231235
1550946987 50.7165809561 201902231236
1550947047 51.5061075902 201902231237
1550947060 51.0680825398 201902231237
1550947120 52.0685101240 201902231238
1550947180 51.6034464903 201902231239
1550947240 52.0450766851 201902231240
1550947300 51.6340902181 201902231241
1550947360 51.6629313736 201902231242
1550947420 52.2163210464 201902231243
1550947480 52.2109133297 201902231244
1550947540 52.0558921184 201902231245
1550947600 52.0991538518 201902231246
1550947660 50.9581256341 201902231247
1550947674 51.5926310569 201902231247
1550947734 51.7458496959 201902231248
1550947794 51.4285969846 201902231249
1550947854 51.2952066400 201902231250
1550947914 51.4141764068 201902231251
1550947974 50.5182980115 201902231252
1550948034 52.4488528632 201902231253
1550948094 52.2866213631 201902231254
1550948154 52.1658490241 201902231255
1550948214 52.5227583244 201902231256
1550948274 52.6146895078 201902231257
1550948287 52.6453332356 201902231258
1550948347 0.0048165835 201902231259
1550948407 51.6629313736 201902231300
1550948467 51.4249918401 201902231301
1550948527 51.1293699954 201902231302
1550948587 51.4394124179 201902231303
1550948647 51.1095417009 201902231304
1550948707 51.2519449066 201902231305
1550948767 51.0915159787 201902231306
1550948827 51.6719442348 201902231307
1550948887 51.3943481123 201902231308
1550948903 51.5601847569 201902231308
1550948963 51.4322021290 201902231309
1550949023 51.2357217566 201902231310
1550949083 51.3727172456 201902231311
1550949143 51.4628458568 201902231312
1550949203 51.4159789790 201902231313
1550949263 51.7170085404 201902231314
1550949323 50.7886838451 201902231315
1550949383 51.8143474404 201902231316
1550949443 51.0734902565 201902231317
1550949503 51.1546060065 201902231318
1550949519 50.7400143951 201902231318
1550949579 51.4736612901 201902231319
1550949639 50.8409584396 201902231320
1550949699 50.7742632673 201902231321
1550949759 51.0356362398 201902231322
1550949819 51.0951211231 201902231323
1550949879 51.3582966678 201902231324
1550949939 50.8788124563 201902231325
1550949999 51.4123738345 201902231326
1550950059 51.0897134065 201902231327
1550950119 51.0536619620 201902231328
1550950135 51.5097127346 201902231328
1550950195 51.3691121012 201902231329
1550950255 50.3434485058 201902231330
1550950315 50.9617307786 201902231331
1550950375 51.2104857455 201902231332
1550950435 51.1654214399 201902231333
1550950495 51.1924600232 201902231334
1550950555 51.1203571343 201902231335
1550950615 51.2573526233 201902231336
1550950675 51.3060220733 201902231337
1550950735 51.3078246456 201902231338
1550950753 51.5782104791 201902231339
1550950813 51.4177815512 201902231340
1550950873 49.8170974165 201902231341
1550950933 51.4231892679 201902231342
1550950993 50.9653359230 201902231343
1550951053 50.9815590730 201902231344
1550951113 51.5529744680 201902231345
1550951173 50.7634478340 201902231346
1550951233 51.4862792957 201902231347
1550951293 51.2645629122 201902231348
1550951353 50.8734047396 201902231349
1550951369 51.3799275345 201902231349
1550951429 51.3781249623 201902231350
1550951489 51.5133178791 201902231351
1550951549 51.3600992400 201902231352
1550951609 51.3150349345 201902231353
1550951669 51.6521159403 201902231354
1550951729 51.2717732011 201902231355
1550951789 51.2032754566 201902231356
1550951849 49.4493726828 201902231357
1550951909 51.1672240121 201902231358
1550951969 51.6052490625 201902231359
1550951984 51.4231892679 201902231359
1550952044 51.2375243288 201902231400
1550952104 51.1510008621 201902231401
1550952164 51.6719442348 201902231402
1550952224 50.5958086171 201902231403
1550952284 51.5259358846 201902231404
1550952344 51.4484252790 201902231405
1550952404 51.8648194627 201902231406
1550952464 51.0843056898 201902231407
1550952524 51.9206992017 201902231408
1550952584 51.1437905732 201902231409
1550952600 50.6588986450 201902231410
1550952660 51.5079101624 201902231411
1550952720 51.3006143567 201902231412
1550952780 51.0590696787 201902231413
1550952840 51.3637043845 201902231414
1550952900 50.9310870508 201902231415
1550952960 51.0176105175 201902231416
1550953020 51.4970947291 201902231417
1550953080 51.5655924736 201902231418
1550953140 51.2753783455 201902231419
1550953200 51.4988973013 201902231420
1550953215 51.2483397622 201902231420
1550953275 51.4322021290 201902231421
1550953335 51.3510863789 201902231422
1550953395 51.4970947291 201902231423
1550953455 51.2339191844 201902231424
1550953515 50.9743487842 201902231425
1550953575 51.5331461735 201902231426
1550953635 51.3474812345 201902231427
1550953695 50.6625037894 201902231428
1550953755 50.6588986450 201902231429
1550953815 51.1834471621 201902231430
1550953827 51.9044760516 201902231430
1550953887 51.2465371899 201902231431
1550953947 52.0901409907 201902231432
1550954007 50.8914304619 201902231433
1550954067 51.3564940956 201902231434
1550954127 50.0424189444 201902231435
1550954187 51.7278239737 201902231436
1550954247 51.1059365565 201902231437
1550954307 50.4714311337 201902231438
1550954367 51.0428465287 201902231439
1550954427 50.4407874059 201902231440
1550954441 51.4430175623 201902231440
1550954501 51.4123738345 201902231441
1550954561 50.9581256341 201902231442
1550954621 51.1095417009 201902231443
1550954681 51.6214722125 201902231444
1550954741 51.0843056898 201902231445
1550954801 51.1762368732 201902231446
1550954861 51.3781249623 201902231447
1550954921 51.1870523066 201902231448
1550954981 51.2573526233 201902231449
1550955041 51.4862792957 201902231450
1550955056 51.8071371516 201902231450
1550955116 51.3312580845 201902231451
1550955176 51.3258503678 201902231452
1550955236 51.6719442348 201902231453
1550955296 51.0428465287 201902231454
1550955356 51.5872233402 201902231455
1550955416 51.7043905348 201902231456
1550955476 51.3600992400 201902231457
1550955536 51.0770954009 201902231458
1550955596 51.5349487458 201902231459
1550955656 51.6214722125 201902231500
1550955672 51.2375243288 201902231501
1550955732 51.2050780288 201902231502
1550955792 51.4177815512 201902231503
1550955852 51.7260214015 201902231504
1550955912 51.5962362014 201902231505
1550955972 50.9076536119 201902231506
1550956032 51.6575236570 201902231507
1550956092 50.9004433230 201902231508
1550956152 51.4664510013 201902231509
1550956212 51.5331461735 201902231510
1550956272 51.0807005454 201902231511
1550956289 51.0067950842 201902231511
1550956349 51.1654214399 201902231512
1550956409 0.0066191558 201902231513
1550956469 50.4173539670 201902231514
1550956529 51.1257648510 201902231515
1550956589 50.1163244056 201902231516
1550956649 51.4484252790 201902231517
1550956709 50.9220741897 201902231518
1550956769 50.5182980115 201902231519
1550956829 51.0356362398 201902231520
1550956889 50.9581256341 201902231521
1550956905 51.5439616069 201902231521
1550956965 51.3691121012 201902231522
1550957025 51.1960651677 201902231523
1550957085 51.3853352512 201902231524
1550957145 51.1365802843 201902231525
1550957205 51.1401854287 201902231526
1550957265 51.4285969846 201902231527
1550957325 51.0085976564 201902231528
1550957385 51.3528889512 201902231529
1550957445 51.1780394454 201902231530
1550957505 51.6809570959 201902231531
1550957522 51.2519449066 201902231532
1550957582 51.0770954009 201902231533
1550957642 51.7314291182 201902231534
1550957702 50.5759803227 201902231535
1550957762 51.5511718958 201902231536
1550957822 50.9941770786 201902231537
1550957882 50.9671384953 201902231538
1550957942 51.1041339843 201902231539
1550958002 51.1852497343 201902231540
1550958062 51.2699706289 201902231541
1550958122 51.4898844402 201902231542
1550958138 51.4105712623 201902231542
1550958198 50.9130613285 201902231543
1550958258 51.0933185509 201902231544
1550958318 50.8283404340 201902231545
1550958378 50.9166664730 201902231546
1550958438 51.6070516347 201902231547
1550958498 51.0338336675 201902231548
1550958558 51.3006143567 201902231549
1550958618 51.2807860622 201902231550
1550958678 51.4610432846 201902231551
1550958738 51.2411294733 201902231552
1550958751 51.3727172456 201902231552
1550958811 51.4213866957 201902231553
1550958871 51.3006143567 201902231554
1550958931 51.4808715790 201902231555
1550958991 51.6557210848 201902231556
1550959051 51.0049925120 201902231557
1550959111 51.1347777121 201902231558
1550959171 51.4700561457 201902231559
1550959231 51.2032754566 201902231600
1550959291 51.4394124179 201902231601
1550959351 51.7170085404 201902231602
1550959363 51.5133178791 201902231602
1550959423 51.6521159403 201902231603
1550959483 50.6318600616 201902231604
1550959543 51.7007853903 201902231605
1550959603 51.2843912066 201902231606
1550959663 51.3546915234 201902231607
1550959723 51.2231037510 201902231608
1550959783 51.4159789790 201902231609
1550959843 51.1906574510 201902231610
1550959903 51.2231037510 201902231611
1550959963 51.2231037510 201902231612
1550959981 51.4754638624 201902231613
1550960041 49.6584710608 201902231614
1550960101 51.4376098457 201902231615
1550960161 51.0176105175 201902231616
1550960221 51.5079101624 201902231617
1550960281 51.0374388120 201902231618
1550960341 51.6196696403 201902231619
1550960401 50.6102291949 201902231620
1550960461 50.8842201730 201902231621
1550960521 51.0788979731 201902231622
1550960581 50.2190710224 201902231623
1550960597 51.3997558290 201902231623
1550960657 50.8535764452 201902231624
1550960717 51.3024169289 201902231625
1550960777 51.3528889512 201902231626
1550960837 51.4195841234 201902231627
1550960897 51.2970092122 201902231628
1550960957 50.8986407508 201902231629
1550961017 51.3240477956 201902231630
1550961077 50.9797565008 201902231631
1550961137 50.9112587563 201902231632
1550961197 51.0807005454 201902231633
1550961213 50.9635333508 201902231633
1550961273 51.2609577677 201902231634
1550961333 51.5043050180 201902231635
1550961393 51.8449911683 201902231636
1550961453 50.8355507229 201902231637
1550961513 51.5079101624 201902231638
1550961573 51.1924600232 201902231639
1550961633 51.2194986066 201902231640
1550961693 51.5818156236 201902231641
1550961753 51.5655924736 201902231642
1550961813 51.2573526233 201902231643
1550961826 51.3366658011 201902231643
1550961886 50.9977822231 201902231644
1550961946 51.3853352512 201902231645
1550962006 51.5529744680 201902231646
1550962066 50.8589841618 201902231647
1550962126 51.4394124179 201902231648
1550962186 51.6881673848 201902231649
1550962246 51.1401854287 201902231650
1550962306 50.9941770786 201902231651
1550962366 50.1127192612 201902231652
1550962426 51.5746053347 201902231653
1550962439 51.0879108343 201902231653
1550962499 51.2717732011 201902231654
1550962559 51.3817301067 201902231655
1550962619 51.1023314120 201902231656
1550962679 51.3456786623 201902231657
1550962739 0.0120268724 201902231658
1550962799 51.5421590347 201902231659
1550962859 51.4826741513 201902231700
1550962919 51.7656779904 201902231701
1550962979 51.4141764068 201902231702
1550963039 51.2789834900 201902231703
1550963054 51.2555500511 201902231704
1550963114 50.9905719342 201902231705
1550963174 50.7688555506 201902231706
1550963234 50.7760658395 201902231707
1550963294 51.3709146734 201902231708
1550963354 51.7025879626 201902231709
1550963414 51.1275674232 201902231710
1550963474 50.9437050563 201902231711
1550963534 51.3150349345 201902231712
1550963594 50.5723751782 201902231713
1550963654 51.5601847569 201902231714
1550963668 51.3961506845 201902231714
1550963728 51.3276529400 201902231715
1550963788 51.6178670681 201902231716
1550963848 51.5421590347 201902231717
1550963908 51.1095417009 201902231718
1550963968 51.3168375067 201902231719
1550964028 51.5367513180 201902231720
1550964088 50.8499713007 201902231721
1550964148 51.5331461735 201902231722
1550964208 50.9238767619 201902231723
1550964268 51.1077391287 201902231724
1550964285 51.2627603400 201902231724
1550964345 51.4340047012 201902231725
1550964405 51.3438760900 201902231726
1550964465 51.6863648126 201902231727
1550964525 51.7170085404 201902231728
1550964585 51.1311725676 201902231729
1550964645 51.0194130897 201902231730
1550964705 50.7850787007 201902231731
1550964765 50.8499713007 201902231732
1550964825 51.4069661179 201902231733
1550964885 51.5277384569 201902231734
1550964902 51.6286825014 201902231735
1550964962 51.1275674232 201902231736
1550965022 51.5529744680 201902231737
1550965082 51.2014728844 201902231738
1550965142 50.6787269394 201902231739
1550965202 51.3240477956 201902231740
1550965262 50.8553790174 201902231741
1550965322 50.8265378618 201902231742
1550965382 51.3492838067 201902231743
1550965442 51.3528889512 201902231744
1550965502 51.4213866957 201902231745
1550965518 51.1924600232 201902231745
1550965578 50.0820755334 201902231746
1550965638 51.1780394454 201902231747
1550965698 51.3763223901 201902231748
1550965758 51.2825886344 201902231749
1550965818 51.2916014955 201902231750
1550965878 51.4952921568 201902231751
1550965938 50.7994992784 201902231752
1550965998 51.4303995568 201902231753
1550966058 50.8157224285 201902231754
1550966118 50.7310015339 201902231755
1550966137 50.8734047396 201902231755
1550966197 51.1726317288 201902231756
1550966257 51.3042195011 201902231757
1550966317 50.4966671448 201902231758
1550966377 50.9725462119 201902231759
1550966437 50.8463661563 201902231800
1550966497 51.0536619620 201902231801
1550966557 50.6805295117 201902231802
1550966617 50.9869667897 201902231803
1550966677 51.0122028009 201902231804
1550966737 51.4952921568 201902231805
1550966753 51.5746053347 201902231805
1550966813 51.4808715790 201902231806
1550966873 51.4574381401 201902231807
1550966933 51.6232747847 201902231808
1550966993 50.9959796508 201902231809
1550967053 51.6214722125 201902231810
1550967113 51.1942625955 201902231811
1550967173 50.7958941340 201902231812
1550967233 50.8085121396 201902231813
1550967293 51.3853352512 201902231814
1550967353 51.6413005070 201902231815
1550967370 51.3691121012 201902231816
1550967430 51.4430175623 201902231817
1550967490 51.7476522682 201902231818
1550967550 51.3997558290 201902231819
1550967610 49.9955520666 201902231820
1550967670 51.4988973013 201902231821
1550967730 51.2068806010 201902231822
1550967790 51.3925455401 201902231823
1550967850 51.2176960344 201902231824
1550967910 51.1924600232 201902231825
1550967970 51.0788979731 201902231826
1550967989 51.6629313736 201902231826
1550968049 51.4195841234 201902231827
1550968109 51.4592407124 201902231828
1550968169 51.4754638624 201902231829
1550968229 51.3691121012 201902231830
1550968289 51.3528889512 201902231831
1550968349 51.1960651677 201902231832
1550968409 51.5187255957 201902231833
1550968469 51.6196696403 201902231834
1550968529 51.4736612901 201902231835
1550968589 51.3655069567 201902231836
1550968605 49.3231926271 201902231836
1550968665 51.6304850736 201902231837
1550968725 51.2591551955 201902231838
1550968785 51.3907429679 201902231839
1550968845 51.1401854287 201902231840
1550968905 51.0644773953 201902231841
1550968965 51.1203571343 201902231842
1550969025 51.3546915234 201902231843
1550969085 51.4033609734 201902231844
1550969145 50.9292844786 201902231845
1550969205 0.0030140113 201902231846
1550969221 51.2952066400 201902231847
1550969281 51.0464516731 201902231848
1550969341 51.5511718958 201902231849
1550969401 51.3240477956 201902231850
1550969461 51.2465371899 201902231851
1550969521 51.5403564624 201902231852
1550969581 51.0500568176 201902231853
1550969641 51.4087686901 201902231854
1550969701 51.1978677399 201902231855
1550969761 50.9058510396 201902231856
1550969821 51.6593262292 201902231857
1550969837 50.6588986450 201902231857
1550969897 51.3546915234 201902231858
1550969957 51.2393269011 201902231859
1550970017 51.0879108343 201902231900
1550970077 51.4790690068 201902231901
1550970137 50.8752073118 201902231902
1550970197 51.2032754566 201902231903
1550970257 51.6485107959 201902231904
1550970317 51.2086831732 201902231905
1550970377 51.2411294733 201902231906
1550970437 51.2916014955 201902231907
1550970452 50.9094561841 201902231907
1550970512 49.6404453385 201902231908
1550970572 51.7458496959 201902231909
1550970632 51.1257648510 201902231910
1550970692 51.2231037510 201902231911
1550970752 51.8810426127 201902231912
1550970812 51.2519449066 201902231913
1550970872 50.7958941340 201902231914
1550970932 51.3258503678 201902231915
1550970992 51.8972657627 201902231916
1550971052 51.1437905732 201902231917
1550971069 0.0120268724 201902231917
1550971129 51.5782104791 201902231918
1550971189 51.7043905348 201902231919
1550971249 51.4087686901 201902231920
1550971309 51.2807860622 201902231921
1550971369 51.5746053347 201902231922
1550971429 51.5655924736 201902231923
1550971489 50.9725462119 201902231924
1550971549 51.8251628738 201902231925
1550971609 51.2952066400 201902231926
1550971669 51.0807005454 201902231927
1550971685 51.4195841234 201902231928
1550971745 51.3691121012 201902231929
1550971805 50.8571815896 201902231930
1550971865 51.2897989233 201902231931
1550971925 51.7043905348 201902231932
1550971985 50.9815590730 201902231933
1550972045 51.3096272178 201902231934
1550972105 51.1942625955 201902231935
1550972165 50.9166664730 201902231936
1550972225 -0.0005911331 201902231937
1550972285 -0.0059988498 201902231938
1550972299 51.0104002286 201902231938
1550972359 51.6160644958 201902231939
1550972419 51.1564085788 201902231940
1550972479 51.6304850736 201902231941
1550972539 50.4137488225 201902231942
1550972599 50.0063675000 201902231943
1550972659 51.4898844402 201902231944
1550972719 51.6106567792 201902231945
1550972779 51.4376098457 201902231946
1550972839 51.0194130897 201902231947
1550972899 51.4267944123 201902231948
1550972913 51.4772664346 201902231948
1550972973 51.1960651677 201902231949
1550973033 51.7404419793 201902231950
1550973093 51.3835326790 201902231951
1550973153 51.2627603400 201902231952
1550973213 51.1564085788 201902231953
1550973273 51.2465371899 201902231954
1550973333 51.3510863789 201902231955
1550973393 51.5944336291 201902231956
1550973453 51.1311725676 201902231957
1550973513 51.2447346177 201902231958
1550973529 51.7242188293 201902231958
1550973589 51.5115153068 201902231959
1550973649 51.6881673848 201902232000
1550973709 50.9617307786 201902232001
1550973769 50.2280838835 201902232002
1550973829 51.3907429679 201902232003
1550973889 51.1510008621 201902232004
1550973949 51.6773519514 201902232005
1550974009 51.1906574510 201902232006
1550974069 51.5926310569 201902232007
1550974129 51.3276529400 201902232008
1550974148 51.5637899013 201902232009
1550974208 51.4105712623 201902232010
1550974268 51.0644773953 201902232011
1550974328 51.7927165738 201902232012
1550974388 51.3078246456 201902232013
1550974448 51.5710001902 201902232014
1550974508 51.2321166122 201902232015
1550974568 51.4628458568 201902232016
1550974628 50.9094561841 201902232017
1550974688 51.3600992400 201902232018
1550974748 51.0356362398 201902232019
1550974762 51.1690265843 201902232019
1550974822 51.3204426511 201902232020
1550974882 -0.0078014220 201902232021
1550974942 51.3114297900 201902232022
1550975002 51.5115153068 201902232023
1550975062 51.9080811961 201902232024
1550975122 51.3348632289 201902232025
1550975182 51.6773519514 201902232026
1550975242 51.2249063233 201902232027
1550975302 51.2375243288 201902232028
1550975362 51.3997558290 201902232029
1550975376 51.3132323622 201902232029
1550975436 51.1455931454 201902232030
1550975496 51.4574381401 201902232031
1550975556 51.2519449066 201902232032
1550975616 51.4466227068 201902232033
1550975676 51.3186400789 201902232034
1550975736 51.7170085404 201902232035
1550975796 51.3979532567 201902232036
1550975856 51.3312580845 201902232037
1550975916 51.5764079069 201902232038
1550975976 51.0608722509 201902232039
1550975989 51.4844767235 201902232039
1550976049 51.0392413842 201902232040
1550976109 51.2807860622 201902232041
1550976169 51.8648194627 201902232042
1550976229 51.4340047012 201902232043
1550976289 51.1455931454 201902232044
1550976349 50.5417314504 201902232045
1550976409 51.3528889512 201902232046
1550976469 51.4394124179 201902232047
1550976529 51.1059365565 201902232048
1550976589 51.5313436013 201902232049
1550976601 51.0662799676 201902232050
1550976661 51.5349487458 201902232051
1550976721 51.2501423344 201902232052
1550976781 51.3456786623 201902232053
1550976841 51.2735757733 201902232054
1550976901 51.5367513180 201902232055
1550976961 51.3348632289 201902232056
1550977021 50.9256793341 201902232057
1550977081 50.7454221117 201902232058
1550977141 51.4412149901 201902232059
1550977201 51.3907429679 201902232100
1550977217 51.4592407124 201902232100
1550977277 51.1708291565 201902232101
1550977337 51.3637043845 201902232102
1550977397 51.1311725676 201902232103
1550977457 51.4718587179 201902232104
1550977517 51.2879963511 201902232105
1550977577 51.2663654844 201902232106
1550977637 51.1419880010 201902232107
1550977697 51.3528889512 201902232108
1550977757 51.1401854287 201902232109
1550977817 0.0048165835 201902232110
1550977830 0.0066191558 201902232110
1550977890 0.0048165835 201902232111
1550977950 49.6152093274 201902232112
1550978010 51.5836181958 201902232113
1550978070 51.8233603016 201902232114
1550978130 50.7093706672 201902232115
1550978190 50.9581256341 201902232116
1550978250 51.1726317288 201902232117
1550978310 51.2321166122 201902232118
1550978370 51.4736612901 201902232119
1550978430 -0.0023937054 201902232120
1550978444 0.0030140113 201902232120
1550978504 51.1365802843 201902232121
1550978564 51.2339191844 201902232122
1550978624 51.7674805626 201902232123
1550978684 51.6016439180 201902232124
1550978744 51.4033609734 201902232125
1550978804 51.7025879626 201902232126
1550978864 51.4556355679 201902232127
1550978924 51.2393269011 201902232128
1550978984 51.3114297900 201902232129
1550979044 50.9094561841 201902232130
1550979059 51.3438760900 201902232130
1550979119 51.1996703121 201902232131
1550979179 50.9184690452 201902232132
1550979239 51.6376953625 201902232133
1550979299 51.4664510013 201902232134
1550979359 51.5782104791 201902232135
1550979419 51.3979532567 201902232136
1550979479 50.9851642175 201902232137
1550979539 51.2176960344 201902232138
1550979599 51.5187255957 201902232139
1550979659 50.8697995952 201902232140
1550979672 51.3330606567 201902232141
1550979732 0.0066191558 201902232142
1550979792 -0.0023937054 201902232143
1550979852 51.3240477956 201902232144
1550979912 51.8594117460 201902232145
1550979972 51.4177815512 201902232146
1550980032 51.2897989233 201902232147
1550980092 51.6052490625 201902232148
1550980152 50.8103147118 201902232149
1550980212 51.3384683734 201902232150
1550980272 51.4069661179 201902232151
1550980285 51.2825886344 201902232151
1550980345 51.4249918401 201902232152
1550980405 51.0374388120 201902232153
1550980465 51.0320310953 201902232154
1550980525 51.4249918401 201902232155
1550980585 51.7710857071 201902232156
1550980645 51.0861082620 201902232157
1550980705 50.6697140783 201902232158
1550980765 51.1888548788 201902232159
1550980825 51.0807005454 201902232200
1550980885 51.6016439180 201902232201
1550980902 51.0951211231 201902232201
1550980962 50.8553790174 201902232202
1550981022 51.0987262676 201902232203
1550981082 51.2411294733 201902232204
1550981142 51.2825886344 201902232205
1550981202 51.2825886344 201902232206
1550981262 51.1491982899 201902232207
1550981322 51.1942625955 201902232208
1550981382 51.6917725292 201902232209
1550981442 51.5836181958 201902232210
1550981502 51.2807860622 201902232211
1550981516 50.7454221117 201902232211
1550981576 51.5115153068 201902232212
1550981636 51.8395834516 201902232213
1550981696 51.8053345793 201902232214
1550981756 51.8143474404 201902232215
1550981816 51.2681680566 201902232216
1550981876 51.2573526233 201902232217
1550981936 51.4195841234 201902232218
1550981996 51.5998413458 201902232219
1550982056 51.5800130514 201902232220
1550982116 51.3979532567 201902232221
1550982130 51.3024169289 201902232222
1550982190 51.0158079453 201902232223
1550982250 51.1762368732 201902232224
1550982310 51.5962362014 201902232225
1550982370 0.0012114391 201902232226
1550982430 51.7278239737 201902232227
1550982490 51.6016439180 201902232228
1550982550 51.1203571343 201902232229
1550982610 51.0554645342 201902232230
1550982670 -0.0059988498 201902232231
1550982730 51.4862792957 201902232232
1550982744 51.6178670681 201902232232
1550982804 51.4556355679 201902232233
1550982864 51.2753783455 201902232234
1550982924 51.5475667513 201902232235
1550982984 51.2194986066 201902232236
1550983044 51.3384683734 201902232237
1550983104 -0.0005911331 201902232238
1550983164 51.2934040678 201902232239
1550983224 51.1419880010 201902232240
1550983284 51.1852497343 201902232241
1550983344 51.4592407124 201902232242
1550983356 51.4682535735 201902232242
1550983416 51.2194986066 201902232243
1550983476 50.5056800060 201902232244
1550983536 -0.0096039943 201902232245
1550983596 0.0066191558 201902232246
1550983656 51.1293699954 201902232247
1550983716 51.2988117844 201902232248
1550983776 50.7382118228 201902232249
1550983836 51.5205281680 201902232250
1550983896 51.5385538902 201902232251
1550983956 51.3258503678 201902232252
1550983972 51.4736612901 201902232252
1550984032 51.6701416625 201902232253
1550984092 51.0626748231 201902232254
1550984152 51.4412149901 201902232255
1550984212 51.6268799292 201902232256
1550984272 51.1834471621 201902232257
1550984332 50.8643918785 201902232258
1550984392 51.3979532567 201902232259
1550984452 50.3380407891 201902232300
1550984512 51.4285969846 201902232301
1550984572 51.1924600232 201902232302
1550984586 50.9148639008 201902232303
1550984646 51.4880818679 201902232304
1550984706 51.2555500511 201902232305
1550984766 51.2735757733 201902232306
1550984826 50.4804439948 201902232307
1550984886 51.0554645342 201902232308
1550984946 50.9599282064 201902232309
1550985006 51.4105712623 201902232310
1550985066 50.9797565008 201902232311
1550985126 51.5241333124 201902232312
1550985186 51.7728882793 201902232313
1550985200 51.5583821847 201902232313
1550985260 51.0987262676 201902232314
1550985320 50.8175250007 201902232315
1550985380 51.0987262676 201902232316
1550985440 51.4303995568 201902232317
1550985500 51.5493693235 201902232318
1550985560 51.4988973013 201902232319
1550985620 51.1690265843 201902232320
1550985680 51.5547770402 201902232321
1550985740 51.4123738345 201902232322
1550985800 51.6899699570 201902232323
1550985813 51.6683390903 201902232323
1550985873 51.5403564624 201902232324
1550985933 51.5439616069 201902232325
1550985993 51.1978677399 201902232326
1550986053 51.8954631905 201902232327
1550986113 51.7674805626 201902232328
1550986173 51.6863648126 201902232329
1550986233 51.4123738345 201902232330
1550986293 51.6340902181 201902232331
1550986353 0.0066191558 201902232332
1550986413 51.8936606183 201902232333
1550986427 51.5962362014 201902232333
1550986487 51.5818156236 201902232334
1550986547 51.8017294349 201902232335
1550986607 51.8251628738 201902232336
1550986667 51.3204426511 201902232337
1550986727 51.5205281680 201902232338
1550986787 51.5097127346 201902232339
1550986847 51.3853352512 201902232340
1550986907 51.3078246456 201902232341
1550986967 50.7742632673 201902232342
1550987027 50.9202716174 201902232343
1550987042 51.4790690068 201902232344
1550987102 51.8738323238 201902232345
1550987162 51.0518593898 201902232346
1550987222 51.6719442348 201902232347
1550987282 51.4682535735 201902232348
1550987342 51.1654214399 201902232349
1550987402 51.7097982515 201902232350
1550987462 51.2285114677 201902232351
1550987522 51.2591551955 201902232352
1550987582 51.6052490625 201902232353
1550987642 51.8900554738 201902232354
