1550383116 -1.0000000000 2019021623587
1550383172 51.1185545621 201902162359
1550383232 50.9094561841 201902170000
1550383292 51.3853352512 201902170001
1550383352 51.0626748231 201902170002
1550383412 51.1491982899 201902170003
1550383472 50.8319455785 201902170004
1550383532 50.7940915618 201902170005
1550383592 51.5349487458 201902170006
1550383652 51.2231037510 201902170007
1550383712 50.5615597449 201902170008
1550383733 51.0049925120 201902170008
1550383793 51.3312580845 201902170009
1550383853 51.1690265843 201902170010
1550383913 50.7328041062 201902170011
1550383973 51.1203571343 201902170012
1550384033 51.1618162954 201902170013
1550384093 51.2393269011 201902170014
1550384153 51.2519449066 201902170015
1550384213 51.4322021290 201902170016
1550384273 51.4322021290 201902170017
1550384333 51.0897134065 201902170018
1550384354 50.6534909283 201902170019
1550384414 51.3691121012 201902170020
1550384474 51.4448201346 201902170021
1550384534 51.3979532567 201902170022
1550384594 51.5439616069 201902170023
1550384654 50.7688555506 201902170024
1550384714 51.4303995568 201902170025
1550384774 51.5006998735 201902170026
1550384834 51.1113442732 201902170027
1550384894 51.1185545621 201902170028
1550384954 51.4664510013 201902170029
1550384969 50.9382973397 201902170029
1550384970 51.3492838067 201902170029
1550384977 51.5313436013 201902170029
1550384984 51.3456786623 201902170029
1550384994 50.8067095673 201902170029
1550385005 51.4790690068 201902170030
1550393608 0.0048165835 201902170253
1550393668 0.0048165835 201902170254
1550393728 0.0048165835 201902170255
1550393788 0.0048165835 201902170256
1550393848 0.0048165835 201902170257
1550393908 0.0048165835 201902170258
1550393968 0.0048165835 201902170259
1550394028 0.0048165835 201902170300
1550394088 0.0048165835 201902170301
1550394148 0.0048165835 201902170302
1550394208 0.0048165835 201902170303
1550394268 0.0048165835 201902170304
1550394328 0.0048165835 201902170305
1550394388 0.0048165835 201902170306
1550394448 0.0048165835 201902170307
1550394508 0.0048165835 201902170308
1550394568 0.0048165835 201902170309
1550394628 0.0048165835 201902170310
1550394688 0.0048165835 201902170311
1550394748 0.0048165835 201902170312
1550394808 0.0048165835 201902170313
1550394868 0.0048165835 201902170314
1550394928 0.0048165835 201902170315
1550394988 0.0048165835 201902170316
1550395048 0.0048165835 201902170317
1550395108 0.0048165835 201902170318
1550395168 0.0048165835 201902170319
1550395228 0.0048165835 201902170320
1550395288 0.0048165835 201902170321
1550395348 0.0048165835 201902170322
1550395408 0.0048165835 201902170323
1550395468 0.0048165835 201902170324
1550395528 0.0048165835 201902170325
1550395588 0.0048165835 201902170326
1550395648 0.0048165835 201902170327
1550395708 0.0048165835 201902170328
1550395768 0.0048165835 201902170329
1550395828 0.0048165835 201902170330
1550395888 0.0048165835 201902170331
1550395948 0.0048165835 201902170332
1550396008 0.0048165835 201902170333
1550396068 0.0048165835 201902170334
1550396128 0.0048165835 201902170335
1550396188 0.0048165835 201902170336
1550396248 0.0048165835 201902170337
1550396308 0.0048165835 201902170338
1550396368 0.0048165835 201902170339
1550396428 0.0048165835 201902170340
1550396488 0.0048165835 201902170341
1550396548 0.0048165835 201902170342
1550396608 0.0048165835 201902170343
1550396668 0.0048165835 201902170344
1550396728 0.0048165835 201902170345
1550396788 0.0048165835 201902170346
1550396848 0.0048165835 201902170347
1550396908 0.0048165835 201902170348
1550396968 0.0048165835 201902170349
1550397028 0.0048165835 201902170350
1550397088 0.0048165835 201902170351
1550397148 0.0048165835 201902170352
1550397199 0.0048165835 201902170353
1550397253 -0.0005911331 201902170354
1550397313 -0.0005911331 201902170355
1550397373 -0.0005911331 201902170356
1550397433 -0.0005911331 201902170357
1550397493 -0.0005911331 201902170358
1550397553 -0.0005911331 201902170359
1550397613 -0.0005911331 201902170400
1550397673 -0.0005911331 201902170401
1550397733 -0.0005911331 201902170402
1550397793 -0.0005911331 201902170403
1550397853 -0.0005911331 201902170404
1550397913 -0.0005911331 201902170405
1550397973 -0.0005911331 201902170406
1550398033 -0.0005911331 201902170407
1550398093 -0.0005911331 201902170408
1550398153 -0.0005911331 201902170409
1550398213 -0.0005911331 201902170410
1550398273 -0.0005911331 201902170411
1550398333 -0.0005911331 201902170412
1550398393 -0.0005911331 201902170413
1550398453 -0.0005911331 201902170414
1550398513 -0.0005911331 201902170415
1550398573 -0.0005911331 201902170416
1550398633 -0.0005911331 201902170417
1550398693 0.0066191558 201902170418
1550398702 0.0048165835 201902170418
1550398762 -0.0059988498 201902170419
1550398822 -0.0078014220 201902170420
1550398882 -0.0041962776 201902170421
1550398942 0.0012114391 201902170422
1550399002 0.0030140113 201902170423
1550399062 -0.0023937054 201902170424
1550399122 0.0012114391 201902170425
1550399182 -0.0023937054 201902170426
1550399242 0.0048165835 201902170427
1550399302 35.3316270259 201902170428
1550399362 46.0785626243 201902170429
1550399422 51.0843056898 201902170430
1550399482 51.4988973013 201902170431
1550399542 50.6841346561 201902170432
1550399602 51.2213011788 201902170433
1550399635 51.0608722509 201902170433
1550399695 51.3276529400 201902170434
1550399755 51.0590696787 201902170435
1550399815 51.2285114677 201902170436
1550399875 0.0102243002 201902170437
1550399935 50.7237912450 201902170438
1550399995 51.0031899397 201902170439
1550400055 51.0807005454 201902170440
1550400115 51.0662799676 201902170441
1550400175 0.0048165835 201902170442
1550400235 0.0066191558 201902170443
1550400251 0.0066191558 201902170444
1550400311 50.8932330341 201902170445
1550400371 -0.0041962776 201902170446
1550400431 51.1149494176 201902170447
1550400491 51.3114297900 201902170448
1550400551 51.0464516731 201902170449
1550400611 51.3781249623 201902170450
1550400671 51.3492838067 201902170451
1550400731 0.0066191558 201902170452
1550400791 51.9008709072 201902170453
1550400851 51.1582111510 201902170454
1550400870 51.0608722509 201902170454
1550400930 51.2122883177 201902170455
1550400990 51.1708291565 201902170456
1550401050 51.0500568176 201902170457
1550401110 51.3564940956 201902170458
1550401170 50.9076536119 201902170459
1550401230 51.1455931454 201902170500
1550401290 50.8427610118 201902170501
1550401350 50.9184690452 201902170502
1550401410 51.1996703121 201902170503
1550401470 50.9815590730 201902170504
1550401493 51.0644773953 201902170504
1550401553 51.4087686901 201902170505
1550401613 51.6016439180 201902170506
1550401673 51.1798420177 201902170507
1550401733 51.1942625955 201902170508
1550401793 50.8950356063 201902170509
1550401853 50.8752073118 201902170510
1550401913 50.6336626338 201902170511
1550401973 51.3366658011 201902170512
1550402033 51.3619018123 201902170513
1550402093 51.4916870124 201902170514
1550402121 51.3781249623 201902170515
1550402181 51.1383828565 201902170516
1550402241 51.1528034343 201902170517
1550402301 51.3691121012 201902170518
1550402361 51.4322021290 201902170519
1550402421 51.2375243288 201902170520
1550402481 51.4105712623 201902170521
1550402541 51.2699706289 201902170522
1550402601 51.1365802843 201902170523
1550402661 51.1167519898 201902170524
1550402721 50.9076536119 201902170525
1550402742 51.1690265843 201902170525
1550402802 51.0572671064 201902170526
1550402862 51.1942625955 201902170527
1550402922 51.2699706289 201902170528
1550402982 51.5097127346 201902170529
1550403042 51.2519449066 201902170530
1550403102 51.1906574510 201902170531
1550403162 51.0861082620 201902170532
1550403222 50.7436195395 201902170533
1550403282 50.9328896230 201902170534
1550403342 51.2483397622 201902170535
1550403365 51.2681680566 201902170536
1550403425 51.3474812345 201902170537
1550403485 51.3078246456 201902170538
1550403545 51.3258503678 201902170539
1550403605 51.2645629122 201902170540
1550403665 51.3799275345 201902170541
1550403725 51.3366658011 201902170542
1550403785 51.3709146734 201902170543
1550403845 51.2537474788 201902170544
1550403905 51.0140053731 201902170545
1550403965 50.6985552339 201902170546
1550403988 50.9833616453 201902170546
1550404048 51.2086831732 201902170547
1550404108 51.3745198178 201902170548
1550404168 51.2158934621 201902170549
1550404228 51.1365802843 201902170550
1550404288 51.3492838067 201902170551
1550404348 51.0212156620 201902170552
1550404408 50.9491127730 201902170553
1550404468 50.5435340227 201902170554
1550404528 51.3312580845 201902170555
1550404588 51.1888548788 201902170556
1550404610 51.2393269011 201902170556
1550404670 51.4448201346 201902170557
1550404730 50.9058510396 201902170558
1550404790 51.5601847569 201902170559
1550404850 50.8463661563 201902170600
1550404910 51.2357217566 201902170601
1550404970 51.0825031176 201902170602
1550405030 51.2483397622 201902170603
1550405090 50.6282549172 201902170604
1550405150 51.3366658011 201902170605
1550405210 51.1023314120 201902170606
1550405233 51.1005288398 201902170607
1550405293 50.8625893063 201902170608
1550405353 51.3979532567 201902170609
1550405413 50.7436195395 201902170610
1550405473 50.9310870508 201902170611
1550405533 50.9761513564 201902170612
1550405593 51.3204426511 201902170613
1550405653 51.4718587179 201902170614
1550405713 50.7526324006 201902170615
1550405773 51.2735757733 201902170616
1550405833 51.3060220733 201902170617
1550405860 51.1924600232 201902170617
1550405920 50.8463661563 201902170618
1550405980 51.0861082620 201902170619
1550406040 51.3150349345 201902170620
1550406100 51.3204426511 201902170621
1550406160 50.7021603784 201902170622
1550406220 51.3366658011 201902170623
1550406280 51.5241333124 201902170624
1550406340 51.4754638624 201902170625
1550406400 51.1834471621 201902170626
1550406460 51.1618162954 201902170627
1550406482 50.9617307786 201902170628
1550406542 51.5565796124 201902170629
1550406602 51.1924600232 201902170630
1550406662 51.0302285231 201902170631
1550406722 50.6787269394 201902170632
1550406782 51.1203571343 201902170633
1550406842 51.2952066400 201902170634
1550406902 51.2357217566 201902170635
1550406962 51.0969236954 201902170636
1550407022 51.3078246456 201902170637
1550407082 51.2753783455 201902170638
1550407102 50.8391558674 201902170638
1550407162 51.1347777121 201902170639
1550407222 49.6512607719 201902170640
1550407282 51.0554645342 201902170641
1550407342 50.8860227452 201902170642
1550407402 50.9166664730 201902170643
1550407462 51.2988117844 201902170644
1550407522 51.2104857455 201902170645
1550407582 50.9220741897 201902170646
1550407642 51.6322876458 201902170647
1550407702 51.1131468454 201902170648
1550407727 51.3078246456 201902170648
1550407787 50.5831906116 201902170649
1550407847 51.3961506845 201902170650
1550407907 51.3637043845 201902170651
1550407967 51.0446491009 201902170652
1550408027 50.9761513564 201902170653
1550408087 51.0284259509 201902170654
1550408147 51.1401854287 201902170655
1550408207 51.4430175623 201902170656
1550408267 51.5547770402 201902170657
1550408327 50.9797565008 201902170658
1550408348 50.8932330341 201902170659
1550408408 51.2357217566 201902170700
1550408468 50.8625893063 201902170701
1550408528 51.6719442348 201902170702
1550408588 51.1672240121 201902170703
1550408648 51.0356362398 201902170704
1550408708 50.6859372283 201902170705
1550408768 50.9581256341 201902170706
1550408828 50.6895423728 201902170707
1550408888 51.0788979731 201902170708
1550408948 51.2555500511 201902170709
1550408971 51.0374388120 201902170709
1550409031 51.1293699954 201902170710
1550409091 50.9689410675 201902170711
1550409151 51.1798420177 201902170712
1550409211 51.3204426511 201902170713
1550409271 51.3564940956 201902170714
1550409331 51.0500568176 201902170715
1550409391 51.0969236954 201902170716
1550409451 51.4376098457 201902170717
1550409511 51.2393269011 201902170718
1550409571 51.4700561457 201902170719
1550409716 51.2231037510 201902170721
1550409776 51.0320310953 201902170722
1550409836 51.0662799676 201902170723
1550409896 50.8806150285 201902170724
1550409956 50.7670529784 201902170725
1550410016 51.0392413842 201902170726
1550410076 0.0030140113 201902170727
1550410136 0.0030140113 201902170728
1550410196 0.0030140113 201902170729
1550410207 0.0030140113 201902170730
1550410267 0.0030140113 201902170731
1550410327 51.8053345793 201902170732
1550410387 51.4916870124 201902170733
1550410447 50.8643918785 201902170734
1550410507 51.3456786623 201902170735
1550410567 50.3560665114 201902170736
1550410627 51.1654214399 201902170737
1550410687 51.1437905732 201902170738
1550410747 51.4195841234 201902170739
1550410807 51.1870523066 201902170740
1550410827 51.2735757733 201902170740
1550410887 50.7742632673 201902170741
1550410947 51.1419880010 201902170742
1550411007 50.3849076670 201902170743
1550411067 51.0031899397 201902170744
1550411127 50.7418169673 201902170745
1550411187 51.1582111510 201902170746
1550411247 51.2627603400 201902170747
1550411307 51.1077391287 201902170748
1550411367 51.4664510013 201902170749
1550411427 51.4015584012 201902170750
1550411452 51.1978677399 201902170750
1550411512 50.6318600616 201902170751
1550411572 50.7183835284 201902170752
1550411632 51.2213011788 201902170753
1550411692 50.0928909667 201902170754
1550411752 51.0554645342 201902170755
1550411812 51.4556355679 201902170756
1550411872 50.7850787007 201902170757
1550411932 50.8932330341 201902170758
1550411992 50.9851642175 201902170759
1550412052 51.3060220733 201902170800
1550412077 51.4808715790 201902170801
1550412137 50.9743487842 201902170802
1550412197 51.3799275345 201902170803
1550412257 51.4826741513 201902170804
1550412317 51.1167519898 201902170805
1550412377 51.1221597065 201902170806
1550412437 51.6178670681 201902170807
1550412497 51.3384683734 201902170808
1550412557 50.8878253174 201902170809
1550412617 51.4610432846 201902170810
1550412677 50.7994992784 201902170811
1550412698 51.2970092122 201902170811
1550412758 51.2861937789 201902170812
1550412818 50.5958086171 201902170813
1550412878 50.8716021674 201902170814
1550412938 50.7111732395 201902170815
1550412998 50.7778684118 201902170816
1550413058 50.7994992784 201902170817
1550413118 51.3709146734 201902170818
1550413178 50.9833616453 201902170819
1550413238 50.8770098841 201902170820
1550413298 51.1059365565 201902170821
1550413320 51.6214722125 201902170822
1550413380 51.1636188677 201902170823
1550413440 50.9509153452 201902170824
1550413500 50.7796709840 201902170825
1550413560 51.3528889512 201902170826
1550413620 50.8968381785 201902170827
1550413680 50.7526324006 201902170828
1550413740 51.0969236954 201902170829
1550413800 50.5471391671 201902170830
1550413860 50.4930620004 201902170831
1550413920 51.2339191844 201902170832
1550413945 51.1852497343 201902170832
1550414005 51.3871378234 201902170833
1550414065 50.8986407508 201902170834
1550414125 51.3294555122 201902170835
1550414185 50.8968381785 201902170836
1550414245 51.3024169289 201902170837
1550414305 51.4267944123 201902170838
1550414365 51.1023314120 201902170839
1550414425 50.7183835284 201902170840
1550414485 51.1870523066 201902170841
1550414545 51.4105712623 201902170842
1550414565 51.1852497343 201902170842
1550414625 51.2213011788 201902170843
1550414685 51.3889403956 201902170844
1550414745 50.7183835284 201902170845
1550414805 51.2825886344 201902170846
1550414865 51.4718587179 201902170847
1550414925 50.7021603784 201902170848
1550414985 51.6160644958 201902170849
1550415045 50.7994992784 201902170850
1550415105 51.3564940956 201902170851
1550415165 51.2429320455 201902170852
1550415187 51.4952921568 201902170853
1550415247 51.2483397622 201902170854
1550415307 51.5061075902 201902170855
1550415367 50.9671384953 201902170856
1550415427 50.5705726060 201902170857
1550415487 51.2591551955 201902170858
1550415547 50.9238767619 201902170859
1550415607 51.0392413842 201902170900
1550415667 51.4015584012 201902170901
1550415727 51.2879963511 201902170902
1550415787 51.3384683734 201902170903
1550415809 50.7832761284 201902170903
1550415869 51.5025024457 201902170904
1550415929 50.7057655228 201902170905
1550415989 50.9220741897 201902170906
1550416049 51.2663654844 201902170907
1550416109 51.1618162954 201902170908
1550416169 51.0482542453 201902170909
1550416229 50.7382118228 201902170910
1550416289 51.0248208064 201902170911
1550416349 51.0194130897 201902170912
1550416409 51.5836181958 201902170913
1550416428 50.7472246840 201902170913
1550416488 51.1005288398 201902170914
1550416548 51.0122028009 201902170915
1550416608 50.8121172840 201902170916
1550416668 50.7129758117 201902170917
1550416728 50.9364947675 201902170918
1550416788 51.0248208064 201902170919
1550416848 51.5926310569 201902170920
1550416908 51.5565796124 201902170921
1550416968 51.0933185509 201902170922
1550417028 50.7814735562 201902170923
1550417050 51.4934895846 201902170924
1550417110 51.3186400789 201902170925
1550417170 50.7724606951 201902170926
1550417230 51.3096272178 201902170927
1550417290 51.2627603400 201902170928
1550417350 51.5493693235 201902170929
1550417410 50.7706581229 201902170930
1550417470 51.3402709456 201902170931
1550417530 51.0734902565 201902170932
1550417590 51.2249063233 201902170933
1550417650 51.2501423344 201902170934
1550417671 51.2483397622 201902170934
1550417731 50.7436195395 201902170935
1550417791 51.5421590347 201902170936
1550417851 51.0230182342 201902170937
1550417911 50.5669674616 201902170938
1550417971 51.3384683734 201902170939
1550418031 51.1257648510 201902170940
1550418091 51.0861082620 201902170941
1550418151 51.1383828565 201902170942
1550418211 51.3925455401 201902170943
1550418271 50.9022458952 201902170944
1550418292 51.3781249623 201902170944
1550418352 51.4412149901 201902170945
1550418412 51.3600992400 201902170946
1550418472 51.0662799676 201902170947
1550418532 51.4033609734 201902170948
1550418592 51.6899699570 201902170949
1550418652 50.8824176007 201902170950
1550418712 50.7994992784 201902170951
1550418772 51.3132323622 201902170952
1550418832 51.3258503678 201902170953
1550418892 51.2194986066 201902170954
1550418916 51.3925455401 201902170955
1550418976 51.5800130514 201902170956
1550419036 51.1419880010 201902170957
1550419096 51.3781249623 201902170958
1550419156 51.2609577677 201902170959
1550419216 51.2068806010 201902171000
1550419276 51.2807860622 201902171001
1550419336 51.1528034343 201902171002
1550419396 50.4570105559 201902171003
1550419456 51.3204426511 201902171004
1550419516 51.5313436013 201902171005
1550419535 51.3114297900 201902171005
1550419595 51.4574381401 201902171006
1550419655 50.8571815896 201902171007
1550419715 51.3835326790 201902171008
1550419775 50.9166664730 201902171009
1550419835 51.0752928287 201902171010
1550419895 51.1816445899 201902171011
1550419955 51.4195841234 201902171012
1550420015 50.7976967062 201902171013
1550420075 51.3438760900 201902171014
1550420135 51.0825031176 201902171015
1550420153 51.5746053347 201902171015
1550420213 51.0392413842 201902171016
1550420273 51.4069661179 201902171017
1550420333 51.2807860622 201902171018
1550420393 51.3024169289 201902171019
1550420453 50.8103147118 201902171020
1550420513 -0.0041962776 201902171021
1550420573 -0.0005911331 201902171022
1550420633 51.3078246456 201902171023
1550420693 51.2104857455 201902171024
1550420753 51.5187255957 201902171025
1550420772 51.0248208064 201902171026
1550420832 51.2122883177 201902171027
1550421192 51.3294555122 201902171033
1550421252 50.9274819063 201902171034
1550421312 51.1275674232 201902171035
1550421372 51.2429320455 201902171036
1550421382 51.0410439564 201902171036
1550421442 51.5601847569 201902171037
1550421502 51.2555500511 201902171038
1550421562 51.1131468454 201902171039
1550421622 51.3294555122 201902171040
1550421682 51.3510863789 201902171041
1550421742 51.0698851120 201902171042
1550421802 51.2952066400 201902171043
1550421862 51.2465371899 201902171044
1550421922 51.4267944123 201902171045
1550421982 51.1888548788 201902171046
1550422006 51.2104857455 201902171046
1550422066 51.5025024457 201902171047
1550422126 51.3817301067 201902171048
1550422186 51.0500568176 201902171049
1550422246 51.7999268627 201902171050
1550422306 51.1113442732 201902171051
1550422366 50.9689410675 201902171052
1550422426 51.1564085788 201902171053
1550422486 51.2573526233 201902171054
1550422546 51.1491982899 201902171055
1550422606 51.2753783455 201902171056
1550422628 51.1654214399 201902171057
1550422688 51.6016439180 201902171058
1550422748 50.9328896230 201902171059
1550422808 51.2591551955 201902171100
1550422868 51.5367513180 201902171101
1550422928 51.4700561457 201902171102
1550422988 51.3673095289 201902171103
1550423048 51.2068806010 201902171104
1550423108 51.6178670681 201902171105
1550423168 51.1257648510 201902171106
1550423228 51.1744343010 201902171107
1550423249 51.5097127346 201902171107
1550423309 51.0879108343 201902171108
1550423369 50.1487707056 201902171109
1550423429 51.3727172456 201902171110
1550423489 50.7165809561 201902171111
1550423549 50.9581256341 201902171112
1550423609 51.6106567792 201902171113
1550423669 51.3456786623 201902171114
1550423729 51.4736612901 201902171115
1550423789 51.1654214399 201902171116
1550423849 50.9725462119 201902171117
1550423867 51.4952921568 201902171117
1550423927 50.9346921952 201902171118
1550423987 51.5836181958 201902171119
1550424047 51.0897134065 201902171120
1550424107 51.2591551955 201902171121
1550424167 51.4177815512 201902171122
1550424227 51.1347777121 201902171123
1550424287 51.4358072734 201902171124
1550424347 51.0482542453 201902171125
1550424407 51.6070516347 201902171126
1550424467 51.4322021290 201902171127
1550424486 51.1996703121 201902171128
1550424546 51.0122028009 201902171129
1550424606 51.3276529400 201902171130
1550424666 51.2789834900 201902171131
1550424726 51.2753783455 201902171132
1550424786 51.6268799292 201902171133
1550424846 51.4159789790 201902171134
1550424906 50.9779539286 201902171135
1550424966 51.4123738345 201902171136
1550425026 50.8229327174 201902171137
1550425086 51.0194130897 201902171138
1550425107 51.3096272178 201902171138
1550425167 51.6376953625 201902171139
1550425227 51.4177815512 201902171140
1550425287 51.7873088571 201902171141
1550425347 51.0356362398 201902171142
1550425407 51.1672240121 201902171143
1550425467 51.5475667513 201902171144
1550425527 51.4448201346 201902171145
1550425587 51.0662799676 201902171146
1550425647 51.2194986066 201902171147
1550425707 50.9707436397 201902171148
1550425726 51.2429320455 201902171148
1550425786 51.2213011788 201902171149
1550425846 51.2879963511 201902171150
1550425906 51.2357217566 201902171151
1550425966 51.0049925120 201902171152
1550426026 51.4628458568 201902171153
1550426086 51.3006143567 201902171154
1550426146 51.5457641791 201902171155
1550426206 50.4912594282 201902171156
1550426266 51.3709146734 201902171157
1550426326 51.4664510013 201902171158
1550426346 51.2970092122 201902171159
1550426406 51.1041339843 201902171200
1550426466 51.4195841234 201902171201
1550426526 51.7007853903 201902171202
1550426586 51.1978677399 201902171203
1550426646 51.5043050180 201902171204
1550426706 51.1455931454 201902171205
1550426766 51.1708291565 201902171206
1550426826 51.4592407124 201902171207
1550426886 50.8481687285 201902171208
1550426946 51.1437905732 201902171209
1550426964 51.0734902565 201902171209
1550427024 51.6232747847 201902171210
1550427084 51.3060220733 201902171211
1550427144 51.1149494176 201902171212
1550427204 51.4213866957 201902171213
1550427264 51.2645629122 201902171214
1550427324 51.2735757733 201902171215
1550427384 51.5421590347 201902171216
1550427444 51.4195841234 201902171217
1550427504 51.2771809178 201902171218
1550427564 0.0066191558 201902171219
1550427584 0.0030140113 201902171219
1550427644 51.2897989233 201902171220
1550427704 51.1726317288 201902171221
1550427764 50.9725462119 201902171222
1550427824 51.2645629122 201902171223
1550427884 51.4790690068 201902171224
1550427944 51.1546060065 201902171225
1550428004 51.4087686901 201902171226
1550428064 51.2717732011 201902171227
1550428124 51.2447346177 201902171228
1550428184 51.5061075902 201902171229
1550428205 51.2952066400 201902171230
1550428265 51.4322021290 201902171231
1550428325 51.3240477956 201902171232
1550428385 51.2194986066 201902171233
1550428445 51.0284259509 201902171234
1550428505 51.0752928287 201902171235
1550428565 51.1311725676 201902171236
1550428625 51.2789834900 201902171237
1550428685 51.2843912066 201902171238
1550428745 51.4502278512 201902171239
1550428805 51.2321166122 201902171240
1550428828 51.4195841234 201902171240
1550428888 51.2916014955 201902171241
1550428948 51.4213866957 201902171242
1550429008 51.3871378234 201902171243
1550429068 51.0662799676 201902171244
1550429128 51.2429320455 201902171245
1550429188 51.2735757733 201902171246
1550429248 51.0536619620 201902171247
1550429308 51.3204426511 201902171248
1550429368 51.1203571343 201902171249
1550429428 51.3330606567 201902171250
1550429451 50.8914304619 201902171250
1550429511 51.3132323622 201902171251
1550429571 51.3438760900 201902171252
1550429631 51.0374388120 201902171253
1550429691 50.9761513564 201902171254
1550429751 51.0933185509 201902171255
1550429811 50.9779539286 201902171256
1550429871 51.1726317288 201902171257
1550429931 51.4700561457 201902171258
1550429991 51.4556355679 201902171259
1550430051 50.7634478340 201902171300
1550430073 51.4718587179 201902171301
1550430133 51.4880818679 201902171302
1550430193 51.6917725292 201902171303
1550430253 51.0500568176 201902171304
1550430313 51.6106567792 201902171305
1550430373 51.3042195011 201902171306
1550430433 51.0536619620 201902171307
1550430493 50.9797565008 201902171308
1550430553 51.2789834900 201902171309
1550430613 51.1203571343 201902171310
1550430673 51.6124593514 201902171311
1550430696 51.5133178791 201902171311
1550430756 51.4916870124 201902171312
1550430816 51.6413005070 201902171313
1550430876 50.7814735562 201902171314
1550430936 51.7764934237 201902171315
1550430996 50.4948645726 201902171316
1550431056 50.9166664730 201902171317
1550431116 51.0482542453 201902171318
1550431176 50.8896278896 201902171319
1550431236 50.8175250007 201902171320
1550431296 51.1672240121 201902171321
1550431317 51.2032754566 201902171321
1550431377 51.2753783455 201902171322
1550431437 51.1473957176 201902171323
1550431497 51.0698851120 201902171324
1550431557 51.3871378234 201902171325
1550431617 51.0933185509 201902171326
1550431677 51.6214722125 201902171327
1550431737 50.8806150285 201902171328
1550431797 50.6787269394 201902171329
1550431857 51.1113442732 201902171330
1550431917 51.1960651677 201902171331
1550431940 51.4322021290 201902171332
1550432000 50.9527179175 201902171333
1550432060 50.7724606951 201902171334
1550432120 51.4862792957 201902171335
1550432180 51.2771809178 201902171336
1550432240 50.9563230619 201902171337
1550432300 51.1852497343 201902171338
1550432360 51.3150349345 201902171339
1550432420 51.3204426511 201902171340
1550432480 51.7134033959 201902171341
1550432540 51.6611288014 201902171342
1550432563 50.9797565008 201902171342
1550432623 51.5854207680 201902171343
1550432683 50.8571815896 201902171344
1550432743 51.6196696403 201902171345
1550432803 51.5637899013 201902171346
1550432863 51.2771809178 201902171347
1550432923 51.6160644958 201902171348
1550432983 51.6070516347 201902171349
1550433043 51.4430175623 201902171350
1550433103 51.6683390903 201902171351
1550433163 51.5241333124 201902171352
1550433187 51.0500568176 201902171353
1550433247 51.3492838067 201902171354
1550433307 51.4502278512 201902171355
1550433367 51.0104002286 201902171356
1550433427 51.0374388120 201902171357
1550433487 51.0915159787 201902171358
1550433547 51.7206136848 201902171359
1550433607 51.0013873675 201902171400
1550433667 51.5349487458 201902171401
1550433727 50.9509153452 201902171402
1550433787 51.2861937789 201902171403
1550433809 51.6376953625 201902171403
1550433869 51.1870523066 201902171404
1550433929 51.5349487458 201902171405
1550433989 50.5237057282 201902171406
1550434049 51.2681680566 201902171407
1550434109 51.6521159403 201902171408
1550434169 50.9509153452 201902171409
1550434229 51.0374388120 201902171410
1550434289 51.7097982515 201902171411
1550434349 51.4249918401 201902171412
1550434409 51.5403564624 201902171413
1550434430 51.4285969846 201902171413
1550434490 51.5655924736 201902171414
1550434550 51.4051635456 201902171415
1550434610 51.0590696787 201902171416
1550434670 0.0084217280 201902171417
1550434730 0.0048165835 201902171418
1550434790 0.0012114391 201902171419
1550434850 0.0048165835 201902171420
1550434910 51.6088542069 201902171421
1550434970 51.1510008621 201902171422
1550435030 51.1690265843 201902171423
1550435052 51.6665365181 201902171424
1550435112 51.1491982899 201902171425
1550435172 51.8431885960 201902171426
1550435232 50.5038774337 201902171427
1550435292 50.9815590730 201902171428
1550435352 51.7134033959 201902171429
1550435412 50.5669674616 201902171430
1550435472 51.2663654844 201902171431
1550435532 51.5782104791 201902171432
1550435592 51.2807860622 201902171433
1550435652 50.5849931838 201902171434
1550435673 51.4700561457 201902171434
1550435733 51.4394124179 201902171435
1550435793 51.4412149901 201902171436
1550435853 51.2303140399 201902171437
1550435913 51.2735757733 201902171438
1550435973 51.2897989233 201902171439
1550436033 50.8391558674 201902171440
1550436093 51.2699706289 201902171441
1550436153 51.3943481123 201902171442
1550436213 51.3330606567 201902171443
1550436273 51.1942625955 201902171444
1550436293 51.3276529400 201902171444
1550436353 50.9869667897 201902171445
1550436413 51.5475667513 201902171446
1550436473 51.0644773953 201902171447
1550436533 51.3889403956 201902171448
1550436593 51.5655924736 201902171449
1550436653 50.6282549172 201902171450
1550436713 51.4141764068 201902171451
1550436773 51.3907429679 201902171452
1550436833 51.3763223901 201902171453
1550436893 51.7079956792 201902171454
1550436914 50.7400143951 201902171455
1550436974 51.6863648126 201902171456
1550437034 51.6539185125 201902171457
1550437094 50.8806150285 201902171458
1550437154 51.3943481123 201902171459
1550437214 51.5079101624 201902171500
1550437274 51.7134033959 201902171501
1550437334 51.4772664346 201902171502
1550437394 51.1780394454 201902171503
1550437454 51.4898844402 201902171504
1550437514 50.9797565008 201902171505
1550437528 51.3456786623 201902171505
1550437588 51.3889403956 201902171506
1550437648 51.6899699570 201902171507
1550437708 51.9044760516 201902171508
1550437768 50.1469681334 201902171509
1550437828 51.2393269011 201902171510
1550437888 51.3745198178 201902171511
1550437948 50.9797565008 201902171512
1550438008 51.2086831732 201902171513
1550438068 51.1528034343 201902171514
1550438128 51.5872233402 201902171515
1550438144 51.0626748231 201902171515
1550438204 51.1095417009 201902171516
1550438264 50.8878253174 201902171517
1550438324 51.8666220349 201902171518
1550438384 51.3582966678 201902171519
1550438444 51.6899699570 201902171520
1550438504 50.8806150285 201902171521
1550438564 51.8900554738 201902171522
1550438624 51.4502278512 201902171523
1550438684 51.5728027625 201902171524
1550438744 51.4376098457 201902171525
1550438758 51.3330606567 201902171525
1550438818 51.0807005454 201902171526
1550438878 51.2411294733 201902171527
1550438938 51.4358072734 201902171528
1550438998 51.3619018123 201902171529
1550439058 51.4249918401 201902171530
1550439118 51.0518593898 201902171531
1550439178 51.0770954009 201902171532
1550439238 51.2213011788 201902171533
1550439298 51.2122883177 201902171534
1550439358 51.4448201346 201902171535
1550439374 51.4610432846 201902171536
1550439434 51.5854207680 201902171537
1550439494 51.6647339459 201902171538
1550439554 50.8175250007 201902171539
1550439614 50.8157224285 201902171540
1550439674 51.4520304235 201902171541
1550439734 50.8049069951 201902171542
1550439794 51.5187255957 201902171543
1550439854 51.5169230235 201902171544
1550439914 51.2465371899 201902171545
1550439974 51.9225017739 201902171546
1550439992 51.4628458568 201902171546
1550440052 50.9689410675 201902171547
1550440112 51.7079956792 201902171548
1550440172 51.3673095289 201902171549
1550440232 51.2879963511 201902171550
1550440292 51.5583821847 201902171551
1550440352 51.3637043845 201902171552
1550440412 51.8143474404 201902171553
1550440472 52.0018149517 201902171554
1550440532 51.8413860238 201902171555
1550440592 51.5151204513 201902171556
1550440607 51.6773519514 201902171556
1550440667 50.9923745064 201902171557
1550440727 51.3204426511 201902171558
1550440787 51.6250773569 201902171559
1550440847 51.7476522682 201902171600
1550440907 51.6701416625 201902171601
1550440967 51.1095417009 201902171602
1550441027 51.2879963511 201902171603
1550441087 51.3312580845 201902171604
1550441147 50.9743487842 201902171605
1550441207 51.5619873291 201902171606
1550441224 51.4249918401 201902171607
1550441284 51.5529744680 201902171608
1550441344 51.5061075902 201902171609
1550441404 51.5277384569 201902171610
1550441464 51.9639609350 201902171611
1550441524 51.1762368732 201902171612
1550441584 51.1095417009 201902171613
1550441644 51.6124593514 201902171614
1550441704 50.9959796508 201902171615
1550441764 51.5583821847 201902171616
1550441824 51.4087686901 201902171617
1550441843 51.3114297900 201902171617
1550441903 51.2771809178 201902171618
1550441963 51.3997558290 201902171619
1550442023 51.3132323622 201902171620
1550442083 51.7602702737 201902171621
1550442143 51.4430175623 201902171622
1550442203 51.5169230235 201902171623
1550442263 51.4358072734 201902171624
1550442323 50.9797565008 201902171625
1550442383 0.0048165835 201902171626
1550442443 0.0048165835 201902171627
1550442456 -0.0041962776 201902171627
1550442516 -0.0023937054 201902171628
1550442576 0.0012114391 201902171629
1550442636 51.4484252790 201902171630
1550442696 51.5349487458 201902171631
1550442756 51.2735757733 201902171632
1550442816 51.4159789790 201902171633
1550442876 51.5331461735 201902171634
1550442936 51.1600137232 201902171635
1550442996 50.8355507229 201902171636
1550443056 50.9905719342 201902171637
1550443070 51.3510863789 201902171637
1550443130 51.5421590347 201902171638
1550443190 51.3042195011 201902171639
1550443250 50.9689410675 201902171640
1550443310 51.1672240121 201902171641
1550443370 51.1654214399 201902171642
1550443430 50.9310870508 201902171643
1550443490 50.8968381785 201902171644
1550443550 51.6755493792 201902171645
1550443610 51.5728027625 201902171646
1550443670 51.1095417009 201902171647
1550443689 51.0608722509 201902171648
1550443749 50.8914304619 201902171649
1550443809 51.1600137232 201902171650
1550443869 50.9400999119 201902171651
1550443929 51.6106567792 201902171652
1550443989 50.9382973397 201902171653
1550444049 51.4844767235 201902171654
1550444109 51.6358927903 201902171655
1550444169 51.3510863789 201902171656
1550444229 51.1708291565 201902171657
1550444289 50.9184690452 201902171658
1550444311 51.8485963127 201902171658
1550444371 51.1654214399 201902171659
1550444431 50.9581256341 201902171700
1550444491 51.7242188293 201902171701
1550444551 51.2970092122 201902171702
1550444611 51.2122883177 201902171703
1550444671 51.5908284847 201902171704
1550444731 51.5097127346 201902171705
1550444791 50.9382973397 201902171706
1550444851 50.7958941340 201902171707
1550444911 51.4340047012 201902171708
1550444930 51.3600992400 201902171708
1550444990 51.6070516347 201902171709
1550445050 51.2735757733 201902171710
1550445110 51.9315146350 201902171711
1550445170 51.7638754182 201902171712
1550445230 51.5601847569 201902171713
1550445290 50.9202716174 201902171714
1550445350 51.0734902565 201902171715
1550445410 51.1077391287 201902171716
1550445470 51.5926310569 201902171717
1550445530 51.4700561457 201902171718
1550445550 51.4772664346 201902171719
1550445610 50.7742632673 201902171720
1550445670 51.3312580845 201902171721
1550445730 51.3564940956 201902171722
1550445790 51.4484252790 201902171723
1550445850 51.6106567792 201902171724
1550445910 51.5529744680 201902171725
1550445970 51.4358072734 201902171726
1550446030 51.0716876842 201902171727
1550446090 51.0734902565 201902171728
1550446150 51.4466227068 201902171729
1550446168 51.3366658011 201902171729
1550446228 51.3889403956 201902171730
1550446288 51.0284259509 201902171731
1550446348 51.3600992400 201902171732
1550446408 51.3673095289 201902171733
1550446468 51.2952066400 201902171734
1550446528 50.8247352896 201902171735
1550446588 51.3564940956 201902171736
1550446648 51.7386394070 201902171737
1550446708 51.3222452233 201902171738
1550446768 51.6070516347 201902171739
1550446788 51.2663654844 201902171739
1550446848 51.7963217182 201902171740
1550446908 51.0013873675 201902171741
1550446968 51.1780394454 201902171742
1550447028 50.8355507229 201902171743
1550447088 51.1329751398 201902171744
1550447148 51.1419880010 201902171745
1550447208 51.2843912066 201902171746
1550447268 51.5115153068 201902171747
1550447328 51.4826741513 201902171748
1550447388 51.7837037126 201902171749
1550447409 51.4700561457 201902171750
1550447469 50.8914304619 201902171751
1550447529 51.7134033959 201902171752
1550447589 51.3276529400 201902171753
1550447649 50.9058510396 201902171754
1550447709 51.4952921568 201902171755
1550447769 51.2537474788 201902171756
1550447829 51.0752928287 201902171757
1550447889 51.6358927903 201902171758
1550447949 51.6034464903 201902171759
1550448009 51.2483397622 201902171800
1550448029 51.2140908899 201902171800
1550448089 51.7422445515 201902171801
1550448149 51.3745198178 201902171802
1550448209 51.2032754566 201902171803
1550448269 51.2916014955 201902171804
1550448329 51.4105712623 201902171805
1550448389 51.4394124179 201902171806
1550448449 51.4826741513 201902171807
1550448509 51.0680825398 201902171808
1550448569 51.4610432846 201902171809
1550448629 0.0012114391 201902171810
1550448648 -0.0005911331 201902171810
1550448708 51.6196696403 201902171811
1550448768 51.0194130897 201902171812
1550448828 51.6431030792 201902171813
1550448888 50.7183835284 201902171814
1550448948 51.6647339459 201902171815
1550449008 51.5097127346 201902171816
1550449068 51.2573526233 201902171817
1550449128 51.7728882793 201902171818
1550449188 51.3456786623 201902171819
1550449248 50.8950356063 201902171820
1550449269 51.0049925120 201902171821
1550449329 51.3546915234 201902171822
1550449389 50.1740067168 201902171823
1550449449 51.4610432846 201902171824
1550449509 51.1942625955 201902171825
1550449569 51.5782104791 201902171826
1550449629 51.2663654844 201902171827
1550449689 51.2609577677 201902171828
1550449749 51.7440471237 201902171829
1550449809 51.4394124179 201902171830
1550449869 51.5619873291 201902171831
1550449889 50.8806150285 201902171831
1550449949 51.7440471237 201902171832
1550450009 51.5115153068 201902171833
1550450069 51.6809570959 201902171834
1550450129 51.4826741513 201902171835
1550450189 51.1996703121 201902171836
1550450249 51.6034464903 201902171837
1550450309 51.7116008237 201902171838
1550450369 51.3546915234 201902171839
1550450429 50.9094561841 201902171840
1550450489 51.3871378234 201902171841
1550450512 51.4249918401 201902171841
1550450572 51.1455931454 201902171842
1550450632 51.4574381401 201902171843
1550450692 51.5619873291 201902171844
1550450752 51.4538329957 201902171845
1550450812 51.1041339843 201902171846
1550450872 51.0770954009 201902171847
1550450932 51.5890259125 201902171848
1550450992 51.3799275345 201902171849
1550451052 51.2393269011 201902171850
1550451112 51.6449056514 201902171851
1550451132 50.9274819063 201902171852
1550451192 51.1978677399 201902171853
1550451252 50.9977822231 201902171854
1550451312 50.3470536503 201902171855
1550451372 51.2771809178 201902171856
1550451432 51.0951211231 201902171857
1550451492 51.1023314120 201902171858
1550451552 51.4700561457 201902171859
1550451612 51.5926310569 201902171900
1550451672 51.5133178791 201902171901
1550451732 50.7670529784 201902171902
1550451751 -0.0005911331 201902171902
1550451811 51.6989828181 201902171903
1550451871 51.2465371899 201902171904
1550451931 51.3889403956 201902171905
1550451991 51.4664510013 201902171906
1550452051 0.0138294447 201902171907
1550452111 51.1834471621 201902171908
1550452171 51.0933185509 201902171909
1550452231 50.8860227452 201902171910
1550452291 50.9833616453 201902171911
1550452351 50.7670529784 201902171912
1550452369 51.5890259125 201902171912
1550452429 51.2609577677 201902171913
1550452489 51.0770954009 201902171914
1550452549 50.7886838451 201902171915
1550452609 51.2879963511 201902171916
1550452669 51.0320310953 201902171917
1550452729 51.4574381401 201902171918
1550452789 51.5349487458 201902171919
1550452849 51.5457641791 201902171920
1550452909 51.4844767235 201902171921
1550452969 51.6539185125 201902171922
1550452991 50.8914304619 201902171923
1550453051 51.2916014955 201902171924
1550453111 51.3997558290 201902171925
1550453171 51.2068806010 201902171926
1550453231 51.1618162954 201902171927
1550453291 51.0897134065 201902171928
1550453351 51.0482542453 201902171929
1550453411 51.6413005070 201902171930
1550453471 51.2573526233 201902171931
1550453531 51.0518593898 201902171932
1550453591 50.9202716174 201902171933
1550453609 51.4087686901 201902171933
1550453669 51.5439616069 201902171934
1550453729 51.3961506845 201902171935
1550453789 50.9869667897 201902171936
1550453849 51.5006998735 201902171937
1550453909 51.5205281680 201902171938
1550453969 50.8950356063 201902171939
1550454029 51.1960651677 201902171940
1550454089 51.6142619236 201902171941
1550454149 51.0572671064 201902171942
1550454209 51.7007853903 201902171943
1550454227 51.6971802459 201902171943
1550454287 51.6539185125 201902171944
1550454347 51.5998413458 201902171945
1550454407 50.7472246840 201902171946
1550454467 51.4718587179 201902171947
1550454527 51.4285969846 201902171948
1550454587 51.5980387736 201902171949
1550454647 51.4682535735 201902171950
1550454707 51.4952921568 201902171951
1550454767 51.1708291565 201902171952
1550454827 51.2988117844 201902171953
1550454846 51.2104857455 201902171954
1550454906 50.9599282064 201902171955
1550454966 51.3114297900 201902171956
1550455026 51.1401854287 201902171957
1550455086 51.3438760900 201902171958
1550455146 51.2699706289 201902171959
1550455206 51.3889403956 201902172000
1550455266 51.9261069183 201902172001
1550455326 51.2753783455 201902172002
1550455386 51.1762368732 201902172003
1550455446 51.3186400789 201902172004
1550455467 51.4628458568 201902172004
1550455527 51.1618162954 201902172005
1550455587 50.7003578061 201902172006
1550455647 51.3564940956 201902172007
1550455707 51.0410439564 201902172008
1550455767 51.0248208064 201902172009
1550455827 51.3132323622 201902172010
1550455887 51.4862792957 201902172011
1550455947 51.0734902565 201902172012
1550456007 51.5079101624 201902172013
1550456067 51.4664510013 201902172014
1550456088 51.2789834900 201902172014
1550456148 51.6539185125 201902172015
1550456208 51.4574381401 201902172016
1550456268 50.8824176007 201902172017
1550456328 51.0770954009 201902172018
1550456388 51.3655069567 201902172019
1550456448 51.6989828181 201902172020
1550456508 50.9563230619 201902172021
1550456568 51.6611288014 201902172022
1550456628 51.4033609734 201902172023
1550456688 51.3637043845 201902172024
1550456708 51.3600992400 201902172025
1550456768 50.9166664730 201902172026
1550456828 51.5331461735 201902172027
1550456888 51.4322021290 201902172028
1550456948 51.5926310569 201902172029
1550457008 51.5619873291 201902172030
1550457068 51.8540040294 201902172031
1550457128 51.2483397622 201902172032
1550457188 51.7260214015 201902172033
1550457248 51.0788979731 201902172034
1550457308 50.9527179175 201902172035
1550457327 51.6989828181 201902172035
1550457387 51.0987262676 201902172036
1550457447 51.5800130514 201902172037
1550457507 51.8161500127 201902172038
1550457567 51.4736612901 201902172039
1550457627 51.6088542069 201902172040
1550457687 51.6611288014 201902172041
1550457747 51.3727172456 201902172042
1550457807 51.3997558290 201902172043
1550457867 51.1690265843 201902172044
1550457927 51.5079101624 201902172045
1550457946 50.9689410675 201902172045
1550458006 51.2807860622 201902172046
1550458066 50.9761513564 201902172047
1550458126 51.2014728844 201902172048
1550458186 51.6214722125 201902172049
1550458246 51.3907429679 201902172050
1550458306 51.5637899013 201902172051
1550458366 51.5836181958 201902172052
1550458426 51.6286825014 201902172053
1550458486 51.4538329957 201902172054
1550458546 51.4916870124 201902172055
1550458568 51.6250773569 201902172056
1550458628 51.4574381401 201902172057
1550458688 51.3024169289 201902172058
1550458748 51.2303140399 201902172059
1550458808 51.1131468454 201902172100
1550458868 51.2411294733 201902172101
1550458928 51.7746908515 201902172102
1550458988 51.1798420177 201902172103
1550459048 51.1834471621 201902172104
1550459108 51.5691976180 201902172105
1550459168 51.7638754182 201902172106
1550459187 51.1437905732 201902172106
1550459247 51.2627603400 201902172107
1550459307 51.8125448682 201902172108
1550459367 51.4412149901 201902172109
1550459427 51.0536619620 201902172110
1550459487 51.0788979731 201902172111
1550459547 51.6070516347 201902172112
1550459607 51.2717732011 201902172113
1550459667 51.5385538902 201902172114
1550459727 51.2249063233 201902172115
1550459787 51.4808715790 201902172116
1550459802 50.9779539286 201902172116
1550459862 51.2231037510 201902172117
1550459922 51.7224162570 201902172118
1550459982 51.4412149901 201902172119
1550460042 51.4033609734 201902172120
1550460102 51.0951211231 201902172121
1550460162 51.4826741513 201902172122
1550460222 51.6809570959 201902172123
1550460282 51.2140908899 201902172124
1550460342 51.5601847569 201902172125
1550460402 50.9653359230 201902172126
1550460418 51.5583821847 201902172126
1550460478 51.8558066016 201902172127
1550460538 51.1852497343 201902172128
1550460598 51.2699706289 201902172129
1550460658 51.4322021290 201902172130
1550460718 51.2753783455 201902172131
1550460778 51.1798420177 201902172132
1550460838 49.6620762052 201902172133
1550460898 50.9995847953 201902172134
1550460958 51.6413005070 201902172135
1550461018 50.9346921952 201902172136
1550461030 51.3871378234 201902172137
1550461090 51.7061931070 201902172138
1550461150 51.4340047012 201902172139
1550461210 51.4484252790 201902172140
1550461270 51.6575236570 201902172141
1550461330 51.3024169289 201902172142
1550461390 51.1564085788 201902172143
1550461450 51.1528034343 201902172144
1550461510 51.6250773569 201902172145
1550461570 51.1636188677 201902172146
1550461630 51.3799275345 201902172147
1550461646 51.4502278512 201902172147
1550461706 51.5457641791 201902172148
1550461766 51.5403564624 201902172149
1550461826 51.2140908899 201902172150
1550461886 51.2663654844 201902172151
1550461946 51.4916870124 201902172152
1550462006 51.3564940956 201902172153
1550462066 51.8666220349 201902172154
1550462126 51.3709146734 201902172155
1550462186 51.1401854287 201902172156
1550462246 51.5746053347 201902172157
1550462260 51.4087686901 201902172157
1550462320 51.1942625955 201902172158
1550462380 51.3564940956 201902172159
1550462440 51.2825886344 201902172200
1550462500 51.6232747847 201902172201
1550462560 51.5818156236 201902172202
1550462620 51.3907429679 201902172203
1550462680 51.5277384569 201902172204
1550462740 51.5313436013 201902172205
1550462800 51.1329751398 201902172206
1550462860 51.1672240121 201902172207
1550462876 51.1672240121 201902172207
1550462936 51.5295410291 201902172208
1550462996 51.2501423344 201902172209
1550463056 51.6737468070 201902172210
1550463116 51.7476522682 201902172211
1550463176 51.6629313736 201902172212
1550463236 51.4033609734 201902172213
1550463296 51.1762368732 201902172214
1550463356 51.2825886344 201902172215
1550463416 51.4231892679 201902172216
1550463476 51.2375243288 201902172217
1550463488 51.2988117844 201902172218
1550463548 51.7079956792 201902172219
1550463608 51.2393269011 201902172220
1550463668 50.8860227452 201902172221
1550463728 51.5313436013 201902172222
1550463788 51.4790690068 201902172223
1550463848 51.6322876458 201902172224
1550463908 51.7206136848 201902172225
1550463968 51.7224162570 201902172226
1550464028 51.3222452233 201902172227
1550464088 51.4844767235 201902172228
1550464101 50.9959796508 201902172228
1550464161 51.2176960344 201902172229
1550464221 51.5169230235 201902172230
1550464281 51.1978677399 201902172231
1550464341 51.3582966678 201902172232
1550464401 51.4988973013 201902172233
1550464461 51.4880818679 201902172234
1550464521 51.7548625571 201902172235
1550464581 51.3781249623 201902172236
1550464641 51.2249063233 201902172237
1550464701 51.7981242904 201902172238
1550464714 51.4069661179 201902172238
1550464774 51.2735757733 201902172239
1550464834 51.6953776737 201902172240
1550464894 51.5836181958 201902172241
1550464954 51.4754638624 201902172242
1550465014 51.3384683734 201902172243
1550465074 51.5583821847 201902172244
1550465134 51.9387249239 201902172245
1550465194 51.2807860622 201902172246
1550465254 51.7458496959 201902172247
1550465314 51.2861937789 201902172248
1550465329 51.4574381401 201902172248
1550465389 51.4358072734 201902172249
1550465449 51.6863648126 201902172250
1550465509 51.0662799676 201902172251
1550465569 51.4069661179 201902172252
1550465629 51.3889403956 201902172253
1550465689 51.6593262292 201902172254
1550465749 51.4033609734 201902172255
1550465809 52.2073081852 201902172256
1550465869 50.8932330341 201902172257
1550465929 51.5728027625 201902172258
1550465945 51.6016439180 201902172259
1550466005 51.3673095289 201902172300
1550466065 51.2429320455 201902172301
1550466125 51.9675660795 201902172302
1550466185 51.1419880010 201902172303
1550466245 51.7152059681 201902172304
1550466305 51.1528034343 201902172305
1550466365 51.7692831349 201902172306
1550466425 51.2339191844 201902172307
1550466485 51.9170940572 201902172308
1550466545 51.4340047012 201902172309
1550466559 51.3619018123 201902172309
1550466619 51.6070516347 201902172310
1550466679 51.4646484290 201902172311
1550466739 51.6016439180 201902172312
1550466799 51.6034464903 201902172313
1550466859 51.1257648510 201902172314
1550466919 51.3799275345 201902172315
1550466979 50.2280838835 201902172316
1550467039 51.2285114677 201902172317
1550467099 51.7746908515 201902172318
1550467159 50.3362382169 201902172319
1550467172 51.6413005070 201902172319
1550467232 51.7656779904 201902172320
1550467292 51.6917725292 201902172321
1550467352 51.4033609734 201902172322
1550467412 51.4898844402 201902172323
1550467472 51.4502278512 201902172324
1550467532 51.5061075902 201902172325
1550467592 51.5115153068 201902172326
1550467652 51.7097982515 201902172327
1550467712 51.1996703121 201902172328
1550467772 52.0342612518 201902172329
1550467784 51.7873088571 201902172329
1550467844 51.5475667513 201902172330
1550467904 50.4642208448 201902172331
1550467964 51.4556355679 201902172332
1550468024 51.3889403956 201902172333
1550468084 51.2194986066 201902172334
1550468144 51.6773519514 201902172335
1550468204 51.2537474788 201902172336
1550468264 51.2140908899 201902172337
1550468324 51.9693686517 201902172338
1550468384 51.1852497343 201902172339
1550468399 51.5746053347 201902172339
1550468459 51.3222452233 201902172340
1550468519 51.6178670681 201902172341
1550468579 51.5079101624 201902172342
1550468639 51.1185545621 201902172343
1550468699 51.2843912066 201902172344
1550468759 51.4916870124 201902172345
1550468819 51.2952066400 201902172346
1550468879 51.6791545237 201902172347
1550468939 51.5691976180 201902172348
1550468999 51.6304850736 201902172349
