1550210395 -1.0000000000 2019021423597
1550210451 51.8305705905 201902150000
1550210511 51.2501423344 201902150001
1550210571 51.4682535735 201902150002
1550210631 51.3420735178 201902150003
1550210691 51.4087686901 201902150004
1550210751 51.6052490625 201902150005
1550210811 51.7981242904 201902150006
1550210871 51.4898844402 201902150007
1550210931 51.2339191844 201902150008
1550210991 51.6647339459 201902150009
1550211033 51.7079956792 201902150010
1550211093 52.1730593130 201902150011
1550211153 51.2753783455 201902150012
1550211213 51.8810426127 201902150013
1550211273 51.7548625571 201902150014
1550211333 51.6827596681 201902150015
1550211393 51.7296265459 201902150016
1550211453 51.7170085404 201902150017
1550211513 51.7837037126 201902150018
1550211573 51.2447346177 201902150019
1550211633 51.7260214015 201902150020
1550211655 51.3312580845 201902150020
1550211715 51.5457641791 201902150021
1550211775 51.8972657627 201902150022
1550211835 51.7692831349 201902150023
1550211895 51.6791545237 201902150024
1550211955 51.0734902565 201902150025
1550212015 51.9549480739 201902150026
1550212075 51.4646484290 201902150027
1550212135 51.1347777121 201902150028
1550212195 51.9621583628 201902150029
1550212255 52.0036175239 201902150030
1550212277 51.8558066016 201902150031
1550212337 51.0861082620 201902150032
1550212397 51.8864503294 201902150033
1550212457 51.5583821847 201902150034
1550212517 51.3492838067 201902150035
1550212577 51.6881673848 201902150036
1550212637 51.6773519514 201902150037
1550212697 51.4700561457 201902150038
1550212757 51.6160644958 201902150039
1550212817 51.1654214399 201902150040
1550212877 51.7079956792 201902150041
1550212899 51.8702271794 201902150041
1550212959 51.6376953625 201902150042
1550213019 50.8157224285 201902150043
1550213079 51.7764934237 201902150044
1550213139 52.0198406740 201902150045
1550213199 51.5872233402 201902150046
1550213259 51.5259358846 201902150047
1550213319 50.2875687669 201902150048
1550213379 51.5854207680 201902150049
1550213439 51.1582111510 201902150050
1550213499 51.9964072351 201902150051
1550213520 51.9098837683 201902150052
1550213580 51.8125448682 201902150053
1550213640 51.6268799292 201902150054
1550213700 51.8810426127 201902150055
1550213760 51.5854207680 201902150056
1550213820 51.6160644958 201902150057
1550213880 51.8251628738 201902150058
1550213940 51.5980387736 201902150059
1550214000 51.5385538902 201902150100
1550214060 51.8197551571 201902150101
1550214120 51.9116863405 201902150102
1550214145 51.4195841234 201902150102
1550214205 51.1888548788 201902150103
1550214265 51.9657635072 201902150104
1550214325 51.7079956792 201902150105
1550214385 51.5439616069 201902150106
1550214445 52.0649049796 201902150107
1550214505 51.1942625955 201902150108
1550214565 52.1874798908 201902150109
1550214625 51.4141764068 201902150110
1550214685 51.9783815128 201902150111
1550214745 51.9585532184 201902150112
1550214766 51.5133178791 201902150112
1550214826 51.8125448682 201902150113
1550214886 51.8377808794 201902150114
1550214946 50.6174394838 201902150115
1550215006 51.6935751015 201902150116
1550215066 51.7530599848 201902150117
1550215126 51.6286825014 201902150118
1550215186 51.4105712623 201902150119
1550215246 51.4322021290 201902150120
1550215306 51.9297120628 201902150121
1550215366 51.4538329957 201902150122
1550215387 50.7273963895 201902150123
1550215447 51.7837037126 201902150124
1550215507 51.7278239737 201902150125
1550215567 51.8630168905 201902150126
1550215627 52.1207847185 201902150127
1550215687 51.5511718958 201902150128
1550215747 51.5890259125 201902150129
1550215807 50.3722896614 201902150130
1550215867 51.3024169289 201902150131
1550215927 51.7422445515 201902150132
1550215987 51.6737468070 201902150133
1550216011 50.3146073502 201902150133
1550216071 51.2988117844 201902150134
1550216131 51.8612143183 201902150135
1550216191 51.2555500511 201902150136
1550216251 51.9243043461 201902150137
1550216311 51.9062786239 201902150138
1550216371 51.4231892679 201902150139
1550216431 51.5187255957 201902150140
1550216491 51.8251628738 201902150141
1550216551 51.9946046628 201902150142
1550216611 50.9671384953 201902150143
1550216637 51.3564940956 201902150143
1550216697 51.9909995184 201902150144
1550216757 51.8233603016 201902150145
1550216817 51.9711712239 201902150146
1550216877 51.2591551955 201902150147
1550216937 51.8630168905 201902150148
1550216997 51.7819011404 201902150149
1550217057 51.4141764068 201902150150
1550217117 51.9261069183 201902150151
1550217177 51.5962362014 201902150152
1550217237 51.6413005070 201902150153
1550217258 51.8738323238 201902150154
1550217318 51.3348632289 201902150155
1550217378 51.8359783071 201902150156
1550217438 51.8558066016 201902150157
1550217498 51.5691976180 201902150158
1550217558 51.5601847569 201902150159
1550217618 52.1009564240 201902150200
1550217678 51.6142619236 201902150201
1550217738 51.5169230235 201902150202
1550217798 51.3835326790 201902150203
1550217858 51.7025879626 201902150204
1550217882 50.0892858223 201902150204
1550217942 51.3186400789 201902150205
1550218002 52.3533165354 201902150206
1550218062 51.8630168905 201902150207
1550218122 51.8666220349 201902150208
1550218182 51.8738323238 201902150209
1550218242 51.2501423344 201902150210
1550218302 51.7566651293 201902150211
1550218362 51.7999268627 201902150212
1550218422 51.3979532567 201902150213
1550218482 51.9206992017 201902150214
1550218504 52.2469647742 201902150215
1550218564 51.1600137232 201902150216
1550218624 51.8377808794 201902150217
1550218684 51.7566651293 201902150218
1550218744 51.8558066016 201902150219
1550218804 51.8702271794 201902150220
1550218864 51.6665365181 201902150221
1550218924 50.5561520282 201902150222
1550218984 51.3907429679 201902150223
1550219044 52.0937461351 201902150224
1550219104 51.9315146350 201902150225
1550219126 51.5673950458 201902150225
1550219186 51.8413860238 201902150226
1550219246 51.8089397238 201902150227
1550219306 51.6250773569 201902150228
1550219366 51.8558066016 201902150229
1550219426 51.4159789790 201902150230
1550219486 51.8756348961 201902150231
1550219546 51.4844767235 201902150232
1550219606 51.4574381401 201902150233
1550219666 52.2037030408 201902150234
1550219726 51.7368368348 201902150235
1550219750 52.0486818295 201902150235
1550219810 51.3186400789 201902150236
1550219870 51.8630168905 201902150237
1550219930 51.4700561457 201902150238
1550219990 51.6755493792 201902150239
1550220050 51.5097127346 201902150240
1550220110 51.4862792957 201902150241
1550220170 51.8107422960 201902150242
1550220230 51.5746053347 201902150243
1550220290 51.8467937405 201902150244
1550220350 51.2916014955 201902150245
1550220373 51.6106567792 201902150246
1550220433 51.7782959960 201902150247
1550220493 51.7206136848 201902150248
1550220553 51.6863648126 201902150249
1550220613 51.5097127346 201902150250
1550220673 52.1045615685 201902150251
1550220733 51.9909995184 201902150252
1550220793 51.4466227068 201902150253
1550220853 51.7999268627 201902150254
1550220913 51.5998413458 201902150255
1550220973 51.1095417009 201902150256
1550220974 51.7476522682 201902150256
1550221034 51.5872233402 201902150257
1550221094 51.9891969462 201902150258
1550221154 51.3492838067 201902150259
1550221214 51.5006998735 201902150300
1550221274 51.5619873291 201902150301
1550221334 51.4736612901 201902150302
1550221394 51.2321166122 201902150303
1550221454 51.8035320071 201902150304
1550221514 51.8503988849 201902150305
1550221574 51.5061075902 201902150306
1550221634 51.5908284847 201902150307
1550221661 51.9621583628 201902150307
1550221721 51.7278239737 201902150308
1550221781 51.4105712623 201902150309
1550221841 51.2807860622 201902150310
1550221901 51.3006143567 201902150311
1550221961 52.1117718574 201902150312
1550222021 51.1636188677 201902150313
1550222081 51.7278239737 201902150314
1550222141 51.8936606183 201902150315
1550222201 51.4664510013 201902150316
1550222261 51.5187255957 201902150317
1550222285 51.6989828181 201902150318
1550222345 51.8467937405 201902150319
1550222405 51.4159789790 201902150320
1550222465 49.7161533719 201902150321
1550222525 51.7764934237 201902150322
1550222585 51.8161500127 201902150323
1550222645 52.0540895462 201902150324
1550222705 51.7602702737 201902150325
1550222765 51.6160644958 201902150326
1550222825 51.6593262292 201902150327
1550222885 51.6431030792 201902150328
1550222904 51.9044760516 201902150328
1550222964 51.6863648126 201902150329
1550223024 51.7007853903 201902150330
1550223084 0.0048165835 201902150331
1550223144 49.7233636608 201902150332
1550223204 51.8828451850 201902150333
1550223264 51.3619018123 201902150334
1550223324 51.9405274961 201902150335
1550223384 51.9188966294 201902150336
1550223444 51.7332316904 201902150337
1550223504 51.7368368348 201902150338
1550223529 51.8540040294 201902150338
1550223589 51.9116863405 201902150339
1550223649 51.2717732011 201902150340
1550223709 51.9243043461 201902150341
1550223769 51.6431030792 201902150342
1550223829 51.6755493792 201902150343
1550223889 51.7061931070 201902150344
1550223949 51.4898844402 201902150345
1550224009 51.4844767235 201902150346
1550224069 51.3294555122 201902150347
1550224129 51.3763223901 201902150348
1550224152 51.6971802459 201902150349
1550224212 51.3528889512 201902150350
1550224272 51.3240477956 201902150351
1550224332 51.7602702737 201902150352
1550224392 51.3673095289 201902150353
1550224452 51.3330606567 201902150354
1550224512 51.6304850736 201902150355
1550224572 51.7260214015 201902150356
1550224632 51.5421590347 201902150357
1550224692 51.5133178791 201902150358
1550224752 51.9729737961 201902150359
1550224772 51.9297120628 201902150359
1550224832 51.7097982515 201902150400
1550224892 51.4051635456 201902150401
1550224952 51.2122883177 201902150402
1550225012 51.8864503294 201902150403
1550225072 51.6394979347 201902150404
1550225132 51.7927165738 201902150405
1550225192 51.9333172072 201902150406
1550225252 52.0919435629 201902150407
1550225312 51.5061075902 201902150408
1550225372 51.5439616069 201902150409
1550225395 51.4574381401 201902150409
1550225455 51.3114297900 201902150410
1550225515 51.8251628738 201902150411
1550225575 51.2807860622 201902150412
1550225635 51.6196696403 201902150413
1550225695 51.4213866957 201902150414
1550225755 51.8449911683 201902150415
1550225815 51.8756348961 201902150416
1550225875 51.5349487458 201902150417
1550225935 51.6232747847 201902150418
1550225995 51.5565796124 201902150419
1550226010 50.5651648893 201902150420
1550226063 51.4682535735 201902150421
1550226123 -0.0059988498 201902150422
1550226183 -0.0059988498 201902150423
1550226243 -0.0059988498 201902150424
1550226303 -0.0059988498 201902150425
1550226363 -0.0059988498 201902150426
1550226423 -0.0059988498 201902150427
1550226483 -0.0059988498 201902150428
1550226543 -0.0059988498 201902150429
1550226603 -0.0059988498 201902150430
1550226663 -0.0059988498 201902150431
1550226723 -0.0059988498 201902150432
1550226783 -0.0059988498 201902150433
1550226843 -0.0059988498 201902150434
1550226903 -0.0059988498 201902150435
1550226963 -0.0059988498 201902150436
1550227023 -0.0059988498 201902150437
1550227083 -0.0059988498 201902150438
1550227143 -0.0059988498 201902150439
1550227203 -0.0059988498 201902150440
1550227263 -0.0059988498 201902150441
1550227323 -0.0059988498 201902150442
1550227383 -0.0059988498 201902150443
1550227443 -0.0059988498 201902150444
1550227503 -0.0059988498 201902150445
1550227563 -0.0059988498 201902150446
1550227623 -0.0059988498 201902150447
1550227683 -0.0059988498 201902150448
1550227743 -0.0059988498 201902150449
1550227803 -0.0059988498 201902150450
1550227863 -0.0059988498 201902150451
1550227923 -0.0059988498 201902150452
1550227983 -0.0059988498 201902150453
1550228043 51.3528889512 201902150454
1550228103 51.3078246456 201902150455
1550228163 51.2303140399 201902150456
1550228223 51.4880818679 201902150457
1550228283 51.5133178791 201902150458
1550228343 51.6503133681 201902150459
1550228403 51.0662799676 201902150500
1550228454 50.6408729227 201902150500
1550228514 50.7958941340 201902150501
1550228574 51.3781249623 201902150502
1550228634 50.0946935389 201902150503
1550228694 50.5363237338 201902150504
1550228754 50.8752073118 201902150505
1550228814 50.8571815896 201902150506
1550228874 50.1523758501 201902150507
1550228934 51.1383828565 201902150508
1550228994 50.8824176007 201902150509
1550229054 50.8229327174 201902150510
1550229114 50.4047359614 201902150511
1550229142 50.9220741897 201902150512
1550229202 51.5349487458 201902150513
1550229262 50.9563230619 201902150514
1550229322 51.2014728844 201902150515
1550229382 50.4137488225 201902150516
1550229442 50.4119462503 201902150517
1550229502 50.6354652061 201902150518
1550229562 50.3344356447 201902150519
1550229622 50.1812170057 201902150520
1550229682 50.1325475556 201902150521
1550229742 50.0207880778 201902150522
1550229769 50.3164099225 201902150522
1550229829 49.7197585164 201902150523
1550229889 50.3813025225 201902150524
1550229949 50.5741777505 201902150525
1550230009 50.4498002670 201902150526
1550230069 50.1289424112 201902150527
1550230129 50.2677404724 201902150528
1550230189 49.9685134833 201902150529
1550230249 50.2749507613 201902150530
1550230309 49.5737501662 201902150531
1550230369 49.5809604551 201902150532
1550230393 50.1019038278 201902150533
1550230453 50.2208735946 201902150534
1550230513 50.3614742281 201902150535
1550230573 49.8657668665 201902150536
1550230633 50.2497147502 201902150537
1550230693 50.3146073502 201902150538
1550230753 49.8765822998 201902150539
1550230813 50.4858517115 201902150540
1550230873 50.6895423728 201902150541
1550230933 50.1091141167 201902150542
1550230993 50.4389848337 201902150543
1550231015 49.9252517499 201902150543
1550231075 50.2749507613 201902150544
1550231135 50.4389848337 201902150545
1550231195 50.3308305002 201902150546
1550231255 50.0334060833 201902150547
1550231315 50.5074825782 201902150548
1550231375 50.2316890279 201902150549
1550231435 50.6769243672 201902150550
1550231495 49.7738356831 201902150551
1550231555 50.1740067168 201902150552
1550231615 50.3650793725 201902150553
1550231639 50.1776118612 201902150553
1550231699 50.2028478724 201902150554
1550231759 50.4029333892 201902150555
1550231819 50.3975256725 201902150556
1550231879 50.4570105559 201902150557
1550231939 50.2100581613 201902150558
1550231999 50.2947790558 201902150559
1550232059 50.3164099225 201902150600
1550232119 50.3416459336 201902150601
1550232179 49.9613031944 201902150602
1550232239 49.7017327941 201902150603
1550232259 50.4191565392 201902150604
1550232319 50.6246497727 201902150605
1550232379 50.8103147118 201902150606
1550232439 50.4714311337 201902150607
1550232499 50.4642208448 201902150608
1550232559 50.1758092890 201902150609
1550232619 50.0370112278 201902150610
1550232679 50.1181269778 201902150611
1550232739 50.5669674616 201902150612
1550232799 50.3614742281 201902150613
1550232859 50.2479121780 201902150614
1550232880 50.0532343778 201902150614
1550232940 50.1794144334 201902150615
1550233000 50.0171829333 201902150616
1550233060 49.5431064384 201902150617
1550233120 49.9613031944 201902150618
1550233180 50.0982986834 201902150619
1550233240 50.2208735946 201902150620
1550233300 50.4516028392 201902150621
1550233360 49.9829340611 201902150622
1550233420 50.3704870892 201902150623
1550233480 50.7255938173 201902150624
1550233505 49.9270543221 201902150625
1550233565 50.3794999503 201902150626
1550233625 50.5723751782 201902150627
1550233685 50.4191565392 201902150628
1550233745 50.6895423728 201902150629
1550233805 50.0928909667 201902150630
1550233865 49.7810459720 201902150631
1550233925 50.3452510780 201902150632
1550233985 50.0874832500 201902150633
1550234045 50.3578690836 201902150634
1550234105 50.3019893447 201902150635
1550234127 50.3434485058 201902150635
1550234187 50.3524613669 201902150636
1550234247 50.6534909283 201902150637
1550234307 50.4516028392 201902150638
1550234367 50.1866247223 201902150639
1550234427 50.4389848337 201902150640
1550234487 50.6552935005 201902150641
1550234547 50.3344356447 201902150642
1550234607 50.2893713391 201902150643
1550234667 49.9144363165 201902150644
1550234727 50.4912594282 201902150645
1550234749 50.2893713391 201902150645
1550234809 50.4642208448 201902150646
1550234869 49.9919469222 201902150647
1550234929 50.5777828949 201902150648
1550234989 50.1920324390 201902150649
1550235049 50.4083411059 201902150650
1550235109 50.3524613669 201902150651
1550235169 50.2641353280 201902150652
1550235229 50.1956375835 201902150653
1550235289 50.1109166889 201902150654
1550235349 50.4498002670 201902150655
1550235373 50.3975256725 201902150656
1550235433 50.1055089723 201902150657
1550235493 49.5593295885 201902150658
1550235553 50.1001012556 201902150659
1550235613 50.6048214783 201902150700
1550235673 50.7273963895 201902150701
1550235733 50.2605301835 201902150702
1550235793 49.9613031944 201902150703
1550235853 50.4642208448 201902150704
1550235913 50.4912594282 201902150705
1550235973 50.3560665114 201902150706
1550235994 50.1001012556 201902150706
1550236054 49.6043938941 201902150707
1550236114 50.2226761668 201902150708
1550236174 50.5291134449 201902150709
1550236234 50.2983842002 201902150710
1550236294 50.1253372667 201902150711
1550236354 50.4714311337 201902150712
1550236414 50.2190710224 201902150713
1550236474 50.2046504446 201902150714
1550236534 50.4425899781 201902150715
1550236594 50.3272253558 201902150716
1550236616 49.3916903716 201902150716
1550236676 50.4912594282 201902150717
1550236736 50.4083411059 201902150718
1550236796 49.8062819831 201902150719
1550236856 49.9234491777 201902150720
1550236916 50.5489417393 201902150721
1550236976 49.9396723277 201902150722
1550237036 50.1902298668 201902150723
1550237096 50.5723751782 201902150724
1550237156 50.8247352896 201902150725
1550237216 49.9288568943 201902150726
1550237240 50.1451655612 201902150727
1550237300 50.2713456169 201902150728
1550237360 50.2100581613 201902150729
1550237420 0.0066191558 201902150730
1550237480 0.0066191558 201902150731
1550237540 -0.0023937054 201902150732
1550237544 0.0120268724 201902150732
1550237604 -0.0059988498 201902150733
1550237664 0.0048165835 201902150734
1550237724 0.0048165835 201902150735
1550237784 0.0048165835 201902150736
1550237844 0.0048165835 201902150737
1550237904 0.0048165835 201902150738
1550237964 0.0048165835 201902150739
1550238024 0.0048165835 201902150740
1550238084 0.0048165835 201902150741
1550238144 0.0048165835 201902150742
1550238204 0.0048165835 201902150743
1550238264 0.0048165835 201902150744
1550238324 0.0048165835 201902150745
1550238384 0.0048165835 201902150746
1550238444 50.5687700338 201902150747
1550238486 50.3416459336 201902150748
1550238546 50.7508298284 201902150749
1550238606 50.5651648893 201902150750
1550238666 51.2897989233 201902150751
1550238726 51.0969236954 201902150752
1550238786 51.1491982899 201902150753
1550238846 50.8950356063 201902150754
1550238906 51.3943481123 201902150755
1550238966 50.7994992784 201902150756
1550239026 51.0031899397 201902150757
1550239086 51.2285114677 201902150758
1550239110 50.9581256341 201902150758
1550239170 51.0031899397 201902150759
1550239230 51.1528034343 201902150800
1550239290 51.3799275345 201902150801
1550239350 51.7188111126 201902150802
1550239410 51.0446491009 201902150803
1550239470 51.2339191844 201902150804
1550239530 51.0140053731 201902150805
1550239590 51.7710857071 201902150806
1550239650 51.4213866957 201902150807
1550239710 51.4394124179 201902150808
1550239730 51.5043050180 201902150808
1550239790 51.7837037126 201902150809
1550239850 51.5169230235 201902150810
1550239910 51.1528034343 201902150811
1550239970 51.1185545621 201902150812
1550240030 51.6413005070 201902150813
1550240090 51.5295410291 201902150814
1550240150 51.6214722125 201902150815
1550240210 51.3528889512 201902150816
1550240270 51.2609577677 201902150817
1550240330 0.0012114391 201902150818
1550240351 0.0066191558 201902150819
1550240411 51.4484252790 201902150820
1550240471 51.9351197794 201902150821
1550240531 51.2050780288 201902150822
1550240591 51.3979532567 201902150823
1550240651 51.0085976564 201902150824
1550240711 50.9887693619 201902150825
1550240771 51.6971802459 201902150826
1550240831 51.2158934621 201902150827
1550240891 51.9495403572 201902150828
1550240951 51.5944336291 201902150829
1550240975 51.8828451850 201902150829
1550241035 51.2285114677 201902150830
1550241095 51.2807860622 201902150831
1550241155 51.4303995568 201902150832
1550241215 -0.0023937054 201902150833
1550241275 0.0066191558 201902150834
1550241335 51.3168375067 201902150835
1550241395 51.1600137232 201902150836
1550241455 51.5782104791 201902150837
1550241515 51.7007853903 201902150838
1550241575 51.3745198178 201902150839
1550241595 51.3907429679 201902150839
1550241655 51.5205281680 201902150840
1550241715 51.7043905348 201902150841
1550241775 51.3943481123 201902150842
1550241835 50.2533198946 201902150843
1550241895 51.3546915234 201902150844
1550241955 52.0739178407 201902150845
1550242015 51.3510863789 201902150846
1550242075 51.1041339843 201902150847
1550242135 51.4430175623 201902150848
1550242195 51.2825886344 201902150849
1550242218 51.6935751015 201902150850
1550242278 51.1870523066 201902150851
1550242338 51.2645629122 201902150852
1550242398 51.3853352512 201902150853
1550242458 51.1780394454 201902150854
1550242518 51.4538329957 201902150855
1550242578 51.1834471621 201902150856
1550242638 51.2321166122 201902150857
1550242698 51.6863648126 201902150858
1550242758 50.8878253174 201902150859
1550242818 51.2879963511 201902150900
1550242842 50.7165809561 201902150900
1550242902 50.5255083004 201902150901
1550242962 50.8842201730 201902150902
1550243022 50.5885983283 201902150903
1550243082 51.2916014955 201902150904
1550243142 51.1636188677 201902150905
1550243202 51.4358072734 201902150906
1550243262 50.9220741897 201902150907
1550243322 51.2934040678 201902150908
1550243382 51.3655069567 201902150909
1550243442 50.7346066784 201902150910
1550243465 51.5547770402 201902150911
1550243525 51.0248208064 201902150912
1550243585 51.1726317288 201902150913
1550243645 50.5561520282 201902150914
1550243705 51.2681680566 201902150915
1550243765 51.1239622787 201902150916
1550243825 51.6467082236 201902150917
1550243885 51.5097127346 201902150918
1550243945 51.1455931454 201902150919
1550244005 51.5349487458 201902150920
1550244065 51.4322021290 201902150921
1550244085 51.3673095289 201902150921
1550244145 51.5133178791 201902150922
1550244205 51.2663654844 201902150923
1550244265 51.0230182342 201902150924
1550244325 51.1978677399 201902150925
1550244385 51.3817301067 201902150926
1550244445 51.4988973013 201902150927
1550244505 51.4646484290 201902150928
1550244565 50.4173539670 201902150929
1550244625 51.2988117844 201902150930
1550244685 50.9292844786 201902150931
1550244708 51.6665365181 201902150931
1550244768 51.1834471621 201902150932
1550244828 50.8067095673 201902150933
1550244888 51.3979532567 201902150934
1550244948 51.3294555122 201902150935
1550245008 51.2086831732 201902150936
1550245068 51.2807860622 201902150937
1550245128 51.5926310569 201902150938
1550245188 51.4772664346 201902150939
1550245248 51.0969236954 201902150940
1550245308 50.8553790174 201902150941
1550245332 51.3150349345 201902150942
1550245392 51.4844767235 201902150943
1550245452 51.5205281680 201902150944
1550245512 51.2411294733 201902150945
1550245572 51.2231037510 201902150946
1550245632 51.5403564624 201902150947
1550245692 50.1379552723 201902150948
1550245752 51.6629313736 201902150949
1550245812 51.6160644958 201902150950
1550245872 51.0951211231 201902150951
1550245932 51.2861937789 201902150952
1550245954 51.1401854287 201902150952
1550246014 50.9653359230 201902150953
1550246074 51.7440471237 201902150954
1550246134 51.8017294349 201902150955
1550246194 51.5133178791 201902150956
1550246254 51.6503133681 201902150957
1550246314 51.2916014955 201902150958
1550246374 51.2537474788 201902150959
1550246434 51.5187255957 201902151000
1550246494 50.7850787007 201902151001
1550246554 0.0030140113 201902151002
1550246576 51.7873088571 201902151002
1550246636 51.1473957176 201902151003
1550246696 51.5006998735 201902151004
1550246756 50.9941770786 201902151005
1550246816 51.6611288014 201902151006
1550246876 51.7386394070 201902151007
1550246936 51.5565796124 201902151008
1550246996 51.3528889512 201902151009
1550247056 51.2916014955 201902151010
1550247116 51.3673095289 201902151011
1550247176 51.4610432846 201902151012
1550247182 50.8337481507 201902151013
1550247242 51.5908284847 201902151014
1550247302 51.3709146734 201902151015
1550247362 51.2158934621 201902151016
1550247422 51.3204426511 201902151017
1550247482 51.0969236954 201902151018
1550247542 51.0482542453 201902151019
1550247602 51.3889403956 201902151020
1550247662 50.9545204897 201902151021
1550247722 50.7598426895 201902151022
1550247782 51.0518593898 201902151023
1550247842 51.0464516731 201902151024
1550247871 51.1311725676 201902151024
1550247931 51.2663654844 201902151025
1550247991 51.5295410291 201902151026
1550248051 51.5980387736 201902151027
1550248111 51.2789834900 201902151028
1550248171 51.3384683734 201902151029
1550248231 51.2140908899 201902151030
1550248291 50.2695430446 201902151031
1550248351 51.6088542069 201902151032
1550248411 51.1978677399 201902151033
1550248471 51.8089397238 201902151034
1550248491 51.6196696403 201902151034
1550248551 51.5475667513 201902151035
1550248611 51.5205281680 201902151036
1550248671 51.3600992400 201902151037
1550248731 51.1365802843 201902151038
1550248791 51.3889403956 201902151039
1550248851 51.6449056514 201902151040
1550248911 51.2231037510 201902151041
1550248971 51.5367513180 201902151042
1550249031 51.2249063233 201902151043
1550249091 52.1297975796 201902151044
1550249115 51.3889403956 201902151045
1550249175 51.3348632289 201902151046
1550249235 51.4844767235 201902151047
1550249295 51.3835326790 201902151048
1550249355 51.5691976180 201902151049
1550249415 51.1942625955 201902151050
1550249475 51.5439616069 201902151051
1550249535 51.8576091738 201902151052
1550249595 51.2014728844 201902151053
1550249655 51.6232747847 201902151054
1550249715 51.7674805626 201902151055
1550249736 51.6539185125 201902151055
1550249796 51.7386394070 201902151056
1550249856 51.5601847569 201902151057
1550249916 51.3835326790 201902151058
1550249976 51.1239622787 201902151059
1550250036 50.9022458952 201902151100
1550250096 51.9964072351 201902151101
1550250156 51.7746908515 201902151102
1550250216 51.5043050180 201902151103
1550250276 51.1221597065 201902151104
1550250336 51.0698851120 201902151105
1550250359 51.4826741513 201902151105
1550250419 50.9148639008 201902151106
1550250479 50.5597571727 201902151107
1550250539 51.6449056514 201902151108
1550250599 51.2303140399 201902151109
1550250659 51.1149494176 201902151110
1550250719 51.1942625955 201902151111
1550250779 51.6268799292 201902151112
1550250839 51.5836181958 201902151113
1550250899 51.4285969846 201902151114
1550250959 51.0067950842 201902151115
1550250983 51.1906574510 201902151116
1550251043 51.4231892679 201902151117
1550251103 51.6250773569 201902151118
1550251163 51.4033609734 201902151119
1550251223 51.4087686901 201902151120
1550251283 50.6570960728 201902151121
1550251343 51.3420735178 201902151122
1550251403 51.4340047012 201902151123
1550251463 51.1113442732 201902151124
1550251523 51.3600992400 201902151125
1550251583 51.2555500511 201902151126
1550251603 51.1203571343 201902151126
1550251663 50.9959796508 201902151127
1550251723 51.3438760900 201902151128
1550251783 51.3510863789 201902151129
1550251843 -0.0041962776 201902151130
1550251903 51.4772664346 201902151131
1550251963 51.1275674232 201902151132
1550252023 51.0644773953 201902151133
1550252083 51.2140908899 201902151134
1550252143 51.6611288014 201902151135
1550252203 51.4520304235 201902151136
1550252225 51.4628458568 201902151137
1550252285 51.5854207680 201902151138
1550252345 51.2897989233 201902151139
1550252405 51.5043050180 201902151140
1550252465 51.2627603400 201902151141
1550252525 51.6521159403 201902151142
1550252585 51.0861082620 201902151143
1550252645 51.4195841234 201902151144
1550252705 51.6935751015 201902151145
1550252765 51.2194986066 201902151146
1550252825 50.9455076286 201902151147
1550252847 51.5710001902 201902151147
1550252907 51.3709146734 201902151148
1550252967 51.1978677399 201902151149
1550253027 51.3348632289 201902151150
1550253087 51.5367513180 201902151151
1550253147 51.3204426511 201902151152
1550253207 51.1491982899 201902151153
1550253267 51.1762368732 201902151154
1550253327 51.0122028009 201902151155
1550253387 51.1113442732 201902151156
1550253447 51.0716876842 201902151157
1550253467 50.9833616453 201902151157
1550253527 51.2393269011 201902151158
1550253587 51.3600992400 201902151159
1550253647 51.4303995568 201902151200
1550253707 51.1239622787 201902151201
1550253767 51.1870523066 201902151202
1550253827 51.0716876842 201902151203
1550253887 51.1546060065 201902151204
1550253947 50.6679115061 201902151205
1550254007 51.3078246456 201902151206
1550254067 51.5818156236 201902151207
1550254092 51.6214722125 201902151208
1550254152 51.0428465287 201902151209
1550254212 51.7909140015 201902151210
1550254272 51.2303140399 201902151211
1550254332 51.4646484290 201902151212
1550254392 51.5421590347 201902151213
1550254452 51.3312580845 201902151214
1550254512 51.4213866957 201902151215
1550254572 51.7152059681 201902151216
1550254632 51.2375243288 201902151217
1550254692 51.3024169289 201902151218
1550254715 51.6503133681 201902151218
1550254775 51.0807005454 201902151219
1550254835 51.3096272178 201902151220
1550254895 51.1131468454 201902151221
1550254955 51.2519449066 201902151222
1550255015 51.1924600232 201902151223
1550255075 51.3222452233 201902151224
1550255135 51.5133178791 201902151225
1550255195 51.7584677015 201902151226
1550255255 51.2916014955 201902151227
1550255315 51.9152914850 201902151228
1550255338 51.2429320455 201902151228
1550255398 51.2050780288 201902151229
1550255458 50.7490272562 201902151230
1550255518 51.0572671064 201902151231
1550255578 51.6485107959 201902151232
1550255638 51.2916014955 201902151233
1550255698 51.3474812345 201902151234
1550255758 51.3961506845 201902151235
1550255818 50.8986407508 201902151236
1550255878 51.2213011788 201902151237
1550255938 50.7904864173 201902151238
1550255959 50.9581256341 201902151239
1550256019 51.0897134065 201902151240
1550256079 51.4448201346 201902151241
1550256139 51.2285114677 201902151242
1550256199 51.2627603400 201902151243
1550256259 51.5908284847 201902151244
1550256319 50.8697995952 201902151245
1550256379 51.0482542453 201902151246
1550256439 50.6805295117 201902151247
1550256499 51.4826741513 201902151248
1550256559 51.3564940956 201902151249
1550256581 50.5471391671 201902151249
1550256641 51.5565796124 201902151250
1550256701 51.0933185509 201902151251
1550256761 51.1221597065 201902151252
1550256821 51.2609577677 201902151253
1550256881 50.8553790174 201902151254
1550256941 50.8661944507 201902151255
1550257001 51.4231892679 201902151256
1550257061 51.3691121012 201902151257
1550257121 51.1744343010 201902151258
1550257181 51.3564940956 201902151259
1550257204 50.7255938173 201902151300
1550257264 51.6665365181 201902151301
1550257324 51.5836181958 201902151302
1550257384 51.6106567792 201902151303
1550257444 50.9256793341 201902151304
1550257504 51.2916014955 201902151305
1550257564 51.3492838067 201902151306
1550257624 51.0536619620 201902151307
1550257684 50.7868812729 201902151308
1550257744 50.9995847953 201902151309
1550257804 51.2861937789 201902151310
1550257824 51.3781249623 201902151310
1550257884 50.7147783839 201902151311
1550257944 51.0843056898 201902151312
1550258004 51.2429320455 201902151313
1550258064 51.5151204513 201902151314
1550258124 51.2321166122 201902151315
1550258184 51.6286825014 201902151316
1550258244 51.2970092122 201902151317
1550258304 51.1924600232 201902151318
1550258364 50.7508298284 201902151319
1550258424 51.3366658011 201902151320
1550258446 51.1059365565 201902151320
1550258506 51.1816445899 201902151321
1550258566 50.9238767619 201902151322
1550258626 51.3799275345 201902151323
1550258686 51.0085976564 201902151324
1550258746 51.3745198178 201902151325
1550258806 51.3276529400 201902151326
1550258866 51.4880818679 201902151327
1550258926 51.4682535735 201902151328
1550258986 51.3384683734 201902151329
1550259046 51.6683390903 201902151330
1550259067 51.0680825398 201902151331
1550259127 51.1960651677 201902151332
1550259187 51.4105712623 201902151333
1550259247 51.6503133681 201902151334
1550259307 51.4844767235 201902151335
1550259367 49.5737501662 201902151336
1550259427 51.3510863789 201902151337
1550259487 51.1401854287 201902151338
1550259547 51.4538329957 201902151339
1550259607 50.6607012172 201902151340
1550259667 51.4646484290 201902151341
1550259688 50.8986407508 201902151341
1550259748 51.0662799676 201902151342
1550259808 51.2321166122 201902151343
1550259868 51.3258503678 201902151344
1550259928 51.3492838067 201902151345
1550259988 51.1834471621 201902151346
1550260048 51.0734902565 201902151347
1550260108 51.1221597065 201902151348
1550260168 51.0933185509 201902151349
1550260228 51.2843912066 201902151350
1550260288 50.5994137616 201902151351
1550260313 51.4592407124 201902151351
1550260373 51.0049925120 201902151352
1550260433 50.6607012172 201902151353
1550260493 51.0320310953 201902151354
1550260553 51.3564940956 201902151355
1550260613 51.5800130514 201902151356
1550260673 51.3420735178 201902151357
1550260733 51.1041339843 201902151358
1550260793 51.2213011788 201902151359
1550260853 51.0085976564 201902151400
1550260913 51.6935751015 201902151401
1550260934 51.7422445515 201902151402
1550260994 51.4412149901 201902151403
1550261054 51.2843912066 201902151404
1550261114 51.4736612901 201902151405
1550261174 50.8013018507 201902151406
1550261234 51.6557210848 201902151407
1550261294 51.4466227068 201902151408
1550261354 -0.0078014220 201902151409
1550261414 0.0048165835 201902151410
1550261474 50.8950356063 201902151411
1550261534 51.1149494176 201902151412
1550261556 51.3096272178 201902151412
1550261616 51.6557210848 201902151413
1550261676 50.8301430062 201902151414
1550261736 50.7364092506 201902151415
1550261796 50.8283404340 201902151416
1550261856 51.2537474788 201902151417
1550261916 51.5673950458 201902151418
1550261976 50.8427610118 201902151419
1550262036 51.6449056514 201902151420
1550262096 51.2519449066 201902151421
1550262156 51.3204426511 201902151422
1550262175 51.8305705905 201902151422
1550262235 51.7819011404 201902151423
1550262295 51.1816445899 201902151424
1550262355 51.0482542453 201902151425
1550262415 51.2429320455 201902151426
1550262475 51.3925455401 201902151427
1550262535 51.1906574510 201902151428
1550262595 50.8806150285 201902151429
1550262655 51.1077391287 201902151430
1550262715 51.4664510013 201902151431
1550262775 50.9527179175 201902151432
1550262795 51.2231037510 201902151433
1550262855 50.8806150285 201902151434
1550262915 50.8968381785 201902151435
1550262975 51.2086831732 201902151436
1550263035 51.2483397622 201902151437
1550263095 51.2609577677 201902151438
1550263155 51.6629313736 201902151439
1550263215 50.8896278896 201902151440
1550263275 51.3835326790 201902151441
1550263335 51.2321166122 201902151442
1550263395 51.5782104791 201902151443
1550263419 51.5565796124 201902151443
1550263479 51.7602702737 201902151444
1550263539 51.2104857455 201902151445
1550263599 50.6588986450 201902151446
1550263659 51.1203571343 201902151447
1550263719 51.0770954009 201902151448
1550263779 51.5295410291 201902151449
1550263839 51.2483397622 201902151450
1550263899 51.1690265843 201902151451
1550263959 50.2983842002 201902151452
1550264019 51.0085976564 201902151453
1550264040 50.9455076286 201902151454
1550264100 50.8842201730 201902151455
1550264160 50.6859372283 201902151456
1550264220 51.2447346177 201902151457
1550264280 51.5349487458 201902151458
1550264340 51.2537474788 201902151459
1550264400 51.1852497343 201902151500
1550264460 51.3907429679 201902151501
1550264520 51.4087686901 201902151502
1550264580 50.9328896230 201902151503
1550264640 51.0392413842 201902151504
1550264663 51.2555500511 201902151504
1550264723 50.8589841618 201902151505
1550264783 50.9941770786 201902151506
1550264843 51.1473957176 201902151507
1550264903 51.2591551955 201902151508
1550264963 51.7206136848 201902151509
1550265023 50.9346921952 201902151510
1550265083 51.4610432846 201902151511
1550265143 51.1023314120 201902151512
1550265203 50.8247352896 201902151513
1550265263 51.4105712623 201902151514
1550265283 51.3402709456 201902151514
1550265343 51.5133178791 201902151515
1550265403 51.2158934621 201902151516
1550265463 50.7255938173 201902151517
1550265523 51.3817301067 201902151518
1550265583 50.7940915618 201902151519
1550265643 50.3542639392 201902151520
1550265703 51.0897134065 201902151521
1550265763 50.8752073118 201902151522
1550265823 51.0338336675 201902151523
1550265883 51.5187255957 201902151524
1550265903 51.3168375067 201902151525
1550265963 50.3344356447 201902151526
1550266023 51.0554645342 201902151527
1550266083 51.2717732011 201902151528
1550266143 50.9815590730 201902151529
1550266203 51.7043905348 201902151530
1550266263 50.8265378618 201902151531
1550266323 50.5741777505 201902151532
1550266383 51.4033609734 201902151533
1550266443 51.1491982899 201902151534
1550266503 51.3655069567 201902151535
1550266521 51.3330606567 201902151535
1550266581 51.0770954009 201902151536
1550266641 51.3745198178 201902151537
1550266701 50.9617307786 201902151538
1550266761 50.9346921952 201902151539
1550266821 51.6521159403 201902151540
1550266881 51.1275674232 201902151541
1550266941 50.8535764452 201902151542
1550267001 50.8463661563 201902151543
1550267061 51.0608722509 201902151544
1550267121 51.5043050180 201902151545
1550267142 51.4303995568 201902151545
1550267202 51.0626748231 201902151546
1550267262 51.6503133681 201902151547
1550267322 50.8301430062 201902151548
1550267382 51.1546060065 201902151549
1550267442 51.0284259509 201902151550
1550267502 51.0518593898 201902151551
1550267562 50.9346921952 201902151552
1550267622 -0.0059988498 201902151553
1550267682 50.1559809945 201902151554
1550267742 -0.0041962776 201902151555
1550267761 -0.0023937054 201902151556
1550267821 -0.0023937054 201902151557
1550267881 0.0102243002 201902151558
1550267941 -0.0005911331 201902151559
1550268001 0.0138294447 201902151600
1550268061 0.0120268724 201902151601
1550268121 -0.0041962776 201902151602
1550268181 51.6827596681 201902151603
1550268241 51.2735757733 201902151604
1550268301 51.3474812345 201902151605
1550268361 51.8305705905 201902151606
1550268378 50.5471391671 201902151606
1550268438 51.0428465287 201902151607
1550268498 50.8319455785 201902151608
1550268558 51.1924600232 201902151609
1550268618 50.7129758117 201902151610
1550268678 51.2970092122 201902151611
1550268738 51.1726317288 201902151612
1550268798 51.2122883177 201902151613
1550268858 51.3474812345 201902151614
1550268918 51.1275674232 201902151615
1550268978 51.4790690068 201902151616
1550268997 51.1455931454 201902151616
1550269057 50.8553790174 201902151617
1550269117 51.3961506845 201902151618
1550269177 50.6138343394 201902151619
1550269237 51.3060220733 201902151620
1550269297 50.5849931838 201902151621
1550269357 50.6859372283 201902151622
1550269417 51.1239622787 201902151623
1550269477 51.4249918401 201902151624
1550269537 51.0320310953 201902151625
1550269597 51.4412149901 201902151626
1550269619 51.4628458568 201902151626
1550269679 51.3619018123 201902151627
1550269739 51.4754638624 201902151628
1550269799 51.6863648126 201902151629
1550269859 51.1762368732 201902151630
1550269919 51.8702271794 201902151631
1550269979 51.5565796124 201902151632
1550270039 51.2735757733 201902151633
1550270099 51.5493693235 201902151634
1550270159 51.2303140399 201902151635
1550270219 51.3871378234 201902151636
1550270238 51.2789834900 201902151637
1550270298 51.4808715790 201902151638
1550270358 51.0320310953 201902151639
1550270418 51.4808715790 201902151640
1550270478 51.0608722509 201902151641
1550270538 51.2357217566 201902151642
1550270598 51.2303140399 201902151643
1550270658 51.4213866957 201902151644
1550270718 51.0374388120 201902151645
1550270778 49.5683424496 201902151646
1550270838 51.0085976564 201902151647
1550270856 51.3546915234 201902151647
1550270916 51.0969236954 201902151648
1550270976 51.0843056898 201902151649
1550271036 51.5746053347 201902151650
1550271096 51.1365802843 201902151651
1550271156 51.5619873291 201902151652
1550271216 50.6120317672 201902151653
1550271276 50.6444780672 201902151654
1550271336 50.7382118228 201902151655
1550271396 51.6557210848 201902151656
1550271456 50.9761513564 201902151657
1550271475 50.9256793341 201902151657
1550271535 51.5079101624 201902151658
1550271595 51.4880818679 201902151659
1550271655 51.4340047012 201902151700
1550271715 51.4087686901 201902151701
1550271775 51.1149494176 201902151702
1550271835 51.4358072734 201902151703
1550271895 51.6719442348 201902151704
1550271955 50.9112587563 201902151705
1550272015 51.3114297900 201902151706
1550272075 51.1690265843 201902151707
1550272094 51.3384683734 201902151708
1550272154 50.9941770786 201902151709
1550272214 51.3961506845 201902151710
1550272274 50.7976967062 201902151711
1550272334 51.0662799676 201902151712
1550272394 51.4051635456 201902151713
1550272454 51.3925455401 201902151714
1550272514 50.7616452617 201902151715
1550272574 51.1960651677 201902151716
1550272634 51.5890259125 201902151717
1550272694 51.3474812345 201902151718
1550272715 51.1437905732 201902151718
1550272775 51.1149494176 201902151719
1550272835 50.6534909283 201902151720
1550272895 50.9437050563 201902151721
1550272955 50.6913449450 201902151722
1550273015 51.0698851120 201902151723
1550273075 51.0716876842 201902151724
1550273135 51.2555500511 201902151725
1550273195 51.1546060065 201902151726
1550273255 50.8247352896 201902151727
1550273315 51.2573526233 201902151728
1550273337 51.4231892679 201902151728
1550273397 50.9022458952 201902151729
1550273457 51.4592407124 201902151730
1550273517 51.1546060065 201902151731
1550273577 50.8950356063 201902151732
1550273637 51.4808715790 201902151733
1550273697 50.7796709840 201902151734
1550273757 50.8085121396 201902151735
1550273817 51.0392413842 201902151736
1550273877 51.1419880010 201902151737
1550273937 51.1672240121 201902151738
1550273957 50.1613887112 201902151739
1550274017 0.0012114391 201902151740
1550274077 50.8319455785 201902151741
1550274137 51.1528034343 201902151742
1550274197 51.2573526233 201902151743
1550274257 51.1113442732 201902151744
1550274317 50.9545204897 201902151745
1550274377 51.2447346177 201902151746
1550274437 50.6372677783 201902151747
1550274497 51.0140053731 201902151748
1550274557 50.8896278896 201902151749
1550274574 50.6859372283 201902151749
1550274634 50.7976967062 201902151750
1550274694 51.0374388120 201902151751
1550274754 51.4502278512 201902151752
1550274814 51.0320310953 201902151753
1550274874 0.0084217280 201902151754
1550274934 51.2555500511 201902151755
1550274994 51.2086831732 201902151756
1550275054 50.8157224285 201902151757
1550275114 51.4826741513 201902151758
1550275174 51.5115153068 201902151759
1550275192 51.1870523066 201902151759
1550275252 50.9743487842 201902151800
1550275312 50.8878253174 201902151801
1550275372 51.5710001902 201902151802
1550275432 51.1203571343 201902151803
1550275492 50.9004433230 201902151804
1550275552 51.2285114677 201902151805
1550275612 51.1798420177 201902151806
1550275672 50.8247352896 201902151807
1550275732 50.9671384953 201902151808
1550275792 51.4538329957 201902151809
1550275813 51.5655924736 201902151810
1550275873 51.1275674232 201902151811
1550275933 50.8896278896 201902151812
1550275993 51.6124593514 201902151813
1550276053 50.9671384953 201902151814
1550276113 51.1582111510 201902151815
1550276173 51.3835326790 201902151816
1550276233 51.2789834900 201902151817
1550276293 51.2753783455 201902151818
1550276353 51.3979532567 201902151819
1550276413 -0.0023937054 201902151820
1550276434 50.6462806394 201902151820
1550276494 50.9400999119 201902151821
1550276554 50.9779539286 201902151822
1550276614 51.4249918401 201902151823
1550276674 50.8535764452 201902151824
1550276734 51.2068806010 201902151825
1550276794 51.0464516731 201902151826
1550276854 51.4249918401 201902151827
1550276914 51.2321166122 201902151828
1550276974 51.0266233786 201902151829
1550277034 50.8535764452 201902151830
1550277052 51.3817301067 201902151830
1550277112 50.8716021674 201902151831
1550277172 51.0320310953 201902151832
1550277232 51.0608722509 201902151833
1550277292 51.0861082620 201902151834
1550277352 51.0608722509 201902151835
1550277412 51.1546060065 201902151836
1550277472 50.7544349728 201902151837
1550277532 50.7526324006 201902151838
1550277592 50.8734047396 201902151839
1550277652 51.4412149901 201902151840
1550277671 50.9076536119 201902151841
1550277731 51.0608722509 201902151842
1550277791 50.8679970229 201902151843
1550277851 51.0536619620 201902151844
1550277911 50.7364092506 201902151845
1550277971 51.1419880010 201902151846
1550278031 51.4340047012 201902151847
1550278091 51.2194986066 201902151848
1550278151 51.3186400789 201902151849
1550278211 51.0861082620 201902151850
1550278271 50.7760658395 201902151851
1550278291 51.4898844402 201902151851
1550278351 51.0590696787 201902151852
1550278411 51.3619018123 201902151853
1550278471 50.5489417393 201902151854
1550278531 51.3060220733 201902151855
1550278591 50.9779539286 201902151856
1550278651 50.6246497727 201902151857
1550278711 51.2285114677 201902151858
1550278771 51.3456786623 201902151859
1550278831 51.5403564624 201902151900
1550278891 51.3042195011 201902151901
1550278912 50.7940915618 201902151901
1550278972 51.7512574126 201902151902
1550279032 51.3006143567 201902151903
1550279092 51.0410439564 201902151904
1550279152 50.4407874059 201902151905
1550279212 51.0716876842 201902151906
1550279272 50.9887693619 201902151907
1550279332 51.1510008621 201902151908
1550279392 51.1401854287 201902151909
1550279452 51.1131468454 201902151910
1550279512 51.5529744680 201902151911
1550279532 50.1812170057 201902151912
1550279592 51.5782104791 201902151913
1550279652 51.0590696787 201902151914
1550279712 50.8878253174 201902151915
1550279772 51.1582111510 201902151916
1550279832 51.6124593514 201902151917
1550279892 51.2194986066 201902151918
1550279952 51.2663654844 201902151919
1550280012 51.4015584012 201902151920
1550280072 51.3745198178 201902151921
1550280132 51.3745198178 201902151922
1550280150 51.4736612901 201902151922
1550280210 51.4646484290 201902151923
1550280270 51.4177815512 201902151924
1550280330 51.0770954009 201902151925
1550280390 51.6665365181 201902151926
1550280450 50.8067095673 201902151927
1550280510 51.4105712623 201902151928
1550280570 51.1329751398 201902151929
1550280630 51.5115153068 201902151930
1550280690 50.7544349728 201902151931
1550280750 51.2375243288 201902151932
1550280770 51.0752928287 201902151932
1550280830 50.7832761284 201902151933
1550280890 50.3308305002 201902151934
1550280950 50.6967526617 201902151935
1550281010 51.5133178791 201902151936
1550281070 51.4015584012 201902151937
1550281130 51.2285114677 201902151938
1550281190 51.4682535735 201902151939
1550281250 51.0212156620 201902151940
1550281310 51.5349487458 201902151941
1550281370 51.1131468454 201902151942
1550281389 51.6683390903 201902151943
1550281449 51.6214722125 201902151944
1550281509 51.0807005454 201902151945
1550281569 51.7800985682 201902151946
1550281629 50.9419024841 201902151947
1550281689 51.2050780288 201902151948
1550281749 51.3186400789 201902151949
1550281809 51.2789834900 201902151950
1550281869 51.1023314120 201902151951
1550281929 50.9887693619 201902151952
1550281989 51.5025024457 201902151953
1550282009 50.9905719342 201902151953
1550282069 51.2429320455 201902151954
1550282129 50.7273963895 201902151955
1550282189 51.3727172456 201902151956
1550282249 50.7093706672 201902151957
1550282309 51.3420735178 201902151958
1550282369 51.3060220733 201902151959
1550282429 50.9653359230 201902152000
1550282489 50.5110877226 201902152001
1550282549 51.0085976564 201902152002
1550282609 51.1834471621 201902152003
1550282627 50.5579546004 201902152003
1550282687 50.8427610118 201902152004
1550282747 51.0067950842 201902152005
1550282807 51.4159789790 201902152006
1550282867 51.4394124179 201902152007
1550282927 51.1437905732 201902152008
1550282987 50.8373532951 201902152009
1550283047 50.6588986450 201902152010
1550283107 51.1906574510 201902152011
1550283167 51.1582111510 201902152012
1550283227 51.5331461735 201902152013
1550283246 50.8932330341 201902152014
1550283306 51.4069661179 201902152015
1550283366 51.2519449066 201902152016
1550283426 50.5345211615 201902152017
1550283486 50.7886838451 201902152018
1550283546 50.9346921952 201902152019
1550283606 50.9851642175 201902152020
1550283666 51.2483397622 201902152021
1550283726 51.2573526233 201902152022
1550283786 51.1726317288 201902152023
1550283846 50.7219886728 201902152024
1550283865 51.1365802843 201902152024
1550283925 51.7999268627 201902152025
1550283985 51.1600137232 201902152026
1550284045 50.8643918785 201902152027
1550284105 51.6593262292 201902152028
1550284165 50.5038774337 201902152029
1550284225 49.4259392439 201902152030
1550284285 51.1437905732 201902152031
1550284345 51.0825031176 201902152032
1550284405 51.1203571343 201902152033
1550284465 51.1672240121 201902152034
1550284490 51.3456786623 201902152034
1550284550 50.9473102008 201902152035
1550284610 51.0464516731 201902152036
1550284670 50.9797565008 201902152037
1550284730 51.0987262676 201902152038
1550284790 50.5309160171 201902152039
1550284850 51.3420735178 201902152040
1550284910 51.2537474788 201902152041
1550284970 51.1708291565 201902152042
1550285030 51.3691121012 201902152043
1550285090 51.1437905732 201902152044
1550285113 51.2843912066 201902152045
1550285173 51.7296265459 201902152046
1550285233 51.5746053347 201902152047
1550285293 51.3637043845 201902152048
1550285353 50.8860227452 201902152049
1550285413 51.2231037510 201902152050
1550285473 0.0066191558 201902152051
1550285533 0.0066191558 201902152052
1550285593 50.5885983283 201902152053
1550285653 51.4087686901 201902152054
1550285713 51.3655069567 201902152055
1550285735 50.6787269394 201902152055
1550285795 50.7328041062 201902152056
1550285855 50.9166664730 201902152057
1550285915 50.9058510396 201902152058
1550285975 51.2627603400 201902152059
1550286035 51.4358072734 201902152100
1550286095 51.3060220733 201902152101
1550286155 51.0031899397 201902152102
1550286215 50.8355507229 201902152103
1550286275 51.3745198178 201902152104
1550286335 51.1654214399 201902152105
1550286359 50.6192420561 201902152105
1550286419 50.5345211615 201902152106
1550286479 51.2176960344 201902152107
1550286539 51.4105712623 201902152108
1550286599 51.0951211231 201902152109
1550286659 51.5061075902 201902152110
1550286719 51.3186400789 201902152111
1550286779 51.6124593514 201902152112
1550286839 51.3096272178 201902152113
1550286899 50.9599282064 201902152114
1550286959 51.8594117460 201902152115
1550286984 51.1816445899 201902152116
1550287044 51.2807860622 201902152117
1550287104 51.1510008621 201902152118
1550287164 51.3673095289 201902152119
1550287224 51.2447346177 201902152120
1550287284 51.2843912066 201902152121
1550287344 50.9527179175 201902152122
1550287404 51.3168375067 201902152123
1550287464 51.0194130897 201902152124
1550287524 51.2537474788 201902152125
1550287584 50.8517738729 201902152126
1550287603 51.3420735178 201902152126
1550287663 51.6304850736 201902152127
1550287723 50.6715166505 201902152128
1550287783 51.3168375067 201902152129
1550287843 50.9130613285 201902152130
1550287903 50.8337481507 201902152131
1550287963 51.3871378234 201902152132
1550288023 51.3024169289 201902152133
1550288083 51.5511718958 201902152134
1550288143 51.4664510013 201902152135
1550288203 51.5169230235 201902152136
1550288227 50.8932330341 201902152137
1550288287 51.3799275345 201902152138
1550288347 51.1744343010 201902152139
1550288407 50.4443925503 201902152140
1550288467 51.1834471621 201902152141
1550288527 51.1275674232 201902152142
1550288587 50.8157224285 201902152143
1550288647 51.3582966678 201902152144
1550288707 51.3348632289 201902152145
1550288767 51.1275674232 201902152146
1550288827 50.8571815896 201902152147
1550288849 50.4624182726 201902152147
1550288909 51.2699706289 201902152148
1550288969 51.0176105175 201902152149
1550289029 51.5836181958 201902152150
1550289089 51.4195841234 201902152151
1550289149 51.0698851120 201902152152
1550289209 51.0807005454 201902152153
1550289269 42.2553069376 201902152154
1550289329 51.4195841234 201902152155
1550289389 51.4177815512 201902152156
1550289449 51.5908284847 201902152157
1550289470 51.4177815512 201902152157
1550289530 51.5349487458 201902152158
1550289590 51.2573526233 201902152159
1550289650 51.3132323622 201902152200
1550289710 51.2663654844 201902152201
1550289770 51.3438760900 201902152202
1550289830 51.2771809178 201902152203
1550289890 51.3492838067 201902152204
1550289950 51.1600137232 201902152205
1550290010 51.7656779904 201902152206
1550290070 51.4754638624 201902152207
1550290089 51.2050780288 201902152208
1550290149 51.2663654844 201902152209
1550290209 51.4231892679 201902152210
1550290269 51.7963217182 201902152211
1550290329 50.7003578061 201902152212
1550290389 50.9130613285 201902152213
1550290449 51.2032754566 201902152214
1550290509 51.4628458568 201902152215
1550290569 51.3835326790 201902152216
1550290629 51.2789834900 201902152217
1550290689 50.9040484674 201902152218
1550290709 50.9617307786 201902152218
1550290769 51.0049925120 201902152219
1550290829 50.4425899781 201902152220
1550290889 51.1221597065 201902152221
1550290949 50.8391558674 201902152222
1550291009 51.1654214399 201902152223
1550291069 51.3727172456 201902152224
1550291129 51.6899699570 201902152225
1550291189 50.7093706672 201902152226
1550291249 51.1005288398 201902152227
1550291309 51.4177815512 201902152228
1550291329 51.1726317288 201902152228
1550291389 51.1708291565 201902152229
1550291449 50.8716021674 201902152230
1550291509 50.8517738729 201902152231
1550291569 50.9689410675 201902152232
1550291629 50.5705726060 201902152233
1550291689 50.4047359614 201902152234
1550291749 50.7472246840 201902152235
1550291809 50.8716021674 201902152236
1550291869 51.2176960344 201902152237
1550291929 51.0807005454 201902152238
1550291947 50.8139198562 201902152239
1550292007 51.5025024457 201902152240
1550292067 51.1582111510 201902152241
1550292127 50.7994992784 201902152242
1550292187 51.0176105175 201902152243
1550292247 51.0122028009 201902152244
1550292307 51.3997558290 201902152245
1550292367 51.0915159787 201902152246
1550292427 50.9941770786 201902152247
1550292487 50.9274819063 201902152248
1550292547 51.3150349345 201902152249
1550292565 51.3240477956 201902152249
1550292625 51.1996703121 201902152250
1550292685 51.0734902565 201902152251
1550292745 51.2104857455 201902152252
1550292805 51.3114297900 201902152253
1550292865 51.2050780288 201902152254
1550292925 50.8770098841 201902152255
1550292985 -0.0023937054 201902152256
1550293045 51.2789834900 201902152257
1550293105 51.1239622787 201902152258
1550293165 51.2771809178 201902152259
1550293185 51.6286825014 201902152259
1550293245 51.1365802843 201902152300
1550293305 51.1401854287 201902152301
1550293365 51.0554645342 201902152302
1550293425 51.4700561457 201902152303
1550293485 50.9419024841 201902152304
1550293545 51.5583821847 201902152305
1550293605 51.4141764068 201902152306
1550293665 51.1383828565 201902152307
1550293725 51.0212156620 201902152308
1550293785 50.6805295117 201902152309
1550293806 51.1978677399 201902152310
1550293866 51.4340047012 201902152311
1550293926 51.0122028009 201902152312
1550293986 51.0951211231 201902152313
1550294046 51.1167519898 201902152314
1550294106 51.0140053731 201902152315
1550294166 51.0572671064 201902152316
1550294226 50.9725462119 201902152317
1550294286 50.6931475172 201902152318
1550294346 51.0788979731 201902152319
1550294406 51.3312580845 201902152320
1550294425 50.9761513564 201902152320
1550294485 51.1510008621 201902152321
1550294545 51.3727172456 201902152322
1550294605 50.9887693619 201902152323
1550294665 51.3673095289 201902152324
1550294725 50.6877398006 201902152325
1550294785 51.2501423344 201902152326
1550294845 50.7904864173 201902152327
1550294905 51.5511718958 201902152328
1550294965 50.8283404340 201902152329
1550295025 50.8878253174 201902152330
1550295043 51.0320310953 201902152330
1550295103 51.2267088955 201902152331
1550295163 51.1221597065 201902152332
1550295223 51.6989828181 201902152333
1550295283 50.6607012172 201902152334
1550295343 50.0910883945 201902152335
1550295403 51.2753783455 201902152336
1550295463 51.2807860622 201902152337
1550295523 50.5525468838 201902152338
1550295583 51.5493693235 201902152339
1550295643 50.2280838835 201902152340
1550295662 51.1131468454 201902152341
1550295722 51.2861937789 201902152342
1550295782 51.4736612901 201902152343
1550295842 51.1528034343 201902152344
1550295902 50.8806150285 201902152345
1550295962 51.1185545621 201902152346
1550296022 51.1510008621 201902152347
1550296082 51.5457641791 201902152348
1550296142 50.9148639008 201902152349
1550296202 51.0140053731 201902152350
1550296262 50.9094561841 201902152351
