1548568843 -1.0000000000 2019012700007
1548568899 51.0734902565 201901270001
1548568959 50.6156369116 201901270002
1548569019 50.8013018507 201901270003
1548569079 50.8734047396 201901270004
1548569139 51.1239622787 201901270005
1548569199 50.5561520282 201901270006
1548569259 50.6895423728 201901270007
1548569319 50.5489417393 201901270008
1548569379 50.6841346561 201901270009
1548569439 50.5255083004 201901270010
1548569449 51.0428465287 201901270010
1548569509 50.7093706672 201901270011
1548569569 50.4588131281 201901270012
1548569629 50.5579546004 201901270013
1548569689 51.0067950842 201901270014
1548569749 50.7111732395 201901270015
1548569809 51.0104002286 201901270016
1548569869 50.6552935005 201901270017
1548569929 50.7472246840 201901270018
1548569989 50.6931475172 201901270019
1548570049 50.9004433230 201901270020
1548570064 50.4840491393 201901270021
1548570124 50.9491127730 201901270022
1548570184 50.4804439948 201901270023
1548570244 50.6679115061 201901270024
1548570304 50.7778684118 201901270025
1548570364 50.8878253174 201901270026
1548570424 50.8842201730 201901270027
1548570484 50.5110877226 201901270028
1548570544 50.5237057282 201901270029
1548570604 50.7706581229 201901270030
1548570664 50.0496292333 201901270031
1548570678 50.8697995952 201901270031
1548570738 50.7814735562 201901270032
1548570798 50.8175250007 201901270033
1548570858 50.7760658395 201901270034
1548570918 50.7760658395 201901270035
1548570978 50.7508298284 201901270036
1548571038 50.6733192228 201901270037
1548571098 50.9274819063 201901270038
1548571158 50.9527179175 201901270039
1548571218 50.9887693619 201901270040
1548571278 50.4606157004 201901270041
1548571291 50.3668819447 201901270041
1548571351 50.4966671448 201901270042
1548571411 50.4714311337 201901270043
1548571471 50.8013018507 201901270044
1548571531 50.3560665114 201901270045
1548571591 50.9473102008 201901270046
1548571651 -0.0023937054 201901270047
1548571711 -0.0023937054 201901270048
1548571771 -0.0023937054 201901270049
1548571831 -0.0023937054 201901270050
1548571891 -0.0023937054 201901270051
1548571951 -0.0023937054 201901270052
1548572011 -0.0023937054 201901270053
1548572071 50.7778684118 201901270054
1548572131 50.2154658779 201901270055
1548572191 50.8229327174 201901270056
1548572251 50.8049069951 201901270057
1548572311 50.5579546004 201901270058
1548572371 50.7706581229 201901270059
1548572431 50.2136633057 201901270100
1548572491 50.2298864557 201901270101
1548572516 50.5976111894 201901270101
1548572576 50.1595861390 201901270102
1548572636 50.8391558674 201901270103
1548572696 50.9076536119 201901270104
1548572756 50.7616452617 201901270105
1548572816 50.3614742281 201901270106
1548572876 50.3632768003 201901270107
1548572936 50.8932330341 201901270108
1548572996 50.6823320839 201901270109
1548573056 50.8625893063 201901270110
1548573116 50.7039629506 201901270111
1548573131 50.7039629506 201901270112
1548573191 50.3055944891 201901270113
1548573251 50.4371822615 201901270114
1548573311 50.7652504062 201901270115
1548573371 50.7328041062 201901270116
1548573431 50.4840491393 201901270117
1548573491 50.6156369116 201901270118
1548573551 50.5795854671 201901270119
1548573611 50.5056800060 201901270120
1548573671 50.6516883561 201901270121
1548573731 50.8932330341 201901270122
1548573744 50.4335771170 201901270122
1548573804 50.7328041062 201901270123
1548573864 50.5579546004 201901270124
1548573924 50.2911739113 201901270125
1548573984 50.3290279280 201901270126
1548574044 50.7598426895 201901270127
1548574104 50.6913449450 201901270128
1548574164 50.4858517115 201901270129
1548574224 50.5489417393 201901270130
1548574284 50.6913449450 201901270131
1548574344 50.2425044613 201901270132
1548574357 50.6697140783 201901270132
1548574417 50.4984697171 201901270133
1548574477 50.9004433230 201901270134
1548574537 50.6318600616 201901270135
1548574597 50.5867957560 201901270136
1548574657 50.6787269394 201901270137
1548574717 50.7310015339 201901270138
1548574777 50.6534909283 201901270139
1548574837 50.3867102392 201901270140
1548574897 50.6625037894 201901270141
1548574957 50.5453365949 201901270142
1548574969 50.8355507229 201901270142
1548575029 50.8553790174 201901270143
1548575089 50.8085121396 201901270144
1548575149 50.2713456169 201901270145
1548575209 50.4281694003 201901270146
1548575269 50.5327185893 201901270147
1548575329 50.6823320839 201901270148
1548575389 50.6066240505 201901270149
1548575449 51.0338336675 201901270150
1548575509 50.6661089339 201901270151
1548575569 50.7291989617 201901270152
1548575585 51.2861937789 201901270153
1548575645 50.6625037894 201901270154
1548575705 50.4479976948 201901270155
1548575765 51.0518593898 201901270156
1548575825 51.0536619620 201901270157
1548575885 50.5687700338 201901270158
1548575945 50.6048214783 201901270159
1548576005 50.3885128114 201901270200
1548576065 50.8517738729 201901270201
1548576125 50.6480832116 201901270202
1548576185 50.4137488225 201901270203
1548576201 50.5633623171 201901270203
1548576261 50.3921179559 201901270204
1548576321 50.5074825782 201901270205
1548576381 50.3596716558 201901270206
1548576441 50.9130613285 201901270207
1548576501 50.5867957560 201901270208
1548576561 50.7418169673 201901270209
1548576621 50.1253372667 201901270210
1548576681 50.8517738729 201901270211
1548576741 50.3488562225 201901270212
1548576801 50.8950356063 201901270213
1548576816 50.5904009005 201901270213
1548576876 50.8067095673 201901270214
1548576936 50.7346066784 201901270215
1548576996 50.7634478340 201901270216
1548577056 50.6156369116 201901270217
1548577116 50.6264523450 201901270218
1548577176 50.5074825782 201901270219
1548577236 50.5777828949 201901270220
1548577296 50.6643063617 201901270221
1548577356 50.8031044229 201901270222
1548577416 50.9851642175 201901270223
1548577428 50.2911739113 201901270223
1548577488 50.7706581229 201901270224
1548577548 50.8986407508 201901270225
1548577608 50.5940060449 201901270226
1548577668 49.7810459720 201901270227
1548577728 50.4912594282 201901270228
1548577788 50.4425899781 201901270229
1548577848 50.3794999503 201901270230
1548577908 50.7670529784 201901270231
1548577968 50.2695430446 201901270232
1548578028 50.7129758117 201901270233
1548578041 51.0392413842 201901270234
1548578101 50.8229327174 201901270235
1548578161 50.4786414226 201901270236
1548578221 50.8265378618 201901270237
1548578281 50.6913449450 201901270238
1548578341 50.7688555506 201901270239
1548578401 50.7652504062 201901270240
1548578461 50.7742632673 201901270241
1548578521 50.4822465670 201901270242
1548578581 50.9941770786 201901270243
1548578641 50.6534909283 201901270244
1548578655 50.7291989617 201901270244
1548578715 50.6552935005 201901270245
1548578775 50.8049069951 201901270246
1548578835 50.7868812729 201901270247
1548578895 50.3722896614 201901270248
1548578955 50.2821610502 201901270249
1548579015 51.0122028009 201901270250
1548579075 50.6985552339 201901270251
1548579135 50.4948645726 201901270252
1548579195 50.5092851504 201901270253
1548579255 50.2749507613 201901270254
1548579271 50.9040484674 201901270254
1548579331 50.7075680950 201901270255
1548579391 50.4083411059 201901270256
1548579451 50.4065385336 201901270257
1548579511 50.4912594282 201901270258
1548579571 50.6066240505 201901270259
1548579631 50.6877398006 201901270300
1548579691 50.4281694003 201901270301
1548579751 50.8752073118 201901270302
1548579811 50.8283404340 201901270303
1548579871 50.9761513564 201901270304
1548579886 50.9473102008 201901270304
1548579946 50.5128902949 201901270305
1548580006 50.3776973781 201901270306
1548580066 50.9833616453 201901270307
1548580126 50.9400999119 201901270308
1548580186 50.6300574894 201901270309
1548580246 50.8535764452 201901270310
1548580306 51.1636188677 201901270311
1548580366 50.4047359614 201901270312
1548580426 50.6462806394 201901270313
1548580486 50.8968381785 201901270314
1548580499 50.4750362782 201901270314
1548580559 50.5399288782 201901270315
1548580619 50.8031044229 201901270316
1548580679 50.6877398006 201901270317
1548580739 50.5489417393 201901270318
1548580799 50.5020748615 201901270319
1548580859 50.7688555506 201901270320
1548580919 50.9491127730 201901270321
1548580979 50.3867102392 201901270322
1548581039 50.7670529784 201901270323
1548581099 50.6390703505 201901270324
1548581114 50.3921179559 201901270325
1548581174 50.9473102008 201901270326
1548581234 50.5164954393 201901270327
1548581294 50.2028478724 201901270328
1548581354 50.6588986450 201901270329
1548581414 50.7472246840 201901270330
1548581474 50.6931475172 201901270331
1548581534 50.6462806394 201901270332
1548581594 50.6246497727 201901270333
1548581654 50.7634478340 201901270334
1548581714 50.7688555506 201901270335
1548581726 50.7796709840 201901270335
1548581786 50.8193275729 201901270336
1548581846 50.7940915618 201901270337
1548581906 50.8643918785 201901270338
1548581966 50.4516028392 201901270339
1548582026 50.6120317672 201901270340
1548582086 50.4101436781 201901270341
1548582146 50.9635333508 201901270342
1548582206 50.2154658779 201901270343
1548582266 50.7490272562 201901270344
1548582326 50.3704870892 201901270345
1548582344 50.4678259893 201901270345
1548582404 50.5417314504 201901270346
1548582464 50.8445635840 201901270347
1548582524 50.6570960728 201901270348
1548582584 50.3091996336 201901270349
1548582644 50.6264523450 201901270350
1548582704 50.7093706672 201901270351
1548582764 50.8139198562 201901270352
1548582824 50.6444780672 201901270353
1548582884 50.8229327174 201901270354
1548582944 50.7418169673 201901270355
1548582958 50.6913449450 201901270355
1548583018 50.7093706672 201901270356
1548583078 49.9829340611 201901270357
1548583138 50.4516028392 201901270358
1548583198 50.8968381785 201901270359
1548583258 50.2623327557 201901270400
1548583318 50.8589841618 201901270401
1548583378 0.0048165835 201901270402
1548583438 50.5741777505 201901270403
1548583498 50.7183835284 201901270404
1548583558 50.6534909283 201901270405
1548583573 50.9040484674 201901270406
1548583633 50.9328896230 201901270407
1548583693 50.4263668281 201901270408
1548583753 50.5759803227 201901270409
1548583813 50.8770098841 201901270410
1548583873 50.5309160171 201901270411
1548583933 50.5831906116 201901270412
1548583993 50.3542639392 201901270413
1548584053 50.8211301451 201901270414
1548584113 50.9959796508 201901270415
1548584173 50.4479976948 201901270416
1548584187 50.6318600616 201901270416
1548584247 50.2965816280 201901270417
1548584307 50.9004433230 201901270418
1548584367 50.6588986450 201901270419
1548584427 50.3885128114 201901270420
1548584487 50.4101436781 201901270421
1548584547 50.7832761284 201901270422
1548584607 50.9310870508 201901270423
1548584667 50.5994137616 201901270424
1548584727 50.8463661563 201901270425
1548584787 50.5543494560 201901270426
1548584800 50.5651648893 201901270426
1548584860 50.4245642559 201901270427
1548584920 50.5831906116 201901270428
1548584980 50.7634478340 201901270429
1548585040 50.8553790174 201901270430
1548585100 50.1361527001 201901270431
1548585160 50.7003578061 201901270432
1548585220 50.7958941340 201901270433
1548585280 50.6913449450 201901270434
1548585340 50.0207880778 201901270435
1548585400 51.0356362398 201901270436
1548585413 50.7850787007 201901270436
1548585473 50.9833616453 201901270437
1548585533 50.7255938173 201901270438
1548585593 50.6408729227 201901270439
1548585653 50.6679115061 201901270440
1548585713 50.7976967062 201901270441
1548585773 50.5092851504 201901270442
1548585833 50.4119462503 201901270443
1548585893 51.0933185509 201901270444
1548585953 50.6444780672 201901270445
1548586013 50.6877398006 201901270446
1548586032 50.6570960728 201901270447
1548586092 50.5723751782 201901270448
1548586152 50.7886838451 201901270449
1548586212 50.4696285615 201901270450
1548586272 50.7039629506 201901270451
1548586332 50.2154658779 201901270452
1548586392 50.7940915618 201901270453
1548586452 50.5453365949 201901270454
1548586512 50.4029333892 201901270455
1548586572 50.5885983283 201901270456
1548586632 50.6643063617 201901270457
1548586647 50.5813880394 201901270457
1548586707 51.0861082620 201901270458
1548586767 50.6480832116 201901270459
1548586827 50.7057655228 201901270500
1548586887 50.2352941724 201901270501
1548586947 50.8229327174 201901270502
1548587007 50.8301430062 201901270503
1548587067 51.1041339843 201901270504
1548587127 50.1830195779 201901270505
1548587187 50.4263668281 201901270506
1548587247 50.7382118228 201901270507
1548587262 50.6588986450 201901270507
1548587322 50.7526324006 201901270508
1548587382 50.7328041062 201901270509
1548587442 50.8788124563 201901270510
1548587502 51.0608722509 201901270511
1548587562 50.9040484674 201901270512
1548587622 50.7346066784 201901270513
1548587682 50.6246497727 201901270514
1548587742 50.8607867341 201901270515
1548587802 50.7868812729 201901270516
1548587862 50.5633623171 201901270517
1548587875 51.1437905732 201901270517
1548587935 50.6480832116 201901270518
1548587995 50.8878253174 201901270519
1548588055 50.4552079837 201901270520
1548588115 50.6246497727 201901270521
1548588175 50.4137488225 201901270522
1548588235 50.4281694003 201901270523
1548588295 51.1672240121 201901270524
1548588355 50.7021603784 201901270525
1548588415 50.6480832116 201901270526
1548588475 50.3470536503 201901270527
1548588489 50.2244787390 201901270528
1548588549 50.7760658395 201901270529
1548588609 50.6246497727 201901270530
1548588669 50.4696285615 201901270531
1548588729 -0.0023937054 201901270532
1548588789 50.6877398006 201901270533
1548588849 50.5651648893 201901270534
1548588909 50.7364092506 201901270535
1548588969 50.7472246840 201901270536
1548589029 50.5020748615 201901270537
1548589089 50.4425899781 201901270538
1548589104 50.6823320839 201901270538
1548589164 50.8842201730 201901270539
1548589224 50.7201861006 201901270540
1548589284 0.0066191558 201901270541
1548589344 50.8860227452 201901270542
1548589404 50.8103147118 201901270543
1548589464 50.0388138000 201901270544
1548589524 50.5904009005 201901270545
1548589584 50.2983842002 201901270546
1548589644 50.8319455785 201901270547
1548589704 50.3272253558 201901270548
1548589720 50.7724606951 201901270548
1548589780 0.0066191558 201901270549
1548589840 50.5255083004 201901270550
1548589900 50.6084266227 201901270551
1548589960 50.7886838451 201901270552
1548590020 51.1095417009 201901270553
1548590080 50.6210446283 201901270554
1548590140 50.3794999503 201901270555
1548590200 50.8734047396 201901270556
1548590260 50.3542639392 201901270557
1548590320 50.5705726060 201901270558
1548590335 50.1577835668 201901270558
1548590395 50.3272253558 201901270559
1548590455 50.9815590730 201901270600
1548590515 51.0500568176 201901270601
1548590575 50.7958941340 201901270602
1548590635 50.1289424112 201901270603
1548590695 50.6841346561 201901270604
1548590755 50.8481687285 201901270605
1548590815 51.0176105175 201901270606
1548590875 51.0410439564 201901270607
1548590935 51.0608722509 201901270608
1548590947 50.7273963895 201901270609
1548591007 50.7039629506 201901270610
1548591067 50.9310870508 201901270611
1548591127 50.3578690836 201901270612
1548591187 50.7454221117 201901270613
1548591247 50.3524613669 201901270614
1548591307 50.5345211615 201901270615
1548591367 50.8013018507 201901270616
1548591427 50.4263668281 201901270617
1548591487 50.4966671448 201901270618
1548591547 50.2587276113 201901270619
1548591559 50.4570105559 201901270619
1548591619 50.8806150285 201901270620
1548591679 50.7075680950 201901270621
1548591739 50.4588131281 201901270622
1548591799 50.7544349728 201901270623
1548591859 50.2551224668 201901270624
1548591919 50.8788124563 201901270625
1548591979 0.0120268724 201901270626
1548592039 0.0030140113 201901270627
1548592099 -0.0005911331 201901270628
1548592159 0.0012114391 201901270629
1548592171 0.0048165835 201901270629
1548592231 0.0030140113 201901270630
1548592291 -0.0096039943 201901270631
1548592351 -0.0041962776 201901270632
1548592411 -0.0078014220 201901270633
1548592471 0.0012114391 201901270634
1548592531 0.0030140113 201901270635
1548592591 -0.0005911331 201901270636
1548592651 -0.0023937054 201901270637
1548592711 26.2755041734 201901270638
1548592771 26.1024572399 201901270639
1548592785 26.7892372572 201901270639
1548592845 33.9436464135 201901270640
1548592905 41.3504156812 201901270641
1548592965 47.4358995088 201901270642
1548593025 50.5309160171 201901270643
1548593085 50.9310870508 201901270644
1548593145 50.5741777505 201901270645
1548593205 50.2677404724 201901270646
1548593265 50.3885128114 201901270647
1548593325 50.7886838451 201901270648
1548593385 50.4534054115 201901270649
1548593402 50.4552079837 201901270650
1548593462 50.1704015723 201901270651
1548593522 50.9400999119 201901270652
1548593582 50.6480832116 201901270653
1548593642 50.9256793341 201901270654
1548593702 50.9382973397 201901270655
1548593762 50.8427610118 201901270656
1548593822 50.9473102008 201901270657
1548593882 50.5958086171 201901270658
1548593942 50.2677404724 201901270659
1548594002 50.3975256725 201901270700
1548594017 50.9635333508 201901270700
1548594077 50.6444780672 201901270701
1548594137 50.7003578061 201901270702
1548594197 50.8391558674 201901270703
1548594257 50.7219886728 201901270704
1548594317 50.2172684501 201901270705
1548594377 51.1636188677 201901270706
1548594437 50.6156369116 201901270707
1548594497 50.1722041446 201901270708
1548594557 50.6534909283 201901270709
1548594617 50.3164099225 201901270710
1548594631 50.9797565008 201901270710
1548594691 50.1451655612 201901270711
1548594751 51.0734902565 201901270712
1548594811 50.8067095673 201901270713
1548594871 50.7418169673 201901270714
1548594931 50.5777828949 201901270715
1548594991 50.2515173224 201901270716
1548595051 50.8391558674 201901270717
1548595111 50.6607012172 201901270718
1548595171 50.4371822615 201901270719
1548595231 50.4948645726 201901270720
1548595244 50.6570960728 201901270720
1548595304 50.8643918785 201901270721
1548595364 50.3326330725 201901270722
1548595424 50.6264523450 201901270723
1548595484 50.6787269394 201901270724
1548595544 50.4263668281 201901270725
1548595604 50.7039629506 201901270726
1548595664 50.5291134449 201901270727
1548595724 50.6913449450 201901270728
1548595784 50.7201861006 201901270729
1548595844 50.8932330341 201901270730
1548595858 50.7796709840 201901270730
1548595918 50.5453365949 201901270731
1548595978 50.9382973397 201901270732
1548596038 50.6679115061 201901270733
1548596098 50.3722896614 201901270734
1548596158 50.4876542837 201901270735
1548596218 50.6246497727 201901270736
1548596278 50.3921179559 201901270737
1548596338 50.3921179559 201901270738
1548596398 50.7165809561 201901270739
1548596458 50.9419024841 201901270740
1548596475 50.3776973781 201901270741
1548596535 51.0861082620 201901270742
1548596595 50.6264523450 201901270743
1548596655 50.7598426895 201901270744
1548596715 51.1473957176 201901270745
1548596775 50.6751217950 201901270746
1548596835 50.1325475556 201901270747
1548596895 50.7706581229 201901270748
1548596955 50.4786414226 201901270749
1548597015 50.5958086171 201901270750
1548597075 50.0189855055 201901270751
1548597091 50.4101436781 201901270751
1548597151 50.5219031560 201901270752
1548597211 50.2244787390 201901270753
1548597271 50.8265378618 201901270754
1548597331 50.6733192228 201901270755
1548597391 50.6552935005 201901270756
1548597451 50.6661089339 201901270757
1548597511 50.6643063617 201901270758
1548597571 50.5201005837 201901270759
1548597631 50.9491127730 201901270800
1548597691 50.2298864557 201901270801
1548597705 50.6895423728 201901270801
1548597765 50.4083411059 201901270802
1548597825 50.6426754950 201901270803
1548597885 50.5327185893 201901270804
1548597945 50.6733192228 201901270805
1548598005 50.5471391671 201901270806
1548598065 50.6715166505 201901270807
1548598125 50.2695430446 201901270808
1548598185 50.0748652445 201901270809
1548598245 50.5146928671 201901270810
1548598305 50.4137488225 201901270811
1548598320 50.5976111894 201901270812
1548598380 50.5345211615 201901270813
1548598440 50.9869667897 201901270814
1548598500 50.9815590730 201901270815
1548598560 50.5633623171 201901270816
1548598620 50.7147783839 201901270817
1548598680 50.6841346561 201901270818
1548598740 50.7021603784 201901270819
1548598800 50.9689410675 201901270820
1548598860 50.7994992784 201901270821
1548598920 50.7868812729 201901270822
1548598932 50.5597571727 201901270822
1548598992 50.3794999503 201901270823
1548599052 50.5291134449 201901270824
1548599112 50.5471391671 201901270825
1548599172 50.3488562225 201901270826
1548599232 50.7328041062 201901270827
1548599292 51.0843056898 201901270828
1548599352 50.5525468838 201901270829
1548599412 50.3740922336 201901270830
1548599472 50.5219031560 201901270831
1548599532 -0.0023937054 201901270832
1548599548 50.9743487842 201901270832
1548599608 50.3867102392 201901270833
1548599668 50.5020748615 201901270834
1548599728 50.7255938173 201901270835
1548599788 50.7580401173 201901270836
1548599848 50.5723751782 201901270837
1548599908 50.5092851504 201901270838
1548599968 50.3849076670 201901270839
1548600028 50.3560665114 201901270840
1548600088 50.6138343394 201901270841
1548600148 50.3578690836 201901270842
1548600164 50.7706581229 201901270842
1548600224 50.6084266227 201901270843
1548600284 50.2370967446 201901270844
1548600344 50.6841346561 201901270845
1548600404 50.8409584396 201901270846
1548600464 50.7850787007 201901270847
1548600524 50.8553790174 201901270848
1548600584 50.5831906116 201901270849
1548600644 50.7129758117 201901270850
1548600704 50.4083411059 201901270851
1548600764 50.3055944891 201901270852
1548600778 50.2515173224 201901270852
1548600838 50.5182980115 201901270853
1548600898 50.7310015339 201901270854
1548600958 50.7400143951 201901270855
1548601018 50.7057655228 201901270856
1548601078 50.6264523450 201901270857
1548601138 50.8770098841 201901270858
1548601198 50.4840491393 201901270859
1548601258 50.5453365949 201901270900
1548601318 50.6805295117 201901270901
1548601378 50.8103147118 201901270902
1548601391 50.9437050563 201901270903
1548601451 50.6480832116 201901270904
1548601511 50.2244787390 201901270905
1548601571 50.4263668281 201901270906
1548601631 50.3164099225 201901270907
1548601691 50.3164099225 201901270908
1548601751 50.9004433230 201901270909
1548601811 50.5110877226 201901270910
1548601871 50.6985552339 201901270911
1548601931 50.4083411059 201901270912
1548601991 50.4317745448 201901270913
1548602005 50.7093706672 201901270913
1548602065 50.4191565392 201901270914
1548602125 50.2388993168 201901270915
1548602185 50.5453365949 201901270916
1548602245 50.5164954393 201901270917
1548602305 50.2677404724 201901270918
1548602365 51.0049925120 201901270919
1548602425 50.7814735562 201901270920
1548602485 50.5309160171 201901270921
1548602545 50.5345211615 201901270922
1548602605 50.8697995952 201901270923
1548602622 50.6174394838 201901270923
1548602682 50.7940915618 201901270924
1548602742 50.2731481891 201901270925
1548602802 50.6102291949 201901270926
1548602862 50.9220741897 201901270927
1548602922 50.4281694003 201901270928
1548602982 50.2298864557 201901270929
1548603042 50.4570105559 201901270930
1548603102 50.8157224285 201901270931
1548603162 50.8878253174 201901270932
1548603222 50.4443925503 201901270933
1548603237 50.7021603784 201901270933
1548603297 50.3488562225 201901270934
1548603357 50.4606157004 201901270935
1548603417 50.2695430446 201901270936
1548603477 50.7310015339 201901270937
1548603537 50.6823320839 201901270938
1548603597 50.3921179559 201901270939
1548603657 50.5453365949 201901270940
1548603717 50.6066240505 201901270941
1548603777 50.3813025225 201901270942
1548603837 50.5056800060 201901270943
1548603852 49.8747797276 201901270944
1548603912 50.3650793725 201901270945
1548603972 50.4227616837 201901270946
1548604032 50.7418169673 201901270947
1548604092 50.5291134449 201901270948
1548604152 50.8716021674 201901270949
1548604212 50.4894568559 201901270950
1548604272 50.6246497727 201901270951
1548604332 50.1577835668 201901270952
1548604392 0.0048165835 201901270953
1548604452 0.0030140113 201901270954
1548604464 0.0048165835 201901270954
1548604524 50.4479976948 201901270955
1548604584 50.8157224285 201901270956
1548604644 50.5417314504 201901270957
1548604704 50.5074825782 201901270958
1548604764 50.1181269778 201901270959
1548604824 50.9527179175 201901271000
1548604884 50.3794999503 201901271001
1548604944 50.7057655228 201901271002
1548605004 50.2136633057 201901271003
1548605064 50.2298864557 201901271004
1548605077 50.3380407891 201901271004
1548605137 50.7255938173 201901271005
1548605197 50.6192420561 201901271006
1548605257 50.0586420945 201901271007
1548605317 50.7508298284 201901271008
1548605377 49.9252517499 201901271009
1548605437 50.1902298668 201901271010
1548605497 50.5291134449 201901271011
1548605557 50.4552079837 201901271012
1548605617 50.6444780672 201901271013
1548605677 50.0784703889 201901271014
1548605690 50.4137488225 201901271014
1548605750 50.6588986450 201901271015
1548605810 49.8152948442 201901271016
1548605870 50.5164954393 201901271017
1548605930 49.9847366333 201901271018
1548605990 50.0676549556 201901271019
1548606050 51.0049925120 201901271020
1548606110 50.4047359614 201901271021
1548606170 50.2100581613 201901271022
1548606230 50.3722896614 201901271023
1548606290 50.3632768003 201901271024
1548606308 50.3542639392 201901271025
1548606368 50.3308305002 201901271026
1548606428 50.5615597449 201901271027
1548606488 50.6264523450 201901271028
1548606548 49.8225051331 201901271029
1548606608 50.2425044613 201901271030
1548606668 50.4119462503 201901271031
1548606728 50.1199295501 201901271032
1548606788 50.1397578445 201901271033
1548606848 50.1415604167 201901271034
1548606908 49.7810459720 201901271035
1548606924 50.0586420945 201901271035
1548606984 50.2731481891 201901271036
1548607044 50.2839636224 201901271037
1548607104 -0.0041962776 201901271038
1548607164 51.1149494176 201901271039
1548607224 49.8405308554 201901271040
1548607284 50.4498002670 201901271041
1548607344 50.2695430446 201901271042
1548607404 49.8459385720 201901271043
1548607464 50.4840491393 201901271044
1548607524 49.9757237722 201901271045
1548607538 49.8873977332 201901271045
1548607598 50.7003578061 201901271046
1548607658 50.1055089723 201901271047
1548607718 49.9306594666 201901271048
1548607778 50.1740067168 201901271049
1548607838 0.0102243002 201901271050
1548607898 50.1235346945 201901271051
1548607958 0.0048165835 201901271052
1548608018 50.3849076670 201901271053
1548608078 50.1613887112 201901271054
1548608138 50.0298009389 201901271055
1548608152 50.5579546004 201901271055
1548608212 50.3722896614 201901271056
1548608272 50.4786414226 201901271057
1548608332 50.4534054115 201901271058
1548608392 50.4479976948 201901271059
1548608452 50.2767533335 201901271100
1548608512 50.8445635840 201901271101
1548608572 50.4353796892 201901271102
1548608632 50.8553790174 201901271103
1548608692 50.5759803227 201901271104
1548608752 49.9216466054 201901271105
1548608765 50.5759803227 201901271106
1548608825 51.0212156620 201901271107
1548608885 50.3506587947 201901271108
1548608945 50.5994137616 201901271109
1548609005 50.1019038278 201901271110
1548609065 50.2677404724 201901271111
1548609125 50.6679115061 201901271112
1548609185 50.5777828949 201901271113
1548609245 50.3704870892 201901271114
1548609305 50.5777828949 201901271115
1548609365 50.7129758117 201901271116
1548609382 50.4263668281 201901271116
1548609442 50.2407018891 201901271117
1548609502 50.0370112278 201901271118
1548609562 50.3218176391 201901271119
1548609622 50.3434485058 201901271120
1548609682 50.3236202114 201901271121
1548609742 50.5669674616 201901271122
1548609802 50.5885983283 201901271123
1548609862 50.5525468838 201901271124
1548609922 50.7165809561 201901271125
1548609982 50.0730626722 201901271126
1548609998 50.2803584780 201901271126
1548610058 50.6859372283 201901271127
1548610118 49.7792433998 201901271128
1548610178 50.2659379002 201901271129
1548610238 50.7183835284 201901271130
1548610298 50.5543494560 201901271131
1548610358 50.2605301835 201901271132
1548610418 50.7346066784 201901271133
1548610478 49.9901443499 201901271134
1548610538 50.2334916002 201901271135
1548610598 50.3921179559 201901271136
1548610614 50.2551224668 201901271136
1548610674 50.2298864557 201901271137
1548610734 49.9180414610 201901271138
1548610794 50.2497147502 201901271139
1548610854 49.9595006221 201901271140
1548610914 50.3921179559 201901271141
1548610974 50.2370967446 201901271142
1548611034 50.1902298668 201901271143
1548611094 50.1127192612 201901271144
1548611154 49.9649083388 201901271145
1548611214 50.6426754950 201901271146
1548611225 50.4876542837 201901271147
1548611285 50.5002722893 201901271148
1548611345 50.6048214783 201901271149
1548611405 50.1199295501 201901271150
1548611465 50.7832761284 201901271151
1548611525 49.9739211999 201901271152
1548611585 50.5507443116 201901271153
1548611645 50.6156369116 201901271154
1548611705 50.5940060449 201901271155
1548611765 50.6859372283 201901271156
1548611825 50.1830195779 201901271157
1548611839 49.9450800444 201901271157
1548611899 49.9324620388 201901271158
1548611959 50.4912594282 201901271159
1548612019 50.2911739113 201901271200
1548612079 50.3704870892 201901271201
1548612139 49.9649083388 201901271202
1548612199 50.2407018891 201901271203
1548612259 50.5885983283 201901271204
1548612319 50.6570960728 201901271205
1548612379 50.5146928671 201901271206
1548612439 50.3452510780 201901271207
1548612452 50.5435340227 201901271207
1548612512 50.1127192612 201901271208
1548612572 50.0982986834 201901271209
1548612632 50.2136633057 201901271210
1548612692 50.2316890279 201901271211
1548612752 50.6877398006 201901271212
1548612812 50.2821610502 201901271213
1548612872 50.1109166889 201901271214
1548612932 50.6895423728 201901271215
1548612992 50.4083411059 201901271216
1548613052 50.1685990001 201901271217
1548613069 50.4137488225 201901271217
1548613129 50.4425899781 201901271218
1548613189 50.9094561841 201901271219
1548613249 50.2731481891 201901271220
1548613309 50.7796709840 201901271221
1548613369 50.8697995952 201901271222
1548613429 50.4714311337 201901271223
1548613489 50.7003578061 201901271224
1548613549 49.9216466054 201901271225
1548613609 50.5994137616 201901271226
1548613669 50.6985552339 201901271227
1548613685 50.5777828949 201901271228
1548613745 50.4516028392 201901271229
1548613805 50.5164954393 201901271230
1548613865 50.4137488225 201901271231
1548613925 50.0442215167 201901271232
1548613985 50.2551224668 201901271233
1548614045 50.1866247223 201901271234
1548614105 50.5038774337 201901271235
1548614165 50.3416459336 201901271236
1548614225 50.5164954393 201901271237
1548614285 50.9563230619 201901271238
1548614298 50.5038774337 201901271238
1548614358 50.5219031560 201901271239
1548614418 50.8409584396 201901271240
1548614478 50.6390703505 201901271241
1548614538 50.4516028392 201901271242
1548614598 50.3578690836 201901271243
1548614658 50.7850787007 201901271244
1548614718 50.7346066784 201901271245
1548614778 50.5741777505 201901271246
1548614838 50.9256793341 201901271247
1548614898 50.5237057282 201901271248
1548614910 50.4371822615 201901271248
1548614970 49.8675694387 201901271249
1548615030 50.8734047396 201901271250
1548615090 50.2767533335 201901271251
1548615150 50.3200150669 201901271252
1548615210 50.5543494560 201901271253
1548615270 50.1704015723 201901271254
1548615330 50.4029333892 201901271255
1548615390 50.2695430446 201901271256
1548615450 50.7021603784 201901271257
1548615510 50.4173539670 201901271258
1548615522 50.1073115445 201901271258
1548615582 50.4083411059 201901271259
1548615642 50.9995847953 201901271300
1548615702 50.7940915618 201901271301
1548615762 50.5543494560 201901271302
1548615822 50.1938350112 201901271303
1548615882 50.6102291949 201901271304
1548615942 50.5291134449 201901271305
1548616002 50.5561520282 201901271306
1548616062 50.6210446283 201901271307
1548616122 50.6715166505 201901271308
1548616138 50.4606157004 201901271308
1548616198 50.4498002670 201901271309
1548616258 50.7147783839 201901271310
1548616318 50.4876542837 201901271311
1548616378 49.9414748999 201901271312
1548616438 50.5038774337 201901271313
1548616498 50.8535764452 201901271314
1548616558 50.4191565392 201901271315
1548616618 50.3434485058 201901271316
1548616678 50.3813025225 201901271317
1548616738 50.4011308170 201901271318
1548616754 50.3632768003 201901271319
1548616814 50.3470536503 201901271320
1548616874 49.7215610886 201901271321
1548616934 50.2929764835 201901271322
1548616994 50.4047359614 201901271323
1548617054 50.4443925503 201901271324
1548617114 50.1235346945 201901271325
1548617174 50.7652504062 201901271326
1548617234 50.3614742281 201901271327
1548617294 50.1271398390 201901271328
1548617354 50.3849076670 201901271329
1548617367 50.8355507229 201901271329
1548617427 50.5705726060 201901271330
1548617487 50.0982986834 201901271331
1548617547 50.0261957944 201901271332
1548617607 50.7814735562 201901271333
1548617667 50.2821610502 201901271334
1548617727 50.5922034727 201901271335
1548617787 50.7544349728 201901271336
1548617847 50.5345211615 201901271337
1548617907 50.7778684118 201901271338
1548617967 50.9256793341 201901271339
1548617981 50.5345211615 201901271339
1548618041 50.4552079837 201901271340
1548618101 50.5741777505 201901271341
1548618161 50.5994137616 201901271342
1548618221 50.4281694003 201901271343
1548618281 50.7436195395 201901271344
1548618341 50.4227616837 201901271345
1548618401 50.4696285615 201901271346
1548618461 50.1685990001 201901271347
1548618521 50.4894568559 201901271348
1548618581 50.5885983283 201901271349
1548618593 49.8062819831 201901271349
1548618653 50.5561520282 201901271350
1548618713 50.3470536503 201901271351
1548618773 50.2515173224 201901271352
1548618833 50.3686845169 201901271353
1548618893 50.5795854671 201901271354
1548618953 50.7760658395 201901271355
1548619013 51.0879108343 201901271356
1548619073 50.7075680950 201901271357
1548619133 50.0189855055 201901271358
1548619193 50.3055944891 201901271359
1548619205 50.0658523833 201901271400
1548619265 50.0225906500 201901271401
1548619325 50.5795854671 201901271402
1548619385 50.4407874059 201901271403
1548619445 50.7580401173 201901271404
1548619505 50.3668819447 201901271405
1548619565 49.9793289166 201901271406
1548619625 50.6264523450 201901271407
1548619685 50.7219886728 201901271408
1548619745 49.9901443499 201901271409
1548619805 50.8229327174 201901271410
1548619821 50.2821610502 201901271410
1548619881 50.7237912450 201901271411
1548619941 50.3650793725 201901271412
1548620001 50.4534054115 201901271413
1548620061 50.4209591114 201901271414
1548620121 50.8031044229 201901271415
1548620181 50.4065385336 201901271416
1548620241 50.8247352896 201901271417
1548620301 50.9941770786 201901271418
1548620361 50.3146073502 201901271419
1548620421 50.4822465670 201901271420
1548620435 50.3290279280 201901271420
1548620495 50.7868812729 201901271421
1548620555 50.2767533335 201901271422
1548620615 50.4443925503 201901271423
1548620675 0.0066191558 201901271424
1548620735 50.6246497727 201901271425
1548620795 50.7580401173 201901271426
1548620855 50.4570105559 201901271427
1548620915 50.5309160171 201901271428
1548620975 50.7310015339 201901271429
1548621035 50.7814735562 201901271430
1548621049 50.1289424112 201901271430
1548621109 0.0102243002 201901271431
1548621169 50.1685990001 201901271432
1548621229 49.5232781440 201901271433
1548621289 50.7706581229 201901271434
1548621349 50.1722041446 201901271435
1548621409 50.2172684501 201901271436
1548621469 50.7418169673 201901271437
1548621529 50.9653359230 201901271438
1548621589 50.5940060449 201901271439
1548621649 50.3001867724 201901271440
1548621662 50.4786414226 201901271441
1548621722 50.5128902949 201901271442
1548621782 50.2713456169 201901271443
1548621842 50.5453365949 201901271444
1548621902 50.2767533335 201901271445
1548621962 50.8535764452 201901271446
1548622022 50.2641353280 201901271447
1548622082 50.7255938173 201901271448
1548622142 50.4984697171 201901271449
1548622202 50.6787269394 201901271450
1548622262 50.9310870508 201901271451
1548622274 50.2947790558 201901271451
1548622334 50.8229327174 201901271452
1548622394 50.7255938173 201901271453
1548622454 50.4930620004 201901271454
1548622514 50.3344356447 201901271455
1548622574 50.8878253174 201901271456
1548622634 50.7742632673 201901271457
1548622694 50.5146928671 201901271458
1548622754 50.0171829333 201901271459
1548622814 50.6102291949 201901271500
1548622874 50.7796709840 201901271501
1548622892 50.6841346561 201901271501
1548622952 50.6679115061 201901271502
1548623012 50.6228472005 201901271503
1548623072 50.4894568559 201901271504
1548623132 50.4570105559 201901271505
1548623192 50.7165809561 201901271506
1548623252 50.3182124947 201901271507
1548623312 50.4750362782 201901271508
1548623372 50.4371822615 201901271509
1548623432 50.1235346945 201901271510
1548623492 50.2659379002 201901271511
1548623507 50.8625893063 201901271511
1548623567 50.7165809561 201901271512
1548623627 50.7129758117 201901271513
1548623687 50.5705726060 201901271514
1548623747 50.7165809561 201901271515
1548623807 50.5056800060 201901271516
1548623867 50.2154658779 201901271517
1548623927 50.6048214783 201901271518
1548623987 50.6913449450 201901271519
1548624047 50.5615597449 201901271520
1548624107 50.9112587563 201901271521
1548624122 50.9202716174 201901271522
1548624182 50.5525468838 201901271523
1548624242 50.3939205281 201901271524
1548624302 50.5579546004 201901271525
1548624362 50.6030189060 201901271526
1548624422 50.7778684118 201901271527
1548624482 50.1848221501 201901271528
1548624542 50.6084266227 201901271529
1548624602 50.5345211615 201901271530
1548624662 50.7400143951 201901271531
1548624722 50.5561520282 201901271532
1548624736 50.4804439948 201901271532
1548624796 50.3560665114 201901271533
1548624856 50.1307449834 201901271534
1548624916 50.7454221117 201901271535
1548624976 50.3470536503 201901271536
1548625036 50.4624182726 201901271537
1548625096 50.2046504446 201901271538
1548625156 50.2857661947 201901271539
1548625216 50.6012163338 201901271540
1548625276 50.6228472005 201901271541
1548625336 50.5237057282 201901271542
1548625349 50.0946935389 201901271542
1548625409 50.3794999503 201901271543
1548625469 49.8080845553 201901271544
1548625529 50.4966671448 201901271545
1548625589 50.7039629506 201901271546
1548625649 50.7165809561 201901271547
1548625709 50.0496292333 201901271548
1548625769 50.4858517115 201901271549
1548625829 50.0189855055 201901271550
1548625889 50.5994137616 201901271551
1548625949 50.6733192228 201901271552
1548625962 50.4155513948 201901271552
1548626022 50.5363237338 201901271553
1548626082 50.3524613669 201901271554
1548626142 50.8067095673 201901271555
1548626202 50.4948645726 201901271556
1548626262 50.1776118612 201901271557
1548626322 50.1325475556 201901271558
1548626382 50.7652504062 201901271559
1548626442 50.7742632673 201901271600
1548626502 50.4678259893 201901271601
1548626562 50.8499713007 201901271602
1548626577 50.8013018507 201901271602
1548626637 50.3037919169 201901271603
1548626697 50.9256793341 201901271604
1548626757 50.4876542837 201901271605
1548626817 51.0987262676 201901271606
1548626877 50.5849931838 201901271607
1548626937 50.6390703505 201901271608
1548626997 50.8301430062 201901271609
1548627057 50.8914304619 201901271610
1548627117 50.5705726060 201901271611
1548627177 50.7940915618 201901271612
1548627192 50.5327185893 201901271613
1548627252 50.5615597449 201901271614
1548627312 50.7562375451 201901271615
1548627372 50.5038774337 201901271616
1548627432 50.5561520282 201901271617
1548627492 50.4606157004 201901271618
1548627552 50.4588131281 201901271619
1548627612 50.7976967062 201901271620
1548627672 50.1848221501 201901271621
1548627732 50.5885983283 201901271622
1548627792 50.6913449450 201901271623
1548627805 50.9761513564 201901271623
1548627865 50.6300574894 201901271624
1548627925 50.3867102392 201901271625
1548627985 50.2713456169 201901271626
1548628045 50.5399288782 201901271627
1548628105 50.5651648893 201901271628
1548628165 50.8157224285 201901271629
1548628225 50.4461951226 201901271630
1548628285 50.2425044613 201901271631
1548628345 50.3975256725 201901271632
1548628405 49.9072260277 201901271633
1548628418 50.4498002670 201901271633
1548628478 50.9599282064 201901271634
1548628538 50.9545204897 201901271635
1548628598 50.9022458952 201901271636
1548628658 50.4768388504 201901271637
1548628718 50.4371822615 201901271638
1548628778 50.5363237338 201901271639
1548628838 50.3055944891 201901271640
1548628898 49.9468826166 201901271641
1548628958 50.8734047396 201901271642
1548629018 50.6949500895 201901271643
1548629032 50.6048214783 201901271643
1548629092 50.8265378618 201901271644
1548629152 49.8765822998 201901271645
1548629212 50.7472246840 201901271646
1548629272 50.4065385336 201901271647
1548629332 50.4588131281 201901271648
1548629392 50.1974401557 201901271649
1548629452 50.1577835668 201901271650
1548629512 50.4588131281 201901271651
1548629572 50.2461096057 201901271652
1548629632 50.7346066784 201901271653
1548629647 50.8806150285 201901271654
1548629707 50.6805295117 201901271655
1548629767 50.5741777505 201901271656
1548629827 50.8553790174 201901271657
1548629887 50.7670529784 201901271658
1548629947 50.3704870892 201901271659
1548630007 50.5255083004 201901271700
1548630067 50.9851642175 201901271701
1548630127 50.8770098841 201901271702
1548630187 50.6246497727 201901271703
1548630247 50.8571815896 201901271704
1548630262 50.5705726060 201901271704
1548630322 49.6620762052 201901271705
1548630382 50.5813880394 201901271706
1548630442 50.4768388504 201901271707
1548630502 50.4029333892 201901271708
1548630562 50.2244787390 201901271709
1548630622 50.1704015723 201901271710
1548630682 50.3704870892 201901271711
1548630742 50.7075680950 201901271712
1548630802 50.7003578061 201901271713
1548630862 50.7598426895 201901271714
1548630876 50.7904864173 201901271714
1548630936 50.3542639392 201901271715
1548630996 50.1884272946 201901271716
1548631056 50.3308305002 201901271717
1548631116 50.5092851504 201901271718
1548631176 50.3578690836 201901271719
1548631236 50.6588986450 201901271720
1548631296 50.7652504062 201901271721
1548631356 50.1758092890 201901271722
1548631416 50.3272253558 201901271723
1548631476 50.5128902949 201901271724
1548631489 50.0730626722 201901271724
1548631549 49.8639642943 201901271725
1548631609 50.4516028392 201901271726
1548631669 49.7990716942 201901271727
1548631729 50.8553790174 201901271728
1548631789 50.6354652061 201901271729
1548631849 50.6426754950 201901271730
1548631909 50.3434485058 201901271731
1548631969 50.7165809561 201901271732
1548632029 50.3488562225 201901271733
1548632089 50.3957231003 201901271734
1548632101 50.2316890279 201901271735
1548632161 50.1758092890 201901271736
1548632221 50.6931475172 201901271737
1548632281 50.3704870892 201901271738
1548632341 50.1974401557 201901271739
1548632401 50.5759803227 201901271740
1548632461 50.4461951226 201901271741
1548632521 50.3236202114 201901271742
1548632581 50.4245642559 201901271743
1548632641 50.3668819447 201901271744
1548632701 49.9522903332 201901271745
1548632716 50.7291989617 201901271745
1548632776 50.6859372283 201901271746
1548632836 50.4948645726 201901271747
1548632896 50.4660234170 201901271748
1548632956 50.3758948058 201901271749
1548633016 50.5795854671 201901271750
1548633076 50.2208735946 201901271751
1548633136 50.4461951226 201901271752
1548633196 50.1884272946 201901271753
1548633256 0.0030140113 201901271754
1548633316 51.0085976564 201901271755
1548633333 50.3037919169 201901271755
1548633393 50.7219886728 201901271756
1548633453 50.7418169673 201901271757
1548633513 50.3686845169 201901271758
1548633573 50.7147783839 201901271759
1548633633 50.3921179559 201901271800
1548633693 50.1776118612 201901271801
1548633753 50.2064530168 201901271802
1548633813 50.4029333892 201901271803
1548633873 50.4876542837 201901271804
1548633933 50.2479121780 201901271805
1548633948 50.5128902949 201901271805
1548634008 50.5273108726 201901271806
1548634068 50.6336626338 201901271807
1548634128 50.6372677783 201901271808
1548634188 50.6516883561 201901271809
1548634248 50.3452510780 201901271810
1548634308 50.6805295117 201901271811
1548634368 50.6282549172 201901271812
1548634428 50.5525468838 201901271813
1548634488 50.2821610502 201901271814
1548634548 50.5651648893 201901271815
1548634562 49.8801874443 201901271816
1548634622 50.5255083004 201901271817
1548634682 50.4443925503 201901271818
1548634742 50.7273963895 201901271819
1548634802 51.0194130897 201901271820
1548634862 50.3596716558 201901271821
1548634922 50.1199295501 201901271822
1548634982 50.3091996336 201901271823
1548635042 50.2334916002 201901271824
1548635102 50.5164954393 201901271825
1548635162 50.6516883561 201901271826
1548635174 49.5611321607 201901271826
1548635234 50.3308305002 201901271827
1548635294 50.1487707056 201901271828
1548635354 50.4407874059 201901271829
1548635414 50.3722896614 201901271830
1548635474 50.8752073118 201901271831
1548635534 50.6156369116 201901271832
1548635594 50.4479976948 201901271833
1548635654 50.4119462503 201901271834
1548635714 50.4552079837 201901271835
1548635774 50.2334916002 201901271836
1548635788 50.3091996336 201901271836
1548635848 0.0030140113 201901271837
1548635908 50.3452510780 201901271838
1548635968 50.5128902949 201901271839
1548636028 49.9288568943 201901271840
1548636088 50.2298864557 201901271841
1548636148 50.6661089339 201901271842
1548636208 50.3993282448 201901271843
1548636268 50.8391558674 201901271844
1548636328 50.3001867724 201901271845
1548636388 50.4011308170 201901271846
1548636405 50.4930620004 201901271846
1548636465 50.4119462503 201901271847
1548636525 50.3758948058 201901271848
1548636585 50.9869667897 201901271849
1548636645 50.6372677783 201901271850
1548636705 50.4119462503 201901271851
1548636765 50.2569250391 201901271852
1548636825 50.7850787007 201901271853
1548636885 50.8409584396 201901271854
1548636945 50.4155513948 201901271855
1548637005 50.4065385336 201901271856
1548637024 50.4263668281 201901271857
1548637084 50.4858517115 201901271858
1548637144 50.1704015723 201901271859
1548637204 50.5777828949 201901271900
1548637264 50.0640498111 201901271901
1548637324 50.6066240505 201901271902
1548637384 50.6931475172 201901271903
1548637444 50.3939205281 201901271904
1548637504 50.4498002670 201901271905
1548637564 50.3686845169 201901271906
1548637624 50.1902298668 201901271907
1548637639 50.3362382169 201901271907
1548637699 50.6444780672 201901271908
1548637759 50.2064530168 201901271909
1548637819 50.5507443116 201901271910
1548637879 50.6625037894 201901271911
1548637939 50.1397578445 201901271912
1548637999 50.1523758501 201901271913
1548638059 50.4353796892 201901271914
1548638119 50.7760658395 201901271915
1548638179 50.5831906116 201901271916
1548638239 50.3831050947 201901271917
1548638252 50.1974401557 201901271917
1548638312 50.3560665114 201901271918
1548638372 49.9955520666 201901271919
1548638432 50.4588131281 201901271920
1548638492 50.5741777505 201901271921
1548638552 51.1473957176 201901271922
1548638612 50.7273963895 201901271923
1548638672 50.3740922336 201901271924
1548638732 50.0910883945 201901271925
1548638792 50.3704870892 201901271926
1548638852 50.4479976948 201901271927
1548638867 50.5651648893 201901271927
1548638927 50.1649938557 201901271928
1548638987 50.4245642559 201901271929
1548639047 50.0316035111 201901271930
1548639107 50.6534909283 201901271931
1548639167 50.6390703505 201901271932
1548639227 50.6805295117 201901271933
1548639287 49.8098871276 201901271934
1548639347 50.3668819447 201901271935
1548639407 49.9829340611 201901271936
1548639467 50.4966671448 201901271937
1548639483 50.1920324390 201901271938
1548639543 50.0532343778 201901271939
1548639603 50.5813880394 201901271940
1548639663 50.5399288782 201901271941
1548639723 50.6048214783 201901271942
1548639783 50.7273963895 201901271943
1548639843 50.7039629506 201901271944
1548639903 50.1613887112 201901271945
1548639963 50.1704015723 201901271946
1548640023 50.6138343394 201901271947
1548640083 50.5255083004 201901271948
1548640098 50.1037064000 201901271948
1548640158 50.4912594282 201901271949
1548640218 50.7904864173 201901271950
1548640278 49.8783848721 201901271951
1548640338 50.4209591114 201901271952
1548640398 50.4966671448 201901271953
1548640458 50.5940060449 201901271954
1548640518 50.3740922336 201901271955
1548640578 50.4570105559 201901271956
1548640638 50.3164099225 201901271957
1548640698 50.1343501279 201901271958
1548640712 50.5417314504 201901271958
1548640772 50.2713456169 201901271959
1548640832 50.6156369116 201901272000
1548640892 50.2641353280 201901272001
1548640952 50.2659379002 201901272002
1548641012 50.4876542837 201901272003
1548641072 50.6300574894 201901272004
1548641132 50.5128902949 201901272005
1548641192 50.5002722893 201901272006
1548641252 50.4624182726 201901272007
1548641312 50.3091996336 201901272008
1548641325 50.5561520282 201901272008
1548641385 50.3740922336 201901272009
1548641445 50.4047359614 201901272010
1548641505 50.9941770786 201901272011
1548641565 50.1019038278 201901272012
1548641625 50.4534054115 201901272013
1548641685 50.9995847953 201901272014
1548641745 50.9328896230 201901272015
1548641805 50.2569250391 201901272016
1548641865 50.7922889895 201901272017
1548641925 50.7201861006 201901272018
1548641937 50.5164954393 201901272018
1548641997 50.4137488225 201901272019
1548642057 50.5543494560 201901272020
1548642117 50.7201861006 201901272021
1548642177 50.2551224668 201901272022
1548642237 50.4696285615 201901272023
1548642297 50.0099726444 201901272024
1548642357 50.7201861006 201901272025
1548642417 50.4335771170 201901272026
1548642477 50.4209591114 201901272027
1548642537 50.4750362782 201901272028
1548642554 50.1037064000 201901272029
1548642614 50.4389848337 201901272030
1548642674 50.5795854671 201901272031
1548642734 50.5867957560 201901272032
1548642794 50.6552935005 201901272033
1548642854 50.3524613669 201901272034
1548642914 50.2929764835 201901272035
1548642974 50.4155513948 201901272036
1548643034 50.2605301835 201901272037
1548643094 50.5561520282 201901272038
1548643154 50.5345211615 201901272039
1548643169 50.6841346561 201901272039
1548643229 50.2190710224 201901272040
1548643289 50.4047359614 201901272041
1548643349 50.3993282448 201901272042
1548643409 50.1595861390 201901272043
1548643469 49.7215610886 201901272044
1548643529 50.5417314504 201901272045
1548643589 49.8513462887 201901272046
1548643649 50.6805295117 201901272047
1548643709 50.6246497727 201901272048
1548643769 50.5976111894 201901272049
1548643784 50.4588131281 201901272049
1548643844 50.3488562225 201901272050
1548643904 50.8265378618 201901272051
1548643964 50.2407018891 201901272052
1548644024 50.2136633057 201901272053
1548644084 50.1740067168 201901272054
1548644144 50.0135777889 201901272055
1548644204 50.4984697171 201901272056
1548644264 50.4786414226 201901272057
1548644324 50.8661944507 201901272058
1548644384 50.6012163338 201901272059
1548644398 50.7111732395 201901272059
1548644458 50.3398433614 201901272100
1548644518 50.7616452617 201901272101
1548644578 50.4335771170 201901272102
1548644638 50.8301430062 201901272103
1548644698 50.2821610502 201901272104
1548644758 50.3290279280 201901272105
1548644818 50.5453365949 201901272106
1548644878 50.2983842002 201901272107
1548644938 50.2857661947 201901272108
1548644998 50.2226761668 201901272109
1548645016 50.5597571727 201901272110
1548645076 50.8752073118 201901272111
1548645136 50.7021603784 201901272112
1548645196 50.3470536503 201901272113
1548645256 50.8049069951 201901272114
1548645316 50.3813025225 201901272115
1548645376 49.7485996720 201901272116
1548645436 50.2262813113 201901272117
1548645496 50.3218176391 201901272118
1548645556 50.5759803227 201901272119
1548645616 50.3362382169 201901272120
1548645630 50.3867102392 201901272120
1548645690 50.6769243672 201901272121
1548645750 50.1307449834 201901272122
1548645810 50.0820755334 201901272123
1548645870 50.7436195395 201901272124
1548645930 50.4750362782 201901272125
1548645990 50.5813880394 201901272126
1548646050 50.2479121780 201901272127
1548646110 50.6552935005 201901272128
1548646170 49.7918614053 201901272129
1548646230 50.7382118228 201901272130
1548646247 50.3867102392 201901272130
1548646307 50.9995847953 201901272131
1548646367 50.4461951226 201901272132
1548646427 50.3668819447 201901272133
1548646487 50.2659379002 201901272134
1548646547 49.9667109110 201901272135
1548646607 50.7039629506 201901272136
1548646667 50.3867102392 201901272137
1548646727 50.5201005837 201901272138
1548646787 50.5345211615 201901272139
1548646847 50.2947790558 201901272140
1548646865 50.3921179559 201901272141
1548646925 50.1992427279 201901272142
1548646985 50.7454221117 201901272143
1548647045 50.0117752166 201901272144
1548647105 49.9108311721 201901272145
1548647165 50.2172684501 201901272146
1548647225 50.5020748615 201901272147
1548647285 50.3182124947 201901272148
1548647345 50.3921179559 201901272149
1548647405 50.3380407891 201901272150
1548647465 50.2875687669 201901272151
1548647480 50.2713456169 201901272151
1548647540 50.3596716558 201901272152
1548647600 50.0766678167 201901272153
1548647660 50.3578690836 201901272154
1548647720 50.2767533335 201901272155
1548647780 50.1001012556 201901272156
1548647840 50.7508298284 201901272157
1548647900 50.4786414226 201901272158
1548647960 50.2569250391 201901272159
1548648020 50.2947790558 201901272200
1548648080 50.3073970613 201901272201
1548648097 50.6480832116 201901272201
1548648157 50.6012163338 201901272202
1548648217 50.3326330725 201901272203
1548648277 50.5831906116 201901272204
1548648337 50.2659379002 201901272205
1548648397 50.4011308170 201901272206
1548648457 50.3686845169 201901272207
1548648517 50.6444780672 201901272208
1548648577 50.0928909667 201901272209
1548648637 50.4534054115 201901272210
1548648697 50.4876542837 201901272211
1548648711 50.4263668281 201901272211
1548648771 50.3939205281 201901272212
1548648831 50.5831906116 201901272213
1548648891 50.5273108726 201901272214
1548648951 49.9649083388 201901272215
1548649011 50.1199295501 201901272216
1548649071 50.2461096057 201901272217
1548649131 50.5759803227 201901272218
1548649191 50.0928909667 201901272219
1548649251 50.4624182726 201901272220
1548649311 50.5273108726 201901272221
1548649326 50.0874832500 201901272222
1548649386 50.4606157004 201901272223
1548649446 50.4299719726 201901272224
1548649506 50.1451655612 201901272225
1548649566 50.5128902949 201901272226
1548649626 50.6841346561 201901272227
1548649686 50.1830195779 201901272228
1548649746 50.6895423728 201901272229
1548649806 50.4281694003 201901272230
1548649866 50.5056800060 201901272231
1548649926 50.3164099225 201901272232
1548649945 50.7544349728 201901272232
1548650005 50.5273108726 201901272233
1548650065 50.8409584396 201901272234
1548650125 50.9419024841 201901272235
1548650185 50.3236202114 201901272236
1548650245 50.0676549556 201901272237
1548650305 50.3416459336 201901272238
1548650365 50.4353796892 201901272239
1548650425 50.3019893447 201901272240
1548650485 50.3686845169 201901272241
1548650545 50.1649938557 201901272242
1548650560 50.7382118228 201901272242
1548650620 50.6985552339 201901272243
1548650680 50.4804439948 201901272244
1548650740 50.9022458952 201901272245
1548650800 50.3813025225 201901272246
1548650860 50.4137488225 201901272247
1548650920 50.7598426895 201901272248
1548650980 50.5976111894 201901272249
1548651040 50.3921179559 201901272250
1548651100 50.7976967062 201901272251
1548651160 50.3055944891 201901272252
1548651176 50.0027623555 201901272252
1548651236 50.5255083004 201901272253
1548651296 50.4371822615 201901272254
1548651356 50.3182124947 201901272255
1548651416 50.5994137616 201901272256
1548651476 50.3524613669 201901272257
1548651536 50.1685990001 201901272258
1548651596 50.3164099225 201901272259
1548651656 50.3128047780 201901272300
1548651716 50.5759803227 201901272301
1548651776 50.7652504062 201901272302
1548651794 50.6661089339 201901272303
1548651854 50.4479976948 201901272304
1548651914 50.5219031560 201901272305
1548651974 50.2965816280 201901272306
1548652034 50.4425899781 201901272307
1548652094 50.0081700722 201901272308
1548652154 50.6516883561 201901272309
1548652214 50.5038774337 201901272310
1548652274 50.6048214783 201901272311
1548652334 50.6228472005 201901272312
1548652394 50.8445635840 201901272313
1548652410 50.3110022058 201901272313
1548652470 50.2226761668 201901272314
1548652530 50.8607867341 201901272315
1548652590 50.7832761284 201901272316
1548652650 50.2731481891 201901272317
1548652710 50.9617307786 201901272318
1548652770 50.4498002670 201901272319
1548652830 50.2244787390 201901272320
1548652890 50.9779539286 201901272321
1548652950 50.7237912450 201901272322
1548653010 50.7364092506 201901272323
1548653027 50.1938350112 201901272323
1548653087 50.7868812729 201901272324
1548653147 50.4984697171 201901272325
1548653207 50.3470536503 201901272326
1548653267 50.4389848337 201901272327
1548653327 50.2713456169 201901272328
1548653387 50.3813025225 201901272329
1548653447 50.3885128114 201901272330
1548653507 50.5219031560 201901272331
1548653567 50.8013018507 201901272332
1548653627 50.4642208448 201901272333
1548653643 50.2623327557 201901272334
1548653703 50.6210446283 201901272335
1548653763 50.4317745448 201901272336
1548653823 49.8243077054 201901272337
1548653883 -0.0023937054 201901272338
1548653943 50.0676549556 201901272339
1548654003 50.5723751782 201901272340
1548654063 50.4065385336 201901272341
1548654123 50.5543494560 201901272342
1548654183 50.5489417393 201901272343
1548654243 50.5849931838 201901272344
1548654259 50.2569250391 201901272344
1548654319 50.2947790558 201901272345
1548654379 0.0066191558 201901272346
1548654439 50.3344356447 201901272347
1548654499 50.2821610502 201901272348
1548654559 50.4083411059 201901272349
1548654619 50.4876542837 201901272350
1548654679 50.7742632673 201901272351
1548654739 50.6715166505 201901272352
1548654799 50.0261957944 201901272353
1548654859 50.1974401557 201901272354
