1550556271 -1.0000000000 2019021900047
1550556327 51.8089397238 201902190005
1550556387 51.8413860238 201902190006
1550556447 52.0703126962 201902190007
1550556507 51.5728027625 201902190008
1550556567 51.9549480739 201902190009
1550556627 51.6737468070 201902190010
1550556687 51.2627603400 201902190011
1550556747 51.2988117844 201902190012
1550556807 51.1041339843 201902190013
1550556867 51.2375243288 201902190014
1550556879 51.2897989233 201902190014
1550556939 51.2789834900 201902190015
1550556999 51.9621583628 201902190016
1550557059 51.5601847569 201902190017
1550557119 51.2032754566 201902190018
1550557179 51.5962362014 201902190019
1550557239 51.8017294349 201902190020
1550557299 51.4592407124 201902190021
1550557359 51.8594117460 201902190022
1550557419 51.5691976180 201902190023
1550557479 51.3168375067 201902190024
1550557493 51.5926310569 201902190024
1550557553 51.6899699570 201902190025
1550557613 51.4177815512 201902190026
1550557673 51.2699706289 201902190027
1550557733 51.3600992400 201902190028
1550557793 50.7057655228 201902190029
1550557853 51.3600992400 201902190030
1550557913 51.2501423344 201902190031
1550557973 51.0158079453 201902190032
1550558033 51.8341757349 201902190033
1550558093 51.7458496959 201902190034
1550558106 51.4069661179 201902190035
1550558166 51.3781249623 201902190036
1550558226 51.7638754182 201902190037
1550558286 51.4754638624 201902190038
1550558346 51.2861937789 201902190039
1550558406 51.4556355679 201902190040
1550558466 51.4520304235 201902190041
1550558526 51.4700561457 201902190042
1550558586 51.0644773953 201902190043
1550558646 51.4592407124 201902190044
1550558706 51.3961506845 201902190045
1550558719 51.4249918401 201902190045
1550558779 50.1019038278 201902190046
1550558839 51.3258503678 201902190047
1550558899 51.3438760900 201902190048
1550558959 51.3474812345 201902190049
1550559019 51.3745198178 201902190050
1550559079 51.5583821847 201902190051
1550559139 51.1473957176 201902190052
1550559199 51.4466227068 201902190053
1550559259 51.3168375067 201902190054
1550559319 51.1762368732 201902190055
1550559337 51.3096272178 201902190055
1550559397 51.1960651677 201902190056
1550559457 51.3709146734 201902190057
1550559517 51.6286825014 201902190058
1550559577 51.5619873291 201902190059
1550559637 51.1077391287 201902190100
1550559697 51.1005288398 201902190101
1550559757 51.1564085788 201902190102
1550559817 51.4970947291 201902190103
1550559877 51.7855062849 201902190104
1550559937 50.6588986450 201902190105
1550559953 51.2032754566 201902190105
1550560013 51.7963217182 201902190106
1550560073 50.9437050563 201902190107
1550560133 50.9851642175 201902190108
1550560193 51.8269654460 201902190109
1550560253 51.1473957176 201902190110
1550560313 51.5151204513 201902190111
1550560373 51.5079101624 201902190112
1550560433 51.5385538902 201902190113
1550560493 51.3420735178 201902190114
1550560553 51.1185545621 201902190115
1550560569 51.2249063233 201902190116
1550560629 50.9473102008 201902190117
1550560689 51.3925455401 201902190118
1550560749 51.5133178791 201902190119
1550560809 51.5493693235 201902190120
1550560869 51.3637043845 201902190121
1550560929 51.4051635456 201902190122
1550560989 51.9008709072 201902190123
1550561049 51.6971802459 201902190124
1550561109 51.2339191844 201902190125
1550561169 51.2194986066 201902190126
1550561185 51.5493693235 201902190126
1550561245 51.4592407124 201902190127
1550561305 50.9599282064 201902190128
1550561365 51.2032754566 201902190129
1550561425 51.2519449066 201902190130
1550561485 51.7963217182 201902190131
1550561545 51.5006998735 201902190132
1550561605 51.5529744680 201902190133
1550561665 50.7742632673 201902190134
1550561725 51.4141764068 201902190135
1550561785 51.6196696403 201902190136
1550561801 51.2014728844 201902190136
1550561861 51.7007853903 201902190137
1550561921 50.8211301451 201902190138
1550561981 51.3528889512 201902190139
1550562041 51.1978677399 201902190140
1550562101 51.0122028009 201902190141
1550562161 51.6629313736 201902190142
1550562221 50.9022458952 201902190143
1550562281 51.5728027625 201902190144
1550562341 51.2050780288 201902190145
1550562401 51.6683390903 201902190146
1550562420 51.4520304235 201902190147
1550562480 51.5133178791 201902190148
1550562540 51.4303995568 201902190149
1550562600 51.1329751398 201902190150
1550562660 51.2519449066 201902190151
1550562720 50.9941770786 201902190152
1550562780 51.8485963127 201902190153
1550562840 51.5908284847 201902190154
1550562900 51.5061075902 201902190155
1550562960 51.0861082620 201902190156
1550563020 51.5547770402 201902190157
1550563036 51.1546060065 201902190157
1550563096 50.9419024841 201902190158
1550563156 50.2010453001 201902190159
1550563216 51.3096272178 201902190200
1550563276 51.4520304235 201902190201
1550563336 51.4123738345 201902190202
1550563396 51.5998413458 201902190203
1550563456 51.2519449066 201902190204
1550563516 51.5205281680 201902190205
1550563576 51.1221597065 201902190206
1550563636 51.6665365181 201902190207
1550563651 51.0879108343 201902190207
1550563711 51.4502278512 201902190208
1550563771 51.6575236570 201902190209
1550563831 51.3312580845 201902190210
1550563891 51.0482542453 201902190211
1550563951 51.4664510013 201902190212
1550564011 51.5475667513 201902190213
1550564071 51.9946046628 201902190214
1550564131 51.4484252790 201902190215
1550564191 51.3907429679 201902190216
1550564251 51.4322021290 201902190217
1550564269 51.5836181958 201902190217
1550564329 51.6250773569 201902190218
1550564389 51.5169230235 201902190219
1550564449 50.7634478340 201902190220
1550564509 50.9851642175 201902190221
1550564569 51.5061075902 201902190222
1550564629 51.3655069567 201902190223
1550564689 51.4664510013 201902190224
1550564749 51.5169230235 201902190225
1550564809 50.9184690452 201902190226
1550564869 51.2952066400 201902190227
1550564884 51.1095417009 201902190228
1550564944 51.3042195011 201902190229
1550565004 51.7152059681 201902190230
1550565064 51.4394124179 201902190231
1550565124 51.3294555122 201902190232
1550565184 51.9459352128 201902190233
1550565244 51.2825886344 201902190234
1550565304 51.0716876842 201902190235
1550565364 51.4952921568 201902190236
1550565424 51.2627603400 201902190237
1550565484 51.6773519514 201902190238
1550565501 51.4754638624 201902190238
1550565561 51.5349487458 201902190239
1550565621 51.4556355679 201902190240
1550565681 51.6214722125 201902190241
1550565741 51.1257648510 201902190242
1550565801 51.2555500511 201902190243
1550565861 51.3510863789 201902190244
1550565921 49.6566684885 201902190245
1550565981 51.1059365565 201902190246
1550566041 51.5836181958 201902190247
1550566101 50.8842201730 201902190248
1550566117 51.0284259509 201902190248
1550566177 51.2249063233 201902190249
1550566237 51.1419880010 201902190250
1550566297 51.6539185125 201902190251
1550566357 50.9869667897 201902190252
1550566417 51.4394124179 201902190253
1550566477 51.6196696403 201902190254
1550566537 51.3294555122 201902190255
1550566597 51.8305705905 201902190256
1550566657 51.4322021290 201902190257
1550566717 51.6575236570 201902190258
1550566734 51.2339191844 201902190258
1550566794 51.2609577677 201902190259
1550566854 51.5673950458 201902190300
1550566914 51.5655924736 201902190301
1550566974 50.5543494560 201902190302
1550567034 51.4502278512 201902190303
1550567094 51.0987262676 201902190304
1550567154 51.5782104791 201902190305
1550567214 51.2789834900 201902190306
1550567274 51.6719442348 201902190307
1550567334 51.1816445899 201902190308
1550567349 51.6863648126 201902190309
1550567409 51.6629313736 201902190310
1550567469 51.4412149901 201902190311
1550567529 51.3204426511 201902190312
1550567589 51.7422445515 201902190313
1550567649 51.5115153068 201902190314
1550567709 51.5133178791 201902190315
1550567769 51.3637043845 201902190316
1550567829 51.3564940956 201902190317
1550567889 51.4105712623 201902190318
1550567949 51.1455931454 201902190319
1550567967 51.2879963511 201902190319
1550568027 51.7512574126 201902190320
1550568087 51.3348632289 201902190321
1550568147 51.3348632289 201902190322
1550568207 51.1059365565 201902190323
1550568267 51.5259358846 201902190324
1550568327 51.2194986066 201902190325
1550568387 51.4610432846 201902190326
1550568447 51.1798420177 201902190327
1550568507 51.0843056898 201902190328
1550568567 51.6178670681 201902190329
1550568583 51.5800130514 201902190329
1550568643 52.0973512796 201902190330
1550568703 50.9382973397 201902190331
1550568763 51.4087686901 201902190332
1550568823 51.7800985682 201902190333
1550568883 51.6557210848 201902190334
1550568943 51.3078246456 201902190335
1550569003 51.3817301067 201902190336
1550569063 51.5313436013 201902190337
1550569123 51.8035320071 201902190338
1550569183 51.6791545237 201902190339
1550569200 51.2375243288 201902190340
1550569260 50.8589841618 201902190341
1550569320 51.6539185125 201902190342
1550569380 51.0067950842 201902190343
1550569440 51.2483397622 201902190344
1550569500 51.5187255957 201902190345
1550569560 51.1473957176 201902190346
1550569620 51.3024169289 201902190347
1550569680 51.3024169289 201902190348
1550569740 51.4448201346 201902190349
1550569800 51.1329751398 201902190350
1550569819 51.5205281680 201902190350
1550569879 51.6755493792 201902190351
1550569939 51.0879108343 201902190352
1550569999 51.0716876842 201902190353
1550570059 51.7404419793 201902190354
1550570119 51.4844767235 201902190355
1550570179 51.8738323238 201902190356
1550570239 51.2068806010 201902190357
1550570299 51.4754638624 201902190358
1550570359 51.3691121012 201902190359
1550570419 51.5421590347 201902190400
1550570435 51.6088542069 201902190400
1550570495 50.6156369116 201902190401
1550570555 51.2393269011 201902190402
1550570615 51.4682535735 201902190403
1550570675 51.5890259125 201902190404
1550570735 51.3258503678 201902190405
1550570795 51.2897989233 201902190406
1550570855 51.9387249239 201902190407
1550570915 51.5097127346 201902190408
1550570975 51.1816445899 201902190409
1550571035 51.1131468454 201902190410
1550571053 51.7350342626 201902190410
1550571113 51.9351197794 201902190411
1550571173 51.2411294733 201902190412
1550571233 51.3384683734 201902190413
1550571293 51.3691121012 201902190414
1550571353 51.5133178791 201902190415
1550571413 51.6629313736 201902190416
1550571473 51.0176105175 201902190417
1550571533 51.8485963127 201902190418
1550571593 51.5223307402 201902190419
1550571653 51.2122883177 201902190420
1550571668 50.8625893063 201902190421
1550571728 51.4376098457 201902190422
1550571788 51.5800130514 201902190423
1550571848 51.7043905348 201902190424
1550571908 50.8139198562 201902190425
1550571968 51.5511718958 201902190426
1550572028 51.3943481123 201902190427
1550572088 51.5313436013 201902190428
1550572148 51.3564940956 201902190429
1550572208 51.6485107959 201902190430
1550572268 51.4376098457 201902190431
1550572289 50.9941770786 201902190431
1550572349 51.4682535735 201902190432
1550572409 50.7706581229 201902190433
1550572469 51.4502278512 201902190434
1550572529 51.5169230235 201902190435
1550572589 50.8337481507 201902190436
1550572649 51.7260214015 201902190437
1550572709 50.8770098841 201902190438
1550572769 51.6286825014 201902190439
1550572829 51.3420735178 201902190440
1550572889 51.6827596681 201902190441
1550572906 51.1780394454 201902190441
1550572966 50.4714311337 201902190442
1550573026 51.4808715790 201902190443
1550573086 51.5818156236 201902190444
1550573146 51.4790690068 201902190445
1550573206 51.4916870124 201902190446
1550573266 50.3470536503 201902190447
1550573326 51.6052490625 201902190448
1550573386 51.0446491009 201902190449
1550573446 51.6539185125 201902190450
1550573506 51.4448201346 201902190451
1550573522 51.3240477956 201902190452
1550573582 51.2339191844 201902190453
1550573642 51.1419880010 201902190454
1550573702 51.4466227068 201902190455
1550573762 51.5457641791 201902190456
1550573822 51.8269654460 201902190457
1550573882 51.1942625955 201902190458
1550573942 51.2717732011 201902190459
1550574002 51.5493693235 201902190500
1550574062 51.9495403572 201902190501
1550574122 51.6701416625 201902190502
1550574140 50.8824176007 201902190502
1550574200 51.3132323622 201902190503
1550574260 51.4213866957 201902190504
1550574320 51.0572671064 201902190505
1550574380 51.6214722125 201902190506
1550574440 50.9617307786 201902190507
1550574500 51.7945191460 201902190508
1550574560 51.6088542069 201902190509
1550574620 51.3961506845 201902190510
1550574680 51.4610432846 201902190511
1550574740 51.5619873291 201902190512
1550574757 50.9761513564 201902190512
1550574817 51.1167519898 201902190513
1550574877 51.5115153068 201902190514
1550574937 51.3258503678 201902190515
1550574997 51.3294555122 201902190516
1550575057 51.3709146734 201902190517
1550575117 50.7994992784 201902190518
1550575177 51.0392413842 201902190519
1550575237 51.4195841234 201902190520
1550575297 51.1095417009 201902190521
1550575357 51.5547770402 201902190522
1550575373 51.5818156236 201902190522
1550575433 51.6665365181 201902190523
1550575493 50.9455076286 201902190524
1550575553 51.3384683734 201902190525
1550575613 51.3510863789 201902190526
1550575673 51.0734902565 201902190527
1550575733 51.7440471237 201902190528
1550575793 51.2086831732 201902190529
1550575853 50.7147783839 201902190530
1550575913 50.8211301451 201902190531
1550575973 51.8053345793 201902190532
1550575992 51.0716876842 201902190533
1550576052 51.8359783071 201902190534
1550576112 51.5475667513 201902190535
1550576172 50.8103147118 201902190536
1550576232 51.9008709072 201902190537
1550576292 50.9058510396 201902190538
1550576352 51.5836181958 201902190539
1550576412 51.3709146734 201902190540
1550576472 50.9797565008 201902190541
1550576532 50.7003578061 201902190542
1550576592 51.3510863789 201902190543
1550576610 51.3060220733 201902190543
1550576670 51.0554645342 201902190544
1550576730 51.2609577677 201902190545
1550576790 51.5349487458 201902190546
1550576850 51.6142619236 201902190547
1550576910 50.8896278896 201902190548
1550576970 51.2573526233 201902190549
1550577030 51.1293699954 201902190550
1550577090 51.4682535735 201902190551
1550577150 51.4898844402 201902190552
1550577210 51.4952921568 201902190553
1550577226 50.9220741897 201902190553
1550577286 51.4700561457 201902190554
1550577346 51.1960651677 201902190555
1550577406 51.2447346177 201902190556
1550577466 51.5421590347 201902190557
1550577526 51.4646484290 201902190558
1550577586 51.5529744680 201902190559
1550577646 51.0104002286 201902190600
1550577706 50.5255083004 201902190601
1550577766 51.2249063233 201902190602
1550577826 51.2104857455 201902190603
1550577842 51.4646484290 201902190604
1550577902 51.5908284847 201902190605
1550577962 51.3096272178 201902190606
1550578022 50.8932330341 201902190607
1550578082 51.5025024457 201902190608
1550578142 50.9743487842 201902190609
1550578202 51.4123738345 201902190610
1550578262 51.0392413842 201902190611
1550578322 51.3546915234 201902190612
1550578382 51.0680825398 201902190613
1550578442 51.6665365181 201902190614
1550578458 51.3222452233 201902190614
1550578518 51.2627603400 201902190615
1550578578 51.1582111510 201902190616
1550578638 51.3907429679 201902190617
1550578698 51.4087686901 201902190618
1550578758 51.2681680566 201902190619
1550578763 51.3456786623 201902190619
1550578823 51.2213011788 201902190620
1550578883 51.4862792957 201902190621
1550578943 50.9166664730 201902190622
1550579003 0.0066191558 201902190623
1550579063 0.0066191558 201902190624
1550579123 0.0066191558 201902190625
1550579183 0.0066191558 201902190626
1550579243 51.5259358846 201902190627
1550579303 51.4051635456 201902190628
1550579363 51.8503988849 201902190629
1550579423 51.3312580845 201902190630
1550579483 51.3222452233 201902190631
1550579543 51.1852497343 201902190632
1550579603 50.8896278896 201902190633
1550579663 51.0122028009 201902190634
1550579690 51.1365802843 201902190634
1550579750 50.8499713007 201902190635
1550579810 51.1401854287 201902190636
1550579870 51.0698851120 201902190637
1550579930 51.1005288398 201902190638
1550579990 51.1528034343 201902190639
1550580050 51.5962362014 201902190640
1550580110 51.7674805626 201902190641
1550580170 51.4069661179 201902190642
1550580230 51.1275674232 201902190643
1550580290 51.3637043845 201902190644
1550580307 51.6539185125 201902190645
1550580367 51.3546915234 201902190646
1550580427 -0.0041962776 201902190647
1550580487 50.9653359230 201902190648
1550580547 51.2249063233 201902190649
1550580607 51.0680825398 201902190650
1550580667 51.8558066016 201902190651
1550580727 51.5908284847 201902190652
1550580787 51.3276529400 201902190653
1550580847 51.4502278512 201902190654
1550580907 51.4123738345 201902190655
1550580924 51.2681680566 201902190655
1550580984 51.0140053731 201902190656
1550581044 51.3673095289 201902190657
1550581104 51.5421590347 201902190658
1550581164 51.1978677399 201902190659
1550581224 51.1942625955 201902190700
1550581284 51.2086831732 201902190701
1550581344 51.4394124179 201902190702
1550581404 51.5385538902 201902190703
1550581464 51.8413860238 201902190704
1550581524 51.2104857455 201902190705
1550581539 51.6106567792 201902190705
1550581599 51.1383828565 201902190706
1550581659 50.9599282064 201902190707
1550581719 51.1419880010 201902190708
1550581779 50.7868812729 201902190709
1550581839 51.3817301067 201902190710
1550581899 51.2483397622 201902190711
1550581959 51.7494548404 201902190712
1550582019 51.1149494176 201902190713
1550582079 50.6534909283 201902190714
1550582139 51.3582966678 201902190715
1550582158 51.0752928287 201902190715
1550582218 51.3709146734 201902190716
1550582278 51.3024169289 201902190717
1550582338 51.2681680566 201902190718
1550582398 50.9959796508 201902190719
1550582458 51.4592407124 201902190720
1550582518 51.2645629122 201902190721
1550582578 51.3925455401 201902190722
1550582638 50.7201861006 201902190723
1550582698 51.3619018123 201902190724
1550582758 51.4952921568 201902190725
1550582774 51.1185545621 201902190726
1550582834 51.3907429679 201902190727
1550582894 50.8896278896 201902190728
1550582954 51.2934040678 201902190729
1550583014 51.2717732011 201902190730
1550583074 51.7025879626 201902190731
1550583134 51.4862792957 201902190732
1550583194 51.3042195011 201902190733
1550583254 51.2861937789 201902190734
1550583314 51.2032754566 201902190735
1550583374 51.0626748231 201902190736
1550583391 51.2537474788 201902190736
1550583451 51.6394979347 201902190737
1550583511 51.1906574510 201902190738
1550583571 51.7170085404 201902190739
1550583631 51.2140908899 201902190740
1550583691 51.3132323622 201902190741
1550583751 51.1149494176 201902190742
1550583811 51.1383828565 201902190743
1550583871 51.6665365181 201902190744
1550583931 51.4033609734 201902190745
1550583991 50.7526324006 201902190746
1550584009 51.4682535735 201902190746
1550584069 51.1077391287 201902190747
1550584129 50.9076536119 201902190748
1550584189 51.1113442732 201902190749
1550584249 51.3600992400 201902190750
1550584309 50.9833616453 201902190751
1550584369 51.3979532567 201902190752
1550584429 51.1113442732 201902190753
1550584489 51.5673950458 201902190754
1550584549 51.4538329957 201902190755
1550584609 51.1960651677 201902190756
1550584626 51.2735757733 201902190757
1550584686 51.2429320455 201902190758
1550584746 51.2879963511 201902190759
1550584806 51.0536619620 201902190800
1550584866 51.4574381401 201902190801
1550584926 51.2861937789 201902190802
1550584986 51.5818156236 201902190803
1550585046 50.8806150285 201902190804
1550585106 51.3294555122 201902190805
1550585166 51.4069661179 201902190806
1550585226 51.1473957176 201902190807
1550585242 51.2735757733 201902190807
1550585302 50.6985552339 201902190808
1550585362 51.5691976180 201902190809
1550585422 51.3492838067 201902190810
1550585482 51.3817301067 201902190811
1550585542 51.1528034343 201902190812
1550585602 49.5052524217 201902190813
1550585662 51.1798420177 201902190814
1550585722 51.0464516731 201902190815
1550585782 51.0807005454 201902190816
1550585842 50.9851642175 201902190817
1550585857 51.4502278512 201902190817
1550585917 50.7796709840 201902190818
1550585977 50.7796709840 201902190819
1550586037 51.6935751015 201902190820
1550586097 51.3799275345 201902190821
1550586157 51.2519449066 201902190822
1550586217 51.3889403956 201902190823
1550586277 51.3204426511 201902190824
1550586337 51.5403564624 201902190825
1550586397 51.0158079453 201902190826
1550586457 51.2122883177 201902190827
1550586475 51.5169230235 201902190827
1550586535 50.9130613285 201902190828
1550586595 50.7922889895 201902190829
1550586655 50.7796709840 201902190830
1550586715 51.0284259509 201902190831
1550586775 51.4970947291 201902190832
1550586835 51.0861082620 201902190833
1550586895 50.9238767619 201902190834
1550586955 51.0518593898 201902190835
1550587015 50.5074825782 201902190836
1550587075 50.4461951226 201902190837
1550587094 0.0120268724 201902190838
1550587154 51.2681680566 201902190839
1550587214 51.1473957176 201902190840
1550587274 51.1726317288 201902190841
1550587334 50.0784703889 201902190842
1550587394 49.7305739497 201902190843
1550587454 51.1113442732 201902190844
1550587514 51.5673950458 201902190845
1550587574 51.5025024457 201902190846
1550587634 51.1690265843 201902190847
1550587694 50.7291989617 201902190848
1550587710 51.0518593898 201902190848
1550587770 51.4826741513 201902190849
1550587830 51.4646484290 201902190850
1550587890 51.4520304235 201902190851
1550587950 50.2334916002 201902190852
1550588010 50.7472246840 201902190853
1550588070 51.0825031176 201902190854
1550588130 51.3240477956 201902190855
1550588190 51.2357217566 201902190856
1550588250 51.0302285231 201902190857
1550588310 51.1780394454 201902190858
1550588327 51.2934040678 201902190858
1550588387 50.8661944507 201902190859
1550588447 51.2231037510 201902190900
1550588507 50.8770098841 201902190901
1550588567 50.9689410675 201902190902
1550588627 51.2086831732 201902190903
1550588687 51.1041339843 201902190904
1550588747 51.4033609734 201902190905
1550588807 50.9112587563 201902190906
1550588867 51.0843056898 201902190907
1550588927 0.0066191558 201902190908
1550588942 0.0030140113 201902190909
1550589002 51.4051635456 201902190910
1550589062 51.2339191844 201902190911
1550589122 51.3078246456 201902190912
1550589182 50.8139198562 201902190913
1550589242 51.2609577677 201902190914
1550589302 51.2717732011 201902190915
1550589362 51.3871378234 201902190916
1550589422 51.4502278512 201902190917
1550589482 51.0626748231 201902190918
1550589542 51.0752928287 201902190919
1550589558 51.2050780288 201902190919
1550589618 51.4340047012 201902190920
1550589678 50.6985552339 201902190921
1550589738 51.1834471621 201902190922
1550589798 50.4371822615 201902190923
1550589858 50.7129758117 201902190924
1550589918 51.1852497343 201902190925
1550589978 51.3600992400 201902190926
1550590038 51.3979532567 201902190927
1550590098 50.9166664730 201902190928
1550590158 50.9599282064 201902190929
1550590174 50.7994992784 201902190929
1550590234 50.6462806394 201902190930
1550590294 51.2194986066 201902190931
1550590354 50.7544349728 201902190932
1550590414 51.4700561457 201902190933
1550590474 51.2086831732 201902190934
1550590534 51.6665365181 201902190935
1550590594 51.2970092122 201902190936
1550590654 51.1311725676 201902190937
1550590714 51.4231892679 201902190938
1550590774 51.7314291182 201902190939
1550590789 51.1654214399 201902190939
1550590849 51.3168375067 201902190940
1550590909 51.2447346177 201902190941
1550590969 51.4628458568 201902190942
1550591029 50.9419024841 201902190943
1550591089 51.1834471621 201902190944
1550591149 51.1077391287 201902190945
1550591209 51.2122883177 201902190946
1550591269 51.0158079453 201902190947
1550591329 51.3456786623 201902190948
1550591389 51.2032754566 201902190949
1550591405 51.4466227068 201902190950
1550591465 51.2879963511 201902190951
1550591525 51.2447346177 201902190952
1550591585 50.9076536119 201902190953
1550591645 50.7706581229 201902190954
1550591705 51.2970092122 201902190955
1550591765 50.9491127730 201902190956
1550591825 51.2789834900 201902190957
1550591885 51.1167519898 201902190958
1550591945 50.8806150285 201902190959
1550592005 50.6012163338 201902191000
1550592024 51.4430175623 201902191000
1550592084 50.3614742281 201902191001
1550592144 51.1329751398 201902191002
1550592204 51.1311725676 201902191003
1550592264 51.1546060065 201902191004
1550592324 51.3276529400 201902191005
1550592384 51.1131468454 201902191006
1550592444 51.4952921568 201902191007
1550592504 51.2916014955 201902191008
1550592564 51.2591551955 201902191009
1550592624 51.5439616069 201902191010
1550592637 50.8535764452 201902191010
1550592697 50.9148639008 201902191011
1550592757 51.2970092122 201902191012
1550592817 50.9617307786 201902191013
1550592877 50.7526324006 201902191014
1550592937 51.0248208064 201902191015
1550592997 51.4556355679 201902191016
1550593057 51.4556355679 201902191017
1550593117 49.7251662330 201902191018
1550593177 50.8391558674 201902191019
1550593237 51.2339191844 201902191020
1550593254 51.2699706289 201902191020
1550593314 51.3294555122 201902191021
1550593374 51.1708291565 201902191022
1550593434 51.1077391287 201902191023
1550593494 51.5890259125 201902191024
1550593554 51.2879963511 201902191025
1550593614 51.2627603400 201902191026
1550593674 51.3564940956 201902191027
1550593734 51.4303995568 201902191028
1550593794 51.1203571343 201902191029
1550593854 50.2046504446 201902191030
1550593870 50.0207880778 201902191031
1550593930 50.7922889895 201902191032
1550593990 51.2789834900 201902191033
1550594050 51.0752928287 201902191034
1550594110 51.3564940956 201902191035
1550594170 51.1690265843 201902191036
1550594230 50.5885983283 201902191037
1550594290 51.4412149901 201902191038
1550594350 51.3186400789 201902191039
1550594410 50.8932330341 201902191040
1550594470 51.2555500511 201902191041
1550594485 51.3582966678 201902191041
1550594545 50.9995847953 201902191042
1550594605 50.9851642175 201902191043
1550594665 51.4898844402 201902191044
1550594725 45.8045716462 201902191045
1550594785 45.3160745736 201902191046
1550594845 45.1574482179 201902191047
1550594905 45.3304951514 201902191048
1550594965 45.7180481795 201902191049
1550595025 45.5161600904 201902191050
1550595085 45.1376199234 201902191051
1550595104 45.6423401461 201902191051
1550595164 45.8063742185 201902191052
1550595224 45.5450012460 201902191053
1550595284 45.1412250679 201902191054
1550595344 45.4440572015 201902191055
1550595404 45.6910095961 201902191056
1550595464 45.6837993073 201902191057
1550595524 45.2619974069 201902191058
1550595584 45.6693787295 201902191059
1550595644 45.4440572015 201902191100
1550595704 45.7396790462 201902191101
1550595718 45.4999369404 201902191101
1550595778 45.6207092794 201902191102
1550595838 45.4728983571 201902191103
1550595898 45.3503234458 201902191104
1550595958 45.9235414130 201902191105
1550596018 45.5684346849 201902191106
1550596078 45.5612243960 201902191107
1550596138 45.8298076574 201902191108
1550596198 45.6333272850 201902191109
1550596258 45.4206237626 201902191110
1550596318 45.5017395126 201902191111
1550596335 45.6459452906 201902191112
1550596395 45.1015684790 201902191113
1550596455 45.9181336963 201902191114
1550596515 45.6675761572 201902191115
1550596575 45.5648295405 201902191116
1550596635 45.7991639296 201902191117
1550596695 45.5287780960 201902191118
1550596755 45.2656025513 201902191119
1550596815 45.5215678071 201902191120
1550596875 45.7126404628 201902191121
1550596935 45.5323832405 201902191122
1550596955 45.5395935293 201902191122
1550597015 45.6387350017 201902191123
1550597075 45.6801941628 201902191124
1550597135 45.4909240793 201902191125
1550597195 45.8983054019 201902191126
1550597255 45.6044861294 201902191127
1550597315 45.8298076574 201902191128
1550597375 45.9163311241 201902191129
1550597435 45.7000224573 201902191130
1550597495 45.5359883849 201902191131
1550597555 45.2692076958 201902191132
1550597570 45.4638854959 201902191132
1550597630 45.3665465959 201902191133
1550597690 45.7360739017 201902191134
1550597750 45.4801086460 201902191135
1550597810 45.4674906404 201902191136
1550597870 45.4620829237 201902191137
1550597930 45.3377054403 201902191138
1550597990 45.4260314792 201902191139
1550598050 45.5540141071 201902191140
1550598110 45.9613954297 201902191141
1550598170 45.7270610406 201902191142
1550598185 45.8460308074 201902191143
1550598245 45.4260314792 201902191144
1550598305 45.4692932126 201902191145
1550598365 46.0497214687 201902191146
1550598425 45.7468893351 201902191147
1550598485 45.8117819351 201902191148
1550598545 45.8352153741 201902191149
1550598605 45.7595073407 201902191150
1550598665 46.1506655132 201902191151
1550598725 45.9433697075 201902191152
1550598785 45.5197652349 201902191153
1550598803 46.0857729132 201902191153
1550598863 45.5395935293 201902191154
1550598923 45.4080057570 201902191155
1550598983 45.9469748519 201902191156
1550599043 45.6333272850 201902191157
1550599103 45.8478333796 201902191158
1550599163 45.4891215071 201902191159
1550599223 45.8892925408 201902191200
1550599283 45.0420835956 201902191201
1550599343 45.9541851408 201902191202
1550599403 45.2872334180 201902191203
1550599418 45.1448302123 201902191203
1550599478 46.0479188965 201902191204
1550599538 45.4440572015 201902191205
1550599598 45.4530700626 201902191206
1550599658 45.5395935293 201902191207
1550599718 45.8586488130 201902191208
1550599778 45.3341002958 201902191209
1550599838 45.7685202018 201902191210
1550599898 45.5504089627 201902191211
1550599958 45.6423401461 201902191212
1550600018 45.6477478628 201902191213
1550600035 45.1736713679 201902191213
1550600095 45.4927266515 201902191214
1550600155 45.2169331013 201902191215
1550600215 45.8748719630 201902191216
1550600275 45.6243144239 201902191217
1550600335 45.5215678071 201902191218
1550600395 45.4278340515 201902191219
1550600455 45.5972758405 201902191220
1550600515 45.5900655516 201902191221
1550600575 45.2926411347 201902191222
1550600635 45.5684346849 201902191223
1550600650 45.6585632961 201902191224
1550600710 45.5936706961 201902191225
1550600770 45.3845723181 201902191226
1550600830 45.8280050852 201902191227
1550600890 45.6333272850 201902191228
1550600950 45.6026835572 201902191229
1550601010 46.0713523354 201902191230
1550601070 45.4548726348 201902191231
1550601130 45.7144430351 201902191232
1550601190 45.3989928959 201902191233
1550601250 45.6549581517 201902191234
1550601266 45.3629414514 201902191234
1550601326 45.2457742569 201902191235
1550601386 45.5233703793 201902191236
1550601446 45.4116109015 201902191237
1550601506 45.8298076574 201902191238
1550601566 45.8316102296 201902191239
1550601626 45.7721253462 201902191240
1550601686 45.8442282352 201902191241
1550601746 45.6026835572 201902191242
1550601806 45.5125549460 201902191243
1550601866 45.4728983571 201902191244
1550601881 45.7775330629 201902191244
1550601941 46.0118674520 201902191245
1550602001 45.8514385241 201902191246
1550602061 45.7180481795 201902191247
1550602121 46.0280906020 201902191248
1550602181 45.9415671353 201902191249
1550602241 45.7829407796 201902191250
1550602301 46.0280906020 201902191251
1550602361 46.3056867245 201902191252
1550602421 45.7577047684 201902191253
1550602481 45.7775330629 201902191254
1550602493 45.9577902853 201902191254
1550602553 46.2948712911 201902191255
1550602613 46.1957298188 201902191256
1550602673 45.8568462407 201902191257
1550602733 46.0695497631 201902191258
1550602793 46.2660301355 201902191259
1550602853 45.5648295405 201902191300
1550602913 46.0172751687 201902191301
1550602973 45.7306661851 201902191302
1550603033 45.8081767907 201902191303
1550603093 45.7252584684 201902191304
1550603108 46.1037986354 201902191305
1550603168 46.1019960632 201902191306
1550603228 45.7036276017 201902191307
1550603288 45.9758160075 201902191308
1550603348 45.8983054019 201902191309
1550603408 45.6892070239 201902191310
1550603468 45.9019105463 201902191311
1550603528 45.5125549460 201902191312
1550603588 46.1560732299 201902191313
1550603648 46.1362449354 201902191314
1550603708 46.2101503966 201902191315
1550603722 46.1795066688 201902191315
1550603782 46.0983909187 201902191316
1550603842 45.5558166794 201902191317
1550603902 45.5540141071 201902191318
1550603962 45.6982198850 201902191319
1550604022 46.1921246744 201902191320
1550604082 45.6693787295 201902191321
1550604142 46.0965883465 201902191322
1550604202 46.3327253078 201902191323
1550604262 45.7486919073 201902191324
1550604322 45.7486919073 201902191325
1550604337 46.1398500799 201902191325
1550604397 46.0659446187 201902191326
1550604457 46.1164166410 201902191327
1550604517 46.0046571631 201902191328
1550604577 45.7000224573 201902191329
1550604637 45.6116964183 201902191330
1550604697 45.2295511068 201902191331
1550604757 46.0082623075 201902191332
1550604817 46.3886050468 201902191333
1550604877 45.4386494848 201902191334
1550604937 45.9595928575 201902191335
1550604952 46.2984764356 201902191335
1550605012 45.8370179463 201902191336
1550605072 45.8189922240 201902191337
1550605132 46.3489484578 201902191338
1550605192 45.9199362686 201902191339
1550605252 45.8298076574 201902191340
1550605312 46.3633690356 201902191341
1550605372 46.0371034631 201902191342
1550605432 45.9433697075 201902191343
1550605492 45.8334128018 201902191344
1550605552 46.3237124467 201902191345
1550605566 46.1416526521 201902191346
1550605626 45.8243999407 201902191347
1550605686 45.9451722797 201902191348
1550605746 45.7072327462 201902191349
1550605806 45.8045716462 201902191350
1550605866 46.0298931742 201902191351
1550605926 46.1470603688 201902191352
1550605986 45.8316102296 201902191353
1550606046 45.7613099129 201902191354
1550606106 45.9884340131 201902191355
1550606166 45.4134134737 201902191356
1550606178 45.6531555794 201902191356
1550606238 46.2984764356 201902191357
1550606298 45.6874044517 201902191358
1550606358 45.1971048068 201902191359
1550606418 0.0192371613 201902191400
1550606478 45.9271465575 201902191401
1550606538 45.8298076574 201902191402
1550606598 45.8171896518 201902191403
1550606658 45.8460308074 201902191404
1550606718 46.2317812633 201902191405
1550606778 45.9325542741 201902191406
1550606795 46.0425111798 201902191406
1550606855 45.9776185797 201902191407
1550606915 45.8352153741 201902191408
1550606975 46.2173606855 201902191409
1550607035 46.0028545909 201902191410
1550607095 45.9307517019 201902191411
1550607155 45.8748719630 201902191412
1550607215 46.0064597353 201902191413
1550607275 45.8658591019 201902191414
1550607335 45.2529845458 201902191415
1550607395 46.2335838355 201902191416
1550607411 46.0172751687 201902191416
1550607471 45.6243144239 201902191417
1550607531 46.0389060353 201902191418
1550607591 46.0551291854 201902191419
1550607651 46.3543561745 201902191420
1550607711 45.9776185797 201902191421
1550607771 45.7811382073 201902191422
1550607831 46.0316957464 201902191423
1550607891 45.8712668185 201902191424
1550607951 46.1885195299 201902191425
1550608011 46.0226828853 201902191426
1550608025 45.9073182630 201902191427
1550608085 46.1290346465 201902191428
1550608145 45.5215678071 201902191429
1550608205 46.0353008909 201902191430
1550608265 45.7649150573 201902191431
1550608325 45.5900655516 201902191432
1550608385 46.0947857743 201902191433
1550608445 45.9127259797 201902191434
1550608505 45.4422546293 201902191435
1550608565 45.9091208352 201902191436
1550608625 45.7540996240 201902191437
1550608639 45.7378764740 201902191437
1550608699 45.5540141071 201902191438
1550608759 45.6441427183 201902191439
1550608819 45.3034565680 201902191440
1550608879 45.5504089627 201902191441
1550608939 46.3146995856 201902191442
1550608999 45.7504944795 201902191443
1550609059 45.4692932126 201902191444
1550609119 45.9758160075 201902191445
1550609179 45.8568462407 201902191446
1550609239 45.8496359518 201902191447
1550609257 45.7540996240 201902191447
1550609317 45.5882629794 201902191448
1550609377 45.5089498015 201902191449
1550609437 45.6693787295 201902191450
1550609497 45.5936706961 201902191451
1550609557 45.9758160075 201902191452
1550609617 46.2317812633 201902191453
1550609677 45.7865459240 201902191454
1550609737 45.9019105463 201902191455
1550609797 46.5147851024 201902191456
1550609857 46.2227684022 201902191457
1550609871 46.1650860910 201902191457
1550609931 46.3669741801 201902191458
1550609991 46.3273175912 201902191459
1550610051 45.9433697075 201902191500
1550610111 45.8550436685 201902191501
1550610171 45.7000224573 201902191502
1550610231 46.0731549076 201902191503
1550610291 46.1452577965 201902191504
1550610351 45.9631980019 201902191505
1550610411 45.7973613574 201902191506
1550610471 45.6711813017 201902191507
1550610488 45.7288636128 201902191508
1550610548 46.1200217854 201902191509
1550610608 45.8243999407 201902191510
1550610668 45.9631980019 201902191511
1550610728 46.1704938077 201902191512
1550610788 45.4819112182 201902191513
1550610848 45.9091208352 201902191514
1550610908 46.1037986354 201902191515
1550610968 45.5305806682 201902191516
1550611028 45.8298076574 201902191517
1550611088 46.0821677687 201902191518
1550611105 45.7378764740 201902191518
1550611165 45.7685202018 201902191519
1550611225 45.9938417297 201902191520
1550611285 46.3868024745 201902191521
1550611345 45.5576192516 201902191522
1550611405 45.8604513852 201902191523
1550611465 46.0262880298 201902191524
1550611525 46.4589053635 201902191525
1550611585 46.2822532856 201902191526
1550611645 46.1957298188 201902191527
1550611705 45.8514385241 201902191528
1550611720 46.1939272466 201902191528
1550611780 46.2714378522 201902191529
1550611840 45.9235414130 201902191530
1550611900 46.4643130802 201902191531
1550611960 46.0190777409 201902191532
1550612020 45.8027690740 201902191533
1550612080 46.5544416914 201902191534
1550612140 45.7685202018 201902191535
1550612200 46.1470603688 201902191536
1550612260 45.9613954297 201902191537
1550612320 45.8820822519 201902191538
1550612337 46.2462018411 201902191538
1550612397 46.0875754854 201902191539
1550612457 45.9343568464 201902191540
1550612517 46.1146140687 201902191541
1550612577 45.9866314409 201902191542
1550612637 45.9577902853 201902191543
1550612697 45.9253439852 201902191544
1550612757 46.0749574798 201902191545
1550612817 45.8550436685 201902191546
1550612877 45.9631980019 201902191547
1550612937 46.0316957464 201902191548
1550612953 46.3471458856 201902191549
1550613013 46.1326397910 201902191550
1550613073 46.0154725964 201902191551
1550613133 46.2209658299 201902191552
1550613193 45.8514385241 201902191553
1550613253 45.8081767907 201902191554
1550613313 45.7613099129 201902191555
1550613373 46.1903221021 201902191556
1550613433 45.3683491681 201902191557
1550613493 46.1001934910 201902191558
1550613553 46.0208803131 201902191559
1550613569 45.7613099129 201902191559
1550613629 45.8063742185 201902191600
1550613689 46.3183047300 201902191601
1550613749 45.9956443020 201902191602
1550613809 46.0785626243 201902191603
1550613869 46.0533266131 201902191604
1550613929 46.2660301355 201902191605
1550613989 46.1975323910 201902191606
1550614049 46.1146140687 201902191607
1550614109 45.8496359518 201902191608
1550614169 46.1164166410 201902191609
1550614187 45.7703227740 201902191609
1550614247 45.9307517019 201902191610
1550614307 46.5003645246 201902191611
1550614367 45.9631980019 201902191612
1550614427 46.3940127634 201902191613
1550614487 45.9289491297 201902191614
1550614547 46.3092918689 201902191615
1550614607 45.6621684406 201902191616
1550614667 46.0028545909 201902191617
1550614727 46.0767600520 201902191618
1550614787 46.6842268915 201902191619
1550614801 46.0082623075 201902191620
1550614861 46.5274031080 201902191621
1550614921 46.0226828853 201902191622
1550614981 46.2498069855 201902191623
1550615041 45.7613099129 201902191624
1550615101 45.6495504350 201902191625
1550615106 45.8712668185 201902191625
1550615164 45.7324687573 201902191626
1550615224 45.9019105463 201902191627
1550615284 46.3994204801 201902191628
1550615344 45.8370179463 201902191629
1550615404 0.0066191558 201902191630
1550615464 0.0066191558 201902191631
1550615524 0.0066191558 201902191632
1550615584 0.0066191558 201902191633
1550615644 0.0066191558 201902191634
1550615704 0.0066191558 201902191635
1550615764 0.0066191558 201902191636
1550615824 0.0066191558 201902191637
1550615884 0.0066191558 201902191638
1550615944 0.0066191558 201902191639
1550616004 0.0066191558 201902191640
1550616064 0.0066191558 201902191641
1550616124 0.0066191558 201902191642
1550616184 0.0066191558 201902191643
1550616244 46.0587343298 201902191644
1550616304 46.3471458856 201902191645
1550616364 46.1074037798 201902191646
1550616424 45.8676616741 201902191647
1550616484 46.5418236858 201902191648
1550616544 46.1380475077 201902191649
1550616604 46.3994204801 201902191650
1550616653 45.2800231291 201902191650
1550616713 46.1524680854 201902191651
1550616773 46.1813092410 201902191652
1550616833 45.6008809850 201902191653
1550616893 46.2516095578 201902191654
1550616953 46.0839703409 201902191655
1550617013 45.9055156908 201902191656
1550617073 45.5450012460 201902191657
1550617133 45.9794211520 201902191658
1550617193 46.1831118132 201902191659
1550617253 45.8496359518 201902191700
1550617266 46.0046571631 201902191701
1550617326 45.9343568464 201902191702
1550617386 45.6261169961 201902191703
1550617446 46.2011375355 201902191704
1550617506 46.0244854576 201902191705
1550617566 45.9469748519 201902191706
1550617626 45.8604513852 201902191707
1550617686 45.7973613574 201902191708
1550617746 45.8604513852 201902191709
1550617806 45.4945292238 201902191710
1550617866 45.6026835572 201902191711
1550617881 45.9127259797 201902191711
1550617941 45.2511819735 201902191712
1550618001 46.0226828853 201902191713
1550618061 46.0082623075 201902191714
1550618121 45.5522115349 201902191715
1550618181 46.1056012076 201902191716
1550618241 46.1470603688 201902191717
1550618301 46.0064597353 201902191718
1550618361 45.9902365853 201902191719
1550618421 45.6531555794 201902191720
1550618481 45.8712668185 201902191721
1550618497 46.2588198466 201902191721
1550618557 45.5107523738 201902191722
1550618617 45.9704082908 201902191723
1550618677 46.2281761188 201902191724
1550618737 46.1596783743 201902191725
1550618797 45.6765890184 201902191726
1550618857 45.7865459240 201902191727
1550618917 45.9379619908 201902191728
1550618977 46.2498069855 201902191729
1550619037 46.1650860910 201902191730
1550619097 46.1939272466 201902191731
1550619111 46.0353008909 201902191731
1550619171 45.9794211520 201902191732
1550619231 45.7901510685 201902191733
1550619291 45.7324687573 201902191734
1550619351 46.0064597353 201902191735
1550619411 45.6171041350 201902191736
1550619471 45.5918681238 201902191737
1550619531 46.4534976468 201902191738
1550619591 45.4674906404 201902191739
1550619651 46.1831118132 201902191740
1550619711 45.7559021962 201902191741
1550619728 46.0118674520 201902191742
1550619788 45.5918681238 201902191743
1550619848 45.7955587851 201902191744
1550619908 45.5071472293 201902191745
1550619968 45.5864604072 201902191746
1550620028 46.2155581133 201902191747
1550620088 45.6693787295 201902191748
1550620148 46.0875754854 201902191749
1550620208 45.9487774242 201902191750
1550620268 45.9595928575 201902191751
1550620328 45.6765890184 201902191752
1550620345 46.0677471909 201902191752
1550620405 46.0713523354 201902191753
1550620465 46.1074037798 201902191754
1550620525 46.1308372188 201902191755
1550620585 46.3471458856 201902191756
1550620645 46.2101503966 201902191757
1550620705 46.2642275633 201902191758
1550620765 46.0010520186 201902191759
1550620825 46.1849143855 201902191800
1550620885 46.0893780576 201902191801
1550620945 46.1092063521 201902191802
1550620960 45.9433697075 201902191802
1550621020 45.2493794013 201902191803
1550621080 45.5305806682 201902191804
1550621140 46.1001934910 201902191805
1550621200 45.8730693908 201902191806
1550621260 45.8730693908 201902191807
1550621320 45.4025980403 201902191808
1550621380 45.5089498015 201902191809
1550621440 45.7883484962 201902191810
1550621500 45.8406230907 201902191811
1550621560 46.1200217854 201902191812
1550621580 46.0569317576 201902191813
1550621640 45.9559877130 201902191814
1550621700 46.5111799580 201902191815
1550621760 45.8658591019 201902191816
1550621820 45.9235414130 201902191817
1550621880 45.7703227740 201902191818
1550621940 46.1001934910 201902191819
1550622000 46.2750429967 201902191820
1550622060 45.7919536407 201902191821
1550622120 45.8604513852 201902191822
1550622180 45.9505799964 201902191823
1550622194 46.4300642079 201902191823
1550622254 46.1813092410 201902191824
1550622314 46.4823388024 201902191825
1550622374 46.2732404244 201902191826
1550622434 46.0929832021 201902191827
1550622494 46.2425966966 201902191828
1550622554 45.6531555794 201902191829
1550622614 45.6729838739 201902191830
1550622674 45.6910095961 201902191831
1550622734 45.9686057186 201902191832
1550622794 46.2425966966 201902191833
1550622813 45.5071472293 201902191833
1550622873 45.8009665018 201902191834
1550622933 45.9848288686 201902191835
1550622993 46.2660301355 201902191836
1550623053 45.8947002574 201902191837
1550623113 46.0515240409 201902191838
1550623173 45.8243999407 201902191839
1550623233 45.8550436685 201902191840
1550623293 46.1236269299 201902191841
1550623353 46.3651716079 201902191842
1550623413 45.9343568464 201902191843
1550623435 45.8316102296 201902191843
1550623495 45.7378764740 201902191844
1550623555 46.2443992689 201902191845
1550623615 45.8928976852 201902191846
1550623675 46.4084333412 201902191847
1550623735 45.4674906404 201902191848
1550623795 46.2299786911 201902191849
1550623855 45.9794211520 201902191850
1550623915 45.4710957848 201902191851
1550623975 45.8784771074 201902191852
1550624035 45.7811382073 201902191853
1550624050 46.0623394743 201902191854
1550624110 45.7432841906 201902191855
1550624170 45.5269755238 201902191856
1550624230 45.7919536407 201902191857
1550624290 46.0569317576 201902191858
1550624350 45.9163311241 201902191859
1550624410 45.5774475460 201902191900
1550624470 46.1164166410 201902191901
1550624530 45.8460308074 201902191902
1550624590 45.8460308074 201902191903
1550624650 -0.0023937054 201902191904
1550624666 -0.0041962776 201902191904
1550624726 45.9181336963 201902191905
1550624786 0.0030140113 201902191906
1550624846 46.0316957464 201902191907
1550624906 46.2570172744 201902191908
1550624966 45.7378764740 201902191909
1550625026 46.3435407412 201902191910
1550625086 46.1218243576 201902191911
1550625146 45.7162456073 201902191912
1550625206 46.2966738633 201902191913
1550625266 46.1596783743 201902191914
1550625283 45.8784771074 201902191914
1550625343 46.2732404244 201902191915
1550625403 45.7432841906 201902191916
1550625463 45.5558166794 201902191917
1550625523 46.2588198466 201902191918
1550625583 46.0623394743 201902191919
1550625643 46.4390770690 201902191920
1550625703 46.3146995856 201902191921
1550625763 45.8910951130 201902191922
1550625823 45.6333272850 201902191923
1550625883 45.4765035015 201902191924
1550625898 45.3286925792 201902191924
1550625958 46.2606224189 201902191925
1550626018 46.3525536023 201902191926
1550626078 46.3363304523 201902191927
1550626138 45.9415671353 201902191928
1550626198 46.2480044133 201902191929
1550626258 45.5089498015 201902191930
1550626318 45.3539285903 201902191931
1550626378 46.1813092410 201902191932
1550626438 45.6008809850 201902191933
1550626498 45.6062887016 201902191934
1550626516 46.0587343298 201902191935
1550626576 46.2173606855 201902191936
1550626636 45.9776185797 201902191937
1550626696 46.0371034631 201902191938
1550626756 46.2209658299 201902191939
1550626816 46.0316957464 201902191940
1550626876 45.9992494464 201902191941
1550626936 46.4318667801 201902191942
1550626996 45.2818257013 201902191943
1550627056 46.1759015244 201902191944
1550627116 46.1759015244 201902191945
1550627131 45.9433697075 201902191945
1550627191 45.6567607239 201902191946
1550627251 46.0659446187 201902191947
1550627311 45.4638854959 201902191948
1550627371 46.0659446187 201902191949
1550627431 46.1326397910 201902191950
1550627491 45.8784771074 201902191951
1550627551 46.0136700242 201902191952
1550627611 46.3417381689 201902191953
1550627671 45.9595928575 201902191954
1550627731 46.2407941244 201902191955
1550627748 45.2295511068 201902191955
1550627808 46.1344423632 201902191956
1550627868 45.9307517019 201902191957
1550627928 45.6315247128 201902191958
1550627988 46.2065452522 201902191959
1550628048 45.8730693908 201902192000
1550628108 46.0190777409 201902192001
1550628168 46.0064597353 201902192002
1550628228 45.7036276017 201902192003
1550628288 45.7072327462 201902192004
1550628348 45.6621684406 201902192005
1550628366 45.7577047684 201902192006
1550628426 45.7126404628 201902192007
1550628486 45.8622539574 201902192008
1550628546 45.9722108631 201902192009
1550628606 46.0875754854 201902192010
1550628666 45.3827697459 201902192011
1550628726 46.1398500799 201902192012
1550628786 45.8532410963 201902192013
1550628846 46.2065452522 201902192014
1550628906 46.0623394743 201902192015
1550628966 45.7991639296 201902192016
1550628981 45.8117819351 201902192016
1550629041 45.6171041350 201902192017
1550629101 46.4823388024 201902192018
1550629161 45.5954732683 201902192019
1550629221 45.9974468742 201902192020
1550629281 45.4801086460 201902192021
1550629341 45.6910095961 201902192022
1550629401 45.5666321127 201902192023
1550629461 46.1074037798 201902192024
1550629521 45.8838848241 201902192025
1550629581 45.6964173128 201902192026
1550629596 45.8622539574 201902192026
1550629656 45.9343568464 201902192027
1550629716 45.8983054019 201902192028
1550629776 45.5233703793 201902192029
1550629836 46.6103214303 201902192030
1550629896 45.3268900069 201902192031
1550629956 46.1686912355 201902192032
1550630016 45.9109234075 201902192033
1550630076 46.2029401077 201902192034
1550630136 45.9001079741 201902192035
1550630196 46.0983909187 201902192036
1550630214 45.9433697075 201902192036
1550630274 45.9397645630 201902192037
1550630334 45.4638854959 201902192038
1550630394 45.8983054019 201902192039
1550630454 46.2407941244 201902192040
1550630514 46.0100648798 201902192041
1550630574 45.8784771074 201902192042
1550630634 45.7901510685 201902192043
1550630694 45.9217388408 201902192044
1550630754 46.2624249911 201902192045
1550630814 46.0695497631 201902192046
1550630829 46.4426822135 201902192047
1550630889 46.1524680854 201902192048
1550630949 46.4715233691 201902192049
1550631009 45.9127259797 201902192050
1550631069 45.7613099129 201902192051
1550631129 45.8676616741 201902192052
1550631189 46.3399355967 201902192053
1550631249 45.9992494464 201902192054
1550631309 45.6225118516 201902192055
1550631369 46.3381330245 201902192056
1550631429 46.0659446187 201902192057
1550631448 46.1380475077 201902192057
1550631508 46.1975323910 201902192058
1550631568 45.8910951130 201902192059
1550631628 45.9505799964 201902192100
1550631688 46.0389060353 201902192101
1550631748 45.5918681238 201902192102
1550631808 45.6729838739 201902192103
1550631868 45.9650005742 201902192104
1550631928 46.0298931742 201902192105
1550631988 45.8496359518 201902192106
1550632048 45.8730693908 201902192107
1550632063 45.5648295405 201902192107
1550632123 45.8965028297 201902192108
1550632183 45.9379619908 201902192109
1550632243 46.5616519802 201902192110
1550632303 46.0298931742 201902192111
1550632363 -0.0078014220 201902192112
1550632423 46.3795921856 201902192113
1550632483 45.9631980019 201902192114
1550632543 46.0551291854 201902192115
1550632603 45.5215678071 201902192116
1550632663 46.1560732299 201902192117
1550632679 45.8983054019 201902192117
1550632739 45.9595928575 201902192118
1550632799 46.4462873579 201902192119
1550632859 46.0172751687 201902192120
1550632919 45.5233703793 201902192121
1550632979 46.2317812633 201902192122
1550633039 45.8622539574 201902192123
1550633099 46.0695497631 201902192124
1550633159 45.9541851408 201902192125
1550633219 46.1542706577 201902192126
1550633279 45.9001079741 201902192127
1550633293 45.8586488130 201902192128
1550633353 45.4837137904 201902192129
1550633413 46.5111799580 201902192130
1550633473 46.1921246744 201902192131
1550633533 45.9037131186 201902192132
1550633593 46.5850854192 201902192133
1550633653 46.1110089243 201902192134
1550633713 45.8838848241 201902192135
1550633773 45.8171896518 201902192136
1550633833 46.2822532856 201902192137
1550633893 46.1939272466 201902192138
1550633909 45.5377909571 201902192138
1550633969 46.1722963799 201902192139
1550634029 45.9776185797 201902192140
1550634089 45.9451722797 201902192141
1550634149 46.1092063521 201902192142
1550634209 46.0371034631 201902192143
1550634269 45.9613954297 201902192144
1550634329 45.8189922240 201902192145
1550634389 46.2353864077 201902192146
1550634449 45.7396790462 201902192147
1550634509 46.0353008909 201902192148
1550634525 45.7234558962 201902192148
1550634585 45.9523825686 201902192149
1550634645 45.9001079741 201902192150
1550634705 45.8460308074 201902192151
1550634765 45.8802796796 201902192152
1550634825 46.1975323910 201902192153
1550634885 46.4787336580 201902192154
1550634945 46.2065452522 201902192155
1550635005 45.9325542741 201902192156
1550635065 45.6621684406 201902192157
1550635125 45.7631124851 201902192158
1550635139 46.0064597353 201902192158
1550635199 45.6747864461 201902192159
1550635259 45.7234558962 201902192200
1550635319 45.4909240793 201902192201
1550635379 45.7198507517 201902192202
1550635439 46.1813092410 201902192203
1550635499 45.7378764740 201902192204
1550635559 46.2696352800 201902192205
1550635619 46.2588198466 201902192206
1550635679 45.8965028297 201902192207
1550635739 45.8424256629 201902192208
1550635754 45.9631980019 201902192209
1550635814 46.4390770690 201902192210
1550635874 46.2732404244 201902192211
1550635934 46.5093773858 201902192212
1550635994 46.1164166410 201902192213
1550636054 46.2299786911 201902192214
1550636114 45.5522115349 201902192215
1550636174 45.8892925408 201902192216
1550636234 45.6946147406 201902192217
1550636294 46.5382185413 201902192218
1550636354 45.7216533240 201902192219
1550636366 46.0172751687 201902192219
1550636426 45.8009665018 201902192220
1550636486 45.7288636128 201902192221
1550636546 46.0605369020 201902192222
1550636606 46.3110944411 201902192223
1550636666 46.1704938077 201902192224
1550636726 45.9794211520 201902192225
1550636786 45.7847433518 201902192226
1550636846 45.5702372572 201902192227
1550636906 45.8928976852 201902192228
1550636966 45.7829407796 201902192229
1550636983 45.7595073407 201902192229
1550637043 46.2191632577 201902192230
1550637103 46.2606224189 201902192231
1550637163 46.0803651965 201902192232
1550637223 45.9469748519 201902192233
1550637283 46.2858584300 201902192234
1550637343 46.3435407412 201902192235
1550637403 45.9433697075 201902192236
1550637463 45.9686057186 201902192237
1550637523 45.8045716462 201902192238
1550637583 45.8965028297 201902192239
1550637598 46.1704938077 201902192239
1550637658 45.8604513852 201902192240
1550637718 46.1939272466 201902192241
1550637778 46.2966738633 201902192242
1550637838 45.9199362686 201902192243
1550637898 46.0515240409 201902192244
1550637958 46.4048281968 201902192245
1550638018 45.9559877130 201902192246
1550638078 46.0767600520 201902192247
1550638138 45.9397645630 201902192248
1550638198 45.7198507517 201902192249
1550638214 45.8099793629 201902192250
1550638274 46.5256005358 201902192251
1550638334 45.8712668185 201902192252
1550638394 45.1772765124 201902192253
1550638454 46.4282616357 201902192254
1550638514 45.7414816184 201902192255
1550638574 46.0298931742 201902192256
1550638634 46.4282616357 201902192257
1550638694 46.0659446187 201902192258
1550638754 45.8117819351 201902192259
1550638814 46.0587343298 201902192300
1550638829 46.0857729132 201902192300
1550638889 46.2606224189 201902192301
1550638949 45.9361594186 201902192302
1550639009 46.3291201634 201902192303
1550639069 46.2101503966 201902192304
1550639129 45.9559877130 201902192305
1550639189 45.9091208352 201902192306
1550639249 45.6964173128 201902192307
1550639309 46.0515240409 201902192308
1550639369 46.2624249911 201902192309
1550639429 46.2299786911 201902192310
1550639442 45.8730693908 201902192310
1550639502 46.1795066688 201902192311
1550639562 46.3615664634 201902192312
1550639622 46.1903221021 201902192313
1550639682 46.4498925024 201902192314
1550639742 45.8766745352 201902192315
1550639802 0.0030140113 201902192316
1550639862 0.0048165835 201902192317
1550639922 -0.0023937054 201902192318
1550639982 45.7036276017 201902192319
1550640042 46.5508365469 201902192320
1550640055 46.0082623075 201902192320
1550640115 46.3615664634 201902192321
1550640175 46.5165876747 201902192322
1550640235 46.3165021578 201902192323
1550640295 45.8478333796 201902192324
1550640355 46.3291201634 201902192325
1550640415 46.3146995856 201902192326
1550640475 46.2570172744 201902192327
1550640535 45.8766745352 201902192328
1550640595 45.9613954297 201902192329
1550640655 46.0298931742 201902192330
1550640671 46.1668886632 201902192331
1550640731 45.5017395126 201902192332
1550640791 45.6171041350 201902192333
1550640851 45.9541851408 201902192334
1550640911 45.7522970518 201902192335
1550640971 46.0875754854 201902192336
1550641031 46.0695497631 201902192337
1550641091 45.9541851408 201902192338
1550641151 46.1849143855 201902192339
1550641211 45.5233703793 201902192340
1550641271 45.9884340131 201902192341
1550641286 46.1722963799 201902192341
1550641346 46.2119529688 201902192342
1550641406 45.4044006126 201902192343
1550641466 45.7955587851 201902192344
1550641526 45.5828552627 201902192345
1550641586 45.5089498015 201902192346
1550641646 45.3665465959 201902192347
1550641706 45.8892925408 201902192348
1550641766 45.8658591019 201902192349
1550641826 45.9559877130 201902192350
1550641886 45.6928121684 201902192351
