1549692287 -1.0000000000 2019020900047
1549692343 50.0586420945 201902090005
1549692403 50.1505732779 201902090006
1549692463 50.3867102392 201902090007
1549692523 49.6782993552 201902090008
1549692583 50.2010453001 201902090009
1549692643 49.4205315272 201902090010
1549692703 49.2330640159 201902090011
1549692763 50.1415604167 201902090012
1549692823 49.7558099609 201902090013
1549692883 50.2046504446 201902090014
1549692896 50.1541784223 201902090014
1549692956 50.1397578445 201902090015
1549693016 50.2659379002 201902090016
1549693076 50.1109166889 201902090017
1549693136 49.6476556274 201902090018
1549693196 49.9973546388 201902090019
1549693256 48.7716055266 201902090020
1549693316 50.0081700722 201902090021
1549693376 50.1577835668 201902090022
1549693436 50.0406163722 201902090023
1549693496 50.1001012556 201902090024
1549693515 49.9649083388 201902090025
1549693575 49.8261102776 201902090026
1549693635 50.1127192612 201902090027
1549693695 49.9865392055 201902090028
1549693755 49.9739211999 201902090029
1549693815 49.9613031944 201902090030
1549693875 49.8567540054 201902090031
1549693935 50.2154658779 201902090032
1549693995 49.7576125331 201902090033
1549694055 49.7720331109 201902090034
1549694115 49.9126337443 201902090035
1549694130 50.1595861390 201902090035
1549694190 50.0478266611 201902090036
1549694250 50.0766678167 201902090037
1549694310 50.3055944891 201902090038
1549694370 49.8207025609 201902090039
1549694430 50.0802729611 201902090040
1549694490 49.8729771554 201902090041
1549694550 49.9595006221 201902090042
1549694610 50.0550369500 201902090043
1549694670 50.2100581613 201902090044
1549694730 49.9649083388 201902090045
1549694746 49.8801874443 201902090045
1549694806 49.9198440332 201902090046
1549694866 49.9576980499 201902090047
1549694926 49.8549514332 201902090048
1549694986 49.9865392055 201902090049
1549695046 49.7359816664 201902090050
1549695106 49.9000157388 201902090051
1549695166 49.6584710608 201902090052
1549695226 50.2244787390 201902090053
1549695286 49.9703160555 201902090054
1549695346 49.6855096441 201902090055
1549695363 49.5647373051 201902090056
1549695423 49.9414748999 201902090057
1549695483 50.1361527001 201902090058
1549695543 50.0081700722 201902090059
1549695603 49.8188999887 201902090100
1549695663 49.6025913218 201902090101
1549695723 50.1253372667 201902090102
1549695783 50.1235346945 201902090103
1549695843 50.0135777889 201902090104
1549695903 49.7630202497 201902090105
1549695963 50.1866247223 201902090106
1549695980 50.1199295501 201902090106
1549696040 50.0153803611 201902090107
1549696100 50.1415604167 201902090108
1549696160 50.3037919169 201902090109
1549696220 50.0388138000 201902090110
1549696280 49.5575270162 201902090111
1549696340 49.9991572111 201902090112
1549696400 49.7738356831 201902090113
1549696460 50.3254227836 201902090114
1549696520 50.0766678167 201902090115
1549696580 50.1145218334 201902090116
1549696597 49.8982131665 201902090116
1549696657 49.9757237722 201902090117
1549696717 49.5701450218 201902090118
1549696777 49.8044794109 201902090119
1549696837 49.6260247607 201902090120
1549696897 50.4606157004 201902090121
1549696957 49.8567540054 201902090122
1549697017 49.7395868108 201902090123
1549697077 49.7738356831 201902090124
1549697137 50.2010453001 201902090125
1549697197 49.6927199330 201902090126
1549697215 49.7269688053 201902090126
1549697275 50.1758092890 201902090127
1549697335 49.5268832884 201902090128
1549697395 50.2605301835 201902090129
1549697455 50.0225906500 201902090130
1549697515 49.8855951610 201902090131
1549697575 49.8495437165 201902090132
1549697635 49.4782138384 201902090133
1549697695 50.1974401557 201902090134
1549697755 49.8513462887 201902090135
1549697815 50.0063675000 201902090136
1549697834 49.8855951610 201902090137
1549697894 50.0279983666 201902090138
1549697954 49.8297154220 201902090139
1549698014 49.8928054499 201902090140
1549698074 49.9414748999 201902090141
1549698134 49.7485996720 201902090142
1549698194 49.9126337443 201902090143
1549698254 49.9991572111 201902090144
1549698314 50.1361527001 201902090145
1549698374 49.3934929439 201902090146
1549698434 49.6278273330 201902090147
1549698452 49.9018183110 201902090147
1549698512 49.9342646110 201902090148
1549698572 49.7936639776 201902090149
1549698632 49.8910028776 201902090150
1549698692 49.8964105943 201902090151
1549698752 49.8062819831 201902090152
1549698812 49.9757237722 201902090153
1549698872 50.0424189444 201902090154
1549698932 50.0189855055 201902090155
1549698992 50.1181269778 201902090156
1549699052 49.8513462887 201902090157
1549699069 49.8964105943 201902090157
1549699129 50.0478266611 201902090158
1549699189 49.9414748999 201902090159
1549699249 49.9018183110 201902090200
1549699309 50.0009597833 201902090201
1549699369 49.4601881161 201902090202
1549699429 50.0802729611 201902090203
1549699489 50.2983842002 201902090204
1549699549 49.8152948442 201902090205
1549699609 49.5503167273 201902090206
1549699669 49.7900588331 201902090207
1549699687 49.8441359998 201902090208
1549699747 49.9631057666 201902090209
1549699807 49.8513462887 201902090210
1549699867 49.9000157388 201902090211
1549699927 49.5268832884 201902090212
1549699987 49.8207025609 201902090213
1549700047 50.0658523833 201902090214
1549700107 49.6188144718 201902090215
1549700167 50.0424189444 201902090216
1549700227 49.8873977332 201902090217
1549700287 50.0892858223 201902090218
1549700305 49.9919469222 201902090218
1549700365 50.0784703889 201902090219
1549700425 49.9486851888 201902090220
1549700485 50.0081700722 201902090221
1549700545 49.3916903716 201902090222
1549700605 50.1433629890 201902090223
1549700665 50.0063675000 201902090224
1549700725 50.0388138000 201902090225
1549700785 50.3272253558 201902090226
1549700845 50.4443925503 201902090227
1549700905 50.0316035111 201902090228
1549700923 50.0640498111 201902090228
1549700983 50.0568395222 201902090229
1549701043 49.9901443499 201902090230
1549701103 49.8729771554 201902090231
1549701163 49.9613031944 201902090232
1549701223 50.2280838835 201902090233
1549701283 50.0478266611 201902090234
1549701343 49.6692864941 201902090235
1549701403 49.8910028776 201902090236
1549701463 49.6782993552 201902090237
1549701523 50.3290279280 201902090238
1549701540 50.2370967446 201902090239
1549701600 50.2713456169 201902090240
1549701660 49.4890292717 201902090241
1549701720 49.4403598217 201902090242
1549701780 49.6909173608 201902090243
1549701840 49.7558099609 201902090244
1549701900 50.2461096057 201902090245
1549701960 49.6638787774 201902090246
1549702020 50.3758948058 201902090247
1549702080 49.9757237722 201902090248
1549702140 49.6404453385 201902090249
1549702157 50.1073115445 201902090249
1549702217 50.1956375835 201902090250
1549702277 50.0910883945 201902090251
1549702337 49.7774408275 201902090252
1549702397 49.5052524217 201902090253
1549702457 50.0496292333 201902090254
1549702517 49.6530633441 201902090255
1549702577 50.0279983666 201902090256
1549702637 49.6079990385 201902090257
1549702697 49.8910028776 201902090258
1549702757 49.9847366333 201902090259
1549702775 49.2763257493 201902090259
1549702835 49.6476556274 201902090300
1549702895 49.5322910051 201902090301
1549702955 49.9576980499 201902090302
1549703015 49.7648228220 201902090303
1549703075 50.1073115445 201902090304
1549703135 49.8765822998 201902090305
1549703195 49.4782138384 201902090306
1549703255 49.5214755718 201902090307
1549703315 49.4133212383 201902090308
1549703375 49.9036208832 201902090309
1549703393 49.6134067552 201902090309
1549703453 50.0748652445 201902090310
1549703513 49.5196729995 201902090311
1549703573 49.4710035495 201902090312
1549703633 49.7972691220 201902090313
1549703693 50.0460240889 201902090314
1549703753 49.7017327941 201902090315
1549703813 49.8657668665 201902090316
1549703873 49.7143507997 201902090317
1549703933 49.7774408275 201902090318
1549703993 49.7143507997 201902090319
1549704009 49.5142652829 201902090320
1549704069 49.4439649661 201902090321
1549704129 49.6566684885 201902090322
1549704189 49.5845655996 201902090323
1549704249 49.9504877610 201902090324
1549704309 49.7179559442 201902090325
1549704369 49.8044794109 201902090326
1549704429 50.1613887112 201902090327
1549704489 49.6801019275 201902090328
1549704549 50.2100581613 201902090329
1549704609 49.8315179943 201902090330
1549704627 49.9072260277 201902090330
1549704687 49.7864536887 201902090331
1549704747 49.5989861774 201902090332
1549704807 49.9270543221 201902090333
1549704867 49.9558954777 201902090334
1549704927 49.8892003054 201902090335
1549704987 50.0225906500 201902090336
1549705047 49.6620762052 201902090337
1549705107 49.5467115829 201902090338
1549705167 49.7143507997 201902090339
1549705227 49.5575270162 201902090340
1549705245 49.7377842386 201902090340
1549705305 49.7485996720 201902090341
1549705365 49.9036208832 201902090342
1549705425 49.4169263828 201902090343
1549705485 49.8693720110 201902090344
1549705545 50.1019038278 201902090345
1549705605 49.4998447051 201902090346
1549705665 49.8531488609 201902090347
1549705725 50.0478266611 201902090348
1549705785 49.6188144718 201902090349
1549705845 49.4403598217 201902090350
1549705862 49.8729771554 201902090351
1549705922 50.1307449834 201902090352
1549705982 49.8261102776 201902090353
1549706042 49.9576980499 201902090354
1549706102 49.6909173608 201902090355
1549706162 50.1649938557 201902090356
1549706222 49.4169263828 201902090357
1549706282 50.2551224668 201902090358
1549706342 49.9216466054 201902090359
1549706402 49.5124627106 201902090400
1549706462 49.7107456553 201902090401
1549706480 49.4908318440 201902090401
1549706540 49.5755527385 201902090402
1549706600 49.7071405108 201902090403
1549706660 49.2402743048 201902090404
1549706720 49.5593295885 201902090405
1549706780 50.0784703889 201902090406
1549706840 49.8819900165 201902090407
1549706900 50.0009597833 201902090408
1549706960 49.8207025609 201902090409
1549707020 49.8351231387 201902090410
1549707080 49.3754672216 201902090411
1549707096 50.0243932222 201902090411
1549707156 49.6242221885 201902090412
1549707216 49.7918614053 201902090413
1549707276 49.5989861774 201902090414
1549707336 49.9883417777 201902090415
1549707396 49.9216466054 201902090416
1549707456 49.6350376219 201902090417
1549707516 49.9703160555 201902090418
1549707576 49.8765822998 201902090419
1549707636 49.5791578829 201902090420
1549707696 50.1848221501 201902090421
1549707714 49.8531488609 201902090421
1549707774 49.6512607719 201902090422
1549707834 49.7485996720 201902090423
1549707894 49.8225051331 201902090424
1549707954 50.3362382169 201902090425
1549708014 49.3898877994 201902090426
1549708074 50.0316035111 201902090427
1549708134 50.4137488225 201902090428
1549708194 50.3957231003 201902090429
1549708254 50.4804439948 201902090430
1549708314 50.7922889895 201902090431
1549708331 50.5885983283 201902090432
1549708391 50.6138343394 201902090433
1549708451 50.6174394838 201902090434
1549708511 50.6643063617 201902090435
1549708571 50.5994137616 201902090436
1549708631 50.6210446283 201902090437
1549708691 50.5507443116 201902090438
1549708751 50.6228472005 201902090439
1549708811 50.8175250007 201902090440
1549708871 50.6498857839 201902090441
1549708931 49.6404453385 201902090442
1549708949 50.1740067168 201902090442
1549709009 50.4245642559 201902090443
1549709069 50.0748652445 201902090444
1549709129 50.5363237338 201902090445
1549709189 50.5849931838 201902090446
1549709249 50.2443070335 201902090447
1549709309 50.7273963895 201902090448
1549709369 50.4624182726 201902090449
1549709429 50.3831050947 201902090450
1549709489 50.4678259893 201902090451
1549709549 50.3380407891 201902090452
1549709565 50.3091996336 201902090452
1549709625 50.8157224285 201902090453
1549709685 50.4894568559 201902090454
1549709745 50.7652504062 201902090455
1549709805 50.5633623171 201902090456
1549709865 50.7850787007 201902090457
1549709925 50.7147783839 201902090458
1549709985 50.3380407891 201902090459
1549710045 50.6895423728 201902090500
1549710105 50.5669674616 201902090501
1549710165 50.8265378618 201902090502
1549710182 50.4281694003 201902090503
1549710242 50.7832761284 201902090504
1549710302 50.2587276113 201902090505
1549710362 50.4407874059 201902090506
1549710422 50.7021603784 201902090507
1549710482 50.4768388504 201902090508
1549710542 50.4389848337 201902090509
1549710602 50.4209591114 201902090510
1549710662 50.3452510780 201902090511
1549710722 50.4678259893 201902090512
1549710782 50.3200150669 201902090513
1549710798 50.8193275729 201902090513
1549710858 50.6733192228 201902090514
1549710918 50.6138343394 201902090515
1549710978 50.3218176391 201902090516
1549711038 50.3578690836 201902090517
1549711098 50.5255083004 201902090518
1549711109 50.4101436781 201902090518
1549711169 50.7940915618 201902090519
1549711229 50.5849931838 201902090520
1549711289 50.3091996336 201902090521
1549711349 50.3416459336 201902090522
1549711409 50.7796709840 201902090523
1549711469 50.6336626338 201902090524
1549711529 50.5056800060 201902090525
1549711589 50.4371822615 201902090526
1549711649 51.0572671064 201902090527
1549711709 50.6318600616 201902090528
1549711769 50.4137488225 201902090529
1549711829 50.5110877226 201902090530
1549711889 50.3398433614 201902090531
1549711949 50.5201005837 201902090532
1549712009 50.2028478724 201902090533
1549712044 50.2893713391 201902090534
1549712104 50.4606157004 201902090535
1549712164 50.3452510780 201902090536
1549712224 50.2497147502 201902090537
1549712284 50.5345211615 201902090538
1549712344 50.5669674616 201902090539
1549712404 50.6805295117 201902090540
1549712464 50.6715166505 201902090541
1549712524 50.6192420561 201902090542
1549712584 50.5435340227 201902090543
1549712644 50.4029333892 201902090544
1549712661 50.3903153836 201902090544
1549712721 50.7364092506 201902090545
1549712781 50.6048214783 201902090546
1549712841 50.7382118228 201902090547
1549712901 50.9941770786 201902090548
1549712961 50.5885983283 201902090549
1549713021 50.4281694003 201902090550
1549713081 50.4335771170 201902090551
1549713141 50.2875687669 201902090552
1549713201 50.4966671448 201902090553
1549713261 50.5092851504 201902090554
1549713279 50.4534054115 201902090554
1549713339 50.5597571727 201902090555
1549713399 0.0030140113 201902090556
1549713459 -0.0005911331 201902090557
1549713519 50.4155513948 201902090558
1549713579 50.6931475172 201902090559
1549713639 50.5507443116 201902090600
1549713699 50.6697140783 201902090601
1549713759 50.6372677783 201902090602
1549713819 50.2623327557 201902090603
1549713879 50.6426754950 201902090604
1549713896 50.6210446283 201902090604
1549713956 50.6210446283 201902090605
1549714016 50.4858517115 201902090606
1549714076 50.7093706672 201902090607
1549714136 50.6066240505 201902090608
1549714196 50.4948645726 201902090609
1549714256 50.2731481891 201902090610
1549714316 50.3001867724 201902090611
1549714376 50.3650793725 201902090612
1549714436 50.4966671448 201902090613
1549714496 50.5904009005 201902090614
1549714517 50.1343501279 201902090615
1549714577 50.6066240505 201902090616
1549714637 50.4642208448 201902090617
1549714697 50.5795854671 201902090618
1549714757 50.3939205281 201902090619
1549714817 50.4804439948 201902090620
1549714877 50.7994992784 201902090621
1549714937 50.1902298668 201902090622
1549714997 50.5201005837 201902090623
1549715057 50.7796709840 201902090624
1549715117 50.6282549172 201902090625
1549715133 50.6426754950 201902090625
1549715193 50.6715166505 201902090626
1549715253 50.2623327557 201902090627
1549715313 50.6480832116 201902090628
1549715373 50.6282549172 201902090629
1549715433 50.0424189444 201902090630
1549715493 50.3218176391 201902090631
1549715553 50.5092851504 201902090632
1549715613 50.6534909283 201902090633
1549715673 50.5597571727 201902090634
1549715733 50.7706581229 201902090635
1549715751 50.6120317672 201902090635
1549715811 50.5597571727 201902090636
1549715871 50.4534054115 201902090637
1549715931 50.7778684118 201902090638
1549715991 50.1848221501 201902090639
1549716051 50.4750362782 201902090640
1549716111 50.8517738729 201902090641
1549716171 50.6643063617 201902090642
1549716231 50.4461951226 201902090643
1549716291 50.7003578061 201902090644
1549716351 50.4966671448 201902090645
1549716370 50.4930620004 201902090646
1549716430 50.7328041062 201902090647
1549716490 50.8391558674 201902090648
1549716550 50.6787269394 201902090649
1549716610 50.5651648893 201902090650
1549716670 50.5723751782 201902090651
1549716730 50.4948645726 201902090652
1549716790 -0.0041962776 201902090653
1549716850 -0.0041962776 201902090654
1549716910 -0.0041962776 201902090655
1549716970 -0.0041962776 201902090656
1549716983 -0.0041962776 201902090656
1549717043 50.5777828949 201902090657
1549717103 50.5525468838 201902090658
1549717163 50.6985552339 201902090659
1549717223 50.7183835284 201902090700
1549717283 50.5651648893 201902090701
1549717343 50.0496292333 201902090702
1549717403 50.9130613285 201902090703
1549717463 50.7201861006 201902090704
1549717523 50.2064530168 201902090705
1549717583 50.4443925503 201902090706
1549717599 50.5182980115 201902090706
1549717659 51.0194130897 201902090707
1549717719 50.8860227452 201902090708
1549717779 50.4389848337 201902090709
1549717839 50.9527179175 201902090710
1549717899 50.9220741897 201902090711
1549717959 50.5777828949 201902090712
1549718019 50.6859372283 201902090713
1549718079 50.6588986450 201902090714
1549718139 50.5471391671 201902090715
1549718199 50.5904009005 201902090716
1549718216 50.3614742281 201902090716
1549718276 50.5092851504 201902090717
1549718336 50.9094561841 201902090718
1549718396 50.5759803227 201902090719
1549718456 50.7255938173 201902090720
1549718516 50.7760658395 201902090721
1549718576 50.6462806394 201902090722
1549718636 50.5579546004 201902090723
1549718696 50.6643063617 201902090724
1549718756 50.7255938173 201902090725
1549718816 50.5345211615 201902090726
1549718831 50.1685990001 201902090727
1549718891 50.6570960728 201902090728
1549718951 50.5146928671 201902090729
1549719011 50.7634478340 201902090730
1549719071 50.3650793725 201902090731
1549719131 50.9148639008 201902090732
1549719191 50.4173539670 201902090733
1549719251 50.6462806394 201902090734
1549719311 50.4858517115 201902090735
1549719371 50.6264523450 201902090736
1549719431 50.7093706672 201902090737
1549719445 50.4624182726 201902090737
1549719505 50.7003578061 201902090738
1549719565 50.4840491393 201902090739
1549719625 50.4642208448 201902090740
1549719685 50.4570105559 201902090741
1549719745 50.3344356447 201902090742
1549719805 50.4534054115 201902090743
1549719865 50.5795854671 201902090744
1549719925 50.7039629506 201902090745
1549719985 50.4804439948 201902090746
1549720045 50.4227616837 201902090747
1549720062 50.9851642175 201902090747
1549720122 50.5327185893 201902090748
1549720182 50.5038774337 201902090749
1549720242 50.1397578445 201902090750
1549720302 50.4011308170 201902090751
1549720362 50.5831906116 201902090752
1549720422 50.4137488225 201902090753
1549720482 50.4389848337 201902090754
1549720542 50.4876542837 201902090755
1549720602 50.6480832116 201902090756
1549720662 50.5273108726 201902090757
1549720680 50.7346066784 201902090758
1549720740 50.5543494560 201902090759
1549720800 50.4750362782 201902090800
1549720860 50.5164954393 201902090801
1549720920 50.4714311337 201902090802
1549720980 50.6246497727 201902090803
1549721040 50.4389848337 201902090804
1549721100 50.3740922336 201902090805
1549721160 50.4570105559 201902090806
1549721220 50.7508298284 201902090807
1549721280 50.4750362782 201902090808
1549721293 50.5976111894 201902090808
1549721353 50.6192420561 201902090809
1549721413 50.4516028392 201902090810
1549721473 50.2659379002 201902090811
1549721533 50.6823320839 201902090812
1549721593 50.4840491393 201902090813
1549721653 50.4840491393 201902090814
1549721713 51.0482542453 201902090815
1549721773 50.4534054115 201902090816
1549721833 50.6210446283 201902090817
1549721893 50.7057655228 201902090818
1549721904 50.7742632673 201902090818
1549721964 50.7021603784 201902090819
1549722024 50.4083411059 201902090820
1549722084 50.5327185893 201902090821
1549722144 50.4047359614 201902090822
1549722204 50.6985552339 201902090823
1549722264 50.0766678167 201902090824
1549722324 50.5417314504 201902090825
1549722384 50.4732337059 201902090826
1549722444 50.4930620004 201902090827
1549722504 50.5994137616 201902090828
1549722522 50.8229327174 201902090828
1549722582 50.1181269778 201902090829
1549722642 50.4534054115 201902090830
1549722702 50.5543494560 201902090831
1549722762 50.3073970613 201902090832
1549722822 50.6318600616 201902090833
1549722882 50.9184690452 201902090834
1549722942 50.5399288782 201902090835
1549723002 50.8788124563 201902090836
1549723062 50.5994137616 201902090837
1549723122 50.7688555506 201902090838
1549723139 50.5255083004 201902090838
1549723199 50.8391558674 201902090839
1549723259 50.4353796892 201902090840
1549723319 50.5363237338 201902090841
1549723379 50.6282549172 201902090842
1549723439 50.6607012172 201902090843
1549723499 50.8788124563 201902090844
1549723559 50.5056800060 201902090845
1549723619 50.7634478340 201902090846
1549723679 50.5201005837 201902090847
1549723739 50.4966671448 201902090848
1549723753 50.6570960728 201902090849
1549723813 50.8950356063 201902090850
1549723873 50.6516883561 201902090851
1549723933 50.3975256725 201902090852
1549723993 50.5399288782 201902090853
1549724053 50.4173539670 201902090854
1549724113 50.6967526617 201902090855
1549724173 50.6949500895 201902090856
1549724233 50.6336626338 201902090857
1549724293 50.6985552339 201902090858
1549724353 50.3524613669 201902090859
1549724367 50.3668819447 201902090859
1549724427 50.7147783839 201902090900
1549724487 50.5309160171 201902090901
1549724547 50.5435340227 201902090902
1549724607 50.4443925503 201902090903
1549724667 50.2388993168 201902090904
1549724727 50.3434485058 201902090905
1549724787 50.5958086171 201902090906
1549724847 50.5994137616 201902090907
1549724907 50.1830195779 201902090908
1549724967 50.4137488225 201902090909
1549724980 50.8734047396 201902090909
1549725040 50.7093706672 201902090910
1549725100 50.3218176391 201902090911
1549725160 50.8031044229 201902090912
1549725220 50.5237057282 201902090913
1549725280 50.7634478340 201902090914
1549725340 50.5237057282 201902090915
1549725400 50.7382118228 201902090916
1549725460 50.3326330725 201902090917
1549725520 50.4732337059 201902090918
1549725580 50.7364092506 201902090919
1549725595 50.3182124947 201902090919
1549725655 50.4804439948 201902090920
1549725715 50.4173539670 201902090921
1549725775 50.8013018507 201902090922
1549725835 50.7940915618 201902090923
1549725895 50.4840491393 201902090924
1549725955 50.1037064000 201902090925
1549726015 50.8734047396 201902090926
1549726075 49.9126337443 201902090927
1549726135 50.6751217950 201902090928
1549726195 50.2244787390 201902090929
1549726210 50.5038774337 201902090930
1549726270 50.4461951226 201902090931
1549726330 49.8152948442 201902090932
1549726390 50.2839636224 201902090933
1549726450 50.5255083004 201902090934
1549726510 49.9865392055 201902090935
1549726570 50.7724606951 201902090936
1549726630 50.6462806394 201902090937
1549726690 50.5453365949 201902090938
1549726750 50.6048214783 201902090939
1549726810 50.6210446283 201902090940
1549726825 50.8950356063 201902090940
1549726885 50.7778684118 201902090941
1549726945 50.7328041062 201902090942
1549727005 50.5795854671 201902090943
1549727065 50.8896278896 201902090944
1549727125 50.8517738729 201902090945
1549727185 50.5885983283 201902090946
1549727245 50.4930620004 201902090947
1549727305 50.8013018507 201902090948
1549727365 50.4966671448 201902090949
1549727425 50.5074825782 201902090950
1549727439 50.0279983666 201902090950
1549727499 50.6084266227 201902090951
1549727559 50.6895423728 201902090952
1549727619 50.6318600616 201902090953
1549727679 50.5363237338 201902090954
1549727739 50.4227616837 201902090955
1549727799 50.5002722893 201902090956
1549727859 50.6264523450 201902090957
1549727919 50.7400143951 201902090958
1549727979 50.0694575278 201902090959
1549728039 50.9184690452 201902091000
1549728052 50.5958086171 201902091000
1549728112 50.8643918785 201902091001
1549728172 50.8553790174 201902091002
1549728232 50.4876542837 201902091003
1549728292 50.7832761284 201902091004
1549728352 50.7382118228 201902091005
1549728412 50.5399288782 201902091006
1549728472 50.3885128114 201902091007
1549728532 50.7273963895 201902091008
1549728592 50.7310015339 201902091009
1549728652 50.1001012556 201902091010
1549728663 50.2262813113 201902091011
1549728723 50.5291134449 201902091012
1549728783 50.5687700338 201902091013
1549728843 50.2821610502 201902091014
1549728903 50.4588131281 201902091015
1549728963 50.5146928671 201902091016
1549729023 50.1866247223 201902091017
1549729083 50.9256793341 201902091018
1549729143 50.8860227452 201902091019
1549729203 50.3236202114 201902091020
1549729263 49.9414748999 201902091021
1549729278 50.3037919169 201902091021
1549729338 50.4912594282 201902091022
1549729398 50.4461951226 201902091023
1549729458 50.7057655228 201902091024
1549729518 50.7346066784 201902091025
1549729578 50.9076536119 201902091026
1549729638 50.7255938173 201902091027
1549729698 50.5633623171 201902091028
1549729758 50.4840491393 201902091029
1549729818 50.3380407891 201902091030
1549729878 50.5687700338 201902091031
1549729894 50.5669674616 201902091031
1549729954 50.7490272562 201902091032
1549730014 50.5453365949 201902091033
1549730074 50.6354652061 201902091034
1549730134 50.4966671448 201902091035
1549730194 50.6643063617 201902091036
1549730254 50.5741777505 201902091037
1549730314 50.4335771170 201902091038
1549730374 50.3290279280 201902091039
1549730434 50.3614742281 201902091040
1549730494 50.7129758117 201902091041
1549730509 50.5128902949 201902091041
1549730569 50.6084266227 201902091042
1549730629 50.3542639392 201902091043
1549730689 50.7291989617 201902091044
1549730749 50.7436195395 201902091045
1549730809 50.7291989617 201902091046
1549730869 50.5345211615 201902091047
1549730929 -0.0059988498 201902091048
1549730989 50.7634478340 201902091049
1549731049 50.4083411059 201902091050
1549731109 50.5435340227 201902091051
1549731125 50.4389848337 201902091052
1549731185 50.9058510396 201902091053
1549731245 50.6895423728 201902091054
1549731305 50.6462806394 201902091055
1549731365 50.4047359614 201902091056
1549731425 50.5128902949 201902091057
1549731485 50.1523758501 201902091058
1549731545 50.5669674616 201902091059
1549731605 50.4425899781 201902091100
1549731665 50.3001867724 201902091101
1549731725 0.0012114391 201902091102
1549731742 0.0102243002 201902091102
1549731802 0.0084217280 201902091103
1549731862 50.5381263060 201902091104
1549731922 50.6210446283 201902091105
1549731982 50.3560665114 201902091106
1549732042 50.4786414226 201902091107
1549732102 50.7706581229 201902091108
1549732162 50.7183835284 201902091109
1549732222 50.5543494560 201902091110
1549732282 50.8806150285 201902091111
1549732342 49.8513462887 201902091112
1549732356 50.2569250391 201902091112
1549732416 50.5958086171 201902091113
1549732476 50.6372677783 201902091114
1549732536 50.5471391671 201902091115
1549732596 50.4101436781 201902091116
1549732656 50.8049069951 201902091117
1549732716 50.8499713007 201902091118
1549732776 50.3200150669 201902091119
1549732836 50.4371822615 201902091120
1549732896 49.4746086939 201902091121
1549732956 50.7778684118 201902091122
1549732970 50.1271398390 201902091122
1549733030 50.6138343394 201902091123
1549733090 50.2100581613 201902091124
1549733150 50.4389848337 201902091125
1549733210 50.8824176007 201902091126
1549733270 49.1176993936 201902091127
1549733330 50.6769243672 201902091128
1549733390 50.4606157004 201902091129
1549733450 50.3794999503 201902091130
1549733510 49.6909173608 201902091131
1549733570 50.1938350112 201902091132
1549733583 49.9396723277 201902091133
1549733643 50.2515173224 201902091134
1549733703 50.0730626722 201902091135
1549733763 50.7490272562 201902091136
1549733823 50.3344356447 201902091137
1549733883 50.3993282448 201902091138
1549733943 50.8391558674 201902091139
1549734003 50.4029333892 201902091140
1549734063 50.0550369500 201902091141
1549734123 50.4389848337 201902091142
1549734183 50.8301430062 201902091143
1549734195 50.3110022058 201902091143
1549734255 50.3921179559 201902091144
1549734315 50.1487707056 201902091145
1549734375 50.5615597449 201902091146
1549734435 50.4047359614 201902091147
1549734495 50.5525468838 201902091148
1549734555 50.6066240505 201902091149
1549734615 50.4443925503 201902091150
1549734675 50.8211301451 201902091151
1549734735 50.3993282448 201902091152
1549734795 50.6769243672 201902091153
1549734811 50.4317745448 201902091153
1549734871 50.3182124947 201902091154
1549734931 50.0388138000 201902091155
1549734991 50.6210446283 201902091156
1549735051 50.6841346561 201902091157
1549735111 50.2208735946 201902091158
1549735171 50.4407874059 201902091159
1549735231 50.8463661563 201902091200
1549735291 50.8788124563 201902091201
1549735351 50.6174394838 201902091202
1549735411 50.5759803227 201902091203
1549735427 50.1235346945 201902091203
1549735487 50.9437050563 201902091204
1549735547 50.6210446283 201902091205
1549735607 50.9491127730 201902091206
1549735667 50.8031044229 201902091207
1549735727 50.1451655612 201902091208
1549735787 50.0658523833 201902091209
1549735847 50.7634478340 201902091210
1549735907 50.9292844786 201902091211
1549735967 50.7670529784 201902091212
1549736027 0.0048165835 201902091213
1549736041 50.7760658395 201902091214
1549736101 50.5345211615 201902091215
1549736161 50.7472246840 201902091216
1549736221 50.7976967062 201902091217
1549736281 50.7382118228 201902091218
1549736341 0.0048165835 201902091219
1549736401 50.8481687285 201902091220
1549736461 50.6625037894 201902091221
1549736521 50.5940060449 201902091222
1549736581 50.1451655612 201902091223
1549736641 49.9378697555 201902091224
1549736655 50.5904009005 201902091224
1549736715 50.8914304619 201902091225
1549736775 50.8481687285 201902091226
1549736835 50.4966671448 201902091227
1549736895 50.8716021674 201902091228
1549736955 50.4534054115 201902091229
1549737015 50.4281694003 201902091230
1549737075 50.9202716174 201902091231
1549737135 50.5723751782 201902091232
1549737195 50.8373532951 201902091233
1549737255 50.6751217950 201902091234
1549737267 50.6300574894 201902091234
1549737327 50.4011308170 201902091235
1549737387 49.0924633825 201902091236
1549737447 50.6498857839 201902091237
1549737507 50.8463661563 201902091238
1549737567 50.5741777505 201902091239
1549737627 50.5128902949 201902091240
1549737687 50.3722896614 201902091241
1549737747 50.9509153452 201902091242
1549737807 50.4173539670 201902091243
1549737867 50.6967526617 201902091244
1549737879 50.7219886728 201902091244
1549737939 50.2929764835 201902091245
1549737999 50.4371822615 201902091246
1549738059 50.4263668281 201902091247
1549738119 49.9613031944 201902091248
1549738179 50.7310015339 201902091249
1549738239 50.8175250007 201902091250
1549738299 49.9595006221 201902091251
1549738359 50.7760658395 201902091252
1549738419 50.1794144334 201902091253
1549738479 50.3073970613 201902091254
1549738495 50.6967526617 201902091254
1549738555 50.6967526617 201902091255
1549738615 50.7742632673 201902091256
1549738675 50.2587276113 201902091257
1549738735 50.5651648893 201902091258
1549738795 50.5543494560 201902091259
1549738855 50.0928909667 201902091300
1549738915 50.1343501279 201902091301
1549738975 0.0120268724 201902091302
1549739035 50.3164099225 201902091303
1549739095 50.2731481891 201902091304
1549739111 50.3794999503 201902091305
1549739171 50.0334060833 201902091306
1549739231 50.5579546004 201902091307
1549739291 50.2280838835 201902091308
1549739351 50.8121172840 201902091309
1549739411 50.4029333892 201902091310
1549739471 50.2064530168 201902091311
1549739531 50.2821610502 201902091312
1549739591 50.2893713391 201902091313
1549739651 50.4732337059 201902091314
1549739711 50.1722041446 201902091315
1549739725 50.1812170057 201902091315
1549739785 50.3849076670 201902091316
1549739845 50.5146928671 201902091317
1549739905 50.4678259893 201902091318
1549739965 50.4137488225 201902091319
1549740025 50.2154658779 201902091320
1549740085 50.6751217950 201902091321
1549740145 50.3831050947 201902091322
1549740205 50.5669674616 201902091323
1549740265 50.3885128114 201902091324
1549740325 50.4137488225 201902091325
1549740337 50.4948645726 201902091325
1549740397 50.5795854671 201902091326
1549740457 50.3614742281 201902091327
1549740517 50.7255938173 201902091328
1549740577 50.3849076670 201902091329
1549740637 50.3470536503 201902091330
1549740697 50.6084266227 201902091331
1549740757 50.5543494560 201902091332
1549740817 50.8013018507 201902091333
1549740877 50.7562375451 201902091334
1549740937 50.2947790558 201902091335
1549740949 50.5381263060 201902091335
1549741009 50.5507443116 201902091336
1549741069 49.8819900165 201902091337
1549741129 50.5345211615 201902091338
1549741189 50.2569250391 201902091339
1549741249 50.5255083004 201902091340
1549741309 50.5327185893 201902091341
1549741369 50.1974401557 201902091342
1549741429 50.0568395222 201902091343
1549741489 50.5255083004 201902091344
1549741549 50.4822465670 201902091345
1549741562 50.5471391671 201902091346
1549741622 50.6516883561 201902091347
1549741682 50.6805295117 201902091348
1549741742 50.9130613285 201902091349
1549741802 50.5831906116 201902091350
1549741862 50.7111732395 201902091351
1549741922 50.6715166505 201902091352
1549741982 50.8355507229 201902091353
1549742042 50.6805295117 201902091354
1549742102 50.3867102392 201902091355
1549742162 50.5219031560 201902091356
1549742179 50.2929764835 201902091356
1549742239 49.7684279664 201902091357
1549742299 50.4606157004 201902091358
1549742359 50.6246497727 201902091359
1549742419 50.4876542837 201902091400
1549742479 50.2443070335 201902091401
1549742539 49.7576125331 201902091402
1549742599 50.4245642559 201902091403
1549742659 50.0424189444 201902091404
1549742719 50.5795854671 201902091405
1549742779 50.9166664730 201902091406
1549742794 50.7255938173 201902091406
1549742854 50.4498002670 201902091407
1549742914 50.2983842002 201902091408
1549742974 50.1073115445 201902091409
1549743034 50.2767533335 201902091410
1549743094 50.4768388504 201902091411
1549743154 50.4173539670 201902091412
1549743214 50.7328041062 201902091413
1549743274 50.4371822615 201902091414
1549743334 50.6300574894 201902091415
1549743394 50.2875687669 201902091416
1549743409 50.4552079837 201902091416
1549743469 50.6967526617 201902091417
1549743529 50.1722041446 201902091418
1549743589 50.4101436781 201902091419
1549743649 50.5363237338 201902091420
1549743709 49.8387282831 201902091421
1549743769 49.9631057666 201902091422
1549743829 50.4678259893 201902091423
1549743889 50.7616452617 201902091424
1549743949 50.4263668281 201902091425
1549744009 50.5561520282 201902091426
1549744026 50.5525468838 201902091427
1549744086 50.4101436781 201902091428
1549744146 50.4912594282 201902091429
1549744206 50.5110877226 201902091430
1549744266 50.8517738729 201902091431
1549744326 50.3254227836 201902091432
1549744386 50.3236202114 201902091433
1549744446 50.5940060449 201902091434
1549744506 50.1902298668 201902091435
1549744566 50.8553790174 201902091436
1549744626 50.8229327174 201902091437
1549744638 50.4173539670 201902091437
1549744698 50.5255083004 201902091438
1549744758 50.5146928671 201902091439
1549744818 50.2821610502 201902091440
1549744878 50.4678259893 201902091441
1549744938 50.7868812729 201902091442
1549744998 50.5417314504 201902091443
1549745058 50.7688555506 201902091444
1549745118 50.4984697171 201902091445
1549745178 50.2497147502 201902091446
1549745238 50.8337481507 201902091447
1549745250 50.5255083004 201902091447
1549745310 50.5038774337 201902091448
1549745370 50.6877398006 201902091449
1549745430 50.5579546004 201902091450
1549745490 50.8265378618 201902091451
1549745550 50.7075680950 201902091452
1549745610 50.8535764452 201902091453
1549745670 50.8589841618 201902091454
1549745730 50.9328896230 201902091455
1549745790 50.8625893063 201902091456
1549745850 50.6030189060 201902091457
1549745864 50.1361527001 201902091457
1549745924 50.9833616453 201902091458
1549745984 50.5038774337 201902091459
1549746044 50.6390703505 201902091500
1549746104 51.1654214399 201902091501
1549746164 50.7886838451 201902091502
1549746224 50.9419024841 201902091503
1549746284 50.0298009389 201902091504
1549746344 50.4714311337 201902091505
1549746404 50.9364947675 201902091506
1549746464 50.6841346561 201902091507
1549746478 50.5381263060 201902091507
1549746538 50.6823320839 201902091508
1549746598 50.9617307786 201902091509
1549746658 50.4281694003 201902091510
1549746718 50.6318600616 201902091511
1549746778 50.8247352896 201902091512
1549746838 50.6390703505 201902091513
1549746898 50.7129758117 201902091514
1549746958 50.9238767619 201902091515
1549747018 50.7616452617 201902091516
1549747078 50.8878253174 201902091517
1549747093 50.5904009005 201902091518
1549747153 50.8121172840 201902091519
1549747213 50.9202716174 201902091520
1549747273 50.8914304619 201902091521
1549747333 50.9274819063 201902091522
1549747393 49.9000157388 201902091523
1549747453 50.7868812729 201902091524
1549747513 50.8319455785 201902091525
1549747573 50.7706581229 201902091526
1549747633 50.4624182726 201902091527
1549747693 50.9166664730 201902091528
1549747709 50.5795854671 201902091528
1549747769 50.1037064000 201902091529
1549747829 50.9130613285 201902091530
1549747889 50.4858517115 201902091531
1549747949 50.5904009005 201902091532
1549748009 50.5777828949 201902091533
1549748069 50.8355507229 201902091534
1549748129 50.7778684118 201902091535
1549748189 50.8481687285 201902091536
1549748249 50.6931475172 201902091537
1549748309 50.3236202114 201902091538
1549748321 50.9797565008 201902091538
1549748381 50.3200150669 201902091539
1549748441 50.4894568559 201902091540
1549748501 50.7922889895 201902091541
1549748561 50.7328041062 201902091542
1549748621 50.6498857839 201902091543
1549748681 50.9743487842 201902091544
1549748741 50.6408729227 201902091545
1549748801 50.3722896614 201902091546
1549748861 50.7814735562 201902091547
1549748921 51.0356362398 201902091548
1549748934 50.5831906116 201902091548
1549748994 50.2785559058 201902091549
1549749054 50.8391558674 201902091550
1549749114 50.7021603784 201902091551
1549749174 51.0897134065 201902091552
1549749234 50.5579546004 201902091553
1549749294 50.9202716174 201902091554
1549749354 50.7904864173 201902091555
1549749414 51.1095417009 201902091556
1549749474 50.7472246840 201902091557
1549749534 50.5831906116 201902091558
1549749550 50.8193275729 201902091559
1549749610 50.6985552339 201902091600
1549749670 50.6282549172 201902091601
1549749730 50.6300574894 201902091602
1549749790 50.8625893063 201902091603
1549749850 50.7724606951 201902091604
1549749910 50.8607867341 201902091605
1549749970 50.3506587947 201902091606
1549750030 50.8968381785 201902091607
1549750090 50.1433629890 201902091608
1549750150 50.7291989617 201902091609
1549750165 50.9959796508 201902091609
1549750225 51.2213011788 201902091610
1549750285 51.1167519898 201902091611
1549750345 50.7165809561 201902091612
1549750405 50.8031044229 201902091613
1549750465 50.8121172840 201902091614
1549750525 50.4047359614 201902091615
1549750585 50.7580401173 201902091616
1549750645 50.6841346561 201902091617
1549750705 50.7508298284 201902091618
1549750765 50.7255938173 201902091619
1549750779 50.9887693619 201902091619
1549750839 50.6607012172 201902091620
1549750899 50.9328896230 201902091621
1549750959 51.0158079453 201902091622
1549751019 50.5867957560 201902091623
1549751079 50.0964961112 201902091624
1549751139 50.6282549172 201902091625
1549751199 50.8103147118 201902091626
1549751259 50.6246497727 201902091627
1549751319 50.5615597449 201902091628
1549751379 50.2515173224 201902091629
1549751391 51.2771809178 201902091629
1549751451 50.8517738729 201902091630
1549751511 50.6697140783 201902091631
1549751571 51.2519449066 201902091632
1549751631 50.7778684118 201902091633
1549751691 50.5327185893 201902091634
1549751751 51.0356362398 201902091635
1549751811 50.5651648893 201902091636
1549751871 50.7418169673 201902091637
1549751931 50.7165809561 201902091638
1549751991 51.0067950842 201902091639
1549752002 50.8625893063 201902091640
1549752062 50.8571815896 201902091641
1549752122 50.6931475172 201902091642
1549752182 50.8337481507 201902091643
1549752242 50.9004433230 201902091644
1549752302 50.7616452617 201902091645
1549752362 51.1041339843 201902091646
1549752422 51.0302285231 201902091647
1549752482 50.4750362782 201902091648
1549752542 50.3939205281 201902091649
1549752602 50.6228472005 201902091650
1549752618 50.8535764452 201902091650
1549752678 50.4498002670 201902091651
1549752738 51.1996703121 201902091652
1549752798 50.6625037894 201902091653
1549752858 50.3668819447 201902091654
1549752918 51.1582111510 201902091655
1549752978 50.8499713007 201902091656
1549753038 50.8157224285 201902091657
1549753098 50.9022458952 201902091658
1549753158 50.7346066784 201902091659
1549753218 50.9022458952 201902091700
1549753236 50.8283404340 201902091700
1549753296 51.0374388120 201902091701
1549753356 50.6210446283 201902091702
1549753416 51.1167519898 201902091703
1549753476 50.1667964279 201902091704
1549753536 51.1762368732 201902091705
1549753596 50.9473102008 201902091706
1549753656 50.8355507229 201902091707
1549753716 50.6570960728 201902091708
1549753776 50.5092851504 201902091709
1549753836 50.9455076286 201902091710
1549753850 50.9419024841 201902091710
1549753910 50.5543494560 201902091711
1549753970 51.1708291565 201902091712
1549754030 50.6390703505 201902091713
1549754090 50.9617307786 201902091714
1549754150 51.0464516731 201902091715
1549754210 50.6318600616 201902091716
1549754270 50.7598426895 201902091717
1549754330 51.0572671064 201902091718
1549754390 50.8283404340 201902091719
1549754450 50.9400999119 201902091720
1549754464 50.3164099225 201902091721
1549754524 51.1600137232 201902091722
1549754584 50.8607867341 201902091723
1549754644 50.8337481507 201902091724
1549754704 51.4123738345 201902091725
1549754764 51.0356362398 201902091726
1549754824 51.1041339843 201902091727
1549754884 50.6102291949 201902091728
1549754944 51.2068806010 201902091729
1549755004 51.1005288398 201902091730
1549755064 50.8679970229 201902091731
1549755081 50.5507443116 201902091731
1549755141 50.4678259893 201902091732
1549755201 50.4101436781 201902091733
1549755261 51.1419880010 201902091734
1549755321 50.9130613285 201902091735
1549755381 50.2388993168 201902091736
1549755441 50.7778684118 201902091737
1549755501 50.9707436397 201902091738
1549755561 50.3398433614 201902091739
1549755621 50.8878253174 201902091740
1549755681 51.0482542453 201902091741
1549755695 50.4570105559 201902091741
1549755755 50.6048214783 201902091742
1549755815 50.3560665114 201902091743
1549755875 50.9400999119 201902091744
1549755935 51.1690265843 201902091745
1549755995 50.5525468838 201902091746
1549756055 50.3380407891 201902091747
1549756115 50.6084266227 201902091748
1549756175 51.1690265843 201902091749
1549756235 50.9653359230 201902091750
1549756295 50.9761513564 201902091751
1549756312 50.3542639392 201902091751
1549756372 50.9653359230 201902091752
1549756432 50.8824176007 201902091753
1549756492 50.7436195395 201902091754
1549756552 50.6841346561 201902091755
1549756612 50.7508298284 201902091756
1549756672 50.6516883561 201902091757
1549756732 50.7868812729 201902091758
1549756792 50.8211301451 201902091759
1549756852 50.8337481507 201902091800
1549756912 50.9094561841 201902091801
1549756927 51.0085976564 201902091802
1549756987 0.0066191558 201902091803
1549757047 0.0030140113 201902091804
1549757107 50.6552935005 201902091805
1549757167 50.8679970229 201902091806
1549757227 50.8355507229 201902091807
1549757287 50.7832761284 201902091808
1549757347 51.0320310953 201902091809
1549757407 51.1690265843 201902091810
1549757467 50.5020748615 201902091811
1549757527 50.6336626338 201902091812
1549757541 51.0897134065 201902091812
1549757601 50.8409584396 201902091813
1549757661 50.2352941724 201902091814
1549757721 50.8265378618 201902091815
1549757781 50.7490272562 201902091816
1549757841 50.8211301451 201902091817
1549757901 50.8049069951 201902091818
1549757961 50.6138343394 201902091819
1549758021 50.7003578061 201902091820
1549758081 50.8842201730 201902091821
1549758141 50.4840491393 201902091822
1549758159 50.6066240505 201902091822
1549758219 50.8697995952 201902091823
1549758279 50.8463661563 201902091824
1549758339 50.3722896614 201902091825
1549758399 50.7796709840 201902091826
1549758459 50.9707436397 201902091827
1549758519 50.2803584780 201902091828
1549758579 50.5327185893 201902091829
1549758639 50.4191565392 201902091830
1549758699 50.6102291949 201902091831
1549758759 51.3150349345 201902091832
1549758773 50.6426754950 201902091832
1549758833 51.0554645342 201902091833
1549758893 50.3344356447 201902091834
1549758953 50.6084266227 201902091835
1549759013 50.8571815896 201902091836
1549759073 50.8914304619 201902091837
1549759133 50.4588131281 201902091838
1549759193 50.5002722893 201902091839
1549759253 50.4029333892 201902091840
1549759313 50.5273108726 201902091841
1549759373 50.7544349728 201902091842
1549759393 50.6246497727 201902091843
1549759453 50.8770098841 201902091844
1549759513 51.1329751398 201902091845
1549759573 50.6372677783 201902091846
1549759633 50.6715166505 201902091847
1549759693 50.6931475172 201902091848
1549759753 50.7544349728 201902091849
1549759813 50.8193275729 201902091850
1549759873 50.9653359230 201902091851
1549759933 50.8049069951 201902091852
1549759993 50.9689410675 201902091853
1549760007 50.7724606951 201902091853
1549760067 50.8445635840 201902091854
1549760127 50.8337481507 201902091855
1549760187 50.8337481507 201902091856
1549760247 50.6913449450 201902091857
1549760307 50.3398433614 201902091858
1549760367 50.9256793341 201902091859
1549760427 50.5741777505 201902091900
1549760487 50.8950356063 201902091901
1549760547 51.0752928287 201902091902
1549760607 50.8643918785 201902091903
1549760622 50.8661944507 201902091903
1549760682 51.2591551955 201902091904
1549760742 50.5309160171 201902091905
1549760802 50.8121172840 201902091906
1549760862 50.8968381785 201902091907
1549760922 51.1437905732 201902091908
1549760982 50.8481687285 201902091909
1549761042 50.9022458952 201902091910
1549761102 50.8770098841 201902091911
1549761162 50.7814735562 201902091912
1549761222 50.6913449450 201902091913
1549761237 50.5633623171 201902091913
1549761297 50.4822465670 201902091914
1549761357 50.7147783839 201902091915
1549761417 50.6516883561 201902091916
1549761477 50.7346066784 201902091917
1549761537 50.6498857839 201902091918
1549761597 50.6120317672 201902091919
1549761657 50.9941770786 201902091920
1549761717 50.9761513564 201902091921
1549761777 50.7129758117 201902091922
1549761837 51.0788979731 201902091923
1549761852 50.7976967062 201902091924
1549761912 50.7021603784 201902091925
1549761972 51.1906574510 201902091926
1549762032 50.6949500895 201902091927
1549762092 50.9202716174 201902091928
1549762152 50.6120317672 201902091929
1549762212 50.4137488225 201902091930
1549762272 50.3794999503 201902091931
1549762332 51.2879963511 201902091932
1549762392 50.9346921952 201902091933
1549762452 50.7129758117 201902091934
1549762467 50.6931475172 201902091934
1549762527 50.6480832116 201902091935
1549762587 51.0158079453 201902091936
1549762647 51.2699706289 201902091937
1549762707 50.5291134449 201902091938
1549762767 51.1437905732 201902091939
1549762827 51.0031899397 201902091940
1549762887 50.9725462119 201902091941
1549762947 50.7526324006 201902091942
1549763007 50.4894568559 201902091943
1549763067 50.7490272562 201902091944
1549763080 50.9382973397 201902091944
1549763140 51.0049925120 201902091945
1549763200 50.5435340227 201902091946
1549763260 51.2050780288 201902091947
1549763320 50.8337481507 201902091948
1549763380 50.4389848337 201902091949
1549763440 51.2429320455 201902091950
1549763500 51.0933185509 201902091951
1549763560 50.7832761284 201902091952
1549763620 50.9058510396 201902091953
1549763680 51.0518593898 201902091954
1549763692 50.7922889895 201902091954
1549763752 50.5795854671 201902091955
1549763812 50.9058510396 201902091956
1549763872 50.8319455785 201902091957
1549763932 50.9707436397 201902091958
1549763992 50.7544349728 201902091959
1549764052 50.9869667897 201902092000
1549764112 50.9923745064 201902092001
1549764172 51.2501423344 201902092002
1549764232 50.6895423728 201902092003
1549764292 50.9959796508 201902092004
1549764307 50.9400999119 201902092005
1549764367 50.6679115061 201902092006
1549764427 50.1199295501 201902092007
1549764487 50.8716021674 201902092008
1549764547 50.8319455785 201902092009
1549764607 51.1329751398 201902092010
1549764667 50.6805295117 201902092011
1549764727 50.4389848337 201902092012
1549764787 50.8301430062 201902092013
1549764847 50.5002722893 201902092014
1549764907 50.5669674616 201902092015
1549764921 50.9094561841 201902092015
1549764981 50.6084266227 201902092016
1549765041 50.9797565008 201902092017
1549765101 50.5164954393 201902092018
1549765161 50.7021603784 201902092019
1549765221 50.9761513564 201902092020
1549765281 50.4714311337 201902092021
1549765341 50.7526324006 201902092022
1549765401 50.7165809561 201902092023
1549765461 50.8319455785 201902092024
1549765521 50.8697995952 201902092025
1549765535 50.9004433230 201902092025
1549765595 51.0698851120 201902092026
1549765655 50.9581256341 201902092027
1549765715 50.8752073118 201902092028
1549765775 50.6030189060 201902092029
1549765835 50.7328041062 201902092030
1549765895 50.6769243672 201902092031
1549765955 50.7580401173 201902092032
1549766015 50.9076536119 201902092033
1549766075 50.9707436397 201902092034
1549766135 50.2731481891 201902092035
1549766148 51.1870523066 201902092035
1549766208 50.9491127730 201902092036
1549766268 50.4155513948 201902092037
1549766328 51.1924600232 201902092038
1549766388 50.5561520282 201902092039
1549766448 50.8337481507 201902092040
1549766508 50.9022458952 201902092041
1549766568 50.8085121396 201902092042
1549766628 50.5453365949 201902092043
1549766688 51.0536619620 201902092044
1549766748 51.0662799676 201902092045
1549766761 51.0536619620 201902092046
1549766821 50.8499713007 201902092047
1549766881 50.1740067168 201902092048
1549766941 50.9328896230 201902092049
1549767001 50.2010453001 201902092050
1549767061 50.9833616453 201902092051
1549767121 50.8067095673 201902092052
1549767181 50.8193275729 201902092053
1549767241 51.2285114677 201902092054
1549767301 50.3344356447 201902092055
1549767361 50.6769243672 201902092056
1549767377 50.5597571727 201902092056
1549767437 50.8589841618 201902092057
1549767497 50.6805295117 201902092058
1549767557 50.3254227836 201902092059
1549767617 50.6084266227 201902092100
1549767677 50.4317745448 201902092101
1549767737 50.4732337059 201902092102
1549767797 51.1185545621 201902092103
1549767857 50.8716021674 201902092104
1549767917 50.3524613669 201902092105
1549767977 50.8409584396 201902092106
1549767992 51.2231037510 201902092106
1549768052 50.6967526617 201902092107
1549768112 51.0626748231 201902092108
1549768172 51.2321166122 201902092109
1549768232 50.7994992784 201902092110
1549768292 50.6282549172 201902092111
1549768352 51.0843056898 201902092112
1549768412 50.6516883561 201902092113
1549768472 50.6715166505 201902092114
1549768532 50.6715166505 201902092115
1549768592 51.1744343010 201902092116
1549768606 50.8770098841 201902092116
1549768666 50.6931475172 201902092117
1549768726 50.5705726060 201902092118
1549768786 0.0066191558 201902092119
1549768846 0.0012114391 201902092120
1549768906 51.1906574510 201902092121
1549768966 50.7940915618 201902092122
1549769026 50.9419024841 201902092123
1549769086 0.0012114391 201902092124
1549769146 50.7129758117 201902092125
1549769206 51.1167519898 201902092126
1549769223 51.0302285231 201902092127
1549769283 50.9184690452 201902092128
1549769343 51.1816445899 201902092129
1549769403 51.2591551955 201902092130
1549769463 50.8031044229 201902092131
1549769523 50.8301430062 201902092132
1549769583 50.5723751782 201902092133
1549769643 50.6733192228 201902092134
1549769703 51.1077391287 201902092135
1549769763 50.7976967062 201902092136
1549769823 50.7346066784 201902092137
1549769840 50.6138343394 201902092137
1549769900 51.0428465287 201902092138
1549769960 50.9400999119 201902092139
1549770020 50.7183835284 201902092140
1549770080 50.6769243672 201902092141
1549770140 50.5507443116 201902092142
1549770200 51.0572671064 201902092143
1549770260 50.9437050563 201902092144
1549770320 50.9563230619 201902092145
1549770380 50.8067095673 201902092146
1549770440 50.4714311337 201902092147
1549770458 50.8661944507 201902092147
1549770518 50.8337481507 201902092148
1549770578 51.1347777121 201902092149
1549770638 51.0897134065 201902092150
1549770698 50.5633623171 201902092151
1549770758 50.5976111894 201902092152
1549770818 51.0392413842 201902092153
1549770878 50.8734047396 201902092154
1549770938 51.0302285231 201902092155
1549770998 50.8211301451 201902092156
1549771058 50.9563230619 201902092157
1549771071 50.7364092506 201902092157
1549771131 50.8535764452 201902092158
1549771191 50.9779539286 201902092159
1549771251 50.8211301451 201902092200
1549771311 50.9346921952 201902092201
1549771371 50.6228472005 201902092202
1549771431 50.7976967062 201902092203
1549771491 50.7544349728 201902092204
1549771551 50.9400999119 201902092205
1549771611 50.9238767619 201902092206
1549771671 50.1343501279 201902092207
1549771683 50.6751217950 201902092208
1549771743 50.6931475172 201902092209
1549771803 50.7544349728 201902092210
1549771863 50.9527179175 201902092211
1549771923 50.7562375451 201902092212
1549771983 51.2267088955 201902092213
1549772043 50.6643063617 201902092214
1549772103 50.6949500895 201902092215
1549772163 50.8427610118 201902092216
1549772223 50.9076536119 201902092217
1549772283 50.6156369116 201902092218
1549772298 50.8301430062 201902092218
1549772358 51.1221597065 201902092219
1549772418 50.5309160171 201902092220
1549772478 50.9617307786 201902092221
1549772538 50.8860227452 201902092222
1549772598 50.8013018507 201902092223
1549772658 50.8643918785 201902092224
1549772718 51.0194130897 201902092225
1549772778 50.9851642175 201902092226
1549772838 50.7291989617 201902092227
1549772898 51.0662799676 201902092228
1549772913 50.6534909283 201902092228
1549772973 50.6715166505 201902092229
1549773033 50.7760658395 201902092230
1549773093 50.6336626338 201902092231
1549773153 50.7994992784 201902092232
1549773213 50.7237912450 201902092233
1549773273 51.0392413842 201902092234
1549773333 51.1528034343 201902092235
1549773393 50.7400143951 201902092236
1549773453 51.1564085788 201902092237
1549773513 50.8463661563 201902092238
1549773529 50.9437050563 201902092238
1549773589 50.9725462119 201902092239
1549773649 50.5237057282 201902092240
1549773709 50.6859372283 201902092241
1549773769 50.8986407508 201902092242
1549773829 50.7706581229 201902092243
1549773889 50.9563230619 201902092244
1549773949 50.0658523833 201902092245
1549774009 51.1239622787 201902092246
1549774069 50.2298864557 201902092247
1549774129 50.6228472005 201902092248
1549774144 50.9905719342 201902092249
1549774204 50.8824176007 201902092250
1549774264 50.8499713007 201902092251
1549774324 50.6859372283 201902092252
1549774384 50.9094561841 201902092253
1549774444 51.0554645342 201902092254
1549774504 50.5958086171 201902092255
1549774564 50.5327185893 201902092256
1549774624 50.8283404340 201902092257
1549774684 50.6048214783 201902092258
1549774744 50.7291989617 201902092259
1549774757 50.6877398006 201902092259
1549774817 51.1401854287 201902092300
1549774877 50.9166664730 201902092301
1549774937 50.7111732395 201902092302
1549774997 50.8355507229 201902092303
1549775057 50.9364947675 201902092304
1549775117 50.8409584396 201902092305
1549775177 51.2483397622 201902092306
1549775237 51.0266233786 201902092307
1549775297 50.8085121396 201902092308
1549775357 50.8770098841 201902092309
1549775370 51.2519449066 201902092309
1549775430 50.9527179175 201902092310
1549775490 51.0644773953 201902092311
1549775550 50.7364092506 201902092312
1549775610 50.6661089339 201902092313
1549775670 50.7255938173 201902092314
1549775730 50.9400999119 201902092315
1549775790 50.8175250007 201902092316
1549775850 50.8643918785 201902092317
1549775910 50.6372677783 201902092318
1549775970 50.9779539286 201902092319
1549775987 51.0716876842 201902092319
1549776047 51.0049925120 201902092320
1549776107 50.5363237338 201902092321
1549776167 50.8661944507 201902092322
1549776227 50.8842201730 201902092323
1549776287 50.8643918785 201902092324
1549776347 50.9419024841 201902092325
1549776407 50.2136633057 201902092326
1549776467 50.7706581229 201902092327
1549776527 50.7400143951 201902092328
1549776587 50.6625037894 201902092329
1549776604 50.8770098841 201902092330
1549776664 50.8013018507 201902092331
1549776724 51.0176105175 201902092332
1549776784 50.7273963895 201902092333
1549776844 50.5074825782 201902092334
1549776904 50.7922889895 201902092335
1549776964 50.7039629506 201902092336
1549777024 50.9040484674 201902092337
1549777084 51.2861937789 201902092338
1549777144 50.7382118228 201902092339
1549777204 50.2641353280 201902092340
1549777219 50.7778684118 201902092340
1549777279 50.5201005837 201902092341
1549777339 50.9689410675 201902092342
1549777399 50.4696285615 201902092343
1549777459 50.7003578061 201902092344
1549777519 51.0951211231 201902092345
1549777579 50.6697140783 201902092346
1549777639 51.2573526233 201902092347
1549777699 50.9473102008 201902092348
1549777759 50.8968381785 201902092349
1549777819 50.5453365949 201902092350
