1550123715 -1.0000000000 2019021323557
1550123771 51.1383828565 201902132356
1550123831 51.3096272178 201902132357
1550123891 49.9919469222 201902132358
1550123951 50.7724606951 201902132359
1550124011 51.1455931454 201902140000
1550124071 0.0138294447 201902140001
1550124131 0.0048165835 201902140002
1550124191 51.2861937789 201902140003
1550124251 50.8499713007 201902140004
1550124311 50.5525468838 201902140005
1550124330 51.1708291565 201902140005
1550124390 50.9094561841 201902140006
1550124450 51.2393269011 201902140007
1550124510 51.0933185509 201902140008
1550124570 50.2749507613 201902140009
1550124630 50.9292844786 201902140010
1550124690 50.8031044229 201902140011
1550124750 50.9256793341 201902140012
1550124810 51.2176960344 201902140013
1550124870 50.9761513564 201902140014
1550124930 51.1203571343 201902140015
1550124952 50.5128902949 201902140015
1550125012 51.1491982899 201902140016
1550125072 50.6949500895 201902140017
1550125132 50.6048214783 201902140018
1550125192 50.6102291949 201902140019
1550125252 50.5597571727 201902140020
1550125312 50.8211301451 201902140021
1550125372 51.1600137232 201902140022
1550125432 50.4624182726 201902140023
1550125492 51.0140053731 201902140024
1550125552 50.8842201730 201902140025
1550125607 50.7472246840 201902140026
1550125667 51.0158079453 201902140027
1550125727 50.9653359230 201902140028
1550125787 50.3326330725 201902140029
1550125847 50.8499713007 201902140030
1550125907 50.8589841618 201902140031
1550125967 50.6643063617 201902140032
1550126027 51.2447346177 201902140033
1550126087 50.6372677783 201902140034
1550126147 50.9148639008 201902140035
1550126207 50.6697140783 201902140036
1550126228 51.0338336675 201902140037
1550126288 51.2717732011 201902140038
1550126348 51.1510008621 201902140039
1550126408 50.4317745448 201902140040
1550126468 50.8589841618 201902140041
1550126528 50.3146073502 201902140042
1550126588 51.0482542453 201902140043
1550126648 51.0085976564 201902140044
1550126708 50.4047359614 201902140045
1550126768 51.0572671064 201902140046
1550126828 51.1942625955 201902140047
1550126851 50.8463661563 201902140047
1550126911 50.9941770786 201902140048
1550126971 50.9635333508 201902140049
1550127031 50.9076536119 201902140050
1550127091 51.0500568176 201902140051
1550127151 50.4389848337 201902140052
1550127211 50.8625893063 201902140053
1550127271 50.4353796892 201902140054
1550127331 50.9491127730 201902140055
1550127391 50.6805295117 201902140056
1550127451 50.5561520282 201902140057
1550127475 50.6534909283 201902140057
1550127535 51.1762368732 201902140058
1550127595 50.8175250007 201902140059
1550127655 50.8445635840 201902140100
1550127715 50.7886838451 201902140101
1550127775 50.7994992784 201902140102
1550127835 50.7075680950 201902140103
1550127895 50.9761513564 201902140104
1550127955 51.0518593898 201902140105
1550128015 50.7868812729 201902140106
1550128075 50.4768388504 201902140107
1550128094 50.5056800060 201902140108
1550128154 51.2916014955 201902140109
1550128214 51.1455931454 201902140110
1550128274 50.6607012172 201902140111
1550128334 50.7400143951 201902140112
1550128394 50.8625893063 201902140113
1550128454 50.7526324006 201902140114
1550128514 50.7508298284 201902140115
1550128574 51.0788979731 201902140116
1550128634 50.6733192228 201902140117
1550128694 51.0158079453 201902140118
1550128716 51.0626748231 201902140118
1550128776 51.0248208064 201902140119
1550128836 -0.0023937054 201902140120
1550128896 0.0066191558 201902140121
1550128956 -0.0114065665 201902140122
1550129016 -0.0078014220 201902140123
1550129076 0.0012114391 201902140124
1550129136 51.0987262676 201902140125
1550129196 50.7273963895 201902140126
1550129256 50.8175250007 201902140127
1550129316 50.8950356063 201902140128
1550129340 50.3614742281 201902140129
1550129400 51.0680825398 201902140130
1550129460 51.1077391287 201902140131
1550129520 51.1870523066 201902140132
1550129580 50.5543494560 201902140133
1550129640 50.5453365949 201902140134
1550129700 50.8968381785 201902140135
1550129760 50.9400999119 201902140136
1550129820 50.4912594282 201902140137
1550129880 50.5633623171 201902140138
1550129940 50.8932330341 201902140139
1550129961 50.4371822615 201902140139
1550130021 51.0807005454 201902140140
1550130081 51.1672240121 201902140141
1550130141 51.1816445899 201902140142
1550130201 51.2465371899 201902140143
1550130261 50.7868812729 201902140144
1550130321 51.0500568176 201902140145
1550130381 50.9761513564 201902140146
1550130441 50.7129758117 201902140147
1550130501 50.9310870508 201902140148
1550130561 51.1113442732 201902140149
1550130582 51.1780394454 201902140149
1550130642 50.7580401173 201902140150
1550130702 50.9887693619 201902140151
1550130762 50.5922034727 201902140152
1550130822 50.9527179175 201902140153
1550130882 51.0752928287 201902140154
1550130942 51.1834471621 201902140155
1550131002 51.3114297900 201902140156
1550131062 51.0140053731 201902140157
1550131122 50.9220741897 201902140158
1550131182 50.7219886728 201902140159
1550131207 50.8788124563 201902140200
1550131267 51.2339191844 201902140201
1550131327 51.3709146734 201902140202
1550131387 50.3758948058 201902140203
1550131447 50.5399288782 201902140204
1550131507 49.4421623939 201902140205
1550131567 51.1762368732 201902140206
1550131627 50.9617307786 201902140207
1550131687 50.7057655228 201902140208
1550131747 50.6138343394 201902140209
1550131807 50.5723751782 201902140210
1550131828 51.1528034343 201902140210
1550131888 50.8517738729 201902140211
1550131948 50.9382973397 201902140212
1550132008 50.8661944507 201902140213
1550132068 50.9220741897 201902140214
1550132128 51.1942625955 201902140215
1550132188 50.7057655228 201902140216
1550132248 50.6949500895 201902140217
1550132308 50.2280838835 201902140218
1550132368 51.1005288398 201902140219
1550132428 50.7490272562 201902140220
1550132453 50.4029333892 201902140220
1550132513 50.9004433230 201902140221
1550132573 51.1546060065 201902140222
1550132633 50.5363237338 201902140223
1550132693 50.6480832116 201902140224
1550132753 50.9202716174 201902140225
1550132813 51.1546060065 201902140226
1550132873 50.5940060449 201902140227
1550132933 50.9455076286 201902140228
1550132993 51.1906574510 201902140229
1550133053 50.6192420561 201902140230
1550133078 50.9094561841 201902140231
1550133138 50.6769243672 201902140232
1550133198 51.4069661179 201902140233
1550133258 50.7940915618 201902140234
1550133318 51.1383828565 201902140235
1550133378 50.8373532951 201902140236
1550133438 50.7688555506 201902140237
1550133498 50.1001012556 201902140238
1550133558 51.0067950842 201902140239
1550133618 51.1005288398 201902140240
1550133678 51.1942625955 201902140241
1550133698 50.9599282064 201902140241
1550133758 51.1654214399 201902140242
1550133818 50.8409584396 201902140243
1550133878 51.0807005454 201902140244
1550133938 50.9473102008 201902140245
1550133998 50.5561520282 201902140246
1550134058 51.3925455401 201902140247
1550134118 51.1167519898 201902140248
1550134178 51.0933185509 201902140249
1550134238 50.9743487842 201902140250
1550134298 51.1762368732 201902140251
1550134322 51.0933185509 201902140252
1550134382 50.6282549172 201902140253
1550134442 50.4245642559 201902140254
1550134502 51.0230182342 201902140255
1550134562 51.1636188677 201902140256
1550134622 51.1546060065 201902140257
1550134682 50.9473102008 201902140258
1550134742 50.7634478340 201902140259
1550134802 51.3438760900 201902140300
1550134862 50.3921179559 201902140301
1550134922 50.6607012172 201902140302
1550134948 51.0212156620 201902140302
1550135008 50.9923745064 201902140303
1550135068 50.8734047396 201902140304
1550135128 50.9779539286 201902140305
1550135188 50.7039629506 201902140306
1550135248 50.7273963895 201902140307
1550135308 50.4768388504 201902140308
1550135368 50.7886838451 201902140309
1550135428 50.7868812729 201902140310
1550135488 50.4696285615 201902140311
1550135548 50.6859372283 201902140312
1550135573 50.8860227452 201902140312
1550135633 51.0266233786 201902140313
1550135693 50.7850787007 201902140314
1550135753 50.2857661947 201902140315
1550135813 51.4358072734 201902140316
1550135873 50.9887693619 201902140317
1550135933 50.7021603784 201902140318
1550135993 50.8752073118 201902140319
1550136053 49.8675694387 201902140320
1550136113 51.0302285231 201902140321
1550136173 51.2483397622 201902140322
1550136196 50.5291134449 201902140323
1550136256 50.3650793725 201902140324
1550136316 50.5056800060 201902140325
1550136376 51.1167519898 201902140326
1550136436 50.8301430062 201902140327
1550136496 50.8031044229 201902140328
1550136556 51.0446491009 201902140329
1550136616 50.9491127730 201902140330
1550136676 51.5673950458 201902140331
1550136736 51.3294555122 201902140332
1550136796 51.5223307402 201902140333
1550136820 50.8409584396 201902140333
1550136880 51.2339191844 201902140334
1550136940 51.3943481123 201902140335
1550137000 51.2285114677 201902140336
1550137060 51.0031899397 201902140337
1550137120 50.8157224285 201902140338
1550137180 51.4159789790 201902140339
1550137240 51.2934040678 201902140340
1550137300 50.8716021674 201902140341
1550137360 51.5115153068 201902140342
1550137420 51.4970947291 201902140343
1550137441 50.9725462119 201902140344
1550137501 51.0969236954 201902140345
1550137561 51.5619873291 201902140346
1550137621 51.0734902565 201902140347
1550137681 51.2321166122 201902140348
1550137741 50.5687700338 201902140349
1550137801 50.8031044229 201902140350
1550137861 50.8878253174 201902140351
1550137921 50.5237057282 201902140352
1550137981 50.9310870508 201902140353
1550138041 50.7273963895 201902140354
1550138065 51.4123738345 201902140354
1550138125 51.2375243288 201902140355
1550138185 50.8643918785 201902140356
1550138245 50.9509153452 201902140357
1550138305 51.2627603400 201902140358
1550138365 51.3276529400 201902140359
1550138425 51.3078246456 201902140400
1550138485 51.0843056898 201902140401
1550138545 51.0861082620 201902140402
1550138605 50.9671384953 201902140403
1550138665 51.1329751398 201902140404
1550138690 51.0302285231 201902140404
1550138750 51.5493693235 201902140405
1550138810 51.0572671064 201902140406
1550138870 50.5417314504 201902140407
1550138930 50.6769243672 201902140408
1550138990 51.3006143567 201902140409
1550139050 50.8607867341 201902140410
1550139110 51.1383828565 201902140411
1550139170 50.5489417393 201902140412
1550139230 51.3258503678 201902140413
1550139290 51.0338336675 201902140414
1550139314 51.0392413842 201902140415
1550139374 51.2447346177 201902140416
1550139434 51.5673950458 201902140417
1550139494 51.6809570959 201902140418
1550139554 51.0716876842 201902140419
1550139614 50.7364092506 201902140420
1550139674 50.7706581229 201902140421
1550139734 51.1365802843 201902140422
1550139794 51.2447346177 201902140423
1550139854 51.1329751398 201902140424
1550139914 51.3150349345 201902140425
1550139935 50.9599282064 201902140425
1550139995 51.4141764068 201902140426
1550140055 50.9058510396 201902140427
1550140115 50.8878253174 201902140428
1550140175 51.2952066400 201902140429
1550140235 50.3596716558 201902140430
1550140295 51.3204426511 201902140431
1550140355 51.2970092122 201902140432
1550140415 51.1744343010 201902140433
1550140475 50.7760658395 201902140434
1550140535 51.4556355679 201902140435
1550140559 50.9815590730 201902140435
1550140619 50.8373532951 201902140436
1550140679 50.8571815896 201902140437
1550140739 51.1329751398 201902140438
1550140799 50.9689410675 201902140439
1550140859 50.8914304619 201902140440
1550140919 51.0662799676 201902140441
1550140979 50.7472246840 201902140442
1550141039 50.6228472005 201902140443
1550141099 50.8986407508 201902140444
1550141159 50.8806150285 201902140445
1550141180 50.6210446283 201902140446
1550141240 50.9382973397 201902140447
1550141300 51.0049925120 201902140448
1550141360 51.1708291565 201902140449
1550141420 51.0644773953 201902140450
1550141480 50.0658523833 201902140451
1550141540 50.8752073118 201902140452
1550141600 51.1473957176 201902140453
1550141660 50.9130613285 201902140454
1550141720 51.0410439564 201902140455
1550141780 51.2627603400 201902140456
1550141804 51.3186400789 201902140456
1550141864 51.8071371516 201902140457
1550141924 51.6737468070 201902140458
1550141984 51.1618162954 201902140459
1550142044 50.8499713007 201902140500
1550142104 51.2285114677 201902140501
1550142164 51.4213866957 201902140502
1550142224 51.4772664346 201902140503
1550142284 50.4389848337 201902140504
1550142344 50.8679970229 201902140505
1550142404 50.5507443116 201902140506
1550142428 51.0807005454 201902140507
1550142488 50.8517738729 201902140508
1550142548 51.2555500511 201902140509
1550142608 50.8571815896 201902140510
1550142668 51.1906574510 201902140511
1550142728 51.4664510013 201902140512
1550142788 51.0716876842 201902140513
1550142848 50.9400999119 201902140514
1550142908 50.7832761284 201902140515
1550142968 51.3168375067 201902140516
1550143028 51.1708291565 201902140517
1550143048 51.2086831732 201902140517
1550143108 51.1365802843 201902140518
1550143168 50.8986407508 201902140519
1550143228 50.5309160171 201902140520
1550143288 51.2140908899 201902140521
1550143348 51.0230182342 201902140522
1550143408 51.1816445899 201902140523
1550143468 50.5777828949 201902140524
1550143528 50.7922889895 201902140525
1550143588 51.4051635456 201902140526
1550143648 50.6552935005 201902140527
1550143670 51.2176960344 201902140527
1550143730 50.9058510396 201902140528
1550143790 50.4822465670 201902140529
1550143850 51.2429320455 201902140530
1550143910 50.8247352896 201902140531
1550143970 50.9869667897 201902140532
1550144030 50.7057655228 201902140533
1550144090 51.0392413842 201902140534
1550144150 51.0428465287 201902140535
1550144210 50.4786414226 201902140536
1550144270 51.2158934621 201902140537
1550144293 50.9238767619 201902140538
1550144353 50.8373532951 201902140539
1550144413 50.6841346561 201902140540
1550144473 50.9869667897 201902140541
1550144533 50.7904864173 201902140542
1550144593 50.9148639008 201902140543
1550144653 50.9761513564 201902140544
1550144713 50.5849931838 201902140545
1550144773 51.1852497343 201902140546
1550144833 50.5976111894 201902140547
1550144893 51.0680825398 201902140548
1550144912 51.0500568176 201902140548
1550144972 51.2429320455 201902140549
1550145032 50.7057655228 201902140550
1550145092 50.9112587563 201902140551
1550145152 51.1401854287 201902140552
1550145212 50.9869667897 201902140553
1550145272 51.2573526233 201902140554
1550145332 50.2407018891 201902140555
1550145392 51.1834471621 201902140556
1550145452 51.0987262676 201902140557
1550145512 50.9076536119 201902140558
1550145537 50.8499713007 201902140558
1550145597 50.9310870508 201902140559
1550145657 50.9761513564 201902140600
1550145717 50.9058510396 201902140601
1550145777 51.2321166122 201902140602
1550145837 51.3438760900 201902140603
1550145897 50.8139198562 201902140604
1550145957 50.8806150285 201902140605
1550146017 50.6787269394 201902140606
1550146077 51.1546060065 201902140607
1550146137 51.2447346177 201902140608
1550146153 50.8247352896 201902140609
1550146213 50.2767533335 201902140610
1550146273 -0.0005911331 201902140611
1550146333 -0.0005911331 201902140612
1550146393 -0.0005911331 201902140613
1550146453 -0.0005911331 201902140614
1550146513 -0.0005911331 201902140615
1550146573 51.0626748231 201902140616
1550146633 51.1582111510 201902140617
1550146693 51.4303995568 201902140618
1550146753 51.0807005454 201902140619
1550146767 50.9076536119 201902140619
1550146827 50.4461951226 201902140620
1550146887 51.3781249623 201902140621
1550146947 50.2947790558 201902140622
1550147007 51.2104857455 201902140623
1550147067 50.6174394838 201902140624
1550147127 50.7291989617 201902140625
1550147187 50.9310870508 201902140626
1550147247 50.6282549172 201902140627
1550147307 51.3186400789 201902140628
1550147367 50.8553790174 201902140629
1550147394 51.2122883177 201902140629
1550147454 51.1636188677 201902140630
1550147514 50.8319455785 201902140631
1550147574 50.7850787007 201902140632
1550147634 51.4087686901 201902140633
1550147694 51.3997558290 201902140634
1550147754 51.0554645342 201902140635
1550147814 50.9923745064 201902140636
1550147874 51.2988117844 201902140637
1550147934 50.7183835284 201902140638
1550147994 50.7003578061 201902140639
1550148021 50.5525468838 201902140640
1550148081 50.6534909283 201902140641
1550148141 51.3078246456 201902140642
1550148201 51.1329751398 201902140643
1550148261 50.5291134449 201902140644
1550148321 50.7814735562 201902140645
1550148381 51.2176960344 201902140646
1550148441 50.9545204897 201902140647
1550148501 50.9527179175 201902140648
1550148561 50.8697995952 201902140649
1550148621 51.0933185509 201902140650
1550148641 50.9382973397 201902140650
1550148701 51.0734902565 201902140651
1550148761 50.9437050563 201902140652
1550148821 50.7562375451 201902140653
1550148881 51.4808715790 201902140654
1550148941 51.2609577677 201902140655
1550149001 51.0915159787 201902140656
1550149061 50.7598426895 201902140657
1550149121 51.2663654844 201902140658
1550149181 50.8679970229 201902140659
1550149241 50.5705726060 201902140700
1550149262 50.7039629506 201902140701
1550149322 51.3258503678 201902140702
1550149382 51.0374388120 201902140703
1550149442 50.9310870508 201902140704
1550149502 51.0176105175 201902140705
1550149562 50.6354652061 201902140706
1550149622 51.1041339843 201902140707
1550149682 50.9310870508 201902140708
1550149742 50.9473102008 201902140709
1550149802 51.4970947291 201902140710
1550149862 51.3240477956 201902140711
1550149883 51.4412149901 201902140711
1550149943 51.2411294733 201902140712
1550150003 50.9689410675 201902140713
1550150063 50.6408729227 201902140714
1550150123 50.7436195395 201902140715
1550150183 50.9400999119 201902140716
1550150243 50.8427610118 201902140717
1550150303 50.9599282064 201902140718
1550150363 51.3132323622 201902140719
1550150423 50.8517738729 201902140720
1550150483 50.4732337059 201902140721
1550150504 51.1275674232 201902140721
1550150564 51.1942625955 201902140722
1550150624 50.9635333508 201902140723
1550150684 50.6048214783 201902140724
1550150744 50.8211301451 201902140725
1550150804 50.6120317672 201902140726
1550150864 50.8283404340 201902140727
1550150924 51.3348632289 201902140728
1550150984 50.7706581229 201902140729
1550151044 51.0933185509 201902140730
1550151104 51.0392413842 201902140731
1550151128 50.2839636224 201902140732
1550151188 51.2970092122 201902140733
1550151248 51.2573526233 201902140734
1550151308 51.2627603400 201902140735
1550151368 51.3637043845 201902140736
1550151428 50.8121172840 201902140737
1550151488 50.9004433230 201902140738
1550151548 50.8788124563 201902140739
1550151608 51.1744343010 201902140740
1550151668 51.4069661179 201902140741
1550151728 50.2659379002 201902140742
1550151754 50.6859372283 201902140742
1550151814 50.9761513564 201902140743
1550151874 51.2339191844 201902140744
1550151934 50.7922889895 201902140745
1550151994 51.3060220733 201902140746
1550152054 51.0897134065 201902140747
1550152114 51.0644773953 201902140748
1550152174 51.0356362398 201902140749
1550152234 50.9509153452 201902140750
1550152294 51.1113442732 201902140751
1550152354 51.1275674232 201902140752
1550152374 50.9184690452 201902140752
1550152434 51.4267944123 201902140753
1550152494 50.7418169673 201902140754
1550152554 50.9455076286 201902140755
1550152614 50.5435340227 201902140756
1550152674 50.8571815896 201902140757
1550152734 50.6823320839 201902140758
1550152794 50.8085121396 201902140759
1550152854 50.6643063617 201902140800
1550152914 50.9905719342 201902140801
1550152974 51.1582111510 201902140802
1550152999 51.0572671064 201902140803
1550153059 51.0266233786 201902140804
1550153119 51.2068806010 201902140805
1550153179 50.5940060449 201902140806
1550153239 51.0085976564 201902140807
1550153299 51.3456786623 201902140808
1550153359 50.6048214783 201902140809
1550153419 50.8463661563 201902140810
1550153479 50.9473102008 201902140811
1550153539 51.0428465287 201902140812
1550153599 50.6625037894 201902140813
1550153625 50.8049069951 201902140813
1550153685 51.0897134065 201902140814
1550153745 50.4714311337 201902140815
1550153805 50.9112587563 201902140816
1550153865 50.6498857839 201902140817
1550153925 51.1564085788 201902140818
1550153985 51.3348632289 201902140819
1550154045 50.3686845169 201902140820
1550154105 50.5020748615 201902140821
1550154165 50.6408729227 201902140822
1550154225 50.4660234170 201902140823
1550154246 50.7400143951 201902140824
1550154306 50.8013018507 201902140825
1550154366 50.8517738729 201902140826
1550154426 51.0915159787 201902140827
1550154486 50.7994992784 201902140828
1550154546 51.0680825398 201902140829
1550154606 50.9328896230 201902140830
1550154666 51.0825031176 201902140831
1550154726 51.2285114677 201902140832
1550154786 51.2861937789 201902140833
1550154846 51.3637043845 201902140834
1550154867 50.8535764452 201902140834
1550154927 50.7273963895 201902140835
1550154987 51.0428465287 201902140836
1550155047 51.4087686901 201902140837
1550155107 50.8103147118 201902140838
1550155167 51.0320310953 201902140839
1550155227 51.0897134065 201902140840
1550155287 50.9437050563 201902140841
1550155347 51.6304850736 201902140842
1550155407 50.6444780672 201902140843
1550155467 50.7382118228 201902140844
1550155490 51.2735757733 201902140844
1550155550 51.1023314120 201902140845
1550155610 51.0230182342 201902140846
1550155670 51.2465371899 201902140847
1550155730 50.8337481507 201902140848
1550155790 51.3258503678 201902140849
1550155850 51.1113442732 201902140850
1550155910 51.0897134065 201902140851
1550155970 51.2303140399 201902140852
1550156030 50.9310870508 201902140853
1550156090 51.2194986066 201902140854
1550156111 51.3240477956 201902140855
1550156171 51.5655924736 201902140856
1550156231 50.8878253174 201902140857
1550156291 51.2104857455 201902140858
1550156351 51.1636188677 201902140859
1550156411 50.8463661563 201902140900
1550156471 51.0987262676 201902140901
1550156531 50.7922889895 201902140902
1550156591 51.5980387736 201902140903
1550156651 51.1978677399 201902140904
1550156711 51.5115153068 201902140905
1550156732 51.6827596681 201902140905
1550156792 51.2231037510 201902140906
1550156852 51.2249063233 201902140907
1550156912 51.3979532567 201902140908
1550156972 51.1762368732 201902140909
1550157032 51.2032754566 201902140910
1550157092 51.0572671064 201902140911
1550157152 51.2717732011 201902140912
1550157212 51.3348632289 201902140913
1550157272 51.5097127346 201902140914
1550157332 50.9725462119 201902140915
1550157355 50.9977822231 201902140915
1550157415 51.2249063233 201902140916
1550157475 51.1546060065 201902140917
1550157535 51.6250773569 201902140918
1550157595 51.5836181958 201902140919
1550157655 51.6971802459 201902140920
1550157715 50.8229327174 201902140921
1550157775 50.8229327174 201902140922
1550157835 51.4574381401 201902140923
1550157895 51.1942625955 201902140924
1550157955 51.4628458568 201902140925
1550157973 51.3582966678 201902140926
1550158033 50.9815590730 201902140927
1550158093 51.2627603400 201902140928
1550158153 51.1708291565 201902140929
1550158213 51.0338336675 201902140930
1550158273 50.9689410675 201902140931
1550158333 51.3853352512 201902140932
1550158393 51.4051635456 201902140933
1550158453 50.4840491393 201902140934
1550158513 50.9671384953 201902140935
1550158573 51.4772664346 201902140936
1550158592 51.1744343010 201902140936
1550158652 50.9184690452 201902140937
1550158712 51.3510863789 201902140938
1550158772 51.0338336675 201902140939
1550158832 51.2735757733 201902140940
1550158892 51.3330606567 201902140941
1550158952 51.2303140399 201902140942
1550159012 51.2465371899 201902140943
1550159072 50.9364947675 201902140944
1550159132 51.0194130897 201902140945
1550159192 51.1942625955 201902140946
1550159214 51.0770954009 201902140946
1550159274 51.1744343010 201902140947
1550159334 51.4376098457 201902140948
1550159394 51.3889403956 201902140949
1550159454 49.8603591498 201902140950
1550159514 51.0320310953 201902140951
1550159574 51.0500568176 201902140952
1550159634 51.2555500511 201902140953
1550159694 51.3546915234 201902140954
1550159754 50.8968381785 201902140955
1550159814 51.1528034343 201902140956
1550159836 51.5295410291 201902140957
1550159896 50.7093706672 201902140958
1550159956 50.8824176007 201902140959
1550160016 50.5615597449 201902141000
1550160076 51.1275674232 201902141001
1550160136 51.4195841234 201902141002
1550160196 50.8824176007 201902141003
1550160256 50.7580401173 201902141004
1550160316 51.2465371899 201902141005
1550160376 50.7814735562 201902141006
1550160436 51.5277384569 201902141007
1550160454 51.3528889512 201902141007
1550160514 51.5277384569 201902141008
1550160574 50.6318600616 201902141009
1550160634 51.1744343010 201902141010
1550160694 51.1185545621 201902141011
1550160754 51.1383828565 201902141012
1550160814 50.9941770786 201902141013
1550160874 51.3420735178 201902141014
1550160934 51.5241333124 201902141015
1550160994 51.2753783455 201902141016
1550161054 51.4808715790 201902141017
1550161071 51.4123738345 201902141017
1550161131 51.1311725676 201902141018
1550161191 51.0122028009 201902141019
1550161251 51.0085976564 201902141020
1550161311 51.2753783455 201902141021
1550161371 51.0770954009 201902141022
1550161431 51.3546915234 201902141023
1550161491 50.9545204897 201902141024
1550161551 51.0897134065 201902141025
1550161611 51.0410439564 201902141026
1550161671 51.0518593898 201902141027
1550161694 50.8103147118 201902141028
1550161754 51.1203571343 201902141029
1550161814 51.0410439564 201902141030
1550161874 51.2122883177 201902141031
1550161934 51.4430175623 201902141032
1550161994 51.4249918401 201902141033
1550162054 51.5079101624 201902141034
1550162114 51.4538329957 201902141035
1550162174 50.7346066784 201902141036
1550162234 51.2447346177 201902141037
1550162294 51.2807860622 201902141038
1550162314 51.2681680566 201902141038
1550162374 50.6859372283 201902141039
1550162434 50.8824176007 201902141040
1550162494 51.4466227068 201902141041
1550162554 51.1347777121 201902141042
1550162614 51.0158079453 201902141043
1550162674 50.7652504062 201902141044
1550162734 51.6160644958 201902141045
1550162794 50.5128902949 201902141046
1550162854 50.6570960728 201902141047
1550162914 51.0122028009 201902141048
1550162935 50.9004433230 201902141048
1550162995 51.1185545621 201902141049
1550163055 50.7688555506 201902141050
1550163115 51.2501423344 201902141051
1550163175 51.3024169289 201902141052
1550163235 50.3362382169 201902141053
1550163295 51.1293699954 201902141054
1550163355 50.9635333508 201902141055
1550163415 50.9292844786 201902141056
1550163475 51.4484252790 201902141057
1550163535 51.1798420177 201902141058
1550163554 50.8661944507 201902141059
1550163614 51.3096272178 201902141100
1550163674 50.7003578061 201902141101
1550163734 51.0536619620 201902141102
1550163794 51.1726317288 201902141103
1550163854 51.4538329957 201902141104
1550163914 51.2699706289 201902141105
1550163974 51.2158934621 201902141106
1550164034 50.6156369116 201902141107
1550164094 50.7652504062 201902141108
1550164154 50.8049069951 201902141109
1550164173 50.6805295117 201902141109
1550164233 49.0275707824 201902141110
1550164293 50.1722041446 201902141111
1550164353 50.1055089723 201902141112
1550164413 50.5074825782 201902141113
1550164473 49.9342646110 201902141114
1550164533 50.0514318056 201902141115
1550164593 50.5831906116 201902141116
1550164653 50.3091996336 201902141117
1550164713 50.4029333892 201902141118
1550164773 49.8477411443 201902141119
1550164795 50.1469681334 201902141119
1550164855 50.0784703889 201902141120
1550164915 50.1631912834 201902141121
1550164975 49.9991572111 201902141122
1550165035 49.5827630274 201902141123
1550165095 48.9861116213 201902141124
1550165155 49.0978710992 201902141125
1550165215 49.0455965047 201902141126
1550165275 48.8310904100 201902141127
1550165335 50.5940060449 201902141128
1550165395 51.2501423344 201902141129
1550165418 50.7490272562 201902141130
1550165478 51.2663654844 201902141131
1550165538 51.3168375067 201902141132
1550165598 50.9779539286 201902141133
1550165658 51.3240477956 201902141134
1550165718 51.3979532567 201902141135
1550165778 51.0879108343 201902141136
1550165838 51.1329751398 201902141137
1550165898 51.4195841234 201902141138
1550165958 51.2483397622 201902141139
1550166018 50.6913449450 201902141140
1550166066 51.0536619620 201902141141
1550166126 51.5764079069 201902141142
1550166186 51.4916870124 201902141143
1550166246 51.2429320455 201902141144
1550166306 50.4750362782 201902141145
1550166366 51.4736612901 201902141146
1550166426 50.8229327174 201902141147
1550166486 50.7562375451 201902141148
1550166546 51.2194986066 201902141149
1550166606 51.0482542453 201902141150
1550166666 50.9977822231 201902141151
1550166687 51.4682535735 201902141151
1550166747 51.1906574510 201902141152
1550166807 51.0085976564 201902141153
1550166867 50.7922889895 201902141154
1550166927 51.4231892679 201902141155
1550166987 51.0897134065 201902141156
1550167047 51.0879108343 201902141157
1550167107 50.6084266227 201902141158
1550167167 51.4754638624 201902141159
1550167227 51.0049925120 201902141200
1550167287 51.2717732011 201902141201
1550167308 51.2537474788 201902141201
1550167368 50.9328896230 201902141202
1550167428 50.7291989617 201902141203
1550167488 50.8625893063 201902141204
1550167548 50.7706581229 201902141205
1550167608 51.4033609734 201902141206
1550167668 50.8013018507 201902141207
1550167728 51.1059365565 201902141208
1550167788 51.2609577677 201902141209
1550167848 51.0752928287 201902141210
1550167908 51.0013873675 201902141211
1550167933 51.0770954009 201902141212
1550167993 50.3831050947 201902141213
1550168053 50.7976967062 201902141214
1550168113 50.7147783839 201902141215
1550168173 51.3204426511 201902141216
1550168233 51.5205281680 201902141217
1550168293 50.8391558674 201902141218
1550168353 51.0067950842 201902141219
1550168413 50.1776118612 201902141220
1550168473 50.8031044229 201902141221
1550168533 50.5471391671 201902141222
1550168552 50.9004433230 201902141222
1550168612 50.5381263060 201902141223
1550168672 50.7454221117 201902141224
1550168732 51.1816445899 201902141225
1550168792 50.5038774337 201902141226
1550168852 50.4912594282 201902141227
1550168912 50.6841346561 201902141228
1550168972 50.7598426895 201902141229
1550169032 51.0987262676 201902141230
1550169092 51.1419880010 201902141231
1550169152 51.0248208064 201902141232
1550169175 50.6048214783 201902141232
1550169235 50.7706581229 201902141233
1550169295 50.7219886728 201902141234
1550169355 50.4822465670 201902141235
1550169415 50.7346066784 201902141236
1550169475 50.3542639392 201902141237
1550169535 50.8247352896 201902141238
1550169595 51.0374388120 201902141239
1550169655 50.9563230619 201902141240
1550169715 50.8049069951 201902141241
1550169775 51.0302285231 201902141242
1550169797 50.7796709840 201902141243
1550169857 50.8842201730 201902141244
1550169917 50.5399288782 201902141245
1550169977 50.5615597449 201902141246
1550170037 50.8932330341 201902141247
1550170097 50.9058510396 201902141248
1550170157 50.9689410675 201902141249
1550170217 50.4011308170 201902141250
1550170277 50.7111732395 201902141251
1550170337 50.8067095673 201902141252
1550170397 51.2447346177 201902141253
1550170417 50.8824176007 201902141253
1550170477 50.5705726060 201902141254
1550170537 51.1275674232 201902141255
1550170597 50.8806150285 201902141256
1550170657 50.7183835284 201902141257
1550170717 50.8716021674 201902141258
1550170777 50.9941770786 201902141259
1550170837 50.7796709840 201902141300
1550170897 50.5922034727 201902141301
1550170957 50.5958086171 201902141302
1550171017 0.0012114391 201902141303
1550171039 -0.0078014220 201902141303
1550171099 50.6625037894 201902141304
1550171159 50.7544349728 201902141305
1550171219 51.0879108343 201902141306
1550171279 50.9671384953 201902141307
1550171339 50.2767533335 201902141308
1550171399 50.5273108726 201902141309
1550171459 50.5417314504 201902141310
1550171519 50.2298864557 201902141311
1550171579 50.2388993168 201902141312
1550171639 50.4534054115 201902141313
1550171663 50.9364947675 201902141314
1550171723 50.5958086171 201902141315
1550171783 51.0356362398 201902141316
1550171843 51.0716876842 201902141317
1550171903 50.8499713007 201902141318
1550171963 51.3060220733 201902141319
1550172023 50.7328041062 201902141320
1550172083 50.7346066784 201902141321
1550172143 50.9815590730 201902141322
1550172203 50.3596716558 201902141323
1550172263 50.8031044229 201902141324
1550172285 50.9220741897 201902141324
1550172345 51.1149494176 201902141325
1550172405 51.0338336675 201902141326
1550172465 50.9419024841 201902141327
1550172525 51.0626748231 201902141328
1550172585 51.4700561457 201902141329
1550172645 50.9256793341 201902141330
1550172705 51.2735757733 201902141331
1550172765 51.8017294349 201902141332
1550172825 50.7724606951 201902141333
1550172885 51.2032754566 201902141334
1550172910 50.6913449450 201902141335
1550172970 50.7418169673 201902141336
1550173030 50.9004433230 201902141337
1550173090 50.4245642559 201902141338
1550173150 50.8103147118 201902141339
1550173210 50.9130613285 201902141340
1550173270 51.0770954009 201902141341
1550173330 50.9455076286 201902141342
1550173390 51.0518593898 201902141343
1550173450 51.1618162954 201902141344
1550173510 51.5385538902 201902141345
1550173533 51.4898844402 201902141345
1550173593 50.9743487842 201902141346
1550173653 51.8377808794 201902141347
1550173713 51.2681680566 201902141348
1550173773 51.6593262292 201902141349
1550173833 51.5800130514 201902141350
1550173893 51.4682535735 201902141351
1550173953 51.4285969846 201902141352
1550174013 51.5493693235 201902141353
1550174073 51.4520304235 201902141354
1550174133 51.2555500511 201902141355
1550174157 51.8558066016 201902141355
1550174217 51.2194986066 201902141356
1550174277 51.3889403956 201902141357
1550174337 50.9923745064 201902141358
1550174397 51.2231037510 201902141359
1550174457 51.5475667513 201902141400
1550174517 51.4538329957 201902141401
1550174577 51.4340047012 201902141402
1550174637 51.0500568176 201902141403
1550174697 50.9743487842 201902141404
1550174757 51.3961506845 201902141405
1550174783 51.5764079069 201902141406
1550174843 51.1942625955 201902141407
1550174903 51.0752928287 201902141408
1550174963 49.8369257109 201902141409
1550175023 51.1834471621 201902141410
1550175083 51.0969236954 201902141411
1550175143 51.2339191844 201902141412
1550175203 51.3510863789 201902141413
1550175263 51.7079956792 201902141414
1550175323 51.5457641791 201902141415
1550175383 50.6985552339 201902141416
1550175406 51.2970092122 201902141416
1550175466 51.1221597065 201902141417
1550175526 51.4556355679 201902141418
1550175586 51.0374388120 201902141419
1550175646 51.3564940956 201902141420
1550175706 51.0446491009 201902141421
1550175766 51.4123738345 201902141422
1550175826 51.1978677399 201902141423
1550175886 51.0049925120 201902141424
1550175946 51.0933185509 201902141425
1550176006 50.8788124563 201902141426
1550176029 51.2483397622 201902141427
1550176089 50.9851642175 201902141428
1550176149 50.9130613285 201902141429
1550176209 51.2591551955 201902141430
1550176269 51.6971802459 201902141431
1550176329 51.4538329957 201902141432
1550176389 50.8770098841 201902141433
1550176449 51.4015584012 201902141434
1550176509 51.4592407124 201902141435
1550176569 50.4750362782 201902141436
1550176629 51.2483397622 201902141437
1550176663 51.5908284847 201902141437
1550176723 51.6268799292 201902141438
1550176783 50.7688555506 201902141439
1550176843 51.0518593898 201902141440
1550176903 51.5764079069 201902141441
1550176963 50.9941770786 201902141442
1550177023 51.1816445899 201902141443
1550177083 51.0067950842 201902141444
1550177143 50.7742632673 201902141445
1550177203 51.7224162570 201902141446
1550177263 51.5421590347 201902141447
1550177287 51.1546060065 201902141448
1550177347 51.0158079453 201902141449
1550177407 51.0770954009 201902141450
1550177467 50.9076536119 201902141451
1550177527 51.0104002286 201902141452
1550177587 51.3150349345 201902141453
1550177647 51.0338336675 201902141454
1550177707 51.3042195011 201902141455
1550177767 50.7616452617 201902141456
1550177827 51.1311725676 201902141457
1550177887 51.0410439564 201902141458
1550177916 51.3060220733 201902141458
1550177976 51.3925455401 201902141459
1550178036 51.2122883177 201902141500
1550178096 51.4934895846 201902141501
1550178156 51.4574381401 201902141502
1550178216 49.7485996720 201902141503
1550178276 0.0066191558 201902141504
1550178336 50.4083411059 201902141505
1550178396 51.7476522682 201902141506
1550178456 51.3835326790 201902141507
1550178516 51.4772664346 201902141508
1550178538 51.5818156236 201902141508
1550178598 51.3727172456 201902141509
1550178658 51.5691976180 201902141510
1550178718 51.3438760900 201902141511
1550178778 51.0608722509 201902141512
1550178838 50.9689410675 201902141513
1550178898 51.4700561457 201902141514
1550178958 50.6859372283 201902141515
1550179018 50.9112587563 201902141516
1550179078 51.1906574510 201902141517
1550179138 51.0320310953 201902141518
1550179161 50.9779539286 201902141519
1550179221 51.1564085788 201902141520
1550179281 51.4610432846 201902141521
1550179341 50.8535764452 201902141522
1550179401 51.3096272178 201902141523
1550179461 51.0104002286 201902141524
1550179521 51.2934040678 201902141525
1550179581 51.0104002286 201902141526
1550179641 51.4574381401 201902141527
1550179701 51.2825886344 201902141528
1550179761 50.8211301451 201902141529
1550179786 51.3294555122 201902141529
1550179846 51.0590696787 201902141530
1550179906 51.5836181958 201902141531
1550179966 51.6629313736 201902141532
1550180026 49.4890292717 201902141533
1550180086 51.7638754182 201902141534
1550180146 51.3222452233 201902141535
1550180206 51.0500568176 201902141536
1550180266 51.7494548404 201902141537
1550180326 51.3312580845 201902141538
1550180386 51.4466227068 201902141539
1550180408 51.1726317288 201902141540
1550180468 51.1636188677 201902141541
1550180528 51.3312580845 201902141542
1550180588 50.9743487842 201902141543
1550180648 51.4466227068 201902141544
1550180708 0.0012114391 201902141545
1550180768 51.2483397622 201902141546
1550180828 51.3961506845 201902141547
1550180888 51.5854207680 201902141548
1550180948 51.0212156620 201902141549
1550181008 51.5006998735 201902141550
1550181029 51.6106567792 201902141550
1550181089 51.1780394454 201902141551
1550181149 50.8337481507 201902141552
1550181209 50.3326330725 201902141553
1550181269 51.4628458568 201902141554
1550181329 50.7291989617 201902141555
1550181389 0.0048165835 201902141556
1550181449 0.0048165835 201902141557
1550181509 0.0048165835 201902141558
1550181569 51.1816445899 201902141559
1550181629 50.6751217950 201902141600
1550181644 50.8589841618 201902141600
1550181704 50.8607867341 201902141601
1550181764 50.6949500895 201902141602
1550181824 51.3835326790 201902141603
1550181884 51.0176105175 201902141604
1550181944 51.3204426511 201902141605
1550182004 51.3456786623 201902141606
1550182064 51.0536619620 201902141607
1550182124 51.2375243288 201902141608
1550182184 51.1762368732 201902141609
1550182244 50.8229327174 201902141610
1550182269 51.2970092122 201902141611
1550182329 51.0085976564 201902141612
1550182389 50.9833616453 201902141613
1550182449 50.5940060449 201902141614
1550182509 51.3528889512 201902141615
1550182569 51.0933185509 201902141616
1550182629 50.8824176007 201902141617
1550182689 50.9166664730 201902141618
1550182749 51.4844767235 201902141619
1550182809 51.0807005454 201902141620
1550182869 51.6016439180 201902141621
1550182886 51.3258503678 201902141621
1550182946 51.1347777121 201902141622
1550183006 50.0279983666 201902141623
1550183066 51.3042195011 201902141624
1550183126 51.0428465287 201902141625
1550183186 51.5547770402 201902141626
1550183246 51.2393269011 201902141627
1550183306 50.8319455785 201902141628
1550183366 50.2731481891 201902141629
1550183426 51.9495403572 201902141630
1550183486 51.3006143567 201902141631
1550183503 51.5710001902 201902141631
1550183563 50.9833616453 201902141632
1550183623 51.3006143567 201902141633
1550183683 51.5493693235 201902141634
1550183743 51.0897134065 201902141635
1550183803 50.8625893063 201902141636
1550183863 51.0608722509 201902141637
1550183923 51.5133178791 201902141638
1550183983 50.9815590730 201902141639
1550184043 50.9238767619 201902141640
1550184103 51.7638754182 201902141641
1550184125 51.0608722509 201902141642
1550184185 50.7634478340 201902141643
1550184245 51.0122028009 201902141644
1550184305 51.3907429679 201902141645
1550184365 51.2501423344 201902141646
1550184425 50.3903153836 201902141647
1550184485 50.8175250007 201902141648
1550184545 51.0825031176 201902141649
1550184605 51.4195841234 201902141650
1550184665 51.7530599848 201902141651
1550184725 50.6066240505 201902141652
1550184748 50.7940915618 201902141652
1550184808 50.9491127730 201902141653
1550184868 51.6088542069 201902141654
1550184928 51.2537474788 201902141655
1550184988 50.9545204897 201902141656
1550185048 51.0500568176 201902141657
1550185108 51.3456786623 201902141658
1550185168 51.2681680566 201902141659
1550185228 51.7079956792 201902141700
1550185288 50.7958941340 201902141701
1550185348 51.4790690068 201902141702
1550185368 50.9941770786 201902141702
1550185428 51.0266233786 201902141703
1550185488 51.7728882793 201902141704
1550185548 51.3348632289 201902141705
1550185608 51.3078246456 201902141706
1550185668 51.6593262292 201902141707
1550185728 51.1329751398 201902141708
1550185788 51.2050780288 201902141709
1550185848 51.5475667513 201902141710
1550185908 50.9040484674 201902141711
1550185968 50.8103147118 201902141712
1550185991 51.3655069567 201902141713
1550186051 50.7219886728 201902141714
1550186111 51.5025024457 201902141715
1550186171 51.4484252790 201902141716
1550186231 51.2032754566 201902141717
1550186291 51.2699706289 201902141718
1550186351 51.0608722509 201902141719
1550186411 51.0554645342 201902141720
1550186471 51.8828451850 201902141721
1550186531 51.2699706289 201902141722
1550186591 51.1347777121 201902141723
1550186614 50.3596716558 201902141723
1550186674 51.3961506845 201902141724
1550186734 51.2447346177 201902141725
1550186794 50.9707436397 201902141726
1550186854 50.9977822231 201902141727
1550186914 51.3276529400 201902141728
1550186974 51.5151204513 201902141729
1550187034 51.1780394454 201902141730
1550187094 50.5092851504 201902141731
1550187154 51.4430175623 201902141732
1550187214 51.3564940956 201902141733
1550187235 50.7346066784 201902141733
1550187295 51.3673095289 201902141734
1550187355 51.2411294733 201902141735
1550187415 51.7422445515 201902141736
1550187475 51.3907429679 201902141737
1550187535 51.0518593898 201902141738
1550187595 51.1023314120 201902141739
1550187655 50.6643063617 201902141740
1550187715 50.9130613285 201902141741
1550187775 51.4141764068 201902141742
1550187835 51.5187255957 201902141743
1550187857 51.4700561457 201902141744
1550187917 51.5421590347 201902141745
1550187977 51.3817301067 201902141746
1550188037 51.7674805626 201902141747
1550188097 51.3042195011 201902141748
1550188157 51.0374388120 201902141749
1550188217 51.5061075902 201902141750
1550188277 50.8535764452 201902141751
1550188337 50.7255938173 201902141752
1550188397 50.8607867341 201902141753
1550188457 50.5615597449 201902141754
1550188481 51.4394124179 201902141754
1550188541 51.5565796124 201902141755
1550188601 51.3871378234 201902141756
1550188661 51.3510863789 201902141757
1550188721 50.3813025225 201902141758
1550188781 51.3582966678 201902141759
1550188841 51.3348632289 201902141800
1550188901 51.2789834900 201902141801
1550188961 50.9671384953 201902141802
1550189021 51.5187255957 201902141803
1550189081 51.1546060065 201902141804
1550189101 51.1257648510 201902141805
1550189161 51.0140053731 201902141806
1550189221 50.6444780672 201902141807
1550189281 50.8139198562 201902141808
1550189341 51.4322021290 201902141809
1550189401 50.8103147118 201902141810
1550189461 51.5746053347 201902141811
1550189521 50.9995847953 201902141812
1550189581 50.9527179175 201902141813
1550189641 51.4033609734 201902141814
1550189701 51.5331461735 201902141815
1550189728 51.6647339459 201902141815
1550189788 50.7021603784 201902141816
1550189848 51.1690265843 201902141817
1550189908 51.2735757733 201902141818
1550189968 50.9437050563 201902141819
1550190028 51.3168375067 201902141820
1550190088 51.0194130897 201902141821
1550190148 51.4898844402 201902141822
1550190208 50.6426754950 201902141823
1550190268 51.3078246456 201902141824
1550190328 51.2627603400 201902141825
1550190354 51.3979532567 201902141825
1550190414 51.4844767235 201902141826
1550190474 50.4822465670 201902141827
1550190534 51.6521159403 201902141828
1550190594 50.9959796508 201902141829
1550190654 51.3997558290 201902141830
1550190714 50.8157224285 201902141831
1550190774 50.9238767619 201902141832
1550190834 50.5669674616 201902141833
1550190894 50.5777828949 201902141834
1550190954 50.6985552339 201902141835
1550190974 51.0122028009 201902141836
1550191034 51.3564940956 201902141837
1550191094 51.0644773953 201902141838
1550191154 51.0825031176 201902141839
1550191214 51.0104002286 201902141840
1550191274 51.2970092122 201902141841
1550191334 50.6408729227 201902141842
1550191394 51.1726317288 201902141843
1550191454 51.3168375067 201902141844
1550191514 51.2591551955 201902141845
1550191574 51.1888548788 201902141846
1550191593 51.2952066400 201902141846
1550191653 51.0626748231 201902141847
1550191713 51.5241333124 201902141848
1550191773 50.9364947675 201902141849
1550191833 51.2807860622 201902141850
1550191893 51.1473957176 201902141851
1550191953 51.1401854287 201902141852
1550192013 51.5583821847 201902141853
1550192073 51.1383828565 201902141854
1550192133 51.2104857455 201902141855
1550192193 50.8157224285 201902141856
1550192215 51.4610432846 201902141856
1550192275 51.3925455401 201902141857
1550192335 51.0067950842 201902141858
1550192395 51.6088542069 201902141859
1550192455 51.1491982899 201902141900
1550192515 51.6034464903 201902141901
1550192575 51.7116008237 201902141902
1550192635 50.6715166505 201902141903
1550192695 50.8752073118 201902141904
1550192755 51.6304850736 201902141905
1550192815 51.1636188677 201902141906
1550192835 51.3366658011 201902141907
1550192895 51.2753783455 201902141908
1550192955 51.3132323622 201902141909
1550193015 51.2231037510 201902141910
1550193075 50.7760658395 201902141911
1550193135 51.4826741513 201902141912
1550193195 51.0230182342 201902141913
1550193255 50.4570105559 201902141914
1550193315 51.4303995568 201902141915
1550193375 51.2176960344 201902141916
1550193435 51.4177815512 201902141917
1550193454 51.5619873291 201902141917
1550193514 50.8427610118 201902141918
1550193574 51.7170085404 201902141919
1550193634 51.7007853903 201902141920
1550193694 51.4844767235 201902141921
1550193754 51.6268799292 201902141922
1550193814 51.2771809178 201902141923
1550193874 50.7111732395 201902141924
1550193934 51.3078246456 201902141925
1550193994 50.5867957560 201902141926
1550194054 51.0770954009 201902141927
1550194072 50.7868812729 201902141927
1550194132 50.8157224285 201902141928
1550194192 51.1636188677 201902141929
1550194252 51.2952066400 201902141930
1550194312 51.3673095289 201902141931
1550194372 51.7746908515 201902141932
1550194432 51.1942625955 201902141933
1550194492 51.5259358846 201902141934
1550194552 51.0230182342 201902141935
1550194612 51.8125448682 201902141936
1550194672 51.4267944123 201902141937
1550194689 51.2339191844 201902141938
1550194749 51.7999268627 201902141939
1550194809 51.5836181958 201902141940
1550194869 51.6268799292 201902141941
1550194929 51.6971802459 201902141942
1550194989 51.1546060065 201902141943
1550195049 51.1185545621 201902141944
1550195109 51.4808715790 201902141945
1550195169 51.3691121012 201902141946
1550195229 51.5097127346 201902141947
1550195289 51.5511718958 201902141948
1550195349 51.5421590347 201902141949
1550195372 51.7476522682 201902141949
1550195432 50.5561520282 201902141950
1550195492 50.9166664730 201902141951
1550195552 50.9905719342 201902141952
1550195612 51.3763223901 201902141953
1550195672 51.3384683734 201902141954
1550195732 51.2537474788 201902141955
1550195792 51.3348632289 201902141956
1550195852 50.7255938173 201902141957
1550195912 51.1582111510 201902141958
1550195972 51.4087686901 201902141959
1550195996 51.1041339843 201902141959
1550196056 51.4718587179 201902142000
1550196116 51.4448201346 201902142001
1550196176 51.3907429679 201902142002
1550196236 51.0374388120 201902142003
1550196296 51.2231037510 201902142004
1550196356 51.5836181958 201902142005
1550196416 51.8449911683 201902142006
1550196476 51.3006143567 201902142007
1550196536 51.2825886344 201902142008
1550196596 51.3222452233 201902142009
1550196656 51.4574381401 201902142010
1550196716 51.4340047012 201902142011
1550196745 51.0049925120 201902142012
1550196805 51.4358072734 201902142013
1550196865 51.3727172456 201902142014
1550196925 50.9220741897 201902142015
1550196985 51.4646484290 201902142016
1550197045 51.1672240121 201902142017
1550197105 -0.0041962776 201902142018
1550197165 0.0048165835 201902142019
1550197225 0.0066191558 201902142020
1550197285 51.0734902565 201902142021
1550197345 51.6773519514 201902142022
1550197368 51.6394979347 201902142022
1550197428 51.3492838067 201902142023
1550197488 51.9080811961 201902142024
1550197548 51.1834471621 201902142025
1550197608 51.0356362398 201902142026
1550197668 50.9905719342 201902142027
1550197728 51.3853352512 201902142028
1550197788 51.5764079069 201902142029
1550197848 51.4916870124 201902142030
1550197908 51.1762368732 201902142031
1550197968 51.1005288398 201902142032
1550197989 51.6358927903 201902142033
1550198049 51.4285969846 201902142034
1550198109 51.6358927903 201902142035
1550198169 51.2321166122 201902142036
1550198229 51.4159789790 201902142037
1550198289 51.7061931070 201902142038
1550198349 51.5619873291 201902142039
1550198409 50.9815590730 201902142040
1550198469 51.5151204513 201902142041
1550198529 -0.0005911331 201902142042
1550198589 51.5061075902 201902142043
1550198609 51.0698851120 201902142043
1550198669 51.4988973013 201902142044
1550198729 51.0464516731 201902142045
1550198789 51.6989828181 201902142046
1550198849 51.0843056898 201902142047
1550198909 51.6286825014 201902142048
1550198969 51.6034464903 201902142049
1550199029 51.0338336675 201902142050
1550199089 50.9202716174 201902142051
1550199149 50.9509153452 201902142052
1550199209 50.6841346561 201902142053
1550199470 51.1275674232 201902142057
1550199530 51.3600992400 201902142058
1550199590 51.1888548788 201902142059
1550199650 51.7422445515 201902142100
1550199710 51.5331461735 201902142101
1550199770 51.4556355679 201902142102
1550199830 51.4159789790 201902142103
1550199841 51.5439616069 201902142104
1550199901 51.0374388120 201902142105
1550199961 51.4988973013 201902142106
1550200021 51.2681680566 201902142107
1550200081 51.3132323622 201902142108
1550200141 51.0897134065 201902142109
1550200201 51.6449056514 201902142110
1550200261 51.4267944123 201902142111
1550200321 51.4682535735 201902142112
1550200381 51.4664510013 201902142113
1550200441 52.1045615685 201902142114
1550200463 51.3096272178 201902142114
1550200523 51.7620728460 201902142115
1550200583 50.7526324006 201902142116
1550200643 51.2357217566 201902142117
1550200703 51.0464516731 201902142118
1550200763 50.7940915618 201902142119
1550200823 50.8337481507 201902142120
1550200883 51.7296265459 201902142121
1550200943 51.4285969846 201902142122
1550201003 51.6232747847 201902142123
1550201063 50.8175250007 201902142124
1550201086 51.4664510013 201902142124
1550201146 50.7598426895 201902142125
1550201206 51.5331461735 201902142126
1550201266 51.0104002286 201902142127
1550201326 51.5061075902 201902142128
1550201386 51.5403564624 201902142129
1550201446 51.3727172456 201902142130
1550201506 51.1510008621 201902142131
1550201566 51.6557210848 201902142132
1550201626 51.2879963511 201902142133
1550201686 51.1041339843 201902142134
1550201706 51.1726317288 201902142135
1550201766 50.7868812729 201902142136
1550201826 51.6953776737 201902142137
1550201886 51.0176105175 201902142138
1550201946 51.3979532567 201902142139
1550202006 51.5836181958 201902142140
1550202066 50.9977822231 201902142141
1550202126 51.1852497343 201902142142
1550202186 51.4448201346 201902142143
1550202246 51.7800985682 201902142144
1550202306 51.2897989233 201902142145
1550202345 51.2050780288 201902142145
1550202405 51.8576091738 201902142146
1550202465 51.7945191460 201902142147
1550202525 51.8900554738 201902142148
1550202585 51.4502278512 201902142149
1550202645 51.4303995568 201902142150
1550202705 51.4520304235 201902142151
1550202765 51.3510863789 201902142152
1550202825 51.1257648510 201902142153
1550202885 51.5115153068 201902142154
1550202945 50.7742632673 201902142155
1550202969 51.2375243288 201902142156
1550203029 51.5908284847 201902142157
1550203089 51.5277384569 201902142158
1550203149 51.6106567792 201902142159
1550203209 51.3474812345 201902142200
1550203269 50.8878253174 201902142201
1550203329 51.6557210848 201902142202
1550203389 52.0631024073 201902142203
1550203449 51.4376098457 201902142204
1550203509 50.9400999119 201902142205
1550203569 51.4231892679 201902142206
1550203592 51.5349487458 201902142206
1550203652 51.6124593514 201902142207
1550203712 51.3276529400 201902142208
1550203772 51.7332316904 201902142209
1550203832 51.5025024457 201902142210
1550203892 51.2158934621 201902142211
1550203952 51.7512574126 201902142212
1550204012 51.5872233402 201902142213
1550204072 51.1906574510 201902142214
1550204132 51.0644773953 201902142215
1550204192 51.4574381401 201902142216
1550204215 51.4231892679 201902142216
1550204275 51.1383828565 201902142217
1550204335 49.8657668665 201902142218
1550204395 51.8179525849 201902142219
1550204455 51.3546915234 201902142220
1550204515 51.5115153068 201902142221
1550204575 51.0428465287 201902142222
1550204635 51.8864503294 201902142223
1550204695 51.4285969846 201902142224
1550204755 51.3006143567 201902142225
1550204815 50.6534909283 201902142226
1550204839 51.3096272178 201902142227
1550204899 51.5944336291 201902142228
1550204959 51.1023314120 201902142229
1550205019 51.8377808794 201902142230
1550205079 51.6575236570 201902142231
1550205139 51.6250773569 201902142232
1550205199 51.2627603400 201902142233
1550205259 51.7692831349 201902142234
1550205319 51.1618162954 201902142235
1550205379 51.5493693235 201902142236
1550205439 51.4322021290 201902142237
1550205452 51.4556355679 201902142237
1550205512 0.0048165835 201902142238
1550205572 0.0048165835 201902142239
1550205632 0.0048165835 201902142240
1550205692 0.0048165835 201902142241
1550205752 0.0048165835 201902142242
1550205812 0.0048165835 201902142243
1550205872 0.0048165835 201902142244
1550205932 0.0048165835 201902142245
1550205992 0.0048165835 201902142246
1550206052 0.0048165835 201902142247
1550206057 0.0048165835 201902142247
1550206117 0.0048165835 201902142248
1550206177 35.7930855152 201902142249
1550206237 52.0991538518 201902142250
1550206297 51.4358072734 201902142251
1550206357 51.1744343010 201902142252
1550206417 51.0969236954 201902142253
1550206477 51.1275674232 201902142254
1550206537 51.5241333124 201902142255
1550206597 51.7007853903 201902142256
1550206657 51.0969236954 201902142257
1550206683 51.7584677015 201902142258
1550206743 51.5944336291 201902142259
1550206803 51.6989828181 201902142300
1550206863 51.2285114677 201902142301
1550206923 51.5746053347 201902142302
1550206983 51.6935751015 201902142303
1550207043 51.0464516731 201902142304
1550207103 51.2843912066 201902142305
1550207163 51.4105712623 201902142306
1550207223 51.4015584012 201902142307
1550207283 49.9847366333 201902142308
1550207305 51.2699706289 201902142308
1550207365 51.9837892295 201902142309
1550207425 50.8932330341 201902142310
1550207485 51.5475667513 201902142311
1550207545 51.9315146350 201902142312
1550207605 51.7007853903 201902142313
1550207665 51.2158934621 201902142314
1550207725 50.5399288782 201902142315
1550207785 51.4015584012 201902142316
1550207845 51.8630168905 201902142317
1550207905 50.8481687285 201902142318
1550207927 51.4159789790 201902142318
1550207987 51.1618162954 201902142319
1550208047 51.0788979731 201902142320
1550208107 50.9617307786 201902142321
1550208167 51.6214722125 201902142322
1550208227 51.2231037510 201902142323
1550208287 51.4862792957 201902142324
1550208347 51.7458496959 201902142325
1550208407 51.5205281680 201902142326
1550208467 51.8377808794 201902142327
1550208527 51.3096272178 201902142328
1550208551 50.9869667897 201902142329
1550208611 51.2411294733 201902142330
1550208671 51.9062786239 201902142331
1550208731 51.6394979347 201902142332
1550208791 51.5241333124 201902142333
1550208851 51.4790690068 201902142334
1550208911 51.4988973013 201902142335
1550208971 51.2104857455 201902142336
1550209031 51.2537474788 201902142337
1550209091 50.9058510396 201902142338
1550209151 51.1041339843 201902142339
1550209173 50.9076536119 201902142339
1550209233 51.2591551955 201902142340
1550209293 51.5061075902 201902142341
1550209353 51.4736612901 201902142342
1550209413 51.2699706289 201902142343
1550209473 51.7566651293 201902142344
1550209533 50.9220741897 201902142345
1550209593 51.7134033959 201902142346
1550209653 51.2231037510 201902142347
1550209713 51.2375243288 201902142348
1550209773 51.2176960344 201902142349
