1550815007 -1.0000000000 2019022123567
1550815063 51.6989828181 201902212357
1550815123 51.4322021290 201902212358
1550815183 51.4898844402 201902212359
1550815243 51.3600992400 201902220000
1550815303 51.7206136848 201902220001
1550815363 50.9455076286 201902220002
1550815423 51.9873943739 201902220003
1550815483 51.1167519898 201902220004
1550815543 51.4538329957 201902220005
1550815603 51.8630168905 201902220006
1550815615 51.3384683734 201902220006
1550815675 51.4358072734 201902220007
1550815735 51.7116008237 201902220008
1550815795 50.8553790174 201902220009
1550815855 51.0572671064 201902220010
1550815915 51.5691976180 201902220011
1550815975 51.2645629122 201902220012
1550816035 51.7007853903 201902220013
1550816095 51.2267088955 201902220014
1550816155 51.4177815512 201902220015
1550816215 51.6124593514 201902220016
1550816229 51.4322021290 201902220017
1550816289 51.5439616069 201902220018
1550816349 51.2609577677 201902220019
1550816409 51.4231892679 201902220020
1550816469 51.4141764068 201902220021
1550816529 51.4069661179 201902220022
1550816589 51.0734902565 201902220023
1550816649 51.6881673848 201902220024
1550816709 51.5061075902 201902220025
1550816769 50.5651648893 201902220026
1550816829 51.2483397622 201902220027
1550816843 51.4448201346 201902220027
1550816903 51.5115153068 201902220028
1550816963 51.1077391287 201902220029
1550817023 51.6611288014 201902220030
1550817083 51.4448201346 201902220031
1550817143 50.9473102008 201902220032
1550817203 51.4213866957 201902220033
1550817263 51.3889403956 201902220034
1550817323 51.0536619620 201902220035
1550817383 52.0955487074 201902220036
1550817443 51.2104857455 201902220037
1550817458 51.5673950458 201902220037
1550817518 52.0378663962 201902220038
1550817578 51.7692831349 201902220039
1550817638 51.3114297900 201902220040
1550817698 51.6214722125 201902220041
1550817758 51.3817301067 201902220042
1550817818 51.5133178791 201902220043
1550817878 50.2497147502 201902220044
1550817938 51.2879963511 201902220045
1550817998 51.1347777121 201902220046
1550818058 51.0951211231 201902220047
1550818072 51.6449056514 201902220047
1550818132 51.7638754182 201902220048
1550818192 51.4772664346 201902220049
1550818252 51.6196696403 201902220050
1550818312 51.4988973013 201902220051
1550818372 51.8377808794 201902220052
1550818432 51.8161500127 201902220053
1550818492 51.5691976180 201902220054
1550818552 51.4538329957 201902220055
1550818612 51.4574381401 201902220056
1550818672 51.1329751398 201902220057
1550818687 51.2303140399 201902220058
1550818747 50.8896278896 201902220059
1550818807 51.6485107959 201902220100
1550818867 51.3222452233 201902220101
1550818927 51.5421590347 201902220102
1550818987 51.2447346177 201902220103
1550819047 51.4177815512 201902220104
1550819107 51.9351197794 201902220105
1550819167 51.7927165738 201902220106
1550819227 50.8409584396 201902220107
1550819287 51.2032754566 201902220108
1550819301 51.4484252790 201902220108
1550819361 51.2717732011 201902220109
1550819421 51.1383828565 201902220110
1550819481 51.7638754182 201902220111
1550819541 51.3619018123 201902220112
1550819601 51.7061931070 201902220113
1550819661 51.8251628738 201902220114
1550819721 51.2050780288 201902220115
1550819781 51.3889403956 201902220116
1550819841 51.3997558290 201902220117
1550819901 51.5998413458 201902220118
1550819918 51.7674805626 201902220118
1550819978 51.1654214399 201902220119
1550820338 51.4087686901 201902220125
1550820398 51.4303995568 201902220126
1550820458 51.6647339459 201902220127
1550820518 51.4736612901 201902220128
1550820526 50.7850787007 201902220128
1550820586 51.2014728844 201902220129
1550820646 51.8738323238 201902220130
1550820706 51.5475667513 201902220131
1550820766 51.9170940572 201902220132
1550820826 51.2339191844 201902220133
1550820886 51.7386394070 201902220134
1550820946 51.7728882793 201902220135
1550821006 51.6088542069 201902220136
1550821066 51.5241333124 201902220137
1550821126 51.4033609734 201902220138
1550821142 51.0320310953 201902220139
1550821202 51.2825886344 201902220140
1550821262 51.2519449066 201902220141
1550821322 51.7638754182 201902220142
1550821382 50.4732337059 201902220143
1550821442 50.8679970229 201902220144
1550821502 50.9292844786 201902220145
1550821562 51.4105712623 201902220146
1550821622 51.6358927903 201902220147
1550821682 51.2303140399 201902220148
1550821742 51.4448201346 201902220149
1550821756 51.2916014955 201902220149
1550821816 51.3006143567 201902220150
1550821876 51.8738323238 201902220151
1550821936 51.5295410291 201902220152
1550821996 50.6228472005 201902220153
1550822056 51.1401854287 201902220154
1550822116 51.4285969846 201902220155
1550822176 51.3925455401 201902220156
1550822236 51.6485107959 201902220157
1550822296 51.3294555122 201902220158
1550822356 50.9184690452 201902220159
1550822370 51.2753783455 201902220159
1550822430 50.9887693619 201902220200
1550822490 51.3096272178 201902220201
1550822550 51.9405274961 201902220202
1550822610 51.5025024457 201902220203
1550822670 50.8878253174 201902220204
1550822730 51.8287680182 201902220205
1550822790 51.9333172072 201902220206
1550822850 51.6485107959 201902220207
1550822910 51.2393269011 201902220208
1550822970 51.4826741513 201902220209
1550822985 51.9225017739 201902220209
1550823045 51.5962362014 201902220210
1550823105 51.4934895846 201902220211
1550823165 51.4718587179 201902220212
1550823225 51.2411294733 201902220213
1550823285 51.0554645342 201902220214
1550823345 51.7404419793 201902220215
1550823405 51.5800130514 201902220216
1550823465 50.9545204897 201902220217
1550823525 51.2573526233 201902220218
1550823585 50.9707436397 201902220219
1550823602 51.3546915234 201902220220
1550823662 51.5619873291 201902220221
1550823722 51.3384683734 201902220222
1550823782 51.3907429679 201902220223
1550823842 51.1077391287 201902220224
1550823902 51.8233603016 201902220225
1550823962 51.2375243288 201902220226
1550824022 51.4538329957 201902220227
1550824082 51.3817301067 201902220228
1550824142 51.5980387736 201902220229
1550824202 51.7079956792 201902220230
1550824218 51.1906574510 201902220230
1550824278 51.3024169289 201902220231
1550824338 51.1059365565 201902220232
1550824398 51.7206136848 201902220233
1550824458 51.7999268627 201902220234
1550824518 51.2303140399 201902220235
1550824578 51.4628458568 201902220236
1550824638 51.1618162954 201902220237
1550824698 51.5061075902 201902220238
1550824758 51.0500568176 201902220239
1550824818 51.4628458568 201902220240
1550824833 51.3853352512 201902220240
1550824893 51.3258503678 201902220241
1550824953 51.3438760900 201902220242
1550825013 51.1636188677 201902220243
1550825073 51.3006143567 201902220244
1550825133 50.7958941340 201902220245
1550825193 51.0464516731 201902220246
1550825253 51.4538329957 201902220247
1550825313 51.3456786623 201902220248
1550825373 51.3132323622 201902220249
1550825433 51.7386394070 201902220250
1550825447 51.4466227068 201902220250
1550825507 51.5043050180 201902220251
1550825567 51.2519449066 201902220252
1550825627 51.1834471621 201902220253
1550825687 50.8734047396 201902220254
1550825747 51.7242188293 201902220255
1550825807 51.8053345793 201902220256
1550825867 51.1347777121 201902220257
1550825927 51.1636188677 201902220258
1550825987 51.5295410291 201902220259
1550826047 51.5782104791 201902220300
1550826064 51.3763223901 201902220301
1550826124 50.9743487842 201902220302
1550826184 51.4970947291 201902220303
1550826244 51.5169230235 201902220304
1550826304 51.7710857071 201902220305
1550826364 51.4898844402 201902220306
1550826424 51.8666220349 201902220307
1550826484 51.2627603400 201902220308
1550826544 51.4033609734 201902220309
1550826604 50.9130613285 201902220310
1550826664 50.9599282064 201902220311
1550826679 51.0482542453 201902220311
1550826739 51.3853352512 201902220312
1550826799 51.7530599848 201902220313
1550826859 0.0012114391 201902220314
1550826919 49.9252517499 201902220315
1550826979 51.3907429679 201902220316
1550827039 51.7620728460 201902220317
1550827099 51.4718587179 201902220318
1550827159 51.8467937405 201902220319
1550827219 51.7981242904 201902220320
1550827279 51.8017294349 201902220321
1550827294 51.2501423344 201902220321
1550827354 51.2194986066 201902220322
1550827414 51.4736612901 201902220323
1550827474 51.6827596681 201902220324
1550827534 51.3024169289 201902220325
1550827594 51.2050780288 201902220326
1550827654 52.0594972629 201902220327
1550827714 51.7999268627 201902220328
1550827774 51.6863648126 201902220329
1550827834 51.7422445515 201902220330
1550827894 51.3637043845 201902220331
1550827908 51.0284259509 201902220331
1550827968 51.3943481123 201902220332
1550828028 51.9098837683 201902220333
1550828088 51.0392413842 201902220334
1550828148 50.8589841618 201902220335
1550828208 51.5097127346 201902220336
1550828268 51.3817301067 201902220337
1550828328 51.6971802459 201902220338
1550828388 51.2519449066 201902220339
1550828448 51.2465371899 201902220340
1550828508 51.4231892679 201902220341
1550828522 51.8125448682 201902220342
1550828582 51.5439616069 201902220343
1550828642 50.8932330341 201902220344
1550828702 51.4952921568 201902220345
1550828762 51.3925455401 201902220346
1550828822 51.5367513180 201902220347
1550828882 51.4376098457 201902220348
1550828942 50.9599282064 201902220349
1550829002 50.9400999119 201902220350
1550829062 51.5151204513 201902220351
1550829122 51.7981242904 201902220352
1550829137 51.0049925120 201902220352
1550829197 51.6467082236 201902220353
1550829257 51.3330606567 201902220354
1550829317 51.4646484290 201902220355
1550829377 51.3474812345 201902220356
1550829437 51.7548625571 201902220357
1550829497 51.6449056514 201902220358
1550829557 51.4087686901 201902220359
1550829617 51.4123738345 201902220400
1550829677 51.1221597065 201902220401
1550829737 51.2897989233 201902220402
1550829754 51.2573526233 201902220402
1550829814 51.8089397238 201902220403
1550829874 51.3510863789 201902220404
1550829934 51.4682535735 201902220405
1550829994 51.6485107959 201902220406
1550830054 51.3492838067 201902220407
1550830114 51.5079101624 201902220408
1550830174 51.7260214015 201902220409
1550830234 51.7638754182 201902220410
1550830294 51.9549480739 201902220411
1550830354 51.6665365181 201902220412
1550830371 51.2213011788 201902220412
1550830431 51.9369223517 201902220413
1550830491 51.4322021290 201902220414
1550830551 51.1906574510 201902220415
1550830611 50.8625893063 201902220416
1550830671 51.5025024457 201902220417
1550830731 51.3222452233 201902220418
1550830791 50.9455076286 201902220419
1550830851 51.1942625955 201902220420
1550830911 51.2032754566 201902220421
1550830971 50.9346921952 201902220422
1550830985 51.5295410291 201902220423
1550831045 51.5818156236 201902220424
1550831105 51.2573526233 201902220425
1550831165 51.7097982515 201902220426
1550831225 51.2807860622 201902220427
1550831285 51.0248208064 201902220428
1550831345 51.5998413458 201902220429
1550831405 50.7904864173 201902220430
1550831465 51.6052490625 201902220431
1550831525 51.3997558290 201902220432
1550831585 51.4231892679 201902220433
1550831598 51.2231037510 201902220433
1550831658 51.2879963511 201902220434
1550831718 51.5764079069 201902220435
1550831778 51.1257648510 201902220436
1550831838 51.4556355679 201902220437
1550831898 51.4267944123 201902220438
1550831958 51.2303140399 201902220439
1550832018 51.3655069567 201902220440
1550832078 51.5655924736 201902220441
1550832138 51.3006143567 201902220442
1550832198 51.2681680566 201902220443
1550832213 51.2411294733 201902220443
1550832273 51.7602702737 201902220444
1550832333 51.3835326790 201902220445
1550832393 51.2357217566 201902220446
1550832453 51.1365802843 201902220447
1550832513 51.0752928287 201902220448
1550832573 51.1996703121 201902220449
1550832633 51.7332316904 201902220450
1550832693 51.5277384569 201902220451
1550832753 51.5764079069 201902220452
1550832813 51.5205281680 201902220453
1550832828 51.2789834900 201902220453
1550832888 51.6034464903 201902220454
1550832948 51.6431030792 201902220455
1550833008 51.9585532184 201902220456
1550833068 51.4952921568 201902220457
1550833128 51.5854207680 201902220458
1550833188 51.6503133681 201902220459
1550833248 51.3510863789 201902220500
1550833308 51.4376098457 201902220501
1550833368 51.1401854287 201902220502
1550833428 51.2176960344 201902220503
1550833444 52.0090252406 201902220504
1550833504 51.6863648126 201902220505
1550833564 51.5385538902 201902220506
1550833624 51.5097127346 201902220507
1550833684 51.2375243288 201902220508
1550833744 51.4970947291 201902220509
1550833804 51.2483397622 201902220510
1550833864 51.3871378234 201902220511
1550833924 51.4177815512 201902220512
1550833984 49.6963250775 201902220513
1550834044 51.3997558290 201902220514
1550834059 51.0140053731 201902220514
1550834119 50.8499713007 201902220515
1550834179 51.2014728844 201902220516
1550834239 51.3060220733 201902220517
1550834299 51.9477377850 201902220518
1550834359 51.3168375067 201902220519
1550834419 50.8607867341 201902220520
1550834479 51.2357217566 201902220521
1550834539 51.6989828181 201902220522
1550834599 51.5187255957 201902220523
1550834659 51.1744343010 201902220524
1550834673 51.0825031176 201902220524
1550834733 51.4412149901 201902220525
1550834793 51.5403564624 201902220526
1550834853 51.6755493792 201902220527
1550834913 51.2429320455 201902220528
1550834973 50.9689410675 201902220529
1550835033 50.9382973397 201902220530
1550835093 50.8445635840 201902220531
1550835153 51.3474812345 201902220532
1550835213 51.4790690068 201902220533
1550835273 50.9076536119 201902220534
1550835285 51.4862792957 201902220534
1550835345 51.5187255957 201902220535
1550835405 50.9923745064 201902220536
1550835465 51.3150349345 201902220537
1550835525 51.3510863789 201902220538
1550835585 51.4880818679 201902220539
1550835645 51.5673950458 201902220540
1550835705 50.6282549172 201902220541
1550835765 51.3745198178 201902220542
1550835825 51.6773519514 201902220543
1550835885 51.3276529400 201902220544
1550835898 51.4898844402 201902220544
1550835958 51.4087686901 201902220545
1550836018 51.0734902565 201902220546
1550836078 51.3763223901 201902220547
1550836138 51.9080811961 201902220548
1550836198 51.1059365565 201902220549
1550836258 51.8305705905 201902220550
1550836318 51.0194130897 201902220551
1550836378 51.5764079069 201902220552
1550836438 51.3510863789 201902220553
1550836498 51.5764079069 201902220554
1550836515 51.4015584012 201902220555
1550836575 51.3168375067 201902220556
1550836635 51.5043050180 201902220557
1550836695 51.1221597065 201902220558
1550836755 50.7742632673 201902220559
1550836815 51.5655924736 201902220600
1550836875 51.3619018123 201902220601
1550836935 51.4844767235 201902220602
1550836995 51.4358072734 201902220603
1550837055 51.5710001902 201902220604
1550837115 51.2843912066 201902220605
1550837133 51.0428465287 201902220605
1550837193 51.3078246456 201902220606
1550837253 51.4358072734 201902220607
1550837313 51.2285114677 201902220608
1550837373 51.4213866957 201902220609
1550837433 51.2519449066 201902220610
1550837493 51.0915159787 201902220611
1550837553 51.6232747847 201902220612
1550837613 50.7958941340 201902220613
1550837673 51.2140908899 201902220614
1550837733 51.2753783455 201902220615
1550837749 51.7873088571 201902220615
1550837809 51.2717732011 201902220616
1550837869 50.9328896230 201902220617
1550837929 51.3925455401 201902220618
1550837989 51.3925455401 201902220619
1550838049 51.1239622787 201902220620
1550838059 51.4105712623 201902220620
1550838119 -0.0041962776 201902220621
1550838179 51.6899699570 201902220622
1550838239 51.5313436013 201902220623
1550838299 51.1077391287 201902220624
1550838359 51.1455931454 201902220625
1550838419 51.4394124179 201902220626
1550838479 51.2104857455 201902220627
1550838539 51.3240477956 201902220628
1550838599 51.3961506845 201902220629
1550838659 51.4484252790 201902220630
1550838719 51.2104857455 201902220631
1550838779 51.5187255957 201902220632
1550838839 51.6719442348 201902220633
1550838899 51.2122883177 201902220634
1550838959 51.8071371516 201902220635
1550838988 51.1870523066 201902220636
1550839048 51.2086831732 201902220637
1550839108 51.6142619236 201902220638
1550839168 51.5187255957 201902220639
1550839228 51.2194986066 201902220640
1550839288 51.3042195011 201902220641
1550839348 51.3871378234 201902220642
1550839408 51.5998413458 201902220643
1550839468 51.6358927903 201902220644
1550839528 51.8107422960 201902220645
1550839588 51.0788979731 201902220646
1550839604 51.0374388120 201902220646
1550839664 51.5313436013 201902220647
1550839724 51.7242188293 201902220648
1550839784 50.9184690452 201902220649
1550839844 50.7418169673 201902220650
1550839904 51.3619018123 201902220651
1550839964 51.3763223901 201902220652
1550840024 51.3150349345 201902220653
1550840084 51.4934895846 201902220654
1550840144 51.2825886344 201902220655
1550840204 51.6178670681 201902220656
1550840220 51.7260214015 201902220657
1550840280 51.3060220733 201902220658
1550840340 51.1780394454 201902220659
1550840400 51.8305705905 201902220700
1550840460 51.4177815512 201902220701
1550840520 51.3240477956 201902220702
1550840580 50.7976967062 201902220703
1550840640 51.6340902181 201902220704
1550840700 51.5782104791 201902220705
1550840760 51.3006143567 201902220706
1550840820 51.2970092122 201902220707
1550840835 51.2465371899 201902220707
1550840895 51.0716876842 201902220708
1550840955 51.2339191844 201902220709
1550841015 50.7922889895 201902220710
1550841075 50.9581256341 201902220711
1550841135 51.6485107959 201902220712
1550841195 51.3492838067 201902220713
1550841255 51.0987262676 201902220714
1550841315 51.5908284847 201902220715
1550841375 51.6214722125 201902220716
1550841435 51.4285969846 201902220717
1550841453 51.0140053731 201902220717
1550841513 50.6895423728 201902220718
1550841573 51.0049925120 201902220719
1550841633 51.3258503678 201902220720
1550841693 51.0140053731 201902220721
1550841753 51.5277384569 201902220722
1550841813 51.3168375067 201902220723
1550841873 51.0428465287 201902220724
1550841933 51.3276529400 201902220725
1550841993 51.5764079069 201902220726
1550842053 51.4916870124 201902220727
1550842067 51.3258503678 201902220727
1550842127 51.3781249623 201902220728
1550842187 51.6431030792 201902220729
1550842247 51.4213866957 201902220730
1550842307 51.5511718958 201902220731
1550842367 51.3150349345 201902220732
1550842427 51.2447346177 201902220733
1550842487 50.8824176007 201902220734
1550842547 50.8842201730 201902220735
1550842607 50.6228472005 201902220736
1550842667 51.0446491009 201902220737
1550842682 51.0140053731 201902220738
1550842742 51.1095417009 201902220739
1550842802 51.0158079453 201902220740
1550842862 51.0356362398 201902220741
1550842922 51.0987262676 201902220742
1550842982 51.0680825398 201902220743
1550843042 51.0140053731 201902220744
1550843102 51.3835326790 201902220745
1550843162 50.8950356063 201902220746
1550843222 51.1275674232 201902220747
1550843282 51.0013873675 201902220748
1550843296 50.6354652061 201902220748
1550843356 50.9094561841 201902220749
1550843416 50.5579546004 201902220750
1550843476 50.2965816280 201902220751
1550843536 51.5673950458 201902220752
1550843596 51.3925455401 201902220753
1550843656 50.9959796508 201902220754
1550843716 50.8661944507 201902220755
1550843776 50.6643063617 201902220756
1550843836 50.8643918785 201902220757
1550843896 51.1257648510 201902220758
1550843912 50.9274819063 201902220758
1550843972 50.4768388504 201902220759
1550844032 50.4552079837 201902220800
1550844092 51.1401854287 201902220801
1550844152 50.5291134449 201902220802
1550844212 50.5994137616 201902220803
1550844272 51.0013873675 201902220804
1550844332 50.9599282064 201902220805
1550844392 51.3276529400 201902220806
1550844452 50.8716021674 201902220807
1550844512 50.2226761668 201902220808
1550844529 50.9887693619 201902220808
1550844589 50.6895423728 201902220809
1550844649 51.1023314120 201902220810
1550844709 50.7670529784 201902220811
1550844769 51.0122028009 201902220812
1550844829 50.9473102008 201902220813
1550844889 50.9581256341 201902220814
1550844949 50.9815590730 201902220815
1550845009 51.0807005454 201902220816
1550845069 50.8878253174 201902220817
1550845129 50.9112587563 201902220818
1550845146 50.5074825782 201902220819
1550845206 50.9455076286 201902220820
1550845266 50.9364947675 201902220821
1550845326 50.5849931838 201902220822
1550845386 50.6084266227 201902220823
1550845446 51.0536619620 201902220824
1550845506 51.3096272178 201902220825
1550845566 50.7508298284 201902220826
1550845626 51.1546060065 201902220827
1550845686 50.9346921952 201902220828
1550845746 50.8824176007 201902220829
1550845762 51.4538329957 201902220829
1550845822 51.1924600232 201902220830
1550845882 51.1798420177 201902220831
1550845942 50.6534909283 201902220832
1550846002 50.7382118228 201902220833
1550846062 50.8031044229 201902220834
1550846122 50.7796709840 201902220835
1550846182 50.9184690452 201902220836
1550846242 51.0698851120 201902220837
1550846302 50.3344356447 201902220838
1550846362 51.0915159787 201902220839
1550846375 51.0698851120 201902220839
1550846435 51.0554645342 201902220840
1550846495 50.3957231003 201902220841
1550846555 50.8373532951 201902220842
1550846615 51.2627603400 201902220843
1550846675 51.0662799676 201902220844
1550846735 51.2519449066 201902220845
1550846795 51.0987262676 201902220846
1550846855 51.2879963511 201902220847
1550846915 50.2947790558 201902220848
1550846975 50.4732337059 201902220849
1550846992 50.7706581229 201902220849
1550847052 50.9400999119 201902220850
1550847112 50.8283404340 201902220851
1550847172 51.0770954009 201902220852
1550847232 50.9040484674 201902220853
1550847292 51.3907429679 201902220854
1550847352 51.5331461735 201902220855
1550847412 50.7490272562 201902220856
1550847472 51.4628458568 201902220857
1550847532 50.4966671448 201902220858
1550847592 51.5655924736 201902220859
1550847607 50.9941770786 201902220900
1550847667 50.9743487842 201902220901
1550847727 50.9346921952 201902220902
1550847787 51.0933185509 201902220903
1550847847 51.2122883177 201902220904
1550847907 50.9148639008 201902220905
1550847967 51.2807860622 201902220906
1550848027 51.0734902565 201902220907
1550848087 51.1185545621 201902220908
1550848147 51.1834471621 201902220909
1550848207 51.2068806010 201902220910
1550848223 51.6160644958 201902220910
1550848283 51.2627603400 201902220911
1550848343 51.0122028009 201902220912
1550848403 51.1149494176 201902220913
1550848463 51.0248208064 201902220914
1550848523 51.0067950842 201902220915
1550848583 51.0734902565 201902220916
1550848643 51.0680825398 201902220917
1550848703 51.1636188677 201902220918
1550848763 50.5813880394 201902220919
1550848823 50.8770098841 201902220920
1550848837 50.6823320839 201902220920
1550848897 51.3456786623 201902220921
1550848957 51.3619018123 201902220922
1550849017 51.1960651677 201902220923
1550849077 50.1325475556 201902220924
1550849137 50.6715166505 201902220925
1550849197 50.9635333508 201902220926
1550849257 51.4123738345 201902220927
1550849317 50.9382973397 201902220928
1550849377 51.2970092122 201902220929
1550849437 50.4858517115 201902220930
1550849452 51.3258503678 201902220930
1550849512 50.8589841618 201902220931
1550849572 50.5002722893 201902220932
1550849632 50.4137488225 201902220933
1550849692 50.5110877226 201902220934
1550849752 51.2303140399 201902220935
1550849812 51.2879963511 201902220936
1550849872 50.9473102008 201902220937
1550849932 49.5250807162 201902220938
1550849992 51.2465371899 201902220939
1550850052 50.6552935005 201902220940
1550850067 51.0897134065 201902220941
1550850127 50.9941770786 201902220942
1550850187 51.3763223901 201902220943
1550850247 50.9094561841 201902220944
1550850307 51.0843056898 201902220945
1550850367 51.2122883177 201902220946
1550850427 51.0230182342 201902220947
1550850487 49.9919469222 201902220948
1550850547 51.3330606567 201902220949
1550850607 51.7206136848 201902220950
1550850667 51.0770954009 201902220951
1550850686 51.2321166122 201902220951
1550850746 50.9292844786 201902220952
1550850806 51.1383828565 201902220953
1550850866 50.8968381785 201902220954
1550850926 50.8535764452 201902220955
1550850986 51.2627603400 201902220956
1550851046 50.9671384953 201902220957
1550851106 51.5385538902 201902220958
1550851166 51.2321166122 201902220959
1550851226 51.4249918401 201902221000
1550851286 50.2965816280 201902221001
1550851299 51.0158079453 201902221001
1550851359 51.0320310953 201902221002
1550851419 51.0031899397 201902221003
1550851479 51.0482542453 201902221004
1550851539 50.9743487842 201902221005
1550851599 50.2677404724 201902221006
1550851659 50.9382973397 201902221007
1550851719 51.0104002286 201902221008
1550851779 51.1455931454 201902221009
1550851839 51.3691121012 201902221010
1550851899 51.4934895846 201902221011
1550851914 51.4177815512 201902221011
1550851974 49.5719475940 201902221012
1550852034 51.0356362398 201902221013
1550852094 51.5710001902 201902221014
1550852154 50.8211301451 201902221015
1550852214 51.2465371899 201902221016
1550852274 51.4340047012 201902221017
1550852334 50.6949500895 201902221018
1550852394 51.1960651677 201902221019
1550852454 49.9198440332 201902221020
1550852514 51.0698851120 201902221021
1550852528 51.5133178791 201902221022
1550852588 51.3835326790 201902221023
1550852648 50.9725462119 201902221024
1550852708 51.1726317288 201902221025
1550852768 51.4826741513 201902221026
1550852828 50.9058510396 201902221027
1550852888 50.9076536119 201902221028
1550852948 51.4051635456 201902221029
1550853008 50.8968381785 201902221030
1550853068 51.2735757733 201902221031
1550853128 51.4394124179 201902221032
1550853146 51.1546060065 201902221032
1550853206 51.3871378234 201902221033
1550853266 50.3975256725 201902221034
1550853326 50.8049069951 201902221035
1550853386 51.2591551955 201902221036
1550853446 51.5980387736 201902221037
1550853506 51.1077391287 201902221038
1550853566 51.0590696787 201902221039
1550853626 51.5475667513 201902221040
1550853686 51.0248208064 201902221041
1550853746 49.8928054499 201902221042
1550853764 51.2086831732 201902221042
1550853824 51.3348632289 201902221043
1550853884 51.3456786623 201902221044
1550853944 51.3366658011 201902221045
1550854004 51.0843056898 201902221046
1550854064 51.1167519898 201902221047
1550854124 51.0446491009 201902221048
1550854184 51.1924600232 201902221049
1550854244 51.0770954009 201902221050
1550854304 51.5691976180 201902221051
1550854364 51.2843912066 201902221052
1550854379 51.3420735178 201902221052
1550854439 51.1870523066 201902221053
1550854499 51.2825886344 201902221054
1550854559 51.3150349345 201902221055
1550854619 51.7097982515 201902221056
1550854679 49.3628492161 201902221057
1550854739 51.2934040678 201902221058
1550854799 51.8359783071 201902221059
1550854859 51.1455931454 201902221100
1550854919 51.1564085788 201902221101
1550854979 51.0662799676 201902221102
1550854998 51.4700561457 201902221103
1550855058 51.2086831732 201902221104
1550855118 51.2663654844 201902221105
1550855178 50.8049069951 201902221106
1550855238 51.6052490625 201902221107
1550855298 51.5277384569 201902221108
1550855358 51.6485107959 201902221109
1550855418 51.3024169289 201902221110
1550855478 50.9364947675 201902221111
1550855538 51.0482542453 201902221112
1550855598 51.3240477956 201902221113
1550855612 51.5872233402 201902221113
1550855672 51.0392413842 201902221114
1550855732 51.0879108343 201902221115
1550855792 51.3528889512 201902221116
1550855852 51.5043050180 201902221117
1550855912 51.9765789406 201902221118
1550855972 51.2104857455 201902221119
1550856032 51.0807005454 201902221120
1550856092 51.3528889512 201902221121
1550856152 50.6246497727 201902221122
1550856212 50.8824176007 201902221123
1550856226 51.1780394454 201902221123
1550856286 51.3042195011 201902221124
1550856346 51.2879963511 201902221125
1550856406 51.3799275345 201902221126
1550856466 51.7188111126 201902221127
1550856526 51.4592407124 201902221128
1550856586 51.3114297900 201902221129
1550856646 50.3055944891 201902221130
1550856706 51.4772664346 201902221131
1550856766 51.1023314120 201902221132
1550856826 51.4412149901 201902221133
1550856841 51.5457641791 201902221134
1550856901 51.1960651677 201902221135
1550856961 51.5890259125 201902221136
1550857021 51.0013873675 201902221137
1550857081 50.9076536119 201902221138
1550857141 51.7638754182 201902221139
1550857201 51.3294555122 201902221140
1550857261 51.5205281680 201902221141
1550857321 50.8968381785 201902221142
1550857381 51.0446491009 201902221143
1550857441 51.3871378234 201902221144
1550857457 51.7819011404 201902221144
1550857517 51.4610432846 201902221145
1550857577 51.0698851120 201902221146
1550857637 51.9008709072 201902221147
1550857697 50.9653359230 201902221148
1550857757 51.4736612901 201902221149
1550857817 51.0266233786 201902221150
1550857877 51.5872233402 201902221151
1550857937 51.2267088955 201902221152
1550857997 51.3582966678 201902221153
1550858057 51.4249918401 201902221154
1550858073 51.2591551955 201902221154
1550858133 51.4682535735 201902221155
1550858193 51.2735757733 201902221156
1550858253 51.3510863789 201902221157
1550858313 51.3582966678 201902221158
1550858373 51.6340902181 201902221159
1550858433 51.1924600232 201902221200
1550858493 51.4231892679 201902221201
1550858553 51.5619873291 201902221202
1550858613 50.7994992784 201902221203
1550858673 51.6737468070 201902221204
1550858687 51.2213011788 201902221204
1550858747 51.3312580845 201902221205
1550858807 51.8900554738 201902221206
1550858867 51.3312580845 201902221207
1550858927 51.5061075902 201902221208
1550858987 50.7436195395 201902221209
1550859047 51.2897989233 201902221210
1550859107 51.6124593514 201902221211
1550859167 51.1834471621 201902221212
1550859227 51.2861937789 201902221213
1550859287 51.3222452233 201902221214
1550859300 50.8679970229 201902221215
1550859360 50.3254227836 201902221216
1550859420 51.3186400789 201902221217
1550859480 51.3276529400 201902221218
1550859540 51.2952066400 201902221219
1550859600 50.8860227452 201902221220
1550859660 51.5655924736 201902221221
1550859720 51.1672240121 201902221222
1550859780 51.3763223901 201902221223
1550859840 51.5962362014 201902221224
1550859900 51.4898844402 201902221225
1550859917 51.3709146734 201902221225
1550859977 51.1329751398 201902221226
1550860037 51.4177815512 201902221227
1550860097 51.6485107959 201902221228
1550860157 50.9617307786 201902221229
1550860217 51.2375243288 201902221230
1550860277 51.5854207680 201902221231
1550860337 51.3150349345 201902221232
1550860397 51.7440471237 201902221233
1550860457 50.8589841618 201902221234
1550860517 50.9004433230 201902221235
1550860533 51.3979532567 201902221235
1550860593 50.8607867341 201902221236
1550860653 51.3907429679 201902221237
1550860713 51.1870523066 201902221238
1550860773 51.2104857455 201902221239
1550860833 50.9400999119 201902221240
1550860893 50.7688555506 201902221241
1550860953 50.6625037894 201902221242
1550861013 51.0662799676 201902221243
1550861073 51.6034464903 201902221244
1550861133 51.0374388120 201902221245
1550861149 51.7368368348 201902221245
1550861209 51.5601847569 201902221246
1550861269 51.2032754566 201902221247
1550861329 50.9797565008 201902221248
1550861389 51.5908284847 201902221249
1550861449 51.5061075902 201902221250
1550861509 49.5196729995 201902221251
1550861569 51.7422445515 201902221252
1550861629 51.2519449066 201902221253
1550861689 51.3474812345 201902221254
1550861749 50.8031044229 201902221255
1550861766 50.4245642559 201902221256
1550861826 51.5061075902 201902221257
1550861886 51.2934040678 201902221258
1550861946 50.9166664730 201902221259
1550862006 51.2609577677 201902221300
1550862066 51.1780394454 201902221301
1550862126 50.8607867341 201902221302
1550862186 51.5151204513 201902221303
1550862246 50.7436195395 201902221304
1550862306 51.2934040678 201902221305
1550862366 50.1505732779 201902221306
1550862383 50.7904864173 201902221306
1550862443 51.1690265843 201902221307
1550862503 51.4880818679 201902221308
1550862563 51.0104002286 201902221309
1550862623 51.5223307402 201902221310
1550862683 50.8463661563 201902221311
1550862743 51.1095417009 201902221312
1550862803 50.7310015339 201902221313
1550862863 51.5403564624 201902221314
1550862923 50.9707436397 201902221315
1550862983 51.4267944123 201902221316
1550862998 51.0861082620 201902221316
1550863058 51.3709146734 201902221317
1550863118 51.4916870124 201902221318
1550863178 51.2213011788 201902221319
1550863238 51.1005288398 201902221320
1550863298 51.4700561457 201902221321
1550863358 51.7602702737 201902221322
1550863418 51.3619018123 201902221323
1550863478 50.9797565008 201902221324
1550863538 51.2879963511 201902221325
1550863598 51.4988973013 201902221326
1550863616 51.3492838067 201902221326
1550863676 51.5169230235 201902221327
1550863736 51.4249918401 201902221328
1550863796 51.2934040678 201902221329
1550863856 51.3691121012 201902221330
1550863916 51.0284259509 201902221331
1550863976 51.2447346177 201902221332
1550864036 49.4313469606 201902221333
1550864096 50.9419024841 201902221334
1550864156 51.6413005070 201902221335
1550864216 51.0266233786 201902221336
1550864235 50.8499713007 201902221337
1550864295 50.7165809561 201902221338
1550864355 50.9455076286 201902221339
1550864415 51.3979532567 201902221340
1550864475 51.2843912066 201902221341
1550864535 51.1528034343 201902221342
1550864595 51.4105712623 201902221343
1550864655 51.5367513180 201902221344
1550864715 50.8517738729 201902221345
1550864775 51.3582966678 201902221346
1550864835 49.4295443883 201902221347
1550864853 50.8175250007 201902221347
1550864913 51.2140908899 201902221348
1550864973 51.5241333124 201902221349
1550865033 51.3745198178 201902221350
1550865093 51.4988973013 201902221351
1550865153 51.5133178791 201902221352
1550865213 51.2411294733 201902221353
1550865273 51.3438760900 201902221354
1550865333 51.6809570959 201902221355
1550865393 51.2429320455 201902221356
1550865453 50.9977822231 201902221357
1550865470 50.8139198562 201902221357
1550865530 51.2645629122 201902221358
1550865590 51.5547770402 201902221359
1550865650 51.1852497343 201902221400
1550865710 51.6124593514 201902221401
1550865770 51.3781249623 201902221402
1550865830 50.9437050563 201902221403
1550865890 51.2267088955 201902221404
1550865950 50.7760658395 201902221405
1550866010 51.3078246456 201902221406
1550866070 51.3006143567 201902221407
1550866085 51.2537474788 201902221408
1550866145 51.4340047012 201902221409
1550866205 51.9098837683 201902221410
1550866265 51.4394124179 201902221411
1550866325 51.2555500511 201902221412
1550866385 51.4340047012 201902221413
1550866445 51.2122883177 201902221414
1550866505 50.8788124563 201902221415
1550866565 51.7566651293 201902221416
1550866625 51.2681680566 201902221417
1550866685 51.1275674232 201902221418
1550866700 51.1167519898 201902221418
1550866760 50.5201005837 201902221419
1550866820 51.2627603400 201902221420
1550866880 50.8193275729 201902221421
1550866940 51.6394979347 201902221422
1550867000 51.3745198178 201902221423
1550867060 51.1293699954 201902221424
1550867120 51.0698851120 201902221425
1550867180 51.1059365565 201902221426
1550867240 51.7350342626 201902221427
1550867300 51.6935751015 201902221428
1550867313 51.4682535735 201902221428
1550867373 51.3528889512 201902221429
1550867433 51.1059365565 201902221430
1550867493 51.2303140399 201902221431
1550867553 51.6286825014 201902221432
1550867613 51.3637043845 201902221433
1550867673 50.8986407508 201902221434
1550867733 51.5836181958 201902221435
1550867793 51.2429320455 201902221436
1550867853 50.7670529784 201902221437
1550867913 50.7526324006 201902221438
1550867927 51.3727172456 201902221438
1550867987 51.0788979731 201902221439
1550868047 51.1491982899 201902221440
1550868107 51.0085976564 201902221441
1550868167 51.2897989233 201902221442
1550868227 51.4646484290 201902221443
1550868287 51.5259358846 201902221444
1550868347 51.1762368732 201902221445
1550868407 51.5025024457 201902221446
1550868467 50.7940915618 201902221447
1550868527 51.3204426511 201902221448
1550868543 51.6827596681 201902221449
1550868603 51.1401854287 201902221450
1550868663 50.9473102008 201902221451
1550868723 50.6913449450 201902221452
1550868783 51.4123738345 201902221453
1550868843 51.6070516347 201902221454
1550868903 51.2176960344 201902221455
1550868963 51.4898844402 201902221456
1550869023 51.3510863789 201902221457
1550869083 51.2501423344 201902221458
1550869143 50.4786414226 201902221459
1550869158 50.4804439948 201902221459
1550869218 51.2122883177 201902221500
1550869278 51.3763223901 201902221501
1550869338 51.2465371899 201902221502
1550869398 51.4736612901 201902221503
1550869458 51.2249063233 201902221504
1550869518 51.7332316904 201902221505
1550869578 50.9527179175 201902221506
1550869638 51.9351197794 201902221507
1550869698 51.3781249623 201902221508
1550869758 52.0054200962 201902221509
1550869773 51.4051635456 201902221509
1550869833 50.8734047396 201902221510
1550869893 51.3655069567 201902221511
1550869953 51.0572671064 201902221512
1550870013 51.5367513180 201902221513
1550870073 51.1942625955 201902221514
1550870133 51.4412149901 201902221515
1550870193 51.2879963511 201902221516
1550870253 50.7706581229 201902221517
1550870313 51.1906574510 201902221518
1550870373 50.8463661563 201902221519
1550870387 51.4105712623 201902221519
1550870447 51.4754638624 201902221520
1550870507 51.6647339459 201902221521
1550870567 50.9563230619 201902221522
1550870627 51.2104857455 201902221523
1550870687 50.0207880778 201902221524
1550870747 51.5097127346 201902221525
1550870807 51.1852497343 201902221526
1550870867 51.0194130897 201902221527
1550870927 51.3456786623 201902221528
1550870987 51.7188111126 201902221529
1550871000 51.3925455401 201902221530
1550871060 51.3817301067 201902221531
1550871120 51.3763223901 201902221532
1550871180 51.4376098457 201902221533
1550871240 51.4538329957 201902221534
1550871300 51.1383828565 201902221535
1550871360 51.6034464903 201902221536
1550871420 51.3889403956 201902221537
1550871480 51.1005288398 201902221538
1550871540 51.1131468454 201902221539
1550871600 51.5133178791 201902221540
1550871617 51.3150349345 201902221540
1550871677 51.6953776737 201902221541
1550871737 51.5511718958 201902221542
1550871797 51.2519449066 201902221543
1550871857 51.2465371899 201902221544
1550871917 51.2158934621 201902221545
1550871977 51.7764934237 201902221546
1550872037 51.4051635456 201902221547
1550872097 51.3528889512 201902221548
1550872157 51.2176960344 201902221549
1550872217 51.5800130514 201902221550
1550872229 51.4213866957 201902221550
1550877972 0.0048165835 201902221726
1550878032 0.0048165835 201902221727
1550878092 0.0048165835 201902221728
1550878152 0.0048165835 201902221729
1550878212 0.0048165835 201902221730
1550878272 0.0048165835 201902221731
1550878332 0.0048165835 201902221732
1550878392 0.0048165835 201902221733
1550878452 0.0048165835 201902221734
1550878512 0.0048165835 201902221735
1550878572 0.0048165835 201902221736
1550878632 0.0048165835 201902221737
1550878692 0.0048165835 201902221738
1550878752 0.0048165835 201902221739
1550878812 0.0048165835 201902221740
1550878872 0.0048165835 201902221741
1550878932 0.0048165835 201902221742
1550878992 0.0048165835 201902221743
1550879052 0.0048165835 201902221744
1550879112 0.0048165835 201902221745
1550879172 0.0048165835 201902221746
1550879232 0.0048165835 201902221747
1550879292 0.0048165835 201902221748
1550879352 0.0048165835 201902221749
1550879412 0.0048165835 201902221750
1550879472 0.0048165835 201902221751
1550879532 0.0048165835 201902221752
1550879592 0.0048165835 201902221753
1550879652 0.0048165835 201902221754
1550879712 0.0048165835 201902221755
1550879772 0.0048165835 201902221756
1550879832 0.0048165835 201902221757
1550879892 0.0048165835 201902221758
1550879952 0.0048165835 201902221759
1550880012 0.0048165835 201902221800
1550880072 0.0048165835 201902221801
1550880132 0.0048165835 201902221802
1550880192 0.0048165835 201902221803
1550880252 0.0048165835 201902221804
1550880312 0.0048165835 201902221805
1550880372 0.0048165835 201902221806
1550880432 0.0048165835 201902221807
1550880492 0.0048165835 201902221808
1550880552 0.0048165835 201902221809
1550880612 0.0048165835 201902221810
1550880672 0.0048165835 201902221811
1550880732 0.0048165835 201902221812
1550880792 0.0048165835 201902221813
1550880852 0.0048165835 201902221814
1550880912 0.0048165835 201902221815
1550880972 0.0048165835 201902221816
1550881032 0.0048165835 201902221817
1550881092 0.0048165835 201902221818
1550881152 0.0048165835 201902221819
1550881212 0.0048165835 201902221820
1550881272 0.0048165835 201902221821
1550881332 0.0048165835 201902221822
1550881392 0.0048165835 201902221823
1550881452 0.0048165835 201902221824
1550881512 0.0048165835 201902221825
1550881572 0.0030140113 201902221826
1550881632 -0.0023937054 201902221827
1550881692 -0.0005911331 201902221828
1550881752 -0.0005911331 201902221829
1550881812 43.2647473829 201902221830
1550881829 43.4287814553 201902221830
1550881889 46.1524680854 201902221831
1550881949 51.4592407124 201902221832
1550882009 50.9545204897 201902221833
1550882069 50.9382973397 201902221834
1550882129 51.1762368732 201902221835
1550882189 50.6066240505 201902221836
1550882249 50.7165809561 201902221837
1550882309 51.4376098457 201902221838
1550882369 0.0012114391 201902221839
1550882429 51.2717732011 201902221840
1550882489 50.2551224668 201902221841
1550882502 51.5764079069 201902221841
1550882562 51.3871378234 201902221842
1550882622 51.0554645342 201902221843
1550882682 51.0464516731 201902221844
1550882742 50.8517738729 201902221845
1550882802 51.1888548788 201902221846
1550882862 50.0640498111 201902221847
1550882922 51.1600137232 201902221848
1550882982 51.2753783455 201902221849
1550883042 51.6322876458 201902221850
1550883102 50.9815590730 201902221851
1550883118 51.2429320455 201902221851
1550883178 51.0500568176 201902221852
1550883238 51.3763223901 201902221853
1550883298 51.0049925120 201902221854
1550883358 51.3961506845 201902221855
1550883418 51.4718587179 201902221856
1550883478 50.7454221117 201902221857
1550883538 50.1487707056 201902221858
1550883598 49.7828485442 201902221859
1550883658 51.0212156620 201902221900
1550883718 51.5980387736 201902221901
1550883732 51.6863648126 201902221902
1550883792 51.4358072734 201902221903
1550883852 51.7548625571 201902221904
1550883912 51.2916014955 201902221905
1550883972 51.0248208064 201902221906
1550884032 51.3582966678 201902221907
1550884092 50.4732337059 201902221908
1550884152 51.1491982899 201902221909
1550884212 51.0302285231 201902221910
1550884272 51.0698851120 201902221911
1550884332 51.8594117460 201902221912
1550884347 50.9184690452 201902221912
1550884407 51.2104857455 201902221913
1550884467 50.8067095673 201902221914
1550884527 50.8013018507 201902221915
1550884587 51.1437905732 201902221916
1550884647 51.2789834900 201902221917
1550884707 51.2681680566 201902221918
1550884767 51.0825031176 201902221919
1550884827 50.9166664730 201902221920
1550884887 50.8734047396 201902221921
1550884947 51.0915159787 201902221922
1550884962 51.4646484290 201902221922
1550885022 51.1491982899 201902221923
1550885082 51.0464516731 201902221924
1550885142 50.9779539286 201902221925
1550885202 50.9941770786 201902221926
1550885262 51.0500568176 201902221927
1550885322 51.2519449066 201902221928
1550885382 50.8914304619 201902221929
1550885442 51.3312580845 201902221930
1550885502 51.0716876842 201902221931
1550885562 51.2807860622 201902221932
1550885573 51.6971802459 201902221932
1550885633 50.7832761284 201902221933
1550885693 51.0428465287 201902221934
1550885753 51.8395834516 201902221935
1550885813 50.6066240505 201902221936
1550885873 51.3258503678 201902221937
1550885933 51.3727172456 201902221938
1550885993 51.4862792957 201902221939
1550886053 50.2623327557 201902221940
1550886113 51.2014728844 201902221941
1550886173 51.5475667513 201902221942
1550886192 51.4358072734 201902221943
1550886252 0.0048165835 201902221944
1550886312 51.3420735178 201902221945
1550886372 50.9382973397 201902221946
1550886432 50.9076536119 201902221947
1550886492 51.6467082236 201902221948
1550886552 51.2176960344 201902221949
1550886612 50.8734047396 201902221950
1550886672 50.9058510396 201902221951
1550886732 51.1528034343 201902221952
1550886792 51.3889403956 201902221953
1550886809 51.2970092122 201902221953
1550886869 50.6805295117 201902221954
1550886929 51.6665365181 201902221955
1550886989 50.7994992784 201902221956
1550887049 51.0338336675 201902221957
1550887109 51.2411294733 201902221958
1550887169 50.9833616453 201902221959
1550887229 51.5691976180 201902222000
1550887289 51.5079101624 201902222001
1550887349 51.2447346177 201902222002
1550887409 50.8752073118 201902222003
1550887423 51.5457641791 201902222003
1550887483 51.2068806010 201902222004
1550887543 51.7927165738 201902222005
1550887603 51.0644773953 201902222006
1550887663 51.3835326790 201902222007
1550887723 51.1888548788 201902222008
1550887783 51.0572671064 201902222009
1550887843 50.7706581229 201902222010
1550887903 51.1059365565 201902222011
1550887963 51.1203571343 201902222012
1550888023 50.5759803227 201902222013
1550888037 51.4952921568 201902222013
1550888097 51.4754638624 201902222014
1550888157 51.2483397622 201902222015
1550888217 50.5453365949 201902222016
1550888277 51.3204426511 201902222017
1550888337 50.8193275729 201902222018
1550888397 51.5421590347 201902222019
1550888457 51.0067950842 201902222020
1550888517 51.5439616069 201902222021
1550888577 51.5385538902 201902222022
1550888637 51.6232747847 201902222023
1550888648 51.0104002286 201902222024
1550888708 51.0302285231 201902222025
1550888768 51.3276529400 201902222026
1550888828 50.5795854671 201902222027
1550888888 51.4285969846 201902222028
1550888948 51.0915159787 201902222029
1550889008 51.2140908899 201902222030
1550889068 51.4322021290 201902222031
1550889128 51.2735757733 201902222032
1550889188 51.1708291565 201902222033
1550889248 50.7886838451 201902222034
1550889264 51.1401854287 201902222034
1550889324 50.9437050563 201902222035
1550889384 51.5511718958 201902222036
1550889444 51.0608722509 201902222037
1550889504 51.0500568176 201902222038
1550889564 51.2952066400 201902222039
1550889624 51.3330606567 201902222040
1550889684 51.5006998735 201902222041
1550889744 50.8788124563 201902222042
1550889804 51.3835326790 201902222043
1550889864 51.5547770402 201902222044
1550889881 50.7940915618 201902222044
1550889941 50.8463661563 201902222045
1550890001 50.8211301451 201902222046
1550890061 51.1023314120 201902222047
1550890121 51.0374388120 201902222048
1550890181 50.9545204897 201902222049
1550890241 51.6521159403 201902222050
1550890301 51.2375243288 201902222051
1550890361 51.2285114677 201902222052
1550890421 51.1005288398 201902222053
1550890481 51.1672240121 201902222054
1550890496 51.6755493792 201902222054
1550890556 50.9346921952 201902222055
1550890616 51.1437905732 201902222056
1550890676 51.3691121012 201902222057
1550890736 50.5020748615 201902222058
1550890796 51.2861937789 201902222059
1550890856 51.2861937789 201902222100
1550890916 51.3637043845 201902222101
1550890976 51.4754638624 201902222102
1550891036 51.4502278512 201902222103
1550891096 51.3979532567 201902222104
1550891109 51.1672240121 201902222105
1550891169 51.7873088571 201902222106
1550891229 50.5579546004 201902222107
1550891289 51.1654214399 201902222108
1550891349 51.4574381401 201902222109
1550891409 50.7814735562 201902222110
1550891469 51.0843056898 201902222111
1550891529 51.3510863789 201902222112
1550891589 50.9833616453 201902222113
1550891649 50.7382118228 201902222114
1550891709 50.7472246840 201902222115
1550891722 51.2176960344 201902222115
1550891782 51.4376098457 201902222116
1550891842 51.5764079069 201902222117
1550891902 49.4908318440 201902222118
1550891962 51.4556355679 201902222119
1550892022 51.1113442732 201902222120
1550892082 51.4466227068 201902222121
1550892142 51.9206992017 201902222122
1550892202 51.3384683734 201902222123
1550892262 51.4340047012 201902222124
1550892322 51.3871378234 201902222125
1550892335 51.3276529400 201902222125
1550892395 51.1726317288 201902222126
1550892455 51.5637899013 201902222127
1550892515 51.3060220733 201902222128
1550892575 50.6895423728 201902222129
1550892635 51.2231037510 201902222130
1550892695 51.2429320455 201902222131
1550892755 51.4736612901 201902222132
1550892815 51.3528889512 201902222133
1550892875 51.3673095289 201902222134
1550892935 51.3024169289 201902222135
1550892951 51.3979532567 201902222135
1550893011 51.5097127346 201902222136
1550893071 51.0212156620 201902222137
1550893131 50.9815590730 201902222138
1550893191 51.0428465287 201902222139
1550893251 50.9617307786 201902222140
1550893311 0.0048165835 201902222141
1550893371 51.3240477956 201902222142
1550893431 51.2086831732 201902222143
1550893491 50.4570105559 201902222144
1550893551 51.4988973013 201902222145
1550893567 51.2447346177 201902222146
1550893627 51.6953776737 201902222147
1550893687 51.8558066016 201902222148
1550893747 51.1582111510 201902222149
1550893807 51.1888548788 201902222150
1550893867 50.6841346561 201902222151
1550893927 50.5885983283 201902222152
1550893987 51.4862792957 201902222153
1550894047 51.5133178791 201902222154
1550894107 51.3384683734 201902222155
1550894167 51.5043050180 201902222156
1550894181 51.5998413458 201902222156
1550894241 51.5043050180 201902222157
1550894301 51.0608722509 201902222158
1550894361 51.5277384569 201902222159
1550894421 51.2411294733 201902222200
1550894481 51.5331461735 201902222201
1550894541 51.2086831732 201902222202
1550894601 51.6719442348 201902222203
1550894661 51.3186400789 201902222204
1550894721 50.7039629506 201902222205
1550894781 51.3474812345 201902222206
1550894795 51.2122883177 201902222206
1550894855 51.3582966678 201902222207
1550894915 51.1437905732 201902222208
1550894975 50.1758092890 201902222209
1550895035 51.0464516731 201902222210
1550895095 51.2501423344 201902222211
1550895155 51.6611288014 201902222212
1550895215 50.9941770786 201902222213
1550895275 51.3925455401 201902222214
1550895335 0.0012114391 201902222215
1550895395 50.9617307786 201902222216
1550895408 51.0446491009 201902222216
1550895468 50.8842201730 201902222217
1550895528 50.8625893063 201902222218
1550895588 51.5169230235 201902222219
1550895648 51.1924600232 201902222220
1550895708 50.8265378618 201902222221
1550895768 51.1347777121 201902222222
1550895828 51.2231037510 201902222223
1550895888 51.5980387736 201902222224
1550895948 51.5872233402 201902222225
1550896008 51.6557210848 201902222226
1550896023 51.4340047012 201902222227
1550896083 51.7079956792 201902222228
1550896143 51.4015584012 201902222229
1550896203 50.3776973781 201902222230
1550896263 51.1942625955 201902222231
1550896323 51.2213011788 201902222232
1550896383 51.9026734794 201902222233
1550896443 50.9617307786 201902222234
1550896503 50.8355507229 201902222235
1550896563 51.1546060065 201902222236
1550896623 51.7927165738 201902222237
1550896639 51.2861937789 201902222237
1550896699 51.0104002286 201902222238
1550896759 50.6985552339 201902222239
1550896819 51.2140908899 201902222240
1550896879 50.9599282064 201902222241
1550896939 51.2068806010 201902222242
1550896999 51.3709146734 201902222243
1550897059 51.3078246456 201902222244
1550897119 51.0843056898 201902222245
1550897179 49.6134067552 201902222246
1550897239 51.9729737961 201902222247
1550897253 51.5385538902 201902222247
1550897313 51.5061075902 201902222248
1550897373 51.6953776737 201902222249
1550897433 51.0085976564 201902222250
1550897493 51.0248208064 201902222251
1550897553 51.3006143567 201902222252
1550897613 50.3037919169 201902222253
1550897673 51.1726317288 201902222254
1550897733 51.3078246456 201902222255
1550897793 51.1365802843 201902222256
1550897853 51.6809570959 201902222257
1550897866 51.4412149901 201902222257
1550897926 50.9166664730 201902222258
1550897986 50.5345211615 201902222259
1550898046 51.2411294733 201902222300
1550898106 51.1600137232 201902222301
1550898166 51.4574381401 201902222302
1550898226 51.5367513180 201902222303
1550898286 51.7548625571 201902222304
1550898346 51.3727172456 201902222305
1550898406 51.3528889512 201902222306
1550898466 51.4448201346 201902222307
1550898480 51.7873088571 201902222308
1550898540 51.1870523066 201902222309
1550898600 50.9310870508 201902222310
1550898660 50.7922889895 201902222311
1550898720 51.3925455401 201902222312
1550898780 51.2591551955 201902222313
1550898840 51.2897989233 201902222314
1550898900 51.5908284847 201902222315
1550898960 51.5601847569 201902222316
1550899020 51.6160644958 201902222317
1550899080 50.6769243672 201902222318
1550899094 51.4015584012 201902222318
1550899154 51.5637899013 201902222319
1550899214 51.1870523066 201902222320
1550899274 51.1690265843 201902222321
1550899334 51.5385538902 201902222322
1550899394 51.4916870124 201902222323
1550899454 51.6124593514 201902222324
1550899514 50.9274819063 201902222325
1550899574 51.6088542069 201902222326
1550899634 51.6971802459 201902222327
1550899694 51.2843912066 201902222328
1550899709 51.5259358846 201902222328
1550899769 51.6250773569 201902222329
1550899829 51.2988117844 201902222330
1550899889 51.2934040678 201902222331
1550899949 51.2717732011 201902222332
1550900009 51.1473957176 201902222333
1550900069 51.7386394070 201902222334
1550900129 51.2357217566 201902222335
1550900189 50.9725462119 201902222336
1550900249 51.5493693235 201902222337
1550900309 51.3258503678 201902222338
1550900324 50.9671384953 201902222338
1550900384 50.8193275729 201902222339
1550900444 51.3060220733 201902222340
1550900504 51.2681680566 201902222341
1550900564 51.0140053731 201902222342
1550900624 51.2663654844 201902222343
1550900684 51.2519449066 201902222344
1550900744 51.7566651293 201902222345
1550900804 51.7458496959 201902222346
1550900864 51.3132323622 201902222347
1550900924 50.8157224285 201902222348
