1548828021 -1.0000000000 2019013000007
1548828077 49.9450800444 201901300001
1548828137 50.3344356447 201901300002
1548828197 50.0802729611 201901300003
1548828257 50.1451655612 201901300004
1548828317 50.0352086555 201901300005
1548828377 50.1037064000 201901300006
1548828437 50.0352086555 201901300007
1548828497 49.9721186277 201901300008
1548828557 50.1577835668 201901300009
1548828617 50.2244787390 201901300010
1548828629 50.2767533335 201901300010
1548828689 49.9775263444 201901300011
1548828749 49.6404453385 201901300012
1548828809 49.9613031944 201901300013
1548828869 49.9631057666 201901300014
1548828929 49.7954665498 201901300015
1548828989 50.3362382169 201901300016
1548829049 50.1667964279 201901300017
1548829109 49.7107456553 201901300018
1548829169 50.1091141167 201901300019
1548829229 50.3128047780 201901300020
1548829245 50.0316035111 201901300020
1548829305 49.7413893831 201901300021
1548829365 50.3668819447 201901300022
1548829425 49.7792433998 201901300023
1548829485 50.2100581613 201901300024
1548829545 50.1001012556 201901300025
1548829605 49.7630202497 201901300026
1548829665 49.9306594666 201901300027
1548829725 50.0189855055 201901300028
1548829785 50.2100581613 201901300029
1548829845 50.0604446667 201901300030
1548829861 49.7864536887 201901300031
1548829921 49.8279128498 201901300032
1548829981 49.8729771554 201901300033
1548830041 50.1181269778 201901300034
1548830101 50.0694575278 201901300035
1548830161 50.0532343778 201901300036
1548830221 49.8873977332 201901300037
1548830281 49.8315179943 201901300038
1548830341 49.8333205665 201901300039
1548830401 50.0622472389 201901300040
1548830461 50.2569250391 201901300041
1548830477 49.6476556274 201901300041
1548830537 49.9667109110 201901300042
1548830597 49.8639642943 201901300043
1548830657 49.7125482275 201901300044
1548830717 50.3380407891 201901300045
1548830777 49.8207025609 201901300046
1548830837 50.1037064000 201901300047
1548830897 49.9396723277 201901300048
1548830957 50.0027623555 201901300049
1548831017 49.9865392055 201901300050
1548831077 49.9018183110 201901300051
1548831094 50.0532343778 201901300051
1548831154 49.5106601384 201901300052
1548831214 49.8657668665 201901300053
1548831274 49.5286858607 201901300054
1548831334 50.0171829333 201901300055
1548831394 49.9450800444 201901300056
1548831454 50.2388993168 201901300057
1548831514 49.8279128498 201901300058
1548831574 49.6422479108 201901300059
1548831634 49.9847366333 201901300100
1548831694 50.0298009389 201901300101
1548831710 49.9252517499 201901300101
1548831770 49.8423334276 201901300102
1548831830 49.8585565776 201901300103
1548831890 49.8964105943 201901300104
1548831950 50.4101436781 201901300105
1548832010 49.3844800827 201901300106
1548832070 49.8423334276 201901300107
1548832130 49.8008742664 201901300108
1548832190 49.9721186277 201901300109
1548832250 49.6999302219 201901300110
1548832310 -0.0005911331 201901300111
1548832326 0.0084217280 201901300112
1548832386 49.6098016107 201901300113
1548832446 50.2587276113 201901300114
1548832506 49.8423334276 201901300115
1548832566 49.7558099609 201901300116
1548832626 49.6945225052 201901300117
1548832686 49.6584710608 201901300118
1548832746 49.8188999887 201901300119
1548832806 49.4980421328 201901300120
1548832866 49.8765822998 201901300121
1548832926 49.6764967830 201901300122
1548832945 49.6350376219 201901300122
1548833005 49.6404453385 201901300123
1548833065 49.6710890663 201901300124
1548833125 50.0478266611 201901300125
1548833185 50.0243932222 201901300126
1548833245 50.0352086555 201901300127
1548833305 49.9721186277 201901300128
1548833365 49.3466260660 201901300129
1548833425 49.9180414610 201901300130
1548833485 49.7287713775 201901300131
1548833545 50.1866247223 201901300132
1548833560 49.6945225052 201901300132
1548833620 49.9360671832 201901300133
1548833680 0.0030140113 201901300134
1548833740 0.0030140113 201901300135
1548833800 49.2294588715 201901300136
1548833860 49.6206170441 201901300137
1548833920 49.3970980883 201901300138
1548833980 49.6314324774 201901300139
1548834040 49.8279128498 201901300140
1548834100 49.6782993552 201901300141
1548834160 50.1289424112 201901300142
1548834180 49.4782138384 201901300143
1548834240 49.6440504830 201901300144
1548834300 49.5701450218 201901300145
1548834360 49.7630202497 201901300146
1548834420 50.0874832500 201901300147
1548834480 49.4421623939 201901300148
1548834540 49.4944369884 201901300149
1548834600 49.4367546772 201901300150
1548834660 49.6602736330 201901300151
1548834720 49.5557244440 201901300152
1548834780 49.3141797660 201901300153
1548834802 49.7377842386 201901300153
1548834862 49.2564974549 201901300154
1548834922 49.8765822998 201901300155
1548834982 49.9270543221 201901300156
1548835042 49.6638787774 201901300157
1548835102 49.6801019275 201901300158
1548835162 49.9090285999 201901300159
1548835222 50.0910883945 201901300200
1548835282 49.9793289166 201901300201
1548835342 49.5935784607 201901300202
1548835402 49.9342646110 201901300203
1548835418 49.7954665498 201901300203
1548835478 49.5755527385 201901300204
1548835538 49.3934929439 201901300205
1548835598 49.4926344162 201901300206
1548835658 49.7594151053 201901300207
1548835718 49.9504877610 201901300208
1548835778 49.6440504830 201901300209
1548835838 49.5575270162 201901300210
1548835898 49.4295443883 201901300211
1548835958 49.1717765603 201901300212
1548836018 49.6512607719 201901300213
1548836036 49.8693720110 201901300213
1548836096 50.0622472389 201901300214
1548836156 49.5395012940 201901300215
1548836216 49.4980421328 201901300216
1548836276 49.5827630274 201901300217
1548836336 48.9518627490 201901300218
1548836396 49.4241366717 201901300219
1548836456 49.6043938941 201901300220
1548836516 49.1213045381 201901300221
1548836576 49.7648228220 201901300222
1548836636 49.8639642943 201901300223
1548836651 49.2204460104 201901300224
1548836711 49.1483431214 201901300225
1548836771 49.6296299052 201901300226
1548836831 49.6746942108 201901300227
1548836891 49.4818189828 201901300228
1548836951 49.6404453385 201901300229
1548837011 49.3664543605 201901300230
1548837071 49.9342646110 201901300231
1548837131 49.8567540054 201901300232
1548837191 49.2240511548 201901300233
1548837251 49.0708325158 201901300234
1548837268 49.5881707440 201901300234
1548837328 49.7504022442 201901300235
1548837388 49.7882562609 201901300236
1548837448 49.0329784991 201901300237
1548837508 49.5647373051 201901300238
1548837568 49.5755527385 201901300239
1548837628 49.8459385720 201901300240
1548837688 49.1627636992 201901300241
1548837748 49.3195874827 201901300242
1548837808 49.3412183494 201901300243
1548837868 50.1541784223 201901300244
1548837884 49.7305739497 201901300244
1548837944 49.6116041829 201901300245
1548838004 49.6368401941 201901300246
1548838064 49.6368401941 201901300247
1548838124 49.4980421328 201901300248
1548838184 49.3105746216 201901300249
1548838244 49.3195874827 201901300250
1548838304 49.8585565776 201901300251
1548838364 49.6278273330 201901300252
1548838424 49.0924633825 201901300253
1548838484 49.6440504830 201901300254
1548838498 48.9752961879 201901300254
1548838558 -0.0041962776 201901300255
1548838618 0.0048165835 201901300256
1548838678 49.3826775105 201901300257
1548838738 49.5737501662 201901300258
1548838798 49.4583855439 201901300259
1548838858 49.5232781440 201901300300
1548838918 49.3898877994 201901300301
1548838978 49.6602736330 201901300302
1548839038 49.3520337827 201901300303
1548839098 49.3520337827 201901300304
1548839115 48.8995881545 201901300305
1548839175 49.3159823382 201901300306
1548839235 49.0329784991 201901300307
1548839295 49.1104891047 201901300308
1548839355 49.4998447051 201901300309
1548839415 49.0492016491 201901300310
1548839475 49.2763257493 201901300311
1548839535 49.4944369884 201901300312
1548839595 49.0221630658 201901300313
1548839655 49.3826775105 201901300314
1548839715 49.2546948826 201901300315
1548839729 49.0401887880 201901300315
1548839789 49.3177849105 201901300316
1548839849 49.2438794493 201901300317
1548839909 0.0012114391 201901300318
1548839969 0.0048165835 201901300319
1548840029 0.0030140113 201901300320
1548840089 49.5755527385 201901300321
1548840149 49.1555534103 201901300322
1548840209 49.1663688437 201901300323
1548840269 49.1357251159 201901300324
1548840329 49.2168408659 201901300325
1548840345 49.3970980883 201901300325
1548840405 49.2222485826 201901300326
1548840465 49.4619906884 201901300327
1548840525 49.2204460104 201901300328
1548840585 49.5340935773 201901300329
1548840645 49.5070549940 201901300330
1548840705 49.4493726828 201901300331
1548840765 49.1231071103 201901300332
1548840825 48.9230215934 201901300333
1548840885 49.3123771938 201901300334
1548840945 0.0102243002 201901300335
1548840962 0.0012114391 201901300336
1548841022 -0.0005911331 201901300337
1548841082 0.0012114391 201901300338
1548841142 0.0048165835 201901300339
1548841202 49.7089430830 201901300340
1548841262 49.0437939324 201901300341
1548841322 49.4385572495 201901300342
1548841382 49.0311759269 201901300343
1548841442 49.3358106327 201901300344
1548841502 0.0048165835 201901300345
1548841562 48.9933219102 201901300346
1548841577 48.8599315656 201901300346
1548841637 48.8635367101 201901300347
1548841697 49.2835360382 201901300348
1548841757 49.5358961495 201901300349
1548841817 48.7373566544 201901300350
1548841877 49.5647373051 201901300351
1548841937 49.1411328325 201901300352
1548841997 49.4493726828 201901300353
1548842057 49.1249096825 201901300354
1548842117 49.3610466438 201901300355
1548842177 49.0401887880 201901300356
1548842194 49.2763257493 201901300356
1548842254 48.8671418545 201901300357
1548842314 49.0942659547 201901300358
1548842374 49.4511752550 201901300359
1548842434 49.0636222269 201901300400
1548842494 49.2528923104 201901300401
1548842554 49.0167553491 201901300402
1548842614 49.4655958328 201901300403
1548842674 49.2853386104 201901300404
1548842734 49.0816479491 201901300405
1548842794 49.0582145102 201901300406
1548842808 48.8635367101 201901300406
1548842868 49.2384717326 201901300407
1548842928 49.2312614437 201901300408
1548842988 49.2150382937 201901300409
1548843048 49.1555534103 201901300410
1548843108 49.1555534103 201901300411
1548843168 49.4241366717 201901300412
1548843228 49.4259392439 201901300413
1548843288 49.3952955161 201901300414
1548843348 48.7121206433 201901300415
1548843408 48.8256826934 201901300416
1548843424 48.8959830101 201901300417
1548843484 0.0084217280 201901300418
1548843544 0.0084217280 201901300419
1548843604 48.7698029544 201901300420
1548843664 48.9248241657 201901300421
1548843724 49.1916048548 201901300422
1548843784 49.3141797660 201901300423
1548843844 48.7716055266 201901300424
1548843904 49.2564974549 201901300425
1548843964 49.2799308938 201901300426
1548844024 49.3754672216 201901300427
1548844042 49.2601025993 201901300427
1548844102 48.8941804379 201901300428
1548844162 48.6958974932 201901300429
1548844222 49.1555534103 201901300430
1548844282 49.3520337827 201901300431
1548844342 48.8653392823 201901300432
1548844402 49.0762402325 201901300433
1548844462 49.0041373435 201901300434
1548844522 48.8238801211 201901300435
1548844582 49.0546093658 201901300436
1548844642 49.1140942492 201901300437
1548844657 49.0798453769 201901300437
1548844717 48.8815624323 201901300438
1548844777 48.9825064768 201901300439
1548844837 48.6760691988 201901300440
1548844897 48.7680003822 201901300441
1548844957 48.5733225820 201901300442
1548845017 48.9194164490 201901300443
1548845077 48.8887727212 201901300444
1548845137 48.7319489377 201901300445
1548845197 49.0960685269 201901300446
1548845257 48.8184724045 201901300447
1548845274 48.8995881545 201901300447
1548845334 48.4741811097 201901300448
1548845394 49.0419913602 201901300449
1548845454 49.0960685269 201901300450
1548845514 48.7950389656 201901300451
1548845574 49.1591585548 201901300452
1548845634 48.7193309322 201901300453
1548845694 48.8130646878 201901300454
1548845754 49.0564119380 201901300455
1548845814 48.9338370268 201901300456
1548845874 48.8401032712 201901300457
1548845892 48.9933219102 201901300458
1548845952 48.6418203265 201901300459
1548846012 48.9500601768 201901300500
1548846072 48.8292878378 201901300501
1548846132 48.7589875211 201901300502
1548846192 48.8797598601 201901300503
1548846252 49.2853386104 201901300504
1548846312 48.9626781824 201901300505
1548846372 48.8292878378 201901300506
1548846432 48.5895457320 201901300507
1548846492 48.7770132433 201901300508
1548846508 48.8977855823 201901300508
1548846568 49.3051669049 201901300509
1548846628 48.5570994320 201901300510
1548846688 48.2488595817 201901300511
1548846748 48.5715200098 201901300512
1548846808 48.7409617988 201901300513
1548846868 48.8815624323 201901300514
1548846928 48.5823354431 201901300515
1548846988 48.9446524601 201901300516
1548847048 48.7229360766 201901300517
1548847108 48.7373566544 201901300518
1548847124 48.8491161323 201901300518
1548847184 48.6580434765 201901300519
1548847244 -0.0005911331 201901300520
1548847304 0.0084217280 201901300521
1548847364 49.2583000271 201901300522
1548847424 48.5516917153 201901300523
1548847484 49.0131502046 201901300524
1548847544 48.2885161707 201901300525
1548847604 48.7986441100 201901300526
1548847664 48.9374421712 201901300527
1548847724 48.6490306154 201901300528
1548847739 48.6183868876 201901300528
1548847799 48.7139232155 201901300529
1548847859 49.1501456936 201901300530
1548847919 48.7391592266 201901300531
1548847979 48.7481720877 201901300532
1548848039 48.8977855823 201901300533
1548848099 48.2254261428 201901300534
1548848159 48.0451689205 201901300535
1548848219 48.5552968598 201901300536
1548848279 48.8040518267 201901300537
1548848339 48.4002756485 201901300538
1548848356 48.3173573262 201901300539
1548848416 48.5480865709 201901300540
1548848476 48.7301463655 201901300541
1548848536 48.8437084156 201901300542
1548848596 48.5895457320 201901300543
1548848656 49.0744376602 201901300544
1548848716 48.6796743432 201901300545
1548848776 48.6814769155 201901300546
1548848836 48.9807039046 201901300547
1548848896 48.6977000655 201901300548
1548848956 48.5949534487 201901300549
1548848970 48.8779572879 201901300549
1548849030 48.3858550708 201901300550
1548849090 48.5552968598 201901300551
1548849150 48.3552113429 201901300552
1548849210 48.5751251543 201901300553
1548849270 0.0030140113 201901300554
1548849330 48.8383006989 201901300555
1548849390 48.4615631042 201901300556
1548849450 48.9013907268 201901300557
1548849510 48.6237946043 201901300558
1548849570 48.6165843154 201901300559
1548849586 48.3371856207 201901300559
1548849646 49.2240511548 201901300600
1548849706 49.1140942492 201901300601
1548849766 48.8977855823 201901300602
1548849826 48.4363270930 201901300603
1548849886 49.0636222269 201901300604
1548849889 49.1483431214 201901300604
1548849948 48.3101470374 201901300605
1548850008 48.4597605319 201901300606
1548858768 0.0012114391 201901300832
1548858828 0.0012114391 201901300833
1548858888 0.0012114391 201901300834
1548858948 0.0012114391 201901300835
1548859008 0.0012114391 201901300836
1548859068 0.0012114391 201901300837
1548859128 0.0012114391 201901300838
1548859188 0.0012114391 201901300839
1548859248 0.0012114391 201901300840
1548859308 0.0012114391 201901300841
1548859368 0.0012114391 201901300842
1548859428 0.0012114391 201901300843
1548859488 0.0012114391 201901300844
1548859548 0.0012114391 201901300845
1548859608 0.0012114391 201901300846
1548859668 0.0012114391 201901300847
1548859728 0.0012114391 201901300848
1548859788 0.0012114391 201901300849
1548859848 0.0012114391 201901300850
1548859908 0.0012114391 201901300851
1548859968 0.0012114391 201901300852
1548860028 0.0012114391 201901300853
1548860088 0.0012114391 201901300854
1548860148 0.0012114391 201901300855
1548860208 0.0012114391 201901300856
1548860268 0.0012114391 201901300857
1548860328 0.0012114391 201901300858
1548860388 0.0012114391 201901300859
1548860448 0.0012114391 201901300900
1548860508 0.0012114391 201901300901
1548860568 0.0012114391 201901300902
1548860628 0.0012114391 201901300903
1548860688 0.0012114391 201901300904
1548860748 0.0012114391 201901300905
1548860808 0.0012114391 201901300906
1548860868 0.0012114391 201901300907
1548860928 0.0012114391 201901300908
1548860988 0.0012114391 201901300909
1548861048 0.0012114391 201901300910
1548861108 0.0012114391 201901300911
1548861168 0.0012114391 201901300912
1548861228 0.0012114391 201901300913
1548861288 0.0012114391 201901300914
1548861348 0.0012114391 201901300915
1548861408 0.0012114391 201901300916
1548861468 0.0012114391 201901300917
1548861528 0.0012114391 201901300918
1548861588 0.0012114391 201901300919
1548861648 0.0012114391 201901300920
1548861708 0.0012114391 201901300921
1548861768 0.0012114391 201901300922
1548861828 0.0012114391 201901300923
1548861888 0.0012114391 201901300924
1548861948 0.0012114391 201901300925
1548862008 0.0012114391 201901300926
1548862068 0.0012114391 201901300927
1548862128 0.0012114391 201901300928
1548862188 0.0012114391 201901300929
1548862248 0.0012114391 201901300930
1548862308 0.0012114391 201901300931
1548862368 0.0012114391 201901300932
1548862428 7.0636894120 201901300933
1548862488 0.0066191558 201901300934
1548862548 0.0012114391 201901300935
1548862608 -0.0041962776 201901300936
1548862668 -0.0023937054 201901300937
1548862728 -0.0059988498 201901300938
1548862788 0.0048165835 201901300939
1548862847 -0.0041962776 201901300940
1548862907 32.3898291566 201901300941
1548862967 33.0477680183 201901300942
1548863027 -0.0059988498 201901300943
1548863087 32.3880265844 201901300944
1548863147 33.4461364798 201901300945
1548863207 32.3718034344 201901300946
1548863267 33.2748921185 201901300947
1548863327 33.0081114294 201901300948
1548863387 32.6169532568 201901300949
1548863447 33.4281107575 201901300950
1548863507 32.6403866957 201901300951
1548863525 32.1699153453 201901300952
1548863585 33.3524027241 201901300953
1548863645 32.1392716175 201901300954
1548863705 32.6854510013 201901300955
1548863765 33.0315448683 201901300956
1548863825 32.2402156620 201901300957
1548863885 32.5142066401 201901300958
1548863945 33.1937763684 201901300959
1548864005 33.0117165738 201901301000
1548864065 32.2582413843 201901301001
1548864125 32.6692278513 201901301002
1548864142 33.0730040294 201901301002
1548864202 33.2965229852 201901301003
1548864262 31.8670832117 201901301004
1548864322 32.3700008621 201901301005
1548864382 32.6584124180 201901301006
1548864442 33.3271667130 201901301007
1548864502 32.4601294733 201901301008
1548864562 33.3542052964 201901301009
1548864622 31.8256240506 201901301010
1548864682 32.5069963512 201901301011
1548864742 31.9752375451 201901301012
1548864749 31.5300022058 201901301012
1548864809 32.7521461736 201901301013
1548864869 31.3479424112 201901301014
1548864929 31.2686292334 201901301015
1548864989 -0.0005911331 201901301016
1548865049 -0.0041962776 201901301017
1548865109 -0.0005911331 201901301018
1548865169 -0.0041962776 201901301019
1548865229 -0.0023937054 201901301020
1548865289 0.0030140113 201901301021
1548865349 -0.0005911331 201901301022
1548865354 33.2532612518 201901301022
1548865414 33.5326599465 201901301023
1548865474 33.3776387353 201901301024
1548865534 33.3109435630 201901301025
1548865594 33.1415017739 201901301026
1548865654 33.2172098073 201901301027
1548865714 33.4767802076 201901301028
1548865774 33.1523172073 201901301029
1548865834 33.1018451850 201901301030
1548865894 33.2244200962 201901301031
1548865954 33.4948059298 201901301032
1548865966 33.6804708689 201901301032
1548866026 33.2388406740 201901301033
1548866086 33.5777242521 201901301034
1548866146 33.2316303851 201901301035
1548866206 33.4461364798 201901301036
1548866266 33.2586689685 201901301037
1548866326 33.6696554355 201901301038
1548866386 33.4335184742 201901301039
1548866446 33.4353210464 201901301040
1548866506 32.8368670681 201901301041
1548866566 33.2929178407 201901301042
1548866580 33.2370381018 201901301043
1548866640 0.0012114391 201901301044
1548866700 33.2262226685 201901301045
1548866760 33.8787538135 201901301046
1548866820 33.5615011021 201901301047
1548866880 33.6714580077 201901301048
1548866940 33.7002991633 201901301049
1548867000 33.1523172073 201901301050
1548867060 33.2857075518 201901301051
1548867120 33.4389261909 201901301052
1548867180 33.3524027241 201901301053
1548867193 33.2875101241 201901301053
1548867253 33.6408142799 201901301054
1548867313 33.3073384185 201901301055
1548867373 33.5308573743 201901301056
1548867433 33.7327454634 201901301057
1548867493 33.4966085020 201901301058
1548867553 33.0910297517 201901301059
1548867613 33.4064798908 201901301100
1548867673 33.3920593131 201901301101
1548867733 32.9324033960 201901301102
1548867793 33.2911152685 201901301103
1548867803 33.2424458185 201901301103
1548867863 33.3469950075 201901301104
1548867923 33.2550638240 201901301105
1548867983 32.9468239738 201901301106
1548868043 33.2875101241 201901301107
1548868103 33.5056213632 201901301108
1548868163 33.0730040294 201901301109
1548868223 33.7075094522 201901301110
1548868283 33.4245056131 201901301111
1548868343 33.1559223517 201901301112
1548868403 32.8206439181 201901301113
1548868414 33.0964374683 201901301113
1548868474 33.1306863406 201901301114
1548868534 33.2875101241 201901301115
1548868594 33.0153217183 201901301116
1548868654 33.1757506462 201901301117
1548868714 33.0892271794 201901301118
1548868774 33.4425313353 201901301119
1548868834 33.2640766852 201901301120
1548868894 33.3397847186 201901301121
1548868954 33.3361795741 201901301122
1548869014 33.0477680183 201901301123
1548869027 32.6007301068 201901301123
1548869087 32.9540342627 201901301124
1548869147 0.0066191558 201901301125
1548869207 33.4930033576 201901301126
1548869267 33.0333474405 201901301127
1548869327 33.5398702354 201901301128
1548869387 33.7922303467 201901301129
1548869447 33.1180683350 201901301130
1548869507 33.3794413075 201901301131
1548869567 33.1793557906 201901301132
1548869627 33.4245056131 201901301133
1548869640 33.7057068800 201901301134
1548869700 32.9972959960 201901301135
1548869760 33.1955789407 201901301136
1548869820 32.9738625571 201901301137
1548869880 -0.0041962776 201901301138
1548869940 33.5560933854 201901301139
1548870000 33.5759216799 201901301140
1548870060 33.6227885577 201901301141
1548870120 33.8066509245 201901301142
1548870180 33.4587544853 201901301143
1548870240 33.6534322855 201901301144
1548870255 33.4677673465 201901301144
1548870315 33.3307718574 201901301145
1548870375 33.3632181575 201901301146
1548870435 33.6768657244 201901301147
1548870495 33.2893126963 201901301148
1548870555 33.0135191460 201901301149
1548870615 33.6065654077 201901301150
1548870675 33.5993551188 201901301151
1548870735 33.5488830965 201901301152
1548870795 33.4064798908 201901301153
1548870855 33.5434753799 201901301154
1548870865 33.4281107575 201901301154
1548870925 33.3884541686 201901301155
1548870985 33.4497416242 201901301156
1548871045 33.2766946907 201901301157
1548871105 33.2388406740 201901301158
1548871165 33.6552348577 201901301159
1548871225 33.6984965911 201901301200
1548871285 33.3379821463 201901301201
1548871345 33.5218445132 201901301202
1548871405 33.2045918018 201901301203
1548871465 33.2298278129 201901301204
1548871478 33.2226175240 201901301204
1548871538 33.0946348961 201901301205
1548871598 32.9306008238 201901301206
1548871658 33.1919737962 201901301207
1548871718 33.4948059298 201901301208
1548871778 33.5488830965 201901301209
1548871838 33.5272522298 201901301210
1548871898 33.5452779521 201901301211
1548871958 33.7435608967 201901301212
1548872018 33.5633036743 201901301213
1548872078 33.5687113910 201901301214
1548872089 33.4587544853 201901301214
1548872149 33.8805563857 201901301215
1548872209 -0.0041962776 201901301216
1548872269 0.0102243002 201901301217
1548872329 0.0012114391 201901301218
1548872389 0.0066191558 201901301219
1548872449 -0.0059988498 201901301220
1548872509 0.0012114391 201901301221
1548872569 0.0066191558 201901301222
1548872629 -0.0005911331 201901301223
1548872689 0.0066191558 201901301224
1548872690 0.0066191558 201901301224
1548872750 -0.0023937054 201901301225
1548872810 0.0048165835 201901301226
1548872870 0.0012114391 201901301227
1548872930 -0.0005911331 201901301228
1548872990 -0.0023937054 201901301229
1548873050 0.0048165835 201901301230
1548873110 -0.0005911331 201901301231
1548873170 0.0012114391 201901301232
1548873230 0.0030140113 201901301233
1548873290 0.0102243002 201901301234
1548873350 0.0012114391 201901301235
1548873410 0.0048165835 201901301236
1548873470 -0.0005911331 201901301237
1548873530 -0.0078014220 201901301238
1548873590 -0.0023937054 201901301239
1548873650 0.0030140113 201901301240
1548873710 -0.0005911331 201901301241
1548873770 0.0048165835 201901301242
1548873830 0.0048165835 201901301243
1548873890 0.0012114391 201901301244
1548873949 -0.0005911331 201901301245
1548874009 0.0138294447 201901301246
1548874069 -0.0023937054 201901301247
1548874129 0.0030140113 201901301248
1548874189 -0.0005911331 201901301249
1548874249 -0.0005911331 201901301250
1548874309 -0.0096039943 201901301251
1548874369 0.0012114391 201901301252
1548874429 -0.0096039943 201901301253
1548874489 -0.0059988498 201901301254
1548874548 0.0066191558 201901301255
1548874608 0.0030140113 201901301256
1548874668 0.0066191558 201901301257
1548874728 -0.0005911331 201901301258
1548874788 0.0030140113 201901301259
1548874848 -0.0023937054 201901301300
1548874908 -0.0059988498 201901301301
1548874968 0.0102243002 201901301302
1548875028 0.0066191558 201901301303
1548875088 0.0120268724 201901301304
1548875147 -0.0023937054 201901301305
1548875207 0.0084217280 201901301306
1548875267 -0.0096039943 201901301307
1548875327 -0.0059988498 201901301308
1548875387 0.0030140113 201901301309
1548875447 -0.0005911331 201901301310
1548875507 0.0030140113 201901301311
1548875567 -0.0059988498 201901301312
1548875627 -0.0023937054 201901301313
1548875687 -0.0005911331 201901301314
1548875746 0.0030140113 201901301315
1548875806 0.0012114391 201901301316
1548875866 -0.0059988498 201901301317
1548875926 -0.0005911331 201901301318
1548875986 0.0030140113 201901301319
1548876046 0.0030140113 201901301320
1548876106 0.0030140113 201901301321
1548876166 -0.0023937054 201901301322
1548876226 -0.0041962776 201901301323
1548876286 0.0048165835 201901301324
1548876345 0.0012114391 201901301325
1548876405 0.0012114391 201901301326
1548876465 0.0030140113 201901301327
1548876525 -0.0005911331 201901301328
1548876585 0.0030140113 201901301329
1548876645 0.0084217280 201901301330
1548876705 -0.0078014220 201901301331
1548876765 -0.0078014220 201901301332
1548876825 0.0030140113 201901301333
1548876885 -0.0059988498 201901301334
1548876945 0.0030140113 201901301335
1548877005 0.0102243002 201901301336
1548877065 -0.0023937054 201901301337
1548877125 0.0012114391 201901301338
1548877185 0.0012114391 201901301339
1548877245 0.0030140113 201901301340
1548877305 0.0048165835 201901301341
1548877365 -0.0005911331 201901301342
1548877425 -0.0041962776 201901301343
1548877485 -0.0023937054 201901301344
1548877544 0.0012114391 201901301345
1548877604 -0.0005911331 201901301346
1548877664 0.0012114391 201901301347
1548877724 0.0030140113 201901301348
1548877784 -0.0041962776 201901301349
1548877844 0.0012114391 201901301350
1548877904 -0.0096039943 201901301351
1548877964 0.0012114391 201901301352
1548878024 -0.0078014220 201901301353
1548878084 0.0084217280 201901301354
1548878143 0.0066191558 201901301355
1548878203 0.0048165835 201901301356
1548878263 -0.0096039943 201901301357
1548878323 0.0048165835 201901301358
1548878383 -0.0041962776 201901301359
1548878443 0.0030140113 201901301400
1548878503 0.0048165835 201901301401
1548878563 0.0120268724 201901301402
1548878623 0.0066191558 201901301403
1548878683 0.0066191558 201901301404
1548878742 -0.0023937054 201901301405
1548878802 0.0012114391 201901301406
1548878862 -0.0023937054 201901301407
1548878922 0.0066191558 201901301408
1548878982 0.0030140113 201901301409
1548879042 -0.0023937054 201901301410
1548879102 -0.0041962776 201901301411
1548879162 0.0012114391 201901301412
1548879222 -0.0078014220 201901301413
1548879282 0.0030140113 201901301414
1548879284 0.0048165835 201901301414
1548879344 0.0066191558 201901301415
1548879404 0.0048165835 201901301416
1548879464 0.0012114391 201901301417
1548879524 33.2280252407 201901301418
1548879584 33.1072529017 201901301419
1548879644 33.4912007854 201901301420
1548879704 33.0333474405 201901301421
1548879764 33.5578959576 201901301422
1548879824 33.0297422961 201901301423
1548879884 32.8621030792 201901301424
1548879893 33.3848490242 201901301424
1548879953 33.1360940573 201901301425
1548880013 32.8675107959 201901301426
1548880073 33.2821024074 201901301427
1548880133 33.0351500127 201901301428
1548880193 33.1757506462 201901301429
1548880253 32.9287982515 201901301430
1548880313 33.4028747464 201901301431
1548880373 32.9396136849 201901301432
1548880433 33.2784972629 201901301433
1548880493 33.2190123796 201901301434
1548880499 33.3992696019 201901301434
1548880559 32.8675107959 201901301435
1548880619 33.3325744297 201901301436
1548880679 33.4209004686 201901301437
1548880739 33.0675963128 201901301438
1548880799 33.1991840851 201901301439
1548880859 33.5795268243 201901301440
1548880919 33.2460509629 201901301441
1548880979 32.9053648126 201901301442
1548881039 33.4803853520 201901301443
1548881099 36.7448436493 201901301444
1548881107 37.0188346274 201901301445
1548881167 -0.0096039943 201901301446
1548881227 39.7695598409 201901301447
1548881287 43.0394258549 201901301448
1548881347 45.6008809850 201901301449
1548881407 45.7252584684 201901301450
1548881467 -0.0041962776 201901301451
1548881527 42.9510998159 201901301452
1548881587 -0.0005911331 201901301453
1548881647 40.5500736138 201901301454
1548881707 40.0868125523 201901301455
1548881715 40.2941083580 201901301455
1548881775 40.3463829525 201901301456
1548881835 43.7478367389 201901301457
1548881895 43.4900689109 201901301458
1548881955 43.5351332165 201901301459
1548882015 43.0087821271 201901301500
1548882075 43.0790824438 201901301501
1548882135 43.6018283887 201901301502
1548882195 43.2341036551 201901301503
1548882255 44.0560765891 201901301504
1548882315 43.4305840275 201901301505
1548882325 43.8541885001 201901301505
1548882385 43.6198541110 201901301506
1548882445 43.4828586220 201901301507
1548882505 43.4540174664 201901301508
1548882565 46.3399355967 201901301509
1548882625 46.6409651581 201901301510
1548882685 46.3417381689 201901301511
1548882745 46.4859439468 201901301512
1548882805 46.8031966582 201901301513
1548882865 46.0064597353 201901301514
1548882925 47.0267156140 201901301515
1548882931 46.8608789694 201901301515
1548882991 47.1979599753 201901301516
1548883051 47.0934107863 201901301517
1548883111 46.9888615973 201901301518
1548883171 47.4016506365 201901301519
1548883231 47.4106634977 201901301520
1548883291 46.9275741417 201901301521
1548883351 47.0159001807 201901301522
1548883411 46.9690333028 201901301523
1548883471 0.0066191558 201901301524
1548883531 47.3115220254 201901301525
1548883538 47.2880885864 201901301525
1548883598 47.0303207584 201901301526
1548883658 47.1132390807 201901301527
1548883718 47.4395046532 201901301528
1548883778 47.7747830869 201901301529
1548883838 48.3750396374 201901301530
1548883898 47.9784737482 201901301531
1548883958 -0.0023937054 201901301532
1548884018 48.0631946427 201901301533
1548884078 0.0048165835 201901301534
1548884138 46.5995059969 201901301535
1548884147 46.9311792861 201901301535
1548884207 40.7123051140 201901301536
1548884267 -0.0023937054 201901301537
1548884327 40.6618330917 201901301538
1548884387 40.5500736138 201901301539
1548884447 47.0591619140 201901301540
1548884507 46.6950423248 201901301541
1548884567 48.3858550708 201901301542
1548884627 47.7874010924 201901301543
1548884687 49.3970980883 201901301544
1548884747 49.3682569327 201901301545
1548884758 0.0030140113 201901301545
1548884818 -0.0078014220 201901301546
1548884878 0.0012114391 201901301547
1548884938 0.0084217280 201901301548
1548884998 46.5183902469 201901301549
1548885058 46.6391625859 201901301550
1548885118 46.8644841139 201901301551
1548885178 47.9550403093 201901301552
1548885238 48.2398467206 201901301553
1548885298 47.8414782592 201901301554
1548885358 48.0109200482 201901301555
1548885365 48.4597605319 201901301556
1548885425 47.9027657148 201901301557
1548885485 48.0415637760 201901301558
1548885545 47.8757271314 201901301559
1548885605 48.0758126483 201901301600
1548885665 48.0812203649 201901301601
1548885725 48.0397612038 201901301602
1548885785 48.5138376986 201901301603
1548885845 48.6346100376 201901301604
1548885905 48.6292023210 201901301605
1548885965 48.9698884713 201901301606
1548885972 48.7716055266 201901301606
1548886032 48.5552968598 201901301607
1548886092 48.8527212767 201901301608
1548886152 49.1501456936 201901301609
1548886212 49.2474845937 201901301610
1548886272 49.1807894215 201901301611
1548886332 49.1393302603 201901301612
1548886392 49.2294588715 201901301613
1548886452 49.4926344162 201901301614
1548886512 49.1375276881 201901301615
1548886572 49.3502312105 201901301616
1548886582 49.2510897382 201901301616
1548886642 49.3952955161 201901301617
1548886702 49.1952099992 201901301618
1548886762 49.0996736714 201901301619
1548886822 49.0023347713 201901301620
1548886882 48.9158113046 201901301621
1548886942 49.2925488993 201901301622
1548887002 49.2655103160 201901301623
1548887062 -0.0005911331 201901301624
1548887122 49.2510897382 201901301625
1548887182 49.4241366717 201901301626
1548887190 49.8207025609 201901301626
1548887250 49.6530633441 201901301627
1548887310 49.2709180326 201901301628
1548887370 49.7612176775 201901301629
1548887430 49.8837925887 201901301630
1548887490 49.5881707440 201901301631
1548887550 49.8441359998 201901301632
1548887610 49.2024202881 201901301633
1548887670 50.0153803611 201901301634
1548887730 49.6999302219 201901301635
1548887790 49.6116041829 201901301636
1548887800 50.0316035111 201901301636
1548887860 49.5413038662 201901301637
1548887920 49.7774408275 201901301638
1548887980 49.3970980883 201901301639
1548888040 49.3556389272 201901301640
1548888100 50.0928909667 201901301641
1548888160 49.4259392439 201901301642
1548888220 49.5953810329 201901301643
1548888280 50.0586420945 201901301644
1548888340 49.5521192996 201901301645
1548888400 49.8225051331 201901301646
1548888409 49.8765822998 201901301646
1548888469 49.8098871276 201901301647
1548888529 49.3502312105 201901301648
1548888589 49.6079990385 201901301649
1548888649 49.8188999887 201901301650
1548888709 49.5899733163 201901301651
1548888769 49.7161533719 201901301652
1548888829 49.3123771938 201901301653
1548888889 49.6152093274 201901301654
1548888949 49.7666253942 201901301655
1548889009 49.4944369884 201901301656
1548889018 49.3538363549 201901301656
1548889078 49.2817334660 201901301657
1548889138 49.5485141551 201901301658
1548889198 49.1285148270 201901301659
1548889258 50.0027623555 201901301700
1548889318 49.5196729995 201901301701
1548889378 49.2691154604 201901301702
1548889438 49.4385572495 201901301703
1548889498 49.2871411827 201901301704
1548889558 49.3862826550 201901301705
1548889618 49.2006177159 201901301706
1548889627 49.0347810713 201901301707
1548889687 49.6134067552 201901301708
1548889747 49.5629347329 201901301709
1548889807 49.4836215551 201901301710
1548889867 49.0203604935 201901301711
1548889927 48.7770132433 201901301712
1548889987 49.7413893831 201901301713
1548890047 48.9626781824 201901301714
1548890107 49.7431919553 201901301715
1548890167 49.7233636608 201901301716
1548890227 49.1555534103 201901301717
1548890234 49.2799308938 201901301717
1548890294 49.6873122163 201901301718
1548890354 49.2853386104 201901301719
1548890414 49.2348665882 201901301720
1548890474 49.6043938941 201901301721
1548890534 49.4998447051 201901301722
1548890594 49.3520337827 201901301723
1548890654 49.5701450218 201901301724
1548890714 49.1717765603 201901301725
1548890774 49.5268832884 201901301726
1548890834 49.7594151053 201901301727
1548890842 49.3358106327 201901301727
1548890902 49.4295443883 201901301728
1548890962 49.0492016491 201901301729
1548891022 49.4439649661 201901301730
1548891082 49.8170974165 201901301731
1548891142 49.2384717326 201901301732
1548891202 49.9450800444 201901301733
1548891262 49.6368401941 201901301734
1548891322 49.0239656380 201901301735
1548891382 49.6927199330 201901301736
1548891442 49.4583855439 201901301737
1548891450 49.6170118996 201901301737
1548891510 49.6458530552 201901301738
1548891570 49.5142652829 201901301739
1548891630 49.2691154604 201901301740
1548891690 49.8315179943 201901301741
1548891750 49.2294588715 201901301742
1548891810 49.1699739881 201901301743
1548891870 49.6278273330 201901301744
1548891930 49.3970980883 201901301745
1548891990 49.4043083772 201901301746
1548892050 49.6350376219 201901301747
1548892057 49.7215610886 201901301747
1548892117 49.7287713775 201901301748
1548892177 49.6206170441 201901301749
1548892237 49.5863681718 201901301750
1548892297 49.6458530552 201901301751
1548892357 49.8297154220 201901301752
1548892417 49.4169263828 201901301753
1548892477 49.5863681718 201901301754
1548892537 49.9126337443 201901301755
1548892597 49.5809604551 201901301756
1548892657 49.5160678551 201901301757
1548892664 49.3358106327 201901301757
1548892724 49.2132357215 201901301758
1548892784 49.2366691604 201901301759
1548892844 49.9162388888 201901301800
1548892904 49.3898877994 201901301801
1548892964 49.5737501662 201901301802
1548893024 49.7377842386 201901301803
1548893084 49.9180414610 201901301804
1548893144 49.7594151053 201901301805
1548893204 49.3772697938 201901301806
1548893264 49.3304029160 201901301807
1548893275 50.0171829333 201901301807
1548893335 49.3826775105 201901301808
1548893395 50.0856806778 201901301809
1548893455 50.1361527001 201901301810
1548893515 50.1487707056 201901301811
1548893575 49.9955520666 201901301812
1548893635 49.7702305386 201901301813
1548893695 49.5413038662 201901301814
1548893755 49.5322910051 201901301815
1548893815 49.4061109494 201901301816
1548893875 49.9180414610 201901301817
1548893887 49.4205315272 201901301818
1548893947 49.2438794493 201901301819
1548894007 50.0478266611 201901301820
1548894067 49.9811314888 201901301821
1548894127 49.5629347329 201901301822
1548894187 49.5737501662 201901301823
1548894247 49.8837925887 201901301824
1548894307 49.6945225052 201901301825
1548894367 49.8080845553 201901301826
1548894427 49.9595006221 201901301827
1548894487 49.7720331109 201901301828
1548894499 49.5917758885 201901301828
1548894559 49.3213900549 201901301829
1548894619 49.4944369884 201901301830
1548894679 48.9049958712 201901301831
1548894739 49.7954665498 201901301832
1548894799 49.3538363549 201901301833
1548894859 49.4944369884 201901301834
1548894919 49.6837070719 201901301835
1548894979 49.2979566160 201901301836
1548895039 49.4818189828 201901301837
1548895099 49.5719475940 201901301838
1548895110 49.6206170441 201901301838
1548895170 49.2150382937 201901301839
1548895230 49.3772697938 201901301840
1548895290 49.6963250775 201901301841
1548895350 49.2114331493 201901301842
1548895410 49.7738356831 201901301843
1548895470 49.4025058050 201901301844
1548895530 49.4205315272 201901301845
1548895590 49.1753817048 201901301846
1548895650 49.0239656380 201901301847
1548895710 49.5142652829 201901301848
1548895721 49.1411328325 201901301848
1548895781 49.1699739881 201901301849
1548895841 49.6079990385 201901301850
1548895901 49.0401887880 201901301851
1548895961 49.8080845553 201901301852
1548896021 49.2835360382 201901301853
1548896081 50.0153803611 201901301854
1548896141 49.3304029160 201901301855
1548896201 49.6061964663 201901301856
1548896261 49.4601881161 201901301857
1548896321 49.5449090107 201901301858
1548896331 49.6999302219 201901301858
1548896391 49.1825919937 201901301859
1548896451 49.2366691604 201901301900
1548896511 49.3502312105 201901301901
1548896571 48.9789013324 201901301902
1548896631 49.5124627106 201901301903
1548896691 49.8549514332 201901301904
1548896751 49.3736646494 201901301905
1548896811 49.4349521050 201901301906
1548896871 49.7413893831 201901301907
1548896931 49.8495437165 201901301908
1548896942 49.4872266995 201901301909
1548897002 49.3628492161 201901301910
1548897062 49.1934074270 201901301911
1548897122 49.5539218718 201901301912
1548897182 49.7125482275 201901301913
1548897242 49.2240511548 201901301914
1548897302 49.6098016107 201901301915
1548897362 49.7900588331 201901301916
1548897422 49.4655958328 201901301917
1548897482 49.3304029160 201901301918
1548897542 49.2709180326 201901301919
1548897552 49.3574414994 201901301919
1548897612 49.8621617221 201901301920
1548897672 49.2402743048 201901301921
1548897732 49.6746942108 201901301922
1548897792 49.6440504830 201901301923
1548897852 49.1645662714 201901301924
1548897912 49.5178704273 201901301925
1548897972 49.7792433998 201901301926
1548898032 49.2546948826 201901301927
1548898092 49.3123771938 201901301928
1548898152 49.6801019275 201901301929
1548898162 49.5431064384 201901301929
1548898222 49.8783848721 201901301930
1548898282 49.7972691220 201901301931
1548898342 49.8495437165 201901301932
1548898402 49.8207025609 201901301933
1548898462 49.4295443883 201901301934
1548898522 49.3484286383 201901301935
1548898582 49.2312614437 201901301936
1548898642 49.5431064384 201901301937
1548898702 49.1663688437 201901301938
1548898762 49.8333205665 201901301939
1548898770 49.1267122547 201901301939
1548898830 49.1050813881 201901301940
1548898890 49.9576980499 201901301941
1548898950 49.1285148270 201901301942
1548899010 49.4403598217 201901301943
1548899070 48.9590730379 201901301944
1548899130 49.6927199330 201901301945
1548899190 49.7972691220 201901301946
1548899250 49.1573559825 201901301947
1548899310 49.0275707824 201901301948
1548899370 49.4673984050 201901301949
1548899379 49.6260247607 201901301949
1548899439 49.4331495328 201901301950
1548899499 49.6134067552 201901301951
1548899559 49.6116041829 201901301952
1548899619 49.2168408659 201901301953
1548899679 49.5016472773 201901301954
1548899739 49.7125482275 201901301955
1548899799 49.8837925887 201901301956
1548899859 49.8549514332 201901301957
1548899919 49.4043083772 201901301958
1548899979 49.3556389272 201901301959
1548899989 49.8225051331 201901301959
1548900049 49.1086865325 201901302000
1548900109 49.5755527385 201901302001
1548900169 49.7702305386 201901302002
1548900229 49.5683424496 201901302003
1548900289 49.4187289550 201901302004
1548900349 49.8513462887 201901302005
1548900409 49.2150382937 201901302006
1548900469 49.6620762052 201901302007
1548900529 49.2330640159 201901302008
1548900589 49.6692864941 201901302009
1548900598 49.5575270162 201901302009
1548900658 49.1753817048 201901302010
1548900718 49.5106601384 201901302011
1548900778 49.5737501662 201901302012
1548900838 49.2294588715 201901302013
1548900898 48.9086010157 201901302014
1548900958 49.4277418161 201901302015
1548901018 49.2438794493 201901302016
1548901078 49.1879997103 201901302017
1548901138 49.6494581996 201901302018
1548901198 49.6476556274 201901302019
1548901207 49.6981276497 201901302020
1548901267 49.6440504830 201901302021
1548901327 49.4836215551 201901302022
1548901387 49.7738356831 201901302023
1548901447 49.1501456936 201901302024
1548901507 49.0672273714 201901302025
1548901567 49.3610466438 201901302026
1548901627 49.4421623939 201901302027
1548901687 49.3556389272 201901302028
1548901747 49.1231071103 201901302029
1548901807 48.9933219102 201901302030
1548901816 49.2240511548 201901302030
1548901876 49.3340080605 201901302031
1548901936 49.2871411827 201901302032
1548901996 49.5178704273 201901302033
1548902056 49.4277418161 201901302034
1548902116 49.5178704273 201901302035
1548902176 49.2294588715 201901302036
1548902236 49.5593295885 201901302037
1548902296 49.6981276497 201901302038
1548902356 49.2564974549 201901302039
1548902416 49.5737501662 201901302040
1548902424 49.3574414994 201901302040
1548902484 49.3304029160 201901302041
1548902544 49.3790723661 201901302042
1548902604 49.6170118996 201901302043
1548902664 49.6891147886 201901302044
1548902724 49.4980421328 201901302045
1548902784 49.4782138384 201901302046
1548902844 49.5016472773 201901302047
1548902904 49.4205315272 201901302048
1548902964 49.1393302603 201901302049
1548903024 49.5250807162 201901302050
1548903032 49.4241366717 201901302050
1548903092 49.0185579213 201901302051
1548903152 49.3177849105 201901302052
1548903212 49.7413893831 201901302053
1548903272 48.8383006989 201901302054
1548903332 49.1861971381 201901302055
1548903392 49.6638787774 201901302056
1548903452 49.6494581996 201901302057
1548903512 49.0978710992 201901302058
1548903572 49.2997591882 201901302059
1548903632 49.5395012940 201901302100
1548903640 49.4367546772 201901302100
1548903700 49.4818189828 201901302101
1548903760 49.4313469606 201901302102
1548903820 49.1519482659 201901302103
1548903880 49.1537508381 201901302104
1548903940 49.6891147886 201901302105
1548904000 49.4710035495 201901302106
1548904060 49.4547803995 201901302107
1548904120 49.7035353664 201901302108
1548904180 49.6963250775 201901302109
1548904240 49.4872266995 201901302110
1548904247 49.3952955161 201901302110
1548904307 49.2799308938 201901302111
1548904367 49.1861971381 201901302112
1548904427 49.3033643327 201901302113
1548904487 49.5070549940 201901302114
1548904547 49.7395868108 201901302115
1548904607 49.1898022826 201901302116
1548904667 49.0401887880 201901302117
1548904727 49.2637077437 201901302118
1548904787 48.7824209600 201901302119
1548904847 49.5917758885 201901302120
1548904855 49.3556389272 201901302120
1548904915 49.5863681718 201901302121
1548904975 49.4854241273 201901302122
1548905035 49.1934074270 201901302123
1548905095 49.6891147886 201901302124
1548905155 49.5737501662 201901302125
1548905215 49.0690299436 201901302126
1548905275 49.4529778273 201901302127
1548905335 49.6170118996 201901302128
1548905395 49.0257682102 201901302129
1548905455 49.2492871660 201901302130
1548905462 50.0316035111 201901302131
1548905522 49.1879997103 201901302132
1548905582 48.9500601768 201901302133
1548905642 49.2835360382 201901302134
1548905702 49.1934074270 201901302135
1548905762 49.2096305770 201901302136
1548905822 49.6602736330 201901302137
1548905882 49.4529778273 201901302138
1548905942 49.5160678551 201901302139
1548906002 49.2096305770 201901302140
1548906062 49.3286003438 201901302141
1548906071 49.3376132049 201901302141
1548906131 49.5196729995 201901302142
1548906191 49.2997591882 201901302143
1548906251 49.6332350496 201901302144
1548906311 49.2835360382 201901302145
1548906371 49.5737501662 201901302146
1548906431 49.1807894215 201901302147
1548906491 49.4980421328 201901302148
1548906551 49.3358106327 201901302149
1548906611 49.2042228604 201901302150
1548906671 49.8116896998 201901302151
1548906683 49.7161533719 201901302151
1548906743 49.2114331493 201901302152
1548906803 49.2745231771 201901302153
1548906863 49.6548659163 201901302154
1548906923 49.6134067552 201901302155
1548906983 49.6530633441 201901302156
1548907043 49.5449090107 201901302157
1548907103 49.2366691604 201901302158
1548907163 49.1699739881 201901302159
1548907223 49.1789868492 201901302200
1548907283 49.5989861774 201901302201
1548907294 49.6079990385 201901302201
1548907354 49.4692009773 201901302202
1548907414 49.6981276497 201901302203
1548907474 49.2673128882 201901302204
1548907534 48.9428498879 201901302205
1548907594 49.4728061217 201901302206
1548907654 49.3213900549 201901302207
1548907714 49.5034498495 201901302208
1548907774 49.5899733163 201901302209
1548907834 49.7341790942 201901302210
1548907894 49.2204460104 201901302211
1548907905 49.1447379770 201901302211
1548907965 49.6116041829 201901302212
1548908025 49.3322054883 201901302213
1548908085 49.2258537270 201901302214
1548908145 49.2997591882 201901302215
1548908205 49.2745231771 201901302216
1548908265 49.3574414994 201901302217
1548908325 48.9716910435 201901302218
1548908385 49.3880852272 201901302219
1548908445 49.6602736330 201901302220
1548908505 49.8459385720 201901302221
1548908515 49.3484286383 201901302221
1548908575 49.9054234554 201901302222
1548908635 49.8765822998 201901302223
1548908695 49.6566684885 201901302224
1548908755 49.3736646494 201901302225
1548908815 49.8892003054 201901302226
1548908875 49.6242221885 201901302227
1548908935 48.9752961879 201901302228
1548908995 49.4583855439 201901302229
1548909055 49.6079990385 201901302230
1548909115 49.3646517883 201901302231
1548909125 49.1735791326 201901302232
1548909185 49.3808749383 201901302233
1548909245 49.0816479491 201901302234
1548909305 49.5467115829 201901302235
1548909365 49.4421623939 201901302236
1548909425 49.7918614053 201901302237
1548909485 49.7918614053 201901302238
1548909545 49.5376987218 201901302239
1548909605 49.5701450218 201901302240
1548909665 49.4565829717 201901302241
1548909725 49.2907463271 201901302242
1548909736 49.2961540438 201901302242
1548909796 49.6909173608 201901302243
1548909856 49.2943514716 201901302244
1548909916 49.6079990385 201901302245
1548909976 48.9230215934 201901302246
1548910036 49.5395012940 201901302247
1548910096 49.6602736330 201901302248
1548910156 49.6332350496 201901302249
1548910216 48.8977855823 201901302250
1548910276 49.6566684885 201901302251
1548910336 49.5899733163 201901302252
1548910346 48.7752106711 201901302252
1548910406 49.5539218718 201901302253
1548910466 49.4800164106 201901302254
1548910526 49.5088575662 201901302255
1548910586 49.6494581996 201901302256
1548910646 49.2619051715 201901302257
1548910706 49.5088575662 201901302258
1548910766 49.1609611270 201901302259
1548910826 49.4115186661 201901302300
1548910886 49.1663688437 201901302301
1548910946 49.2132357215 201901302302
1548910956 49.6260247607 201901302302
1548911016 49.6061964663 201901302303
1548911076 49.3015617604 201901302304
1548911136 49.4277418161 201901302305
1548911196 49.4655958328 201901302306
1548911256 48.9770987602 201901302307
1548911316 49.0185579213 201901302308
1548911376 49.1807894215 201901302309
1548911436 49.4710035495 201901302310
1548911496 49.1104891047 201901302311
1548911556 49.3862826550 201901302312
1548911566 49.3916903716 201901302312
1548911626 49.5232781440 201901302313
1548911686 49.3862826550 201901302314
1548911746 49.5214755718 201901302315
1548911806 49.1321199714 201901302316
1548911866 49.6801019275 201901302317
1548911926 49.5629347329 201901302318
1548911986 49.3610466438 201901302319
1548912046 49.5719475940 201901302320
1548912106 49.5683424496 201901302321
1548912166 49.6656813497 201901302322
1548912176 49.2943514716 201901302322
1548912236 49.3412183494 201901302323
1548912296 49.0762402325 201901302324
1548912356 48.9752961879 201901302325
1548912416 49.0095450602 201901302326
1548912476 48.5805328709 201901302327
1548912536 49.7395868108 201901302328
1548912596 49.4367546772 201901302329
1548912656 48.6580434765 201901302330
1548912716 49.0131502046 201901302331
1548912776 49.5719475940 201901302332
1548912786 49.1483431214 201901302333
1548912846 49.3033643327 201901302334
1548912906 49.6891147886 201901302335
1548912966 49.3033643327 201901302336
1548913026 49.2348665882 201901302337
1548913086 49.5485141551 201901302338
1548913146 49.6476556274 201901302339
1548913206 49.7197585164 201901302340
1548913266 49.5052524217 201901302341
1548913326 49.6782993552 201901302342
1548913386 49.4980421328 201901302343
1548913394 49.6134067552 201901302343
1548913454 49.4890292717 201901302344
1548913514 49.3322054883 201901302345
1548913574 49.7449945275 201901302346
1548913634 49.7287713775 201901302347
1548913694 49.3141797660 201901302348
1548913754 49.9414748999 201901302349
1548913814 49.3826775105 201901302350
1548913874 49.3574414994 201901302351
1548913934 49.4980421328 201901302352
1548913994 49.3718620772 201901302353
