1550469614 -1.0000000000 2019021800007
1550469670 51.7368368348 201902180001
1550469730 51.1185545621 201902180002
1550469790 51.4087686901 201902180003
1550469850 51.5673950458 201902180004
1550469910 51.4015584012 201902180005
1550469970 50.9148639008 201902180006
1550470030 51.8467937405 201902180007
1550470090 51.3186400789 201902180008
1550470150 51.5115153068 201902180009
1550470210 50.9743487842 201902180010
1550470222 52.0919435629 201902180010
1550470282 51.2934040678 201902180011
1550470342 51.4772664346 201902180012
1550470402 51.5872233402 201902180013
1550470462 51.5421590347 201902180014
1550470522 51.4736612901 201902180015
1550470582 51.1329751398 201902180016
1550470642 51.3745198178 201902180017
1550470702 51.4808715790 201902180018
1550470762 51.3853352512 201902180019
1550470822 50.8932330341 201902180020
1550470836 51.1600137232 201902180020
1550470896 51.3240477956 201902180021
1550470956 51.7007853903 201902180022
1550471016 51.5980387736 201902180023
1550471076 51.4538329957 201902180024
1550471136 51.3078246456 201902180025
1550471196 51.8035320071 201902180026
1550471256 51.8305705905 201902180027
1550471316 51.3060220733 201902180028
1550471376 51.6358927903 201902180029
1550471436 51.5061075902 201902180030
1550471450 51.4772664346 201902180030
1550471510 51.2970092122 201902180031
1550471570 51.0410439564 201902180032
1550471630 51.7422445515 201902180033
1550471690 51.4646484290 201902180034
1550471750 51.6431030792 201902180035
1550471810 16.7813562706 201902180036
1550471870 51.6052490625 201902180037
1550471930 51.7584677015 201902180038
1550471990 50.4894568559 201902180039
1550472050 50.0081700722 201902180040
1550472067 51.5403564624 201902180041
1550472127 51.7837037126 201902180042
1550472187 51.4970947291 201902180043
1550472247 50.8445635840 201902180044
1550472307 51.2104857455 201902180045
1550472367 51.3727172456 201902180046
1550472427 51.4285969846 201902180047
1550472487 51.5655924736 201902180048
1550472547 51.5710001902 201902180049
1550472607 51.5619873291 201902180050
1550472667 49.7323765219 201902180051
1550472687 51.3853352512 201902180051
1550472747 51.1221597065 201902180052
1550472807 51.4484252790 201902180053
1550472867 51.5025024457 201902180054
1550472927 51.4141764068 201902180055
1550472987 50.5182980115 201902180056
1550473047 51.1059365565 201902180057
1550473107 51.6214722125 201902180058
1550473167 51.2231037510 201902180059
1550473227 0.0012114391 201902180100
1550473287 51.6088542069 201902180101
1550473303 51.7224162570 201902180101
1550473363 51.4177815512 201902180102
1550473423 51.8395834516 201902180103
1550473483 50.6787269394 201902180104
1550473543 51.3330606567 201902180105
1550473603 51.3078246456 201902180106
1550473663 51.0140053731 201902180107
1550473723 50.8049069951 201902180108
1550473783 51.1654214399 201902180109
1550473843 51.5980387736 201902180110
1550473903 52.0685101240 201902180111
1550473919 51.7855062849 201902180111
1550473979 51.2970092122 201902180112
1550474039 51.3979532567 201902180113
1550474099 51.8089397238 201902180114
1550474159 51.3168375067 201902180115
1550474219 51.6142619236 201902180116
1550474279 51.8612143183 201902180117
1550474339 51.5511718958 201902180118
1550474399 50.7075680950 201902180119
1550474459 50.9022458952 201902180120
1550474519 51.2645629122 201902180121
1550474531 52.0018149517 201902180122
1550474591 51.1780394454 201902180123
1550474651 51.6394979347 201902180124
1550474711 50.8770098841 201902180125
1550474771 51.0608722509 201902180126
1550474831 51.1600137232 201902180127
1550474891 51.3276529400 201902180128
1550474951 51.2140908899 201902180129
1550475011 51.6376953625 201902180130
1550475071 51.3745198178 201902180131
1550475131 51.3853352512 201902180132
1550475147 51.5169230235 201902180132
1550475207 51.5601847569 201902180133
1550475267 51.0879108343 201902180134
1550475327 51.3817301067 201902180135
1550475387 51.5061075902 201902180136
1550475447 51.4412149901 201902180137
1550475507 51.2573526233 201902180138
1550475567 51.4790690068 201902180139
1550475627 51.3150349345 201902180140
1550475687 51.7260214015 201902180141
1550475747 51.3600992400 201902180142
1550475763 51.2753783455 201902180142
1550475823 51.4574381401 201902180143
1550475883 51.1654214399 201902180144
1550475943 51.4574381401 201902180145
1550476003 51.4610432846 201902180146
1550476063 51.6503133681 201902180147
1550476123 51.6503133681 201902180148
1550476183 50.9202716174 201902180149
1550476243 51.5728027625 201902180150
1550476303 51.7097982515 201902180151
1550476363 51.7620728460 201902180152
1550476377 51.6773519514 201902180152
1550476437 50.8427610118 201902180153
1550476497 51.5277384569 201902180154
1550476557 51.6899699570 201902180155
1550476617 51.5043050180 201902180156
1550476677 51.5691976180 201902180157
1550476737 51.4502278512 201902180158
1550476797 51.3709146734 201902180159
1550476857 51.0843056898 201902180200
1550476917 51.1419880010 201902180201
1550476977 51.2627603400 201902180202
1550476991 51.4051635456 201902180203
1550477051 51.2952066400 201902180204
1550477111 51.1455931454 201902180205
1550477171 50.7832761284 201902180206
1550477231 51.2086831732 201902180207
1550477291 51.2934040678 201902180208
1550477351 51.4430175623 201902180209
1550477411 51.3312580845 201902180210
1550477471 51.7476522682 201902180211
1550477531 51.7007853903 201902180212
1550477591 51.6971802459 201902180213
1550477605 51.3546915234 201902180213
1550477665 51.1113442732 201902180214
1550477725 51.0861082620 201902180215
1550477785 51.3889403956 201902180216
1550477845 50.7724606951 201902180217
1550477905 51.3366658011 201902180218
1550477965 51.4574381401 201902180219
1550478025 51.4646484290 201902180220
1550478085 50.9310870508 201902180221
1550478145 51.4592407124 201902180222
1550478205 51.0590696787 201902180223
1550478217 51.0807005454 201902180223
1550478277 51.3564940956 201902180224
1550478337 51.1023314120 201902180225
1550478397 51.0861082620 201902180226
1550478457 51.0374388120 201902180227
1550478517 50.7634478340 201902180228
1550478577 51.4285969846 201902180229
1550478637 51.5403564624 201902180230
1550478697 51.6971802459 201902180231
1550478757 51.7458496959 201902180232
1550478817 51.1311725676 201902180233
1550478833 51.2988117844 201902180233
1550478893 51.7782959960 201902180234
1550478953 51.3492838067 201902180235
1550479013 51.0554645342 201902180236
1550479073 51.5097127346 201902180237
1550479133 51.7025879626 201902180238
1550479193 51.7620728460 201902180239
1550479253 51.2591551955 201902180240
1550479313 51.3546915234 201902180241
1550479373 51.0446491009 201902180242
1550479433 51.4123738345 201902180243
1550479448 51.7116008237 201902180244
1550479508 51.6665365181 201902180245
1550479568 51.3637043845 201902180246
1550479628 51.5890259125 201902180247
1550479688 51.7819011404 201902180248
1550479748 51.6737468070 201902180249
1550479808 51.1059365565 201902180250
1550479868 51.7350342626 201902180251
1550479928 51.5385538902 201902180252
1550479988 50.6120317672 201902180253
1550480048 51.5043050180 201902180254
1550480064 51.0284259509 201902180254
1550480124 51.2285114677 201902180255
1550480184 51.3600992400 201902180256
1550480244 51.2970092122 201902180257
1550480304 51.4231892679 201902180258
1550480364 51.2176960344 201902180259
1550480424 51.5710001902 201902180300
1550480484 51.6467082236 201902180301
1550480544 51.7097982515 201902180302
1550480604 51.7170085404 201902180303
1550480664 50.9545204897 201902180304
1550480680 51.4718587179 201902180304
1550480740 51.2988117844 201902180305
1550480800 51.5908284847 201902180306
1550480860 51.3366658011 201902180307
1550480920 50.5669674616 201902180308
1550480980 51.7422445515 201902180309
1550481040 51.2086831732 201902180310
1550481100 51.7927165738 201902180311
1550481160 51.6809570959 201902180312
1550481220 51.4231892679 201902180313
1550481280 51.6989828181 201902180314
1550481297 51.2952066400 201902180314
1550481357 51.3222452233 201902180315
1550481417 51.1257648510 201902180316
1550481477 51.5962362014 201902180317
1550481537 51.6358927903 201902180318
1550481597 51.5259358846 201902180319
1550481657 50.8427610118 201902180320
1550481717 51.4862792957 201902180321
1550481777 50.9653359230 201902180322
1550481837 51.6394979347 201902180323
1550481897 51.6052490625 201902180324
1550481913 51.0536619620 201902180325
1550481973 51.1906574510 201902180326
1550482033 51.4213866957 201902180327
1550482093 51.3763223901 201902180328
1550482153 51.7927165738 201902180329
1550482213 51.4015584012 201902180330
1550482273 51.3006143567 201902180331
1550482333 51.8503988849 201902180332
1550482393 51.1401854287 201902180333
1550482453 51.2086831732 201902180334
1550482513 51.4069661179 201902180335
1550482528 51.4051635456 201902180335
1550482588 51.5529744680 201902180336
1550482648 51.2176960344 201902180337
1550482708 51.4484252790 201902180338
1550482768 51.2213011788 201902180339
1550482828 51.3582966678 201902180340
1550482888 51.2447346177 201902180341
1550482948 51.4538329957 201902180342
1550483008 51.5043050180 201902180343
1550483068 51.4592407124 201902180344
1550483128 51.5277384569 201902180345
1550483145 51.2609577677 201902180345
1550483205 51.2447346177 201902180346
1550483265 51.1726317288 201902180347
1550483325 50.9004433230 201902180348
1550483385 51.1672240121 201902180349
1550483445 51.4664510013 201902180350
1550483505 51.4141764068 201902180351
1550483565 51.3889403956 201902180352
1550483625 50.9833616453 201902180353
1550483685 51.2717732011 201902180354
1550483745 51.5908284847 201902180355
1550483764 51.9206992017 201902180356
1550483824 50.8517738729 201902180357
1550483884 51.1798420177 201902180358
1550483944 51.1978677399 201902180359
1550484004 51.6214722125 201902180400
1550484064 51.3727172456 201902180401
1550484124 51.1528034343 201902180402
1550484184 51.4754638624 201902180403
1550484244 51.7602702737 201902180404
1550484304 51.0518593898 201902180405
1550484364 51.2429320455 201902180406
1550484379 51.2303140399 201902180406
1550484439 51.6196696403 201902180407
1550484499 50.8860227452 201902180408
1550484559 51.3024169289 201902180409
1550484619 50.7183835284 201902180410
1550484679 51.1708291565 201902180411
1550484739 51.3799275345 201902180412
1550484799 51.5006998735 201902180413
1550484859 51.2483397622 201902180414
1550484919 51.5890259125 201902180415
1550484979 51.5764079069 201902180416
1550484998 51.4574381401 201902180416
1550485058 51.2104857455 201902180417
1550485118 51.3655069567 201902180418
1550485178 51.3168375067 201902180419
1550485238 51.6070516347 201902180420
1550485298 51.6178670681 201902180421
1550485358 51.0031899397 201902180422
1550485418 51.0662799676 201902180423
1550485478 50.8607867341 201902180424
1550485538 51.4718587179 201902180425
1550485598 51.2717732011 201902180426
1550485613 51.2735757733 201902180426
1550485673 51.4898844402 201902180427
1550485733 51.2573526233 201902180428
1550485793 51.4772664346 201902180429
1550485853 51.5637899013 201902180430
1550485913 51.5836181958 201902180431
1550485973 51.3492838067 201902180432
1550486033 51.3979532567 201902180433
1550486093 51.5385538902 201902180434
1550486153 51.8648194627 201902180435
1550486213 51.5601847569 201902180436
1550486229 51.4322021290 201902180437
1550486289 51.2825886344 201902180438
1550486349 51.1491982899 201902180439
1550486409 51.9946046628 201902180440
1550486469 51.7530599848 201902180441
1550486529 51.4592407124 201902180442
1550486589 50.8229327174 201902180443
1550486649 51.4249918401 201902180444
1550486709 51.1888548788 201902180445
1550486769 51.5998413458 201902180446
1550486829 51.3637043845 201902180447
1550486848 51.4610432846 201902180447
1550486908 51.2916014955 201902180448
1550486968 51.4340047012 201902180449
1550487028 51.1582111510 201902180450
1550487088 51.1924600232 201902180451
1550487148 51.0320310953 201902180452
1550487208 51.3132323622 201902180453
1550487268 51.3871378234 201902180454
1550487328 51.3925455401 201902180455
1550487388 51.8540040294 201902180456
1550487448 51.4340047012 201902180457
1550487464 51.2807860622 201902180457
1550487524 51.5619873291 201902180458
1550487584 51.2249063233 201902180459
1550487644 51.5025024457 201902180500
1550487704 51.0933185509 201902180501
1550487764 51.3907429679 201902180502
1550487824 51.3745198178 201902180503
1550487884 50.5309160171 201902180504
1550487944 51.4213866957 201902180505
1550488004 51.1437905732 201902180506
1550488064 51.3582966678 201902180507
1550488080 51.0572671064 201902180508
1550488140 51.0987262676 201902180509
1550488200 51.1275674232 201902180510
1550488260 51.5547770402 201902180511
1550488320 51.6683390903 201902180512
1550488380 51.4646484290 201902180513
1550488440 51.4934895846 201902180514
1550488500 51.2897989233 201902180515
1550488560 51.0987262676 201902180516
1550488620 51.4646484290 201902180517
1550488680 51.3006143567 201902180518
1550488700 51.4646484290 201902180518
1550488760 51.4862792957 201902180519
1550488820 51.4069661179 201902180520
1550488880 51.2158934621 201902180521
1550488940 51.5349487458 201902180522
1550489000 51.2537474788 201902180523
1550489060 51.4177815512 201902180524
1550489120 51.0897134065 201902180525
1550489180 51.1419880010 201902180526
1550489240 51.6683390903 201902180527
1550489300 50.9148639008 201902180528
1550489316 51.4592407124 201902180528
1550489376 51.4610432846 201902180529
1550489436 51.8612143183 201902180530
1550489496 51.4087686901 201902180531
1550489556 52.0955487074 201902180532
1550489616 51.0915159787 201902180533
1550489676 51.6485107959 201902180534
1550489736 51.6268799292 201902180535
1550489796 51.6575236570 201902180536
1550489856 51.3042195011 201902180537
1550489916 51.1600137232 201902180538
1550489934 51.0969236954 201902180538
1550489994 51.0807005454 201902180539
1550490054 51.1906574510 201902180540
1550490114 51.2663654844 201902180541
1550490174 51.8558066016 201902180542
1550490234 51.7764934237 201902180543
1550490294 51.8395834516 201902180544
1550490354 51.3835326790 201902180545
1550490414 51.3582966678 201902180546
1550490474 51.9837892295 201902180547
1550490534 51.5061075902 201902180548
1550490547 51.3600992400 201902180549
1550490607 51.2267088955 201902180550
1550490667 51.3096272178 201902180551
1550490727 51.2735757733 201902180552
1550490787 51.6340902181 201902180553
1550490847 50.7688555506 201902180554
1550490907 51.1401854287 201902180555
1550490967 51.2627603400 201902180556
1550491027 51.1329751398 201902180557
1550491087 51.4790690068 201902180558
1550491147 51.3474812345 201902180559
1550491164 51.1618162954 201902180559
1550491224 51.3673095289 201902180600
1550491284 51.5926310569 201902180601
1550491344 51.7927165738 201902180602
1550491404 51.6791545237 201902180603
1550491464 51.0644773953 201902180604
1550491524 51.2735757733 201902180605
1550491584 51.3727172456 201902180606
1550491644 50.1704015723 201902180607
1550491704 51.3204426511 201902180608
1550491764 51.6394979347 201902180609
1550491782 51.5259358846 201902180609
1550491842 51.7746908515 201902180610
1550491902 51.5313436013 201902180611
1550491962 51.5962362014 201902180612
1550492022 51.6899699570 201902180613
1550492082 50.6823320839 201902180614
1550492142 51.7764934237 201902180615
1550492202 51.1564085788 201902180616
1550492262 51.5908284847 201902180617
1550492322 50.7526324006 201902180618
1550492382 51.0248208064 201902180619
1550492398 51.8702271794 201902180619
1550492458 51.2285114677 201902180620
1550492518 51.4394124179 201902180621
1550492578 51.0356362398 201902180622
1550492638 50.9364947675 201902180623
1550492698 51.1131468454 201902180624
1550492758 51.1221597065 201902180625
1550492818 51.8215577293 201902180626
1550492878 51.6485107959 201902180627
1550492938 51.0608722509 201902180628
1550492998 51.3366658011 201902180629
1550493015 51.4574381401 201902180630
1550493075 51.5187255957 201902180631
1550493135 51.1816445899 201902180632
1550493195 51.3619018123 201902180633
1550493255 50.6516883561 201902180634
1550493315 51.3204426511 201902180635
1550493375 51.4105712623 201902180636
1550493435 51.1780394454 201902180637
1550493495 51.3907429679 201902180638
1550493555 51.0284259509 201902180639
1550493615 51.1924600232 201902180640
1550493634 51.2627603400 201902180640
1550493694 51.3907429679 201902180641
1550493754 51.4754638624 201902180642
1550493814 51.1528034343 201902180643
1550493874 51.9225017739 201902180644
1550493934 51.3835326790 201902180645
1550493994 51.5385538902 201902180646
1550494054 51.3366658011 201902180647
1550494114 51.1654214399 201902180648
1550494174 51.3925455401 201902180649
1550494234 51.0464516731 201902180650
1550494249 51.3096272178 201902180650
1550494309 12.4551829334 201902180651
1550494369 51.5205281680 201902180652
1550494429 51.2807860622 201902180653
1550494489 51.8107422960 201902180654
1550494549 51.6088542069 201902180655
1550494609 51.5511718958 201902180656
1550494669 51.0987262676 201902180657
1550494729 51.6863648126 201902180658
1550494789 51.6503133681 201902180659
1550494849 51.4394124179 201902180700
1550494866 51.2573526233 201902180701
1550494926 51.5349487458 201902180702
1550494986 51.3853352512 201902180703
1550495046 51.0374388120 201902180704
1550495106 51.1960651677 201902180705
1550495166 51.7800985682 201902180706
1550495226 51.5205281680 201902180707
1550495286 51.5025024457 201902180708
1550495346 51.6034464903 201902180709
1550495406 51.7278239737 201902180710
1550495466 51.0698851120 201902180711
1550495481 51.0049925120 201902180711
1550495541 51.1618162954 201902180712
1550495601 51.4790690068 201902180713
1550495661 51.0572671064 201902180714
1550495721 51.3619018123 201902180715
1550495781 50.9437050563 201902180716
1550495841 51.4376098457 201902180717
1550495901 51.9279094905 201902180718
1550495961 51.2213011788 201902180719
1550496021 51.2573526233 201902180720
1550496081 51.2357217566 201902180721
1550496096 51.4646484290 201902180721
1550496156 51.5475667513 201902180722
1550496216 51.3907429679 201902180723
1550496276 51.2050780288 201902180724
1550496336 51.4051635456 201902180725
1550496396 51.3673095289 201902180726
1550496456 51.2411294733 201902180727
1550496516 51.7079956792 201902180728
1550496576 51.5205281680 201902180729
1550496636 51.3240477956 201902180730
1550496696 51.5097127346 201902180731
1550496710 50.6534909283 201902180731
1550496770 51.6106567792 201902180732
1550496830 51.9477377850 201902180733
1550496890 0.0030140113 201902180734
1550496950 -0.0023937054 201902180735
1550497010 51.0590696787 201902180736
1550497070 51.3727172456 201902180737
1550497130 51.4538329957 201902180738
1550497190 51.5223307402 201902180739
1550497250 51.4303995568 201902180740
1550497310 51.1419880010 201902180741
1550497323 51.4592407124 201902180742
1550497383 51.2068806010 201902180743
1550497443 51.3042195011 201902180744
1550497503 51.0410439564 201902180745
1550497563 51.2375243288 201902180746
1550497623 51.3889403956 201902180747
1550497683 51.1383828565 201902180748
1550497743 51.2970092122 201902180749
1550497803 51.3240477956 201902180750
1550497863 51.7116008237 201902180751
1550497923 51.8972657627 201902180752
1550497939 51.5061075902 201902180752
1550497999 51.2717732011 201902180753
1550498059 51.4556355679 201902180754
1550498119 51.8269654460 201902180755
1550498179 51.0428465287 201902180756
1550498239 51.2357217566 201902180757
1550498299 50.9905719342 201902180758
1550498359 51.8630168905 201902180759
1550498419 51.8936606183 201902180800
1550498479 51.8215577293 201902180801
1550498539 51.1960651677 201902180802
1550498557 51.5115153068 201902180802
1550498617 51.4285969846 201902180803
1550498677 51.6413005070 201902180804
1550498737 51.1005288398 201902180805
1550498797 51.0140053731 201902180806
1550498857 51.1167519898 201902180807
1550498917 50.6588986450 201902180808
1550498977 51.5619873291 201902180809
1550499037 51.0104002286 201902180810
1550499097 51.0140053731 201902180811
1550499157 51.4664510013 201902180812
1550499171 51.1257648510 201902180812
1550499231 51.1888548788 201902180813
1550499291 50.7670529784 201902180814
1550499351 51.3276529400 201902180815
1550499411 50.9977822231 201902180816
1550499471 51.1924600232 201902180817
1550499531 51.2501423344 201902180818
1550499591 51.4123738345 201902180819
1550499651 51.1257648510 201902180820
1550499711 51.3078246456 201902180821
1550499771 51.2807860622 201902180822
1550499785 51.6232747847 201902180823
1550499845 51.2213011788 201902180824
1550499905 51.3294555122 201902180825
1550499965 51.6809570959 201902180826
1550500025 51.0788979731 201902180827
1550500085 51.2122883177 201902180828
1550500145 51.1528034343 201902180829
1550500205 51.4069661179 201902180830
1550500265 51.1257648510 201902180831
1550500325 51.4051635456 201902180832
1550500385 51.3438760900 201902180833
1550500396 51.0807005454 201902180833
1550500456 51.2645629122 201902180834
1550500516 51.4502278512 201902180835
1550500576 51.7548625571 201902180836
1550500636 51.2267088955 201902180837
1550500696 51.3691121012 201902180838
1550500756 50.9761513564 201902180839
1550500816 50.6354652061 201902180840
1550500876 51.2699706289 201902180841
1550500936 51.5043050180 201902180842
1550500996 51.4015584012 201902180843
1550501012 51.2591551955 201902180843
1550501072 49.7197585164 201902180844
1550501132 51.6088542069 201902180845
1550501192 51.2285114677 201902180846
1550501252 51.7152059681 201902180847
1550501312 51.5043050180 201902180848
1550501372 50.8625893063 201902180849
1550501432 51.1690265843 201902180850
1550501492 51.2825886344 201902180851
1550501552 51.1059365565 201902180852
1550501612 51.5241333124 201902180853
1550501628 51.3096272178 201902180853
1550501688 51.0518593898 201902180854
1550501748 51.5151204513 201902180855
1550501808 50.9653359230 201902180856
1550501868 51.4610432846 201902180857
1550501928 50.9274819063 201902180858
1550501988 51.2627603400 201902180859
1550502048 51.1149494176 201902180900
1550502108 51.5908284847 201902180901
1550502168 51.6485107959 201902180902
1550502228 50.6588986450 201902180903
1550502244 51.3943481123 201902180904
1550502304 50.8373532951 201902180905
1550502364 51.6647339459 201902180906
1550502424 51.1906574510 201902180907
1550502484 51.1383828565 201902180908
1550502544 51.1888548788 201902180909
1550502604 51.2285114677 201902180910
1550502664 51.5331461735 201902180911
1550502724 51.3673095289 201902180912
1550502784 51.1167519898 201902180913
1550502844 50.9130613285 201902180914
1550502857 51.6124593514 201902180914
1550502917 51.6575236570 201902180915
1550502977 51.2771809178 201902180916
1550503037 51.4916870124 201902180917
1550503097 51.1942625955 201902180918
1550503157 51.1275674232 201902180919
1550503217 50.9923745064 201902180920
1550503277 51.9747763684 201902180921
1550503337 51.0987262676 201902180922
1550503397 50.9382973397 201902180923
1550503457 51.6881673848 201902180924
1550503469 51.9026734794 201902180924
1550503529 51.5980387736 201902180925
1550503589 51.6214722125 201902180926
1550503649 51.2934040678 201902180927
1550503709 51.2879963511 201902180928
1550503769 51.5421590347 201902180929
1550503829 51.3853352512 201902180930
1550503889 50.8625893063 201902180931
1550503949 50.9238767619 201902180932
1550504009 51.5115153068 201902180933
1550504069 51.2267088955 201902180934
1550504082 51.4610432846 201902180934
1550504142 51.4880818679 201902180935
1550504202 51.3366658011 201902180936
1550504262 51.9134889128 201902180937
1550504322 51.4826741513 201902180938
1550504382 50.4588131281 201902180939
1550504442 51.7584677015 201902180940
1550504502 51.6611288014 201902180941
1550504562 51.2357217566 201902180942
1550504622 51.2843912066 201902180943
1550504682 51.5295410291 201902180944
1550504697 51.4448201346 201902180944
1550504757 51.4430175623 201902180945
1550504817 51.6394979347 201902180946
1550504877 51.3060220733 201902180947
1550504937 51.2122883177 201902180948
1550504997 51.0734902565 201902180949
1550505057 51.2519449066 201902180950
1550505117 51.5493693235 201902180951
1550505177 51.3258503678 201902180952
1550505237 51.5511718958 201902180953
1550505297 51.0987262676 201902180954
1550505313 51.1564085788 201902180955
1550505373 51.4376098457 201902180956
1550505433 51.1275674232 201902180957
1550505493 51.1870523066 201902180958
1550505553 51.8305705905 201902180959
1550505613 51.3096272178 201902181000
1550505673 51.3600992400 201902181001
1550505733 51.0392413842 201902181002
1550505793 51.2970092122 201902181003
1550505853 51.5818156236 201902181004
1550505913 50.6480832116 201902181005
1550505928 51.6394979347 201902181005
1550505988 50.9797565008 201902181006
1550506048 51.5025024457 201902181007
1550506108 51.4358072734 201902181008
1550506168 51.7206136848 201902181009
1550506228 12.9346671450 201902181010
1550506232 12.7598176393 201902181010
1550506292 12.9671134450 201902181011
1550506352 12.6282298669 201902181012
1550506412 12.9004182727 201902181013
1550506472 13.1347526618 201902181014
1550506532 0.0030140113 201902181015
1550506592 0.0030140113 201902181016
1550506652 0.0030140113 201902181017
1550506712 0.0030140113 201902181018
1550506772 0.0030140113 201902181019
1550506832 0.0030140113 201902181020
1550506892 0.0030140113 201902181021
1550506952 51.6268799292 201902181022
1550507012 50.9599282064 201902181023
1550507072 51.8612143183 201902181024
1550507132 51.6809570959 201902181025
1550507152 51.5601847569 201902181025
1550507212 51.7278239737 201902181026
1550507272 51.5187255957 201902181027
1550507332 51.3204426511 201902181028
1550507392 51.7097982515 201902181029
1550507452 51.4916870124 201902181030
1550507512 51.4448201346 201902181031
1550507572 51.2681680566 201902181032
1550507632 51.1005288398 201902181033
1550507692 51.3781249623 201902181034
1550507752 51.5800130514 201902181035
1550507766 51.6394979347 201902181036
1550507826 51.6539185125 201902181037
1550507886 51.5187255957 201902181038
1550507946 51.4646484290 201902181039
1550508006 51.7332316904 201902181040
1550508066 51.5006998735 201902181041
1550508126 51.5349487458 201902181042
1550508186 51.2591551955 201902181043
1550508246 51.3402709456 201902181044
1550508306 51.6142619236 201902181045
1550508366 51.7999268627 201902181046
1550508380 51.5079101624 201902181046
1550508440 51.5097127346 201902181047
1550508500 51.4592407124 201902181048
1550508560 51.5097127346 201902181049
1550508620 51.4916870124 201902181050
1550508680 51.3727172456 201902181051
1550508740 51.2483397622 201902181052
1550508800 51.6827596681 201902181053
1550508860 51.5295410291 201902181054
1550508920 51.4592407124 201902181055
1550508980 51.0915159787 201902181056
1550508992 51.7386394070 201902181056
1550509052 51.1672240121 201902181057
1550509112 51.1185545621 201902181058
1550509172 51.1437905732 201902181059
1550509232 51.7260214015 201902181100
1550509292 51.8233603016 201902181101
1550509352 51.4574381401 201902181102
1550509412 0.0048165835 201902181103
1550509472 0.0048165835 201902181104
1550509532 0.0048165835 201902181105
1550509592 0.0048165835 201902181106
1550509652 0.0048165835 201902181107
1550509712 0.0048165835 201902181108
1550509772 25.4877801116 201902181109
1550509832 25.4733595338 201902181110
1550509892 25.4066643615 201902181111
1550509952 25.3309563281 201902181112
1550510012 25.4985955450 201902181113
1550510072 25.5058058339 201902181114
1550510132 25.3129306059 201902181115
1550510192 25.4913852561 201902181116
1550510207 25.2912997392 201902181116
1550510267 25.4066643615 201902181117
1550510327 51.2357217566 201902181118
1550510387 51.1546060065 201902181119
1550510447 51.7710857071 201902181120
1550510507 51.4862792957 201902181121
1550510567 51.8215577293 201902181122
1550510627 51.0933185509 201902181123
1550510687 51.8522014571 201902181124
1550510747 51.3727172456 201902181125
1550510807 51.1347777121 201902181126
1550510820 50.8175250007 201902181127
1550510880 51.6034464903 201902181128
1550510940 51.5565796124 201902181129
1550511000 51.5151204513 201902181130
1550511060 51.2231037510 201902181131
1550511120 51.3907429679 201902181132
1550511180 52.0937461351 201902181133
1550511240 51.9134889128 201902181134
1550511300 51.7728882793 201902181135
1550511360 51.5583821847 201902181136
1550511420 0.0048165835 201902181137
1550511434 0.0030140113 201902181137
1550511494 0.0102243002 201902181138
1550511554 51.8413860238 201902181139
1550511614 51.5259358846 201902181140
1550511674 51.5475667513 201902181141
1550511734 51.8864503294 201902181142
1550511794 51.7404419793 201902181143
1550511854 51.9152914850 201902181144
1550511914 51.4718587179 201902181145
1550511974 51.9206992017 201902181146
1550512034 51.4303995568 201902181147
1550512050 51.4213866957 201902181147
1550512110 51.7530599848 201902181148
1550512170 51.6052490625 201902181149
1550512230 51.6899699570 201902181150
1550512290 51.8558066016 201902181151
1550512350 50.9923745064 201902181152
1550512410 51.6196696403 201902181153
1550512470 51.6593262292 201902181154
1550512530 51.5800130514 201902181155
1550512590 51.6521159403 201902181156
1550512650 51.5367513180 201902181157
1550512664 51.5241333124 201902181157
1550512724 51.4159789790 201902181158
1550512784 51.5439616069 201902181159
1550512844 50.9004433230 201902181200
1550512904 51.4718587179 201902181201
1550512964 50.7526324006 201902181202
1550513024 51.4538329957 201902181203
1550513084 50.8193275729 201902181204
1550513144 50.7742632673 201902181205
1550513204 51.8666220349 201902181206
1550513264 51.1473957176 201902181207
1550513277 51.8540040294 201902181207
1550513337 51.2681680566 201902181208
1550513397 51.2771809178 201902181209
1550513457 51.5601847569 201902181210
1550513517 51.5962362014 201902181211
1550513577 51.4808715790 201902181212
1550513637 51.4177815512 201902181213
1550513697 51.7728882793 201902181214
1550513757 51.8305705905 201902181215
1550513817 51.6340902181 201902181216
1550513877 51.2014728844 201902181217
1550513890 51.6268799292 201902181218
1550513950 51.6665365181 201902181219
1550514010 51.7855062849 201902181220
1550514070 51.6521159403 201902181221
1550514130 51.5836181958 201902181222
1550514190 51.4285969846 201902181223
1550514250 50.8409584396 201902181224
1550514310 51.2681680566 201902181225
1550514370 51.5025024457 201902181226
1550514430 51.3835326790 201902181227
1550514490 51.6935751015 201902181228
1550514507 51.8359783071 201902181228
1550514567 51.8702271794 201902181229
1550514627 51.5331461735 201902181230
1550514687 51.5872233402 201902181231
1550514747 51.1816445899 201902181232
1550514807 51.6034464903 201902181233
1550514867 51.8143474404 201902181234
1550514927 51.4412149901 201902181235
1550514987 51.2465371899 201902181236
1550515047 50.7382118228 201902181237
1550515107 51.1906574510 201902181238
1550515121 51.5818156236 201902181238
1550515181 51.5511718958 201902181239
1550515241 51.8233603016 201902181240
1550515301 51.7819011404 201902181241
1550515361 51.2681680566 201902181242
1550515421 51.5385538902 201902181243
1550515481 51.6142619236 201902181244
1550515541 51.7224162570 201902181245
1550515601 51.7314291182 201902181246
1550515661 51.4772664346 201902181247
1550515721 51.4700561457 201902181248
1550515736 51.6521159403 201902181248
1550515796 51.9152914850 201902181249
1550515856 51.3709146734 201902181250
1550515916 51.3673095289 201902181251
1550515976 51.3817301067 201902181252
1550516036 51.1636188677 201902181253
1550516096 51.9369223517 201902181254
1550516156 51.4898844402 201902181255
1550516216 51.5619873291 201902181256
1550516276 51.5854207680 201902181257
1550516336 51.2879963511 201902181258
1550516350 50.9238767619 201902181259
1550516410 50.7490272562 201902181300
1550516470 50.8734047396 201902181301
1550516530 50.3290279280 201902181302
1550516590 50.9545204897 201902181303
1550516650 49.4493726828 201902181304
1550516710 51.4249918401 201902181305
1550516770 50.8445635840 201902181306
1550516830 50.9364947675 201902181307
1550516890 51.1491982899 201902181308
1550516950 51.0320310953 201902181309
1550516962 0.0048165835 201902181309
1550517022 51.3204426511 201902181310
1550517082 51.2231037510 201902181311
1550517142 51.3853352512 201902181312
1550517202 0.0030140113 201902181313
1550517262 0.0048165835 201902181314
1550517322 -0.0078014220 201902181315
1550517382 51.6449056514 201902181316
1550517442 51.2537474788 201902181317
1550517502 51.1798420177 201902181318
1550517562 51.0266233786 201902181319
1550517579 51.6431030792 201902181319
1550517639 51.6719442348 201902181320
1550517699 51.4412149901 201902181321
1550517759 0.0084217280 201902181322
1550517819 0.0102243002 201902181323
1550517879 51.5421590347 201902181324
1550517939 51.7548625571 201902181325
1550517999 51.6539185125 201902181326
1550518059 51.3925455401 201902181327
1550518119 50.9455076286 201902181328
1550518179 51.5800130514 201902181329
1550518194 51.6340902181 201902181329
1550518254 51.0158079453 201902181330
1550518314 51.1564085788 201902181331
1550518374 51.3997558290 201902181332
1550518434 51.3619018123 201902181333
1550518494 51.1816445899 201902181334
1550518554 51.4231892679 201902181335
1550518614 50.7940915618 201902181336
1550518674 50.9833616453 201902181337
1550518734 51.1455931454 201902181338
1550518794 51.6755493792 201902181339
1550518810 51.4844767235 201902181340
1550518870 51.5115153068 201902181341
1550518930 51.6358927903 201902181342
1550518990 51.6935751015 201902181343
1550519050 51.2807860622 201902181344
1550519110 51.5818156236 201902181345
1550519170 51.2843912066 201902181346
1550519230 50.8247352896 201902181347
1550519290 51.7314291182 201902181348
1550519350 51.3979532567 201902181349
1550519410 51.2158934621 201902181350
1550519425 51.5259358846 201902181350
1550519485 51.7386394070 201902181351
1550519545 51.1870523066 201902181352
1550519605 51.5169230235 201902181353
1550519665 51.0500568176 201902181354
1550519725 51.6052490625 201902181355
1550519785 51.3745198178 201902181356
1550519845 51.3204426511 201902181357
1550519905 51.5511718958 201902181358
1550519965 51.6809570959 201902181359
1550520025 51.6232747847 201902181400
1550520038 51.0067950842 201902181400
1550520098 51.2465371899 201902181401
1550520158 51.0951211231 201902181402
1550520218 51.2267088955 201902181403
1550520278 51.1726317288 201902181404
1550520338 51.9279094905 201902181405
1550520398 51.3817301067 201902181406
1550520458 51.5043050180 201902181407
1550520518 51.6232747847 201902181408
1550520578 51.8918580461 201902181409
1550520638 51.5367513180 201902181410
1550520651 51.8125448682 201902181410
1550520711 51.8251628738 201902181411
1550520771 51.8936606183 201902181412
1550520831 51.1131468454 201902181413
1550520891 51.6449056514 201902181414
1550520951 51.5223307402 201902181415
1550521011 52.0522869740 201902181416
1550521071 51.5025024457 201902181417
1550521131 51.2393269011 201902181418
1550521191 51.8936606183 201902181419
1550521251 52.1225872907 201902181420
1550521268 51.7134033959 201902181421
1550521328 51.6521159403 201902181422
1550521388 51.4448201346 201902181423
1550521448 51.5836181958 201902181424
1550521508 51.5547770402 201902181425
1550521568 51.9261069183 201902181426
1550521628 51.5133178791 201902181427
1550521688 51.8323731627 201902181428
1550521748 51.5944336291 201902181429
1550521808 51.4754638624 201902181430
1550521868 50.9310870508 201902181431
1550521885 51.6575236570 201902181431
1550521945 52.1550335908 201902181432
1550522005 51.7350342626 201902181433
1550522065 51.3006143567 201902181434
1550522125 51.1888548788 201902181435
1550522185 51.6286825014 201902181436
1550522245 51.8612143183 201902181437
1550522305 50.8878253174 201902181438
1550522365 51.0320310953 201902181439
1550522425 51.4916870124 201902181440
1550522485 51.3925455401 201902181441
1550522498 51.5115153068 201902181441
1550522558 51.6683390903 201902181442
1550522618 51.7170085404 201902181443
1550522678 51.7422445515 201902181444
1550522738 51.9225017739 201902181445
1550522798 51.5746053347 201902181446
1550522858 51.8125448682 201902181447
1550522918 51.4303995568 201902181448
1550522978 51.9026734794 201902181449
1550523038 51.7314291182 201902181450
1550523098 51.1672240121 201902181451
1550523112 51.4610432846 201902181451
1550523172 51.5511718958 201902181452
1550523232 51.9585532184 201902181453
1550523292 51.2267088955 201902181454
1550523352 51.6773519514 201902181455
1550523412 51.9351197794 201902181456
1550523472 51.4628458568 201902181457
1550523532 51.8972657627 201902181458
1550523592 51.5818156236 201902181459
1550523652 51.5764079069 201902181500
1550523712 52.2740033575 201902181501
1550523725 51.4430175623 201902181502
1550523785 52.0919435629 201902181503
1550523845 51.3042195011 201902181504
1550523905 51.8197551571 201902181505
1550523965 51.8612143183 201902181506
1550524025 51.7043905348 201902181507
1550524085 51.8576091738 201902181508
1550524145 51.9369223517 201902181509
1550524205 52.0703126962 201902181510
1550524265 51.7278239737 201902181511
1550524325 51.6863648126 201902181512
1550524343 51.4700561457 201902181512
1550524403 51.6701416625 201902181513
1550524463 51.1600137232 201902181514
1550524523 51.7656779904 201902181515
1550524583 51.5691976180 201902181516
1550524643 51.8936606183 201902181517
1550524703 52.1009564240 201902181518
1550524763 51.1708291565 201902181519
1550524823 51.0518593898 201902181520
1550524883 51.6845622403 201902181521
1550524943 51.2934040678 201902181522
1550524958 50.8770098841 201902181522
1550525018 51.1059365565 201902181523
1550525078 52.0108278128 201902181524
1550525138 51.1852497343 201902181525
1550525198 51.3042195011 201902181526
1550525258 51.4700561457 201902181527
1550525318 51.3835326790 201902181528
1550525378 50.7580401173 201902181529
1550525438 51.4412149901 201902181530
1550525498 51.2753783455 201902181531
1550525558 51.2699706289 201902181532
1550525572 51.0464516731 201902181532
1550525632 51.5097127346 201902181533
1550525692 51.0122028009 201902181534
1550525752 50.6913449450 201902181535
1550525812 51.3619018123 201902181536
1550525872 51.1906574510 201902181537
1550525932 51.3564940956 201902181538
1550525992 51.4754638624 201902181539
1550526052 51.6449056514 201902181540
1550526112 51.4213866957 201902181541
1550526172 51.7097982515 201902181542
1550526187 51.4105712623 201902181543
1550526247 51.8666220349 201902181544
1550526307 51.2988117844 201902181545
1550526367 51.1419880010 201902181546
1550526427 50.9292844786 201902181547
1550526487 51.3168375067 201902181548
1550526547 51.4700561457 201902181549
1550526607 51.3817301067 201902181550
1550526667 50.8914304619 201902181551
1550526727 51.7620728460 201902181552
1550526787 51.4808715790 201902181553
1550526801 52.2812136464 201902181553
1550526861 51.8540040294 201902181554
1550526921 51.5637899013 201902181555
1550526981 51.8359783071 201902181556
1550527041 51.4213866957 201902181557
1550527101 51.9675660795 201902181558
1550527161 51.7945191460 201902181559
1550527221 51.5493693235 201902181600
1550527281 50.9040484674 201902181601
1550527341 51.6431030792 201902181602
1550527401 51.9261069183 201902181603
1550527413 51.0518593898 201902181603
1550527473 51.5872233402 201902181604
1550527533 -0.0023937054 201902181605
1550527593 51.8143474404 201902181606
1550527953 50.0261957944 201902181612
1550528013 51.7332316904 201902181613
1550528021 51.3186400789 201902181613
1550528081 51.7079956792 201902181614
1550528141 51.7548625571 201902181615
1550528201 50.9256793341 201902181616
1550528261 51.7566651293 201902181617
1550528321 50.8463661563 201902181618
1550528381 51.1546060065 201902181619
1550528441 51.5475667513 201902181620
1550528501 51.2771809178 201902181621
1550528561 51.0356362398 201902181622
1550528621 51.3871378234 201902181623
1550528637 50.9617307786 201902181623
1550528697 51.6106567792 201902181624
1550528757 51.7530599848 201902181625
1550528817 51.1293699954 201902181626
1550528877 51.4358072734 201902181627
1550528937 51.7332316904 201902181628
1550528997 51.5349487458 201902181629
1550529057 51.3006143567 201902181630
1550529117 51.3114297900 201902181631
1550529177 51.6845622403 201902181632
1550529237 51.5187255957 201902181633
1550529252 51.6413005070 201902181634
1550529312 51.4718587179 201902181635
1550529372 51.3673095289 201902181636
1550529432 51.6629313736 201902181637
1550529492 51.2537474788 201902181638
1550529552 50.9094561841 201902181639
1550529612 51.8341757349 201902181640
1550529672 51.4610432846 201902181641
1550529732 51.6124593514 201902181642
1550529792 51.6214722125 201902181643
1550529852 51.2843912066 201902181644
1550529865 50.5146928671 201902181644
1550529925 51.7350342626 201902181645
1550529985 51.7656779904 201902181646
1550530045 51.8269654460 201902181647
1550530105 51.2357217566 201902181648
1550530165 51.4430175623 201902181649
1550530225 51.5115153068 201902181650
1550530285 51.4069661179 201902181651
1550530345 51.7800985682 201902181652
1550530405 51.5854207680 201902181653
1550530465 51.6881673848 201902181654
1550530479 51.7314291182 201902181654
1550530539 51.4934895846 201902181655
1550530599 50.9995847953 201902181656
1550530659 50.5182980115 201902181657
1550530719 51.3943481123 201902181658
1550530779 50.9292844786 201902181659
1550530839 51.5818156236 201902181700
1550530899 51.4664510013 201902181701
1550530959 51.6755493792 201902181702
1550531019 51.6953776737 201902181703
1550531079 51.6809570959 201902181704
1550531092 51.2879963511 201902181704
1550531152 51.2879963511 201902181705
1550531212 51.3510863789 201902181706
1550531272 50.9905719342 201902181707
1550531332 51.7134033959 201902181708
1550531392 51.6431030792 201902181709
1550531452 51.0320310953 201902181710
1550531512 51.9675660795 201902181711
1550531572 50.9707436397 201902181712
1550531632 51.6665365181 201902181713
1550531692 51.6881673848 201902181714
1550531709 0.0084217280 201902181715
1550531769 51.7404419793 201902181716
1550531829 51.7350342626 201902181717
1550531889 51.2465371899 201902181718
1550531949 51.4574381401 201902181719
1550532009 51.5800130514 201902181720
1550532069 51.8612143183 201902181721
1550532129 51.2447346177 201902181722
1550532189 51.6935751015 201902181723
1550532249 50.8589841618 201902181724
1550532309 52.0829307018 201902181725
1550532326 51.6034464903 201902181725
1550532386 52.2397544853 201902181726
1550532446 51.7458496959 201902181727
1550532506 51.2952066400 201902181728
1550532566 51.5818156236 201902181729
1550532626 51.2916014955 201902181730
1550532686 51.6052490625 201902181731
1550532746 51.0284259509 201902181732
1550532806 51.2176960344 201902181733
1550532866 51.6503133681 201902181734
1550532926 51.8918580461 201902181735
1550532944 51.7909140015 201902181735
1550533004 51.3799275345 201902181736
1550533064 51.1654214399 201902181737
1550533124 51.6088542069 201902181738
1550533184 51.5277384569 201902181739
1550533244 51.6232747847 201902181740
1550533304 51.0446491009 201902181741
1550533364 51.7800985682 201902181742
1550533424 51.2014728844 201902181743
1550533484 51.5385538902 201902181744
1550533544 50.8139198562 201902181745
1550533557 51.4772664346 201902181745
1550533617 51.8287680182 201902181746
1550533677 51.6124593514 201902181747
1550533737 51.4592407124 201902181748
1550533797 51.8990683350 201902181749
1550533857 51.5655924736 201902181750
1550533917 51.5367513180 201902181751
1550533977 51.2663654844 201902181752
1550534037 51.8017294349 201902181753
1550534097 50.6462806394 201902181754
1550534157 51.1636188677 201902181755
1550534170 0.0030140113 201902181756
1550534230 0.0012114391 201902181757
1550534290 51.1167519898 201902181758
1550534350 51.3637043845 201902181759
1550534410 51.6683390903 201902181800
1550534470 51.8630168905 201902181801
1550534530 51.8738323238 201902181802
1550534590 51.9152914850 201902181803
1550534650 51.7332316904 201902181804
1550534710 51.2086831732 201902181805
1550534770 51.5854207680 201902181806
1550534784 51.7278239737 201902181806
1550534844 51.5710001902 201902181807
1550534904 51.2609577677 201902181808
1550534964 51.6683390903 201902181809
1550535024 51.4970947291 201902181810
1550535084 51.7710857071 201902181811
1550535144 51.4484252790 201902181812
1550535204 51.9891969462 201902181813
1550535264 51.6485107959 201902181814
1550535324 51.6142619236 201902181815
1550535384 52.1081667129 201902181816
1550535400 51.6773519514 201902181816
1550535460 51.4718587179 201902181817
1550535520 51.4934895846 201902181818
1550535580 51.6232747847 201902181819
1550535640 51.7350342626 201902181820
1550535700 50.9563230619 201902181821
1550535760 51.4934895846 201902181822
1550535820 51.5782104791 201902181823
1550535880 51.3673095289 201902181824
1550535940 50.9382973397 201902181825
1550536000 50.4389848337 201902181826
1550536014 0.0030140113 201902181826
1550536074 -0.0059988498 201902181827
1550536134 51.7800985682 201902181828
1550536194 51.2213011788 201902181829
1550536254 51.4412149901 201902181830
1550536314 51.5529744680 201902181831
1550536374 51.5583821847 201902181832
1550536434 51.7242188293 201902181833
1550536494 51.6142619236 201902181834
1550536554 51.7422445515 201902181835
1550536614 51.3600992400 201902181836
1550536629 51.5006998735 201902181837
1550536689 51.5836181958 201902181838
1550536749 52.0252483906 201902181839
1550536809 51.5908284847 201902181840
1550536869 51.3546915234 201902181841
1550536929 51.6250773569 201902181842
1550536989 51.8413860238 201902181843
1550537049 50.9455076286 201902181844
1550537109 51.4736612901 201902181845
1550537169 51.9495403572 201902181846
1550537229 51.2663654844 201902181847
1550537244 51.2699706289 201902181847
1550537304 51.3258503678 201902181848
1550537364 51.4394124179 201902181849
1550537424 51.0897134065 201902181850
1550537484 51.5673950458 201902181851
1550537544 51.9170940572 201902181852
1550537604 51.5025024457 201902181853
1550537664 52.1261924352 201902181854
1550537724 51.8666220349 201902181855
1550537784 51.6503133681 201902181856
1550537844 51.4303995568 201902181857
1550537856 51.8702271794 201902181857
1550537916 51.7782959960 201902181858
1550537976 51.7837037126 201902181859
1550538036 51.9315146350 201902181900
1550538096 51.8900554738 201902181901
1550538156 51.9711712239 201902181902
1550538216 51.4069661179 201902181903
1550538276 51.6863648126 201902181904
1550538336 51.2158934621 201902181905
1550538396 51.6557210848 201902181906
1550538456 51.7368368348 201902181907
1550538472 51.7692831349 201902181907
1550538532 51.3456786623 201902181908
1550538592 51.8666220349 201902181909
1550538652 50.9130613285 201902181910
1550538712 51.8540040294 201902181911
1550538772 51.8413860238 201902181912
1550538832 51.2519449066 201902181913
1550538892 51.4430175623 201902181914
1550538952 51.7692831349 201902181915
1550539012 50.2407018891 201902181916
1550539072 51.4646484290 201902181917
1550539088 52.0126303851 201902181918
1550539148 51.6034464903 201902181919
1550539208 51.8936606183 201902181920
1550539268 51.2952066400 201902181921
1550539328 51.7656779904 201902181922
1550539388 51.8215577293 201902181923
1550539448 51.3979532567 201902181924
1550539508 51.6214722125 201902181925
1550539568 0.0030140113 201902181926
1550539628 0.0030140113 201902181927
1550539688 49.4151238105 201902181928
1550539700 51.3619018123 201902181928
1550539760 52.0450766851 201902181929
1550539820 51.4988973013 201902181930
1550539880 51.5133178791 201902181931
1550539940 52.0090252406 201902181932
1550540000 51.9621583628 201902181933
1550540060 51.1906574510 201902181934
1550540120 50.9202716174 201902181935
1550540180 51.4159789790 201902181936
1550540240 51.0464516731 201902181937
1550540300 51.6394979347 201902181938
1550540315 51.4988973013 201902181938
1550540375 51.1113442732 201902181939
1550540435 51.1942625955 201902181940
1550540495 51.9567506461 201902181941
1550540555 51.5241333124 201902181942
1550540615 51.8287680182 201902181943
1550540675 51.4790690068 201902181944
1550540735 51.7134033959 201902181945
1550540795 50.9581256341 201902181946
1550540855 0.0048165835 201902181947
1550540915 51.3474812345 201902181948
1550540930 51.1852497343 201902181948
1550540990 51.8666220349 201902181949
1550541050 51.6521159403 201902181950
1550541110 51.2447346177 201902181951
1550541170 51.4844767235 201902181952
1550541230 51.5547770402 201902181953
1550541290 51.8251628738 201902181954
1550541350 51.5439616069 201902181955
1550541410 51.4556355679 201902181956
1550541470 51.0843056898 201902181957
1550541530 51.2771809178 201902181958
1550541544 51.5691976180 201902181959
1550541604 51.7296265459 201902182000
1550541664 50.8571815896 201902182001
1550541724 51.5079101624 201902182002
1550541784 51.1762368732 201902182003
1550541844 51.7530599848 201902182004
1550541904 51.9188966294 201902182005
1550541964 51.4880818679 201902182006
1550542024 51.2249063233 201902182007
1550542084 51.1311725676 201902182008
1550542144 50.8914304619 201902182009
1550542160 51.1023314120 201902182009
1550542220 51.8179525849 201902182010
1550542280 50.5092851504 201902182011
1550542340 51.6178670681 201902182012
1550542400 50.8355507229 201902182013
1550542460 51.3456786623 201902182014
1550542520 51.2807860622 201902182015
1550542580 51.3474812345 201902182016
1550542640 51.5457641791 201902182017
1550542700 51.2537474788 201902182018
1550542760 51.5836181958 201902182019
1550542776 51.8359783071 201902182019
1550542836 51.4105712623 201902182020
1550542896 51.1978677399 201902182021
1550542956 51.0879108343 201902182022
1550543016 51.6881673848 201902182023
1550543076 51.5980387736 201902182024
1550543136 51.5367513180 201902182025
1550543196 51.2591551955 201902182026
1550543256 51.4898844402 201902182027
1550543316 50.9887693619 201902182028
1550543376 51.1491982899 201902182029
1550543390 51.7891114293 201902182029
1550543450 -0.0005911331 201902182030
1550543510 0.0030140113 201902182031
1550543570 51.6593262292 201902182032
1550543630 51.1744343010 201902182033
1550543690 51.4412149901 201902182034
1550543750 51.5241333124 201902182035
1550543810 51.4376098457 201902182036
1550543870 51.1906574510 201902182037
1550543930 51.8125448682 201902182038
1550543990 51.5151204513 201902182039
1550544004 51.7674805626 201902182040
1550544064 51.7152059681 201902182041
1550544124 51.5313436013 201902182042
1550544184 51.5673950458 201902182043
1550544244 51.2825886344 201902182044
1550544304 51.2789834900 201902182045
1550544364 51.2176960344 201902182046
1550544424 51.9567506461 201902182047
1550544484 51.5637899013 201902182048
1550544544 51.2213011788 201902182049
1550544604 51.2861937789 201902182050
1550544615 51.3979532567 201902182050
1550544675 51.9008709072 201902182051
1550544735 51.5565796124 201902182052
1550544795 51.5673950458 201902182053
1550544855 51.2970092122 201902182054
1550544915 51.6971802459 201902182055
1550544975 51.7963217182 201902182056
1550545035 51.6791545237 201902182057
1550545095 51.1311725676 201902182058
1550545155 51.3582966678 201902182059
1550545215 51.4700561457 201902182100
1550545229 51.6088542069 201902182100
1550545289 51.2483397622 201902182101
1550545349 51.5133178791 201902182102
1550545409 51.2807860622 201902182103
1550545469 51.9549480739 201902182104
1550545529 51.6737468070 201902182105
1550545589 51.8756348961 201902182106
1550545649 51.4340047012 201902182107
1550545709 50.9040484674 201902182108
1550545769 51.2699706289 201902182109
1550545829 51.4015584012 201902182110
1550545844 51.6899699570 201902182110
1550545904 51.0518593898 201902182111
1550545964 51.5115153068 201902182112
1550546024 50.9815590730 201902182113
1550546084 50.8157224285 201902182114
1550546144 51.1816445899 201902182115
1550546204 51.1960651677 201902182116
1550546264 51.5655924736 201902182117
1550546324 51.0248208064 201902182118
1550546384 51.4880818679 201902182119
1550546444 51.7855062849 201902182120
1550546460 51.4520304235 201902182121
1550546520 51.2843912066 201902182122
1550546580 51.5439616069 201902182123
1550546640 51.6485107959 201902182124
1550546700 51.6304850736 201902182125
1550546760 51.2897989233 201902182126
1550546820 50.9725462119 201902182127
1550546880 51.3132323622 201902182128
1550546940 51.3042195011 201902182129
1550547000 51.8071371516 201902182130
1550547060 51.3042195011 201902182131
1550547074 51.0212156620 201902182131
1550547134 51.3024169289 201902182132
1550547194 51.4844767235 201902182133
1550547254 51.3510863789 201902182134
1550547314 51.3961506845 201902182135
1550547374 51.2158934621 201902182136
1550547434 51.6232747847 201902182137
1550547494 51.5313436013 201902182138
1550547554 51.6088542069 201902182139
1550547614 50.9076536119 201902182140
1550547674 51.3745198178 201902182141
1550547688 51.4682535735 201902182141
1550547748 51.1510008621 201902182142
1550547808 51.1906574510 201902182143
1550547868 51.9261069183 201902182144
1550547928 51.4610432846 201902182145
1550547988 51.6953776737 201902182146
1550548048 51.4772664346 201902182147
1550548108 50.6462806394 201902182148
1550548168 0.0066191558 201902182149
1550548228 0.0066191558 201902182150
1550548288 51.6899699570 201902182151
1550548300 51.1762368732 201902182151
1550548360 51.5637899013 201902182152
1550548420 51.5169230235 201902182153
1550548480 51.2465371899 201902182154
1550548540 51.6575236570 201902182155
1550548600 51.3150349345 201902182156
1550548660 51.4195841234 201902182157
1550548720 51.3240477956 201902182158
1550548780 51.7350342626 201902182159
1550548840 50.9364947675 201902182200
1550548900 51.0590696787 201902182201
1550548914 51.5115153068 201902182201
1550548974 51.7368368348 201902182202
1550549034 51.2321166122 201902182203
1550549094 51.5619873291 201902182204
1550549154 51.2771809178 201902182205
1550549214 51.7873088571 201902182206
1550549274 51.9441326406 201902182207
1550549334 51.8864503294 201902182208
1550549394 51.7837037126 201902182209
1550549454 51.4520304235 201902182210
1550549514 51.6503133681 201902182211
1550549531 51.3781249623 201902182212
1550549591 51.8882529016 201902182213
1550549651 51.0825031176 201902182214
1550549711 51.4466227068 201902182215
1550549771 51.0572671064 201902182216
1550549831 51.5926310569 201902182217
1550549891 51.5079101624 201902182218
1550549951 51.5187255957 201902182219
1550550011 51.7043905348 201902182220
1550550071 51.1419880010 201902182221
1550550131 51.5673950458 201902182222
1550550145 50.5002722893 201902182222
1550550205 51.7314291182 201902182223
1550550265 51.2537474788 201902182224
1550550325 51.7728882793 201902182225
1550550385 51.3637043845 201902182226
1550550445 51.7061931070 201902182227
1550550505 51.7494548404 201902182228
1550550565 51.4015584012 201902182229
1550550625 51.9837892295 201902182230
1550550685 51.6557210848 201902182231
1550550745 51.9188966294 201902182232
1550550759 51.6593262292 201902182232
1550550819 51.1491982899 201902182233
1550550879 51.2843912066 201902182234
1550550939 51.5421590347 201902182235
1550550999 51.3979532567 201902182236
1550551059 51.8576091738 201902182237
1550551119 51.1636188677 201902182238
1550551179 51.3564940956 201902182239
1550551239 51.6322876458 201902182240
1550551299 52.0036175239 201902182241
1550551359 51.3799275345 201902182242
1550551372 51.5349487458 201902182242
1550551432 51.1041339843 201902182243
1550551492 51.5655924736 201902182244
1550551552 51.5439616069 201902182245
1550551612 50.7237912450 201902182246
1550551672 51.1041339843 201902182247
1550551732 51.6413005070 201902182248
1550551792 51.2086831732 201902182249
1550551852 52.0198406740 201902182250
1550551912 51.2321166122 201902182251
1550551972 51.2429320455 201902182252
1550551987 51.4195841234 201902182253
1550552047 51.5511718958 201902182254
1550552107 51.3835326790 201902182255
1550552167 51.1870523066 201902182256
1550552227 51.2267088955 201902182257
1550552287 51.0680825398 201902182258
1550552347 51.7476522682 201902182259
1550552407 51.5313436013 201902182300
1550552467 50.9437050563 201902182301
1550552527 51.1149494176 201902182302
1550552587 51.4934895846 201902182303
1550552599 51.5421590347 201902182303
1550552659 51.3925455401 201902182304
1550552719 51.8359783071 201902182305
1550552779 51.2789834900 201902182306
1550552839 51.4195841234 201902182307
1550552899 51.2465371899 201902182308
1550552959 51.5854207680 201902182309
1550553019 51.5764079069 201902182310
1550553079 51.3060220733 201902182311
1550553139 51.4610432846 201902182312
1550553199 51.4664510013 201902182313
1550553214 51.6701416625 201902182313
1550553274 49.9757237722 201902182314
1550553334 51.7710857071 201902182315
1550553394 51.8738323238 201902182316
1550553454 51.3402709456 201902182317
1550553514 51.5962362014 201902182318
1550553574 51.7530599848 201902182319
1550553634 51.3060220733 201902182320
1550553694 51.5349487458 201902182321
1550553754 51.3871378234 201902182322
1550553814 51.2573526233 201902182323
1550553828 51.7242188293 201902182323
1550553888 51.6322876458 201902182324
1550553948 51.5259358846 201902182325
1550554008 51.7764934237 201902182326
1550554068 51.2032754566 201902182327
1550554128 50.9166664730 201902182328
1550554188 51.3186400789 201902182329
1550554248 51.1329751398 201902182330
1550554308 51.6034464903 201902182331
1550554368 51.6088542069 201902182332
1550554428 51.9080811961 201902182333
1550554441 51.7999268627 201902182334
1550554501 51.7260214015 201902182335
1550554561 51.3655069567 201902182336
1550554621 51.6340902181 201902182337
1550554681 51.2537474788 201902182338
1550554741 50.9707436397 201902182339
1550554801 51.5728027625 201902182340
1550554861 51.2537474788 201902182341
1550554921 51.1924600232 201902182342
1550554981 51.2699706289 201902182343
1550555041 51.3907429679 201902182344
1550555055 51.4177815512 201902182344
1550555115 51.3492838067 201902182345
1550555175 51.2645629122 201902182346
1550555235 49.7017327941 201902182347
1550555295 51.2213011788 201902182348
1550555355 51.1870523066 201902182349
1550555415 50.9166664730 201902182350
1550555475 51.6304850736 201902182351
1550555535 51.1437905732 201902182352
1550555595 51.4790690068 201902182353
1550555655 51.2897989233 201902182354
