1550728801 -1.0000000000 2019022100007
1550728857 51.7981242904 201902210000
1550728917 51.0410439564 201902210001
1550728977 51.4159789790 201902210002
1550729037 51.5854207680 201902210003
1550729097 51.5944336291 201902210004
1550729157 51.3961506845 201902210005
1550729217 51.4970947291 201902210006
1550729277 51.5962362014 201902210007
1550729337 51.0879108343 201902210008
1550729397 51.7548625571 201902210009
1550729408 51.6809570959 201902210010
1550729468 51.3204426511 201902210011
1550729528 52.0108278128 201902210012
1550729588 51.4574381401 201902210013
1550729648 51.4700561457 201902210014
1550729708 0.0030140113 201902210015
1550729768 51.6773519514 201902210016
1550729828 51.2807860622 201902210017
1550729888 51.4610432846 201902210018
1550729948 51.2140908899 201902210019
1550730008 51.2825886344 201902210020
1550730024 51.4826741513 201902210020
1550730084 51.2753783455 201902210021
1550730144 51.5944336291 201902210022
1550730204 51.5475667513 201902210023
1550730264 51.3853352512 201902210024
1550730324 51.2663654844 201902210025
1550730384 51.7224162570 201902210026
1550730444 51.0843056898 201902210027
1550730504 51.2555500511 201902210028
1550730564 51.2339191844 201902210029
1550730624 51.2104857455 201902210030
1550730642 51.3384683734 201902210030
1550730702 51.5926310569 201902210031
1550730762 50.9184690452 201902210032
1550730822 51.5836181958 201902210033
1550730882 51.5944336291 201902210034
1550730942 51.4015584012 201902210035
1550731002 51.6340902181 201902210036
1550731062 50.0261957944 201902210037
1550731122 51.5313436013 201902210038
1550731182 51.4754638624 201902210039
1550731242 51.3132323622 201902210040
1550731258 51.8612143183 201902210040
1550731318 51.6070516347 201902210041
1550731378 51.5691976180 201902210042
1550731438 51.2483397622 201902210043
1550731498 51.2267088955 201902210044
1550731558 51.2519449066 201902210045
1550731618 51.5259358846 201902210046
1550731678 51.7188111126 201902210047
1550731738 51.3474812345 201902210048
1550731798 51.3150349345 201902210049
1550731858 51.3997558290 201902210050
1550731876 51.0987262676 201902210051
1550731936 51.0085976564 201902210052
1550731996 51.8666220349 201902210053
1550732056 51.2988117844 201902210054
1550732116 51.3060220733 201902210055
1550732176 51.3817301067 201902210056
1550732236 51.1419880010 201902210057
1550732296 51.6070516347 201902210058
1550732356 50.6751217950 201902210059
1550732416 51.7097982515 201902210100
1550732476 51.3889403956 201902210101
1550732492 51.5079101624 201902210101
1550732552 51.2267088955 201902210102
1550732612 51.1546060065 201902210103
1550732672 51.2014728844 201902210104
1550732732 51.4123738345 201902210105
1550732792 51.2249063233 201902210106
1550732852 50.8139198562 201902210107
1550732912 51.6322876458 201902210108
1550732972 51.8467937405 201902210109
1550733032 51.5962362014 201902210110
1550733092 51.6593262292 201902210111
1550733109 51.0176105175 201902210111
1550733169 51.3114297900 201902210112
1550733229 51.5169230235 201902210113
1550733289 51.2717732011 201902210114
1550733349 51.3871378234 201902210115
1550733409 51.5421590347 201902210116
1550733469 51.2681680566 201902210117
1550733529 51.3168375067 201902210118
1550733589 51.3600992400 201902210119
1550733649 51.5097127346 201902210120
1550733709 51.1437905732 201902210121
1550733728 51.4340047012 201902210122
1550733788 51.8251628738 201902210123
1550733848 51.3745198178 201902210124
1550733908 51.5529744680 201902210125
1550733968 51.4754638624 201902210126
1550734028 51.5529744680 201902210127
1550734088 51.6034464903 201902210128
1550734148 51.1185545621 201902210129
1550734208 51.4664510013 201902210130
1550734268 50.7994992784 201902210131
1550734328 51.4033609734 201902210132
1550734342 51.6863648126 201902210132
1550734402 51.1726317288 201902210133
1550734462 50.8031044229 201902210134
1550734522 51.6322876458 201902210135
1550734582 51.3456786623 201902210136
1550734642 51.2303140399 201902210137
1550734702 51.3637043845 201902210138
1550734762 51.5115153068 201902210139
1550734822 51.3366658011 201902210140
1550734882 51.2537474788 201902210141
1550734942 51.5818156236 201902210142
1550734960 51.5836181958 201902210142
1550735020 51.2411294733 201902210143
1550735080 51.6431030792 201902210144
1550735140 51.2357217566 201902210145
1550735200 51.4231892679 201902210146
1550735260 51.5043050180 201902210147
1550735320 51.0698851120 201902210148
1550735380 51.6322876458 201902210149
1550735440 51.4376098457 201902210150
1550735500 51.0825031176 201902210151
1550735560 51.5079101624 201902210152
1550735577 51.7620728460 201902210152
1550735637 51.4376098457 201902210153
1550735697 51.5818156236 201902210154
1550735757 51.5223307402 201902210155
1550735817 51.2158934621 201902210156
1550735877 51.3961506845 201902210157
1550735937 51.1690265843 201902210158
1550735997 51.5890259125 201902210159
1550736057 51.1762368732 201902210200
1550736117 51.6449056514 201902210201
1550736177 51.2735757733 201902210202
1550736192 50.8950356063 201902210203
1550736252 51.3799275345 201902210204
1550736312 51.0933185509 201902210205
1550736372 51.1239622787 201902210206
1550736432 51.4213866957 201902210207
1550736492 51.6304850736 201902210208
1550736552 51.2447346177 201902210209
1550736612 51.3186400789 201902210210
1550736672 51.2086831732 201902210211
1550736732 50.9635333508 201902210212
1550736792 51.2501423344 201902210213
1550736811 51.2879963511 201902210213
1550736871 51.3691121012 201902210214
1550736931 51.7728882793 201902210215
1550736991 51.0500568176 201902210216
1550737051 51.4520304235 201902210217
1550737111 51.1996703121 201902210218
1550737171 51.5836181958 201902210219
1550737231 51.7819011404 201902210220
1550737291 51.4358072734 201902210221
1550737351 51.3709146734 201902210222
1550737411 51.5764079069 201902210223
1550737428 51.3528889512 201902210223
1550737488 51.5511718958 201902210224
1550737548 51.1005288398 201902210225
1550737608 51.4340047012 201902210226
1550737668 51.2050780288 201902210227
1550737728 51.3619018123 201902210228
1550737788 51.7079956792 201902210229
1550737848 51.6431030792 201902210230
1550737908 51.3384683734 201902210231
1550737968 51.1816445899 201902210232
1550738028 51.4105712623 201902210233
1550738043 51.6575236570 201902210234
1550738103 51.8774374683 201902210235
1550738163 51.5547770402 201902210236
1550738223 50.8499713007 201902210237
1550738283 51.4826741513 201902210238
1550738343 51.6593262292 201902210239
1550738403 51.2483397622 201902210240
1550738463 51.5836181958 201902210241
1550738523 49.6422479108 201902210242
1550738583 51.2537474788 201902210243
1550738643 51.2591551955 201902210244
1550738660 51.5619873291 201902210244
1550738720 51.1437905732 201902210245
1550738780 51.4448201346 201902210246
1550738840 51.4105712623 201902210247
1550738900 51.7945191460 201902210248
1550738960 51.3727172456 201902210249
1550739020 50.9653359230 201902210250
1550739080 51.0698851120 201902210251
1550739140 51.5097127346 201902210252
1550739200 51.4267944123 201902210253
1550739260 51.7656779904 201902210254
1550739273 0.0030140113 201902210254
1550739333 51.4844767235 201902210255
1550739393 51.5980387736 201902210256
1550739453 51.3835326790 201902210257
1550739513 51.4700561457 201902210258
1550739573 51.3438760900 201902210259
1550739633 51.6917725292 201902210300
1550739693 51.2068806010 201902210301
1550739753 51.3510863789 201902210302
1550739813 51.1672240121 201902210303
1550739873 51.2970092122 201902210304
1550739891 50.8914304619 201902210304
1550739951 51.5385538902 201902210305
1550740011 50.9671384953 201902210306
1550740071 51.3691121012 201902210307
1550740131 51.5367513180 201902210308
1550740191 51.1780394454 201902210309
1550740251 50.9545204897 201902210310
1550740311 50.3182124947 201902210311
1550740371 51.5908284847 201902210312
1550740431 51.1798420177 201902210313
1550740491 51.2375243288 201902210314
1550740507 51.5187255957 201902210315
1550740567 51.3835326790 201902210316
1550740627 51.3294555122 201902210317
1550740687 51.8197551571 201902210318
1550741047 51.3763223901 201902210324
1550741107 50.5182980115 201902210325
1550741117 51.3619018123 201902210325
1550741177 51.3168375067 201902210326
1550741237 51.1888548788 201902210327
1550741297 51.4646484290 201902210328
1550741357 50.9887693619 201902210329
1550741417 51.1221597065 201902210330
1550741477 51.3637043845 201902210331
1550741537 51.3258503678 201902210332
1550741597 51.4376098457 201902210333
1550741657 51.5908284847 201902210334
1550741717 51.1005288398 201902210335
1550741736 50.8824176007 201902210335
1550741796 51.6196696403 201902210336
1550741856 51.5565796124 201902210337
1550741916 51.2699706289 201902210338
1550741976 51.3204426511 201902210339
1550742036 50.7436195395 201902210340
1550742096 51.3384683734 201902210341
1550742156 51.2843912066 201902210342
1550742216 50.9995847953 201902210343
1550742276 51.1924600232 201902210344
1550742336 51.5115153068 201902210345
1550742352 51.3420735178 201902210345
1550742412 50.7706581229 201902210346
1550742472 51.5133178791 201902210347
1550742532 50.6048214783 201902210348
1550742592 51.6124593514 201902210349
1550742652 50.5020748615 201902210350
1550742712 51.4628458568 201902210351
1550742772 51.5115153068 201902210352
1550742832 51.3943481123 201902210353
1550742892 51.2591551955 201902210354
1550742952 51.3492838067 201902210355
1550742969 51.2627603400 201902210356
1550743029 51.6286825014 201902210357
1550743089 51.1059365565 201902210358
1550743149 51.1564085788 201902210359
1550743209 51.4592407124 201902210400
1550743269 51.6142619236 201902210401
1550743329 51.1437905732 201902210402
1550743389 51.3943481123 201902210403
1550743449 51.2032754566 201902210404
1550743509 51.4628458568 201902210405
1550743569 51.2591551955 201902210406
1550743587 50.2388993168 201902210406
1550743647 51.7332316904 201902210407
1550743707 51.3853352512 201902210408
1550743767 51.2285114677 201902210409
1550743827 51.0770954009 201902210410
1550743887 51.5295410291 201902210411
1550743947 51.6106567792 201902210412
1550744007 51.4358072734 201902210413
1550744067 51.6899699570 201902210414
1550744127 51.8666220349 201902210415
1550744187 50.9815590730 201902210416
1550744202 51.4159789790 201902210416
1550744262 50.2713456169 201902210417
1550744322 51.4610432846 201902210418
1550744382 51.3492838067 201902210419
1550744442 49.5214755718 201902210420
1550744502 51.3673095289 201902210421
1550744562 51.4502278512 201902210422
1550744622 51.8341757349 201902210423
1550744682 51.3655069567 201902210424
1550744742 51.8287680182 201902210425
1550744802 51.4285969846 201902210426
1550744819 51.5764079069 201902210426
1550744879 51.2753783455 201902210427
1550744939 50.8373532951 201902210428
1550744999 51.1095417009 201902210429
1550745059 51.5133178791 201902210430
1550745119 51.5367513180 201902210431
1550745179 51.8936606183 201902210432
1550745239 51.4322021290 201902210433
1550745299 50.8265378618 201902210434
1550745359 50.9563230619 201902210435
1550745419 51.3817301067 201902210436
1550745433 51.4484252790 201902210437
1550745493 51.7548625571 201902210438
1550745553 50.5074825782 201902210439
1550745613 51.5998413458 201902210440
1550745673 51.3186400789 201902210441
1550745733 51.1419880010 201902210442
1550745793 51.6088542069 201902210443
1550745853 51.2573526233 201902210444
1550745913 51.5043050180 201902210445
1550745973 51.2681680566 201902210446
1550746033 51.3024169289 201902210447
1550746050 51.5205281680 201902210447
1550746110 51.3889403956 201902210448
1550746170 51.8576091738 201902210449
1550746230 50.9509153452 201902210450
1550746290 50.6570960728 201902210451
1550746350 51.3042195011 201902210452
1550746410 51.5151204513 201902210453
1550746470 51.4556355679 201902210454
1550746530 51.5349487458 201902210455
1550746590 51.5259358846 201902210456
1550746650 50.8950356063 201902210457
1550746668 51.2934040678 201902210457
1550746728 51.6413005070 201902210458
1550746788 51.0248208064 201902210459
1550746848 51.5367513180 201902210500
1550746908 51.1600137232 201902210501
1550746968 50.8301430062 201902210502
1550747028 51.4412149901 201902210503
1550747088 51.1275674232 201902210504
1550747148 50.5273108726 201902210505
1550747208 51.4123738345 201902210506
1550747268 50.8427610118 201902210507
1550747282 51.1960651677 201902210508
1550747342 51.3889403956 201902210509
1550747402 50.8301430062 201902210510
1550747462 51.4105712623 201902210511
1550747522 51.1257648510 201902210512
1550747582 51.3330606567 201902210513
1550747642 51.0770954009 201902210514
1550747702 51.1870523066 201902210515
1550747762 51.5926310569 201902210516
1550747822 51.6719442348 201902210517
1550747882 51.5511718958 201902210518
1550747898 51.5746053347 201902210518
1550747958 50.8878253174 201902210519
1550748018 51.7224162570 201902210520
1550748078 51.3817301067 201902210521
1550748138 51.4646484290 201902210522
1550748198 51.5998413458 201902210523
1550748258 51.4646484290 201902210524
1550748318 51.4574381401 201902210525
1550748378 50.9455076286 201902210526
1550748438 50.1397578445 201902210527
1550748498 51.2573526233 201902210528
1550748515 51.9982098073 201902210528
1550748575 51.1491982899 201902210529
1550748635 51.1059365565 201902210530
1550748695 51.1437905732 201902210531
1550748755 50.8589841618 201902210532
1550748815 51.4303995568 201902210533
1550748875 51.3655069567 201902210534
1550748935 51.3384683734 201902210535
1550748995 51.4466227068 201902210536
1550749055 51.1365802843 201902210537
1550749115 51.6881673848 201902210538
1550749129 51.3258503678 201902210538
1550749189 50.8643918785 201902210539
1550749249 51.5583821847 201902210540
1550749309 51.2231037510 201902210541
1550749369 51.0807005454 201902210542
1550749429 50.2118607335 201902210543
1550749489 51.1257648510 201902210544
1550749549 51.4231892679 201902210545
1550749609 51.0915159787 201902210546
1550749669 51.0807005454 201902210547
1550749729 51.3204426511 201902210548
1550749747 50.9959796508 201902210549
1550749807 51.5890259125 201902210550
1550749867 51.5097127346 201902210551
1550749927 51.5691976180 201902210552
1550749987 51.0536619620 201902210553
1550750047 51.3168375067 201902210554
1550750107 51.6034464903 201902210555
1550750167 51.5151204513 201902210556
1550750227 51.6665365181 201902210557
1550750287 51.5025024457 201902210558
1550750347 51.6449056514 201902210559
1550750360 51.1870523066 201902210559
1550750420 50.8103147118 201902210600
1550750480 51.1960651677 201902210601
1550750540 50.4263668281 201902210602
1550750600 51.2339191844 201902210603
1550750660 50.7526324006 201902210604
1550750720 51.1996703121 201902210605
1550750780 51.6431030792 201902210606
1550750840 51.4934895846 201902210607
1550750900 51.0951211231 201902210608
1550750960 51.0085976564 201902210609
1550750977 51.4285969846 201902210609
1550751037 51.0049925120 201902210610
1550751097 51.2934040678 201902210611
1550751157 51.5079101624 201902210612
1550751217 51.4231892679 201902210613
1550751277 51.3348632289 201902210614
1550751337 51.1347777121 201902210615
1550751397 51.1636188677 201902210616
1550751457 51.2663654844 201902210617
1550751517 51.0644773953 201902210618
1550751577 51.2357217566 201902210619
1550751594 51.1636188677 201902210619
1550751654 51.0320310953 201902210620
1550751714 51.4322021290 201902210621
1550751774 51.1906574510 201902210622
1550751834 51.3078246456 201902210623
1550751894 51.6088542069 201902210624
1550751954 51.0951211231 201902210625
1550752014 51.4934895846 201902210626
1550752074 -0.0005911331 201902210627
1550752134 0.0012114391 201902210628
1550752194 51.3600992400 201902210629
1550752209 51.1131468454 201902210630
1550752269 51.1690265843 201902210631
1550752329 50.7562375451 201902210632
1550752389 51.3727172456 201902210633
1550752449 51.4448201346 201902210634
1550752509 51.0410439564 201902210635
1550752569 50.7400143951 201902210636
1550752629 51.7873088571 201902210637
1550752689 51.1852497343 201902210638
1550752749 51.0897134065 201902210639
1550752809 51.2537474788 201902210640
1550752826 51.1564085788 201902210640
1550752886 51.5728027625 201902210641
1550752946 50.9076536119 201902210642
1550753006 50.8301430062 201902210643
1550753066 50.9995847953 201902210644
1550753126 51.4231892679 201902210645
1550753186 51.4736612901 201902210646
1550753246 50.9599282064 201902210647
1550753306 51.3745198178 201902210648
1550753366 51.1600137232 201902210649
1550753426 51.1113442732 201902210650
1550753439 51.2285114677 201902210650
1550753499 51.6737468070 201902210651
1550753559 51.0284259509 201902210652
1550753619 51.4195841234 201902210653
1550753679 51.1167519898 201902210654
1550753739 50.8986407508 201902210655
1550753799 50.1073115445 201902210656
1550753859 51.3979532567 201902210657
1550753919 51.4520304235 201902210658
1550753979 51.6503133681 201902210659
1550754039 50.8770098841 201902210700
1550754058 51.2158934621 201902210700
1550754118 51.5385538902 201902210701
1550754178 50.9725462119 201902210702
1550754238 51.3637043845 201902210703
1550754298 51.3979532567 201902210704
1550754358 51.0879108343 201902210705
1550754418 50.6607012172 201902210706
1550754478 51.0212156620 201902210707
1550754538 51.0644773953 201902210708
1550754598 51.3637043845 201902210709
1550754658 51.2519449066 201902210710
1550754671 51.1816445899 201902210711
1550754731 50.7093706672 201902210712
1550754791 50.9040484674 201902210713
1550754851 51.4520304235 201902210714
1550754911 51.4015584012 201902210715
1550754971 51.4808715790 201902210716
1550755031 51.2825886344 201902210717
1550755091 51.5205281680 201902210718
1550755151 51.5025024457 201902210719
1550755211 51.8648194627 201902210720
1550755271 51.6989828181 201902210721
1550755288 50.9941770786 201902210721
1550755348 51.0013873675 201902210722
1550755408 51.4303995568 201902210723
1550755468 50.6066240505 201902210724
1550755528 51.1329751398 201902210725
1550755588 51.4592407124 201902210726
1550755648 51.4303995568 201902210727
1550755708 51.2879963511 201902210728
1550755768 51.2194986066 201902210729
1550755828 50.9887693619 201902210730
1550755888 51.3871378234 201902210731
1550755906 51.2014728844 201902210731
1550755966 51.2068806010 201902210732
1550756026 51.6394979347 201902210733
1550756086 51.0067950842 201902210734
1550756146 50.7868812729 201902210735
1550756206 51.2447346177 201902210736
1550756266 51.5782104791 201902210737
1550756326 51.5583821847 201902210738
1550756386 51.3979532567 201902210739
1550756446 51.4574381401 201902210740
1550756506 51.0554645342 201902210741
1550756522 51.0392413842 201902210742
1550756582 51.0536619620 201902210743
1550756642 51.4538329957 201902210744
1550756702 51.1834471621 201902210745
1550756762 51.3528889512 201902210746
1550756822 51.4646484290 201902210747
1550756882 50.9725462119 201902210748
1550756942 51.3835326790 201902210749
1550757002 51.2231037510 201902210750
1550757062 51.8413860238 201902210751
1550757122 51.4376098457 201902210752
1550757140 51.3853352512 201902210752
1550757200 51.1870523066 201902210753
1550757260 51.5439616069 201902210754
1550757320 50.7886838451 201902210755
1550757380 51.3402709456 201902210756
1550757440 51.7728882793 201902210757
1550757500 51.1996703121 201902210758
1550757560 51.3186400789 201902210759
1550757620 51.8666220349 201902210800
1550757680 51.4718587179 201902210801
1550757740 51.3114297900 201902210802
1550757758 51.4574381401 201902210802
1550757818 51.3060220733 201902210803
1550757878 51.2501423344 201902210804
1550757938 51.8395834516 201902210805
1550757998 51.0933185509 201902210806
1550758058 51.5529744680 201902210807
1550758118 50.9220741897 201902210808
1550758178 51.3186400789 201902210809
1550758238 51.2447346177 201902210810
1550758298 51.8522014571 201902210811
1550758358 51.4087686901 201902210812
1550758375 51.3546915234 201902210812
1550758435 51.3600992400 201902210813
1550758495 51.4754638624 201902210814
1550758555 51.4574381401 201902210815
1550758615 51.2158934621 201902210816
1550758675 51.5944336291 201902210817
1550758735 51.6971802459 201902210818
1550758795 51.5728027625 201902210819
1550758855 51.3258503678 201902210820
1550758915 50.9653359230 201902210821
1550758975 51.5169230235 201902210822
1550758991 50.6372677783 201902210823
1550759051 51.4916870124 201902210824
1550759111 51.6575236570 201902210825
1550759171 51.2122883177 201902210826
1550759231 51.4376098457 201902210827
1550759291 51.2231037510 201902210828
1550759351 51.4105712623 201902210829
1550759411 51.5403564624 201902210830
1550759471 51.7710857071 201902210831
1550759531 50.8157224285 201902210832
1550759591 51.7332316904 201902210833
1550759605 51.4664510013 201902210833
1550759665 51.4466227068 201902210834
1550759725 51.4213866957 201902210835
1550759785 51.3564940956 201902210836
1550759845 50.9689410675 201902210837
1550759905 49.4241366717 201902210838
1550759965 51.5006998735 201902210839
1550760025 51.8648194627 201902210840
1550760085 51.1546060065 201902210841
1550760145 51.3366658011 201902210842
1550760205 51.3655069567 201902210843
1550760221 51.6845622403 201902210843
1550760281 51.3817301067 201902210844
1550760341 51.5475667513 201902210845
1550760401 51.6449056514 201902210846
1550760461 51.7800985682 201902210847
1550760521 51.8720297516 201902210848
1550760581 51.8828451850 201902210849
1550760641 50.7310015339 201902210850
1550760701 51.2483397622 201902210851
1550760761 51.2231037510 201902210852
1550760821 50.9545204897 201902210853
1550760838 50.6769243672 201902210853
1550760898 51.5006998735 201902210854
1550760958 51.6413005070 201902210855
1550761018 51.7927165738 201902210856
1550761078 50.7904864173 201902210857
1550761138 51.9279094905 201902210858
1550761198 52.0486818295 201902210859
1550761258 51.2086831732 201902210900
1550761318 51.3691121012 201902210901
1550761378 51.6124593514 201902210902
1550761438 51.1798420177 201902210903
1550761453 52.2469647742 201902210904
1550761513 51.1852497343 201902210905
1550761573 51.3727172456 201902210906
1550761633 51.4141764068 201902210907
1550761693 51.0428465287 201902210908
1550761753 51.7584677015 201902210909
1550761813 51.5836181958 201902210910
1550761873 51.0302285231 201902210911
1550761933 51.4087686901 201902210912
1550761993 51.3114297900 201902210913
1550762053 51.0788979731 201902210914
1550762070 50.8103147118 201902210914
1550762130 52.0973512796 201902210915
1550762190 51.8107422960 201902210916
1550762250 51.1636188677 201902210917
1550762310 51.6196696403 201902210918
1550762370 52.0000123795 201902210919
1550762430 51.8251628738 201902210920
1550762490 51.5854207680 201902210921
1550762550 51.9693686517 201902210922
1550762610 52.0937461351 201902210923
1550762670 51.3817301067 201902210924
1550762687 51.9170940572 201902210924
1550762747 51.9675660795 201902210925
1550762807 50.9941770786 201902210926
1550762867 51.6214722125 201902210927
1550762927 50.9148639008 201902210928
1550762987 51.8161500127 201902210929
1550763047 51.7386394070 201902210930
1550763107 51.9621583628 201902210931
1550763167 51.3853352512 201902210932
1550763227 50.8535764452 201902210933
1550763287 51.4249918401 201902210934
1550763302 51.9116863405 201902210935
1550763362 52.0414715406 201902210936
1550763422 51.6268799292 201902210937
1550763482 51.9729737961 201902210938
1550763542 51.6467082236 201902210939
1550763602 51.2501423344 201902210940
1550763662 51.4682535735 201902210941
1550763722 51.6809570959 201902210942
1550763782 51.9315146350 201902210943
1550763842 50.9707436397 201902210944
1550763902 52.1225872907 201902210945
1550763917 51.5223307402 201902210945
1550763977 52.2866213631 201902210946
1550764037 51.5764079069 201902210947
1550764097 52.1189821463 201902210948
1550764157 51.5367513180 201902210949
1550764217 51.7386394070 201902210950
1550764277 51.4754638624 201902210951
1550764337 51.9675660795 201902210952
1550764397 0.0030140113 201902210953
1550764457 52.3839602632 201902210954
1550764517 51.5980387736 201902210955
1550764531 52.2235313353 201902210955
1550764591 51.5025024457 201902210956
1550764651 51.9801840850 201902210957
1550764711 51.7927165738 201902210958
1550764771 49.8387282831 201902210959
1550764831 51.4556355679 201902211000
1550764891 51.3348632289 201902211001
1550764951 51.6503133681 201902211002
1550765011 52.0775229851 201902211003
1550765071 51.7963217182 201902211004
1550765131 51.8053345793 201902211005
1550765147 51.6304850736 201902211005
1550765207 52.0000123795 201902211006
1550765267 51.3727172456 201902211007
1550765327 52.2794110742 201902211008
1550765387 51.5043050180 201902211009
1550765447 52.0216432462 201902211010
1550765507 51.4700561457 201902211011
1550765567 51.3727172456 201902211012
1550765627 51.4322021290 201902211013
1550765687 51.4087686901 201902211014
1550765747 51.6250773569 201902211015
1550765766 51.8449911683 201902211016
1550765826 51.3835326790 201902211017
1550765886 51.5511718958 201902211018
1550765946 51.5529744680 201902211019
1550766006 51.1996703121 201902211020
1550766066 51.3582966678 201902211021
1550766126 51.2627603400 201902211022
1550766186 51.4934895846 201902211023
1550766246 51.9188966294 201902211024
1550766306 51.8377808794 201902211025
1550766366 51.6575236570 201902211026
1550766380 51.7782959960 201902211026
1550766440 52.0360638240 201902211027
1550766500 51.5079101624 201902211028
1550766560 51.8738323238 201902211029
1550766620 51.7981242904 201902211030
1550766680 51.6485107959 201902211031
1550766740 51.4123738345 201902211032
1550766800 51.6971802459 201902211033
1550766860 51.0987262676 201902211034
1550766920 51.9729737961 201902211035
1550766980 51.7710857071 201902211036
1550766997 51.2483397622 201902211036
1550767057 51.6196696403 201902211037
1550767117 51.4358072734 201902211038
1550767177 50.7904864173 201902211039
1550767237 52.1928876075 201902211040
1550767297 51.5151204513 201902211041
1550767357 51.2068806010 201902211042
1550767417 51.9531455017 201902211043
1550767477 51.0680825398 201902211044
1550767537 50.9725462119 201902211045
1550767597 51.8107422960 201902211046
1550767613 51.3240477956 201902211046
1550767673 51.4862792957 201902211047
1550767733 51.2357217566 201902211048
1550767793 51.5655924736 201902211049
1550767853 51.8828451850 201902211050
1550767913 51.2627603400 201902211051
1550767973 52.0432741129 201902211052
1550768033 50.7886838451 201902211053
1550768093 51.5115153068 201902211054
1550768153 51.9351197794 201902211055
1550768213 50.9779539286 201902211056
1550768227 51.3456786623 201902211057
1550768287 -0.0023937054 201902211058
1550768347 51.6755493792 201902211059
1550768407 51.9098837683 201902211100
1550768467 51.5493693235 201902211101
1550768527 51.5583821847 201902211102
1550768587 51.6106567792 201902211103
1550768647 51.7224162570 201902211104
1550768707 51.3042195011 201902211105
1550768767 51.8323731627 201902211106
1550768827 51.3853352512 201902211107
1550768845 51.4934895846 201902211107
1550768905 50.6300574894 201902211108
1550768965 51.5097127346 201902211109
1550769025 51.5944336291 201902211110
1550769085 51.4105712623 201902211111
1550769145 51.2934040678 201902211112
1550769205 51.3979532567 201902211113
1550769265 51.3276529400 201902211114
1550769325 51.6503133681 201902211115
1550769385 51.9225017739 201902211116
1550769445 51.7819011404 201902211117
1550769460 51.6737468070 201902211117
1550769520 51.8035320071 201902211118
1550769580 51.6665365181 201902211119
1550769640 51.7746908515 201902211120
1550769700 51.2988117844 201902211121
1550769760 51.7584677015 201902211122
1550769820 51.2068806010 201902211123
1550769880 51.3240477956 201902211124
1550769940 51.4213866957 201902211125
1550770000 51.5710001902 201902211126
1550770060 51.7296265459 201902211127
1550770077 51.0825031176 201902211127
1550770137 51.8107422960 201902211128
1550770197 51.4610432846 201902211129
1550770257 51.7152059681 201902211130
1550770317 51.8756348961 201902211131
1550770377 51.8017294349 201902211132
1550770437 51.1816445899 201902211133
1550770497 51.3637043845 201902211134
1550770557 50.9779539286 201902211135
1550770617 51.8720297516 201902211136
1550770677 51.3438760900 201902211137
1550770689 51.3817301067 201902211138
1550770749 51.3907429679 201902211139
1550770809 -0.0078014220 201902211140
1550770869 -0.0078014220 201902211141
1550770929 52.3515139631 201902211142
1550770989 51.5025024457 201902211143
1550771049 51.6376953625 201902211144
1550771109 51.3258503678 201902211145
1550771169 51.6376953625 201902211146
1550771229 51.8287680182 201902211147
1550771289 51.8449911683 201902211148
1550771304 51.5691976180 201902211148
1550771364 51.2393269011 201902211149
1550771424 51.1690265843 201902211150
1550771484 51.1329751398 201902211151
1550771544 51.7007853903 201902211152
1550771604 51.7909140015 201902211153
1550771664 51.9080811961 201902211154
1550771724 51.8738323238 201902211155
1550771784 51.9387249239 201902211156
1550771844 51.4934895846 201902211157
1550771904 51.7620728460 201902211158
1550771919 52.2433596297 201902211158
1550771979 51.7512574126 201902211159
1550772039 51.3727172456 201902211200
1550772099 51.8305705905 201902211201
1550772159 51.8738323238 201902211202
1550772219 51.5439616069 201902211203
1550772279 51.3258503678 201902211204
1550772339 51.4340047012 201902211205
1550772399 51.5241333124 201902211206
1550772459 51.1708291565 201902211207
1550772519 50.7850787007 201902211208
1550772536 51.5097127346 201902211208
1550772596 51.6953776737 201902211209
1550772656 51.6394979347 201902211210
1550772716 52.0216432462 201902211211
1550772776 51.8395834516 201902211212
1550772836 51.7728882793 201902211213
1550772896 0.0102243002 201902211214
1550772956 0.0102243002 201902211215
1550773016 0.0048165835 201902211216
1550773076 51.0608722509 201902211217
1550773136 51.5673950458 201902211218
1550773151 51.7061931070 201902211219
1550773211 51.6521159403 201902211220
1550773271 51.9044760516 201902211221
1550773331 51.6791545237 201902211222
1550773391 51.6989828181 201902211223
1550773451 51.7025879626 201902211224
1550773511 51.7584677015 201902211225
1550773571 51.6935751015 201902211226
1550773631 51.5313436013 201902211227
1550773691 51.6827596681 201902211228
1550773751 51.6376953625 201902211229
1550773766 52.0306561073 201902211229
1550773826 51.5872233402 201902211230
1550773886 51.7224162570 201902211231
1550773946 51.1203571343 201902211232
1550774006 51.5619873291 201902211233
1550774066 51.4772664346 201902211234
1550774126 51.2861937789 201902211235
1550774186 51.9639609350 201902211236
1550774246 51.6845622403 201902211237
1550774306 51.5529744680 201902211238
1550774366 50.9166664730 201902211239
1550774383 51.6106567792 201902211239
1550774443 51.4862792957 201902211240
1550774503 51.6124593514 201902211241
1550774563 51.4664510013 201902211242
1550774623 51.4213866957 201902211243
1550774683 51.6701416625 201902211244
1550774743 52.2145184741 201902211245
1550774803 51.4303995568 201902211246
1550774863 51.2068806010 201902211247
1550774923 51.5097127346 201902211248
1550774983 51.7206136848 201902211249
1550775001 51.8540040294 201902211250
1550775061 51.7837037126 201902211251
1550775121 51.5619873291 201902211252
1550775181 51.9044760516 201902211253
1550775241 50.9022458952 201902211254
1550775301 51.2789834900 201902211255
1550775361 51.7404419793 201902211256
1550775421 51.3600992400 201902211257
1550775481 51.8359783071 201902211258
1550775541 52.0991538518 201902211259
1550775601 50.5958086171 201902211300
1550775615 51.7458496959 201902211300
1550775675 51.5223307402 201902211301
1550775735 51.2735757733 201902211302
1550775795 51.8107422960 201902211303
1550775855 51.1329751398 201902211304
1550775915 51.4412149901 201902211305
1550775975 51.5151204513 201902211306
1550776035 51.1203571343 201902211307
1550776095 51.4502278512 201902211308
1550776155 51.6593262292 201902211309
1550776215 51.2357217566 201902211310
1550776232 50.0838781056 201902211310
1550776292 51.5926310569 201902211311
1550776352 52.1712567408 201902211312
1550776412 51.4610432846 201902211313
1550776472 51.5457641791 201902211314
1550776532 51.4358072734 201902211315
1550776592 51.2970092122 201902211316
1550776652 51.8576091738 201902211317
1550776712 51.6304850736 201902211318
1550776772 51.9729737961 201902211319
1550776832 51.7188111126 201902211320
1550776850 51.7404419793 201902211320
1550776910 51.1510008621 201902211321
1550776970 51.2843912066 201902211322
1550777030 51.8251628738 201902211323
1550777090 51.7422445515 201902211324
1550777150 51.6773519514 201902211325
1550777210 51.5601847569 201902211326
1550777270 51.6178670681 201902211327
1550777330 51.3979532567 201902211328
1550777390 51.2952066400 201902211329
1550777450 50.9437050563 201902211330
1550777464 50.9599282064 201902211331
1550777524 51.3348632289 201902211332
1550777584 51.2699706289 201902211333
1550777644 51.3979532567 201902211334
1550777704 51.6431030792 201902211335
1550777764 51.5331461735 201902211336
1550777824 51.3024169289 201902211337
1550777884 51.6413005070 201902211338
1550777944 51.1041339843 201902211339
1550778004 51.4556355679 201902211340
1550778064 51.5944336291 201902211341
1550778079 50.6210446283 201902211341
1550778139 50.3308305002 201902211342
1550778199 51.6142619236 201902211343
1550778259 51.4898844402 201902211344
1550778319 51.0248208064 201902211345
1550778379 51.6286825014 201902211346
1550778439 51.3006143567 201902211347
1550778499 50.5291134449 201902211348
1550778559 51.5457641791 201902211349
1550778619 51.6268799292 201902211350
1550778679 51.5259358846 201902211351
1550778695 51.8846477572 201902211351
1550778755 51.1221597065 201902211352
1550778815 51.4358072734 201902211353
1550778875 51.1834471621 201902211354
1550778935 51.2916014955 201902211355
1550778995 51.3006143567 201902211356
1550779055 51.2771809178 201902211357
1550779115 51.3312580845 201902211358
1550779175 51.3889403956 201902211359
1550779235 51.7386394070 201902211400
1550779295 51.0590696787 201902211401
1550779312 50.7580401173 201902211401
1550779372 51.0608722509 201902211402
1550779432 51.6088542069 201902211403
1550779492 52.2073081852 201902211404
1550779552 51.8774374683 201902211405
1550779612 51.7296265459 201902211406
1550779672 50.4912594282 201902211407
1550779732 51.5511718958 201902211408
1550779792 50.4660234170 201902211409
1550779852 50.6246497727 201902211410
1550779912 51.8864503294 201902211411
1550779931 51.7368368348 201902211412
1550779991 51.4015584012 201902211413
1550780051 51.6250773569 201902211414
1550780111 51.2916014955 201902211415
1550780171 51.8467937405 201902211416
1550780231 51.7710857071 201902211417
1550780291 51.8323731627 201902211418
1550780351 51.2375243288 201902211419
1550780411 51.5673950458 201902211420
1550780471 51.2663654844 201902211421
1550780531 51.6196696403 201902211422
1550780546 51.5277384569 201902211422
1550780606 51.5169230235 201902211423
1550780666 51.7710857071 201902211424
1550780726 51.5493693235 201902211425
1550780786 51.3060220733 201902211426
1550780846 50.9382973397 201902211427
1550780906 51.7097982515 201902211428
1550780966 51.6268799292 201902211429
1550781026 51.8467937405 201902211430
1550781086 51.5169230235 201902211431
1550781146 51.7530599848 201902211432
1550781167 49.9468826166 201902211432
1550781227 51.6899699570 201902211433
1550781287 51.7386394070 201902211434
1550781347 51.5133178791 201902211435
1550781407 50.9527179175 201902211436
1550781467 50.8986407508 201902211437
1550781527 51.9206992017 201902211438
1550781587 51.2970092122 201902211439
1550781647 51.4808715790 201902211440
1550781707 51.4051635456 201902211441
1550781767 51.5764079069 201902211442
1550781787 51.3348632289 201902211443
1550781847 51.0698851120 201902211444
1550781907 51.3294555122 201902211445
1550781967 51.2213011788 201902211446
1550782027 52.0685101240 201902211447
1550782087 51.8017294349 201902211448
1550782147 51.1870523066 201902211449
1550782207 51.2934040678 201902211450
1550782267 51.7350342626 201902211451
1550782327 51.0951211231 201902211452
1550782387 50.3650793725 201902211453
1550782404 51.4412149901 201902211453
1550782464 51.5944336291 201902211454
1550782524 51.2591551955 201902211455
1550782584 51.4484252790 201902211456
1550782644 51.2213011788 201902211457
1550782704 51.5944336291 201902211458
1550782764 51.0446491009 201902211459
1550782824 51.4772664346 201902211500
1550782884 51.3997558290 201902211501
1550782944 51.4267944123 201902211502
1550783004 51.4015584012 201902211503
1550783021 51.3745198178 201902211503
1550783081 51.6539185125 201902211504
1550783141 51.1780394454 201902211505
1550783201 51.4682535735 201902211506
1550783261 51.2140908899 201902211507
1550783321 51.6755493792 201902211508
1550783381 51.5079101624 201902211509
1550783441 51.6394979347 201902211510
1550783501 50.8175250007 201902211511
1550783561 51.1347777121 201902211512
1550783621 52.3425011020 201902211513
1550783638 51.6196696403 201902211513
1550783698 51.4808715790 201902211514
1550783758 51.3600992400 201902211515
1550783818 51.2122883177 201902211516
1550783878 51.5872233402 201902211517
1550783938 51.8377808794 201902211518
1550783998 51.6521159403 201902211519
1550784058 51.5043050180 201902211520
1550784118 51.3763223901 201902211521
1550784178 51.4970947291 201902211522
1550784238 52.0775229851 201902211523
1550784252 51.4826741513 201902211524
1550784312 -0.0041962776 201902211525
1550784372 51.3979532567 201902211526
1550784432 51.6124593514 201902211527
1550784492 51.4394124179 201902211528
1550784552 51.8576091738 201902211529
1550784612 51.8990683350 201902211530
1550784672 51.8702271794 201902211531
1550784732 51.6521159403 201902211532
1550784792 51.6214722125 201902211533
1550784852 50.6012163338 201902211534
1550784873 51.2735757733 201902211534
1550784933 50.9869667897 201902211535
1550784993 51.2555500511 201902211536
1550785053 50.9202716174 201902211537
1550785113 51.6575236570 201902211538
1550785173 51.4862792957 201902211539
1550785233 51.5854207680 201902211540
1550785293 51.7674805626 201902211541
1550785353 51.5511718958 201902211542
1550785413 51.4159789790 201902211543
1550785473 51.6467082236 201902211544
1550785489 51.9152914850 201902211544
1550785549 51.0608722509 201902211545
1550785609 51.3240477956 201902211546
1550785669 51.2934040678 201902211547
1550785729 51.8125448682 201902211548
1550785789 51.6647339459 201902211549
1550785849 51.8269654460 201902211550
1550785909 51.6845622403 201902211551
1550785969 51.6557210848 201902211552
1550786029 51.3835326790 201902211553
1550786089 51.5421590347 201902211554
1550786105 51.5728027625 201902211555
1550786165 51.7260214015 201902211556
1550786225 -0.0005911331 201902211557
1550786285 51.5782104791 201902211558
1550786345 51.7224162570 201902211559
1550786405 51.7152059681 201902211600
1550786465 51.6142619236 201902211601
1550786525 51.2501423344 201902211602
1550786585 50.7850787007 201902211603
1550786645 0.0012114391 201902211604
1550786705 51.4952921568 201902211605
1550786723 50.6174394838 201902211605
1550786783 51.5115153068 201902211606
1550786843 50.9653359230 201902211607
1550786903 51.4628458568 201902211608
1550786963 51.7007853903 201902211609
1550787023 51.7494548404 201902211610
1550787083 51.6701416625 201902211611
1550787143 51.9369223517 201902211612
1550787203 51.8467937405 201902211613
1550787263 51.2140908899 201902211614
1550787323 51.2573526233 201902211615
1550787340 51.6268799292 201902211615
1550787400 51.9783815128 201902211616
1550787460 52.0739178407 201902211617
1550787520 51.9134889128 201902211618
1550787580 51.2050780288 201902211619
1550787640 51.4574381401 201902211620
1550787700 51.6394979347 201902211621
1550787760 51.1870523066 201902211622
1550787820 51.5133178791 201902211623
1550787880 51.5655924736 201902211624
1550787940 51.6106567792 201902211625
1550787959 51.9801840850 201902211625
1550788019 51.5980387736 201902211626
1550788079 52.4073937021 201902211627
1550788139 51.6791545237 201902211628
1550788199 51.5061075902 201902211629
1550788259 51.7188111126 201902211630
1550788319 51.7855062849 201902211631
1550788379 51.8612143183 201902211632
1550788439 51.8431885960 201902211633
1550788499 51.7548625571 201902211634
1550788559 51.7079956792 201902211635
1550788575 51.5547770402 201902211636
1550788635 51.2303140399 201902211637
1550788695 51.3420735178 201902211638
1550788755 51.8413860238 201902211639
1550788815 51.4808715790 201902211640
1550788875 51.7043905348 201902211641
1550788935 51.0158079453 201902211642
1550788995 51.4952921568 201902211643
1550789055 51.9928020906 201902211644
1550789115 51.6665365181 201902211645
1550789175 51.0464516731 201902211646
1550789193 49.8477411443 201902211646
1550789253 51.0482542453 201902211647
1550789313 51.1762368732 201902211648
1550789373 51.0608722509 201902211649
1550789433 51.3132323622 201902211650
1550789493 51.2339191844 201902211651
1550789553 50.3506587947 201902211652
1550789613 51.2681680566 201902211653
1550789673 51.4736612901 201902211654
1550789733 50.7346066784 201902211655
1550789793 51.3294555122 201902211656
1550789812 50.9851642175 201902211656
1550789872 51.0951211231 201902211657
1550789932 50.8625893063 201902211658
1550789992 48.8833650045 201902211659
1550790052 51.1708291565 201902211700
1550790112 51.2916014955 201902211701
1550790172 51.2050780288 201902211702
1550790232 -0.0023937054 201902211703
1550790292 50.8499713007 201902211704
1550790352 51.5097127346 201902211705
1550790412 51.1347777121 201902211706
1550790426 50.7742632673 201902211707
1550790486 51.2122883177 201902211708
1550790546 50.8896278896 201902211709
1550790606 50.7616452617 201902211710
1550790666 49.5178704273 201902211711
1550790726 51.2501423344 201902211712
1550790786 50.9220741897 201902211713
1550790846 51.1654214399 201902211714
1550790906 50.8229327174 201902211715
1550790966 50.5759803227 201902211716
1550791026 50.8139198562 201902211717
1550791043 51.4394124179 201902211717
1550791103 50.8157224285 201902211718
1550791163 51.5746053347 201902211719
1550791223 50.5958086171 201902211720
1550791283 50.9473102008 201902211721
1550791343 51.2952066400 201902211722
1550791403 51.2753783455 201902211723
1550791463 51.0825031176 201902211724
1550791523 51.0843056898 201902211725
1550791583 50.4930620004 201902211726
1550791643 50.9869667897 201902211727
1550791661 51.1870523066 201902211727
1550791721 51.0807005454 201902211728
1550791781 51.7134033959 201902211729
1550791841 50.9382973397 201902211730
1550791901 51.2122883177 201902211731
1550791961 48.6724640543 201902211732
1550792021 50.9923745064 201902211733
1550792081 50.7237912450 201902211734
1550792141 50.8806150285 201902211735
1550792201 50.7652504062 201902211736
1550792261 50.8157224285 201902211737
1550792277 50.5885983283 201902211737
1550792337 51.4520304235 201902211738
1550792397 51.1510008621 201902211739
1550792457 50.8752073118 201902211740
1550792517 51.3402709456 201902211741
1550792577 50.9382973397 201902211742
1550792637 50.6805295117 201902211743
1550792697 50.6931475172 201902211744
1550792757 50.6174394838 201902211745
1550792817 51.4484252790 201902211746
1550792877 51.3186400789 201902211747
1550792893 50.1776118612 201902211748
1550792953 50.8013018507 201902211749
1550793013 50.7724606951 201902211750
1550793073 50.8625893063 201902211751
1550793133 51.1275674232 201902211752
1550793193 50.8914304619 201902211753
1550793253 50.6516883561 201902211754
1550793313 51.2231037510 201902211755
1550793373 51.0031899397 201902211756
1550793433 51.0500568176 201902211757
1550793493 50.3506587947 201902211758
1550793509 51.2393269011 201902211758
1550793569 51.2897989233 201902211759
1550793629 50.7508298284 201902211800
1550793689 51.2519449066 201902211801
1550793749 50.7219886728 201902211802
1550793809 51.1437905732 201902211803
1550793869 51.1744343010 201902211804
1550793929 51.3258503678 201902211805
1550793989 50.7075680950 201902211806
1550794049 51.0410439564 201902211807
1550794109 51.1816445899 201902211808
1550794126 51.5475667513 201902211808
1550794186 51.0698851120 201902211809
1550794246 50.5525468838 201902211810
1550794306 50.7688555506 201902211811
1550794366 50.8085121396 201902211812
1550794426 50.8896278896 201902211813
1550794486 50.7310015339 201902211814
1550794546 51.0572671064 201902211815
1550794606 51.0770954009 201902211816
1550794666 50.7688555506 201902211817
1550794726 51.1347777121 201902211818
1550794743 51.0212156620 201902211819
1550794803 51.1906574510 201902211820
1550794863 51.3384683734 201902211821
1550794923 50.9130613285 201902211822
1550794983 51.3997558290 201902211823
1550795043 50.8247352896 201902211824
1550795103 51.2952066400 201902211825
1550795163 51.2501423344 201902211826
1550795223 51.0338336675 201902211827
1550795283 0.0066191558 201902211828
1550795343 49.4836215551 201902211829
1550795357 51.5043050180 201902211829
1550795417 51.3312580845 201902211830
1550795477 50.9635333508 201902211831
1550795537 50.8265378618 201902211832
1550795597 51.7440471237 201902211833
1550795657 51.5259358846 201902211834
1550795717 51.5006998735 201902211835
1550795777 50.9473102008 201902211836
1550795837 50.8067095673 201902211837
1550795897 51.4754638624 201902211838
1550795957 51.0320310953 201902211839
1550795970 51.7404419793 201902211839
1550796030 51.5241333124 201902211840
1550796090 51.2050780288 201902211841
1550796150 51.2249063233 201902211842
1550796210 51.4754638624 201902211843
1550796270 51.1473957176 201902211844
1550796330 51.7079956792 201902211845
1550796390 51.3961506845 201902211846
1550796450 51.8846477572 201902211847
1550796510 51.3402709456 201902211848
1550796570 0.0012114391 201902211849
1550796583 51.4303995568 201902211849
1550796643 51.2104857455 201902211850
1550796703 51.6304850736 201902211851
1550796763 51.5205281680 201902211852
1550796823 51.3961506845 201902211853
1550796883 51.0464516731 201902211854
1550796943 51.1347777121 201902211855
1550797003 51.7188111126 201902211856
1550797063 51.0752928287 201902211857
1550797123 51.8558066016 201902211858
1550797183 51.1708291565 201902211859
1550797198 51.3114297900 201902211859
1550797258 51.1546060065 201902211900
1550797318 50.4191565392 201902211901
1550797378 50.7400143951 201902211902
1550797438 50.6048214783 201902211903
1550797498 51.7134033959 201902211904
1550797558 51.3204426511 201902211905
1550797618 51.3006143567 201902211906
1550797678 -0.0059988498 201902211907
1550797738 50.5164954393 201902211908
1550797798 51.5818156236 201902211909
1550797812 51.2627603400 201902211910
1550797872 51.2952066400 201902211911
1550797932 51.4646484290 201902211912
1550797992 51.6881673848 201902211913
1550798052 51.7728882793 201902211914
1550798112 51.7206136848 201902211915
1550798172 51.7061931070 201902211916
1550798232 51.7891114293 201902211917
1550798292 51.1257648510 201902211918
1550798352 51.6052490625 201902211919
1550798412 51.8846477572 201902211920
1550798425 51.5475667513 201902211920
1550798485 51.0752928287 201902211921
1550798545 51.2375243288 201902211922
1550798605 51.1059365565 201902211923
1550798665 50.7562375451 201902211924
1550798725 50.4317745448 201902211925
1550798785 51.5475667513 201902211926
1550798845 50.7291989617 201902211927
1550798905 51.0392413842 201902211928
1550798965 51.1275674232 201902211929
1550799025 51.1365802843 201902211930
1550799041 51.3979532567 201902211930
1550799101 -0.0041962776 201902211931
1550799161 50.9184690452 201902211932
1550799221 50.2911739113 201902211933
1550799281 51.2807860622 201902211934
1550799341 50.5237057282 201902211935
1550799401 51.8215577293 201902211936
1550799461 51.4322021290 201902211937
1550799521 51.2717732011 201902211938
1550799581 51.0464516731 201902211939
1550799641 51.3420735178 201902211940
1550799656 50.9581256341 201902211940
1550799716 51.5511718958 201902211941
1550799776 51.2393269011 201902211942
1550799836 50.1433629890 201902211943
1550799896 50.6390703505 201902211944
1550799956 50.5867957560 201902211945
1550800016 50.1631912834 201902211946
1550800076 51.0987262676 201902211947
1550800136 50.8085121396 201902211948
1550800196 50.6769243672 201902211949
1550800256 50.9743487842 201902211950
1550800272 51.4718587179 201902211951
1550800332 50.5453365949 201902211952
1550800392 51.1437905732 201902211953
1550800452 51.2176960344 201902211954
1550800512 50.7724606951 201902211955
1550800572 51.1780394454 201902211956
1550800632 51.1546060065 201902211957
1550800692 50.8427610118 201902211958
1550800752 50.7472246840 201902211959
1550800812 51.6070516347 201902212000
1550800872 50.4570105559 201902212001
1550800886 50.7147783839 201902212001
1550800946 51.2753783455 201902212002
1550801006 50.8752073118 201902212003
1550801066 51.1582111510 201902212004
1550801126 50.4714311337 201902212005
1550801186 50.0586420945 201902212006
1550801246 50.6174394838 201902212007
1550801306 51.0464516731 201902212008
1550801366 51.2681680566 201902212009
1550801426 51.4448201346 201902212010
1550801486 50.9599282064 201902212011
1550801499 51.1077391287 201902212011
1550801559 50.7958941340 201902212012
1550801619 51.1257648510 201902212013
1550801679 50.6012163338 201902212014
1550801739 50.6480832116 201902212015
1550801799 50.9617307786 201902212016
1550801859 50.0225906500 201902212017
1550801919 50.8860227452 201902212018
1550801979 51.4862792957 201902212019
1550802039 50.7183835284 201902212020
1550802099 51.2681680566 201902212021
1550802114 50.8157224285 201902212021
1550802174 51.2086831732 201902212022
1550802234 50.9040484674 201902212023
1550802294 50.7562375451 201902212024
1550802354 51.1275674232 201902212025
1550802414 51.3655069567 201902212026
1550802474 51.4394124179 201902212027
1550802534 51.2050780288 201902212028
1550802594 51.1383828565 201902212029
1550802654 50.9689410675 201902212030
1550802714 50.8301430062 201902212031
1550802730 50.3686845169 201902212032
1550802790 50.8067095673 201902212033
1550802850 51.4790690068 201902212034
1550802910 50.1920324390 201902212035
1550802970 50.9509153452 201902212036
1550803030 51.1275674232 201902212037
1550803090 51.1311725676 201902212038
1550803150 50.8589841618 201902212039
1550803210 51.1347777121 201902212040
1550803270 51.3474812345 201902212041
1550803330 51.2952066400 201902212042
1550803346 51.0608722509 201902212042
1550803406 51.3835326790 201902212043
1550803466 51.6016439180 201902212044
1550803526 51.1834471621 201902212045
1550803586 50.6877398006 201902212046
1550803646 50.6841346561 201902212047
1550803706 51.0843056898 201902212048
1550803766 51.1077391287 201902212049
1550803826 50.5759803227 201902212050
1550803886 51.6142619236 201902212051
1550803946 50.8229327174 201902212052
1550803961 51.0176105175 201902212052
1550804021 51.0518593898 201902212053
1550804081 51.3438760900 201902212054
1550804141 50.9815590730 201902212055
1550804201 51.0518593898 201902212056
1550804261 50.6048214783 201902212057
1550804321 51.1293699954 201902212058
1550804381 50.5417314504 201902212059
1550804441 50.1523758501 201902212100
1550804501 0.0048165835 201902212101
1550804561 51.3348632289 201902212102
1550804573 51.2249063233 201902212102
1550804633 50.6048214783 201902212103
1550804693 51.0013873675 201902212104
1550804753 51.5205281680 201902212105
1550804813 51.5728027625 201902212106
1550804873 51.2681680566 201902212107
1550804933 51.0825031176 201902212108
1550804993 50.9977822231 201902212109
1550805053 51.3979532567 201902212110
1550805113 50.9725462119 201902212111
1550805173 50.8319455785 201902212112
1550805369 51.1059365565 201902212116
1550805429 50.4588131281 201902212117
1550805489 50.7291989617 201902212118
1550805549 51.0770954009 201902212119
1550805609 50.9184690452 201902212120
1550805669 50.7976967062 201902212121
1550805729 51.5025024457 201902212122
1550805789 51.3168375067 201902212123
1550805802 50.3344356447 201902212123
1550805862 50.3434485058 201902212124
1550805922 51.1690265843 201902212125
1550805982 51.4664510013 201902212126
1550806042 50.3200150669 201902212127
1550806102 50.7922889895 201902212128
1550806162 51.0013873675 201902212129
1550806222 51.1762368732 201902212130
1550806282 50.8968381785 201902212131
1550806342 0.0048165835 201902212132
1550806402 -0.0005911331 201902212133
1550806414 -0.0023937054 201902212133
1550806474 0.0030140113 201902212134
1550806534 -0.0059988498 201902212135
1550806594 0.0084217280 201902212136
1550806654 0.0030140113 201902212137
1550806714 -0.0059988498 201902212138
1550806774 50.9292844786 201902212139
1550806834 51.3763223901 201902212140
1550806894 50.8788124563 201902212141
1550806954 50.3398433614 201902212142
1550807014 51.0482542453 201902212143
1550807027 50.9707436397 201902212143
1550807087 49.5142652829 201902212144
1550807147 51.1005288398 201902212145
1550807207 50.3362382169 201902212146
1550807267 50.7886838451 201902212147
1550807327 51.1708291565 201902212148
1550807387 51.3655069567 201902212149
1550807447 51.4484252790 201902212150
1550807507 50.8553790174 201902212151
1550807567 50.9635333508 201902212152
1550807627 50.9382973397 201902212153
1550807643 50.8445635840 201902212154
1550807703 50.9707436397 201902212155
1550807763 51.4069661179 201902212156
1550807823 50.9094561841 201902212157
1550807883 50.2947790558 201902212158
1550807943 50.4858517115 201902212159
1550808003 51.1726317288 201902212200
1550808063 50.8283404340 201902212201
1550808123 50.9635333508 201902212202
1550808183 50.9923745064 201902212203
1550808243 51.0374388120 201902212204
1550808258 50.9004433230 201902212204
1550808318 50.5255083004 201902212205
1550808378 50.1938350112 201902212206
1550808438 51.1329751398 201902212207
1550808498 51.8612143183 201902212208
1550808558 50.7922889895 201902212209
1550808618 50.9419024841 201902212210
1550808678 51.1582111510 201902212211
1550808738 51.4015584012 201902212212
1550808798 51.0374388120 201902212213
1550808858 50.9022458952 201902212214
1550808873 51.1329751398 201902212214
1550808933 50.8319455785 201902212215
1550808993 50.8697995952 201902212216
1550809053 50.9545204897 201902212217
1550809113 51.0644773953 201902212218
1550809173 51.2213011788 201902212219
1550809233 51.2086831732 201902212220
1550809293 51.5818156236 201902212221
1550809353 51.1005288398 201902212222
1550809413 51.5619873291 201902212223
1550809473 51.0284259509 201902212224
1550809488 51.1347777121 201902212224
1550809548 51.0843056898 201902212225
1550809608 50.5759803227 201902212226
1550809668 51.4376098457 201902212227
1550809728 51.0626748231 201902212228
1550809788 51.3024169289 201902212229
1550809848 50.6408729227 201902212230
1550809908 51.2988117844 201902212231
1550809968 50.6462806394 201902212232
1550810028 51.4736612901 201902212233
1550810088 51.2447346177 201902212234
1550810103 51.2140908899 201902212235
1550810163 50.6156369116 201902212236
1550810223 51.5475667513 201902212237
1550810283 50.6138343394 201902212238
1550810343 51.2285114677 201902212239
1550810403 50.9382973397 201902212240
1550810463 51.0536619620 201902212241
1550810523 51.0230182342 201902212242
1550810583 50.9328896230 201902212243
1550810643 50.9094561841 201902212244
1550810703 51.4484252790 201902212245
1550810719 51.0194130897 201902212245
1550810779 50.8697995952 201902212246
1550810839 50.9887693619 201902212247
1550810899 51.3078246456 201902212248
1550810959 50.8571815896 201902212249
1550811019 50.8373532951 201902212250
1550811079 51.2375243288 201902212251
1550811139 51.0067950842 201902212252
1550811199 0.0048165835 201902212253
1550811259 50.6661089339 201902212254
1550811319 51.0879108343 201902212255
1550811335 50.3236202114 201902212255
1550811395 50.9671384953 201902212256
1550811455 50.9905719342 201902212257
1550811515 51.1978677399 201902212258
1550811575 50.9419024841 201902212259
1550811635 50.8661944507 201902212300
1550811695 51.1311725676 201902212301
1550811755 51.8846477572 201902212302
1550811815 51.2717732011 201902212303
1550811875 51.1906574510 201902212304
1550811935 49.3574414994 201902212305
1550811948 50.8788124563 201902212305
1550812008 51.0410439564 201902212306
1550812068 51.3438760900 201902212307
1550812128 50.6498857839 201902212308
1550812188 51.1510008621 201902212309
1550812248 50.6607012172 201902212310
1550812308 50.8806150285 201902212311
1550812368 51.6611288014 201902212312
1550812428 51.4664510013 201902212313
1550812488 51.2285114677 201902212314
1550812548 50.1577835668 201902212315
1550812562 51.4772664346 201902212316
1550812622 51.1960651677 201902212317
1550812682 51.3456786623 201902212318
1550812742 51.4376098457 201902212319
1550812802 50.7868812729 201902212320
1550812862 50.5885983283 201902212321
1550812922 51.3600992400 201902212322
1550812982 51.0572671064 201902212323
1550813042 51.4736612901 201902212324
1550813102 51.1528034343 201902212325
1550813162 51.1041339843 201902212326
1550813178 51.2952066400 201902212326
1550813238 50.8806150285 201902212327
1550813298 51.0879108343 201902212328
1550813358 50.5507443116 201902212329
1550813418 50.7165809561 201902212330
1550813478 51.2068806010 201902212331
1550813538 51.0230182342 201902212332
1550813598 50.4642208448 201902212333
1550813658 51.4051635456 201902212334
1550813718 50.9599282064 201902212335
1550813778 50.6751217950 201902212336
1550813793 51.1798420177 201902212336
1550813853 51.1672240121 201902212337
1550813913 51.0536619620 201902212338
1550813973 51.2789834900 201902212339
1550814033 51.4249918401 201902212340
1550814093 51.3096272178 201902212341
1550814153 51.6088542069 201902212342
1550814213 50.6426754950 201902212343
1550814273 51.6665365181 201902212344
1550814333 51.2483397622 201902212345
1550814393 51.1726317288 201902212346
