1549173381 -1.0000000000 2019020223567
1549173437 49.0365836435 201902022357
1549173497 48.7265412211 201902022358
1549173557 49.9468826166 201902022359
1549173617 49.5755527385 201902030000
1549173677 49.5575270162 201902030001
1549173737 49.5268832884 201902030002
1549173797 49.6764967830 201902030003
1549173857 49.5647373051 201902030004
1549173917 49.7323765219 201902030005
1549173977 49.8351231387 201902030006
1549173993 49.5845655996 201902030006
1549174053 49.3898877994 201902030007
1549174113 49.3051669049 201902030008
1549174173 49.5124627106 201902030009
1549174233 48.9662833268 201902030010
1549174293 49.0852530936 201902030011
1549174353 49.9793289166 201902030012
1549174413 49.3033643327 201902030013
1549174473 49.5214755718 201902030014
1549174533 49.6855096441 201902030015
1549174593 49.7576125331 201902030016
1549174614 49.0726350880 201902030016
1549174674 49.2204460104 201902030017
1549174734 50.1073115445 201902030018
1549174794 49.9775263444 201902030019
1549174854 50.1181269778 201902030020
1549174914 49.8477411443 201902030021
1549174974 49.8098871276 201902030022
1549175034 49.7558099609 201902030023
1549175094 49.9234491777 201902030024
1549175154 49.6494581996 201902030025
1549175214 50.2479121780 201902030026
1549175235 49.5178704273 201902030027
1549175295 41.3089565200 201902030028
1549175355 -0.0041962776 201902030029
1549175415 0.0048165835 201902030030
1549175475 0.0066191558 201902030031
1549175535 0.0012114391 201902030032
1549175595 0.0084217280 201902030033
1549175655 49.0636222269 201902030034
1549175715 49.5971836052 201902030035
1549175775 49.8315179943 201902030036
1549175835 49.2925488993 201902030037
1549175854 49.8225051331 201902030037
1549175914 0.0084217280 201902030038
1549175974 0.0048165835 201902030039
1549176034 0.0030140113 201902030040
1549176094 49.1843945659 201902030041
1549176154 48.5967560209 201902030042
1549176214 49.5214755718 201902030043
1549176274 49.5376987218 201902030044
1549176334 49.6963250775 201902030045
1549176394 49.1555534103 201902030046
1549176454 49.3989006605 201902030047
1549176475 48.8346955545 201902030047
1549176535 49.6710890663 201902030048
1549176595 49.4223340994 201902030049
1549176655 48.7175283599 201902030050
1549176715 49.3123771938 201902030051
1549176775 49.4529778273 201902030052
1549176835 49.7197585164 201902030053
1549176895 49.3520337827 201902030054
1549176955 49.0564119380 201902030055
1549177015 49.6422479108 201902030056
1549177075 49.0960685269 201902030057
1549177101 50.0748652445 201902030058
1549177161 49.2745231771 201902030059
1549177221 49.5539218718 201902030100
1549177281 49.8873977332 201902030101
1549177341 50.0892858223 201902030102
1549177401 -0.0114065665 201902030103
1549177461 49.4980421328 201902030104
1549177521 50.0712601000 201902030105
1549177581 49.7143507997 201902030106
1549177641 49.2006177159 201902030107
1549177701 49.8423334276 201902030108
1549177722 49.6855096441 201902030108
1549177782 50.1091141167 201902030109
1549177842 49.8531488609 201902030110
1549177902 49.9649083388 201902030111
1549177962 49.8315179943 201902030112
1549178022 49.1195019658 201902030113
1549178082 49.3754672216 201902030114
1549178142 49.3808749383 201902030115
1549178202 49.4367546772 201902030116
1549178262 49.9018183110 201902030117
1549178322 49.6728916386 201902030118
1549178344 49.7846511164 201902030119
1549178404 49.5629347329 201902030120
1549178464 49.5845655996 201902030121
1549178524 49.6134067552 201902030122
1549178584 49.0978710992 201902030123
1549178644 49.1952099992 201902030124
1549178704 49.2601025993 201902030125
1549178764 49.4043083772 201902030126
1549178824 49.5358961495 201902030127
1549178884 49.5214755718 201902030128
1549178944 49.5485141551 201902030129
1549178967 49.5935784607 201902030129
1549179027 49.6927199330 201902030130
1549179087 48.9879141935 201902030131
1549179147 49.5503167273 201902030132
1549179207 49.4565829717 201902030133
1549179267 49.0455965047 201902030134
1549179327 49.2907463271 201902030135
1549179387 49.6476556274 201902030136
1549179447 49.7648228220 201902030137
1549179507 49.4583855439 201902030138
1549179567 49.9036208832 201902030139
1549179587 49.4782138384 201902030139
1549179647 49.0978710992 201902030140
1549179707 49.7323765219 201902030141
1549179767 49.5755527385 201902030142
1549179827 49.8387282831 201902030143
1549179887 49.6188144718 201902030144
1549179947 49.1303173992 201902030145
1549180007 49.5286858607 201902030146
1549180067 50.0063675000 201902030147
1549180127 49.7467970997 201902030148
1549180187 49.9613031944 201902030149
1549180207 49.7540073886 201902030150
1549180267 50.4335771170 201902030151
1549180327 49.6782993552 201902030152
1549180387 49.3970980883 201902030153
1549180447 49.9973546388 201902030154
1549180507 -0.0023937054 201902030155
1549180567 0.0048165835 201902030156
1549180627 0.0066191558 201902030157
1549180687 0.0048165835 201902030158
1549180747 50.0856806778 201902030159
1549180807 49.6945225052 201902030200
1549180830 49.5016472773 201902030200
1549180890 49.8243077054 201902030201
1549180950 50.1127192612 201902030202
1549181010 49.3249951994 201902030203
1549181070 48.9140087323 201902030204
1549181130 49.4331495328 201902030205
1549181190 49.4872266995 201902030206
1549181250 49.0131502046 201902030207
1549181310 49.8170974165 201902030208
1549181370 49.9847366333 201902030209
1549181430 49.7576125331 201902030210
1549181449 49.7540073886 201902030210
1549181509 49.8387282831 201902030211
1549181569 49.4295443883 201902030212
1549181629 49.7449945275 201902030213
1549181689 49.7828485442 201902030214
1549181749 50.1397578445 201902030215
1549181809 50.2839636224 201902030216
1549181869 50.0189855055 201902030217
1549181929 49.8279128498 201902030218
1549181989 50.1181269778 201902030219
1549182049 49.6566684885 201902030220
1549182069 49.1645662714 201902030221
1549182129 50.0063675000 201902030222
1549182189 50.0604446667 201902030223
1549182249 49.9216466054 201902030224
1549182309 49.5539218718 201902030225
1549182369 49.2564974549 201902030226
1549182429 49.5593295885 201902030227
1549182489 50.1469681334 201902030228
1549182549 49.6548659163 201902030229
1549182609 49.2492871660 201902030230
1549182669 49.8549514332 201902030231
1549182690 49.5593295885 201902030231
1549182750 49.6566684885 201902030232
1549182810 50.1307449834 201902030233
1549182870 49.5845655996 201902030234
1549182930 49.6855096441 201902030235
1549182990 49.5376987218 201902030236
1549183050 49.7774408275 201902030237
1549183110 49.3772697938 201902030238
1549183170 49.0401887880 201902030239
1549183230 49.7540073886 201902030240
1549183290 49.8170974165 201902030241
1549183310 50.1415604167 201902030241
1549183370 49.6152093274 201902030242
1549183430 49.7161533719 201902030243
1549183490 49.6981276497 201902030244
1549183550 49.5268832884 201902030245
1549183610 50.3993282448 201902030246
1549183670 49.7594151053 201902030247
1549183730 50.0099726444 201902030248
1549183790 49.6404453385 201902030249
1549183850 49.7341790942 201902030250
1549183910 49.9558954777 201902030251
1549183931 50.0117752166 201902030252
1549183991 48.8401032712 201902030253
1549184051 49.5827630274 201902030254
1549184111 50.3921179559 201902030255
1549184171 49.9090285999 201902030256
1549184231 49.4565829717 201902030257
1549184291 49.8513462887 201902030258
1549184351 49.5899733163 201902030259
1549184411 49.5557244440 201902030300
1549184471 49.2871411827 201902030301
1549184531 49.8549514332 201902030302
1549184555 50.0117752166 201902030302
1549184615 49.8711745832 201902030303
1549184675 49.3772697938 201902030304
1549184735 49.4926344162 201902030305
1549184795 50.0063675000 201902030306
1549184855 49.3520337827 201902030307
1549184915 49.7612176775 201902030308
1549184975 49.6476556274 201902030309
1549185035 48.5336659931 201902030310
1549185095 49.7990716942 201902030311
1549185155 49.5304884329 201902030312
1549185175 49.7990716942 201902030312
1549185235 49.8441359998 201902030313
1549185295 49.4043083772 201902030314
1549185355 49.2384717326 201902030315
1549185415 49.7197585164 201902030316
1549185475 49.4349521050 201902030317
1549185535 50.0568395222 201902030318
1549185595 49.4800164106 201902030319
1549185655 49.7774408275 201902030320
1549185715 49.1934074270 201902030321
1549185775 49.7017327941 201902030322
1549185797 49.0510042213 201902030323
1549185857 49.6368401941 201902030324
1549185917 50.2316890279 201902030325
1549185977 49.6692864941 201902030326
1549186037 49.7936639776 201902030327
1549186097 49.6638787774 201902030328
1549186157 49.5196729995 201902030329
1549186217 49.5286858607 201902030330
1549186277 49.3628492161 201902030331
1549186337 50.0207880778 201902030332
1549186397 49.7918614053 201902030333
1549186420 49.5827630274 201902030333
1549186480 49.9396723277 201902030334
1549186540 49.8783848721 201902030335
1549186600 49.7990716942 201902030336
1549186660 49.1879997103 201902030337
1549186720 49.4493726828 201902030338
1549186780 49.0798453769 201902030339
1549186840 49.5791578829 201902030340
1549186900 49.4998447051 201902030341
1549186960 50.2064530168 201902030342
1549187020 49.4079135217 201902030343
1549187043 49.9234491777 201902030344
1549187103 49.2528923104 201902030345
1549187163 50.2154658779 201902030346
1549187223 49.7648228220 201902030347
1549187283 49.2078280048 201902030348
1549187343 49.8964105943 201902030349
1549187403 48.6201894598 201902030350
1549187463 48.9374421712 201902030351
1549187523 50.1073115445 201902030352
1549187583 49.3484286383 201902030353
1549187643 49.0744376602 201902030354
1549187664 49.9252517499 201902030354
1549187724 49.4439649661 201902030355
1549187784 49.4313469606 201902030356
1549187844 49.7522048164 201902030357
1549187904 48.6508331877 201902030358
1549187964 49.5322910051 201902030359
1549188024 49.9613031944 201902030400
1549188084 49.3790723661 201902030401
1549188144 49.8134922720 201902030402
1549188204 49.6025913218 201902030403
1549188264 49.4692009773 201902030404
1549188287 49.6422479108 201902030404
1549188347 49.3195874827 201902030405
1549188407 49.3574414994 201902030406
1549188467 49.6422479108 201902030407
1549188527 49.0528067936 201902030408
1549188587 49.1357251159 201902030409
1549188647 49.5863681718 201902030410
1549188707 49.5178704273 201902030411
1549188767 49.2546948826 201902030412
1549188827 49.6476556274 201902030413
1549188887 49.8711745832 201902030414
1549188907 49.5160678551 201902030415
1549188967 49.3213900549 201902030416
1549189027 49.4385572495 201902030417
1549189087 50.4516028392 201902030418
1549189147 49.7053379386 201902030419
1549189207 49.7233636608 201902030420
1549189267 50.1776118612 201902030421
1549189327 49.2456820215 201902030422
1549189387 49.4331495328 201902030423
1549189447 49.0744376602 201902030424
1549189507 49.3376132049 201902030425
1549189530 49.7954665498 201902030425
1549189590 49.5935784607 201902030426
1549189650 49.2546948826 201902030427
1549189710 49.4728061217 201902030428
1549189770 50.0802729611 201902030429
1549189830 49.7540073886 201902030430
1549189890 49.5503167273 201902030431
1549189950 49.5034498495 201902030432
1549190010 49.5034498495 201902030433
1549190070 49.1952099992 201902030434
1549190130 49.6350376219 201902030435
1549190154 49.7558099609 201902030435
1549190214 49.3069694771 201902030436
1549190274 49.3448234938 201902030437
1549190334 48.5462839987 201902030438
1549190394 49.6548659163 201902030439
1549190454 49.6891147886 201902030440
1549190514 49.2294588715 201902030441
1549190574 49.5178704273 201902030442
1549190634 48.9518627490 201902030443
1549190694 49.7053379386 201902030444
1549190754 49.4962395606 201902030445
1549190773 49.2673128882 201902030446
1549190833 49.4601881161 201902030447
1549190893 50.0352086555 201902030448
1549190953 48.8491161323 201902030449
1549191013 50.0496292333 201902030450
1549191073 49.0365836435 201902030451
1549191133 49.7485996720 201902030452
1549191193 49.7359816664 201902030453
1549191253 49.5052524217 201902030454
1549191313 49.8783848721 201902030455
1549191373 49.7089430830 201902030456
1549191396 49.7774408275 201902030456
1549191456 49.7467970997 201902030457
1549191516 49.5647373051 201902030458
1549191576 49.8585565776 201902030459
1549191636 49.3105746216 201902030500
1549191696 49.4980421328 201902030501
1549191756 49.9811314888 201902030502
1549191816 48.9122061601 201902030503
1549191876 49.6206170441 201902030504
1549191936 -0.0041962776 201902030505
1549191996 49.6440504830 201902030506
1549192018 49.9558954777 201902030506
1549192078 49.8819900165 201902030507
1549192138 49.7900588331 201902030508
1549192198 49.4511752550 201902030509
1549192258 49.9595006221 201902030510
1549192318 49.9703160555 201902030511
1549192378 49.8170974165 201902030512
1549192438 49.4259392439 201902030513
1549192498 49.1627636992 201902030514
1549192558 50.2857661947 201902030515
1549192618 49.8387282831 201902030516
1549192636 49.7576125331 201902030517
1549192696 49.3916903716 201902030518
1549192756 49.6494581996 201902030519
1549192816 49.8152948442 201902030520
1549192876 50.0784703889 201902030521
1549192936 49.7684279664 201902030522
1549192996 49.6620762052 201902030523
1549193056 49.7413893831 201902030524
1549193116 49.6674839219 201902030525
1549193176 49.9144363165 201902030526
1549193236 49.7431919553 201902030527
1549193258 49.9522903332 201902030527
1549193318 49.5683424496 201902030528
1549193378 49.8170974165 201902030529
1549193438 49.4836215551 201902030530
1549193498 49.7774408275 201902030531
1549193558 49.5719475940 201902030532
1549193618 49.5755527385 201902030533
1549193678 49.9198440332 201902030534
1549193738 49.6602736330 201902030535
1549193798 49.8964105943 201902030536
1549193858 49.6638787774 201902030537
1549193882 50.1704015723 201902030538
1549193942 50.2082555890 201902030539
1549194002 49.6819044997 201902030540
1549194062 49.7576125331 201902030541
1549194122 49.5827630274 201902030542
1549194182 49.9144363165 201902030543
1549194242 49.4872266995 201902030544
1549194302 49.9522903332 201902030545
1549194362 50.2443070335 201902030546
1549194422 49.2456820215 201902030547
1549194482 49.6584710608 201902030548
1549194504 49.6764967830 201902030548
1549194564 50.0316035111 201902030549
1549194624 49.8134922720 201902030550
1549194684 49.8495437165 201902030551
1549194744 49.5899733163 201902030552
1549194804 50.2190710224 201902030553
1549194864 49.9072260277 201902030554
1549194924 49.6873122163 201902030555
1549194984 49.4782138384 201902030556
1549195044 49.8225051331 201902030557
1549195104 49.7864536887 201902030558
1549195122 49.1393302603 201902030558
1549195182 49.8964105943 201902030559
1549195242 49.6602736330 201902030600
1549195302 49.9721186277 201902030601
1549195362 49.4565829717 201902030602
1549195422 49.6548659163 201902030603
1549195482 49.5485141551 201902030604
1549195542 49.6188144718 201902030605
1549195602 49.7792433998 201902030606
1549195662 49.9198440332 201902030607
1549195722 49.4313469606 201902030608
1549195738 49.9324620388 201902030608
1549195798 49.9865392055 201902030609
1549195858 49.5827630274 201902030610
1549195918 49.6602736330 201902030611
1549195978 49.3376132049 201902030612
1549196038 49.7936639776 201902030613
1549196098 49.7738356831 201902030614
1549196158 49.9432774721 201902030615
1549196218 49.7666253942 201902030616
1549196278 49.3466260660 201902030617
1549196338 50.0117752166 201902030618
1549196351 49.3159823382 201902030619
1549196411 49.8098871276 201902030620
1549196471 49.5899733163 201902030621
1549196531 49.9757237722 201902030622
1549196591 49.6963250775 201902030623
1549196651 50.0027623555 201902030624
1549196711 50.3218176391 201902030625
1549196771 49.3556389272 201902030626
1549196831 49.2709180326 201902030627
1549196891 49.4601881161 201902030628
1549196951 49.6891147886 201902030629
1549196964 49.5917758885 201902030629
1549197016 50.0045649277 201902030630
1549197076 49.8585565776 201902030631
1549197136 49.4475701106 201902030632
1549197196 50.1830195779 201902030633
1549197256 0.0048165835 201902030634
1549197316 0.0048165835 201902030635
1549197376 0.0048165835 201902030636
1549197436 0.0048165835 201902030637
1549197496 0.0048165835 201902030638
1549197556 0.0048165835 201902030639
1549197616 0.0048165835 201902030640
1549197676 0.0048165835 201902030641
1549197736 0.0048165835 201902030642
1549197796 0.0048165835 201902030643
1549197856 0.0048165835 201902030644
1549197916 0.0048165835 201902030645
1549197976 0.0048165835 201902030646
1549198036 0.0048165835 201902030647
1549198096 0.0048165835 201902030648
1549198156 0.0048165835 201902030649
1549198216 0.0048165835 201902030650
1549198276 0.0048165835 201902030651
1549198336 0.0048165835 201902030652
1549198396 0.0048165835 201902030653
1549198456 0.0048165835 201902030654
1549198516 0.0048165835 201902030655
1549198576 0.0048165835 201902030656
1549198636 0.0048165835 201902030657
1549198696 0.0048165835 201902030658
1549198756 0.0048165835 201902030659
1549198816 0.0048165835 201902030700
1549198876 0.0048165835 201902030701
1549198936 0.0048165835 201902030702
1549198996 0.0048165835 201902030703
1549199056 0.0048165835 201902030704
1549199116 0.0048165835 201902030705
1549199176 0.0048165835 201902030706
1549199236 0.0048165835 201902030707
1549199296 0.0048165835 201902030708
1549199356 0.0048165835 201902030709
1549199377 0.0048165835 201902030709
1549199437 0.0048165835 201902030710
1549199497 49.7630202497 201902030711
1549199557 50.1920324390 201902030712
1549199617 0.0102243002 201902030713
1549199677 0.0048165835 201902030714
1549199737 0.0030140113 201902030715
1549199797 50.0946935389 201902030716
1549199857 49.4710035495 201902030717
1549199917 50.2839636224 201902030718
1549199977 50.2082555890 201902030719
1549199989 49.1627636992 201902030719
1549200049 49.8801874443 201902030720
1549200109 49.9558954777 201902030721
1549200169 49.8801874443 201902030722
1549200229 49.9396723277 201902030723
1549200289 49.7467970997 201902030724
1549200349 50.3596716558 201902030725
1549200409 49.8044794109 201902030726
1549200469 48.9284293101 201902030727
1549200529 49.8928054499 201902030728
1549200589 49.9180414610 201902030729
1549200602 49.0149527769 201902030730
1549200662 49.4205315272 201902030731
1549200722 49.7089430830 201902030732
1549200782 49.8765822998 201902030733
1549200842 49.6566684885 201902030734
1549200902 49.3448234938 201902030735
1549200962 49.6314324774 201902030736
1549201022 49.8261102776 201902030737
1549201082 49.5989861774 201902030738
1549201142 49.8585565776 201902030739
1549201202 49.4097160939 201902030740
1549201217 49.4764112662 201902030740
1549201277 50.0243932222 201902030741
1549201337 49.6909173608 201902030742
1549201397 49.8603591498 201902030743
1549201457 49.9054234554 201902030744
1549201517 49.7035353664 201902030745
1549201577 49.4637932606 201902030746
1549201637 49.9685134833 201902030747
1549201697 49.6801019275 201902030748
1549201757 49.4061109494 201902030749
1549201817 49.8387282831 201902030750
1549201831 50.1812170057 201902030750
1549201891 49.8008742664 201902030751
1549201951 49.8441359998 201902030752
1549202011 49.6512607719 201902030753
1549202071 49.9558954777 201902030754
1549202131 49.5304884329 201902030755
1549202191 49.5322910051 201902030756
1549202251 50.1974401557 201902030757
1549202311 49.6891147886 201902030758
1549202371 49.8747797276 201902030759
1549202431 49.8910028776 201902030800
1549202445 49.4349521050 201902030800
1549202505 49.8405308554 201902030801
1549202565 49.9721186277 201902030802
1549202625 49.9090285999 201902030803
1549202685 49.1267122547 201902030804
1549202745 49.8423334276 201902030805
1549202805 49.8801874443 201902030806
1549202865 0.0048165835 201902030807
1549202925 49.5052524217 201902030808
1549202985 -0.0023937054 201902030809
1549203045 50.0424189444 201902030810
1549203057 49.7864536887 201902030810
1549203117 49.9991572111 201902030811
1549203477 49.7990716942 201902030817
1549203537 49.4187289550 201902030818
1549203597 49.8783848721 201902030819
1549203657 49.6386427663 201902030820
1549203663 49.8873977332 201902030821
1549203723 49.6314324774 201902030822
1549203783 49.8477411443 201902030823
1549203843 49.2168408659 201902030824
1549203903 50.0802729611 201902030825
1549203963 49.7053379386 201902030826
1549204023 50.0784703889 201902030827
1549204083 49.6007887496 201902030828
1549204143 50.0856806778 201902030829
1549204203 49.4565829717 201902030830
1549204263 50.0748652445 201902030831
1549204277 50.2749507613 201902030831
1549204337 50.2713456169 201902030832
1549204397 49.6314324774 201902030833
1549204457 49.7522048164 201902030834
1549204517 50.1289424112 201902030835
1549204577 49.5791578829 201902030836
1549204637 49.6368401941 201902030837
1549204697 50.3434485058 201902030838
1549204757 49.4728061217 201902030839
1549204817 49.4367546772 201902030840
1549204877 49.9324620388 201902030841
1549204891 50.0712601000 201902030841
1549204951 49.6566684885 201902030842
1549205011 49.8585565776 201902030843
1549205071 49.7522048164 201902030844
1549205131 49.6620762052 201902030845
1549205191 49.8207025609 201902030846
1549205251 49.8441359998 201902030847
1549205311 50.2551224668 201902030848
1549205371 0.0048165835 201902030849
1549205431 -0.0005911331 201902030850
1549205491 50.1667964279 201902030851
1549205505 49.5629347329 201902030851
1549205565 50.0261957944 201902030852
1549205625 50.0550369500 201902030853
1549205685 49.5683424496 201902030854
1549205745 49.8225051331 201902030855
1549205805 49.5160678551 201902030856
1549205865 49.9793289166 201902030857
1549205925 49.7431919553 201902030858
1549205985 50.0261957944 201902030859
1549206045 49.1645662714 201902030900
1549206105 49.8243077054 201902030901
1549206117 49.5322910051 201902030901
1549206177 49.6674839219 201902030902
1549206237 49.8207025609 201902030903
1549206297 49.7540073886 201902030904
1549206357 49.4475701106 201902030905
1549206417 49.9126337443 201902030906
1549206477 49.6242221885 201902030907
1549206537 49.6530633441 201902030908
1549206597 49.7197585164 201902030909
1549206657 49.9162388888 201902030910
1549206717 49.9018183110 201902030911
1549206733 49.3952955161 201902030912
1549206793 49.9378697555 201902030913
1549206853 49.4998447051 201902030914
1549206913 49.7125482275 201902030915
1549206973 50.1109166889 201902030916
1549207033 49.2330640159 201902030917
1549207093 49.4421623939 201902030918
1549207153 50.1073115445 201902030919
1549207213 49.8946080221 201902030920
1549207273 49.6927199330 201902030921
1549207333 49.6368401941 201902030922
1549207357 50.2911739113 201902030922
1549207417 50.0388138000 201902030923
1549207477 49.5773553107 201902030924
1549207537 49.5124627106 201902030925
1549207597 49.5827630274 201902030926
1549207657 49.7900588331 201902030927
1549207717 50.3903153836 201902030928
1549207777 49.4818189828 201902030929
1549207837 49.7792433998 201902030930
1549207897 49.6386427663 201902030931
1549207957 50.1343501279 201902030932
1549207976 50.2677404724 201902030932
1549208036 49.4133212383 201902030933
1549208096 49.7269688053 201902030934
1549208156 49.5737501662 201902030935
1549208216 49.6674839219 201902030936
1549208276 49.7864536887 201902030937
1549208336 49.5881707440 201902030938
1549208396 49.7540073886 201902030939
1549208456 49.7846511164 201902030940
1549208516 50.1613887112 201902030941
1549208576 50.0838781056 201902030942
1549208599 50.1992427279 201902030943
1549208659 49.8098871276 201902030944
1549208719 49.5467115829 201902030945
1549208779 49.8008742664 201902030946
1549208839 49.5503167273 201902030947
1549208899 49.8657668665 201902030948
1549208959 49.4872266995 201902030949
1549209019 50.0658523833 201902030950
1549209079 50.0694575278 201902030951
1549209139 49.9414748999 201902030952
1549209199 49.6152093274 201902030953
1549209222 49.8837925887 201902030953
1549209282 49.8513462887 201902030954
1549209342 49.9234491777 201902030955
1549209402 49.9919469222 201902030956
1549209462 49.7846511164 201902030957
1549209522 50.0568395222 201902030958
1549209582 49.9685134833 201902030959
1549209642 49.7053379386 201902031000
1549209702 49.9126337443 201902031001
1549209762 49.1952099992 201902031002
1549209822 50.2172684501 201902031003
1549209843 49.8405308554 201902031004
1549209903 49.9631057666 201902031005
1549209963 49.5413038662 201902031006
1549210023 49.5845655996 201902031007
1549210083 49.5358961495 201902031008
1549210143 49.8207025609 201902031009
1549210203 49.6855096441 201902031010
1549210263 49.7323765219 201902031011
1549210323 50.0460240889 201902031012
1549210383 49.8585565776 201902031013
1549210443 0.0012114391 201902031014
1549210466 49.8783848721 201902031014
1549210526 49.6566684885 201902031015
1549210586 49.8351231387 201902031016
1549210646 49.7936639776 201902031017
1549210706 0.0066191558 201902031018
1549210766 49.7413893831 201902031019
1549210826 49.8675694387 201902031020
1549210886 49.9973546388 201902031021
1549210946 48.5516917153 201902031022
1549211006 49.6512607719 201902031023
1549211066 0.0012114391 201902031024
1549211088 50.0460240889 201902031024
1549211148 48.8905752934 201902031025
1549211208 49.5953810329 201902031026
1549211268 49.4601881161 201902031027
1549211328 49.7540073886 201902031028
1549211388 49.8946080221 201902031029
1549211448 49.4133212383 201902031030
1549211508 49.4259392439 201902031031
1549211568 48.9716910435 201902031032
1549211628 49.2528923104 201902031033
1549211688 49.6620762052 201902031034
1549211708 48.6616486210 201902031035
1549211768 49.6710890663 201902031036
1549211828 48.7950389656 201902031037
1549211888 49.7594151053 201902031038
1549211948 49.9847366333 201902031039
1549212008 49.5503167273 201902031040
1549212068 48.9987296268 201902031041
1549212128 49.1086865325 201902031042
1549212188 49.6512607719 201902031043
1549212248 49.1086865325 201902031044
1549212308 49.6386427663 201902031045
1549212332 49.4998447051 201902031045
1549212392 49.5358961495 201902031046
1549212452 48.7085154988 201902031047
1549212512 49.7071405108 201902031048
1549212572 49.6314324774 201902031049
1549212632 49.5953810329 201902031050
1549212692 49.3718620772 201902031051
1549212752 49.7107456553 201902031052
1549212812 49.2564974549 201902031053
1549212872 49.0924633825 201902031054
1549212932 49.5557244440 201902031055
1549212955 49.3123771938 201902031055
1549213015 49.4926344162 201902031056
1549213075 48.8545238489 201902031057
1549213135 48.6634511932 201902031058
1549213195 49.4782138384 201902031059
1549213255 49.7467970997 201902031100
1549213315 48.9464550324 201902031101
1549213375 49.6007887496 201902031102
1549213435 49.5395012940 201902031103
1549213495 49.5485141551 201902031104
1549213555 48.7860261044 201902031105
1549213575 49.3484286383 201902031106
1549213635 49.9450800444 201902031107
1549213695 49.6152093274 201902031108
1549213755 48.9031932990 201902031109
1549213815 49.7918614053 201902031110
1549213875 49.4511752550 201902031111
1549213935 49.0546093658 201902031112
1549213995 49.9324620388 201902031113
1549214055 49.5358961495 201902031114
1549214115 49.6855096441 201902031115
1549214175 49.5034498495 201902031116
1549214196 49.7071405108 201902031116
1549214256 49.0600170825 201902031117
1549214316 48.8797598601 201902031118
1549214376 49.6296299052 201902031119
1549214436 49.7125482275 201902031120
1549214496 48.9320344546 201902031121
1549214556 49.3304029160 201902031122
1549214616 49.1645662714 201902031123
1549214676 49.6206170441 201902031124
1549214736 49.6710890663 201902031125
1549214796 49.4673984050 201902031126
1549214819 49.4151238105 201902031126
1549214879 49.5737501662 201902031127
1549214939 49.4313469606 201902031128
1549214999 49.8170974165 201902031129
1549215059 49.7594151053 201902031130
1549215119 49.1681714159 201902031131
1549215179 49.5395012940 201902031132
1549215239 49.4601881161 201902031133
1549215299 49.4367546772 201902031134
1549215359 49.4980421328 201902031135
1549215419 49.7558099609 201902031136
1549215441 49.2546948826 201902031137
1549215501 48.9086010157 201902031138
1549215561 49.5503167273 201902031139
1549215621 48.8671418545 201902031140
1549215681 49.5304884329 201902031141
1549215741 49.6332350496 201902031142
1549215801 49.0888582380 201902031143
1549215861 49.6386427663 201902031144
1549215921 48.7607900933 201902031145
1549215981 49.6837070719 201902031146
1549216041 49.3033643327 201902031147
1549216064 49.1519482659 201902031147
1549216124 49.5232781440 201902031148
1549216184 49.5413038662 201902031149
1549216244 49.4890292717 201902031150
1549216304 49.5322910051 201902031151
1549216364 49.2907463271 201902031152
1549216424 49.3952955161 201902031153
1549216484 49.4421623939 201902031154
1549216544 49.8837925887 201902031155
1549216604 49.2925488993 201902031156
1549216664 49.4331495328 201902031157
1549216688 49.2817334660 201902031158
1549216748 48.8310904100 201902031159
1549216808 48.9049958712 201902031200
1549216868 49.8279128498 201902031201
1549216928 49.5539218718 201902031202
1549216988 49.4998447051 201902031203
1549217048 49.7305739497 201902031204
1549217108 49.0924633825 201902031205
1549217168 49.5647373051 201902031206
1549217228 49.5413038662 201902031207
1549217288 49.0311759269 201902031208
1549217308 49.4403598217 201902031208
1549217368 49.5358961495 201902031209
1549217428 49.6079990385 201902031210
1549217488 48.8437084156 201902031211
1549217548 50.0622472389 201902031212
1549217608 49.3989006605 201902031213
1549217668 48.9662833268 201902031214
1549217728 49.3934929439 201902031215
1549217788 49.6152093274 201902031216
1549217848 49.2835360382 201902031217
1549217908 49.3808749383 201902031218
1549217930 49.7125482275 201902031218
1549217990 49.2366691604 201902031219
1549218050 48.8941804379 201902031220
1549218110 49.6692864941 201902031221
1549218170 49.4619906884 201902031222
1549218230 49.2907463271 201902031223
1549218290 49.2637077437 201902031224
1549218350 49.4854241273 201902031225
1549218410 49.7161533719 201902031226
1549218470 49.1393302603 201902031227
1549218530 49.4854241273 201902031228
1549218548 48.6904897766 201902031229
1549218608 49.4655958328 201902031230
1549218668 49.4043083772 201902031231
1549218728 49.1771842770 201902031232
1549218788 49.7828485442 201902031233
1549218848 49.5358961495 201902031234
1549218908 48.8527212767 201902031235
1549218968 49.2853386104 201902031236
1549219028 48.9338370268 201902031237
1549219088 49.0924633825 201902031238
1549219148 48.6526357599 201902031239
1549219165 49.7648228220 201902031239
1549219225 49.0600170825 201902031240
1549219285 49.2348665882 201902031241
1549219345 49.2817334660 201902031242
1549219405 49.2492871660 201902031243
1549219465 48.8491161323 201902031244
1549219525 49.6512607719 201902031245
1549219585 48.9680858990 201902031246
1549219645 49.4349521050 201902031247
1549219705 48.7067129266 201902031248
1549219765 49.4565829717 201902031249
1549219786 49.0708325158 201902031249
1549219846 48.7247386488 201902031250
1549219906 48.7553823766 201902031251
1549219966 49.1537508381 201902031252
1549220026 49.4944369884 201902031253
1549220086 49.1898022826 201902031254
1549220146 49.7882562609 201902031255
1549220206 49.3267977716 201902031256
1549220266 49.5142652829 201902031257
1549220326 49.2240511548 201902031258
1549220386 49.5106601384 201902031259
1549220406 48.9248241657 201902031300
1549220466 49.2186434382 201902031301
1549220526 49.7702305386 201902031302
1549220586 49.1970125715 201902031303
1549220646 49.6909173608 201902031304
1549220706 49.5358961495 201902031305
1549220766 49.0401887880 201902031306
1549220826 49.1898022826 201902031307
1549220886 49.1934074270 201902031308
1549220946 49.2060254326 201902031309
1549221006 49.6224196163 201902031310
1549221025 49.8008742664 201902031310
1549221085 49.1483431214 201902031311
1549221145 48.5210479875 201902031312
1549221205 49.2961540438 201902031313
1549221265 49.4728061217 201902031314
1549221325 49.3033643327 201902031315
1549221385 49.9198440332 201902031316
1549221445 49.4619906884 201902031317
1549221505 49.1735791326 201902031318
1549221565 49.5827630274 201902031319
1549221625 49.5593295885 201902031320
1549221642 49.6764967830 201902031320
1549221702 49.7630202497 201902031321
1549221762 49.2961540438 201902031322
1549221822 0.0048165835 201902031323
1549221882 49.0077424880 201902031324
1549221942 49.7179559442 201902031325
1549222002 49.7017327941 201902031326
1549222062 49.0762402325 201902031327
1549222122 49.4043083772 201902031328
1549222182 49.2745231771 201902031329
1549222242 48.6832794877 201902031330
1549222261 49.2691154604 201902031331
1549222321 48.6814769155 201902031332
1549222381 49.7071405108 201902031333
1549222441 49.4565829717 201902031334
1549222501 49.4547803995 201902031335
1549222561 49.3466260660 201902031336
1549222621 49.1717765603 201902031337
1549222681 49.2060254326 201902031338
1549222741 49.5557244440 201902031339
1549222801 49.0942659547 201902031340
1549222861 48.8473135600 201902031341
1549222882 49.3466260660 201902031341
1549222942 49.7161533719 201902031342
1549223002 49.5755527385 201902031343
1549223062 49.2601025993 201902031344
1549223122 49.3304029160 201902031345
1549223182 49.6782993552 201902031346
1549223242 49.3736646494 201902031347
1549223302 49.1447379770 201902031348
1549223362 49.3556389272 201902031349
1549223422 49.3574414994 201902031350
1549223482 49.7071405108 201902031351
1549223498 49.5196729995 201902031351
1549223558 49.2979566160 201902031352
1549223618 48.9266267379 201902031353
1549223678 48.8094595433 201902031354
1549223738 49.4818189828 201902031355
1549223798 49.5395012940 201902031356
1549223858 49.3952955161 201902031357
1549223918 49.0762402325 201902031358
1549223978 49.0726350880 201902031359
1549224038 48.9590730379 201902031400
1549224098 49.1267122547 201902031401
1549224120 48.7031077821 201902031402
1549224180 49.3808749383 201902031403
1549224240 49.4187289550 201902031404
1549224300 49.3682569327 201902031405
1549224360 49.6188144718 201902031406
1549224420 49.0095450602 201902031407
1549224480 49.4385572495 201902031408
1549224540 49.3772697938 201902031409
1549224600 49.4926344162 201902031410
1549224660 49.1537508381 201902031411
1549224720 49.1086865325 201902031412
1549224742 48.8581289934 201902031412
1549224802 49.5953810329 201902031413
1549224862 49.2564974549 201902031414
1549224922 0.0012114391 201902031415
1549224982 49.4637932606 201902031416
1549225042 48.6003611654 201902031417
1549225102 49.4710035495 201902031418
1549225162 48.7698029544 201902031419
1549225222 49.2763257493 201902031420
1549225282 49.3448234938 201902031421
1549225342 48.3011341762 201902031422
1549225360 49.3141797660 201902031422
1549225420 49.3484286383 201902031423
1549225480 49.1753817048 201902031424
1549225540 49.2835360382 201902031425
1549225600 49.1573559825 201902031426
1549225660 49.4115186661 201902031427
1549225720 49.6025913218 201902031428
1549225780 49.5413038662 201902031429
1549225840 49.8441359998 201902031430
1549225900 49.7233636608 201902031431
1549225960 49.1321199714 201902031432
1549225979 49.2474845937 201902031432
1549226039 49.5304884329 201902031433
1549226099 49.4746086939 201902031434
1549226159 49.2907463271 201902031435
1549226219 49.7107456553 201902031436
1549226279 49.6638787774 201902031437
1549226339 49.4583855439 201902031438
1549226399 49.2889437549 201902031439
1549226459 48.5246531320 201902031440
1549226519 48.7391592266 201902031441
1549226579 49.2474845937 201902031442
1549226598 49.6566684885 201902031443
1549226658 49.1375276881 201902031444
1549226718 48.9266267379 201902031445
1549226778 49.4655958328 201902031446
1549226838 49.7485996720 201902031447
1549226898 49.1934074270 201902031448
1549226958 48.6472280432 201902031449
1549227018 49.2781283215 201902031450
1549227078 49.6079990385 201902031451
1549227138 49.4169263828 201902031452
1549227198 49.2871411827 201902031453
1549227219 49.3880852272 201902031453
1549227279 48.8689444267 201902031454
1549227339 49.2601025993 201902031455
1549227399 48.8707469990 201902031456
1549227459 48.9392447435 201902031457
1549227519 49.5232781440 201902031458
1549227579 49.1537508381 201902031459
1549227639 49.1591585548 201902031500
1549227699 49.1267122547 201902031501
1549227759 49.7413893831 201902031502
1549227819 49.7576125331 201902031503
1549227837 49.3087720493 201902031503
1549227897 49.3556389272 201902031504
1549227957 49.0077424880 201902031505
1549228017 48.8779572879 201902031506
1549228077 48.6075714543 201902031507
1549228137 48.9428498879 201902031508
1549228197 49.3484286383 201902031509
1549228257 49.0059399157 201902031510
1549228317 49.1970125715 201902031511
1549228377 49.2943514716 201902031512
1549228437 49.1843945659 201902031513
1549228455 49.4241366717 201902031514
1549228515 49.3430209216 201902031515
1549228575 49.2781283215 201902031516
1549228635 49.7089430830 201902031517
1549228695 49.2384717326 201902031518
1549228755 49.1014762436 201902031519
1549228815 49.1952099992 201902031520
1549228875 49.6296299052 201902031521
1549228935 49.4223340994 201902031522
1549228995 48.7301463655 201902031523
1549229055 48.5354685653 201902031524
1549229072 49.3376132049 201902031524
1549229132 49.5322910051 201902031525
1549229192 49.2456820215 201902031526
1549229252 49.4818189828 201902031527
1549229312 48.9482576046 201902031528
1549229372 49.0834505214 201902031529
1549229432 49.2240511548 201902031530
1549229492 49.0311759269 201902031531
1549229552 49.9270543221 201902031532
1549229612 49.1861971381 201902031533
1549229672 49.3412183494 201902031534
1549229693 49.0203604935 201902031534
1549229753 49.0510042213 201902031535
1549229813 49.4980421328 201902031536
1549229873 49.0311759269 201902031537
1549229933 49.0510042213 201902031538
1549229993 49.1357251159 201902031539
1549230053 49.3628492161 201902031540
1549230113 49.5016472773 201902031541
1549230173 49.1068839603 201902031542
1549230233 49.1176993936 201902031543
1549230293 49.8531488609 201902031544
1549230316 49.4547803995 201902031545
1549230376 49.1267122547 201902031546
1549230436 48.9987296268 201902031547
1549230496 49.5755527385 201902031548
1549230556 49.3826775105 201902031549
1549230616 49.4655958328 201902031550
1549230628 49.2546948826 201902031550
1549230688 49.0095450602 201902031551
1549230748 49.0924633825 201902031552
1549230808 49.2078280048 201902031553
1549230868 48.9770987602 201902031554
1549230928 49.5629347329 201902031555
1549230988 48.6868846321 201902031556
1549231048 49.1681714159 201902031557
1549231108 49.4277418161 201902031558
1549231168 49.7413893831 201902031559
1549231228 49.4115186661 201902031600
1549231288 49.5683424496 201902031601
1549231348 49.3808749383 201902031602
1549231408 48.8166698322 201902031603
1549231468 48.8563264212 201902031604
1549231528 49.0383862158 201902031605
1549231565 49.3394157771 201902031606
1549231625 48.7031077821 201902031607
1549231685 48.3750396374 201902031608
1549231745 49.0816479491 201902031609
1549231805 48.3047393207 201902031610
1549231865 49.1681714159 201902031611
1549231925 49.4890292717 201902031612
1549231985 49.6963250775 201902031613
1549232045 49.3358106327 201902031614
1549232105 49.4872266995 201902031615
1549232165 49.0293733547 201902031616
1549232186 49.3069694771 201902031616
1549232246 49.3267977716 201902031617
1549232306 49.5395012940 201902031618
1549232366 49.0095450602 201902031619
1549232426 48.6310048932 201902031620
1549232486 49.2384717326 201902031621
1549232546 49.2925488993 201902031622
1549232606 49.4439649661 201902031623
1549232666 48.8166698322 201902031624
1549232726 49.3556389272 201902031625
1549232786 49.0275707824 201902031626
1549232806 49.1825919937 201902031626
1549232866 49.3610466438 201902031627
1549232926 49.5503167273 201902031628
1549232986 49.8351231387 201902031629
1549233046 48.8761547156 201902031630
1549233106 49.2096305770 201902031631
1549233166 49.3844800827 201902031632
1549233226 48.8941804379 201902031633
1549233286 49.1375276881 201902031634
1549233346 48.7103180710 201902031635
1549233406 49.0600170825 201902031636
1549233426 48.9879141935 201902031637
1549233486 48.8346955545 201902031638
1549233546 48.7661978100 201902031639
1549233606 48.9933219102 201902031640
1549233666 48.3588164874 201902031641
1549233726 48.8346955545 201902031642
1549233786 49.0095450602 201902031643
1549233846 49.0996736714 201902031644
1549233906 48.9248241657 201902031645
1549233966 49.1393302603 201902031646
1549234026 49.1681714159 201902031647
1549234044 49.1879997103 201902031647
1549234104 49.0167553491 201902031648
1549234164 49.1158968214 201902031649
1549234224 48.4705759653 201902031650
1549234284 49.3484286383 201902031651
1549234344 48.3227650429 201902031652
1549234404 49.5629347329 201902031653
1549234464 49.5719475940 201902031654
1549234524 49.2276562993 201902031655
1549234584 49.2655103160 201902031656
1549234644 49.0311759269 201902031657
1549234661 48.8707469990 201902031657
1549234721 48.9879141935 201902031658
1549234781 49.3394157771 201902031659
1549234841 49.2348665882 201902031700
1549234901 49.4511752550 201902031701
1549234961 49.4169263828 201902031702
1549235021 49.6692864941 201902031703
1549235081 49.3520337827 201902031704
1549235141 49.0437939324 201902031705
1549235201 49.6782993552 201902031706
1549235261 49.3772697938 201902031707
1549235282 49.4061109494 201902031708
1549235342 49.4980421328 201902031709
1549235402 49.1771842770 201902031710
1549235462 49.4097160939 201902031711
1549235522 49.0041373435 201902031712
1549235882 49.2637077437 201902031718
1549235895 49.5863681718 201902031718
1549235955 49.4782138384 201902031719
1549236015 49.8098871276 201902031720
1549236075 49.5358961495 201902031721
1549236135 49.3736646494 201902031722
1549236195 49.3610466438 201902031723
1549236255 48.7968415378 201902031724
1549236315 49.5503167273 201902031725
1549236375 49.3700595050 201902031726
1549236435 49.2781283215 201902031727
1549236495 49.4223340994 201902031728
1549236513 49.0167553491 201902031728
1549236573 49.3718620772 201902031729
1549236633 49.3826775105 201902031730
1549236693 49.2060254326 201902031731
1549236753 49.1591585548 201902031732
1549236813 49.5214755718 201902031733
1549236873 49.0996736714 201902031734
1549236933 48.9644807546 201902031735
1549236993 49.3934929439 201902031736
1549237053 48.9482576046 201902031737
1549237113 49.4619906884 201902031738
1549237130 49.1537508381 201902031738
1549237190 49.8477411443 201902031739
1549237250 49.5773553107 201902031740
1549237310 49.8134922720 201902031741
1549237370 49.3574414994 201902031742
1549237430 48.8383006989 201902031743
1549237490 49.2889437549 201902031744
1549237550 49.6188144718 201902031745
1549237610 49.2420768771 201902031746
1549237670 49.4565829717 201902031747
1549237730 49.6819044997 201902031748
1549237749 49.6368401941 201902031749
1549237809 49.6404453385 201902031750
1549237869 49.3826775105 201902031751
1549237929 49.4944369884 201902031752
1549237989 49.6927199330 201902031753
1549238049 49.1158968214 201902031754
1549238052 49.2781283215 201902031754
1549238112 49.6674839219 201902031755
1549238172 0.0102243002 201902031756
1549238232 0.0102243002 201902031757
1549238292 0.0102243002 201902031758
1549238352 0.0102243002 201902031759
1549238412 0.0102243002 201902031800
1549238472 0.0102243002 201902031801
1549238532 0.0102243002 201902031802
1549238592 0.0102243002 201902031803
1549238652 0.0102243002 201902031804
1549238712 0.0102243002 201902031805
1549238772 49.1609611270 201902031806
1549238832 49.6260247607 201902031807
1549238892 48.9716910435 201902031808
1549238952 49.5971836052 201902031809
1549238977 49.6188144718 201902031809
1549239037 48.9049958712 201902031810
1549239097 49.5070549940 201902031811
1549239157 49.7125482275 201902031812
1549239217 48.5282582764 201902031813
1549239277 49.3628492161 201902031814
1549239337 49.3592440716 201902031815
1549239397 49.0203604935 201902031816
1549239457 49.1050813881 201902031817
1549239517 49.6602736330 201902031818
1549239577 49.7215610886 201902031819
1549239593 49.5340935773 201902031819
1549239653 49.3952955161 201902031820
1549239713 49.6566684885 201902031821
1549239773 49.1988151437 201902031822
1549239833 49.7107456553 201902031823
1549239893 48.7499746600 201902031824
1549239953 48.9807039046 201902031825
1549240013 49.3051669049 201902031826
1549240073 49.0510042213 201902031827
1549240133 49.0455965047 201902031828
1549240193 49.3898877994 201902031829
1549240215 48.8473135600 201902031830
1549240275 49.4349521050 201902031831
1549240335 49.6386427663 201902031832
1549240395 49.4872266995 201902031833
1549240455 49.3790723661 201902031834
1549240515 49.4313469606 201902031835
1549240575 49.4980421328 201902031836
1549240635 48.9879141935 201902031837
1549240695 49.6512607719 201902031838
1549240755 48.9879141935 201902031839
1549240815 49.6710890663 201902031840
1549240836 48.8004466822 201902031840
1549240896 48.9825064768 201902031841
1549240956 48.8923778656 201902031842
1549241016 49.2745231771 201902031843
1549241076 49.3430209216 201902031844
1549241136 49.8892003054 201902031845
1549241196 49.5719475940 201902031846
1549241256 49.6819044997 201902031847
1549241316 48.9608756101 201902031848
1549241376 49.7269688053 201902031849
1549241436 49.0996736714 201902031850
1549241456 49.1645662714 201902031850
1549241516 49.1609611270 201902031851
1549241576 49.1807894215 201902031852
1549241636 49.6819044997 201902031853
1549241696 49.1970125715 201902031854
1549241756 49.2474845937 201902031855
1549241816 49.2799308938 201902031856
1549241876 49.6260247607 201902031857
1549241936 49.6025913218 201902031858
1549241996 49.1753817048 201902031859
1549242056 49.1717765603 201902031900
1549242072 49.4511752550 201902031901
1549242132 49.4944369884 201902031902
1549242192 49.4529778273 201902031903
1549242252 -0.0023937054 201902031904
1549242312 49.1789868492 201902031905
1549242372 49.6043938941 201902031906
1549242432 49.3592440716 201902031907
1549242492 47.8216499647 201902031908
1549242552 49.0690299436 201902031909
1549242612 48.7860261044 201902031910
1549242672 49.2456820215 201902031911
1549242691 49.0275707824 201902031911
1549242751 49.2510897382 201902031912
1549242811 48.8310904100 201902031913
1549242871 49.3790723661 201902031914
1549242931 49.5467115829 201902031915
1549242991 49.3592440716 201902031916
1549243051 48.4489450986 201902031917
1549243111 48.8455109878 201902031918
1549243171 48.8995881545 201902031919
1549243231 49.2871411827 201902031920
1549243291 49.1789868492 201902031921
1549243314 49.1321199714 201902031921
1549243374 49.0113476324 201902031922
1549243434 49.3087720493 201902031923
1549243494 49.6782993552 201902031924
1549243554 49.4277418161 201902031925
1549243614 49.5701450218 201902031926
1549243674 49.1861971381 201902031927
1549243734 49.9613031944 201902031928
1549243794 49.8279128498 201902031929
1549243854 49.6188144718 201902031930
1549243914 49.4061109494 201902031931
1549243935 49.5178704273 201902031932
1549243995 49.2925488993 201902031933
1549244055 49.7540073886 201902031934
1549244115 49.3394157771 201902031935
1549244175 49.4493726828 201902031936
1549244235 49.8207025609 201902031937
1549244295 49.5232781440 201902031938
1549244355 49.3628492161 201902031939
1549244415 49.4511752550 201902031940
1549244475 49.0473990769 201902031941
1549244535 49.3267977716 201902031942
1549244555 48.8653392823 201902031942
1549244615 48.8887727212 201902031943
1549244675 48.3912627874 201902031944
1549244735 49.7107456553 201902031945
1549244795 49.0077424880 201902031946
1549244855 49.6043938941 201902031947
1549244915 49.5286858607 201902031948
1549244975 49.3664543605 201902031949
1549245035 49.2979566160 201902031950
1549245095 48.6868846321 201902031951
1549245155 49.0347810713 201902031952
1549245173 49.0113476324 201902031952
1549245233 49.5124627106 201902031953
1549245293 49.9414748999 201902031954
1549245353 49.6116041829 201902031955
1549245413 49.4349521050 201902031956
1549245473 49.4223340994 201902031957
1549245533 49.6801019275 201902031958
1549245593 49.5052524217 201902031959
1549245653 49.3790723661 201902032000
1549245713 49.3592440716 201902032001
1549245773 49.8369257109 201902032002
1549245794 49.7413893831 201902032003
1549245854 50.0784703889 201902032004
1549245914 49.4547803995 201902032005
1549245974 49.7431919553 201902032006
1549246034 49.3520337827 201902032007
1549246094 49.3610466438 201902032008
1549246154 49.3682569327 201902032009
1549246214 49.4277418161 201902032010
1549246274 49.5034498495 201902032011
1549246334 49.6098016107 201902032012
1549246394 49.3952955161 201902032013
1549246417 49.9180414610 201902032013
1549246477 49.4637932606 201902032014
1549246537 49.7233636608 201902032015
1549246597 49.2835360382 201902032016
1549246657 49.4728061217 201902032017
1549246717 49.3538363549 201902032018
1549246777 49.6332350496 201902032019
1549246837 49.6260247607 201902032020
1549246897 49.7089430830 201902032021
1549246957 49.6782993552 201902032022
1549247017 49.4115186661 201902032023
1549247036 49.8711745832 201902032023
1549247096 49.2727206049 201902032024
1549247156 49.8495437165 201902032025
1549247216 49.3970980883 201902032026
1549247276 49.0329784991 201902032027
1549247336 49.6025913218 201902032028
1549247396 49.6061964663 201902032029
1549247456 48.7427643711 201902032030
1549247516 49.2619051715 201902032031
1549247576 49.8765822998 201902032032
1549247636 49.4313469606 201902032033
1549247654 49.3934929439 201902032034
1549247714 49.3844800827 201902032035
1549247774 48.9464550324 201902032036
1549247834 49.6368401941 201902032037
1549247894 49.1645662714 201902032038
1549247954 49.5088575662 201902032039
1549248014 48.7770132433 201902032040
1549248074 49.0510042213 201902032041
1549248134 49.2619051715 201902032042
1549248194 49.2438794493 201902032043
1549248254 49.3213900549 201902032044
1549248273 49.5358961495 201902032044
1549248333 49.6188144718 201902032045
1549248393 49.4025058050 201902032046
1549248453 49.6386427663 201902032047
1549248513 49.5016472773 201902032048
1549248573 49.1771842770 201902032049
1549248633 49.2637077437 201902032050
1549248693 0.0048165835 201902032051
1549248753 0.0066191558 201902032052
1549248813 -0.0023937054 201902032053
1549248873 48.5733225820 201902032054
1549248894 49.0780428047 201902032054
1549248954 49.5899733163 201902032055
1549249014 48.9861116213 201902032056
1549249074 48.7193309322 201902032057
1549249134 49.5539218718 201902032058
1549249194 49.2006177159 201902032059
1549249254 49.5791578829 201902032100
1549249314 47.8504911203 201902032101
1549249374 49.2763257493 201902032102
1549249434 49.0059399157 201902032103
1549249494 49.7882562609 201902032104
1549249516 49.5124627106 201902032105
1549249576 49.0221630658 201902032106
1549249636 49.3105746216 201902032107
1549249696 49.1357251159 201902032108
1549249756 49.7954665498 201902032109
1549249816 49.4908318440 201902032110
1549249876 49.3682569327 201902032111
1549249936 49.5755527385 201902032112
1549249996 49.3790723661 201902032113
1549250056 49.3808749383 201902032114
1549250116 49.6801019275 201902032115
1549250134 50.0063675000 201902032115
1549250194 49.6440504830 201902032116
1549250254 49.3358106327 201902032117
1549250314 49.1411328325 201902032118
1549250374 48.2092029928 201902032119
1549250434 49.5160678551 201902032120
1549250494 49.9811314888 201902032121
1549250554 49.8819900165 201902032122
1549250614 49.8441359998 201902032123
1549250674 49.4187289550 201902032124
1549250734 49.8657668665 201902032125
1549250753 49.7485996720 201902032125
1549250813 49.7900588331 201902032126
1549250873 50.1235346945 201902032127
1549250933 49.9522903332 201902032128
1549250993 49.1231071103 201902032129
1549251053 49.6368401941 201902032130
1549251113 49.9865392055 201902032131
1549251173 49.4836215551 201902032132
1549251233 49.7576125331 201902032133
1549251293 49.7161533719 201902032134
1549251353 49.3304029160 201902032135
1549251376 49.6079990385 201902032136
1549251436 49.2799308938 201902032137
1549251496 49.8152948442 201902032138
1549251556 49.9000157388 201902032139
1549251616 49.8711745832 201902032140
1549251676 49.3322054883 201902032141
1549251736 50.0532343778 201902032142
1549251796 50.0009597833 201902032143
1549251856 49.5791578829 201902032144
1549251916 49.5485141551 201902032145
1549251976 49.9901443499 201902032146
1549251997 50.2623327557 201902032146
1549252057 49.8044794109 201902032147
1549252117 49.9162388888 201902032148
1549252177 49.0852530936 201902032149
1549252237 49.5719475940 201902032150
1549252297 49.6116041829 201902032151
1549252357 49.6602736330 201902032152
1549252417 48.8653392823 201902032153
1549252477 49.9522903332 201902032154
1549252537 49.8098871276 201902032155
1549252597 49.9090285999 201902032156
1549252617 49.6855096441 201902032156
1549252677 49.8062819831 201902032157
1549252737 49.2024202881 201902032158
1549252797 49.5899733163 201902032159
1549252857 49.9793289166 201902032200
1549252917 0.0102243002 201902032201
1549252977 49.5647373051 201902032202
1549253037 49.4673984050 201902032203
1549253097 49.4277418161 201902032204
1549253157 49.4728061217 201902032205
1549253217 49.2673128882 201902032206
1549253235 49.5737501662 201902032207
1549253295 49.4782138384 201902032208
1549253355 49.4403598217 201902032209
1549253415 49.6494581996 201902032210
1549253475 49.4313469606 201902032211
1549253535 49.6098016107 201902032212
1549253595 49.2420768771 201902032213
1549253655 49.3772697938 201902032214
1549253715 48.6111765987 201902032215
1549253775 0.0048165835 201902032216
1549253835 -0.0041962776 201902032217
1549253855 -0.0005911331 201902032217
1549253915 49.7287713775 201902032218
1549253975 49.4944369884 201902032219
1549254035 49.2402743048 201902032220
1549254095 49.6710890663 201902032221
1549254155 49.2330640159 201902032222
1549254215 48.9897167657 201902032223
1549254275 49.5160678551 201902032224
1549254335 49.5286858607 201902032225
1549254395 0.0030140113 201902032226
1549254455 49.2366691604 201902032227
1549254472 49.3123771938 201902032227
1549254532 49.3304029160 201902032228
1549254592 49.6116041829 201902032229
1549254652 0.0066191558 201902032230
1549254712 48.9140087323 201902032231
1549254772 49.2763257493 201902032232
1549254832 49.5755527385 201902032233
1549254892 49.8098871276 201902032234
1549254952 49.4908318440 201902032235
1549255012 49.7792433998 201902032236
1549255072 49.5665398774 201902032237
1549255093 48.9338370268 201902032238
1549255153 49.0600170825 201902032239
1549255213 50.0874832500 201902032240
1549255273 49.9919469222 201902032241
1549255333 49.6548659163 201902032242
1549255393 49.3700595050 201902032243
1549255453 0.0066191558 201902032244
1549255513 49.8603591498 201902032245
1549255573 50.0045649277 201902032246
1549255633 49.7972691220 201902032247
1549255693 49.1122916769 201902032248
1549255716 49.8225051331 201902032248
1549255776 49.8098871276 201902032249
1549255836 50.0838781056 201902032250
1549255896 49.9234491777 201902032251
1549255956 49.1663688437 201902032252
1549256016 50.0586420945 201902032253
1549256076 49.8405308554 201902032254
1549256136 49.9847366333 201902032255
1549256196 50.0135777889 201902032256
1549256256 49.9865392055 201902032257
1549256316 49.4205315272 201902032258
1549256337 49.2366691604 201902032258
1549256397 49.9540929055 201902032259
1549256457 49.9613031944 201902032300
1549256517 49.2601025993 201902032301
1549256577 49.3033643327 201902032302
1549256637 49.5232781440 201902032303
1549256697 50.0658523833 201902032304
1549256757 49.8928054499 201902032305
1549256817 49.7846511164 201902032306
1549256877 49.9703160555 201902032307
1549256937 49.2889437549 201902032308
1549256959 50.4552079837 201902032309
1549257019 49.5971836052 201902032310
1549257079 49.9540929055 201902032311
1549257139 50.1812170057 201902032312
1549257199 50.1812170057 201902032313
1549257259 50.8481687285 201902032314
1549257319 50.2713456169 201902032315
1549257379 50.2515173224 201902032316
1549257439 49.8459385720 201902032317
1549257499 49.7143507997 201902032318
1549257559 50.4912594282 201902032319
1549257577 50.5038774337 201902032319
1549257637 50.5813880394 201902032320
1549257697 49.9937494944 201902032321
1549257757 50.2497147502 201902032322
1549257817 49.9180414610 201902032323
1549257877 50.2875687669 201902032324
1549257937 50.3921179559 201902032325
1549257997 50.2262813113 201902032326
1549258057 50.9292844786 201902032327
1549258117 50.4029333892 201902032328
1549258177 50.4930620004 201902032329
1549258196 50.2947790558 201902032329
1549258256 50.5633623171 201902032330
1549258316 50.1595861390 201902032331
1549258376 50.8283404340 201902032332
1549258436 50.5561520282 201902032333
1549258496 50.5128902949 201902032334
1549258556 50.4642208448 201902032335
1549258616 50.8806150285 201902032336
1549258676 50.6426754950 201902032337
1549258736 51.2158934621 201902032338
1549258796 50.8139198562 201902032339
1549258819 50.6877398006 201902032340
1549258879 50.5777828949 201902032341
1549258939 50.2605301835 201902032342
1549258999 50.9328896230 201902032343
1549259059 50.7093706672 201902032344
1549259119 50.6012163338 201902032345
1549259179 51.0140053731 201902032346
1549259239 50.7652504062 201902032347
1549259299 50.4281694003 201902032348
1549259359 51.0843056898 201902032349
1549259419 0.0048165835 201902032350
