1548741560 -1.0000000000 2019012823597
1548741616 50.8553790174 201901290000
1548741676 50.2244787390 201901290001
1548741736 50.5579546004 201901290002
1548741796 50.1902298668 201901290003
1548741856 50.4876542837 201901290004
1548741916 50.5399288782 201901290005
1548741976 50.0586420945 201901290006
1548742036 50.1667964279 201901290007
1548742096 49.8855951610 201901290008
1548742156 50.7778684118 201901290009
1548742166 50.5255083004 201901290009
1548742226 50.3776973781 201901290010
1548742286 50.5327185893 201901290011
1548742346 50.4461951226 201901290012
1548742406 50.0730626722 201901290013
1548742466 50.3578690836 201901290014
1548742526 50.4155513948 201901290015
1548742586 50.3326330725 201901290016
1548742646 50.2136633057 201901290017
1548742706 50.2334916002 201901290018
1548742766 50.6282549172 201901290019
1548742779 50.0370112278 201901290019
1548742839 49.8675694387 201901290020
1548742899 50.6138343394 201901290021
1548742959 50.0370112278 201901290022
1548743019 50.4912594282 201901290023
1548743079 50.3019893447 201901290024
1548743139 50.5435340227 201901290025
1548743199 50.6697140783 201901290026
1548743259 50.3993282448 201901290027
1548743319 49.9595006221 201901290028
1548743379 50.3182124947 201901290029
1548743393 50.2334916002 201901290029
1548743453 50.5561520282 201901290030
1548743513 50.8445635840 201901290031
1548743573 50.3686845169 201901290032
1548743633 50.0748652445 201901290033
1548743693 50.5038774337 201901290034
1548743753 50.6102291949 201901290035
1548743813 0.0048165835 201901290036
1548743873 50.5976111894 201901290037
1548743933 50.4840491393 201901290038
1548743993 50.3740922336 201901290039
1548744008 50.2803584780 201901290040
1548744068 50.5002722893 201901290041
1548744128 50.6210446283 201901290042
1548744188 50.4479976948 201901290043
1548744248 50.3794999503 201901290044
1548744308 50.5543494560 201901290045
1548744368 50.2821610502 201901290046
1548744428 50.4371822615 201901290047
1548744488 50.1794144334 201901290048
1548744548 50.4101436781 201901290049
1548744608 50.7003578061 201901290050
1548744625 50.1487707056 201901290050
1548744685 50.5074825782 201901290051
1548744745 50.1613887112 201901290052
1548744805 50.5381263060 201901290053
1548744865 50.3218176391 201901290054
1548744925 50.2136633057 201901290055
1548744985 50.1001012556 201901290056
1548745045 50.0081700722 201901290057
1548745105 50.2749507613 201901290058
1548745165 50.2929764835 201901290059
1548745225 50.2731481891 201901290100
1548745240 50.1577835668 201901290100
1548745300 50.4407874059 201901290101
1548745360 50.3668819447 201901290102
1548745420 49.9919469222 201901290103
1548745480 50.5399288782 201901290104
1548745540 50.3488562225 201901290105
1548745600 50.6084266227 201901290106
1548745660 50.4065385336 201901290107
1548745720 50.4227616837 201901290108
1548745780 50.2280838835 201901290109
1548745840 50.8571815896 201901290110
1548745854 50.0730626722 201901290110
1548745914 50.0406163722 201901290111
1548745974 50.6588986450 201901290112
1548746034 50.5940060449 201901290113
1548746094 50.2929764835 201901290114
1548746154 50.1848221501 201901290115
1548746214 50.6030189060 201901290116
1548746274 49.9126337443 201901290117
1548746334 50.7165809561 201901290118
1548746394 50.5705726060 201901290119
1548746454 49.9450800444 201901290120
1548746465 50.2893713391 201901290121
1548746525 50.2983842002 201901290122
1548746585 49.9829340611 201901290123
1548746645 49.8928054499 201901290124
1548746705 50.3957231003 201901290125
1548746765 49.8477411443 201901290126
1548746825 49.9558954777 201901290127
1548746885 50.5002722893 201901290128
1548746945 50.3254227836 201901290129
1548747005 50.5994137616 201901290130
1548747065 49.7323765219 201901290131
1548747079 50.5849931838 201901290131
1548747139 50.6805295117 201901290132
1548747199 50.2208735946 201901290133
1548747259 50.0370112278 201901290134
1548747319 50.0982986834 201901290135
1548747379 50.2677404724 201901290136
1548747439 50.5164954393 201901290137
1548747499 50.3722896614 201901290138
1548747559 50.4425899781 201901290139
1548747619 50.5922034727 201901290140
1548747679 50.8157224285 201901290141
1548747696 50.3542639392 201901290141
1548747756 50.3975256725 201901290142
1548747816 50.5309160171 201901290143
1548747876 50.1397578445 201901290144
1548747936 50.8121172840 201901290145
1548747996 50.4227616837 201901290146
1548748056 50.3813025225 201901290147
1548748116 50.6913449450 201901290148
1548748176 50.1992427279 201901290149
1548748236 50.2821610502 201901290150
1548748296 50.4930620004 201901290151
1548748310 50.8157224285 201901290151
1548748370 49.9558954777 201901290152
1548748430 50.0081700722 201901290153
1548748490 49.9234491777 201901290154
1548748550 50.2370967446 201901290155
1548748610 50.2695430446 201901290156
1548748670 49.6945225052 201901290157
1548748730 50.3326330725 201901290158
1548748790 50.1722041446 201901290159
1548748850 50.4894568559 201901290200
1548748910 49.9198440332 201901290201
1548748924 50.3542639392 201901290202
1548748984 49.7576125331 201901290203
1548749044 50.4137488225 201901290204
1548749104 50.1541784223 201901290205
1548749164 50.2947790558 201901290206
1548749224 50.2749507613 201901290207
1548749284 49.7918614053 201901290208
1548749344 50.6174394838 201901290209
1548749404 49.7774408275 201901290210
1548749464 49.7594151053 201901290211
1548749524 50.8085121396 201901290212
1548749536 49.8567540054 201901290212
1548749596 50.1253372667 201901290213
1548749656 49.6602736330 201901290214
1548749716 49.3862826550 201901290215
1548749776 50.6120317672 201901290216
1548749836 50.1199295501 201901290217
1548749896 50.1956375835 201901290218
1548749956 50.1938350112 201901290219
1548750016 50.5038774337 201901290220
1548750076 49.8207025609 201901290221
1548750136 50.0334060833 201901290222
1548750151 50.2154658779 201901290222
1548750211 50.1415604167 201901290223
1548750271 50.2767533335 201901290224
1548750331 49.9144363165 201901290225
1548750391 50.7778684118 201901290226
1548750451 50.4696285615 201901290227
1548750511 50.0874832500 201901290228
1548750571 50.4606157004 201901290229
1548750631 50.7706581229 201901290230
1548750691 50.7778684118 201901290231
1548750751 50.2785559058 201901290232
1548750768 50.3596716558 201901290232
1548750828 49.8585565776 201901290233
1548750888 50.3776973781 201901290234
1548750948 49.9955520666 201901290235
1548751008 50.0135777889 201901290236
1548751068 50.0838781056 201901290237
1548751128 50.4570105559 201901290238
1548751188 50.0730626722 201901290239
1548751248 50.6877398006 201901290240
1548751308 50.2677404724 201901290241
1548751368 50.2839636224 201901290242
1548751384 50.5669674616 201901290243
1548751444 49.8855951610 201901290244
1548751504 50.1848221501 201901290245
1548751564 50.3849076670 201901290246
1548751624 50.5705726060 201901290247
1548751684 49.8801874443 201901290248
1548751744 49.9414748999 201901290249
1548751804 49.9090285999 201901290250
1548751864 50.3885128114 201901290251
1548751924 50.2479121780 201901290252
1548751984 50.0063675000 201901290253
1548751997 50.2785559058 201901290253
1548752057 50.1433629890 201901290254
1548752117 50.3560665114 201901290255
1548752177 50.1397578445 201901290256
1548752237 50.3542639392 201901290257
1548752297 49.8675694387 201901290258
1548752357 49.9216466054 201901290259
1548752417 49.7720331109 201901290300
1548752477 50.1577835668 201901290301
1548752537 50.2785559058 201901290302
1548752597 50.4822465670 201901290303
1548752612 50.3849076670 201901290303
1548752672 50.1271398390 201901290304
1548752732 50.1559809945 201901290305
1548752792 50.3668819447 201901290306
1548752852 50.6552935005 201901290307
1548752912 50.4768388504 201901290308
1548752972 50.2785559058 201901290309
1548753032 50.5038774337 201901290310
1548753092 50.3921179559 201901290311
1548753152 50.5074825782 201901290312
1548753212 50.2388993168 201901290313
1548753224 50.2497147502 201901290313
1548753284 49.9757237722 201901290314
1548753344 49.5340935773 201901290315
1548753404 50.4335771170 201901290316
1548753464 49.1934074270 201901290317
1548753524 50.1992427279 201901290318
1548753584 50.4083411059 201901290319
1548753644 50.1685990001 201901290320
1548753704 50.5164954393 201901290321
1548753764 49.9883417777 201901290322
1548753824 50.1649938557 201901290323
1548753835 50.4588131281 201901290323
1548753895 49.9036208832 201901290324
1548753955 50.4894568559 201901290325
1548754015 50.4786414226 201901290326
1548754075 49.8134922720 201901290327
1548754135 50.0370112278 201901290328
1548754195 50.0982986834 201901290329
1548754255 49.9396723277 201901290330
1548754315 50.1704015723 201901290331
1548754375 49.9468826166 201901290332
1548754435 49.5016472773 201901290333
1548754452 50.3596716558 201901290334
1548754512 50.4029333892 201901290335
1548754572 50.4101436781 201901290336
1548754632 50.4353796892 201901290337
1548754692 49.7179559442 201901290338
1548754752 50.2064530168 201901290339
1548754812 50.1451655612 201901290340
1548754872 49.7918614053 201901290341
1548754932 49.5178704273 201901290342
1548754992 50.1451655612 201901290343
1548755052 49.8729771554 201901290344
1548755067 50.0316035111 201901290344
1548755127 49.9000157388 201901290345
1548755187 49.8116896998 201901290346
1548755247 49.9576980499 201901290347
1548755307 50.3957231003 201901290348
1548755367 50.1830195779 201901290349
1548755427 50.4173539670 201901290350
1548755487 50.4516028392 201901290351
1548755547 50.0874832500 201901290352
1548755607 50.1343501279 201901290353
1548755667 50.0370112278 201901290354
1548755682 50.5831906116 201901290354
1548755742 50.3128047780 201901290355
1548755802 50.4552079837 201901290356
1548755862 50.5885983283 201901290357
1548755922 50.4173539670 201901290358
1548755982 50.1415604167 201901290359
1548756042 50.3614742281 201901290400
1548756102 50.2857661947 201901290401
1548756162 50.5633623171 201901290402
1548756222 50.2533198946 201901290403
1548756282 50.4516028392 201901290404
1548756294 49.9378697555 201901290404
1548756354 50.2533198946 201901290405
1548756414 50.4191565392 201901290406
1548756474 50.4011308170 201901290407
1548756534 49.8892003054 201901290408
1548756594 50.4696285615 201901290409
1548756654 49.8495437165 201901290410
1548756714 50.0568395222 201901290411
1548756774 50.0874832500 201901290412
1548756834 50.0892858223 201901290413
1548756894 50.7454221117 201901290414
1548756907 50.1307449834 201901290415
1548756967 50.3686845169 201901290416
1548757027 49.8513462887 201901290417
1548757087 50.0712601000 201901290418
1548757147 50.1631912834 201901290419
1548757207 50.5146928671 201901290420
1548757267 49.8873977332 201901290421
1548757327 50.7868812729 201901290422
1548757387 49.7900588331 201901290423
1548757447 49.7522048164 201901290424
1548757507 50.6751217950 201901290425
1548757520 50.5885983283 201901290425
1548757580 50.0207880778 201901290426
1548757640 49.6260247607 201901290427
1548757700 50.7328041062 201901290428
1548757760 50.5958086171 201901290429
1548757820 50.2479121780 201901290430
1548757880 49.9378697555 201901290431
1548757940 49.9757237722 201901290432
1548758000 50.1217321223 201901290433
1548758060 49.8369257109 201901290434
1548758120 50.3885128114 201901290435
1548758136 50.4335771170 201901290435
1548758196 50.3434485058 201901290436
1548758256 50.4317745448 201901290437
1548758316 49.6873122163 201901290438
1548758376 49.9000157388 201901290439
1548758436 50.6084266227 201901290440
1548758496 50.5219031560 201901290441
1548758556 50.4047359614 201901290442
1548758616 50.3416459336 201901290443
1548758676 50.0027623555 201901290444
1548758736 50.5219031560 201901290445
1548758751 49.9162388888 201901290445
1548758811 50.2965816280 201901290446
1548758871 50.5417314504 201901290447
1548758931 49.9739211999 201901290448
1548758991 50.6156369116 201901290449
1548759051 50.5669674616 201901290450
1548759111 50.4624182726 201901290451
1548759171 50.0334060833 201901290452
1548759231 50.4335771170 201901290453
1548759291 50.1866247223 201901290454
1548759351 49.9703160555 201901290455
1548759365 50.2118607335 201901290456
1548759425 50.0099726444 201901290457
1548759485 49.9649083388 201901290458
1548759545 50.1595861390 201901290459
1548759605 49.4836215551 201901290500
1548759665 50.1830195779 201901290501
1548759725 50.6841346561 201901290502
1548759785 49.7395868108 201901290503
1548759845 50.0802729611 201901290504
1548759905 50.6534909283 201901290505
1548759965 50.1884272946 201901290506
1548759977 50.2136633057 201901290506
1548760037 50.3073970613 201901290507
1548760097 49.9216466054 201901290508
1548760157 50.4065385336 201901290509
1548760217 50.1091141167 201901290510
1548760277 50.1505732779 201901290511
1548760337 50.5525468838 201901290512
1548760397 50.2208735946 201901290513
1548760457 50.2803584780 201901290514
1548760517 50.5110877226 201901290515
1548760577 49.9414748999 201901290516
1548760590 50.4047359614 201901290516
1548760650 50.4642208448 201901290517
1548760710 49.4115186661 201901290518
1548760770 50.4101436781 201901290519
1548760830 50.3831050947 201901290520
1548760890 50.0838781056 201901290521
1548760950 49.9613031944 201901290522
1548761010 49.6873122163 201901290523
1548761070 50.0045649277 201901290524
1548761130 50.7850787007 201901290525
1548761190 50.1613887112 201901290526
1548761207 50.0658523833 201901290526
1548761267 50.0532343778 201901290527
1548761327 50.4029333892 201901290528
1548761387 50.0316035111 201901290529
1548761447 50.1145218334 201901290530
1548761507 50.3885128114 201901290531
1548761567 50.1631912834 201901290532
1548761627 50.6607012172 201901290533
1548761687 50.5002722893 201901290534
1548761747 50.5381263060 201901290535
1548761807 49.8693720110 201901290536
1548761822 50.0748652445 201901290537
1548761882 50.4588131281 201901290538
1548761942 49.9090285999 201901290539
1548762002 50.3128047780 201901290540
1548762062 49.8855951610 201901290541
1548762122 50.3128047780 201901290542
1548762182 50.4948645726 201901290543
1548762242 50.3200150669 201901290544
1548762302 49.9108311721 201901290545
1548762362 50.5597571727 201901290546
1548762422 49.9198440332 201901290547
1548762438 50.4966671448 201901290547
1548762498 50.5345211615 201901290548
1548762558 49.8477411443 201901290549
1548762618 -0.0041962776 201901290550
1548762678 49.9793289166 201901290551
1548762738 50.2208735946 201901290552
1548762798 49.9198440332 201901290553
1548762858 50.1884272946 201901290554
1548762918 50.2533198946 201901290555
1548762978 50.1884272946 201901290556
1548763038 49.8910028776 201901290557
1548763051 50.3182124947 201901290557
1548763111 50.5164954393 201901290558
1548763171 50.3434485058 201901290559
1548763231 50.0748652445 201901290600
1548763291 50.2803584780 201901290601
1548763351 50.4804439948 201901290602
1548763411 50.0604446667 201901290603
1548763471 50.5777828949 201901290604
1548763531 49.9198440332 201901290605
1548763591 50.5309160171 201901290606
1548763651 50.7328041062 201901290607
1548763664 50.4407874059 201901290607
1548763724 50.0874832500 201901290608
1548763784 50.1776118612 201901290609
1548763844 49.8351231387 201901290610
1548763904 49.7341790942 201901290611
1548763964 50.1559809945 201901290612
1548764024 50.6913449450 201901290613
1548764084 49.5611321607 201901290614
1548764144 50.4227616837 201901290615
1548764204 50.2713456169 201901290616
1548764264 49.6999302219 201901290617
1548764282 49.7377842386 201901290618
1548764342 49.9090285999 201901290619
1548764402 49.4241366717 201901290620
1548764462 50.7255938173 201901290621
1548764522 49.3574414994 201901290622
1548764582 49.5250807162 201901290623
1548764642 50.3272253558 201901290624
1548764702 50.2136633057 201901290625
1548764762 50.0892858223 201901290626
1548764822 50.4570105559 201901290627
1548764882 49.8747797276 201901290628
1548764896 50.4191565392 201901290628
1548764956 50.0298009389 201901290629
1548765016 50.4371822615 201901290630
1548765076 49.8819900165 201901290631
1548765136 50.6300574894 201901290632
1548765196 50.3921179559 201901290633
1548765256 50.5885983283 201901290634
1548765316 50.2316890279 201901290635
1548765376 50.3019893447 201901290636
1548765436 50.3110022058 201901290637
1548765496 50.3957231003 201901290638
1548765512 49.8928054499 201901290638
1548765572 50.0874832500 201901290639
1548765632 50.4119462503 201901290640
1548765692 50.4804439948 201901290641
1548765752 49.6602736330 201901290642
1548765812 50.5471391671 201901290643
1548765872 50.0352086555 201901290644
1548765932 50.6588986450 201901290645
1548765992 50.4299719726 201901290646
1548766052 50.7003578061 201901290647
1548766112 50.3524613669 201901290648
1548766125 50.4443925503 201901290648
1548766185 49.9685134833 201901290649
1548766245 49.9216466054 201901290650
1548766305 50.1920324390 201901290651
1548766365 50.3704870892 201901290652
1548766425 50.0676549556 201901290653
1548766485 50.5777828949 201901290654
1548766545 49.9522903332 201901290655
1548766605 50.1487707056 201901290656
1548766665 50.0874832500 201901290657
1548766725 49.8423334276 201901290658
1548766739 50.3073970613 201901290658
1548766799 50.1037064000 201901290659
1548766859 50.1884272946 201901290700
1548766919 50.3434485058 201901290701
1548766979 49.7269688053 201901290702
1548767039 50.0388138000 201901290703
1548767099 49.6296299052 201901290704
1548767159 49.7648228220 201901290705
1548767219 50.3668819447 201901290706
1548767279 50.0406163722 201901290707
1548767339 50.2479121780 201901290708
1548767357 50.0946935389 201901290709
1548767417 50.2334916002 201901290710
1548767477 50.4047359614 201901290711
1548767537 50.1884272946 201901290712
1548767597 49.9216466054 201901290713
1548767657 49.9504877610 201901290714
1548767717 49.8928054499 201901290715
1548767777 50.0784703889 201901290716
1548767837 50.2352941724 201901290717
1548767897 49.8477411443 201901290718
1548767957 50.5867957560 201901290719
1548767973 50.0928909667 201901290719
1548768033 -0.0041962776 201901290720
1548768093 0.0030140113 201901290721
1548768153 -0.0005911331 201901290722
1548768213 50.5092851504 201901290723
1548768273 50.2641353280 201901290724
1548768333 50.3416459336 201901290725
1548768393 50.4227616837 201901290726
1548768453 49.9108311721 201901290727
1548768513 50.1758092890 201901290728
1548768573 50.0478266611 201901290729
1548768589 50.4840491393 201901290729
1548768649 50.3037919169 201901290730
1548768709 50.3957231003 201901290731
1548768769 50.1559809945 201901290732
1548768829 50.8607867341 201901290733
1548768889 50.0207880778 201901290734
1548768949 50.6498857839 201901290735
1548769009 49.5611321607 201901290736
1548769069 50.4570105559 201901290737
1548769129 50.5056800060 201901290738
1548769189 49.7179559442 201901290739
1548769204 50.1704015723 201901290740
1548769264 50.3668819447 201901290741
1548769324 50.4137488225 201901290742
1548769384 50.4984697171 201901290743
1548769444 49.3898877994 201901290744
1548769504 49.8351231387 201901290745
1548769564 50.2929764835 201901290746
1548769624 50.1253372667 201901290747
1548769684 50.1451655612 201901290748
1548769744 49.9252517499 201901290749
1548769804 49.9036208832 201901290750
1548769820 50.1523758501 201901290750
1548769880 50.1920324390 201901290751
1548769940 50.4047359614 201901290752
1548770000 50.4227616837 201901290753
1548770060 49.8405308554 201901290754
1548770120 49.9234491777 201901290755
1548770180 50.0604446667 201901290756
1548770240 50.0622472389 201901290757
1548770300 50.3055944891 201901290758
1548770360 50.0604446667 201901290759
1548770420 50.1091141167 201901290800
1548770437 50.4516028392 201901290800
1548770497 49.7612176775 201901290801
1548770557 49.7377842386 201901290802
1548770617 49.5935784607 201901290803
1548770677 50.0712601000 201901290804
1548770737 50.0261957944 201901290805
1548770797 49.9937494944 201901290806
1548770857 49.6548659163 201901290807
1548770917 50.6282549172 201901290808
1548770977 49.6422479108 201901290809
1548771037 49.7702305386 201901290810
1548771052 50.3903153836 201901290810
1548771112 50.1253372667 201901290811
1548771172 50.7760658395 201901290812
1548771232 50.5327185893 201901290813
1548771292 50.3200150669 201901290814
1548771352 50.9148639008 201901290815
1548771412 50.1740067168 201901290816
1548771472 50.2875687669 201901290817
1548771532 50.1613887112 201901290818
1548771592 50.2983842002 201901290819
1548771652 50.2443070335 201901290820
1548771672 49.7828485442 201901290821
1548771732 49.8964105943 201901290822
1548771792 49.8910028776 201901290823
1548771852 50.4461951226 201901290824
1548771912 50.3091996336 201901290825
1548771972 50.4227616837 201901290826
1548772032 50.0712601000 201901290827
1548772092 50.1037064000 201901290828
1548772152 50.7183835284 201901290829
1548772212 50.1649938557 201901290830
1548772272 50.2370967446 201901290831
1548772285 49.8747797276 201901290831
1548772345 50.2857661947 201901290832
1548772405 50.9491127730 201901290833
1548772465 50.4317745448 201901290834
1548772525 50.1073115445 201901290835
1548772585 49.9775263444 201901290836
1548772645 50.2046504446 201901290837
1548772705 49.9667109110 201901290838
1548772765 50.0640498111 201901290839
1548772825 50.2244787390 201901290840
1548772885 50.2785559058 201901290841
1548772901 50.1325475556 201901290841
1548772961 49.9342646110 201901290842
1548773021 50.1938350112 201901290843
1548773081 49.9937494944 201901290844
1548773141 50.1469681334 201901290845
1548773201 50.3200150669 201901290846
1548773261 50.1433629890 201901290847
1548773321 50.1541784223 201901290848
1548773381 50.1073115445 201901290849
1548773441 49.8062819831 201901290850
1548773501 50.6156369116 201901290851
1548773521 49.9685134833 201901290852
1548773581 49.6837070719 201901290853
1548773641 49.8369257109 201901290854
1548773701 50.2911739113 201901290855
1548773761 50.3722896614 201901290856
1548773821 49.8675694387 201901290857
1548773881 50.3128047780 201901290858
1548773941 50.5002722893 201901290859
1548774001 50.1523758501 201901290900
1548774061 50.5074825782 201901290901
1548774121 50.2136633057 201901290902
1548774136 50.4840491393 201901290902
1548774196 50.2875687669 201901290903
1548774256 49.6855096441 201901290904
1548774316 50.1019038278 201901290905
1548774376 49.8603591498 201901290906
1548774436 50.0856806778 201901290907
1548774496 50.1794144334 201901290908
1548774556 49.9108311721 201901290909
1548774616 50.4948645726 201901290910
1548774676 50.4137488225 201901290911
1548774736 50.3380407891 201901290912
1548774752 49.9991572111 201901290912
1548774812 49.7702305386 201901290913
1548774872 50.1577835668 201901290914
1548774932 50.2172684501 201901290915
1548774992 50.5705726060 201901290916
1548775052 50.2605301835 201901290917
1548775112 49.9703160555 201901290918
1548775172 50.1794144334 201901290919
1548775232 50.2028478724 201901290920
1548775292 49.8423334276 201901290921
1548775352 49.9504877610 201901290922
1548775367 49.7449945275 201901290922
1548775427 50.4840491393 201901290923
1548775487 50.0622472389 201901290924
1548775547 49.7900588331 201901290925
1548775607 49.4025058050 201901290926
1548775667 50.0370112278 201901290927
1548775727 49.9018183110 201901290928
1548775787 49.8801874443 201901290929
1548775847 50.1289424112 201901290930
1548775907 49.6332350496 201901290931
1548775967 49.8873977332 201901290932
1548775982 49.5485141551 201901290933
1548776042 49.7125482275 201901290934
1548776102 49.5737501662 201901290935
1548776162 49.5611321607 201901290936
1548776222 49.6278273330 201901290937
1548776282 50.4858517115 201901290938
1548776342 50.1217321223 201901290939
1548776402 50.3578690836 201901290940
1548776462 49.7035353664 201901290941
1548776522 50.2785559058 201901290942
1548776582 50.2172684501 201901290943
1548776598 50.2407018891 201901290943
1548776658 49.7143507997 201901290944
1548776718 49.8855951610 201901290945
1548776778 50.0171829333 201901290946
1548776838 50.3326330725 201901290947
1548776898 50.0676549556 201901290948
1548776958 49.7702305386 201901290949
1548777018 50.2064530168 201901290950
1548777078 49.9973546388 201901290951
1548777138 49.7738356831 201901290952
1548777198 50.0748652445 201901290953
1548777214 49.7558099609 201901290953
1548777274 50.1974401557 201901290954
1548777334 50.2028478724 201901290955
1548777394 49.7720331109 201901290956
1548777454 49.5232781440 201901290957
1548777514 49.7630202497 201901290958
1548777574 50.2407018891 201901290959
1548777634 50.2280838835 201901291000
1548777694 50.5723751782 201901291001
1548777754 50.2605301835 201901291002
1548777814 50.5002722893 201901291003
1548777827 50.4876542837 201901291003
1548777887 50.7219886728 201901291004
1548777947 49.9126337443 201901291005
1548778007 49.7377842386 201901291006
1548778067 50.0117752166 201901291007
1548778127 50.5867957560 201901291008
1548778187 50.5273108726 201901291009
1548778247 50.2425044613 201901291010
1548778307 50.2623327557 201901291011
1548778367 49.9018183110 201901291012
1548778427 50.3200150669 201901291013
1548778442 50.4443925503 201901291014
1548778502 49.6548659163 201901291015
1548778562 50.0694575278 201901291016
1548778622 49.7756382553 201901291017
1548778682 50.3578690836 201901291018
1548778742 50.0135777889 201901291019
1548778802 50.4858517115 201901291020
1548778862 50.5561520282 201901291021
1548778922 50.1758092890 201901291022
1548778982 50.5056800060 201901291023
1548779042 49.9775263444 201901291024
1548779055 50.6697140783 201901291024
1548779115 50.2298864557 201901291025
1548779175 50.2172684501 201901291026
1548779235 49.9703160555 201901291027
1548779295 50.2407018891 201901291028
1548779355 50.3398433614 201901291029
1548779415 50.1037064000 201901291030
1548779475 50.2172684501 201901291031
1548779535 49.5575270162 201901291032
1548779595 49.9396723277 201901291033
1548779655 50.2785559058 201901291034
1548779672 50.0370112278 201901291034
1548779732 49.7792433998 201901291035
1548779792 50.4407874059 201901291036
1548779852 50.3091996336 201901291037
1548779912 50.0964961112 201901291038
1548779972 50.2533198946 201901291039
1548780032 50.2515173224 201901291040
1548780092 49.6764967830 201901291041
1548780152 50.3849076670 201901291042
1548780212 50.2100581613 201901291043
1548780272 49.9198440332 201901291044
1548780287 50.1884272946 201901291044
1548780347 50.0496292333 201901291045
1548780407 50.1830195779 201901291046
1548780467 50.3254227836 201901291047
1548780527 49.9919469222 201901291048
1548780587 50.0081700722 201901291049
1548780647 50.0153803611 201901291050
1548780707 -0.0041962776 201901291051
1548780767 50.6607012172 201901291052
1548780827 50.1109166889 201901291053
1548780887 50.4498002670 201901291054
1548780902 50.1776118612 201901291055
1548780962 50.6877398006 201901291056
1548781022 50.3650793725 201901291057
1548781082 50.7237912450 201901291058
1548781142 50.4660234170 201901291059
1548781202 50.1343501279 201901291100
1548781262 50.2370967446 201901291101
1548781322 50.0820755334 201901291102
1548781382 50.2569250391 201901291103
1548781442 50.4930620004 201901291104
1548781502 50.1325475556 201901291105
1548781515 49.9054234554 201901291105
1548781575 49.8207025609 201901291106
1548781635 49.7017327941 201901291107
1548781695 50.0153803611 201901291108
1548781755 50.3632768003 201901291109
1548781815 49.9522903332 201901291110
1548781875 50.1379552723 201901291111
1548781935 49.8152948442 201901291112
1548781995 50.1127192612 201901291113
1548782055 49.8711745832 201901291114
1548782115 50.4624182726 201901291115
1548782127 50.0676549556 201901291115
1548782187 49.9054234554 201901291116
1548782247 50.2118607335 201901291117
1548782307 50.2046504446 201901291118
1548782367 49.8639642943 201901291119
1548782427 50.5002722893 201901291120
1548782487 50.0892858223 201901291121
1548782547 50.2388993168 201901291122
1548782607 49.9558954777 201901291123
1548782667 50.3037919169 201901291124
1548782727 50.1794144334 201901291125
1548782742 50.5128902949 201901291125
1548782802 49.8964105943 201901291126
1548782862 50.4912594282 201901291127
1548782922 50.7201861006 201901291128
1548782982 50.7400143951 201901291129
1548783042 50.1289424112 201901291130
1548783102 50.0334060833 201901291131
1548783162 50.5417314504 201901291132
1548783222 50.8788124563 201901291133
1548783282 50.7562375451 201901291134
1548783342 50.6625037894 201901291135
1548783358 50.7003578061 201901291135
1548783418 50.4263668281 201901291136
1548783478 50.5885983283 201901291137
1548783538 50.2605301835 201901291138
1548783598 50.3218176391 201901291139
1548783658 50.2749507613 201901291140
1548783718 50.2533198946 201901291141
1548783778 50.1523758501 201901291142
1548783838 49.6710890663 201901291143
1548783898 49.6386427663 201901291144
1548783958 50.2028478724 201901291145
1548783972 50.2316890279 201901291146
1548784032 50.1487707056 201901291147
1548784092 49.8333205665 201901291148
1548784152 50.7850787007 201901291149
1548784212 50.4047359614 201901291150
1548784272 49.8603591498 201901291151
1548784332 50.0153803611 201901291152
1548784392 50.4389848337 201901291153
1548784452 49.8819900165 201901291154
1548784512 50.2857661947 201901291155
1548784572 49.8567540054 201901291156
1548784590 49.9649083388 201901291156
1548784650 50.2893713391 201901291157
1548784710 50.4389848337 201901291158
1548784770 50.4191565392 201901291159
1548784830 49.6242221885 201901291200
1548784890 50.3254227836 201901291201
1548784950 50.0676549556 201901291202
1548785010 49.9540929055 201901291203
1548785070 50.1577835668 201901291204
1548785130 50.6480832116 201901291205
1548785190 49.8892003054 201901291206
1548785204 50.0352086555 201901291206
1548785264 49.8405308554 201901291207
1548785324 49.9486851888 201901291208
1548785384 50.1740067168 201901291209
1548785444 49.8261102776 201901291210
1548785504 49.9324620388 201901291211
1548785564 50.1559809945 201901291212
1548785624 50.0802729611 201901291213
1548785684 50.6372677783 201901291214
1548785744 50.4281694003 201901291215
1548785804 49.8928054499 201901291216
1548785821 50.0442215167 201901291217
1548785881 50.2443070335 201901291218
1548785941 50.1361527001 201901291219
1548786001 50.5273108726 201901291220
1548786061 50.2605301835 201901291221
1548786121 50.1667964279 201901291222
1548786181 50.3218176391 201901291223
1548786241 50.3236202114 201901291224
1548786301 50.3776973781 201901291225
1548786361 50.1667964279 201901291226
1548786421 50.1019038278 201901291227
1548786436 50.1109166889 201901291227
1548786496 50.3849076670 201901291228
1548786556 49.9883417777 201901291229
1548786616 49.5953810329 201901291230
1548786676 50.0676549556 201901291231
1548786736 50.5940060449 201901291232
1548786796 50.7886838451 201901291233
1548786856 50.3019893447 201901291234
1548786916 -0.0041962776 201901291235
1548786976 0.0048165835 201901291236
1548787036 0.0030140113 201901291237
1548787045 0.0066191558 201901291237
1548787105 0.0012114391 201901291238
1548787165 0.0048165835 201901291239
1548787225 0.0012114391 201901291240
1548787285 0.0012114391 201901291241
1548787345 0.0048165835 201901291242
1548787405 -0.0005911331 201901291243
1548787465 -0.0023937054 201901291244
1548787525 0.0048165835 201901291245
1548787585 0.0012114391 201901291246
1548787645 0.0012114391 201901291247
1548787704 -0.0005911331 201901291248
1548787764 -0.0005911331 201901291249
1548787824 -0.0005911331 201901291250
1548787884 -0.0005911331 201901291251
1548787944 0.0030140113 201901291252
1548788004 0.0030140113 201901291253
1548788064 0.0012114391 201901291254
1548788124 -0.0041962776 201901291255
1548788184 0.0084217280 201901291256
1548788244 -0.0041962776 201901291257
1548788303 0.0048165835 201901291258
1548788363 0.0012114391 201901291259
1548788423 -0.0005911331 201901291300
1548788483 0.0084217280 201901291301
1548788543 -0.0005911331 201901291302
1548788603 0.0066191558 201901291303
1548788663 -0.0114065665 201901291304
1548788723 0.0012114391 201901291305
1548788783 -0.0059988498 201901291306
1548788843 -0.0005911331 201901291307
1548788902 0.0030140113 201901291308
1548788962 -0.0059988498 201901291309
1548789022 0.0030140113 201901291310
1548789082 0.0030140113 201901291311
1548789142 -0.0005911331 201901291312
1548789202 -0.0023937054 201901291313
1548789262 0.0066191558 201901291314
1548789322 -0.0041962776 201901291315
1548789382 0.0012114391 201901291316
1548789442 0.0102243002 201901291317
1548789502 -0.0078014220 201901291318
1548789562 -0.0005911331 201901291319
1548789622 0.0030140113 201901291320
1548789682 0.0138294447 201901291321
1548789742 -0.0041962776 201901291322
1548789802 -0.0005911331 201901291323
1548789862 0.0012114391 201901291324
1548789922 -0.0023937054 201901291325
1548789982 0.0102243002 201901291326
1548790042 -0.0023937054 201901291327
1548790101 0.0120268724 201901291328
1548790161 -0.0041962776 201901291329
1548790221 0.0012114391 201901291330
1548790281 0.0012114391 201901291331
1548790341 0.0012114391 201901291332
1548790401 -0.0005911331 201901291333
1548790461 -0.0005911331 201901291334
1548790521 -0.0023937054 201901291335
1548790581 -0.0023937054 201901291336
1548790641 -0.0005911331 201901291337
1548790699 0.0030140113 201901291338
1548790759 0.0120268724 201901291339
1548790819 0.0030140113 201901291340
1548790879 0.0030140113 201901291341
1548790939 -0.0059988498 201901291342
1548790999 0.0030140113 201901291343
1548791059 -0.0059988498 201901291344
1548791119 0.0030140113 201901291345
1548791179 -0.0005911331 201901291346
1548791239 -0.0059988498 201901291347
1548791298 0.0084217280 201901291348
1548791358 0.0066191558 201901291349
1548791418 0.0030140113 201901291350
1548791478 0.0066191558 201901291351
1548791538 0.0030140113 201901291352
1548791590 -0.0059988498 201901291353
1548791650 0.0102243002 201901291354
1548791710 0.0084217280 201901291355
1548791770 0.0048165835 201901291356
1548791830 0.0084217280 201901291357
1548791890 0.0084217280 201901291358
1548791950 0.0084217280 201901291359
1548792010 0.0084217280 201901291400
1548792070 0.0084217280 201901291401
1548792130 0.0084217280 201901291402
1548792190 0.0084217280 201901291403
1548792250 0.0084217280 201901291404
1548792310 0.0084217280 201901291405
1548792370 0.0084217280 201901291406
1548792430 0.0084217280 201901291407
1548792490 0.0084217280 201901291408
1548792550 0.0084217280 201901291409
1548792610 0.0084217280 201901291410
1548792670 0.0084217280 201901291411
1548792730 0.0084217280 201901291412
1548792790 0.0084217280 201901291413
1548792850 0.0084217280 201901291414
1548792910 0.0084217280 201901291415
1548792970 0.0084217280 201901291416
1548793030 0.0084217280 201901291417
1548793090 0.0084217280 201901291418
1548793150 0.0084217280 201901291419
1548793210 0.0084217280 201901291420
1548793270 0.0084217280 201901291421
1548793330 0.0084217280 201901291422
1548793390 0.0084217280 201901291423
1548793450 0.0084217280 201901291424
1548793510 0.0084217280 201901291425
1548793570 0.0084217280 201901291426
1548793630 0.0030140113 201901291427
1548793660 46.2660301355 201901291427
1548793720 50.4425899781 201901291428
1548793780 50.2569250391 201901291429
1548793840 50.2821610502 201901291430
1548793900 49.8044794109 201901291431
1548793960 49.7990716942 201901291432
1548794020 50.1073115445 201901291433
1548794080 50.8950356063 201901291434
1548794140 49.6728916386 201901291435
1548794200 49.7828485442 201901291436
1548794260 50.2875687669 201901291437
1548794276 49.8855951610 201901291437
1548794336 50.0676549556 201901291438
1548794396 50.6264523450 201901291439
1548794456 50.0135777889 201901291440
1548794516 50.4425899781 201901291441
1548794576 50.3506587947 201901291442
1548794636 50.3560665114 201901291443
1548794696 49.9613031944 201901291444
1548794756 50.3704870892 201901291445
1548794816 49.9162388888 201901291446
1548794876 50.4029333892 201901291447
1548794890 50.1343501279 201901291448
1548794950 49.9829340611 201901291449
1548795010 49.8134922720 201901291450
1548795070 50.1505732779 201901291451
1548795130 50.0063675000 201901291452
1548795190 50.1505732779 201901291453
1548795250 50.1866247223 201901291454
1548795310 50.2370967446 201901291455
1548795370 50.1631912834 201901291456
1548795430 50.1577835668 201901291457
1548795490 50.1019038278 201901291458
1548795502 49.8207025609 201901291458
1548795562 49.8044794109 201901291459
1548795622 50.5471391671 201901291500
1548795682 50.2785559058 201901291501
1548795742 49.7738356831 201901291502
1548795802 50.4570105559 201901291503
1548795862 49.8315179943 201901291504
1548795922 50.3885128114 201901291505
1548795982 49.6368401941 201901291506
1548796042 50.1037064000 201901291507
1548796102 50.0207880778 201901291508
1548796115 50.2893713391 201901291508
1548796175 50.2623327557 201901291509
1548796235 49.9558954777 201901291510
1548796295 50.3488562225 201901291511
1548796355 50.1307449834 201901291512
1548796415 50.3813025225 201901291513
1548796475 50.0189855055 201901291514
1548796535 49.8729771554 201901291515
1548796595 49.9324620388 201901291516
1548796655 50.4750362782 201901291517
1548796715 50.4876542837 201901291518
1548796732 49.8333205665 201901291518
1548796792 50.0658523833 201901291519
1548796852 49.8729771554 201901291520
1548796912 50.1920324390 201901291521
1548796972 50.0550369500 201901291522
1548797032 50.6967526617 201901291523
1548797092 50.1884272946 201901291524
1548797152 50.0496292333 201901291525
1548797212 49.9126337443 201901291526
1548797272 50.3308305002 201901291527
1548797332 50.1397578445 201901291528
1548797348 50.3776973781 201901291529
1548797408 50.4101436781 201901291530
1548797468 50.5219031560 201901291531
1548797528 50.7634478340 201901291532
1548797588 50.7850787007 201901291533
1548797648 49.9631057666 201901291534
1548797708 49.9919469222 201901291535
1548797768 50.7418169673 201901291536
1548797828 49.9558954777 201901291537
1548797888 50.5381263060 201901291538
1548797948 51.0716876842 201901291539
1548797962 50.0334060833 201901291539
1548798022 50.0424189444 201901291540
1548798082 49.9108311721 201901291541
1548798142 50.3993282448 201901291542
1548798202 50.1776118612 201901291543
1548798262 49.9576980499 201901291544
1548798322 50.3398433614 201901291545
1548798382 50.1451655612 201901291546
1548798442 50.0171829333 201901291547
1548798502 50.2407018891 201901291548
1548798562 50.1451655612 201901291549
1548798576 50.2154658779 201901291549
1548798636 50.5525468838 201901291550
1548798696 50.5255083004 201901291551
1548798756 50.4966671448 201901291552
1548798816 49.9721186277 201901291553
1548798876 49.7233636608 201901291554
1548798936 0.0066191558 201901291555
1548798996 0.0030140113 201901291556
1548799056 0.0066191558 201901291557
1548799116 50.2388993168 201901291558
1548799176 50.4966671448 201901291559
1548799188 50.6588986450 201901291559
1548799248 50.5904009005 201901291600
1548799308 49.8621617221 201901291601
1548799368 50.2731481891 201901291602
1548799428 50.6552935005 201901291603
1548799488 50.2839636224 201901291604
1548799548 50.2929764835 201901291605
1548799608 50.3452510780 201901291606
1548799668 50.6246497727 201901291607
1548799728 50.4155513948 201901291608
1548799788 49.9667109110 201901291609
1548799802 50.3740922336 201901291610
1548799862 49.8026768387 201901291611
1548799922 50.1776118612 201901291612
1548799982 50.2100581613 201901291613
1548800042 50.0730626722 201901291614
1548800102 50.4407874059 201901291615
1548800162 50.0027623555 201901291616
1548800222 50.0820755334 201901291617
1548800282 49.9919469222 201901291618
1548800342 50.1902298668 201901291619
1548800402 50.0316035111 201901291620
1548800416 50.6534909283 201901291620
1548800476 50.2713456169 201901291621
1548800536 49.9649083388 201901291622
1548800596 50.2839636224 201901291623
1548800656 50.1740067168 201901291624
1548800716 50.5976111894 201901291625
1548800776 50.0171829333 201901291626
1548800836 50.4624182726 201901291627
1548800896 50.5922034727 201901291628
1548800956 50.4786414226 201901291629
1548801016 49.9721186277 201901291630
1548801027 49.9739211999 201901291630
1548801087 50.4930620004 201901291631
1548801147 49.6602736330 201901291632
1548801207 50.5669674616 201901291633
1548801267 50.4606157004 201901291634
1548801327 50.7111732395 201901291635
1548801387 50.4371822615 201901291636
1548801447 50.1938350112 201901291637
1548801507 50.2316890279 201901291638
1548801567 50.2821610502 201901291639
1548801627 50.1073115445 201901291640
1548801642 50.4516028392 201901291640
1548801702 49.6404453385 201901291641
1548801762 50.6715166505 201901291642
1548801822 50.5471391671 201901291643
1548801882 50.2875687669 201901291644
1548801942 49.7990716942 201901291645
1548802002 50.3326330725 201901291646
1548802062 50.5381263060 201901291647
1548802122 50.2983842002 201901291648
1548802182 50.3001867724 201901291649
1548802242 50.4101436781 201901291650
1548802258 49.9973546388 201901291650
1548802318 -0.0023937054 201901291651
1548802378 -0.0023937054 201901291652
1548802438 50.0279983666 201901291653
1548802498 50.0279983666 201901291654
1548802558 50.0838781056 201901291655
1548802618 50.0532343778 201901291656
1548802678 49.9865392055 201901291657
1548802738 50.3272253558 201901291658
1548802798 50.4696285615 201901291659
1548802858 50.3831050947 201901291700
1548802873 49.9739211999 201901291701
1548802933 50.1920324390 201901291702
1548802993 49.9955520666 201901291703
1548803053 50.4624182726 201901291704
1548803113 50.0802729611 201901291705
1548803173 50.5813880394 201901291706
1548803233 50.6300574894 201901291707
1548803293 50.1127192612 201901291708
1548803353 50.0640498111 201901291709
1548803413 50.4822465670 201901291710
1548803473 50.1992427279 201901291711
1548803490 50.4750362782 201901291711
1548803550 50.8517738729 201901291712
1548803610 50.1541784223 201901291713
1548803670 49.8423334276 201901291714
1548803730 50.7201861006 201901291715
1548803790 50.6805295117 201901291716
1548803850 50.4678259893 201901291717
1548803910 50.3362382169 201901291718
1548803970 50.6498857839 201901291719
1548804030 50.2767533335 201901291720
1548804090 50.4840491393 201901291721
1548804104 49.7251662330 201901291721
1548804164 49.8621617221 201901291722
1548804224 50.1505732779 201901291723
1548804284 50.3776973781 201901291724
1548804344 50.7868812729 201901291725
1548804404 50.1667964279 201901291726
1548804464 50.2064530168 201901291727
1548804524 49.8657668665 201901291728
1548804584 50.4209591114 201901291729
1548804644 50.3398433614 201901291730
1548804704 50.1361527001 201901291731
1548804717 50.6012163338 201901291731
1548804777 50.6570960728 201901291732
1548804837 50.3290279280 201901291733
1548804897 50.1830195779 201901291734
1548804957 49.9847366333 201901291735
1548805017 50.1487707056 201901291736
1548805077 50.4245642559 201901291737
1548805137 50.4750362782 201901291738
1548805197 49.8549514332 201901291739
1548805257 50.3993282448 201901291740
1548805317 50.3813025225 201901291741
1548805332 50.0063675000 201901291742
1548805392 49.9090285999 201901291743
1548805452 50.5435340227 201901291744
1548805512 50.0928909667 201901291745
1548805572 50.0460240889 201901291746
1548805632 50.5994137616 201901291747
1548805692 50.2370967446 201901291748
1548805752 50.5435340227 201901291749
1548805812 50.2497147502 201901291750
1548805872 50.2515173224 201901291751
1548805932 50.2533198946 201901291752
1548805951 50.2407018891 201901291752
1548806011 50.5795854671 201901291753
1548806071 50.7436195395 201901291754
1548806131 50.2370967446 201901291755
1548806191 0.0102243002 201901291756
1548806251 0.0048165835 201901291757
1548806311 50.5687700338 201901291758
1548806371 50.1289424112 201901291759
1548806431 50.3434485058 201901291800
1548806491 50.2226761668 201901291801
1548806551 49.9342646110 201901291802
1548806568 0.0030140113 201901291802
1548806628 50.3470536503 201901291803
1548806688 50.2082555890 201901291804
1548806748 0.0048165835 201901291805
1548806808 0.0120268724 201901291806
1548806868 0.0048165835 201901291807
1548806928 50.1902298668 201901291808
1548806988 50.3362382169 201901291809
1548807048 50.2443070335 201901291810
1548807108 50.0189855055 201901291811
1548807168 50.3055944891 201901291812
1548807181 50.3308305002 201901291813
1548807241 0.0048165835 201901291814
1548807301 0.0084217280 201901291815
1548807361 -0.0096039943 201901291816
1548807421 0.0084217280 201901291817
1548807481 0.0030140113 201901291818
1548807541 0.0012114391 201901291819
1548807601 0.0102243002 201901291820
1548807661 49.5232781440 201901291821
1548807721 50.4191565392 201901291822
1548807781 0.0048165835 201901291823
1548807796 50.0694575278 201901291823
1548807856 0.0048165835 201901291824
1548807916 -0.0005911331 201901291825
1548807976 0.0048165835 201901291826
1548808036 0.0030140113 201901291827
1548808096 50.2118607335 201901291828
1548808156 50.4119462503 201901291829
1548808216 50.5507443116 201901291830
1548808276 49.8188999887 201901291831
1548808336 49.5683424496 201901291832
1548808396 50.0279983666 201901291833
1548808414 50.2407018891 201901291833
1548808474 49.3952955161 201901291834
1548808534 50.2208735946 201901291835
1548808594 49.8513462887 201901291836
1548808654 49.6494581996 201901291837
1548808714 49.8134922720 201901291838
1548808774 50.2803584780 201901291839
1548808834 50.4263668281 201901291840
1548808894 49.8477411443 201901291841
1548808954 50.3885128114 201901291842
1548809014 49.9504877610 201901291843
1548809029 49.9216466054 201901291843
1548809089 50.0586420945 201901291844
1548809149 50.5759803227 201901291845
1548809209 50.5237057282 201901291846
1548809269 49.7630202497 201901291847
1548809329 49.7269688053 201901291848
1548809389 50.3362382169 201901291849
1548809449 49.7089430830 201901291850
1548809509 50.2407018891 201901291851
1548809569 50.5525468838 201901291852
1548809629 49.4565829717 201901291853
1548809649 49.5827630274 201901291854
1548809709 50.1649938557 201901291855
1548809769 50.2154658779 201901291856
1548809829 49.6512607719 201901291857
1548809889 49.2474845937 201901291858
1548809949 50.3704870892 201901291859
1548810009 50.3632768003 201901291900
1548810069 49.9847366333 201901291901
1548810129 49.5701450218 201901291902
1548810189 50.0171829333 201901291903
1548810249 50.0568395222 201901291904
1548810264 50.1163244056 201901291904
1548810324 50.7201861006 201901291905
1548810384 50.3146073502 201901291906
1548810444 50.3091996336 201901291907
1548810504 50.3849076670 201901291908
1548810564 50.7850787007 201901291909
1548810624 50.4822465670 201901291910
1548810684 50.1469681334 201901291911
1548810744 50.3740922336 201901291912
1548810804 50.4732337059 201901291913
1548810864 50.3236202114 201901291914
1548810881 50.2190710224 201901291914
1548810941 50.1812170057 201901291915
1548811001 50.5615597449 201901291916
1548811061 50.3794999503 201901291917
1548811121 50.1559809945 201901291918
1548811181 50.2226761668 201901291919
1548811241 0.0030140113 201901291920
1548811301 50.2695430446 201901291921
1548811361 50.1343501279 201901291922
1548811421 50.5363237338 201901291923
1548811481 49.5737501662 201901291924
1548811499 49.8441359998 201901291924
1548811559 50.0676549556 201901291925
1548811619 49.9811314888 201901291926
1548811679 50.1469681334 201901291927
1548811739 50.0496292333 201901291928
1548811799 50.6084266227 201901291929
1548811859 49.9180414610 201901291930
1548811919 50.1631912834 201901291931
1548811979 50.2154658779 201901291932
1548812039 50.4191565392 201901291933
1548812099 49.5647373051 201901291934
1548812114 50.3344356447 201901291935
1548812174 50.1145218334 201901291936
1548812234 49.8495437165 201901291937
1548812294 49.7251662330 201901291938
1548812354 50.5633623171 201901291939
1548812414 49.8207025609 201901291940
1548812474 50.0676549556 201901291941
1548812534 49.4800164106 201901291942
1548812594 50.0370112278 201901291943
1548812654 49.6566684885 201901291944
1548812714 50.4155513948 201901291945
1548812732 50.3110022058 201901291945
1548812792 50.3614742281 201901291946
1548812852 50.2280838835 201901291947
1548812912 50.1127192612 201901291948
1548812972 49.7630202497 201901291949
1548813032 50.3542639392 201901291950
1548813092 50.2875687669 201901291951
1548813152 50.2785559058 201901291952
1548813212 50.3957231003 201901291953
1548813272 49.9793289166 201901291954
1548813332 50.5435340227 201901291955
1548813349 50.2893713391 201901291955
1548813409 50.2461096057 201901291956
1548813469 49.6710890663 201901291957
1548813529 49.9522903332 201901291958
1548813589 50.3596716558 201901291959
1548813649 50.0820755334 201901292000
1548813709 50.0279983666 201901292001
1548813769 50.2172684501 201901292002
1548813829 50.3308305002 201901292003
1548813889 50.1019038278 201901292004
1548813949 50.1271398390 201901292005
1548813963 49.9468826166 201901292006
1548814023 49.8261102776 201901292007
1548814083 50.5561520282 201901292008
1548814143 50.0766678167 201901292009
1548814203 50.4407874059 201901292010
1548814263 50.3380407891 201901292011
1548814323 50.3524613669 201901292012
1548814383 50.2605301835 201901292013
1548814443 50.0658523833 201901292014
1548814503 50.1884272946 201901292015
1548814563 50.2046504446 201901292016
1548814582 49.7540073886 201901292016
1548814642 49.8477411443 201901292017
1548814702 50.0496292333 201901292018
1548814762 49.9703160555 201901292019
1548814822 49.7504022442 201901292020
1548814882 50.0820755334 201901292021
1548814942 50.0496292333 201901292022
1548815002 49.9162388888 201901292023
1548815062 50.5723751782 201901292024
1548815122 50.3272253558 201901292025
1548815182 50.7922889895 201901292026
1548815195 50.1541784223 201901292026
1548815255 49.9216466054 201901292027
1548815315 49.9450800444 201901292028
1548815375 50.5255083004 201901292029
1548815435 50.2893713391 201901292030
1548815495 50.6300574894 201901292031
1548815555 50.3290279280 201901292032
1548815615 50.5723751782 201901292033
1548815675 49.9450800444 201901292034
1548815735 50.3506587947 201901292035
1548815795 50.0189855055 201901292036
1548815811 49.9018183110 201901292036
1548815871 49.8892003054 201901292037
1548815931 50.1199295501 201901292038
1548815991 50.0153803611 201901292039
1548816051 50.6228472005 201901292040
1548816111 50.2623327557 201901292041
1548816171 50.3740922336 201901292042
1548816231 50.2893713391 201901292043
1548816291 50.3362382169 201901292044
1548816351 50.4498002670 201901292045
1548816411 50.1415604167 201901292046
1548816427 49.8621617221 201901292047
1548816487 50.2821610502 201901292048
1548816547 50.1325475556 201901292049
1548816607 49.7738356831 201901292050
1548816667 50.4047359614 201901292051
1548816727 50.2767533335 201901292052
1548816787 49.5737501662 201901292053
1548816847 50.3542639392 201901292054
1548816907 50.2803584780 201901292055
1548816967 50.4425899781 201901292056
1548817027 49.8170974165 201901292057
1548817045 50.3037919169 201901292057
1548817105 50.2064530168 201901292058
1548817165 50.2172684501 201901292059
1548817225 50.1289424112 201901292100
1548817285 50.3488562225 201901292101
1548817345 49.9991572111 201901292102
1548817405 49.7467970997 201901292103
1548817465 50.2028478724 201901292104
1548817525 50.5940060449 201901292105
1548817585 50.4011308170 201901292106
1548817645 49.8892003054 201901292107
1548817661 50.3091996336 201901292107
1548817721 50.0027623555 201901292108
1548817781 50.2208735946 201901292109
1548817841 50.0712601000 201901292110
1548817901 50.1722041446 201901292111
1548817961 50.5885983283 201901292112
1548818021 50.0856806778 201901292113
1548818081 49.4728061217 201901292114
1548818141 50.1722041446 201901292115
1548818201 50.5146928671 201901292116
1548818261 49.9793289166 201901292117
1548818279 50.3236202114 201901292117
1548818339 50.1109166889 201901292118
1548818399 50.2551224668 201901292119
1548818459 50.2352941724 201901292120
1548818519 50.4191565392 201901292121
1548818579 49.6386427663 201901292122
1548818639 50.3452510780 201901292123
1548818699 50.0478266611 201901292124
1548818759 50.4534054115 201901292125
1548818819 50.1920324390 201901292126
1548818879 50.1289424112 201901292127
1548818895 50.5958086171 201901292128
1548818955 50.2244787390 201901292129
1548819015 50.0856806778 201901292130
1548819075 50.0802729611 201901292131
1548819135 50.2569250391 201901292132
1548819195 50.0532343778 201901292133
1548819255 50.3110022058 201901292134
1548819315 50.6480832116 201901292135
1548819375 50.1812170057 201901292136
1548819435 49.9576980499 201901292137
1548819495 50.0964961112 201901292138
1548819513 50.1722041446 201901292138
1548819573 50.0784703889 201901292139
1548819633 50.2695430446 201901292140
1548819693 50.5110877226 201901292141
1548819753 49.8008742664 201901292142
1548819813 50.3452510780 201901292143
1548819873 49.9919469222 201901292144
1548819933 50.0171829333 201901292145
1548819993 50.5074825782 201901292146
1548820053 50.0658523833 201901292147
1548820113 50.0298009389 201901292148
1548820128 50.0676549556 201901292148
1548820188 50.5038774337 201901292149
1548820248 50.3524613669 201901292150
1548820308 50.0171829333 201901292151
1548820368 50.5976111894 201901292152
1548820428 50.2028478724 201901292153
1548820488 50.1667964279 201901292154
1548820548 50.1271398390 201901292155
1548820608 50.3975256725 201901292156
1548820668 50.1271398390 201901292157
1548820728 50.0045649277 201901292158
1548820745 49.8928054499 201901292159
1548820805 50.4191565392 201901292200
1548820865 50.1704015723 201901292201
1548820925 50.1109166889 201901292202
1548820985 49.6476556274 201901292203
1548821045 49.9865392055 201901292204
1548821105 49.8207025609 201901292205
1548821165 49.9649083388 201901292206
1548821225 50.3308305002 201901292207
1548821285 49.9631057666 201901292208
1548821345 49.9522903332 201901292209
1548821363 50.2731481891 201901292209
1548821423 50.3596716558 201901292210
1548821483 50.3596716558 201901292211
1548821543 50.6120317672 201901292212
1548821603 50.0604446667 201901292213
1548821663 50.3398433614 201901292214
1548821723 50.0550369500 201901292215
1548821783 50.2713456169 201901292216
1548821843 50.4624182726 201901292217
1548821903 50.6426754950 201901292218
1548821963 50.5074825782 201901292219
1548821978 50.1379552723 201901292219
1548822038 50.4281694003 201901292220
1548822098 50.3650793725 201901292221
1548822158 50.0298009389 201901292222
1548822218 49.8207025609 201901292223
1548822278 50.2298864557 201901292224
1548822338 50.6084266227 201901292225
1548822398 50.3740922336 201901292226
1548822458 50.0604446667 201901292227
1548822518 50.0207880778 201901292228
1548822578 49.8261102776 201901292229
1548822594 50.0946935389 201901292229
1548822654 49.9324620388 201901292230
1548822714 50.3776973781 201901292231
1548822774 50.4768388504 201901292232
1548822834 50.0514318056 201901292233
1548822894 50.2497147502 201901292234
1548822954 49.7954665498 201901292235
1548823014 50.2425044613 201901292236
1548823074 49.8441359998 201901292237
1548823134 50.0838781056 201901292238
1548823194 50.2569250391 201901292239
1548823209 50.3416459336 201901292240
1548823269 50.1974401557 201901292241
1548823329 50.0910883945 201901292242
1548823389 50.2677404724 201901292243
1548823449 50.1685990001 201901292244
1548823509 50.1595861390 201901292245
1548823569 50.1001012556 201901292246
1548823629 49.9576980499 201901292247
1548823689 50.2659379002 201901292248
1548823749 49.9504877610 201901292249
1548823809 50.0442215167 201901292250
1548823824 49.9414748999 201901292250
1548823884 50.1740067168 201901292251
1548823944 50.4912594282 201901292252
1548824004 50.5940060449 201901292253
1548824064 50.3813025225 201901292254
1548824124 49.8423334276 201901292255
1548824184 -0.0023937054 201901292256
1548824244 0.0048165835 201901292257
1548824304 0.0012114391 201901292258
1548824364 0.0066191558 201901292259
1548824424 0.0030140113 201901292300
1548824435 0.0012114391 201901292300
