1549778436 -1.0000000000 2019021000007
1549778492 50.8355507229 201902100001
1549778552 50.9581256341 201902100002
1549778612 50.7706581229 201902100003
1549778672 50.7490272562 201902100004
1549778732 50.6877398006 201902100005
1549778792 51.1113442732 201902100006
1549778852 50.9094561841 201902100007
1549778912 51.3402709456 201902100008
1549778972 50.7003578061 201902100009
1549779032 50.7976967062 201902100010
1549779046 49.5881707440 201902100010
1549779106 50.1289424112 201902100011
1549779166 51.0554645342 201902100012
1549779226 50.9094561841 201902100013
1549779286 50.8968381785 201902100014
1549779346 50.9455076286 201902100015
1549779406 50.8571815896 201902100016
1549779466 50.6264523450 201902100017
1549779526 50.7183835284 201902100018
1549779586 50.8499713007 201902100019
1549779646 50.7111732395 201902100020
1549779661 51.0987262676 201902100021
1549779721 50.9815590730 201902100022
1549779781 50.7255938173 201902100023
1549779841 50.4516028392 201902100024
1549779901 50.7310015339 201902100025
1549779961 50.7310015339 201902100026
1549780021 51.0122028009 201902100027
1549780081 50.5489417393 201902100028
1549780141 51.1059365565 201902100029
1549780201 50.9419024841 201902100030
1549780261 50.4588131281 201902100031
1549780276 50.7436195395 201902100031
1549780336 50.8409584396 201902100032
1549780396 50.8085121396 201902100033
1549780456 50.9040484674 201902100034
1549780516 50.7382118228 201902100035
1549780576 50.9581256341 201902100036
1549780636 50.6733192228 201902100037
1549780696 50.9599282064 201902100038
1549780756 50.6877398006 201902100039
1549780816 51.1870523066 201902100040
1549780876 50.7291989617 201902100041
1549780892 51.0716876842 201902100041
1549780952 50.6913449450 201902100042
1549781012 51.2897989233 201902100043
1549781072 50.4407874059 201902100044
1549781132 50.8968381785 201902100045
1549781192 50.8697995952 201902100046
1549781252 50.0730626722 201902100047
1549781312 51.1419880010 201902100048
1549781372 50.9653359230 201902100049
1549781432 50.5327185893 201902100050
1549781492 50.5056800060 201902100051
1549781508 50.9581256341 201902100051
1549781568 50.6264523450 201902100052
1549781628 50.5904009005 201902100053
1549781688 51.1203571343 201902100054
1549781748 50.7237912450 201902100055
1549781808 50.8409584396 201902100056
1549781868 50.7111732395 201902100057
1549781928 50.3524613669 201902100058
1549781988 50.5507443116 201902100059
1549782048 50.9725462119 201902100100
1549782108 50.9202716174 201902100101
1549782126 50.7562375451 201902100102
1549782186 50.7940915618 201902100103
1549782246 51.0356362398 201902100104
1549782306 50.9959796508 201902100105
1549782366 51.0446491009 201902100106
1549782426 50.9491127730 201902100107
1549782486 50.6841346561 201902100108
1549782546 50.9437050563 201902100109
1549782606 50.7165809561 201902100110
1549782666 50.5273108726 201902100111
1549782726 51.1473957176 201902100112
1549782742 51.1149494176 201902100112
1549782802 50.6102291949 201902100113
1549782862 50.4624182726 201902100114
1549782922 50.2425044613 201902100115
1549782982 50.8661944507 201902100116
1549783042 50.4119462503 201902100117
1549783102 50.8481687285 201902100118
1549783162 50.8625893063 201902100119
1549783222 50.6084266227 201902100120
1549783282 50.7273963895 201902100121
1549783342 50.3488562225 201902100122
1549783359 51.0302285231 201902100122
1549783419 51.0987262676 201902100123
1549783479 50.9743487842 201902100124
1549783539 50.8409584396 201902100125
1549783599 50.4624182726 201902100126
1549783659 51.0212156620 201902100127
1549783719 50.7093706672 201902100128
1549783779 50.9004433230 201902100129
1549783839 50.5092851504 201902100130
1549783899 50.9923745064 201902100131
1549783959 50.8661944507 201902100132
1549783972 50.9328896230 201902100132
1549784032 50.7490272562 201902100133
1549784092 50.8643918785 201902100134
1549784152 50.7778684118 201902100135
1549784212 50.7994992784 201902100136
1549784272 50.9689410675 201902100137
1549784332 51.1401854287 201902100138
1549784392 50.7418169673 201902100139
1549784452 49.7431919553 201902100140
1549784512 50.7724606951 201902100141
1549784572 50.8067095673 201902100142
1549784589 50.8986407508 201902100143
1549784649 50.8103147118 201902100144
1549784709 50.8391558674 201902100145
1549784769 51.0194130897 201902100146
1549784829 50.9130613285 201902100147
1549784889 50.7796709840 201902100148
1549784949 51.0049925120 201902100149
1549785009 50.7255938173 201902100150
1549785069 50.9346921952 201902100151
1549785129 50.8770098841 201902100152
1549785189 50.9238767619 201902100153
1549785206 50.9292844786 201902100153
1549785266 49.8315179943 201902100154
1549785326 51.0140053731 201902100155
1549785386 50.8139198562 201902100156
1549785446 50.8355507229 201902100157
1549785506 50.9527179175 201902100158
1549785566 51.1672240121 201902100159
1549785626 50.5255083004 201902100200
1549785686 50.9437050563 201902100201
1549785746 50.4966671448 201902100202
1549785806 50.5291134449 201902100203
1549785823 50.8716021674 201902100203
1549785883 50.8157224285 201902100204
1549785943 50.6534909283 201902100205
1549786003 50.7742632673 201902100206
1549786063 51.1600137232 201902100207
1549786123 50.7652504062 201902100208
1549786183 50.8481687285 201902100209
1549786243 50.8896278896 201902100210
1549786303 50.8301430062 201902100211
1549786363 50.7291989617 201902100212
1549786423 50.7526324006 201902100213
1549786440 50.9346921952 201902100214
1549786500 51.0428465287 201902100215
1549786560 50.7328041062 201902100216
1549786620 50.7147783839 201902100217
1549786680 50.6967526617 201902100218
1549786740 51.2122883177 201902100219
1549786800 50.9779539286 201902100220
1549786860 50.7328041062 201902100221
1549786920 50.6228472005 201902100222
1549786980 51.0320310953 201902100223
1549787040 50.8337481507 201902100224
1549787058 50.8481687285 201902100224
1549787118 50.8914304619 201902100225
1549787178 51.0013873675 201902100226
1549787238 51.0049925120 201902100227
1549787298 50.9761513564 201902100228
1549787358 50.9130613285 201902100229
1549787418 51.0897134065 201902100230
1549787478 50.9292844786 201902100231
1549787538 50.8157224285 201902100232
1549787598 50.6246497727 201902100233
1549787658 50.8463661563 201902100234
1549787673 50.6931475172 201902100234
1549787733 51.1311725676 201902100235
1549787793 50.5741777505 201902100236
1549787853 50.6426754950 201902100237
1549787913 51.1347777121 201902100238
1549787973 51.0194130897 201902100239
1549788033 50.9437050563 201902100240
1549788093 51.1888548788 201902100241
1549788153 50.8589841618 201902100242
1549788213 51.1167519898 201902100243
1549788273 50.7057655228 201902100244
1549788291 50.9941770786 201902100244
1549788351 50.6607012172 201902100245
1549788411 50.6300574894 201902100246
1549788471 50.4317745448 201902100247
1549788531 51.0049925120 201902100248
1549788591 50.8517738729 201902100249
1549788651 50.6715166505 201902100250
1549788711 50.8625893063 201902100251
1549788771 50.6697140783 201902100252
1549788831 50.9653359230 201902100253
1549788891 50.7165809561 201902100254
1549788906 51.1546060065 201902100255
1549788966 51.0428465287 201902100256
1549789026 50.7778684118 201902100257
1549789086 51.0428465287 201902100258
1549789146 50.9833616453 201902100259
1549789206 50.9364947675 201902100300
1549789266 51.1149494176 201902100301
1549789326 50.6120317672 201902100302
1549789386 50.7472246840 201902100303
1549789446 51.0608722509 201902100304
1549789506 50.9184690452 201902100305
1549789521 50.5994137616 201902100305
1549789581 50.7706581229 201902100306
1549789641 51.0031899397 201902100307
1549789701 50.8211301451 201902100308
1549789761 50.9166664730 201902100309
1549789821 50.4083411059 201902100310
1549789881 50.5074825782 201902100311
1549789941 50.8355507229 201902100312
1549790001 51.0500568176 201902100313
1549790061 50.4516028392 201902100314
1549790121 51.0698851120 201902100315
1549790141 50.6841346561 201902100315
1549790201 50.7580401173 201902100316
1549790261 50.2352941724 201902100317
1549790321 50.6282549172 201902100318
1549790381 51.0194130897 201902100319
1549790441 50.6733192228 201902100320
1549790501 50.9310870508 201902100321
1549790561 50.8914304619 201902100322
1549790621 50.7832761284 201902100323
1549790681 50.5128902949 201902100324
1549790741 50.7832761284 201902100325
1549790756 51.0122028009 201902100325
1549790816 51.1239622787 201902100326
1549790876 50.8139198562 201902100327
1549790936 50.4750362782 201902100328
1549790996 50.9743487842 201902100329
1549791056 50.3290279280 201902100330
1549791116 50.8031044229 201902100331
1549791176 50.8661944507 201902100332
1549791236 50.7814735562 201902100333
1549791296 50.7237912450 201902100334
1549791356 50.7796709840 201902100335
1549791373 50.5994137616 201902100336
1549791433 50.5958086171 201902100337
1549791493 50.8625893063 201902100338
1549791553 50.7273963895 201902100339
1549791613 50.5435340227 201902100340
1549791673 51.1131468454 201902100341
1549791733 50.5615597449 201902100342
1549791793 50.6408729227 201902100343
1549791853 50.9130613285 201902100344
1549791913 50.7291989617 201902100345
1549791973 50.9635333508 201902100346
1549791991 50.6841346561 201902100346
1549792051 50.5922034727 201902100347
1549792111 50.7580401173 201902100348
1549792171 51.1041339843 201902100349
1549792231 50.9833616453 201902100350
1549792291 50.8697995952 201902100351
1549792351 50.8121172840 201902100352
1549792411 50.6444780672 201902100353
1549792471 50.9166664730 201902100354
1549792531 50.6408729227 201902100355
1549792591 50.5471391671 201902100356
1549792607 50.6841346561 201902100356
1549792667 50.7814735562 201902100357
1549792727 51.0662799676 201902100358
1549792787 50.4930620004 201902100359
1549792847 50.4642208448 201902100400
1549792907 50.7940915618 201902100401
1549792967 50.8734047396 201902100402
1549793027 51.1185545621 201902100403
1549793087 50.6048214783 201902100404
1549793147 50.8734047396 201902100405
1549793207 51.0680825398 201902100406
1549793226 51.1528034343 201902100407
1549793286 50.8842201730 201902100408
1549793346 50.7742632673 201902100409
1549793406 51.0374388120 201902100410
1549793466 50.5255083004 201902100411
1549793526 50.8265378618 201902100412
1549793586 50.6066240505 201902100413
1549793646 50.9310870508 201902100414
1549793706 50.6625037894 201902100415
1549793766 51.0140053731 201902100416
1549793826 50.8409584396 201902100417
1549793839 51.0608722509 201902100417
1549793899 50.6679115061 201902100418
1549793959 51.1149494176 201902100419
1549794019 51.2213011788 201902100420
1549794079 50.9599282064 201902100421
1549794139 51.0915159787 201902100422
1549794199 50.7796709840 201902100423
1549794259 49.8675694387 201902100424
1549794319 50.7976967062 201902100425
1549794379 50.9274819063 201902100426
1549794439 51.2176960344 201902100427
1549794457 50.9563230619 201902100427
1549794517 50.6102291949 201902100428
1549794577 50.7688555506 201902100429
1549794637 51.0284259509 201902100430
1549794697 51.1744343010 201902100431
1549794757 50.8788124563 201902100432
1549794817 51.0356362398 201902100433
1549794877 50.2821610502 201902100434
1549794937 50.6498857839 201902100435
1549794997 50.4119462503 201902100436
1549795057 50.9130613285 201902100437
1549795074 51.2158934621 201902100437
1549795134 50.5813880394 201902100438
1549795194 50.5831906116 201902100439
1549795254 50.9238767619 201902100440
1549795314 50.6480832116 201902100441
1549795374 51.1546060065 201902100442
1549795434 50.6318600616 201902100443
1549795494 50.9509153452 201902100444
1549795554 50.8734047396 201902100445
1549795614 50.6552935005 201902100446
1549795674 50.5795854671 201902100447
1549795689 50.9238767619 201902100448
1549795749 50.7724606951 201902100449
1549795809 50.4029333892 201902100450
1549795869 50.5669674616 201902100451
1549795929 51.1167519898 201902100452
1549795989 50.5687700338 201902100453
1549796049 50.9112587563 201902100454
1549796109 50.7147783839 201902100455
1549796169 50.7201861006 201902100456
1549796229 50.6661089339 201902100457
1549796289 50.8752073118 201902100458
1549796306 50.8679970229 201902100458
1549796366 50.7670529784 201902100459
1549796426 51.1293699954 201902100500
1549796486 51.1059365565 201902100501
1549796546 50.6913449450 201902100502
1549796606 50.8391558674 201902100503
1549796666 50.9491127730 201902100504
1549796726 50.9959796508 201902100505
1549796786 50.2569250391 201902100506
1549796846 51.1401854287 201902100507
1549796906 50.4425899781 201902100508
1549796921 50.9689410675 201902100508
1549796981 50.5940060449 201902100509
1549797041 50.9058510396 201902100510
1549797101 51.0807005454 201902100511
1549797161 51.0807005454 201902100512
1549797221 50.7526324006 201902100513
1549797281 50.7183835284 201902100514
1549797341 50.8121172840 201902100515
1549797401 50.7021603784 201902100516
1549797461 50.8878253174 201902100517
1549797521 50.9400999119 201902100518
1549797536 51.0843056898 201902100518
1549797596 50.9148639008 201902100519
1549797656 50.8535764452 201902100520
1549797716 50.9959796508 201902100521
1549797776 50.9094561841 201902100522
1549797836 50.8499713007 201902100523
1549797896 49.0618196547 201902100524
1549797956 50.7418169673 201902100525
1549798016 50.6588986450 201902100526
1549798076 50.9491127730 201902100527
1549798136 50.8824176007 201902100528
1549798151 50.8986407508 201902100529
1549798211 50.8986407508 201902100530
1549798271 50.9743487842 201902100531
1549798331 50.8824176007 201902100532
1549798391 50.6552935005 201902100533
1549798451 50.5976111894 201902100534
1549798511 50.7886838451 201902100535
1549798571 50.6985552339 201902100536
1549798631 50.8463661563 201902100537
1549798691 50.5723751782 201902100538
1549798751 50.9419024841 201902100539
1549798765 50.8571815896 201902100539
1549798825 50.8247352896 201902100540
1549798885 50.9292844786 201902100541
1549798945 50.9346921952 201902100542
1549799005 51.0518593898 201902100543
1549799065 50.7291989617 201902100544
1549799125 50.9346921952 201902100545
1549799185 51.2879963511 201902100546
1549799245 50.6156369116 201902100547
1549799305 50.7940915618 201902100548
1549799365 50.9022458952 201902100549
1549799381 50.9455076286 201902100549
1549799441 50.6859372283 201902100550
1549799501 50.8842201730 201902100551
1549799561 50.6462806394 201902100552
1549799621 50.8553790174 201902100553
1549799681 50.7994992784 201902100554
1549799741 51.2411294733 201902100555
1549799801 50.5579546004 201902100556
1549799861 50.7418169673 201902100557
1549799921 50.9256793341 201902100558
1549799981 50.8896278896 201902100559
1549799998 50.6030189060 201902100559
1549800058 51.0608722509 201902100600
1549800118 51.2303140399 201902100601
1549800178 50.8697995952 201902100602
1549800238 50.9941770786 201902100603
1549800298 51.0194130897 201902100604
1549800358 50.8427610118 201902100605
1549800418 50.5976111894 201902100606
1549800478 50.6805295117 201902100607
1549800538 51.3997558290 201902100608
1549800598 50.9923745064 201902100609
1549800614 50.8824176007 201902100610
1549800674 50.8643918785 201902100611
1549800734 51.2519449066 201902100612
1549800794 50.6318600616 201902100613
1549800854 50.9238767619 201902100614
1549800914 50.7670529784 201902100615
1549800974 50.3632768003 201902100616
1549801034 50.7724606951 201902100617
1549801094 50.8463661563 201902100618
1549801154 51.1059365565 201902100619
1549801214 51.2537474788 201902100620
1549801231 50.7940915618 201902100620
1549801291 50.8571815896 201902100621
1549801351 50.7111732395 201902100622
1549801411 50.9419024841 201902100623
1549801471 50.8265378618 201902100624
1549801531 51.0356362398 201902100625
1549801591 50.6967526617 201902100626
1549801651 50.9166664730 201902100627
1549801711 50.2497147502 201902100628
1549801771 50.5327185893 201902100629
1549801831 50.7760658395 201902100630
1549801845 50.6084266227 201902100630
1549801905 50.4425899781 201902100631
1549801965 50.6084266227 201902100632
1549802025 50.6156369116 201902100633
1549802085 50.7904864173 201902100634
1549802145 50.9112587563 201902100635
1549802205 50.8878253174 201902100636
1549802265 50.9364947675 201902100637
1549802325 50.5795854671 201902100638
1549802385 50.9599282064 201902100639
1549802445 50.8589841618 201902100640
1549802461 51.0194130897 201902100641
1549802521 50.7508298284 201902100642
1549802581 50.7129758117 201902100643
1549802641 50.7364092506 201902100644
1549802701 51.1942625955 201902100645
1549802761 50.8770098841 201902100646
1549802821 50.7310015339 201902100647
1549802881 51.1419880010 201902100648
1549802941 50.9689410675 201902100649
1549803001 51.0644773953 201902100650
1549803061 50.6931475172 201902100651
1549803076 50.7670529784 201902100651
1549803136 51.1816445899 201902100652
1549803196 51.1870523066 201902100653
1549803256 50.9238767619 201902100654
1549803316 50.9148639008 201902100655
1549803376 50.6643063617 201902100656
1549803436 50.6210446283 201902100657
1549803496 51.1618162954 201902100658
1549803556 50.8121172840 201902100659
1549803616 51.1636188677 201902100700
1549803676 51.0572671064 201902100701
1549803692 51.0482542453 201902100701
1549803752 50.9689410675 201902100702
1549803812 50.9815590730 201902100703
1549803872 50.8824176007 201902100704
1549803932 50.7634478340 201902100705
1549803992 50.9382973397 201902100706
1549804052 0.0084217280 201902100707
1549804112 0.0084217280 201902100708
1549804172 0.0120268724 201902100709
1549804232 0.0030140113 201902100710
1549804292 0.0048165835 201902100711
1549804306 0.0012114391 201902100711
1549804366 0.0084217280 201902100712
1549804426 -0.0041962776 201902100713
1549804486 -0.0041962776 201902100714
1549804546 -0.0041962776 201902100715
1549804606 -0.0059988498 201902100716
1549804666 -0.0059988498 201902100717
1549804726 0.0048165835 201902100718
1549804786 -0.0041962776 201902100719
1549804846 0.0048165835 201902100720
1549804906 -0.0005911331 201902100721
1549804920 -0.0023937054 201902100722
1549804980 -0.0059988498 201902100723
1549805040 51.0770954009 201902100724
1549805100 50.8409584396 201902100725
1549805160 50.4606157004 201902100726
1549805220 50.7454221117 201902100727
1549805280 51.1437905732 201902100728
1549805340 50.8301430062 201902100729
1549805400 50.7976967062 201902100730
1549805460 50.7940915618 201902100731
1549805520 50.8607867341 201902100732
1549805535 50.7075680950 201902100732
1549805595 50.8049069951 201902100733
1549805655 50.9346921952 201902100734
1549805715 51.1473957176 201902100735
1549805775 50.7219886728 201902100736
1549805835 50.7976967062 201902100737
1549805895 51.3258503678 201902100738
1549805955 50.9833616453 201902100739
1549806015 51.1149494176 201902100740
1549806075 50.7688555506 201902100741
1549806135 51.0104002286 201902100742
1549806155 50.8535764452 201902100742
1549806215 51.0122028009 201902100743
1549806275 50.8373532951 201902100744
1549806335 50.5002722893 201902100745
1549806395 50.3019893447 201902100746
1549806455 50.9635333508 201902100747
1549806515 51.0662799676 201902100748
1549806575 50.6318600616 201902100749
1549806635 51.0446491009 201902100750
1549806695 51.0085976564 201902100751
1549806755 51.1726317288 201902100752
1549806769 50.8806150285 201902100752
1549806829 50.2641353280 201902100753
1549806889 0.0030140113 201902100754
1549806949 51.0482542453 201902100755
1549807009 51.0158079453 201902100756
1549807069 50.8193275729 201902100757
1549807129 50.7562375451 201902100758
1549807189 51.2861937789 201902100759
1549807249 50.8950356063 201902100800
1549807309 50.6534909283 201902100801
1549807369 50.5669674616 201902100802
1549807388 50.6823320839 201902100803
1549807448 50.7454221117 201902100804
1549807508 50.8968381785 201902100805
1549807568 50.9977822231 201902100806
1549807628 50.8553790174 201902100807
1549807688 50.7652504062 201902100808
1549807748 50.7958941340 201902100809
1549807808 50.6192420561 201902100810
1549807868 51.0410439564 201902100811
1549807928 50.8625893063 201902100812
1549807988 51.0248208064 201902100813
1549808002 51.0843056898 201902100813
1549808062 50.9364947675 201902100814
1549808122 50.5795854671 201902100815
1549808182 50.9779539286 201902100816
1549808242 50.3776973781 201902100817
1549808302 50.7003578061 201902100818
1549808362 51.0338336675 201902100819
1549808422 50.8085121396 201902100820
1549808482 0.0030140113 201902100821
1549808542 0.0012114391 201902100822
1549808602 0.0012114391 201902100823
1549808614 0.0048165835 201902100823
1549808674 50.7310015339 201902100824
1549808734 50.5651648893 201902100825
1549808794 51.0518593898 201902100826
1549808854 51.0933185509 201902100827
1549808914 50.7634478340 201902100828
1549808974 50.6841346561 201902100829
1549809034 50.9292844786 201902100830
1549809094 50.3813025225 201902100831
1549809154 51.0428465287 201902100832
1549809214 50.7219886728 201902100833
1549809231 50.8986407508 201902100833
1549809291 50.8283404340 201902100834
1549809351 50.6697140783 201902100835
1549809411 50.7364092506 201902100836
1549809471 50.7526324006 201902100837
1549809531 50.9310870508 201902100838
1549809591 50.7634478340 201902100839
1549809651 51.0230182342 201902100840
1549809711 50.8265378618 201902100841
1549809771 50.7670529784 201902100842
1549809831 50.6030189060 201902100843
1549809847 51.1419880010 201902100844
1549809907 51.3312580845 201902100845
1549809967 50.7832761284 201902100846
1549810027 50.6336626338 201902100847
1549810087 50.2605301835 201902100848
1549810147 51.0572671064 201902100849
1549810207 50.7400143951 201902100850
1549810267 51.1600137232 201902100851
1549810327 50.8842201730 201902100852
1549810387 50.9941770786 201902100853
1549810447 51.0572671064 201902100854
1549810462 50.2821610502 201902100854
1549810522 51.0374388120 201902100855
1549810582 50.5056800060 201902100856
1549810642 51.0049925120 201902100857
1549810702 50.9328896230 201902100858
1549810762 50.8139198562 201902100859
1549810822 51.1960651677 201902100900
1549810882 50.9292844786 201902100901
1549810942 50.8986407508 201902100902
1549811002 50.3632768003 201902100903
1549811062 50.8355507229 201902100904
1549811136 50.9923745064 201902100905
1549811196 50.9779539286 201902100906
1549811256 50.8625893063 201902100907
1549811316 50.9779539286 201902100908
1549811376 50.4407874059 201902100909
1549811436 50.7219886728 201902100910
1549811496 51.0230182342 201902100911
1549811556 50.7003578061 201902100912
1549811616 50.7796709840 201902100913
1549811676 51.0662799676 201902100914
1549811687 51.0176105175 201902100914
1549811747 50.9220741897 201902100915
1549811807 50.7111732395 201902100916
1549811867 50.6552935005 201902100917
1549811927 50.5363237338 201902100918
1549811987 50.9689410675 201902100919
1549812047 50.6841346561 201902100920
1549812107 50.6607012172 201902100921
1549812167 50.6715166505 201902100922
1549812227 51.0248208064 201902100923
1549812287 50.7490272562 201902100924
1549812303 50.6534909283 201902100925
1549812363 50.7255938173 201902100926
1549812423 50.7886838451 201902100927
1549812483 50.8499713007 201902100928
1549812543 50.9833616453 201902100929
1549812603 50.9941770786 201902100930
1549812663 50.4786414226 201902100931
1549812723 51.2591551955 201902100932
1549812783 50.8175250007 201902100933
1549812843 50.8571815896 201902100934
1549812903 50.9977822231 201902100935
1549812920 50.7688555506 201902100935
1549812980 51.0770954009 201902100936
1549813040 50.5255083004 201902100937
1549813100 50.9022458952 201902100938
1549813160 50.9743487842 201902100939
1549813220 50.6679115061 201902100940
1549813280 50.9292844786 201902100941
1549813340 51.1005288398 201902100942
1549813400 50.8734047396 201902100943
1549813460 51.0230182342 201902100944
1549813520 51.0158079453 201902100945
1549813535 50.9905719342 201902100945
1549813595 51.1419880010 201902100946
1549813655 50.9346921952 201902100947
1549813715 50.7850787007 201902100948
1549813775 50.9995847953 201902100949
1549813835 50.7814735562 201902100950
1549813895 50.9689410675 201902100951
1549813955 50.5976111894 201902100952
1549814015 50.6895423728 201902100953
1549814075 51.0734902565 201902100954
1549814135 51.0266233786 201902100955
1549814149 51.0825031176 201902100955
1549814209 51.1059365565 201902100956
1549814269 51.0770954009 201902100957
1549814329 51.0897134065 201902100958
1549814389 51.0158079453 201902100959
1549814449 50.6534909283 201902101000
1549814509 50.7814735562 201902101001
1549814569 50.6859372283 201902101002
1549814629 50.8013018507 201902101003
1549814689 50.5741777505 201902101004
1549814749 50.8175250007 201902101005
1549814762 51.1347777121 201902101006
1549814822 50.9076536119 201902101007
1549814882 50.7940915618 201902101008
1549814942 51.0122028009 201902101009
1549815002 50.3164099225 201902101010
1549815062 50.9995847953 201902101011
1549815122 50.9851642175 201902101012
1549815182 50.2929764835 201902101013
1549815242 50.4498002670 201902101014
1549815302 50.8175250007 201902101015
1549815362 51.1113442732 201902101016
1549815380 50.7237912450 201902101016
1549815440 50.9130613285 201902101017
1549815500 50.8067095673 201902101018
1549815560 50.7940915618 201902101019
1549815620 50.6156369116 201902101020
1549815680 50.9455076286 201902101021
1549815740 50.6534909283 201902101022
1549815800 50.8589841618 201902101023
1549815860 50.8950356063 201902101024
1549815920 50.8463661563 201902101025
1549815980 50.7544349728 201902101026
1549815996 51.2032754566 201902101026
1549816056 50.3993282448 201902101027
1549816116 50.9400999119 201902101028
1549816176 50.9238767619 201902101029
1549816236 50.7526324006 201902101030
1549816296 50.7850787007 201902101031
1549816356 50.7580401173 201902101032
1549816416 50.9617307786 201902101033
1549816476 50.9130613285 201902101034
1549816536 50.8842201730 201902101035
1549816596 50.9004433230 201902101036
1549816612 50.8391558674 201902101036
1549816672 49.4746086939 201902101037
1549816732 50.7273963895 201902101038
1549816792 51.1203571343 201902101039
1549816852 50.7219886728 201902101040
1549816912 50.7778684118 201902101041
1549816972 51.0951211231 201902101042
1549817032 50.7688555506 201902101043
1549817092 50.7075680950 201902101044
1549817152 50.8445635840 201902101045
1549817212 49.9576980499 201902101046
1549817227 51.0230182342 201902101047
1549817287 50.6444780672 201902101048
1549817347 50.4065385336 201902101049
1549817407 50.6012163338 201902101050
1549817467 50.9238767619 201902101051
1549817527 50.8535764452 201902101052
1549817587 50.6102291949 201902101053
1549817647 -0.0005911331 201902101054
1549817707 0.0084217280 201902101055
1549817767 51.3006143567 201902101056
1549817827 50.8824176007 201902101057
1549817842 50.8878253174 201902101057
1549817902 50.9437050563 201902101058
1549817962 51.0248208064 201902101059
1549818022 50.8878253174 201902101100
1549818082 50.5579546004 201902101101
1549818142 50.7237912450 201902101102
1549818202 50.7039629506 201902101103
1549818262 50.7706581229 201902101104
1549818322 50.6787269394 201902101105
1549818382 51.1618162954 201902101106
1549818442 50.4714311337 201902101107
1549818454 50.9148639008 201902101107
1549818514 50.7183835284 201902101108
1549818574 50.9905719342 201902101109
1549818634 50.8842201730 201902101110
1549818694 50.9761513564 201902101111
1549818754 50.6697140783 201902101112
1549818814 51.0554645342 201902101113
1549818874 50.7147783839 201902101114
1549818934 51.3042195011 201902101115
1549818994 51.2104857455 201902101116
1549819054 51.0590696787 201902101117
1549819070 51.0320310953 201902101117
1549819130 50.9292844786 201902101118
1549819190 50.9509153452 201902101119
1549819250 51.1059365565 201902101120
1549819310 51.0807005454 201902101121
1549819370 50.9869667897 201902101122
1549819430 51.1888548788 201902101123
1549819490 50.9527179175 201902101124
1549819550 51.0843056898 201902101125
1549819610 51.0140053731 201902101126
1549819670 51.2970092122 201902101127
1549819685 51.0212156620 201902101128
1549819745 51.0915159787 201902101129
1549819805 50.9725462119 201902101130
1549819865 50.9400999119 201902101131
1549819925 50.9166664730 201902101132
1549819985 50.6498857839 201902101133
1549820045 51.0302285231 201902101134
1549820105 50.6949500895 201902101135
1549820165 50.8770098841 201902101136
1549820225 50.9689410675 201902101137
1549820285 51.0067950842 201902101138
1549820298 50.8427610118 201902101138
1549820358 51.0248208064 201902101139
1549820418 50.5038774337 201902101140
1549820478 50.8391558674 201902101141
1549820538 50.7940915618 201902101142
1549820598 50.7219886728 201902101143
1549820658 50.7580401173 201902101144
1549820718 50.6372677783 201902101145
1549820778 51.3078246456 201902101146
1549820838 51.1996703121 201902101147
1549820898 51.1600137232 201902101148
1549820911 50.8571815896 201902101148
1549820971 50.8031044229 201902101149
1549821031 50.7940915618 201902101150
1549821091 51.1942625955 201902101151
1549821151 50.7454221117 201902101152
1549821211 50.6498857839 201902101153
1549821271 50.9220741897 201902101154
1549821331 50.9040484674 201902101155
1549821391 50.8463661563 201902101156
1549821451 50.7508298284 201902101157
1549821511 50.6210446283 201902101158
1549821524 51.1347777121 201902101158
1549821584 51.0320310953 201902101159
1549821644 51.1672240121 201902101200
1549821704 50.9220741897 201902101201
1549821764 50.9292844786 201902101202
1549821824 51.1041339843 201902101203
1549821884 50.7580401173 201902101204
1549821944 50.9509153452 201902101205
1549822004 50.9004433230 201902101206
1549822064 51.4105712623 201902101207
1549822124 50.8896278896 201902101208
1549822141 51.0590696787 201902101209
1549822201 50.3290279280 201902101210
1549822261 50.7165809561 201902101211
1549822321 51.3204426511 201902101212
1549822381 50.7003578061 201902101213
1549822441 50.8463661563 201902101214
1549822501 51.1744343010 201902101215
1549822561 50.7760658395 201902101216
1549822621 50.8463661563 201902101217
1549822681 51.0608722509 201902101218
1549822741 50.9653359230 201902101219
1549822756 50.7760658395 201902101219
1549822816 51.0031899397 201902101220
1549822876 50.4840491393 201902101221
1549822936 50.9112587563 201902101222
1549822996 50.5291134449 201902101223
1549823056 50.9166664730 201902101224
1549823116 50.7886838451 201902101225
1549823176 51.0176105175 201902101226
1549823236 51.0284259509 201902101227
1549823296 50.8679970229 201902101228
1549823356 50.7616452617 201902101229
1549823368 50.8950356063 201902101229
1549823428 50.8914304619 201902101230
1549823488 50.8445635840 201902101231
1549823548 51.1149494176 201902101232
1549823608 50.7760658395 201902101233
1549823668 51.1690265843 201902101234
1549823728 51.0897134065 201902101235
1549823788 50.9527179175 201902101236
1549823848 51.2519449066 201902101237
1549823908 51.0500568176 201902101238
1549823968 50.8643918785 201902101239
1549823982 50.9346921952 201902101239
1549824042 51.2699706289 201902101240
1549824102 51.1455931454 201902101241
1549824162 50.6318600616 201902101242
1549824222 51.0410439564 201902101243
1549824282 50.9527179175 201902101244
1549824342 50.5831906116 201902101245
1549824402 51.2122883177 201902101246
1549824462 50.7652504062 201902101247
1549824522 50.4966671448 201902101248
1549824582 50.8121172840 201902101249
1549824600 50.9725462119 201902101250
1549824660 50.8247352896 201902101251
1549824720 50.8337481507 201902101252
1549824780 50.7255938173 201902101253
1549824840 51.0987262676 201902101254
1549824900 50.9887693619 201902101255
1549824960 51.2014728844 201902101256
1549825020 50.9995847953 201902101257
1549825080 50.8301430062 201902101258
1549825140 51.0140053731 201902101259
1549825200 50.5723751782 201902101300
1549825215 50.7616452617 201902101300
1549825275 50.5579546004 201902101301
1549825335 51.1672240121 201902101302
1549825395 50.2821610502 201902101303
1549825455 50.9346921952 201902101304
1549825515 50.6805295117 201902101305
1549825575 51.1095417009 201902101306
1549825635 50.9617307786 201902101307
1549825695 50.8535764452 201902101308
1549825755 51.1401854287 201902101309
1549825815 51.0464516731 201902101310
1549825831 50.9455076286 201902101310
1549825891 50.9725462119 201902101311
1549825951 50.7273963895 201902101312
1549826011 50.4461951226 201902101313
1549826071 50.4822465670 201902101314
1549826131 50.9527179175 201902101315
1549826191 51.1419880010 201902101316
1549826251 51.1960651677 201902101317
1549826311 50.8319455785 201902101318
1549826371 50.5813880394 201902101319
1549826431 50.7364092506 201902101320
1549826446 50.5723751782 201902101320
1549826506 50.8049069951 201902101321
1549826566 50.6516883561 201902101322
1549826626 50.7994992784 201902101323
1549826686 51.2681680566 201902101324
1549826746 50.9238767619 201902101325
1549826806 50.8716021674 201902101326
1549826866 51.0085976564 201902101327
1549826926 50.7291989617 201902101328
1549826986 50.6841346561 201902101329
1549827046 50.7940915618 201902101330
1549827061 50.7724606951 201902101331
1549827121 51.0807005454 201902101332
1549827181 50.9833616453 201902101333
1549827241 51.0446491009 201902101334
1549827301 50.8211301451 201902101335
1549827361 50.6318600616 201902101336
1549827421 50.6949500895 201902101337
1549827481 50.5255083004 201902101338
1549827541 50.7291989617 201902101339
1549827601 50.7796709840 201902101340
1549827661 50.7976967062 201902101341
1549827679 50.7436195395 201902101341
1549827739 49.8964105943 201902101342
1549827799 50.9959796508 201902101343
1549827859 50.6138343394 201902101344
1549827919 50.8968381785 201902101345
1549827979 50.8229327174 201902101346
1549828039 50.8697995952 201902101347
1549828099 50.9094561841 201902101348
1549828159 50.6949500895 201902101349
1549828219 50.7904864173 201902101350
1549828279 51.0140053731 201902101351
1549828295 50.9743487842 201902101351
1549828355 51.0446491009 201902101352
1549828415 50.9364947675 201902101353
1549828475 50.6643063617 201902101354
1549828535 51.0194130897 201902101355
1549828595 50.8607867341 201902101356
1549828655 50.9635333508 201902101357
1549828715 50.9148639008 201902101358
1549828775 50.7219886728 201902101359
1549828835 50.7886838451 201902101400
1549828895 50.9076536119 201902101401
1549828911 50.8535764452 201902101401
1549828971 50.8932330341 201902101402
1549829031 51.1347777121 201902101403
1549829091 50.5705726060 201902101404
1549829151 50.9328896230 201902101405
1549829211 51.0626748231 201902101406
1549829271 50.8571815896 201902101407
1549829331 50.9815590730 201902101408
1549829391 50.7796709840 201902101409
1549829451 50.9310870508 201902101410
1549829511 50.6174394838 201902101411
1549829525 50.8499713007 201902101412
1549829585 50.7742632673 201902101413
1549829645 51.2140908899 201902101414
1549829705 51.2104857455 201902101415
1549829765 50.8157224285 201902101416
1549829825 51.0572671064 201902101417
1549829885 -0.0005911331 201902101418
1549829945 0.0066191558 201902101419
1549830005 50.9869667897 201902101420
1549830065 50.5994137616 201902101421
1549830125 50.3506587947 201902101422
1549830142 51.1257648510 201902101422
1549830202 50.9058510396 201902101423
1549830262 51.3042195011 201902101424
1549830322 50.6264523450 201902101425
1549830382 50.9238767619 201902101426
1549830442 51.1023314120 201902101427
1549830502 50.9058510396 201902101428
1549830562 50.6228472005 201902101429
1549830622 50.6534909283 201902101430
1549830682 50.8697995952 201902101431
1549830742 50.5255083004 201902101432
1549830756 50.8607867341 201902101432
1549830816 50.7237912450 201902101433
1549830876 50.8752073118 201902101434
1549830936 50.7742632673 201902101435
1549830996 50.7201861006 201902101436
1549831056 50.7291989617 201902101437
1549831116 50.7291989617 201902101438
1549831176 50.3650793725 201902101439
1549831236 50.4930620004 201902101440
1549831296 50.3091996336 201902101441
1549831356 50.9743487842 201902101442
1549831369 50.7165809561 201902101442
1549831429 50.6588986450 201902101443
1549831489 51.0194130897 201902101444
1549831549 51.2158934621 201902101445
1549831609 50.9184690452 201902101446
1549831669 51.1257648510 201902101447
1549831729 51.2735757733 201902101448
1549831789 50.7400143951 201902101449
1549831849 50.8337481507 201902101450
1549831909 50.6715166505 201902101451
1549831969 50.6480832116 201902101452
1549831983 50.8067095673 201902101453
1549832043 50.7508298284 201902101454
1549832103 50.8517738729 201902101455
1549832163 50.8950356063 201902101456
1549832223 50.8445635840 201902101457
1549832283 50.7201861006 201902101458
1549832343 50.9004433230 201902101459
1549832403 50.9725462119 201902101500
1549832463 51.0230182342 201902101501
1549832523 50.9166664730 201902101502
1549832583 51.2014728844 201902101503
1549832596 50.7652504062 201902101503
1549832656 50.6534909283 201902101504
1549833016 51.0410439564 201902101510
1549833076 50.3722896614 201902101511
1549833136 50.8806150285 201902101512
1549833196 50.9310870508 201902101513
1549833203 50.6823320839 201902101513
1549833263 50.8103147118 201902101514
1549833323 50.6877398006 201902101515
1549833383 51.2717732011 201902101516
1549833443 50.3686845169 201902101517
1549833503 50.7165809561 201902101518
1549833563 50.8247352896 201902101519
1549833623 50.7814735562 201902101520
1549833683 50.4011308170 201902101521
1549833743 50.9581256341 201902101522
1549833803 50.8824176007 201902101523
1549833819 51.0013873675 201902101523
1549833879 50.7886838451 201902101524
1549833939 50.5759803227 201902101525
1549833999 50.7616452617 201902101526
1549834059 51.0013873675 201902101527
1549834119 50.4263668281 201902101528
1549834179 50.9166664730 201902101529
1549834239 50.9328896230 201902101530
1549834299 50.6354652061 201902101531
1549834359 50.1037064000 201902101532
1549834419 50.6102291949 201902101533
1549834432 51.0374388120 201902101533
1549834492 50.7201861006 201902101534
1549834552 50.4660234170 201902101535
1549834612 51.1960651677 201902101536
1549834672 50.6192420561 201902101537
1549834732 50.9797565008 201902101538
1549834792 51.1582111510 201902101539
1549834852 50.8878253174 201902101540
1549834912 50.7814735562 201902101541
1549834972 51.2050780288 201902101542
1549835032 50.0604446667 201902101543
1549835048 50.6931475172 201902101544
1549835108 50.4894568559 201902101545
1549835168 50.8481687285 201902101546
1549835228 50.9689410675 201902101547
1549835288 50.7183835284 201902101548
1549835348 50.9076536119 201902101549
1549835408 50.5525468838 201902101550
1549835468 50.4984697171 201902101551
1549835528 50.5994137616 201902101552
1549835588 51.0734902565 201902101553
1549835648 51.1690265843 201902101554
1549835661 50.9310870508 201902101554
1549835721 51.0122028009 201902101555
1549835781 50.7706581229 201902101556
1549835841 50.7796709840 201902101557
1549835901 50.8517738729 201902101558
1549835961 50.4660234170 201902101559
1549836021 50.7526324006 201902101600
1549836081 50.9238767619 201902101601
1549836141 50.5777828949 201902101602
1549836201 50.6985552339 201902101603
1549836261 50.8806150285 201902101604
1549836274 50.8139198562 201902101604
1549836334 50.8265378618 201902101605
1549836394 50.4912594282 201902101606
1549836454 50.8806150285 201902101607
1549836514 50.4840491393 201902101608
1549836574 50.7201861006 201902101609
1549836634 51.1780394454 201902101610
1549836694 51.1221597065 201902101611
1549836754 51.1960651677 201902101612
1549836814 51.0554645342 201902101613
1549836874 51.0104002286 201902101614
1549836891 50.8553790174 201902101614
1549836951 50.5453365949 201902101615
1549837011 50.6679115061 201902101616
1549837071 50.6372677783 201902101617
1549837131 50.6607012172 201902101618
1549837191 50.9635333508 201902101619
1549837251 50.7454221117 201902101620
1549837311 51.0987262676 201902101621
1549837371 49.9613031944 201902101622
1549837431 50.4696285615 201902101623
1549837491 50.5813880394 201902101624
1549837507 50.9833616453 201902101625
1549837567 50.3957231003 201902101626
1549837627 50.8950356063 201902101627
1549837687 50.9419024841 201902101628
1549837747 50.8607867341 201902101629
1549837807 50.5958086171 201902101630
1549837867 50.6264523450 201902101631
1549837927 50.7346066784 201902101632
1549837987 51.1834471621 201902101633
1549838047 51.0320310953 201902101634
1549838107 51.0176105175 201902101635
1549838119 50.5849931838 201902101635
1549838179 50.6913449450 201902101636
1549838239 50.6985552339 201902101637
1549838299 51.0662799676 201902101638
1549838359 50.5219031560 201902101639
1549838419 50.7868812729 201902101640
1549838479 50.9238767619 201902101641
1549838539 50.5849931838 201902101642
1549838599 50.7994992784 201902101643
1549838659 51.1419880010 201902101644
1549838719 51.1383828565 201902101645
1549838733 51.2735757733 201902101645
1549838793 50.6354652061 201902101646
1549838853 51.1419880010 201902101647
1549838913 50.9328896230 201902101648
1549838973 51.2086831732 201902101649
1549839033 50.5363237338 201902101650
1549839093 51.0843056898 201902101651
1549839153 51.0572671064 201902101652
1549839213 50.7003578061 201902101653
1549839273 50.9563230619 201902101654
1549839333 51.0608722509 201902101655
1549839346 50.9419024841 201902101655
1549839406 50.9779539286 201902101656
1549839466 50.8571815896 201902101657
1549839526 50.7526324006 201902101658
1549839586 50.8643918785 201902101659
1549839646 50.6769243672 201902101700
1549839706 51.0879108343 201902101701
1549839766 50.9238767619 201902101702
1549839826 51.0662799676 201902101703
1549839886 50.8968381785 201902101704
1549839946 50.2425044613 201902101705
1549839963 51.2158934621 201902101706
1549840023 50.8517738729 201902101707
1549840083 50.5146928671 201902101708
1549840143 50.8824176007 201902101709
1549840203 50.8643918785 201902101710
1549840263 50.9220741897 201902101711
1549840323 51.2411294733 201902101712
1549840383 50.3794999503 201902101713
1549840443 50.9923745064 201902101714
1549840503 51.1780394454 201902101715
1549840563 51.0031899397 201902101716
1549840580 50.8643918785 201902101716
1549840640 50.8806150285 201902101717
1549840700 50.6769243672 201902101718
1549840760 50.5922034727 201902101719
1549840820 50.7616452617 201902101720
1549840880 51.0554645342 201902101721
1549840940 51.0788979731 201902101722
1549841000 50.8625893063 201902101723
1549841060 50.8067095673 201902101724
1549841120 50.9653359230 201902101725
1549841180 50.8806150285 201902101726
1549841196 50.8085121396 201902101726
1549841256 50.8193275729 201902101727
1549841316 50.6102291949 201902101728
1549841376 50.7075680950 201902101729
1549841436 50.9400999119 201902101730
1549841496 50.4516028392 201902101731
1549841556 50.7940915618 201902101732
1549841616 51.1600137232 201902101733
1549841676 50.9220741897 201902101734
1549841736 51.0536619620 201902101735
1549841796 50.7832761284 201902101736
1549841810 51.2411294733 201902101736
1549841870 51.0752928287 201902101737
1549841930 50.8932330341 201902101738
1549841990 50.5507443116 201902101739
1549842050 50.5705726060 201902101740
1549842110 50.8914304619 201902101741
1549842170 50.6390703505 201902101742
1549842230 50.7346066784 201902101743
1549842290 50.2713456169 201902101744
1549842350 50.9563230619 201902101745
1549842410 50.7544349728 201902101746
1549842423 50.5092851504 201902101747
1549842483 50.9599282064 201902101748
1549842543 50.8625893063 201902101749
1549842603 50.8607867341 201902101750
1549842663 50.2136633057 201902101751
1549842723 50.7652504062 201902101752
1549842783 51.0752928287 201902101753
1549842843 51.1257648510 201902101754
1549842903 50.3903153836 201902101755
1549842963 50.8373532951 201902101756
1549843023 50.7886838451 201902101757
1549843037 50.7562375451 201902101757
1549843097 51.0518593898 201902101758
1549843157 50.5831906116 201902101759
1549843217 50.5327185893 201902101800
1549843277 50.7580401173 201902101801
1549843337 50.9382973397 201902101802
1549843397 50.9905719342 201902101803
1549843457 50.9058510396 201902101804
1549843517 50.5435340227 201902101805
1549843577 50.9941770786 201902101806
1549843637 50.7598426895 201902101807
1549843653 50.7616452617 201902101807
1549843713 50.4696285615 201902101808
1549843773 50.7165809561 201902101809
1549843833 50.4570105559 201902101810
1549843893 50.7418169673 201902101811
1549843953 50.5813880394 201902101812
1549844013 50.7778684118 201902101813
1549844073 50.8265378618 201902101814
1549844133 51.0104002286 201902101815
1549844193 50.9437050563 201902101816
1549844253 50.4461951226 201902101817
1549844267 51.0554645342 201902101817
1549844327 50.8211301451 201902101818
1549844387 51.1419880010 201902101819
1549844447 50.4912594282 201902101820
1549844507 50.6895423728 201902101821
1549844567 50.8716021674 201902101822
1549844627 50.6643063617 201902101823
1549844687 50.7021603784 201902101824
1549844747 50.7958941340 201902101825
1549844807 51.1095417009 201902101826
1549844867 50.7616452617 201902101827
1549844882 51.0662799676 201902101828
1549844942 50.6282549172 201902101829
1549845002 50.5237057282 201902101830
1549845062 50.6661089339 201902101831
1549845122 50.7652504062 201902101832
1549845182 50.7598426895 201902101833
1549845242 50.9563230619 201902101834
1549845302 50.3578690836 201902101835
1549845362 50.7940915618 201902101836
1549845422 51.0194130897 201902101837
1549845482 50.9851642175 201902101838
1549845494 50.5741777505 201902101838
1549845554 50.2551224668 201902101839
1549845614 50.8085121396 201902101840
1549845674 50.9437050563 201902101841
1549845734 50.6408729227 201902101842
1549845794 50.8860227452 201902101843
1549845854 51.0572671064 201902101844
1549845914 51.1311725676 201902101845
1549845974 51.1077391287 201902101846
1549846034 50.6246497727 201902101847
1549846094 50.7670529784 201902101848
1549846107 50.7760658395 201902101848
1549846167 50.6480832116 201902101849
1549846227 50.6588986450 201902101850
1549846287 51.1185545621 201902101851
1549846347 50.7724606951 201902101852
1549846407 50.7183835284 201902101853
1549846467 50.8445635840 201902101854
1549846527 51.2411294733 201902101855
1549846587 50.6859372283 201902101856
1549846647 50.7976967062 201902101857
1549846707 50.5795854671 201902101858
1549846722 51.1600137232 201902101858
1549846782 51.1005288398 201902101859
1549846842 50.6877398006 201902101900
1549846902 50.8265378618 201902101901
1549846962 50.8391558674 201902101902
1549847022 50.8445635840 201902101903
1549847082 50.8283404340 201902101904
1549847142 50.6426754950 201902101905
1549847202 50.6949500895 201902101906
1549847262 50.7706581229 201902101907
1549847322 50.8211301451 201902101908
1549847337 50.9202716174 201902101908
1549847397 50.7129758117 201902101909
1549847457 50.7093706672 201902101910
1549847517 50.5128902949 201902101911
1549847577 50.8535764452 201902101912
1549847637 50.9653359230 201902101913
1549847697 50.5002722893 201902101914
1549847757 50.6426754950 201902101915
1549847817 50.6607012172 201902101916
1549847877 50.5741777505 201902101917
1549847937 50.6552935005 201902101918
1549847954 50.7994992784 201902101919
1549848014 50.6228472005 201902101920
1549848074 50.7111732395 201902101921
1549848134 50.5128902949 201902101922
1549848194 50.8031044229 201902101923
1549848254 51.0536619620 201902101924
1549848314 50.7129758117 201902101925
1549848374 50.5146928671 201902101926
1549848434 50.7886838451 201902101927
1549848494 50.6390703505 201902101928
1549848554 50.7472246840 201902101929
1549848569 50.8301430062 201902101929
1549848629 50.8625893063 201902101930
1549848689 50.6084266227 201902101931
1549848749 50.7436195395 201902101932
1549848809 50.9400999119 201902101933
1549848869 50.8157224285 201902101934
1549848929 50.7832761284 201902101935
1549848989 50.7580401173 201902101936
1549849049 51.0879108343 201902101937
1549849109 51.1906574510 201902101938
1549849169 50.9058510396 201902101939
1549849181 50.7454221117 201902101939
1549849241 50.6480832116 201902101940
1549849301 50.3362382169 201902101941
1549849361 50.7958941340 201902101942
1549849421 50.5813880394 201902101943
1549849481 50.4894568559 201902101944
1549849541 50.7886838451 201902101945
1549849601 50.3596716558 201902101946
1549849661 50.6444780672 201902101947
1549849721 51.2699706289 201902101948
1549849781 50.8319455785 201902101949
1549849795 50.8842201730 201902101949
1549849855 50.5074825782 201902101950
1549849915 50.8121172840 201902101951
1549849975 50.7418169673 201902101952
1549850035 50.4732337059 201902101953
1549850095 50.6823320839 201902101954
1549850155 50.6985552339 201902101955
1549850215 50.7273963895 201902101956
1549850275 50.6318600616 201902101957
1549850335 51.3600992400 201902101958
1549850395 51.1960651677 201902101959
1549850412 51.1311725676 201902102000
1549850472 50.7490272562 201902102001
1549850532 50.8679970229 201902102002
1549850592 50.8860227452 201902102003
1549850652 50.7778684118 201902102004
1549850712 50.8571815896 201902102005
1549850772 50.5327185893 201902102006
1549850832 51.1600137232 201902102007
1549850892 51.1023314120 201902102008
1549850952 51.0915159787 201902102009
1549851012 51.0320310953 201902102010
1549851026 50.8553790174 201902102010
1549851086 51.3258503678 201902102011
1549851146 50.9635333508 201902102012
1549851206 51.0320310953 201902102013
1549851266 50.7994992784 201902102014
1549851326 50.6192420561 201902102015
1549851386 50.8463661563 201902102016
1549851446 50.8355507229 201902102017
1549851506 50.8788124563 201902102018
1549851566 50.5795854671 201902102019
1549851626 50.8914304619 201902102020
1549851640 50.1884272946 201902102020
1549851700 50.5489417393 201902102021
1549851760 50.8265378618 201902102022
1549851820 50.4371822615 201902102023
1549851880 50.9869667897 201902102024
1549851940 51.1672240121 201902102025
1549852000 50.7904864173 201902102026
1549852060 50.8932330341 201902102027
1549852120 50.6607012172 201902102028
1549852180 50.5994137616 201902102029
1549852240 50.6390703505 201902102030
1549852254 50.9923745064 201902102030
1549852314 50.6120317672 201902102031
1549852374 50.9419024841 201902102032
1549852434 50.6516883561 201902102033
1549852494 50.7472246840 201902102034
1549852554 51.1744343010 201902102035
1549852614 50.8445635840 201902102036
1549852674 50.6570960728 201902102037
1549852734 50.9202716174 201902102038
1549852794 51.1888548788 201902102039
1549852854 51.0662799676 201902102040
1549852867 50.8175250007 201902102041
1549852927 50.7490272562 201902102042
1549852987 50.8788124563 201902102043
1549853047 50.7886838451 201902102044
1549853107 50.9563230619 201902102045
1549853167 51.2050780288 201902102046
1549853227 51.2267088955 201902102047
1549853287 51.0807005454 201902102048
1549853347 50.9112587563 201902102049
1549853407 50.8806150285 201902102050
1549853467 50.5525468838 201902102051
1549853484 51.0122028009 201902102051
1549853544 50.5345211615 201902102052
1549853604 51.0608722509 201902102053
1549853664 51.2050780288 201902102054
1549853724 50.7814735562 201902102055
1549853784 50.8878253174 201902102056
1549853844 51.4015584012 201902102057
1549853904 50.8914304619 201902102058
1549853964 50.2875687669 201902102059
1549854024 50.8950356063 201902102100
1549854084 50.7075680950 201902102101
1549854098 51.2501423344 201902102101
1549854158 50.9635333508 201902102102
1549854218 51.1203571343 201902102103
1549854278 50.9977822231 201902102104
1549854338 51.0176105175 201902102105
1549854398 51.0807005454 201902102106
1549854458 51.2916014955 201902102107
1549854518 50.6715166505 201902102108
1549854578 50.8319455785 201902102109
1549854638 50.9599282064 201902102110
1549854698 51.2555500511 201902102111
1549854713 50.9238767619 201902102111
1549854773 50.8247352896 201902102112
1549854833 51.0013873675 201902102113
1549854893 50.9004433230 201902102114
1549854953 50.9851642175 201902102115
1549855013 50.6534909283 201902102116
1549855073 50.5507443116 201902102117
1549855133 50.6697140783 201902102118
1549855193 50.5164954393 201902102119
1549855253 50.6120317672 201902102120
1549855313 50.3885128114 201902102121
1549855327 50.5705726060 201902102122
1549855387 50.8535764452 201902102123
1549855447 50.9635333508 201902102124
1549855507 51.0031899397 201902102125
1549855567 51.1257648510 201902102126
1549855627 51.1546060065 201902102127
1549855687 50.7832761284 201902102128
1549855747 50.7291989617 201902102129
1549855807 50.9959796508 201902102130
1549855867 50.8247352896 201902102131
1549855927 50.8391558674 201902102132
1549855940 51.1780394454 201902102132
1549856000 51.1582111510 201902102133
1549856060 50.9491127730 201902102134
1549856120 50.8643918785 201902102135
1549856180 50.5182980115 201902102136
1549856240 50.8193275729 201902102137
1549856300 50.3398433614 201902102138
1549856360 50.7003578061 201902102139
1549856420 50.6661089339 201902102140
1549856480 51.2267088955 201902102141
1549856540 50.8679970229 201902102142
1549856555 51.0464516731 201902102142
1549856615 50.8986407508 201902102143
1549856675 50.8193275729 201902102144
1549856735 50.9058510396 201902102145
1549856795 50.5345211615 201902102146
1549856855 50.8193275729 201902102147
1549856915 50.8067095673 201902102148
1549856975 51.0734902565 201902102149
1549857035 51.2537474788 201902102150
1549857095 50.5867957560 201902102151
1549857155 50.4714311337 201902102152
1549857171 51.0049925120 201902102152
1549857231 50.6318600616 201902102153
1549857291 50.5435340227 201902102154
1549857351 50.9004433230 201902102155
1549857411 51.0338336675 201902102156
1549857471 50.9797565008 201902102157
1549857531 51.0788979731 201902102158
1549857591 50.7291989617 201902102159
1549857651 50.8013018507 201902102200
1549857711 50.7129758117 201902102201
1549857771 50.8499713007 201902102202
1549857786 50.8193275729 201902102203
1549857846 50.8950356063 201902102204
1549857906 51.0554645342 201902102205
1549857966 51.1455931454 201902102206
1549858026 50.7742632673 201902102207
1549858086 50.5615597449 201902102208
1549858146 51.0626748231 201902102209
1549858206 50.7490272562 201902102210
1549858266 50.8355507229 201902102211
1549858326 51.1185545621 201902102212
1549858386 51.1600137232 201902102213
1549858400 51.1491982899 201902102213
1549858460 50.5489417393 201902102214
1549858520 50.8824176007 201902102215
1549858580 50.9959796508 201902102216
1549858640 50.9779539286 201902102217
1549858700 51.1491982899 201902102218
1549858760 50.8517738729 201902102219
1549858820 50.8085121396 201902102220
1549858880 51.0104002286 201902102221
1549858940 50.5922034727 201902102222
1549859000 50.9202716174 201902102223
1549859013 51.3402709456 201902102223
1549859073 50.7183835284 201902102224
1549859133 50.9184690452 201902102225
1549859193 50.8770098841 201902102226
1549859253 50.8607867341 201902102227
1549859313 51.0230182342 201902102228
1549859373 51.2789834900 201902102229
1549859433 51.2501423344 201902102230
1549859493 50.8265378618 201902102231
1549859553 50.8193275729 201902102232
1549859613 50.9761513564 201902102233
1549859625 50.7616452617 201902102233
1549859685 51.1852497343 201902102234
1549859745 51.1005288398 201902102235
1549859805 50.6516883561 201902102236
1549859865 51.1906574510 201902102237
1549859925 50.7183835284 201902102238
1549859985 51.2988117844 201902102239
1549860045 50.5056800060 201902102240
1549860105 51.0031899397 201902102241
1549860165 50.7814735562 201902102242
1549860225 50.7976967062 201902102243
1549860241 49.9685134833 201902102244
1549860301 50.8481687285 201902102245
1549860361 50.9635333508 201902102246
1549860421 51.0392413842 201902102247
1549860481 50.8319455785 201902102248
1549860541 51.1546060065 201902102249
1549860601 51.0356362398 201902102250
1549860661 51.1005288398 201902102251
1549860721 51.1221597065 201902102252
1549860781 50.7868812729 201902102253
1549860841 50.9400999119 201902102254
1549860855 50.2100581613 201902102254
1549860915 51.1636188677 201902102255
1549860975 50.8373532951 201902102256
1549861035 50.8283404340 201902102257
1549861095 50.8427610118 201902102258
1549861155 50.7958941340 201902102259
1549861215 50.8878253174 201902102300
1549861275 51.0662799676 201902102301
1549861335 51.0825031176 201902102302
1549861395 51.0951211231 201902102303
1549861455 50.9509153452 201902102304
1549861470 51.1347777121 201902102304
1549861530 50.8157224285 201902102305
1549861590 51.2627603400 201902102306
1549861650 50.9635333508 201902102307
1549861710 51.0608722509 201902102308
1549861770 0.0030140113 201902102309
1549861830 50.8355507229 201902102310
1549861890 51.1257648510 201902102311
1549861950 50.9635333508 201902102312
1549862010 51.0752928287 201902102313
1549862070 50.4786414226 201902102314
1549862083 51.0013873675 201902102314
1549862143 50.9725462119 201902102315
1549862203 50.9040484674 201902102316
1549862263 51.2699706289 201902102317
1549862323 50.9346921952 201902102318
1549862383 50.9455076286 201902102319
1549862443 50.4335771170 201902102320
1549862503 51.3150349345 201902102321
1549862563 50.9689410675 201902102322
1549862623 50.9058510396 201902102323
1549862683 51.1095417009 201902102324
1549862696 47.2989040198 201902102324
1549862756 51.0698851120 201902102325
1549862816 50.9725462119 201902102326
1549862876 50.8770098841 201902102327
1549862936 50.7796709840 201902102328
1549862996 50.7598426895 201902102329
1549863056 50.9527179175 201902102330
1549863116 50.8247352896 201902102331
1549863176 51.2086831732 201902102332
1549863236 51.0554645342 201902102333
1549863296 50.8157224285 201902102334
1549863314 50.8607867341 201902102335
1549863374 51.0536619620 201902102336
1549863434 51.1491982899 201902102337
1549863494 51.2879963511 201902102338
1549863554 50.9382973397 201902102339
1549863614 50.9364947675 201902102340
1549863674 51.0861082620 201902102341
1549863734 51.0969236954 201902102342
1549863794 51.0590696787 201902102343
1549863854 50.9455076286 201902102344
1549863914 50.8517738729 201902102345
