1551160910 -1.0000000000 2019022600017
1551160966 49.9180414610 201902260002
1551161026 50.0982986834 201902260003
1551161086 49.8279128498 201902260004
1551161146 50.3740922336 201902260005
1551161206 50.2911739113 201902260006
1551161266 50.6498857839 201902260007
1551161326 50.6625037894 201902260008
1551161386 50.0856806778 201902260009
1551161446 50.2587276113 201902260010
1551161506 50.5020748615 201902260011
1551161521 50.6426754950 201902260012
1551161581 50.6102291949 201902260013
1551161641 50.3524613669 201902260014
1551161701 50.2334916002 201902260015
1551161761 51.4466227068 201902260016
1551161821 50.1397578445 201902260017
1551161881 50.7129758117 201902260018
1551161941 51.0662799676 201902260019
1551162001 50.5994137616 201902260020
1551162061 50.2965816280 201902260021
1551162121 50.7562375451 201902260022
1551162136 51.0662799676 201902260022
1551162196 50.6877398006 201902260023
1551162256 50.2839636224 201902260024
1551162316 51.0248208064 201902260025
1551162376 50.3470536503 201902260026
1551162436 50.3128047780 201902260027
1551162496 50.3975256725 201902260028
1551162556 50.6552935005 201902260029
1551162616 50.0712601000 201902260030
1551162676 50.7454221117 201902260031
1551162736 50.3037919169 201902260032
1551162753 51.0752928287 201902260032
1551162813 50.8085121396 201902260033
1551162873 50.7075680950 201902260034
1551162933 50.8806150285 201902260035
1551162993 50.7382118228 201902260036
1551163053 50.5471391671 201902260037
1551163113 50.7147783839 201902260038
1551163173 50.7436195395 201902260039
1551163233 50.7526324006 201902260040
1551163293 50.6805295117 201902260041
1551163353 50.6066240505 201902260042
1551163370 50.9797565008 201902260042
1551163430 51.2970092122 201902260043
1551163490 50.9202716174 201902260044
1551163550 50.9527179175 201902260045
1551163610 50.9545204897 201902260046
1551163670 50.6354652061 201902260047
1551163730 50.9977822231 201902260048
1551163790 50.4678259893 201902260049
1551163850 50.9274819063 201902260050
1551163910 50.7147783839 201902260051
1551163970 50.8013018507 201902260052
1551163988 50.4768388504 201902260053
1551164048 50.7922889895 201902260054
1551164108 50.9581256341 201902260055
1551164168 51.0049925120 201902260056
1551164228 50.7237912450 201902260057
1551164288 51.2357217566 201902260058
1551164348 50.6246497727 201902260059
1551164408 51.0266233786 201902260100
1551164468 50.4245642559 201902260101
1551164528 50.9112587563 201902260102
1551164588 50.9833616453 201902260103
1551164606 50.3776973781 201902260103
1551164666 50.8481687285 201902260104
1551164726 50.7490272562 201902260105
1551164786 50.2172684501 201902260106
1551164846 50.3362382169 201902260107
1551164906 50.6318600616 201902260108
1551164966 50.7580401173 201902260109
1551165026 51.0031899397 201902260110
1551165086 50.8932330341 201902260111
1551165146 51.1636188677 201902260112
1551165206 50.8914304619 201902260113
1551165221 50.9076536119 201902260113
1551165281 50.3704870892 201902260114
1551165341 50.1001012556 201902260115
1551165401 50.5543494560 201902260116
1551165461 50.5687700338 201902260117
1551165521 50.9617307786 201902260118
1551165581 50.9995847953 201902260119
1551165641 50.7490272562 201902260120
1551165701 51.3745198178 201902260121
1551165761 50.1163244056 201902260122
1551165821 51.0302285231 201902260123
1551165837 50.9959796508 201902260123
1551165897 51.1528034343 201902260124
1551165957 50.8085121396 201902260125
1551166017 50.6138343394 201902260126
1551166077 50.7472246840 201902260127
1551166137 51.0590696787 201902260128
1551166197 49.9847366333 201902260129
1551166257 49.9811314888 201902260130
1551166317 50.5867957560 201902260131
1551166377 50.6102291949 201902260132
1551166437 50.8463661563 201902260133
1551166455 50.7418169673 201902260134
1551166515 50.3831050947 201902260135
1551166575 51.1221597065 201902260136
1551166635 50.5056800060 201902260137
1551166695 50.9112587563 201902260138
1551166755 50.5904009005 201902260139
1551166815 50.6679115061 201902260140
1551166875 50.3975256725 201902260141
1551166935 50.3290279280 201902260142
1551166995 50.8752073118 201902260143
1551167055 50.2352941724 201902260144
1551167072 50.4281694003 201902260144
1551167132 51.0770954009 201902260145
1551167192 51.1924600232 201902260146
1551167252 50.8301430062 201902260147
1551167312 50.5020748615 201902260148
1551167372 50.7255938173 201902260149
1551167432 50.6967526617 201902260150
1551167492 51.0897134065 201902260151
1551167552 50.9905719342 201902260152
1551167612 51.0752928287 201902260153
1551167672 50.5399288782 201902260154
1551167688 50.3362382169 201902260154
1551167748 51.1149494176 201902260155
1551167808 50.7183835284 201902260156
1551167868 50.7454221117 201902260157
1551167928 50.7075680950 201902260158
1551167988 50.9148639008 201902260159
1551168048 50.6715166505 201902260200
1551168108 50.5255083004 201902260201
1551168168 50.8499713007 201902260202
1551168228 50.8409584396 201902260203
1551168288 50.3488562225 201902260204
1551168303 50.3704870892 201902260205
1551168363 50.9238767619 201902260206
1551168423 50.4371822615 201902260207
1551168483 51.1257648510 201902260208
1551168543 50.8283404340 201902260209
1551168603 51.1149494176 201902260210
1551168663 50.7778684118 201902260211
1551168723 50.6877398006 201902260212
1551168783 51.0807005454 201902260213
1551168843 51.1437905732 201902260214
1551168903 50.8625893063 201902260215
1551168920 50.9761513564 201902260215
1551168980 50.3542639392 201902260216
1551169040 50.9581256341 201902260217
1551169100 50.5507443116 201902260218
1551169160 50.8175250007 201902260219
1551169220 50.8517738729 201902260220
1551169280 50.1649938557 201902260221
1551169340 51.0031899397 201902260222
1551169400 50.6895423728 201902260223
1551169460 51.1203571343 201902260224
1551169520 50.7039629506 201902260225
1551169538 50.6210446283 201902260225
1551169598 50.7616452617 201902260226
1551169658 50.9346921952 201902260227
1551169718 50.9671384953 201902260228
1551169778 51.1672240121 201902260229
1551169838 50.3921179559 201902260230
1551169898 51.1528034343 201902260231
1551169958 50.7760658395 201902260232
1551170018 50.2623327557 201902260233
1551170078 50.9148639008 201902260234
1551170138 50.9004433230 201902260235
1551170152 50.4768388504 201902260235
1551170212 50.4570105559 201902260236
1551170272 50.7436195395 201902260237
1551170332 50.9274819063 201902260238
1551170392 51.1293699954 201902260239
1551170452 50.4624182726 201902260240
1551170512 50.7508298284 201902260241
1551170572 51.3384683734 201902260242
1551170632 49.6530633441 201902260243
1551170692 51.0482542453 201902260244
1551170752 50.4804439948 201902260245
1551170770 50.1091141167 201902260246
1551170830 50.5867957560 201902260247
1551170890 50.5849931838 201902260248
1551170950 50.5994137616 201902260249
1551171010 50.8607867341 201902260250
1551171070 50.3776973781 201902260251
1551171130 50.5885983283 201902260252
1551171190 51.1510008621 201902260253
1551171250 50.9130613285 201902260254
1551171310 50.8860227452 201902260255
1551171370 50.5038774337 201902260256
1551171390 51.0031899397 201902260256
1551171450 50.9725462119 201902260257
1551171510 50.4588131281 201902260258
1551171570 50.9545204897 201902260259
1551171630 50.5002722893 201902260300
1551171690 50.7111732395 201902260301
1551171750 50.8301430062 201902260302
1551171810 50.5561520282 201902260303
1551171870 50.6354652061 201902260304
1551171930 50.2569250391 201902260305
1551171990 50.6210446283 201902260306
1551172005 50.7472246840 201902260306
1551172065 51.0680825398 201902260307
1551172125 51.1762368732 201902260308
1551172185 50.6805295117 201902260309
1551172245 50.9833616453 201902260310
1551172305 50.2947790558 201902260311
1551172365 50.8265378618 201902260312
1551172425 50.9256793341 201902260313
1551172485 50.7310015339 201902260314
1551172545 50.9256793341 201902260315
1551172605 50.6985552339 201902260316
1551172621 50.8878253174 201902260317
1551172681 50.8499713007 201902260318
1551172741 50.9653359230 201902260319
1551172801 50.7183835284 201902260320
1551172861 50.7904864173 201902260321
1551172921 50.9509153452 201902260322
1551172981 50.9130613285 201902260323
1551173041 50.9058510396 201902260324
1551173101 50.7616452617 201902260325
1551173161 49.9396723277 201902260326
1551173221 50.8103147118 201902260327
1551173240 51.2194986066 201902260327
1551173300 50.6336626338 201902260328
1551173360 50.5291134449 201902260329
1551173420 50.9815590730 201902260330
1551173480 51.2267088955 201902260331
1551173540 50.3668819447 201902260332
1551173600 50.7886838451 201902260333
1551173660 50.7760658395 201902260334
1551173720 50.9959796508 201902260335
1551173780 51.0933185509 201902260336
1551173840 50.7237912450 201902260337
1551173855 50.6138343394 201902260337
1551173915 50.8661944507 201902260338
1551173975 50.3867102392 201902260339
1551174035 50.1523758501 201902260340
1551174095 50.6336626338 201902260341
1551174155 51.0049925120 201902260342
1551174215 50.4552079837 201902260343
1551174275 49.9811314888 201902260344
1551174335 50.6390703505 201902260345
1551174395 50.4065385336 201902260346
1551174455 -0.0041962776 201902260347
1551174472 51.2555500511 201902260347
1551174532 50.9581256341 201902260348
1551174592 50.7165809561 201902260349
1551174652 50.6625037894 201902260350
1551174712 50.7255938173 201902260351
1551174772 50.4984697171 201902260352
1551174832 51.0374388120 201902260353
1551174892 50.9058510396 201902260354
1551174952 50.8950356063 201902260355
1551175012 50.3831050947 201902260356
1551175072 50.5561520282 201902260357
1551175087 50.6931475172 201902260358
1551175147 50.9581256341 201902260359
1551175207 50.9995847953 201902260400
1551175267 50.4930620004 201902260401
1551175327 51.2627603400 201902260402
1551175387 50.6030189060 201902260403
1551175447 50.9058510396 201902260404
1551175507 50.8950356063 201902260405
1551175567 50.5813880394 201902260406
1551175627 50.6877398006 201902260407
1551175687 50.7310015339 201902260408
1551175704 50.5741777505 201902260408
1551175764 50.6192420561 201902260409
1551175824 51.0536619620 201902260410
1551175884 51.3637043845 201902260411
1551175944 50.4047359614 201902260412
1551176004 50.9581256341 201902260413
1551176064 50.7454221117 201902260414
1551176124 50.4750362782 201902260415
1551176184 50.7706581229 201902260416
1551176244 50.5669674616 201902260417
1551176304 51.0302285231 201902260418
1551176323 50.1812170057 201902260418
1551176383 50.4894568559 201902260419
1551176443 51.0067950842 201902260420
1551176503 50.9202716174 201902260421
1551176563 50.5471391671 201902260422
1551176623 50.5020748615 201902260423
1551176683 50.8734047396 201902260424
1551176743 0.0012114391 201902260425
1551176803 0.0012114391 201902260426
1551176863 0.0012114391 201902260427
1551176923 0.0012114391 201902260428
1551176930 0.0012114391 201902260428
1551176990 51.1293699954 201902260429
1551177050 51.2861937789 201902260430
1551177110 50.7742632673 201902260431
1551177170 50.5255083004 201902260432
1551177230 50.9491127730 201902260433
1551177290 50.6102291949 201902260434
1551177350 50.3650793725 201902260435
1551177410 51.1852497343 201902260436
1551177470 50.9725462119 201902260437
1551177530 50.5687700338 201902260438
1551177545 50.6462806394 201902260439
1551177605 51.1888548788 201902260440
1551177665 50.4317745448 201902260441
1551177725 50.6480832116 201902260442
1551177785 50.6228472005 201902260443
1551177845 50.7796709840 201902260444
1551177905 50.8914304619 201902260445
1551177965 50.5741777505 201902260446
1551178025 51.1401854287 201902260447
1551178085 50.9653359230 201902260448
1551178145 51.0698851120 201902260449
1551178162 50.9815590730 201902260449
1551178222 50.7039629506 201902260450
1551178282 50.9527179175 201902260451
1551178342 50.6192420561 201902260452
1551178402 50.6174394838 201902260453
1551178462 50.9256793341 201902260454
1551178522 50.7562375451 201902260455
1551178582 50.9238767619 201902260456
1551178642 50.9274819063 201902260457
1551178702 50.6985552339 201902260458
1551178762 51.1131468454 201902260459
1551178777 50.9887693619 201902260459
1551178837 50.4498002670 201902260500
1551178897 50.5237057282 201902260501
1551178957 51.2249063233 201902260502
1551179017 50.6462806394 201902260503
1551179077 50.5507443116 201902260504
1551179137 50.5813880394 201902260505
1551179197 50.1397578445 201902260506
1551179257 51.2086831732 201902260507
1551179317 48.4002756485 201902260508
1551179377 51.1185545621 201902260509
1551179393 50.8445635840 201902260509
1551179453 50.8896278896 201902260510
1551179513 50.3794999503 201902260511
1551179573 50.5561520282 201902260512
1551179633 51.0049925120 201902260513
1551179693 51.0500568176 201902260514
1551179753 50.4804439948 201902260515
1551179813 50.6084266227 201902260516
1551179873 50.6444780672 201902260517
1551179933 50.8734047396 201902260518
1551179993 50.9256793341 201902260519
1551180009 50.0117752166 201902260520
1551180069 50.7454221117 201902260521
1551180129 50.4732337059 201902260522
1551180189 51.2934040678 201902260523
1551180249 51.0644773953 201902260524
1551180309 50.8697995952 201902260525
1551180369 50.6949500895 201902260526
1551180429 50.7562375451 201902260527
1551180489 50.7832761284 201902260528
1551180549 50.6715166505 201902260529
1551180609 50.8914304619 201902260530
1551180624 51.0608722509 201902260530
1551180684 50.7868812729 201902260531
1551180744 51.0861082620 201902260532
1551180804 50.6426754950 201902260533
1551180864 50.5633623171 201902260534
1551180924 50.4317745448 201902260535
1551180984 50.8067095673 201902260536
1551181044 51.1149494176 201902260537
1551181104 50.8860227452 201902260538
1551181164 51.1960651677 201902260539
1551181224 50.3939205281 201902260540
1551181244 50.9725462119 201902260540
1551181304 50.9220741897 201902260541
1551181364 50.7976967062 201902260542
1551181424 50.8247352896 201902260543
1551181484 50.7291989617 201902260544
1551181544 50.9833616453 201902260545
1551181604 50.7436195395 201902260546
1551181664 50.7237912450 201902260547
1551181724 50.4912594282 201902260548
1551181784 50.9563230619 201902260549
1551181844 50.2947790558 201902260550
1551181859 50.3146073502 201902260550
1551182219 50.5741777505 201902260556
1551182279 51.0140053731 201902260557
1551182339 50.5471391671 201902260558
1551182399 50.7364092506 201902260559
1551182459 50.5002722893 201902260600
1551182466 50.7328041062 201902260601
1551182526 50.7255938173 201902260602
1551182586 51.1582111510 201902260603
1551182646 50.6390703505 201902260604
1551182706 50.4389848337 201902260605
1551182766 50.8031044229 201902260606
1551182826 51.1401854287 201902260607
1551182886 51.3835326790 201902260608
1551182946 50.8842201730 201902260609
1551183006 51.1383828565 201902260610
1551183066 50.5489417393 201902260611
1551183083 50.7562375451 201902260611
1551183143 51.1077391287 201902260612
1551183203 50.9058510396 201902260613
1551183263 50.7472246840 201902260614
1551183323 50.9256793341 201902260615
1551183383 50.4011308170 201902260616
1551183443 50.8445635840 201902260617
1551183503 50.5669674616 201902260618
1551183563 50.6534909283 201902260619
1551183623 50.6138343394 201902260620
1551183683 50.2461096057 201902260621
1551183699 50.2911739113 201902260621
1551183759 50.6408729227 201902260622
1551183819 50.2551224668 201902260623
1551183879 50.8013018507 201902260624
1551183939 50.4822465670 201902260625
1551183999 50.6462806394 201902260626
1551184059 50.4534054115 201902260627
1551184119 50.5615597449 201902260628
1551184179 50.7021603784 201902260629
1551184239 50.4858517115 201902260630
1551184299 50.8950356063 201902260631
1551184317 49.7522048164 201902260631
1551184377 50.3146073502 201902260632
1551184437 50.8229327174 201902260633
1551184497 50.7508298284 201902260634
1551184557 50.4065385336 201902260635
1551184617 50.6174394838 201902260636
1551184677 50.6264523450 201902260637
1551184737 50.6084266227 201902260638
1551184797 51.0734902565 201902260639
1551184857 50.6264523450 201902260640
1551184917 50.5309160171 201902260641
1551184931 50.6318600616 201902260642
1551184991 50.9473102008 201902260643
1551185051 50.8824176007 201902260644
1551185111 50.5020748615 201902260645
1551185171 50.8553790174 201902260646
1551185231 50.6967526617 201902260647
1551185291 51.5944336291 201902260648
1551185351 50.5849931838 201902260649
1551185411 50.3037919169 201902260650
1551185471 50.6733192228 201902260651
1551185531 51.0302285231 201902260652
1551185549 51.1401854287 201902260652
1551185609 51.0338336675 201902260653
1551185669 51.0338336675 201902260654
1551185729 50.8139198562 201902260655
1551185789 51.0770954009 201902260656
1551185849 50.4137488225 201902260657
1551185909 51.1870523066 201902260658
1551185969 50.6084266227 201902260659
1551186029 50.8067095673 201902260700
1551186089 50.7111732395 201902260701
1551186149 50.5399288782 201902260702
1551186166 50.5687700338 201902260702
1551186226 -0.0059988498 201902260703
1551186286 -0.0096039943 201902260704
1551186346 -0.0005911331 201902260705
1551186406 0.0030140113 201902260706
1551186466 0.0030140113 201902260707
1551186470 0.0012114391 201902260707
1551186472 -0.0005911331 201902260707
1551186477 -0.0023937054 201902260707
1551186482 -0.0005911331 201902260708
1551186487 0.0012114391 201902260708
1551186493 0.0066191558 201902260708
1551186499 0.0084217280 201902260708
1551186505 0.0030140113 201902260708
1551186512 -0.0078014220 201902260708
1551186519 -0.0005911331 201902260708
1551186526 0.0048165835 201902260708
1551186533 -0.0059988498 201902260708
1551186541 -0.0096039943 201902260709
1551186549 0.0102243002 201902260709
1551186559 0.0012114391 201902260709
1551186568 0.0030140113 201902260709
1551186577 0.0102243002 201902260709
1551186587 -0.0023937054 201902260709
1551186597 -0.0005911331 201902260709
1551186607 0.0030140113 201902260710
1551186619 -0.0041962776 201902260710
1551186630 0.0030140113 201902260710
1551186641 0.0048165835 201902260710
1551186653 0.0066191558 201902260710
1551186666 0.0156320169 201902260711
1551186679 0.0066191558 201902260711
1551186692 0.0048165835 201902260711
1551217747 -0.0023937054 201902261549
1551217807 -0.0023937054 201902261550
1551217867 -0.0023937054 201902261551
1551217927 -0.0023937054 201902261552
1551217987 -0.0023937054 201902261553
1551218047 -0.0023937054 201902261554
1551218107 -0.0023937054 201902261555
1551218167 -0.0023937054 201902261556
1551218227 -0.0023937054 201902261557
1551218287 -0.0023937054 201902261558
1551218347 -0.0023937054 201902261559
1551218407 -0.0023937054 201902261600
1551218467 -0.0023937054 201902261601
1551218527 -0.0023937054 201902261602
1551218587 -0.0023937054 201902261603
1551218647 -0.0023937054 201902261604
1551218707 -0.0023937054 201902261605
1551218767 -0.0023937054 201902261606
1551218827 -0.0023937054 201902261607
1551218887 -0.0023937054 201902261608
1551218947 -0.0023937054 201902261609
1551219007 -0.0023937054 201902261610
1551219067 -0.0023937054 201902261611
1551219127 -0.0023937054 201902261612
1551219187 -0.0023937054 201902261613
1551219247 -0.0023937054 201902261614
1551219307 -0.0023937054 201902261615
1551219367 -0.0023937054 201902261616
1551219427 -0.0023937054 201902261617
1551219487 -0.0023937054 201902261618
1551219547 -0.0023937054 201902261619
1551219607 -0.0023937054 201902261620
1551219667 -0.0023937054 201902261621
1551219727 -0.0023937054 201902261622
1551219787 -0.0023937054 201902261623
1551219847 -0.0023937054 201902261624
1551219907 -0.0023937054 201902261625
1551219967 -0.0023937054 201902261626
1551220027 -0.0023937054 201902261627
1551220087 -0.0023937054 201902261628
1551220147 -0.0023937054 201902261629
1551220207 -0.0023937054 201902261630
1551220267 -0.0023937054 201902261631
1551220327 -0.0023937054 201902261632
1551220387 -0.0023937054 201902261633
1551220447 -0.0023937054 201902261634
1551220507 -0.0023937054 201902261635
1551220567 -0.0023937054 201902261636
1551220627 -0.0023937054 201902261637
1551220687 -0.0023937054 201902261638
1551220747 -0.0023937054 201902261639
1551220807 -0.0023937054 201902261640
1551220867 -0.0023937054 201902261641
1551220927 -0.0023937054 201902261642
1551220987 -0.0023937054 201902261643
1551221047 -0.0023937054 201902261644
1551221107 -0.0023937054 201902261645
1551221167 -0.0023937054 201902261646
1551221227 -0.0023937054 201902261647
1551221287 -0.0023937054 201902261648
1551221347 36.0418404821 201902261649
1551221360 35.9120552819 201902261649
1551221420 43.2160779328 201902261650
1551221480 46.2984764356 201902261651
1551221540 49.7233636608 201902261652
1551221600 49.1176993936 201902261653
1551221660 50.8247352896 201902261654
1551221720 50.6751217950 201902261655
1551221780 0.0012114391 201902261656
1551221840 0.0084217280 201902261657
1551221900 0.0084217280 201902261658
1551221960 -0.0005911331 201902261659
1551222020 50.6588986450 201902261700
1551222032 0.0066191558 201902261700
1551222092 0.0012114391 201902261701
1551222152 50.9346921952 201902261702
1551222212 50.5723751782 201902261703
1551222272 50.9509153452 201902261704
1551222332 50.3650793725 201902261705
1551222392 50.1469681334 201902261706
1551222452 50.4407874059 201902261707
1551222512 50.4822465670 201902261708
1551222572 50.4678259893 201902261709
1551222632 50.6985552339 201902261710
1551222643 50.5813880394 201902261710
1551222703 50.5831906116 201902261711
1551222763 0.0030140113 201902261712
1551222823 50.4660234170 201902261713
1551222883 50.0442215167 201902261714
1551222943 50.8373532951 201902261715
1551223003 50.7291989617 201902261716
1551223063 50.2587276113 201902261717
1551223123 50.9419024841 201902261718
1551223183 50.4407874059 201902261719
1551223243 50.7976967062 201902261720
1551223257 51.0067950842 201902261720
1551223317 50.7201861006 201902261721
1551223377 50.4047359614 201902261722
1551223437 50.5813880394 201902261723
1551223497 50.4209591114 201902261724
1551223557 50.4371822615 201902261725
1551223617 50.5182980115 201902261726
1551223677 50.2893713391 201902261727
1551223737 50.0910883945 201902261728
1551223797 50.5922034727 201902261729
1551223857 50.8517738729 201902261730
1551223871 51.1906574510 201902261731
1551223931 50.9022458952 201902261732
1551223991 50.5507443116 201902261733
1551224051 50.6733192228 201902261734
1551224111 50.3470536503 201902261735
1551224171 50.5453365949 201902261736
1551224231 0.0030140113 201902261737
1551224291 -0.0023937054 201902261738
1551224351 50.8878253174 201902261739
1551224411 50.8932330341 201902261740
1551224471 50.1685990001 201902261741
1551224483 51.0374388120 201902261741
1551224543 50.5309160171 201902261742
1551224603 50.9058510396 201902261743
1551224663 50.4624182726 201902261744
1551224723 50.4047359614 201902261745
1551224783 49.5340935773 201902261746
1551224843 50.4714311337 201902261747
1551224903 50.5417314504 201902261748
1551224963 50.7850787007 201902261749
1551225023 50.4173539670 201902261750
1551225083 50.9040484674 201902261751
1551225095 51.0338336675 201902261751
1551225155 50.7147783839 201902261752
1551225215 50.1559809945 201902261753
1551225275 50.3073970613 201902261754
1551225335 50.9581256341 201902261755
1551225395 50.5110877226 201902261756
1551225398 51.1275674232 201902261756
1551225401 49.8315179943 201902261756
1551225405 50.9599282064 201902261756
1551225410 50.9599282064 201902261756
1551225416 50.1235346945 201902261756
1551225421 50.3019893447 201902261757
1551225427 50.4029333892 201902261757
1551225434 50.2334916002 201902261757
1551225441 51.1149494176 201902261757
1551225448 50.8661944507 201902261757
1551225456 50.9473102008 201902261757
1551225464 0.0066191558 201902261757
1551225472 50.9707436397 201902261757
1551225482 50.8679970229 201902261758
