1548914602 -1.0000000000 2019013100037
1548914658 49.3989006605 201901310004
1548914718 49.8711745832 201901310005
1548914778 49.5971836052 201901310006
1548914838 49.6079990385 201901310007
1548914898 49.1681714159 201901310008
1548914958 49.5088575662 201901310009
1548915018 48.9644807546 201901310010
1548915078 49.5250807162 201901310011
1548915138 49.1501456936 201901310012
1548915198 49.6404453385 201901310013
1548915205 49.4655958328 201901310013
1548915265 49.1573559825 201901310014
1548915325 49.3358106327 201901310015
1548915385 49.4872266995 201901310016
1548915445 49.6061964663 201901310017
1548915505 49.6494581996 201901310018
1548915565 48.8599315656 201901310019
1548915625 49.4025058050 201901310020
1548915685 49.1609611270 201901310021
1548915745 49.9234491777 201901310022
1548915805 49.4475701106 201901310023
1548915813 48.7337515099 201901310023
1548915873 49.6782993552 201901310024
1548915933 49.8747797276 201901310025
1548915993 49.5304884329 201901310026
1548916053 49.7143507997 201901310027
1548916113 49.0437939324 201901310028
1548916173 49.1411328325 201901310029
1548916233 49.4728061217 201901310030
1548916293 49.7918614053 201901310031
1548916353 49.7540073886 201901310032
1548916413 49.6152093274 201901310033
1548916422 49.6891147886 201901310033
1548916482 50.0406163722 201901310034
1548916542 49.8837925887 201901310035
1548916602 49.4854241273 201901310036
1548916662 49.2348665882 201901310037
1548916722 49.4800164106 201901310038
1548916782 49.5557244440 201901310039
1548916842 49.0239656380 201901310040
1548916902 49.3682569327 201901310041
1548916962 49.2168408659 201901310042
1548917022 49.6440504830 201901310043
1548917031 49.4241366717 201901310043
1548917091 49.5088575662 201901310044
1548917151 49.2186434382 201901310045
1548917211 49.3051669049 201901310046
1548917271 49.7323765219 201901310047
1548917331 49.6116041829 201901310048
1548917391 49.3628492161 201901310049
1548917451 49.3989006605 201901310050
1548917511 49.2601025993 201901310051
1548917571 49.3790723661 201901310052
1548917631 49.5376987218 201901310053
1548917639 49.4043083772 201901310053
1548917699 49.3267977716 201901310054
1548917759 49.7269688053 201901310055
1548917819 48.7896312489 201901310056
1548917879 49.4493726828 201901310057
1548917939 49.4313469606 201901310058
1548917999 49.5701450218 201901310059
1548918059 49.4601881161 201901310100
1548918119 49.5629347329 201901310101
1548918179 49.3448234938 201901310102
1548918239 49.3808749383 201901310103
1548918247 49.1970125715 201901310104
1548918307 48.6742666266 201901310105
1548918367 49.8116896998 201901310106
1548918427 49.5376987218 201901310107
1548918487 49.6314324774 201901310108
1548918547 49.6043938941 201901310109
1548918607 49.1267122547 201901310110
1548918667 49.1249096825 201901310111
1548918727 49.6134067552 201901310112
1548918787 49.0906608103 201901310113
1548918847 48.9266267379 201901310114
1548918855 49.5701450218 201901310114
1548918915 49.2889437549 201901310115
1548918975 49.6332350496 201901310116
1548919035 49.2925488993 201901310117
1548919095 49.6314324774 201901310118
1548919155 49.8693720110 201901310119
1548919215 49.3069694771 201901310120
1548919275 49.9486851888 201901310121
1548919335 49.4926344162 201901310122
1548919395 49.6855096441 201901310123
1548919455 49.5232781440 201901310124
1548919464 49.2240511548 201901310124
1548919524 49.3087720493 201901310125
1548919584 49.9000157388 201901310126
1548919644 49.8639642943 201901310127
1548919704 49.3844800827 201901310128
1548919764 49.7251662330 201901310129
1548919824 49.3718620772 201901310130
1548919884 49.5899733163 201901310131
1548919944 49.6242221885 201901310132
1548920004 49.9432774721 201901310133
1548920064 49.4962395606 201901310134
1548920073 49.5575270162 201901310134
1548920133 49.1519482659 201901310135
1548920193 49.5701450218 201901310136
1548920253 49.5376987218 201901310137
1548920313 49.1140942492 201901310138
1548920373 49.2853386104 201901310139
1548920433 49.0582145102 201901310140
1548920493 0.0030140113 201901310141
1548920553 50.0514318056 201901310142
1548920613 49.3249951994 201901310143
1548920673 49.4385572495 201901310144
1548920686 49.3159823382 201901310144
1548920746 49.8657668665 201901310145
1548920806 49.1195019658 201901310146
1548920866 49.5557244440 201901310147
1548920926 49.6206170441 201901310148
1548920986 49.7954665498 201901310149
1548921046 49.1934074270 201901310150
1548921106 49.3105746216 201901310151
1548921166 49.7954665498 201901310152
1548921226 49.3934929439 201901310153
1548921286 49.3754672216 201901310154
1548921298 49.7576125331 201901310154
1548921358 49.6098016107 201901310155
1548921418 49.9883417777 201901310156
1548921478 49.8134922720 201901310157
1548921538 49.2132357215 201901310158
1548921598 49.4115186661 201901310159
1548921658 49.1303173992 201901310200
1548921718 49.6242221885 201901310201
1548921778 48.8473135600 201901310202
1548921838 48.8833650045 201901310203
1548921898 49.5196729995 201901310204
1548921910 49.3159823382 201901310205
1548921970 49.4529778273 201901310206
1548922030 49.3592440716 201901310207
1548922090 49.7179559442 201901310208
1548922150 49.6350376219 201901310209
1548922210 49.7197585164 201901310210
1548922216 49.3249951994 201901310210
1548922276 49.1699739881 201901310211
1548922336 49.5034498495 201901310212
1548922396 49.5521192996 201901310213
1548922456 49.3231926271 201901310214
1548922516 49.6404453385 201901310215
1548922576 49.1465405492 201901310216
1548922636 49.1916048548 201901310217
1548922696 49.6098016107 201901310218
1548922756 49.5917758885 201901310219
1548922816 49.5899733163 201901310220
1548922876 49.4854241273 201901310221
1548922936 49.7107456553 201901310222
1548922996 49.4061109494 201901310223
1548923056 49.6927199330 201901310224
1548923116 49.3826775105 201901310225
1548923139 49.6242221885 201901310225
1548923199 49.6548659163 201901310226
1548923259 49.9072260277 201901310227
1548923319 49.4313469606 201901310228
1548923379 49.6656813497 201901310229
1548923439 49.3376132049 201901310230
1548923499 49.8964105943 201901310231
1548923559 49.9901443499 201901310232
1548923619 49.4710035495 201901310233
1548923679 49.6945225052 201901310234
1548923739 49.4475701106 201901310235
1548923749 49.5683424496 201901310235
1548923809 49.5214755718 201901310236
1548923869 49.3862826550 201901310237
1548923929 49.5989861774 201901310238
1548923989 49.3844800827 201901310239
1548924049 49.6170118996 201901310240
1548924109 50.1109166889 201901310241
1548924169 49.5611321607 201901310242
1548924229 49.8423334276 201901310243
1548924289 49.2258537270 201901310244
1548924349 49.3952955161 201901310245
1548924359 49.5052524217 201901310245
1548924419 49.7504022442 201901310246
1548924479 49.4259392439 201901310247
1548924539 49.7522048164 201901310248
1548924599 49.1609611270 201901310249
1548924659 49.6674839219 201901310250
1548924719 49.1609611270 201901310251
1548924779 49.6782993552 201901310252
1548924839 49.6116041829 201901310253
1548924899 49.2709180326 201901310254
1548924959 48.5841380154 201901310255
1548924969 49.1195019658 201901310256
1548925029 49.1158968214 201901310257
1548925089 48.9807039046 201901310258
1548925149 49.2024202881 201901310259
1548925209 48.9176138768 201901310300
1548925269 48.9518627490 201901310301
1548925329 49.2420768771 201901310302
1548925389 49.0816479491 201901310303
1548925449 49.2060254326 201901310304
1548925509 49.6025913218 201901310305
1548925569 49.6170118996 201901310306
1548925578 49.4601881161 201901310306
1548925638 49.3664543605 201901310307
1548925698 49.8243077054 201901310308
1548925758 49.4601881161 201901310309
1548925818 49.6782993552 201901310310
1548925878 49.5395012940 201901310311
1548925938 49.8207025609 201901310312
1548925998 49.4710035495 201901310313
1548926058 49.6512607719 201901310314
1548926118 49.6494581996 201901310315
1548926178 49.6242221885 201901310316
1548926187 49.5521192996 201901310316
1548926247 49.6819044997 201901310317
1548926307 49.6134067552 201901310318
1548926367 49.5521192996 201901310319
1548926427 49.0113476324 201901310320
1548926487 49.5953810329 201901310321
1548926547 49.5665398774 201901310322
1548926607 49.3790723661 201901310323
1548926667 49.4241366717 201901310324
1548926727 49.2817334660 201901310325
1548926787 49.7648228220 201901310326
1548926797 49.5214755718 201901310326
1548926857 49.3664543605 201901310327
1548926917 49.6152093274 201901310328
1548926977 49.4223340994 201901310329
1548927037 49.7954665498 201901310330
1548927097 49.2528923104 201901310331
1548927157 49.4728061217 201901310332
1548927217 49.6873122163 201901310333
1548927277 49.2114331493 201901310334
1548927337 49.1249096825 201901310335
1548927397 49.5304884329 201901310336
1548927405 49.5647373051 201901310336
1548927465 49.2078280048 201901310337
1548927525 49.6981276497 201901310338
1548927585 49.7233636608 201901310339
1548927645 49.5845655996 201901310340
1548927705 49.6620762052 201901310341
1548927765 49.8639642943 201901310342
1548927825 48.9194164490 201901310343
1548927885 49.6278273330 201901310344
1548927945 48.9067984434 201901310345
1548928005 49.3556389272 201901310346
1548928015 49.3952955161 201901310346
1548928075 49.3538363549 201901310347
1548928135 49.3412183494 201901310348
1548928195 49.4980421328 201901310349
1548928255 49.6170118996 201901310350
1548928315 49.6224196163 201901310351
1548928375 49.4187289550 201901310352
1548928435 48.9915193380 201901310353
1548928495 49.2709180326 201901310354
1548928555 49.6927199330 201901310355
1548928615 49.4818189828 201901310356
1548928624 49.6043938941 201901310357
1548928684 49.6152093274 201901310358
1548928744 49.6692864941 201901310359
1548928804 49.6602736330 201901310400
1548928864 49.7359816664 201901310401
1548928924 49.7846511164 201901310402
1548928984 49.8837925887 201901310403
1548929044 49.4349521050 201901310404
1548929104 49.1825919937 201901310405
1548929164 49.2528923104 201901310406
1548929224 49.7864536887 201901310407
1548929232 49.5124627106 201901310407
1548929292 49.2943514716 201901310408
1548929352 49.1916048548 201901310409
1548929412 49.7918614053 201901310410
1548929472 49.4601881161 201901310411
1548929532 49.6674839219 201901310412
1548929592 49.5034498495 201901310413
1548929652 49.3718620772 201901310414
1548929712 49.2781283215 201901310415
1548929772 49.5034498495 201901310416
1548929832 49.2799308938 201901310417
1548929840 49.2474845937 201901310417
1548929900 49.4313469606 201901310418
1548929960 49.2799308938 201901310419
1548930020 48.9464550324 201901310420
1548930080 49.5395012940 201901310421
1548930140 49.2474845937 201901310422
1548930200 49.6927199330 201901310423
1548930260 49.7359816664 201901310424
1548930320 49.7576125331 201901310425
1548930380 49.8369257109 201901310426
1548930440 49.7666253942 201901310427
1548930448 49.5106601384 201901310427
1548930508 49.1573559825 201901310428
1548930568 49.1717765603 201901310429
1548930628 49.9054234554 201901310430
1548930688 49.7990716942 201901310431
1548930748 49.2348665882 201901310432
1548930808 49.4692009773 201901310433
1548930868 49.7612176775 201901310434
1548930928 49.2925488993 201901310435
1548930988 49.3880852272 201901310436
1548931048 49.1537508381 201901310437
1548931056 49.6278273330 201901310437
1548931116 49.5917758885 201901310438
1548931176 49.4493726828 201901310439
1548931236 49.3105746216 201901310440
1548931296 49.3916903716 201901310441
1548931356 49.3556389272 201901310442
1548931416 49.5376987218 201901310443
1548931476 49.6332350496 201901310444
1548931536 50.0460240889 201901310445
1548931596 49.5701450218 201901310446
1548931656 49.3664543605 201901310447
1548931664 49.6656813497 201901310447
1548931724 49.7287713775 201901310448
1548931784 49.3051669049 201901310449
1548931844 50.0892858223 201901310450
1548931904 49.8026768387 201901310451
1548931964 49.4637932606 201901310452
1548932024 49.0275707824 201901310453
1548932084 49.7269688053 201901310454
1548932144 49.4962395606 201901310455
1548932204 49.4746086939 201901310456
1548932264 49.4854241273 201901310457
1548932274 49.3249951994 201901310457
1548932334 49.6512607719 201901310458
1548932394 49.8765822998 201901310459
1548932454 49.2655103160 201901310500
1548932514 49.6278273330 201901310501
1548932574 49.9486851888 201901310502
1548932634 49.5395012940 201901310503
1548932694 49.4818189828 201901310504
1548932754 49.5701450218 201901310505
1548932814 49.1339225436 201901310506
1548932874 49.4565829717 201901310507
1548932885 49.4277418161 201901310508
1548932945 49.6710890663 201901310509
1548933005 49.9198440332 201901310510
1548933065 49.5376987218 201901310511
1548933125 49.8207025609 201901310512
1548933185 49.0005321991 201901310513
1548933245 49.0744376602 201901310514
1548933305 49.0618196547 201901310515
1548933365 49.0798453769 201901310516
1548933425 49.0510042213 201901310517
1548933485 49.4800164106 201901310518
1548933496 49.3105746216 201901310518
1548933556 49.2348665882 201901310519
1548933616 48.8797598601 201901310520
1548933676 49.2456820215 201901310521
1548933736 49.4187289550 201901310522
1548933796 49.3844800827 201901310523
1548933856 48.8545238489 201901310524
1548933916 49.2420768771 201901310525
1548933976 49.2204460104 201901310526
1548934036 49.4601881161 201901310527
1548934096 49.5665398774 201901310528
1548934107 50.0424189444 201901310528
1548934167 49.3286003438 201901310529
1548934227 49.5142652829 201901310530
1548934287 50.1379552723 201901310531
1548934347 50.0153803611 201901310532
1548934407 49.6855096441 201901310533
1548934467 49.8080845553 201901310534
1548934527 49.5755527385 201901310535
1548934587 49.1014762436 201901310536
1548934647 50.2136633057 201901310537
1548934707 49.9270543221 201901310538
1548934717 49.6332350496 201901310538
1548934777 49.5827630274 201901310539
1548934837 49.4962395606 201901310540
1548934897 49.0383862158 201901310541
1548934957 49.2042228604 201901310542
1548935017 49.3358106327 201901310543
1548935077 49.4421623939 201901310544
1548935137 49.1555534103 201901310545
1548935197 49.0510042213 201901310546
1548935257 49.4511752550 201901310547
1548935317 49.3952955161 201901310548
1548935328 49.2835360382 201901310548
1548935388 49.2655103160 201901310549
1548935448 49.7684279664 201901310550
1548935508 49.2709180326 201901310551
1548935568 49.2835360382 201901310552
1548935628 49.4187289550 201901310553
1548935688 49.4692009773 201901310554
1548935748 49.8513462887 201901310555
1548935808 49.2655103160 201901310556
1548935868 49.5665398774 201901310557
1548935928 49.2781283215 201901310558
1548935936 49.4205315272 201901310558
1548935996 49.4421623939 201901310559
1548936056 49.3123771938 201901310600
1548936116 48.9049958712 201901310601
1548936176 49.2024202881 201901310602
1548936236 49.5899733163 201901310603
1548936296 49.7990716942 201901310604
1548936356 49.1573559825 201901310605
1548936416 49.0600170825 201901310606
1548936476 49.7684279664 201901310607
1548936536 49.5052524217 201901310608
1548936544 49.5395012940 201901310609
1548936604 48.9825064768 201901310610
1548936664 49.4349521050 201901310611
1548936724 49.1357251159 201901310612
1548936784 49.5467115829 201901310613
1548936844 49.2420768771 201901310614
1548936904 49.5899733163 201901310615
1548936964 49.9432774721 201901310616
1548937024 49.7035353664 201901310617
1548937084 49.0690299436 201901310618
1548937144 49.0654247991 201901310619
1548937153 49.3087720493 201901310619
1548937213 49.9613031944 201901310620
1548937273 49.0077424880 201901310621
1548937333 49.8513462887 201901310622
1548937393 0.0048165835 201901310623
1548937453 0.0030140113 201901310624
1548937513 0.0012114391 201901310625
1548937573 0.0012114391 201901310626
1548937633 -0.0005911331 201901310627
1548937693 -0.0005911331 201901310628
1548937753 49.3520337827 201901310629
1548937762 49.4079135217 201901310629
1548937822 49.5034498495 201901310630
1548937882 49.4800164106 201901310631
1548937942 48.6796743432 201901310632
1548938002 49.5070549940 201901310633
1548938062 49.3051669049 201901310634
1548938122 49.8207025609 201901310635
1548938182 49.8243077054 201901310636
1548938242 49.4764112662 201901310637
1548938302 49.5989861774 201901310638
1548938362 49.6260247607 201901310639
1548938371 49.2222485826 201901310639
1548938431 49.3682569327 201901310640
1548938491 49.3808749383 201901310641
1548938551 49.3934929439 201901310642
1548938611 49.7035353664 201901310643
1548938671 49.0455965047 201901310644
1548938731 49.3358106327 201901310645
1548938791 49.3754672216 201901310646
1548938851 49.7684279664 201901310647
1548938911 49.4962395606 201901310648
1548938971 49.4511752550 201901310649
1548938980 49.1465405492 201901310649
1548939040 48.6652537654 201901310650
1548939100 49.0870556658 201901310651
1548939160 49.1934074270 201901310652
1548939220 49.4439649661 201901310653
1548939280 49.4619906884 201901310654
1548939340 49.7053379386 201901310655
1548939400 49.4547803995 201901310656
1548939460 49.1231071103 201901310657
1548939520 49.9162388888 201901310658
1548939580 49.7053379386 201901310659
1548939589 49.6116041829 201901310659
1548939649 49.5773553107 201901310700
1548939709 49.4746086939 201901310701
1548939769 49.2961540438 201901310702
1548939829 49.6368401941 201901310703
1548939889 49.4601881161 201901310704
1548939949 49.4583855439 201901310705
1548940009 49.7233636608 201901310706
1548940069 49.6476556274 201901310707
1548940129 49.2619051715 201901310708
1548940189 49.2817334660 201901310709
1548940199 49.1735791326 201901310709
1548940259 49.1321199714 201901310710
1548940319 49.8441359998 201901310711
1548940379 48.9248241657 201901310712
1548940439 49.5773553107 201901310713
1548940499 49.3754672216 201901310714
1548940559 49.7431919553 201901310715
1548940619 49.4800164106 201901310716
1548940679 49.6566684885 201901310717
1548940739 49.5917758885 201901310718
1548940799 49.5845655996 201901310719
1548940808 49.4511752550 201901310720
1548940868 48.8779572879 201901310721
1548940928 49.0780428047 201901310722
1548940988 49.3664543605 201901310723
1548941048 48.8617341378 201901310724
1548941108 49.2871411827 201901310725
1548941168 49.5611321607 201901310726
1548941228 49.8873977332 201901310727
1548941288 49.4313469606 201901310728
1548941348 49.4331495328 201901310729
1548941408 48.5102325542 201901310730
1548941416 48.8941804379 201901310730
1548941476 49.6061964663 201901310731
1548941536 49.1843945659 201901310732
1548941596 49.3664543605 201901310733
1548941656 49.4169263828 201901310734
1548941716 49.6458530552 201901310735
1548941776 48.9464550324 201901310736
1548941836 49.1717765603 201901310737
1548941896 49.2817334660 201901310738
1548941956 49.3394157771 201901310739
1548942016 49.7233636608 201901310740
1548942026 49.6098016107 201901310740
1548942086 49.1843945659 201901310741
1548942146 49.4511752550 201901310742
1548942206 49.2583000271 201901310743
1548942266 49.8333205665 201901310744
1548942326 49.4782138384 201901310745
1548942386 49.4097160939 201901310746
1548942446 49.6476556274 201901310747
1548942506 49.6314324774 201901310748
1548942566 49.7413893831 201901310749
1548942626 49.5989861774 201901310750
1548942634 49.2258537270 201901310750
1548942694 49.4475701106 201901310751
1548942754 49.3448234938 201901310752
1548942814 49.7792433998 201901310753
1548942874 49.6061964663 201901310754
1548942934 49.3123771938 201901310755
1548942994 49.2997591882 201901310756
1548943054 49.6728916386 201901310757
1548943114 49.0600170825 201901310758
1548943174 49.5124627106 201901310759
1548943234 49.4313469606 201901310800
1548943243 48.8346955545 201901310800
1548943303 49.1861971381 201901310801
1548943363 49.6674839219 201901310802
1548943423 49.0221630658 201901310803
1548943483 49.0455965047 201901310804
1548943543 49.1843945659 201901310805
1548943603 49.3556389272 201901310806
1548943663 49.9504877610 201901310807
1548943723 48.7698029544 201901310808
1548943783 49.5611321607 201901310809
1548943843 49.3808749383 201901310810
1548943851 49.7053379386 201901310810
1548943911 49.2024202881 201901310811
1548943971 49.2601025993 201901310812
1548944031 49.8134922720 201901310813
1548944091 49.2060254326 201901310814
1548944151 49.0455965047 201901310815
1548944211 49.5358961495 201901310816
1548944271 49.0870556658 201901310817
1548944331 49.6746942108 201901310818
1548944391 49.5503167273 201901310819
1548944451 49.0582145102 201901310820
1548944462 49.7558099609 201901310821
1548944522 49.4890292717 201901310822
1548944582 49.0365836435 201901310823
1548944642 49.3700595050 201901310824
1548944702 49.7035353664 201901310825
1548944762 49.1735791326 201901310826
1548944822 49.5611321607 201901310827
1548944882 49.3898877994 201901310828
1548944942 49.3177849105 201901310829
1548945002 49.4421623939 201901310830
1548945062 49.5340935773 201901310831
1548945075 49.4205315272 201901310831
1548945135 49.7666253942 201901310832
1548945195 49.2402743048 201901310833
1548945255 49.5304884329 201901310834
1548945315 49.4349521050 201901310835
1548945375 49.4673984050 201901310836
1548945435 49.0492016491 201901310837
1548945495 49.5268832884 201901310838
1548945555 50.0694575278 201901310839
1548945615 49.2925488993 201901310840
1548945675 49.5286858607 201901310841
1548945688 49.3682569327 201901310841
1548945748 49.6206170441 201901310842
1548945808 49.4403598217 201901310843
1548945868 49.1555534103 201901310844
1548945928 49.2312614437 201901310845
1548945988 49.6061964663 201901310846
1548946048 49.5358961495 201901310847
1548946108 49.7684279664 201901310848
1548946168 48.9230215934 201901310849
1548946228 49.2691154604 201901310850
1548946288 49.4493726828 201901310851
1548946301 49.4800164106 201901310851
1548946361 49.4890292717 201901310852
1548946421 49.5773553107 201901310853
1548946481 48.9843090491 201901310854
1548946541 48.9608756101 201901310855
1548946601 49.0978710992 201901310856
1548946661 49.4980421328 201901310857
1548946721 49.1231071103 201901310858
1548946781 49.4421623939 201901310859
1548946841 49.3376132049 201901310900
1548946901 49.7810459720 201901310901
1548946912 49.2186434382 201901310901
1548946972 49.3448234938 201901310902
1548947032 49.4980421328 201901310903
1548947092 49.4493726828 201901310904
1548947152 49.4565829717 201901310905
1548947212 49.3087720493 201901310906
1548947272 49.6782993552 201901310907
1548947332 49.6674839219 201901310908
1548947392 49.4529778273 201901310909
1548947452 49.4637932606 201901310910
1548947512 49.6404453385 201901310911
1548947522 49.4962395606 201901310912
1548947582 49.3069694771 201901310913
1548947642 49.7071405108 201901310914
1548947702 49.0167553491 201901310915
1548947762 49.2979566160 201901310916
1548947822 49.7684279664 201901310917
1548947882 49.7449945275 201901310918
1548947942 48.9140087323 201901310919
1548948002 49.2853386104 201901310920
1548948062 49.6404453385 201901310921
1548948122 49.5340935773 201901310922
1548948132 49.9558954777 201901310922
1548948192 49.6512607719 201901310923
1548948252 49.3538363549 201901310924
1548948312 49.1627636992 201901310925
1548948372 49.2150382937 201901310926
1548948432 49.2456820215 201901310927
1548948492 48.9572704657 201901310928
1548948552 49.1014762436 201901310929
1548948612 49.2637077437 201901310930
1548948672 49.6098016107 201901310931
1548948732 49.6602736330 201901310932
1548948743 49.2186434382 201901310932
1548948803 48.9320344546 201901310933
1548948863 49.3538363549 201901310934
1548948923 49.8261102776 201901310935
1548948983 49.3195874827 201901310936
1548949043 49.6548659163 201901310937
1548949103 49.5376987218 201901310938
1548949163 49.0888582380 201901310939
1548949223 49.5268832884 201901310940
1548949283 49.7323765219 201901310941
1548949343 49.8982131665 201901310942
1548949359 49.5521192996 201901310942
1548949419 49.3123771938 201901310943
1548949479 49.8098871276 201901310944
1548949539 49.2907463271 201901310945
1548949599 49.3952955161 201901310946
1548949659 49.2889437549 201901310947
1548949719 49.7576125331 201901310948
1548949779 49.1321199714 201901310949
1548949839 49.3195874827 201901310950
1548949899 49.8062819831 201901310951
1548949959 49.2637077437 201901310952
1548949968 49.0311759269 201901310952
1548950028 49.6422479108 201901310953
1548950088 49.5809604551 201901310954
1548950148 49.8243077054 201901310955
1548950208 49.7269688053 201901310956
1548950268 49.2510897382 201901310957
1548950328 49.5034498495 201901310958
1548950388 49.3069694771 201901310959
1548950448 49.2276562993 201901311000
1548950508 49.5250807162 201901311001
1548950568 49.3033643327 201901311002
1548950577 49.6350376219 201901311002
1548950637 49.6350376219 201901311003
1548950697 49.3682569327 201901311004
1548950757 49.4998447051 201901311005
1548950817 49.4475701106 201901311006
1548950877 49.1970125715 201901311007
1548950937 49.0149527769 201901311008
1548950997 49.5755527385 201901311009
1548951057 49.3177849105 201901311010
1548951117 49.4385572495 201901311011
1548951177 49.2204460104 201901311012
1548951186 49.5304884329 201901311013
1548951246 49.9432774721 201901311014
1548951306 48.8184724045 201901311015
1548951366 49.7720331109 201901311016
1548951426 49.3718620772 201901311017
1548951486 49.3051669049 201901311018
1548951546 49.6855096441 201901311019
1548951606 49.6782993552 201901311020
1548951666 49.2204460104 201901311021
1548951726 49.4511752550 201901311022
1548951786 49.2564974549 201901311023
1548951795 -0.0005911331 201901311023
1548951855 49.2420768771 201901311024
1548951915 0.0066191558 201901311025
1548951975 49.9631057666 201901311026
1548952035 49.1303173992 201901311027
1548952095 49.1861971381 201901311028
1548952155 49.8729771554 201901311029
1548952215 49.6764967830 201901311030
1548952275 49.4854241273 201901311031
1548952335 49.8459385720 201901311032
1548952395 49.5737501662 201901311033
1548952404 49.1447379770 201901311033
1548952464 49.7846511164 201901311034
1548952524 49.2637077437 201901311035
1548952584 48.9410473157 201901311036
1548952644 49.5953810329 201901311037
1548952704 49.4962395606 201901311038
1548952764 49.6368401941 201901311039
1548952824 49.2204460104 201901311040
1548952884 49.6188144718 201901311041
1548952944 49.6873122163 201901311042
1548953004 49.5286858607 201901311043
1548953012 49.4836215551 201901311043
1548953072 49.5521192996 201901311044
1548953132 49.0167553491 201901311045
1548953192 49.2583000271 201901311046
1548953252 49.7287713775 201901311047
1548953312 49.5683424496 201901311048
1548953372 49.3556389272 201901311049
1548953432 49.0131502046 201901311050
1548953492 49.4223340994 201901311051
1548953552 49.4097160939 201901311052
1548953612 49.3430209216 201901311053
1548953620 49.5647373051 201901311053
1548953680 49.7666253942 201901311054
1548953740 49.1555534103 201901311055
1548953800 49.6098016107 201901311056
1548953860 49.2727206049 201901311057
1548953920 49.4619906884 201901311058
1548953980 49.3646517883 201901311059
1548954040 49.6548659163 201901311100
1548954100 49.1140942492 201901311101
1548954160 49.4277418161 201901311102
1548954220 49.3340080605 201901311103
1548954227 49.5971836052 201901311103
1548954287 49.4079135217 201901311104
1548954347 49.5214755718 201901311105
1548954407 49.3520337827 201901311106
1548954467 49.4962395606 201901311107
1548954527 49.5791578829 201901311108
1548954587 49.8603591498 201901311109
1548954647 49.3231926271 201901311110
1548954707 49.4655958328 201901311111
1548954767 49.3105746216 201901311112
1548954827 49.2060254326 201901311113
1548954835 49.2060254326 201901311113
1548954895 50.3200150669 201901311114
1548954955 49.3304029160 201901311115
1548955015 49.4601881161 201901311116
1548955075 49.1807894215 201901311117
1548955135 49.1861971381 201901311118
1548955195 49.3520337827 201901311119
1548955255 49.4583855439 201901311120
1548955315 49.4583855439 201901311121
1548955375 49.0041373435 201901311122
1548955435 49.5304884329 201901311123
1548955442 49.8910028776 201901311124
1548955502 49.1104891047 201901311125
1548955562 48.9915193380 201901311126
1548955622 49.2997591882 201901311127
1548955682 49.7053379386 201901311128
1548955742 -0.0005911331 201901311129
1548955802 -0.0059988498 201901311130
1548955862 49.2961540438 201901311131
1548955922 49.6422479108 201901311132
1548955982 49.1753817048 201901311133
1548956042 49.2673128882 201901311134
1548956049 -0.0005911331 201901311134
1548956109 49.4331495328 201901311135
1548956169 49.5971836052 201901311136
1548956229 49.3520337827 201901311137
1548956289 48.9338370268 201901311138
1548956349 49.5142652829 201901311139
1548956409 49.1573559825 201901311140
1548956469 49.3754672216 201901311141
1548956529 49.4187289550 201901311142
1548956589 49.7197585164 201901311143
1548956649 49.2997591882 201901311144
1548956660 49.0059399157 201901311144
1548956720 0.0012114391 201901311145
1548956780 49.4349521050 201901311146
1548956840 49.7377842386 201901311147
1548956900 49.7197585164 201901311148
1548956960 49.6782993552 201901311149
1548957020 49.3322054883 201901311150
1548957080 49.2673128882 201901311151
1548957140 49.6728916386 201901311152
1548957200 36.4600372380 201901311153
1548957260 37.1540275442 201901311154
1548957275 36.9016674328 201901311154
1548957335 44.5049170729 201901311155
1548957395 44.0200251447 201901311156
1548957455 44.1065486114 201901311157
1548957515 40.8889571919 201901311158
1548957575 44.1065486114 201901311159
1548957635 49.6440504830 201901311200
1548957695 49.8188999887 201901311201
1548957755 49.6098016107 201901311202
1548957815 48.8040518267 201901311203
1548957875 0.0012114391 201901311204
1548957890 49.6098016107 201901311204
1548957950 49.8765822998 201901311205
1548958010 49.5052524217 201901311206
1548958070 48.9518627490 201901311207
1548958130 49.4728061217 201901311208
1548958190 49.1176993936 201901311209
1548958250 49.1573559825 201901311210
1548958310 49.1303173992 201901311211
1548958370 49.5088575662 201901311212
1548958430 49.3718620772 201901311213
1548958490 49.4583855439 201901311214
1548958505 49.6350376219 201901311215
1548958565 49.3448234938 201901311216
1548958625 49.2078280048 201901311217
1548958685 49.3952955161 201901311218
1548958745 48.9987296268 201901311219
1548958805 49.2564974549 201901311220
1548958865 49.6134067552 201901311221
1548958925 49.4079135217 201901311222
1548958985 49.2564974549 201901311223
1548959045 49.0726350880 201901311224
1548959105 49.5142652829 201901311225
1548959119 49.5052524217 201901311225
1548959179 49.8243077054 201901311226
1548959239 49.1645662714 201901311227
1548959299 48.9356395990 201901311228
1548959359 49.2024202881 201901311229
1548959419 49.2835360382 201901311230
1548959479 49.4529778273 201901311231
1548959539 49.1916048548 201901311232
1548959599 49.5395012940 201901311233
1548959659 49.5106601384 201901311234
1548959719 49.2384717326 201901311235
1548959737 49.6386427663 201901311235
1548959797 49.4151238105 201901311236
1548959857 49.6801019275 201901311237
1548959917 49.7377842386 201901311238
1548959977 49.4025058050 201901311239
1548960037 49.7341790942 201901311240
1548960097 49.6098016107 201901311241
1548960157 49.5881707440 201901311242
1548960217 49.8026768387 201901311243
1548960277 49.9324620388 201901311244
1548960337 49.4457675384 201901311245
1548960355 49.5755527385 201901311245
1548960415 49.3916903716 201901311246
1548960475 49.7522048164 201901311247
1548960535 49.8351231387 201901311248
1548960595 49.6566684885 201901311249
1548960655 49.4710035495 201901311250
1548960715 49.6350376219 201901311251
1548960775 49.9901443499 201901311252
1548960835 49.8080845553 201901311253
1548960895 49.7558099609 201901311254
1548960955 49.6422479108 201901311255
1548960972 49.3502312105 201901311256
1548961032 49.0924633825 201901311257
1548961092 49.0401887880 201901311258
1548961152 49.3141797660 201901311259
1548961212 49.4061109494 201901311300
1548961272 49.4133212383 201901311301
1548961332 49.3808749383 201901311302
1548961392 49.6674839219 201901311303
1548961452 49.7774408275 201901311304
1548961512 49.3412183494 201901311305
1548961572 49.7197585164 201901311306
1548961587 49.1249096825 201901311306
1548961647 49.4151238105 201901311307
1548961707 49.5755527385 201901311308
1548961767 48.8094595433 201901311309
1548961827 49.5809604551 201901311310
1548961887 -0.0059988498 201901311311
1548961947 49.4746086939 201901311312
1548962007 49.5052524217 201901311313
1548962067 49.3808749383 201901311314
1548962127 49.2619051715 201901311315
1548962187 49.4728061217 201901311316
1548962201 49.2889437549 201901311316
1548962261 49.3808749383 201901311317
1548962321 49.6332350496 201901311318
1548962381 49.4583855439 201901311319
1548962441 49.5124627106 201901311320
1548962501 48.8509187045 201901311321
1548962561 48.7229360766 201901311322
1548962621 49.3610466438 201901311323
1548962681 49.0582145102 201901311324
1548962741 49.4097160939 201901311325
1548962801 49.5737501662 201901311326
1548962814 49.3772697938 201901311326
1548962874 49.8008742664 201901311327
1548962934 49.7395868108 201901311328
1548962994 49.5845655996 201901311329
1548963054 49.1321199714 201901311330
1548963114 49.1411328325 201901311331
1548963174 49.3862826550 201901311332
1548963234 49.3628492161 201901311333
1548963294 49.7413893831 201901311334
1548963354 49.4295443883 201901311335
1548963414 49.5431064384 201901311336
1548963429 49.7594151053 201901311337
1548963489 50.0316035111 201901311338
1548963549 49.8783848721 201901311339
1548963609 49.0870556658 201901311340
1548963669 49.2276562993 201901311341
1548963729 49.6801019275 201901311342
1548963789 49.6440504830 201901311343
1548963849 49.4710035495 201901311344
1548963909 49.7287713775 201901311345
1548963969 49.4818189828 201901311346
1548964029 49.7720331109 201901311347
1548964045 49.1970125715 201901311347
1548964105 49.6584710608 201901311348
1548964165 49.0167553491 201901311349
1548964225 49.0960685269 201901311350
1548964285 49.7161533719 201901311351
1548964345 49.2727206049 201901311352
1548964405 49.8729771554 201901311353
1548964465 49.6043938941 201901311354
1548964525 49.5431064384 201901311355
1548964585 49.5376987218 201901311356
1548964645 49.6656813497 201901311357
1548964660 49.4836215551 201901311357
1548964720 49.4637932606 201901311358
1548964780 42.7095551380 201901311359
1548964840 49.6837070719 201901311400
1548964900 49.8783848721 201901311401
1548964960 49.8837925887 201901311402
1548965020 49.5611321607 201901311403
1548965080 49.0528067936 201901311404
1548965140 49.6314324774 201901311405
1548965200 49.7431919553 201901311406
1548965260 49.6963250775 201901311407
1548965274 48.9067984434 201901311407
1548965334 49.6242221885 201901311408
1548965394 49.1573559825 201901311409
1548965454 49.6242221885 201901311410
1548965514 49.7485996720 201901311411
1548965574 49.9667109110 201901311412
1548965634 49.5629347329 201901311413
1548965694 49.5376987218 201901311414
1548965754 49.3826775105 201901311415
1548965814 49.7143507997 201901311416
1548965874 49.7377842386 201901311417
1548965887 49.5737501662 201901311418
1548965947 49.3267977716 201901311419
1548966007 49.5737501662 201901311420
1548966067 49.2168408659 201901311421
1548966127 50.0442215167 201901311422
1548966187 49.8116896998 201901311423
1548966247 49.2619051715 201901311424
1548966307 49.3195874827 201901311425
1548966367 49.5034498495 201901311426
1548966427 49.8116896998 201901311427
1548966487 49.6242221885 201901311428
1548966502 49.3970980883 201901311428
1548966562 49.6855096441 201901311429
1548966622 49.7215610886 201901311430
1548966682 49.6512607719 201901311431
1548966742 49.4944369884 201901311432
1548966802 49.6422479108 201901311433
1548966862 49.4746086939 201901311434
1548966922 49.2042228604 201901311435
1548966982 49.0924633825 201901311436
1548967042 49.5250807162 201901311437
1548967102 49.5196729995 201901311438
1548967117 49.2781283215 201901311438
1548967177 49.7179559442 201901311439
1548967237 49.5629347329 201901311440
1548967297 49.9450800444 201901311441
1548967357 49.5503167273 201901311442
1548967417 49.4854241273 201901311443
1548967477 49.8928054499 201901311444
1548967537 49.6927199330 201901311445
1548967597 49.7720331109 201901311446
1548967657 50.0207880778 201901311447
1548967717 49.3556389272 201901311448
1548967733 49.4637932606 201901311448
1548967793 49.8477411443 201901311449
1548967853 49.9126337443 201901311450
1548967913 49.1645662714 201901311451
1548967973 49.6170118996 201901311452
1548968033 49.2510897382 201901311453
1548968093 49.8910028776 201901311454
1548968153 48.8761547156 201901311455
1548968213 49.4349521050 201901311456
1548968273 49.1934074270 201901311457
1548968333 49.2366691604 201901311458
1548968345 49.2276562993 201901311459
1548968405 49.2979566160 201901311500
1548968465 49.7179559442 201901311501
1548968525 49.2799308938 201901311502
1548968585 48.6778717710 201901311503
1548968645 49.2222485826 201901311504
1548968705 49.4421623939 201901311505
1548968765 49.0510042213 201901311506
1548968825 48.6958974932 201901311507
1548968885 48.7716055266 201901311508
1548968945 49.1934074270 201901311509
1548968958 49.2943514716 201901311509
1548969018 49.4619906884 201901311510
1548969078 49.7828485442 201901311511
1548969138 49.1789868492 201901311512
1548969198 49.4818189828 201901311513
1548969258 49.0564119380 201901311514
1548969318 49.6692864941 201901311515
1548969378 49.7828485442 201901311516
1548969438 49.7666253942 201901311517
1548969498 49.5557244440 201901311518
1548969558 49.3051669049 201901311519
1548969570 49.7341790942 201901311519
1548969630 49.7990716942 201901311520
1548969690 49.9288568943 201901311521
1548969750 49.6134067552 201901311522
1548969810 49.2420768771 201901311523
1548969870 49.5376987218 201901311524
1548969930 49.4836215551 201901311525
1548969990 49.7143507997 201901311526
1548970050 0.0012114391 201901311527
1548970110 -0.0005911331 201901311528
1548970170 49.3970980883 201901311529
1548970187 49.8188999887 201901311529
1548970247 49.8170974165 201901311530
1548970307 49.3267977716 201901311531
1548970367 49.5214755718 201901311532
1548970427 0.0012114391 201901311533
1548970487 49.5701450218 201901311534
1548970547 49.1825919937 201901311535
1548970607 49.7269688053 201901311536
1548970667 49.5088575662 201901311537
1548970727 50.0370112278 201901311538
1548970787 49.4926344162 201901311539
1548970803 49.5773553107 201901311540
1548970863 50.1145218334 201901311541
1548970923 49.6188144718 201901311542
1548970983 49.7431919553 201901311543
1548971043 49.7792433998 201901311544
1548971103 49.7720331109 201901311545
1548971163 41.8515307594 201901311546
1548971223 0.0048165835 201901311547
1548971283 49.8621617221 201901311548
1548971343 49.6422479108 201901311549
1548971403 49.2528923104 201901311550
1548971416 49.5052524217 201901311550
1548971476 49.4746086939 201901311551
1548971536 49.1465405492 201901311552
1548971596 49.6620762052 201901311553
1548971656 49.5539218718 201901311554
1548971716 49.7269688053 201901311555
1548971776 49.3862826550 201901311556
1548971836 49.5629347329 201901311557
1548971896 49.6043938941 201901311558
1548971956 49.7864536887 201901311559
1548972016 49.6007887496 201901311600
1548972029 49.5413038662 201901311600
1548972089 0.0066191558 201901311601
1548972149 -0.0005911331 201901311602
1548972209 -0.0023937054 201901311603
1548972269 49.9108311721 201901311604
1548972329 49.4241366717 201901311605
1548972389 49.9865392055 201901311606
1548972449 50.0532343778 201901311607
1548972509 49.6891147886 201901311608
1548972569 49.6098016107 201901311609
1548972629 49.9631057666 201901311610
1548972641 49.5196729995 201901311610
1548972701 49.8855951610 201901311611
1548972761 49.6422479108 201901311612
1548972821 49.7558099609 201901311613
1548972881 49.6170118996 201901311614
1548972941 49.7053379386 201901311615
1548973001 49.8765822998 201901311616
1548973061 49.4025058050 201901311617
1548973121 49.7684279664 201901311618
1548973181 49.4457675384 201901311619
1548973241 49.7305739497 201901311620
1548973256 49.8225051331 201901311620
1548973316 49.4223340994 201901311621
1548973376 49.8152948442 201901311622
1548973436 50.0352086555 201901311623
1548973496 49.7377842386 201901311624
1548973556 49.6061964663 201901311625
1548973616 49.7972691220 201901311626
1548973676 49.3790723661 201901311627
1548973736 49.9486851888 201901311628
1548973796 49.1753817048 201901311629
1548973856 49.4079135217 201901311630
1548973874 49.5340935773 201901311631
1548973934 49.6801019275 201901311632
1548973994 49.6963250775 201901311633
1548974054 49.4818189828 201901311634
1548974114 49.8567540054 201901311635
1548974174 49.5088575662 201901311636
1548974234 49.6981276497 201901311637
1548974294 49.7143507997 201901311638
1548974354 49.6692864941 201901311639
1548974414 49.3790723661 201901311640
1548974474 49.1952099992 201901311641
1548974489 49.7467970997 201901311641
1548974549 49.2420768771 201901311642
1548974609 49.1970125715 201901311643
1548974669 49.4079135217 201901311644
1548974729 49.4980421328 201901311645
1548974789 49.8152948442 201901311646
1548974849 49.8513462887 201901311647
1548974909 49.6945225052 201901311648
1548974969 49.8819900165 201901311649
1548975029 49.3466260660 201901311650
1548975089 49.5034498495 201901311651
1548975103 49.5503167273 201901311651
1548975163 49.3394157771 201901311652
1548975223 49.9703160555 201901311653
1548975283 49.7053379386 201901311654
1548975343 49.7323765219 201901311655
1548975403 50.0135777889 201901311656
1548975463 49.6710890663 201901311657
1548975523 49.2564974549 201901311658
1548975583 49.6043938941 201901311659
1548975643 49.6079990385 201901311700
1548975703 49.4529778273 201901311701
1548975716 49.6945225052 201901311701
1548975776 49.4457675384 201901311702
1548975836 49.4710035495 201901311703
1548975896 49.6584710608 201901311704
1548975956 49.6963250775 201901311705
1548976016 50.1325475556 201901311706
1548976076 49.2691154604 201901311707
1548976136 49.7828485442 201901311708
1548976196 49.7684279664 201901311709
1548976256 49.8459385720 201901311710
1548976316 49.2691154604 201901311711
1548976330 49.6170118996 201901311712
1548976390 49.9721186277 201901311713
1548976450 49.8062819831 201901311714
1548976510 50.0388138000 201901311715
1548976570 49.6692864941 201901311716
1548976630 49.8134922720 201901311717
1548976690 49.8207025609 201901311718
1548976750 49.8982131665 201901311719
1548976810 49.6152093274 201901311720
1548976870 49.4367546772 201901311721
1548976930 49.8567540054 201901311722
1548976945 50.2208735946 201901311722
1548977005 49.6782993552 201901311723
1548977065 49.8711745832 201901311724
1548977125 49.9216466054 201901311725
1548977185 49.7449945275 201901311726
1548977245 0.0030140113 201901311727
1548977305 0.0012114391 201901311728
1548977365 0.0030140113 201901311729
1548977425 0.0048165835 201901311730
1548977485 0.0012114391 201901311731
1548977545 0.0084217280 201901311732
1548977562 0.0030140113 201901311732
1548977622 50.2352941724 201901311733
1548977682 49.9721186277 201901311734
1548977742 50.2695430446 201901311735
1548977802 49.7179559442 201901311736
1548977862 50.1938350112 201901311737
1548977922 49.9288568943 201901311738
1548977982 49.5376987218 201901311739
1548978042 0.0084217280 201901311740
1548978102 50.0928909667 201901311741
1548978162 49.9829340611 201901311742
1548978177 49.9865392055 201901311742
1548978237 50.2425044613 201901311743
1548978297 49.7287713775 201901311744
1548978357 49.8711745832 201901311745
1548978417 49.8621617221 201901311746
1548978477 49.9595006221 201901311747
1548978537 49.8964105943 201901311748
1548978597 50.0063675000 201901311749
1548978657 49.9162388888 201901311750
1548978717 49.6728916386 201901311751
1548978777 50.1505732779 201901311752
1548978792 50.4047359614 201901311753
1548978852 49.6945225052 201901311754
1548978912 50.1127192612 201901311755
1548978972 50.1631912834 201901311756
1548979032 50.4461951226 201901311757
1548979092 50.1649938557 201901311758
1548979152 50.0532343778 201901311759
1548979212 49.6494581996 201901311800
1548979272 49.6566684885 201901311801
1548979332 50.3470536503 201901311802
1548979392 49.9991572111 201901311803
1548979405 50.2262813113 201901311803
1548979465 49.9649083388 201901311804
1548979525 49.8928054499 201901311805
1548979585 50.0550369500 201901311806
1548979645 49.8134922720 201901311807
1548979705 50.0748652445 201901311808
1548979765 49.7738356831 201901311809
1548979825 49.9324620388 201901311810
1548979885 49.8855951610 201901311811
1548979945 49.7504022442 201901311812
1548980005 49.7323765219 201901311813
1548980024 49.9342646110 201901311813
1548980084 49.8531488609 201901311814
1548980144 50.1037064000 201901311815
1548980204 49.9288568943 201901311816
1548980264 49.8459385720 201901311817
1548980324 50.2407018891 201901311818
1548980384 49.7449945275 201901311819
1548980444 49.8603591498 201901311820
1548980504 50.1019038278 201901311821
1548980564 50.3290279280 201901311822
1548980624 49.8243077054 201901311823
1548980641 50.4714311337 201901311824
1548980701 49.6422479108 201901311825
1548980761 49.7467970997 201901311826
1548980821 50.0514318056 201901311827
1548980881 49.8387282831 201901311828
1548980941 49.6981276497 201901311829
1548981001 49.7504022442 201901311830
1548981061 49.9144363165 201901311831
1548981121 49.6404453385 201901311832
1548981181 49.8351231387 201901311833
1548981241 49.7287713775 201901311834
1548981256 50.1649938557 201901311834
1548981316 50.1523758501 201901311835
1548981376 50.0604446667 201901311836
1548981436 49.6963250775 201901311837
1548981496 50.0225906500 201901311838
1548981556 50.0478266611 201901311839
1548981616 49.7269688053 201901311840
1548981676 50.0316035111 201901311841
1548981736 49.7720331109 201901311842
1548981796 50.4155513948 201901311843
1548981856 49.7377842386 201901311844
1548981870 49.9378697555 201901311844
1548981930 49.8080845553 201901311845
1548981990 50.0063675000 201901311846
1548982050 50.0730626722 201901311847
1548982110 50.2082555890 201901311848
1548982170 50.0496292333 201901311849
1548982230 49.9090285999 201901311850
1548982290 49.9486851888 201901311851
1548982350 50.3903153836 201901311852
1548982410 50.0478266611 201901311853
1548982470 50.2767533335 201901311854
1548982485 49.8441359998 201901311854
1548982545 50.0388138000 201901311855
1548982605 49.8225051331 201901311856
1548982665 49.9504877610 201901311857
1548982725 50.2118607335 201901311858
1548982785 50.2623327557 201901311859
1548982845 49.7540073886 201901311900
1548982905 50.1145218334 201901311901
1548982965 50.2497147502 201901311902
1548983025 49.9540929055 201901311903
1548983085 49.6025913218 201901311904
1548983100 49.7395868108 201901311905
1548983160 49.9883417777 201901311906
1548983220 49.9739211999 201901311907
1548983280 50.0766678167 201901311908
1548983340 49.7504022442 201901311909
1548983400 50.0928909667 201901311910
1548983460 49.7395868108 201901311911
1548983520 49.8207025609 201901311912
1548983580 49.7702305386 201901311913
1548983640 49.9342646110 201901311914
1548983700 50.0063675000 201901311915
1548983719 49.5214755718 201901311915
1548983779 50.1325475556 201901311916
1548983839 50.1325475556 201901311917
1548983899 50.0424189444 201901311918
1548983959 50.0748652445 201901311919
1548984019 49.9108311721 201901311920
1548984079 50.3164099225 201901311921
1548984139 49.8639642943 201901311922
1548984199 50.0982986834 201901311923
1548984259 50.4335771170 201901311924
1548984319 50.2479121780 201901311925
1548984335 49.7215610886 201901311925
1548984395 50.1325475556 201901311926
1548984455 49.7630202497 201901311927
1548984515 49.8387282831 201901311928
1548984575 49.9558954777 201901311929
1548984635 49.9000157388 201901311930
1548984695 50.0820755334 201901311931
1548984755 49.7702305386 201901311932
1548984815 49.6422479108 201901311933
1548984875 49.8225051331 201901311934
1548984935 49.3195874827 201901311935
1548984951 49.7828485442 201901311935
1548985011 49.6278273330 201901311936
1548985071 49.9090285999 201901311937
1548985131 49.9667109110 201901311938
1548985191 49.9000157388 201901311939
1548985251 49.7161533719 201901311940
1548985311 50.0388138000 201901311941
1548985371 49.7648228220 201901311942
1548985431 49.6530633441 201901311943
1548985491 49.8369257109 201901311944
1548985551 49.5755527385 201901311945
1548985565 49.7125482275 201901311946
1548985625 50.3668819447 201901311947
1548985685 -0.0005911331 201901311948
1548985745 50.3110022058 201901311949
1548985805 50.0334060833 201901311950
1548985865 49.7864536887 201901311951
1548985925 50.1740067168 201901311952
1548985985 50.0532343778 201901311953
1548986045 50.0207880778 201901311954
1548986105 50.2136633057 201901311955
1548986165 50.1505732779 201901311956
1548986182 49.9739211999 201901311956
1548986242 50.4624182726 201901311957
1548986302 50.1902298668 201901311958
1548986362 50.1884272946 201901311959
1548986422 49.5845655996 201901312000
1548986482 49.8639642943 201901312001
1548986542 50.3200150669 201901312002
1548986602 50.1902298668 201901312003
1548986662 50.0514318056 201901312004
1548986722 49.9180414610 201901312005
1548986782 50.1649938557 201901312006
1548986796 49.9883417777 201901312006
1548986856 49.6368401941 201901312007
1548986916 49.9847366333 201901312008
1548986976 49.9486851888 201901312009
1548987036 49.8657668665 201901312010
1548987096 50.0514318056 201901312011
1548987156 49.6224196163 201901312012
1548987216 50.0442215167 201901312013
1548987276 50.2695430446 201901312014
1548987336 50.0946935389 201901312015
1548987396 49.9865392055 201901312016
1548987408 49.9126337443 201901312016
1548987468 50.0586420945 201901312017
1548987528 0.0012114391 201901312018
1548987588 0.0048165835 201901312019
1548987648 50.1722041446 201901312020
1548987708 50.1253372667 201901312021
1548987768 50.1722041446 201901312022
1548987828 50.1415604167 201901312023
1548987888 49.9054234554 201901312024
1548987948 49.8946080221 201901312025
1548988008 50.2479121780 201901312026
1548988022 50.2821610502 201901312027
1548988082 50.0532343778 201901312028
1548988142 50.1055089723 201901312029
1548988202 49.8910028776 201901312030
1548988262 49.7576125331 201901312031
1548988322 49.9811314888 201901312032
1548988382 50.1685990001 201901312033
1548988442 50.1217321223 201901312034
1548988502 50.1451655612 201901312035
1548988562 50.2334916002 201901312036
1548988622 49.9955520666 201901312037
1548988641 50.0171829333 201901312037
1548988701 49.6043938941 201901312038
1548988761 50.2407018891 201901312039
1548988821 49.8008742664 201901312040
1548988881 49.8855951610 201901312041
1548988941 50.1343501279 201901312042
1548989001 49.7161533719 201901312043
1548989061 49.7882562609 201901312044
1548989121 49.5809604551 201901312045
1548989181 49.9865392055 201901312046
1548989241 49.5539218718 201901312047
1548989256 49.8441359998 201901312047
1548989316 49.7756382553 201901312048
1548989376 49.9973546388 201901312049
1548989436 50.1812170057 201901312050
1548989496 49.8261102776 201901312051
1548989556 49.6548659163 201901312052
1548989616 49.8026768387 201901312053
1548989676 50.0352086555 201901312054
1548989736 49.9288568943 201901312055
1548989796 49.6116041829 201901312056
1548989856 50.0694575278 201901312057
1548989874 49.5719475940 201901312057
1548989934 49.9973546388 201901312058
1548989994 50.2010453001 201901312059
1548990054 49.9324620388 201901312100
1548990114 49.8405308554 201901312101
1548990174 50.0496292333 201901312102
1548990234 50.2082555890 201901312103
1548990294 49.9486851888 201901312104
1548990354 49.8639642943 201901312105
1548990414 49.9342646110 201901312106
1548990474 49.8675694387 201901312107
1548990492 49.5358961495 201901312108
1548990552 50.2172684501 201901312109
1548990612 49.6656813497 201901312110
1548990672 50.1704015723 201901312111
1548990732 49.6314324774 201901312112
1548990792 50.0964961112 201901312113
1548990852 49.9018183110 201901312114
1548990912 50.1433629890 201901312115
1548990972 49.4890292717 201901312116
1548991032 49.8873977332 201901312117
1548991092 50.1487707056 201901312118
1548991106 49.6764967830 201901312118
1548991166 50.1127192612 201901312119
1548991226 49.8243077054 201901312120
1548991286 49.8873977332 201901312121
1548991346 49.7594151053 201901312122
1548991406 49.9378697555 201901312123
1548991466 49.7882562609 201901312124
1548991526 49.7738356831 201901312125
1548991586 49.8279128498 201901312126
1548991646 49.6170118996 201901312127
1548991706 50.1902298668 201901312128
1548991723 49.8026768387 201901312128
1548991783 49.8116896998 201901312129
1548991843 49.5935784607 201901312130
1548991903 49.6692864941 201901312131
1548991963 49.7972691220 201901312132
1548992023 49.6710890663 201901312133
1548992083 49.5376987218 201901312134
1548992143 50.0622472389 201901312135
1548992203 49.4529778273 201901312136
1548992263 49.8531488609 201901312137
1548992323 49.9703160555 201901312138
1548992339 50.2443070335 201901312138
1548992399 50.2334916002 201901312139
1548992459 49.6999302219 201901312140
1548992519 49.5214755718 201901312141
1548992579 49.7972691220 201901312142
1548992639 49.8387282831 201901312143
1548992699 49.8964105943 201901312144
1548992759 49.6098016107 201901312145
1548992819 49.3484286383 201901312146
1548992879 49.4800164106 201901312147
1548992939 50.1361527001 201901312148
1548992955 50.1722041446 201901312149
1548993015 50.1235346945 201901312150
1548993075 49.9450800444 201901312151
1548993135 50.0009597833 201901312152
1548993195 50.1992427279 201901312153
1548993255 50.1055089723 201901312154
1548993315 50.0748652445 201901312155
1548993375 49.9522903332 201901312156
1548993435 49.7828485442 201901312157
1548993495 50.1649938557 201901312158
1548993555 49.9595006221 201901312159
1548993573 50.0261957944 201901312159
1548993633 49.5791578829 201901312200
1548993693 50.0964961112 201901312201
1548993753 50.1848221501 201901312202
1548993813 49.8873977332 201901312203
1548993873 50.2298864557 201901312204
1548993933 49.5449090107 201901312205
1548993993 49.9522903332 201901312206
1548994053 50.2154658779 201901312207
1548994113 49.4980421328 201901312208
1548994173 49.8477411443 201901312209
1548994188 49.7215610886 201901312209
1548994248 50.1667964279 201901312210
1548994308 49.8567540054 201901312211
1548994368 49.9144363165 201901312212
1548994428 50.1397578445 201901312213
1548994488 49.8711745832 201901312214
1548994548 49.9558954777 201901312215
1548994608 50.0874832500 201901312216
1548994668 49.6116041829 201901312217
1548994728 49.5376987218 201901312218
1548994788 50.1613887112 201901312219
1548994804 50.0045649277 201901312220
1548994864 50.0388138000 201901312221
1548994924 49.9198440332 201901312222
1548994984 49.7125482275 201901312223
1548995044 50.1469681334 201901312224
1548995104 49.9018183110 201901312225
1548995164 50.3831050947 201901312226
1548995224 49.6404453385 201901312227
1548995284 49.9793289166 201901312228
1548995344 49.8946080221 201901312229
1548995404 50.0478266611 201901312230
1548995423 49.9432774721 201901312230
1548995483 49.6746942108 201901312231
1548995543 49.5935784607 201901312232
1548995603 49.8333205665 201901312233
1548995663 50.0748652445 201901312234
1548995723 49.6296299052 201901312235
1548995783 49.8279128498 201901312236
1548995843 49.8603591498 201901312237
1548995903 49.3231926271 201901312238
1548995963 50.0982986834 201901312239
1548996023 49.8711745832 201901312240
1548996039 50.0784703889 201901312240
1548996099 49.7918614053 201901312241
1548996159 49.4583855439 201901312242
1548996219 49.7702305386 201901312243
1548996279 49.9595006221 201901312244
1548996339 49.9775263444 201901312245
1548996399 49.9216466054 201901312246
1548996459 49.7449945275 201901312247
1548996519 49.8333205665 201901312248
1548996579 49.7756382553 201901312249
1548996639 49.7702305386 201901312250
1548996656 50.0009597833 201901312250
1548996716 49.6837070719 201901312251
1548996776 49.7323765219 201901312252
1548996836 49.5881707440 201901312253
1548996896 49.6981276497 201901312254
1548996956 49.7936639776 201901312255
1548997016 49.4439649661 201901312256
1548997076 -0.0005911331 201901312257
1548997136 49.3970980883 201901312258
1548997196 50.2136633057 201901312259
1548997256 50.1199295501 201901312300
1548997277 49.8333205665 201901312301
1548997337 49.9216466054 201901312302
1548997397 50.0027623555 201901312303
1548997457 50.0622472389 201901312304
1548997517 50.1451655612 201901312305
1548997577 49.7179559442 201901312306
1548997637 50.1361527001 201901312307
1548997697 50.0117752166 201901312308
1548997757 50.1613887112 201901312309
1548997817 49.6638787774 201901312310
1548997877 49.8080845553 201901312311
1548997894 49.7341790942 201901312311
1548997954 49.7504022442 201901312312
1548998014 49.7792433998 201901312313
1548998074 49.9018183110 201901312314
1548998134 50.1001012556 201901312315
1548998194 49.9595006221 201901312316
1548998254 49.3376132049 201901312317
1548998314 49.6170118996 201901312318
1548998374 49.6368401941 201901312319
1548998434 49.6206170441 201901312320
1548998494 49.8621617221 201901312321
1548998512 49.9703160555 201901312321
1548998572 49.9721186277 201901312322
1548998632 50.1307449834 201901312323
1548998692 49.5322910051 201901312324
1548998752 49.4872266995 201901312325
1548998812 49.9703160555 201901312326
1548998872 49.4980421328 201901312327
1548998932 49.9216466054 201901312328
1548998992 49.8423334276 201901312329
1548999052 49.5899733163 201901312330
1548999112 49.7341790942 201901312331
1548999127 49.6620762052 201901312332
1548999187 49.8098871276 201901312333
1548999247 50.0766678167 201901312334
1548999307 49.7017327941 201901312335
1548999367 51.0067950842 201901312336
1548999427 49.7125482275 201901312337
1548999487 49.6584710608 201901312338
1548999547 50.1631912834 201901312339
1548999607 50.0640498111 201901312340
1548999667 50.0820755334 201901312341
1548999727 50.1073115445 201901312342
1548999746 49.7846511164 201901312342
1548999806 50.3182124947 201901312343
1548999866 0.0048165835 201901312344
1548999926 50.0207880778 201901312345
1548999986 49.9414748999 201901312346
1549000046 49.8946080221 201901312347
1549000106 50.1704015723 201901312348
1549000166 49.9522903332 201901312349
1549000226 49.9090285999 201901312350
1549000286 49.6494581996 201901312351
1549000346 49.6909173608 201901312352
