1549432953 -1.0000000000 2019020600027
1549433009 50.2497147502 201902060003
1549433069 50.4011308170 201902060004
1549433429 50.2046504446 201902060010
1549433489 50.5579546004 201902060011
1549433549 50.7418169673 201902060012
1549433557 50.6156369116 201902060012
1549433617 50.5201005837 201902060013
1549433677 50.7418169673 201902060014
1549433737 50.7183835284 201902060015
1549433797 50.1848221501 201902060016
1549433857 50.2911739113 201902060017
1549433917 50.5110877226 201902060018
1549433977 50.7003578061 201902060019
1549434037 50.6138343394 201902060020
1549434097 50.4876542837 201902060021
1549434157 50.7886838451 201902060022
1549434171 50.7670529784 201902060022
1549434231 50.3524613669 201902060023
1549434291 50.2064530168 201902060024
1549434351 50.4461951226 201902060025
1549434411 50.0532343778 201902060026
1549434471 50.8752073118 201902060027
1549434531 50.6733192228 201902060028
1549434591 50.5363237338 201902060029
1549434651 50.4930620004 201902060030
1549434711 50.5759803227 201902060031
1549434771 50.3867102392 201902060032
1549434788 50.6192420561 201902060033
1549434848 50.5363237338 201902060034
1549434908 50.3686845169 201902060035
1549434968 50.7742632673 201902060036
1549435028 50.3578690836 201902060037
1549435088 50.4191565392 201902060038
1549435148 50.6030189060 201902060039
1549435208 50.4552079837 201902060040
1549435268 0.0066191558 201902060041
1549435328 0.0012114391 201902060042
1549435388 0.0066191558 201902060043
1549435402 0.0030140113 201902060043
1549435462 0.0048165835 201902060044
1549435522 50.6210446283 201902060045
1549435582 50.4876542837 201902060046
1549435642 50.1938350112 201902060047
1549435702 50.5381263060 201902060048
1549435762 50.4624182726 201902060049
1549435822 50.5669674616 201902060050
1549435882 50.4498002670 201902060051
1549435942 50.3722896614 201902060052
1549436002 50.3073970613 201902060053
1549436019 50.5219031560 201902060053
1549436079 50.6534909283 201902060054
1549436139 50.7201861006 201902060055
1549436199 50.8373532951 201902060056
1549436259 50.8193275729 201902060057
1549436319 50.3434485058 201902060058
1549436379 50.6066240505 201902060059
1549436439 50.9130613285 201902060100
1549436499 50.1163244056 201902060101
1549436559 50.9905719342 201902060102
1549436619 50.1794144334 201902060103
1549436636 49.9054234554 201902060103
1549436696 50.8139198562 201902060104
1549436756 50.6282549172 201902060105
1549436816 50.5597571727 201902060106
1549436876 50.6625037894 201902060107
1549436936 50.4642208448 201902060108
1549436996 50.7111732395 201902060109
1549437056 50.8175250007 201902060110
1549437116 50.4930620004 201902060111
1549437176 50.1217321223 201902060112
1549437236 50.6985552339 201902060113
1549437251 50.7562375451 201902060114
1549437311 50.6372677783 201902060115
1549437371 50.6625037894 201902060116
1549437431 50.4498002670 201902060117
1549437491 50.4750362782 201902060118
1549437551 50.1487707056 201902060119
1549437611 50.3776973781 201902060120
1549437671 50.6354652061 201902060121
1549437731 50.4624182726 201902060122
1549437791 50.4011308170 201902060123
1549437851 50.4209591114 201902060124
1549437867 50.3740922336 201902060124
1549437927 50.3776973781 201902060125
1549437987 50.2262813113 201902060126
1549438047 50.4822465670 201902060127
1549438107 50.6985552339 201902060128
1549438167 50.6498857839 201902060129
1549438227 50.5002722893 201902060130
1549438287 50.4534054115 201902060131
1549438347 50.4407874059 201902060132
1549438407 50.2749507613 201902060133
1549438467 50.3037919169 201902060134
1549438483 50.5435340227 201902060134
1549438543 50.6192420561 201902060135
1549438603 50.5489417393 201902060136
1549438663 50.2515173224 201902060137
1549438723 50.4479976948 201902060138
1549438783 50.6751217950 201902060139
1549438843 50.6426754950 201902060140
1549438903 50.5759803227 201902060141
1549438963 50.1487707056 201902060142
1549439023 50.5471391671 201902060143
1549439083 50.7382118228 201902060144
1549439099 50.6318600616 201902060144
1549439159 50.1343501279 201902060145
1549439219 50.5885983283 201902060146
1549439279 50.6444780672 201902060147
1549439339 50.7346066784 201902060148
1549439399 50.4443925503 201902060149
1549439459 50.5381263060 201902060150
1549439519 50.3091996336 201902060151
1549439579 50.4371822615 201902060152
1549439639 50.5687700338 201902060153
1549439699 50.6967526617 201902060154
1549439717 50.1794144334 201902060155
1549439777 50.4191565392 201902060156
1549439837 50.6282549172 201902060157
1549439897 50.2965816280 201902060158
1549439957 50.3200150669 201902060159
1549440017 50.4660234170 201902060200
1549440077 50.0261957944 201902060201
1549440137 50.6030189060 201902060202
1549440197 49.4007032328 201902060203
1549440257 50.6625037894 201902060204
1549440317 50.3055944891 201902060205
1549440332 50.2226761668 201902060205
1549440392 50.4191565392 201902060206
1549440452 50.6931475172 201902060207
1549440512 50.6480832116 201902060208
1549440572 50.7093706672 201902060209
1549440632 50.2749507613 201902060210
1549440692 50.1938350112 201902060211
1549440752 50.7886838451 201902060212
1549440812 50.5867957560 201902060213
1549440872 50.8337481507 201902060214
1549440932 50.2028478724 201902060215
1549440948 50.5056800060 201902060215
1549441008 50.6444780672 201902060216
1549441068 50.7940915618 201902060217
1549441128 50.7400143951 201902060218
1549441188 50.5074825782 201902060219
1549441248 50.5849931838 201902060220
1549441308 49.9883417777 201902060221
1549441368 50.4479976948 201902060222
1549441428 50.5327185893 201902060223
1549441488 50.1199295501 201902060224
1549441548 50.6084266227 201902060225
1549441564 50.1541784223 201902060226
1549441624 50.6120317672 201902060227
1549441684 50.3344356447 201902060228
1549441744 50.5453365949 201902060229
1549441804 50.3470536503 201902060230
1549441864 50.6787269394 201902060231
1549441924 50.2136633057 201902060232
1549441984 50.4912594282 201902060233
1549442044 50.4479976948 201902060234
1549442104 50.7472246840 201902060235
1549442164 50.8607867341 201902060236
1549442179 50.3650793725 201902060236
1549442239 50.4624182726 201902060237
1549442299 50.3578690836 201902060238
1549442359 50.2659379002 201902060239
1549442419 50.3867102392 201902060240
1549442479 51.0680825398 201902060241
1549442539 50.5885983283 201902060242
1549442599 50.7129758117 201902060243
1549442659 50.6570960728 201902060244
1549442719 50.4930620004 201902060245
1549442779 50.4768388504 201902060246
1549442796 50.5273108726 201902060246
1549442856 50.4570105559 201902060247
1549442916 50.8770098841 201902060248
1549442976 50.2785559058 201902060249
1549443036 50.3740922336 201902060250
1549443096 50.4714311337 201902060251
1549443156 50.7057655228 201902060252
1549443216 50.7598426895 201902060253
1549443276 50.2154658779 201902060254
1549443336 50.3524613669 201902060255
1549443396 50.7472246840 201902060256
1549443413 50.6967526617 201902060256
1549443473 50.1289424112 201902060257
1549443533 50.5507443116 201902060258
1549443593 50.8517738729 201902060259
1549443653 50.8157224285 201902060300
1549443713 50.3344356447 201902060301
1549443773 50.4281694003 201902060302
1549443833 50.9437050563 201902060303
1549443893 50.4335771170 201902060304
1549443953 50.1559809945 201902060305
1549444013 50.1379552723 201902060306
1549444029 50.5128902949 201902060307
1549444089 50.3885128114 201902060308
1549444149 50.1902298668 201902060309
1549444209 49.5755527385 201902060310
1549444269 50.6192420561 201902060311
1549444329 50.6444780672 201902060312
1549444389 50.5885983283 201902060313
1549444449 50.1974401557 201902060314
1549444509 50.7328041062 201902060315
1549444569 50.7796709840 201902060316
1549444629 50.6444780672 201902060317
1549444645 50.5074825782 201902060317
1549444705 50.5489417393 201902060318
1549444765 50.5813880394 201902060319
1549444825 50.7508298284 201902060320
1549444885 50.3704870892 201902060321
1549444945 50.5110877226 201902060322
1549445005 50.5453365949 201902060323
1549445065 50.7490272562 201902060324
1549445125 50.3434485058 201902060325
1549445185 50.3182124947 201902060326
1549445245 50.7490272562 201902060327
1549445261 50.4335771170 201902060327
1549445321 50.7850787007 201902060328
1549445381 50.8193275729 201902060329
1549445441 50.7382118228 201902060330
1549445501 50.6300574894 201902060331
1549445561 50.5399288782 201902060332
1549445621 50.7273963895 201902060333
1549445681 50.7706581229 201902060334
1549445741 50.6859372283 201902060335
1549445801 50.3380407891 201902060336
1549445861 -0.0005911331 201902060337
1549445878 -0.0005911331 201902060337
1549445938 50.6246497727 201902060338
1549445998 50.7328041062 201902060339
1549446058 50.6787269394 201902060340
1549446118 50.7724606951 201902060341
1549446178 50.5182980115 201902060342
1549446238 0.0066191558 201902060343
1549446298 50.7418169673 201902060344
1549446358 0.0066191558 201902060345
1549446418 -0.0023937054 201902060346
1549446478 50.4840491393 201902060347
1549446487 50.3218176391 201902060348
1549446547 50.3957231003 201902060349
1549446607 50.6967526617 201902060350
1549446667 -0.0005911331 201902060351
1549446727 -0.0005911331 201902060352
1549446787 50.6282549172 201902060353
1549446847 50.5471391671 201902060354
1549446907 50.5651648893 201902060355
1549446967 50.4678259893 201902060356
1549447027 50.3867102392 201902060357
1549447087 50.7237912450 201902060358
1549447101 50.3416459336 201902060358
1549447161 50.3236202114 201902060359
1549447221 50.4948645726 201902060400
1549447281 50.4840491393 201902060401
1549447341 50.3885128114 201902060402
1549447401 50.3921179559 201902060403
1549447461 50.3001867724 201902060404
1549447521 50.4479976948 201902060405
1549447581 50.3867102392 201902060406
1549447641 50.4732337059 201902060407
1549447701 50.3993282448 201902060408
1549447717 50.5489417393 201902060408
1549447777 50.7328041062 201902060409
1549447837 50.7364092506 201902060410
1549447897 50.4714311337 201902060411
1549447957 50.2154658779 201902060412
1549448017 50.4840491393 201902060413
1549448077 50.4191565392 201902060414
1549448137 50.4876542837 201902060415
1549448197 50.1019038278 201902060416
1549448257 50.1325475556 201902060417
1549448317 50.5092851504 201902060418
1549448334 50.2839636224 201902060418
1549448394 50.9653359230 201902060419
1549448454 50.4047359614 201902060420
1549448514 50.5507443116 201902060421
1549448574 50.3632768003 201902060422
1549448634 50.5489417393 201902060423
1549448694 50.7562375451 201902060424
1549448754 50.4155513948 201902060425
1549448814 50.6048214783 201902060426
1549448874 50.4552079837 201902060427
1549448934 50.1181269778 201902060428
1549448949 50.6931475172 201902060429
1549449009 50.4479976948 201902060430
1549449069 50.3849076670 201902060431
1549449129 50.2479121780 201902060432
1549449189 50.3650793725 201902060433
1549449249 50.5453365949 201902060434
1549449309 49.7017327941 201902060435
1549449369 50.2100581613 201902060436
1549449429 50.4461951226 201902060437
1549449489 0.0120268724 201902060438
1549449549 50.1145218334 201902060439
1549449565 50.3182124947 201902060439
1549449625 50.4498002670 201902060440
1549449685 50.3939205281 201902060441
1549449745 50.3254227836 201902060442
1549449805 50.4696285615 201902060443
1549449865 50.4534054115 201902060444
1549449925 50.2677404724 201902060445
1549449985 50.1055089723 201902060446
1549450045 50.1685990001 201902060447
1549450105 50.8103147118 201902060448
1549450165 50.6192420561 201902060449
1549450183 50.1415604167 201902060449
1549450243 50.1577835668 201902060450
1549450303 50.7346066784 201902060451
1549450363 50.3578690836 201902060452
1549450423 50.4714311337 201902060453
1549450483 50.4083411059 201902060454
1549450543 50.2659379002 201902060455
1549450603 50.4119462503 201902060456
1549450663 50.6679115061 201902060457
1549450723 50.3091996336 201902060458
1549450783 50.4678259893 201902060459
1549450798 50.4624182726 201902060459
1549450858 50.4804439948 201902060500
1549450918 50.2965816280 201902060501
1549450978 50.3001867724 201902060502
1549451038 50.4750362782 201902060503
1549451098 49.9937494944 201902060504
1549451158 49.9288568943 201902060505
1549451218 50.5182980115 201902060506
1549451278 50.1722041446 201902060507
1549451338 50.4642208448 201902060508
1549451398 50.5759803227 201902060509
1549451416 50.1055089723 201902060510
1549451476 49.9991572111 201902060511
1549451536 50.4407874059 201902060512
1549451596 50.5363237338 201902060513
1549451656 50.4966671448 201902060514
1549451716 50.2551224668 201902060515
1549451776 50.3272253558 201902060516
1549451836 50.4750362782 201902060517
1549451896 50.0784703889 201902060518
1549451956 50.4930620004 201902060519
1549452016 50.0766678167 201902060520
1549452029 50.1289424112 201902060520
1549452089 50.7580401173 201902060521
1549452149 50.5597571727 201902060522
1549452209 50.0063675000 201902060523
1549452269 50.5146928671 201902060524
1549452329 50.6697140783 201902060525
1549452389 50.6715166505 201902060526
1549452449 50.6012163338 201902060527
1549452509 50.1487707056 201902060528
1549452569 50.0496292333 201902060529
1549452629 50.7346066784 201902060530
1549452647 50.6715166505 201902060530
1549452707 50.2352941724 201902060531
1549452767 50.6102291949 201902060532
1549452827 50.5994137616 201902060533
1549452887 48.8887727212 201902060534
1549452947 48.9518627490 201902060535
1549453007 49.1086865325 201902060536
1549453067 49.2979566160 201902060537
1549453127 49.4331495328 201902060538
1549453187 49.2763257493 201902060539
1549453247 47.6287747367 201902060540
1549453265 47.5242255478 201902060541
1549453325 47.7657702258 201902060542
1549453385 47.8090319591 201902060543
1549453445 47.6071438701 201902060544
1549453505 47.9153837203 201902060545
1549453565 47.7729805147 201902060546
1549453625 47.9171862926 201902060547
1549453685 47.6504056034 201902060548
1549453745 47.8775297036 201902060549
1549453805 47.6504056034 201902060550
1549453865 47.5404486978 201902060551
1549453880 47.9243965815 201902060551
1549453940 47.5296332644 201902060552
1549454000 47.9460274481 201902060553
1549454060 47.7801908035 201902060554
1549454120 50.7165809561 201902060555
1549454180 50.7291989617 201902060556
1549454240 50.5092851504 201902060557
1549454300 50.4155513948 201902060558
1549454360 50.8806150285 201902060559
1549454420 50.5128902949 201902060600
1549454480 50.1866247223 201902060601
1549454498 50.0406163722 201902060601
1549454558 50.7093706672 201902060602
1549454618 50.6661089339 201902060603
1549454678 50.6643063617 201902060604
1549454738 50.4588131281 201902060605
1549454798 50.5723751782 201902060606
1549454858 50.5759803227 201902060607
1549454918 50.3452510780 201902060608
1549454978 50.5074825782 201902060609
1549455038 49.9937494944 201902060610
1549455098 50.5020748615 201902060611
1549455113 50.4786414226 201902060611
1549455173 50.4317745448 201902060612
1549455233 50.1956375835 201902060613
1549455293 50.4714311337 201902060614
1549455353 50.8553790174 201902060615
1549455413 50.3128047780 201902060616
1549455473 50.7201861006 201902060617
1549455533 50.2911739113 201902060618
1549455593 50.3596716558 201902060619
1549455653 50.8499713007 201902060620
1549455713 50.3668819447 201902060621
1549455731 50.3524613669 201902060622
1549455791 50.4389848337 201902060623
1549455851 50.3686845169 201902060624
1549455911 50.4588131281 201902060625
1549455971 50.3957231003 201902060626
1549456031 50.7490272562 201902060627
1549456091 50.2136633057 201902060628
1549456151 50.4011308170 201902060629
1549456211 50.5867957560 201902060630
1549456271 50.4678259893 201902060631
1549456331 50.4425899781 201902060632
1549456347 50.3993282448 201902060632
1549456407 50.5128902949 201902060633
1549456467 50.6643063617 201902060634
1549456527 50.7976967062 201902060635
1549456587 50.5958086171 201902060636
1549456647 50.5904009005 201902060637
1549456707 50.5940060449 201902060638
1549456767 49.8946080221 201902060639
1549456827 50.1740067168 201902060640
1549456887 50.4948645726 201902060641
1549456947 50.4209591114 201902060642
1549456963 50.3344356447 201902060642
1549457023 50.5489417393 201902060643
1549457083 50.1217321223 201902060644
1549457143 50.2875687669 201902060645
1549457203 50.5309160171 201902060646
1549457263 50.8788124563 201902060647
1549457323 50.8301430062 201902060648
1549457383 50.5651648893 201902060649
1549457443 50.1595861390 201902060650
1549457503 50.2695430446 201902060651
1549457563 50.6552935005 201902060652
1549457580 50.4461951226 201902060653
1549457640 50.4570105559 201902060654
1549457700 50.6282549172 201902060655
1549457760 50.3975256725 201902060656
1549457820 50.4191565392 201902060657
1549457880 50.1487707056 201902060658
1549457940 50.3254227836 201902060659
1549458000 50.4299719726 201902060700
1549458060 50.5904009005 201902060701
1549458120 50.0243932222 201902060702
1549458180 50.0117752166 201902060703
1549458198 50.5885983283 201902060703
1549458258 50.2875687669 201902060704
1549458318 50.4191565392 201902060705
1549458378 50.4570105559 201902060706
1549458438 50.3037919169 201902060707
1549458498 50.5958086171 201902060708
1549458558 50.5110877226 201902060709
1549458618 50.4840491393 201902060710
1549458678 50.5579546004 201902060711
1549458738 50.3813025225 201902060712
1549458798 50.4732337059 201902060713
1549458812 50.4227616837 201902060713
1549458872 50.6841346561 201902060714
1549458932 50.8283404340 201902060715
1549458992 50.6607012172 201902060716
1549459052 50.1830195779 201902060717
1549459112 50.5885983283 201902060718
1549459172 50.4552079837 201902060719
1549459232 50.6012163338 201902060720
1549459292 50.5976111894 201902060721
1549459352 50.4101436781 201902060722
1549459412 50.3903153836 201902060723
1549459429 50.6012163338 201902060723
1549459489 50.9761513564 201902060724
1549459549 50.7436195395 201902060725
1549459609 50.6931475172 201902060726
1549459669 50.9887693619 201902060727
1549459729 50.1866247223 201902060728
1549459789 50.9220741897 201902060729
1549459849 50.7814735562 201902060730
1549459909 50.7634478340 201902060731
1549459969 50.6751217950 201902060732
1549460029 50.7255938173 201902060733
1549460045 50.6390703505 201902060734
1549460105 50.6336626338 201902060735
1549460165 50.4065385336 201902060736
1549460225 50.7255938173 201902060737
1549460285 50.5543494560 201902060738
1549460345 50.4227616837 201902060739
1549460405 50.4245642559 201902060740
1549460465 50.8481687285 201902060741
1549460525 50.5182980115 201902060742
1549460585 50.2839636224 201902060743
1549460645 50.7580401173 201902060744
1549460661 50.5020748615 201902060744
1549460721 0.0012114391 201902060745
1549460781 50.4876542837 201902060746
1549460841 50.5777828949 201902060747
1549460901 50.4443925503 201902060748
1549460961 50.5651648893 201902060749
1549461021 50.5579546004 201902060750
1549461081 50.7724606951 201902060751
1549461141 50.7742632673 201902060752
1549461201 50.6534909283 201902060753
1549461261 50.2731481891 201902060754
1549461277 50.6787269394 201902060754
1549461337 50.6372677783 201902060755
1549461397 50.8968381785 201902060756
1549461457 50.4894568559 201902060757
1549461517 50.6084266227 201902060758
1549461577 50.6534909283 201902060759
1549461637 50.4299719726 201902060800
1549461697 50.3614742281 201902060801
1549461757 50.1073115445 201902060802
1549461817 50.5687700338 201902060803
1549461877 50.6174394838 201902060804
1549461893 50.7364092506 201902060804
1549461953 50.7436195395 201902060805
1549462013 50.5904009005 201902060806
1549462073 50.4822465670 201902060807
1549462133 50.1073115445 201902060808
1549462193 50.4281694003 201902060809
1549462253 50.3813025225 201902060810
1549462313 50.6138343394 201902060811
1549462373 50.4894568559 201902060812
1549462433 50.5904009005 201902060813
1549462493 50.6769243672 201902060814
1549462510 50.7183835284 201902060815
1549462570 50.6318600616 201902060816
1549462630 50.6390703505 201902060817
1549462690 50.2154658779 201902060818
1549462750 50.4281694003 201902060819
1549462810 50.3596716558 201902060820
1549462870 50.3146073502 201902060821
1549462930 50.6462806394 201902060822
1549462990 50.2659379002 201902060823
1549463050 50.5795854671 201902060824
1549463110 50.3110022058 201902060825
1549463127 50.7273963895 201902060825
1549463187 50.4894568559 201902060826
1549463247 50.2515173224 201902060827
1549463307 50.5327185893 201902060828
1549463367 0.0012114391 201902060829
1549463427 50.4822465670 201902060830
1549463487 50.9220741897 201902060831
1549463547 50.0874832500 201902060832
1549463607 50.9400999119 201902060833
1549463667 50.5399288782 201902060834
1549463727 50.6733192228 201902060835
1549463747 50.9166664730 201902060835
1549463807 50.5651648893 201902060836
1549463867 50.5543494560 201902060837
1549463927 50.6192420561 201902060838
1549463987 50.8643918785 201902060839
1549464047 50.9166664730 201902060840
1549464107 50.7814735562 201902060841
1549464167 50.4281694003 201902060842
1549464227 50.7057655228 201902060843
1549464287 50.1487707056 201902060844
1549464347 50.9238767619 201902060845
1549464363 50.5273108726 201902060846
1549464423 50.2461096057 201902060847
1549464483 50.3722896614 201902060848
1549464543 50.9815590730 201902060849
1549464603 50.4281694003 201902060850
1549464663 50.6643063617 201902060851
1549464723 50.2082555890 201902060852
1549464783 50.4425899781 201902060853
1549464843 50.5813880394 201902060854
1549464903 50.4029333892 201902060855
1549464963 50.7346066784 201902060856
1549464982 50.5417314504 201902060856
1549465042 50.5291134449 201902060857
1549465102 50.3921179559 201902060858
1549465162 50.6048214783 201902060859
1549465222 50.8283404340 201902060900
1549465282 50.3182124947 201902060901
1549465342 50.4714311337 201902060902
1549465402 50.5651648893 201902060903
1549465462 50.4678259893 201902060904
1549465522 50.1541784223 201902060905
1549465582 50.0406163722 201902060906
1549465599 50.5597571727 201902060906
1549465659 50.7039629506 201902060907
1549465719 50.7183835284 201902060908
1549465779 50.8932330341 201902060909
1549465839 50.6120317672 201902060910
1549465899 50.5056800060 201902060911
1549465959 50.6733192228 201902060912
1549466019 50.6679115061 201902060913
1549466079 50.5002722893 201902060914
1549466139 50.6246497727 201902060915
1549466199 50.7003578061 201902060916
1549466215 50.7778684118 201902060916
1549466275 50.9346921952 201902060917
1549466335 50.6787269394 201902060918
1549466395 50.4606157004 201902060919
1549466455 50.7526324006 201902060920
1549466515 50.6769243672 201902060921
1549466575 50.9076536119 201902060922
1549466635 50.4714311337 201902060923
1549466695 50.2208735946 201902060924
1549466755 50.7039629506 201902060925
1549466815 50.6913449450 201902060926
1549466835 50.6913449450 201902060927
1549466895 50.8499713007 201902060928
1549466955 50.4750362782 201902060929
1549467015 50.4732337059 201902060930
1549467075 50.7544349728 201902060931
1549467135 50.6751217950 201902060932
1549467195 50.7093706672 201902060933
1549467255 50.3218176391 201902060934
1549467315 50.6769243672 201902060935
1549467375 50.4984697171 201902060936
1549467435 50.8734047396 201902060937
1549467450 50.4948645726 201902060937
1549467510 50.2172684501 201902060938
1549467570 50.6174394838 201902060939
1549467630 50.6480832116 201902060940
1549467690 50.2767533335 201902060941
1549467750 50.3776973781 201902060942
1549467810 50.6841346561 201902060943
1549467870 50.4191565392 201902060944
1549467930 50.1722041446 201902060945
1549467990 50.4227616837 201902060946
1549468050 50.5705726060 201902060947
1549468066 50.4479976948 201902060947
1549468126 50.8517738729 201902060948
1549468186 50.2298864557 201902060949
1549468246 50.5291134449 201902060950
1549468306 50.1415604167 201902060951
1549468366 50.3218176391 201902060952
1549468426 50.6661089339 201902060953
1549468486 50.6661089339 201902060954
1549468546 50.7886838451 201902060955
1549468606 49.4854241273 201902060956
1549468666 50.6264523450 201902060957
1549468684 50.4119462503 201902060958
1549468744 50.5795854671 201902060959
1549468804 50.3344356447 201902061000
1549468864 50.6354652061 201902061001
1549468924 50.5561520282 201902061002
1549468984 50.4858517115 201902061003
1549469044 50.4227616837 201902061004
1549469104 49.7936639776 201902061005
1549469164 50.8734047396 201902061006
1549469224 50.4588131281 201902061007
1549469284 49.9829340611 201902061008
1549469299 49.7161533719 201902061008
1549469359 50.3380407891 201902061009
1549469419 50.6931475172 201902061010
1549469479 50.5940060449 201902061011
1549469539 50.4353796892 201902061012
1549469599 50.7562375451 201902061013
1549469659 50.7075680950 201902061014
1549469719 50.3326330725 201902061015
1549469779 50.3110022058 201902061016
1549469839 50.3091996336 201902061017
1549469899 49.7071405108 201902061018
1549469917 50.3164099225 201902061018
1549469977 50.5237057282 201902061019
1549470037 50.3524613669 201902061020
1549470097 50.6336626338 201902061021
1549470157 50.3758948058 201902061022
1549470217 50.0171829333 201902061023
1549470277 49.8603591498 201902061024
1549470337 50.2334916002 201902061025
1549470397 50.5958086171 201902061026
1549470457 50.8013018507 201902061027
1549470517 50.4281694003 201902061028
1549470531 50.4498002670 201902061028
1549470591 50.6661089339 201902061029
1549470651 50.7940915618 201902061030
1549470711 50.8211301451 201902061031
1549470771 50.0406163722 201902061032
1549470831 50.8373532951 201902061033
1549470891 50.8103147118 201902061034
1549470951 50.4119462503 201902061035
1549471011 50.8121172840 201902061036
1549471071 50.4984697171 201902061037
1549471131 50.9527179175 201902061038
1549471145 50.5345211615 201902061039
1549471205 50.5345211615 201902061040
1549471265 50.8139198562 201902061041
1549471325 50.9382973397 201902061042
1549471385 50.4371822615 201902061043
1549471445 50.9004433230 201902061044
1549471505 50.5237057282 201902061045
1549471565 50.6516883561 201902061046
1549471625 50.9040484674 201902061047
1549471685 50.7165809561 201902061048
1549471745 50.7183835284 201902061049
1549471762 50.8607867341 201902061049
1549471822 50.8139198562 201902061050
1549471882 50.6120317672 201902061051
1549471942 50.5381263060 201902061052
1549472002 50.7219886728 201902061053
1549472062 50.3290279280 201902061054
1549472122 50.8589841618 201902061055
1549472182 50.9509153452 201902061056
1549472242 50.5543494560 201902061057
1549472302 50.7994992784 201902061058
1549472362 50.7165809561 201902061059
1549472376 50.6625037894 201902061059
1549472436 50.5056800060 201902061100
1549472496 50.6426754950 201902061101
1549472556 50.5399288782 201902061102
1549472616 50.2803584780 201902061103
1549472676 50.8229327174 201902061104
1549472736 50.6246497727 201902061105
1549472796 49.8026768387 201902061106
1549472856 50.4353796892 201902061107
1549472916 50.2569250391 201902061108
1549472976 50.5255083004 201902061109
1549472994 50.9671384953 201902061109
1549473054 50.3380407891 201902061110
1549473114 50.4191565392 201902061111
1549473174 50.4768388504 201902061112
1549473234 50.4768388504 201902061113
1549473294 50.3867102392 201902061114
1549473354 50.7490272562 201902061115
1549473414 50.9509153452 201902061116
1549473474 50.7580401173 201902061117
1549473534 50.7418169673 201902061118
1549473594 50.7003578061 201902061119
1549473610 50.6733192228 201902061120
1549473670 50.6679115061 201902061121
1549473730 50.7652504062 201902061122
1549473790 50.6138343394 201902061123
1549473850 50.2911739113 201902061124
1549473910 50.9184690452 201902061125
1549473970 50.9238767619 201902061126
1549474030 50.7796709840 201902061127
1549474090 50.5110877226 201902061128
1549474150 50.9382973397 201902061129
1549474210 50.6877398006 201902061130
1549474227 50.9671384953 201902061130
1549474287 50.5201005837 201902061131
1549474347 50.8031044229 201902061132
1549474407 50.2298864557 201902061133
1549474467 50.5128902949 201902061134
1549474527 50.0964961112 201902061135
1549474587 50.1884272946 201902061136
1549474647 51.1762368732 201902061137
1549474707 50.7111732395 201902061138
1549474767 51.0067950842 201902061139
1549474827 50.8427610118 201902061140
1549474843 50.5543494560 201902061140
1549474903 50.8589841618 201902061141
1549474963 50.6661089339 201902061142
1549475023 50.7219886728 201902061143
1549475083 50.7201861006 201902061144
1549475143 50.8950356063 201902061145
1549475203 50.3091996336 201902061146
1549475263 50.7291989617 201902061147
1549475323 50.4786414226 201902061148
1549475383 50.4065385336 201902061149
1549475443 50.5687700338 201902061150
1549475459 50.8896278896 201902061150
1549475519 50.6679115061 201902061151
1549475579 50.6048214783 201902061152
1549475639 50.4984697171 201902061153
1549475699 50.7580401173 201902061154
1549475759 50.6462806394 201902061155
1549475819 50.5309160171 201902061156
1549475879 50.8481687285 201902061157
1549475939 50.6264523450 201902061158
1549475999 50.5110877226 201902061159
1549476059 50.7724606951 201902061200
1549476075 50.7670529784 201902061201
1549476135 50.5741777505 201902061202
1549476195 50.4804439948 201902061203
1549476255 50.7310015339 201902061204
1549476315 50.8932330341 201902061205
1549476375 50.9869667897 201902061206
1549476435 50.9779539286 201902061207
1549476495 50.6462806394 201902061208
1549476555 50.9112587563 201902061209
1549476615 50.6823320839 201902061210
1549476675 50.7850787007 201902061211
1549476692 50.4498002670 201902061211
1549476752 50.8914304619 201902061212
1549476812 50.7580401173 201902061213
1549476872 50.4498002670 201902061214
1549476932 50.4678259893 201902061215
1549476992 50.6607012172 201902061216
1549477052 50.8517738729 201902061217
1549477112 50.7940915618 201902061218
1549477172 50.3939205281 201902061219
1549477232 50.7868812729 201902061220
1549477292 50.6228472005 201902061221
1549477307 50.8229327174 201902061221
1549477367 51.0464516731 201902061222
1549477427 49.6566684885 201902061223
1549477487 50.8229327174 201902061224
1549477547 50.7382118228 201902061225
1549477607 50.5561520282 201902061226
1549477667 50.8896278896 201902061227
1549477727 50.4750362782 201902061228
1549477787 50.3164099225 201902061229
1549477847 50.7526324006 201902061230
1549477907 49.5070549940 201902061231
1549477919 50.4173539670 201902061231
1549477979 50.7616452617 201902061232
1549478039 49.6404453385 201902061233
1549478099 50.8121172840 201902061234
1549478159 50.9815590730 201902061235
1549478219 50.8301430062 201902061236
1549478279 50.5867957560 201902061237
1549478339 50.6769243672 201902061238
1549478399 50.5922034727 201902061239
1549478459 50.7093706672 201902061240
1549478519 50.7472246840 201902061241
1549478534 50.6913449450 201902061242
1549478594 50.5885983283 201902061243
1549478654 50.5741777505 201902061244
1549478714 50.5489417393 201902061245
1549478774 50.2118607335 201902061246
1549478834 50.6877398006 201902061247
1549478894 50.6931475172 201902061248
1549478954 50.6192420561 201902061249
1549479014 50.8535764452 201902061250
1549479074 50.4696285615 201902061251
1549479134 50.0153803611 201902061252
1549479151 50.4101436781 201902061252
1549479211 50.8752073118 201902061253
1549479271 50.3975256725 201902061254
1549479331 50.8788124563 201902061255
1549479391 50.5976111894 201902061256
1549479451 50.5597571727 201902061257
1549479511 50.3740922336 201902061258
1549479571 50.5922034727 201902061259
1549479631 50.7093706672 201902061300
1549479691 51.1780394454 201902061301
1549479751 50.6066240505 201902061302
1549479768 50.7688555506 201902061302
1549479828 50.8175250007 201902061303
1549479888 50.3290279280 201902061304
1549479948 50.9274819063 201902061305
1549480008 51.0770954009 201902061306
1549480068 50.9220741897 201902061307
1549480128 50.9256793341 201902061308
1549480188 50.7093706672 201902061309
1549480248 50.6318600616 201902061310
1549480308 50.6354652061 201902061311
1549480368 50.8589841618 201902061312
1549480382 51.1023314120 201902061313
1549480442 50.5885983283 201902061314
1549480502 50.7291989617 201902061315
1549480562 50.6823320839 201902061316
1549480622 50.7273963895 201902061317
1549480682 50.6715166505 201902061318
1549480742 50.9058510396 201902061319
1549480802 50.7616452617 201902061320
1549480862 50.6210446283 201902061321
1549480922 50.5633623171 201902061322
1549480982 50.9130613285 201902061323
1549480996 50.4137488225 201902061323
1549481056 50.4804439948 201902061324
1549481116 50.9166664730 201902061325
1549481176 50.7255938173 201902061326
1549481236 50.3668819447 201902061327
1549481296 50.4299719726 201902061328
1549481356 50.5074825782 201902061329
1549481416 50.5110877226 201902061330
1549481476 50.8067095673 201902061331
1549481536 50.6426754950 201902061332
1549481596 49.9937494944 201902061333
1549481615 50.3596716558 201902061333
1549481675 50.8175250007 201902061334
1549481735 50.7400143951 201902061335
1549481795 50.6246497727 201902061336
1549481855 50.6156369116 201902061337
1549481915 50.4768388504 201902061338
1549481975 50.8643918785 201902061339
1549482035 50.5741777505 201902061340
1549482095 50.2965816280 201902061341
1549482155 50.8391558674 201902061342
1549482215 50.0928909667 201902061343
1549482231 50.4678259893 201902061343
1549482291 50.4660234170 201902061344
1549482351 50.8679970229 201902061345
1549482411 50.4119462503 201902061346
1549482471 50.7201861006 201902061347
1549482531 50.3434485058 201902061348
1549482591 50.6534909283 201902061349
1549482651 50.4966671448 201902061350
1549482711 50.1667964279 201902061351
1549482771 50.9509153452 201902061352
1549482831 50.5201005837 201902061353
1549482847 51.0374388120 201902061354
1549482907 50.2893713391 201902061355
1549482967 50.9509153452 201902061356
1549483027 50.7364092506 201902061357
1549483087 51.1726317288 201902061358
1549483147 50.5201005837 201902061359
1549483207 50.5002722893 201902061400
1549483267 50.5597571727 201902061401
1549483327 50.8391558674 201902061402
1549483387 51.0320310953 201902061403
1549483447 50.7039629506 201902061404
1549483462 51.0374388120 201902061404
1549483522 50.5453365949 201902061405
1549483582 50.6661089339 201902061406
1549483642 50.5038774337 201902061407
1549483702 50.9148639008 201902061408
1549483762 50.8679970229 201902061409
1549483822 51.0969236954 201902061410
1549483882 50.9941770786 201902061411
1549483942 50.9455076286 201902061412
1549484002 50.6570960728 201902061413
1549484062 50.7364092506 201902061414
1549484075 51.1672240121 201902061414
1549484135 50.8139198562 201902061415
1549484195 50.7111732395 201902061416
1549484255 50.6931475172 201902061417
1549484315 50.8481687285 201902061418
1549484375 50.5507443116 201902061419
1549484435 51.0338336675 201902061420
1549484495 50.7003578061 201902061421
1549484555 50.9058510396 201902061422
1549484615 50.9238767619 201902061423
1549484675 50.5597571727 201902061424
1549484690 50.8878253174 201902061424
1549484750 51.1239622787 201902061425
1549484810 50.6156369116 201902061426
1549484870 50.5345211615 201902061427
1549484930 50.8968381785 201902061428
1549484990 50.7111732395 201902061429
1549485050 50.4678259893 201902061430
1549485110 50.7598426895 201902061431
1549485170 50.7021603784 201902061432
1549485230 50.7778684118 201902061433
1549485290 50.8067095673 201902061434
1549485306 51.0644773953 201902061435
1549485366 50.8770098841 201902061436
1549485426 50.8481687285 201902061437
1549485486 50.3164099225 201902061438
1549485546 50.7778684118 201902061439
1549485606 50.9545204897 201902061440
1549485666 50.8121172840 201902061441
1549485726 50.8770098841 201902061442
1549485786 51.0374388120 201902061443
1549485846 50.0820755334 201902061444
1549485906 50.8697995952 201902061445
1549485924 50.5958086171 201902061445
1549485984 50.8121172840 201902061446
1549486044 50.5579546004 201902061447
1549486104 50.4570105559 201902061448
1549486164 50.6318600616 201902061449
1549486224 50.8571815896 201902061450
1549486284 50.5237057282 201902061451
1549486344 50.2461096057 201902061452
1549486404 50.3452510780 201902061453
1549486464 50.8355507229 201902061454
1549486524 50.5922034727 201902061455
1549486540 50.5543494560 201902061455
1549486600 50.4786414226 201902061456
1549486660 50.8085121396 201902061457
1549486720 50.7382118228 201902061458
1549486780 51.0734902565 201902061459
1549486840 50.6048214783 201902061500
1549486900 51.2249063233 201902061501
1549486960 51.0915159787 201902061502
1549487020 50.8085121396 201902061503
1549487080 50.9292844786 201902061504
1549487140 50.5237057282 201902061505
1549487155 51.0176105175 201902061505
1549487215 50.6480832116 201902061506
1549487275 51.0500568176 201902061507
1549487335 50.7021603784 201902061508
1549487395 50.8121172840 201902061509
1549487455 50.9599282064 201902061510
1549487515 50.9491127730 201902061511
1549487575 50.5056800060 201902061512
1549487635 50.8824176007 201902061513
1549487695 50.8824176007 201902061514
1549487755 51.2627603400 201902061515
1549487775 50.6949500895 201902061516
1549487835 50.6877398006 201902061517
1549487895 51.1167519898 201902061518
1549487955 50.9563230619 201902061519
1549488015 51.0590696787 201902061520
1549488075 50.8355507229 201902061521
1549488135 50.6949500895 201902061522
1549488195 50.6372677783 201902061523
1549488255 50.5417314504 201902061524
1549488315 50.6138343394 201902061525
1549488375 50.8157224285 201902061526
1549488389 50.7454221117 201902061526
1549488449 50.8229327174 201902061527
1549488509 51.1131468454 201902061528
1549488569 50.8517738729 201902061529
1549488629 50.6787269394 201902061530
1549488689 50.9004433230 201902061531
1549488749 50.5741777505 201902061532
1549488809 50.3776973781 201902061533
1549488869 50.7814735562 201902061534
1549488929 51.1510008621 201902061535
1549488989 50.9923745064 201902061536
1549489006 50.8553790174 201902061536
1549489066 50.6300574894 201902061537
1549489126 50.3686845169 201902061538
1549489186 50.7418169673 201902061539
1549489246 50.9671384953 201902061540
1549489306 51.0662799676 201902061541
1549489366 50.8842201730 201902061542
1549489426 51.0302285231 201902061543
1549489486 50.8517738729 201902061544
1549489546 50.9725462119 201902061545
1549489606 50.8878253174 201902061546
1549489624 50.8121172840 201902061547
1549489684 51.3096272178 201902061548
1549489744 50.6210446283 201902061549
1549489804 50.8697995952 201902061550
1549489864 50.4822465670 201902061551
1549489924 51.1528034343 201902061552
1549489984 50.8031044229 201902061553
1549490044 51.0807005454 201902061554
1549490104 50.8445635840 201902061555
1549490164 50.8283404340 201902061556
1549490224 50.8103147118 201902061557
1549490239 51.0734902565 201902061557
1549490299 50.8824176007 201902061558
1549490359 50.6570960728 201902061559
1549490419 51.0698851120 201902061600
1549490479 50.9256793341 201902061601
1549490539 51.0770954009 201902061602
1549490599 51.2050780288 201902061603
1549490659 50.4714311337 201902061604
1549490719 51.3366658011 201902061605
1549490779 51.2357217566 201902061606
1549490839 50.8625893063 201902061607
1549490855 50.9563230619 201902061607
1549490915 51.1708291565 201902061608
1549490975 51.1762368732 201902061609
1549491035 50.9328896230 201902061610
1549491095 51.3168375067 201902061611
1549491155 50.4966671448 201902061612
1549491215 50.8806150285 201902061613
1549491275 51.1167519898 201902061614
1549491335 50.7075680950 201902061615
1549491395 50.6210446283 201902061616
1549491455 50.8157224285 201902061617
1549491470 50.7273963895 201902061617
1549491530 50.9328896230 201902061618
1549491590 50.7742632673 201902061619
1549491650 50.7364092506 201902061620
1549491710 50.9887693619 201902061621
1549491770 51.1762368732 201902061622
1549491830 50.9455076286 201902061623
1549491890 50.8914304619 201902061624
1549491950 50.8752073118 201902061625
1549492010 50.9599282064 201902061626
1549492070 50.7688555506 201902061627
1549492086 51.1239622787 201902061628
1549492146 50.5904009005 201902061629
1549492206 -0.0059988498 201902061630
1549492266 0.0084217280 201902061631
1549492326 50.9202716174 201902061632
1549492386 50.8139198562 201902061633
1549492446 51.0248208064 201902061634
1549492506 51.0843056898 201902061635
1549492566 50.9509153452 201902061636
1549492626 51.0230182342 201902061637
1549492686 51.1780394454 201902061638
1549492701 50.7129758117 201902061638
1549492761 50.8625893063 201902061639
1549492821 50.8139198562 201902061640
1549492881 50.8643918785 201902061641
1549492941 50.8481687285 201902061642
1549493001 51.0122028009 201902061643
1549493061 51.0608722509 201902061644
1549493121 50.9635333508 201902061645
1549493181 50.8139198562 201902061646
1549493241 50.6805295117 201902061647
1549493301 50.9310870508 201902061648
1549493316 50.8517738729 201902061648
1549493376 51.1780394454 201902061649
1549493436 51.0608722509 201902061650
1549493496 51.0825031176 201902061651
1549493556 50.9184690452 201902061652
1549493616 50.7598426895 201902061653
1549493676 50.9455076286 201902061654
1549493736 50.9382973397 201902061655
1549493796 50.9076536119 201902061656
1549493856 50.7598426895 201902061657
1549493916 51.1618162954 201902061658
1549493933 50.5813880394 201902061658
1549493993 50.9076536119 201902061659
1549494053 50.9220741897 201902061700
1549494113 50.4227616837 201902061701
1549494173 50.8391558674 201902061702
1549494233 50.9112587563 201902061703
1549494293 50.5615597449 201902061704
1549494353 50.9707436397 201902061705
1549494413 50.8950356063 201902061706
1549494473 50.8824176007 201902061707
1549494533 50.6787269394 201902061708
1549494547 49.7287713775 201902061709
1549494607 50.6570960728 201902061710
1549494667 50.5128902949 201902061711
1549494727 50.7832761284 201902061712
1549494787 50.8211301451 201902061713
1549494847 50.9166664730 201902061714
1549494907 50.7057655228 201902061715
1549494967 51.1221597065 201902061716
1549495027 51.0572671064 201902061717
1549495087 50.9202716174 201902061718
1549495147 50.7886838451 201902061719
1549495165 50.6751217950 201902061719
1549495225 50.7904864173 201902061720
1549495285 50.4498002670 201902061721
1549495345 51.0482542453 201902061722
1549495405 50.8968381785 201902061723
1549495465 50.9382973397 201902061724
1549495525 50.6282549172 201902061725
1549495585 50.6607012172 201902061726
1549495645 50.7598426895 201902061727
1549495705 50.6895423728 201902061728
1549495765 50.2244787390 201902061729
1549495783 50.6895423728 201902061729
1549495843 50.6498857839 201902061730
1549495903 50.8409584396 201902061731
1549495963 50.3326330725 201902061732
1549496023 50.9959796508 201902061733
1549496083 50.9382973397 201902061734
1549496143 50.8013018507 201902061735
1549496203 50.9112587563 201902061736
1549496263 50.6102291949 201902061737
1549496323 50.7418169673 201902061738
1549496383 50.5705726060 201902061739
1549496399 50.6841346561 201902061739
1549496459 51.1347777121 201902061740
1549496519 50.8283404340 201902061741
1549496579 50.8517738729 201902061742
1549496639 50.7832761284 201902061743
1549496699 50.7706581229 201902061744
1549496759 50.9671384953 201902061745
1549496819 51.0662799676 201902061746
1549496879 50.9130613285 201902061747
1549496939 51.2050780288 201902061748
1549496999 50.5471391671 201902061749
1549497016 51.2086831732 201902061750
1549497076 50.7364092506 201902061751
1549497136 50.9473102008 201902061752
1549497196 50.4696285615 201902061753
1549497256 50.8301430062 201902061754
1549497316 50.6282549172 201902061755
1549497376 50.7778684118 201902061756
1549497436 50.9419024841 201902061757
1549497496 50.7364092506 201902061758
1549497556 50.9004433230 201902061759
1549497616 50.8301430062 201902061800
1549497631 51.3366658011 201902061800
1549497691 50.7436195395 201902061801
1549497751 50.7616452617 201902061802
1549497811 50.8355507229 201902061803
1549497871 50.9869667897 201902061804
1549497931 50.7364092506 201902061805
1549497991 51.0554645342 201902061806
1549498051 50.3794999503 201902061807
1549498111 50.8481687285 201902061808
1549498171 51.0788979731 201902061809
1549498231 50.7652504062 201902061810
1549498248 50.7562375451 201902061810
1549498308 50.8589841618 201902061811
1549498368 50.6408729227 201902061812
1549498428 50.8139198562 201902061813
1549498488 51.0518593898 201902061814
1549498548 50.9238767619 201902061815
1549498608 51.0446491009 201902061816
1549498668 50.7580401173 201902061817
1549498728 50.6931475172 201902061818
1549498788 49.6764967830 201902061819
1549498848 50.7364092506 201902061820
1549498865 50.9022458952 201902061821
1549498925 50.7922889895 201902061822
1549498985 50.6156369116 201902061823
1549499045 50.7814735562 201902061824
1549499105 51.0843056898 201902061825
1549499165 50.9274819063 201902061826
1549499225 51.0446491009 201902061827
1549499285 50.1992427279 201902061828
1549499345 50.7472246840 201902061829
1549499405 50.9166664730 201902061830
1549499465 50.7652504062 201902061831
1549499479 50.8121172840 201902061831
1549499539 51.1239622787 201902061832
1549499599 51.0825031176 201902061833
1549499659 51.0302285231 201902061834
1549499719 50.6661089339 201902061835
1549499779 50.6354652061 201902061836
1549499839 50.6841346561 201902061837
1549499899 50.7454221117 201902061838
1549499959 50.8229327174 201902061839
1549500019 50.9166664730 201902061840
1549500079 50.4660234170 201902061841
1549500096 50.8860227452 201902061841
1549500156 50.9220741897 201902061842
1549500216 50.3957231003 201902061843
1549500276 51.0446491009 201902061844
1549500336 50.9599282064 201902061845
1549500396 50.8157224285 201902061846
1549500456 50.7832761284 201902061847
1549500516 50.7868812729 201902061848
1549500576 50.3740922336 201902061849
1549500636 50.7904864173 201902061850
1549500696 51.0590696787 201902061851
1549500713 50.7382118228 201902061851
1549500773 50.9256793341 201902061852
1549500833 50.5381263060 201902061853
1549500893 50.8031044229 201902061854
1549500953 51.0987262676 201902061855
1549501013 50.9022458952 201902061856
1549501073 50.9274819063 201902061857
1549501133 50.6949500895 201902061858
1549501193 50.7075680950 201902061859
1549501253 50.9292844786 201902061900
1549501313 50.9887693619 201902061901
1549501328 51.1167519898 201902061902
1549501388 50.9527179175 201902061903
1549501448 51.0013873675 201902061904
1549501508 50.7093706672 201902061905
1549501568 51.0897134065 201902061906
1549501628 51.1437905732 201902061907
1549501688 51.1401854287 201902061908
1549501748 50.8824176007 201902061909
1549501808 50.5741777505 201902061910
1549501868 50.4858517115 201902061911
1549501928 50.8211301451 201902061912
1549501946 50.9166664730 201902061912
1549502006 50.7472246840 201902061913
1549502066 50.9328896230 201902061914
1549502126 50.8391558674 201902061915
1549502186 50.2064530168 201902061916
1549502246 50.9058510396 201902061917
1549502306 50.8139198562 201902061918
1549502366 50.6805295117 201902061919
1549502426 50.5237057282 201902061920
1549502486 50.7165809561 201902061921
1549502546 50.6895423728 201902061922
1549502561 50.6643063617 201902061922
1549502621 50.6066240505 201902061923
1549502681 50.6192420561 201902061924
1549502741 50.8643918785 201902061925
1549502801 50.7400143951 201902061926
1549502861 50.5417314504 201902061927
1549502921 50.6138343394 201902061928
1549502981 50.8625893063 201902061929
1549503041 50.8896278896 201902061930
1549503101 50.6913449450 201902061931
1549503161 51.1185545621 201902061932
1549503177 50.7454221117 201902061932
1549503237 50.7255938173 201902061933
1549503297 50.8625893063 201902061934
1549503357 50.6156369116 201902061935
1549503417 50.6246497727 201902061936
1549503477 50.8914304619 201902061937
1549503537 50.3091996336 201902061938
1549503597 50.7976967062 201902061939
1549503657 50.9797565008 201902061940
1549503717 50.5417314504 201902061941
1549503777 50.8301430062 201902061942
1549503795 50.8337481507 201902061943
1549503855 50.8878253174 201902061944
1549503915 50.5777828949 201902061945
1549503975 50.5363237338 201902061946
1549504035 50.9274819063 201902061947
1549504095 51.0698851120 201902061948
1549504155 51.0158079453 201902061949
1549504215 50.6877398006 201902061950
1549504275 50.9815590730 201902061951
1549504335 50.9905719342 201902061952
1549504395 50.9599282064 201902061953
1549504410 51.0158079453 201902061953
1549504470 50.9563230619 201902061954
1549504530 50.9256793341 201902061955
1549504590 50.2551224668 201902061956
1549504650 50.9112587563 201902061957
1549504710 50.7075680950 201902061958
1549504770 50.3542639392 201902061959
1549504830 50.4299719726 201902062000
1549504890 50.9743487842 201902062001
1549504950 50.7057655228 201902062002
1549505010 51.3637043845 201902062003
1549505026 51.0590696787 201902062003
1549505086 51.0518593898 201902062004
1549505146 51.0698851120 201902062005
1549505206 51.1077391287 201902062006
1549505266 51.2501423344 201902062007
1549505326 51.4123738345 201902062008
1549505386 50.9220741897 201902062009
1549505446 51.0428465287 201902062010
1549505506 51.1059365565 201902062011
1549505566 51.0266233786 201902062012
1549505626 51.1347777121 201902062013
1549505641 51.0104002286 201902062014
1549505701 51.3402709456 201902062015
1549505761 50.6462806394 201902062016
1549505821 50.7634478340 201902062017
1549505881 50.5525468838 201902062018
1549505941 50.9220741897 201902062019
1549506001 50.8896278896 201902062020
1549506061 50.9382973397 201902062021
1549506121 50.7382118228 201902062022
1549506181 50.8679970229 201902062023
1549506241 51.0482542453 201902062024
1549506256 50.4822465670 201902062024
1549506316 50.9815590730 201902062025
1549506376 50.7472246840 201902062026
1549506436 51.0338336675 201902062027
1549506496 50.9815590730 201902062028
1549506556 50.5291134449 201902062029
1549506616 50.7652504062 201902062030
1549506676 51.0049925120 201902062031
1549506736 50.6534909283 201902062032
1549506796 51.0392413842 201902062033
1549506856 50.7814735562 201902062034
1549506874 50.5291134449 201902062034
1549506934 50.9671384953 201902062035
1549506994 51.0572671064 201902062036
1549507054 50.7652504062 201902062037
1549507114 50.5110877226 201902062038
1549507174 50.5687700338 201902062039
1549507234 50.7093706672 201902062040
1549507294 50.2875687669 201902062041
1549507354 50.9491127730 201902062042
1549507414 50.6444780672 201902062043
1549507474 50.8193275729 201902062044
1549507488 50.5994137616 201902062044
1549507548 51.2988117844 201902062045
1549507608 50.4227616837 201902062046
1549507668 50.9473102008 201902062047
1549507728 50.5146928671 201902062048
1549507788 50.8499713007 201902062049
1549507848 50.6030189060 201902062050
1549507908 50.4065385336 201902062051
1549507968 50.7057655228 201902062052
1549508028 50.4624182726 201902062053
1549508088 50.5417314504 201902062054
1549508106 50.7526324006 201902062055
1549508166 51.0230182342 201902062056
1549508226 50.2767533335 201902062057
1549508286 50.9581256341 201902062058
1549508346 50.5417314504 201902062059
1549508406 50.9581256341 201902062100
1549508466 51.0536619620 201902062101
1549508526 50.8283404340 201902062102
1549508586 50.5795854671 201902062103
1549508646 50.7904864173 201902062104
1549508706 50.8355507229 201902062105
1549508722 50.4552079837 201902062105
1549508782 50.8661944507 201902062106
1549508842 50.6462806394 201902062107
1549508902 50.6084266227 201902062108
1549508962 51.0464516731 201902062109
1549509022 50.4966671448 201902062110
1549509082 50.6985552339 201902062111
1549509142 50.8625893063 201902062112
1549509202 50.6372677783 201902062113
1549509262 51.0915159787 201902062114
1549509322 50.3073970613 201902062115
1549509338 50.5417314504 201902062115
1549509398 50.8914304619 201902062116
1549509458 50.7436195395 201902062117
1549509518 50.6516883561 201902062118
1549509578 50.8589841618 201902062119
1549509638 50.1019038278 201902062120
1549509698 50.7688555506 201902062121
1549509758 50.4930620004 201902062122
1549509818 50.3236202114 201902062123
1549509878 50.2767533335 201902062124
1549509938 50.6102291949 201902062125
1549509955 50.6877398006 201902062125
1549510015 50.8553790174 201902062126
1549510075 51.0807005454 201902062127
1549510135 50.5110877226 201902062128
1549510195 51.0067950842 201902062129
1549510255 50.9473102008 201902062130
1549510315 50.9491127730 201902062131
1549510375 50.8752073118 201902062132
1549510435 50.6354652061 201902062133
1549510495 50.9653359230 201902062134
1549510555 50.3758948058 201902062135
1549510571 50.9617307786 201902062136
1549510631 51.1672240121 201902062137
1549510691 50.5958086171 201902062138
1549510751 50.6012163338 201902062139
1549510811 -0.0005911331 201902062140
1549510871 0.0084217280 201902062141
1549510931 -0.0023937054 201902062142
1549510991 0.0066191558 201902062143
1549511051 51.0897134065 201902062144
1549511111 51.0392413842 201902062145
1549511171 50.9545204897 201902062146
1549511187 50.9563230619 201902062146
1549511247 50.9004433230 201902062147
1549511307 50.8643918785 201902062148
1549511367 50.6444780672 201902062149
1549511427 50.6498857839 201902062150
1549511487 50.3218176391 201902062151
1549511547 50.6787269394 201902062152
1549511607 50.7436195395 201902062153
1549511667 50.9743487842 201902062154
1549511727 50.6751217950 201902062155
1549511787 50.4516028392 201902062156
1549511804 50.6715166505 201902062156
1549511864 50.7616452617 201902062157
1549511924 50.6769243672 201902062158
1549511984 50.4516028392 201902062159
1549512044 50.7436195395 201902062200
1549512104 50.7328041062 201902062201
1549512164 50.7039629506 201902062202
1549512224 51.0320310953 201902062203
1549512284 50.2839636224 201902062204
1549512344 51.1041339843 201902062205
1549512404 50.8391558674 201902062206
1549512419 51.0013873675 201902062206
1549512479 51.0788979731 201902062207
1549512539 50.6895423728 201902062208
1549512599 51.1095417009 201902062209
1549512659 50.5831906116 201902062210
1549512719 50.8283404340 201902062211
1549512779 50.7976967062 201902062212
1549512839 50.5759803227 201902062213
1549512899 50.8625893063 201902062214
1549512959 50.8842201730 201902062215
1549513019 50.6697140783 201902062216
1549513037 50.9923745064 201902062217
1549513097 50.8247352896 201902062218
1549513157 51.0085976564 201902062219
1549513217 50.9346921952 201902062220
1549513277 51.0085976564 201902062221
1549513337 50.8860227452 201902062222
1549513397 50.7724606951 201902062223
1549513457 50.9130613285 201902062224
1549513517 50.7310015339 201902062225
1549513577 51.0933185509 201902062226
1549513637 51.1041339843 201902062227
1549513656 50.7526324006 201902062227
1549513716 50.6661089339 201902062228
1549513776 50.8679970229 201902062229
1549513836 50.4660234170 201902062230
1549513896 50.8139198562 201902062231
1549513956 50.7616452617 201902062232
1549514016 50.6715166505 201902062233
1549514076 50.9004433230 201902062234
1549514136 51.0122028009 201902062235
1549514196 50.8517738729 201902062236
1549514256 51.2645629122 201902062237
1549514270 50.9437050563 201902062237
1549514330 50.8986407508 201902062238
1549514390 50.9599282064 201902062239
1549514450 51.1798420177 201902062240
1549514510 51.1437905732 201902062241
1549514570 50.4245642559 201902062242
1549514630 50.8031044229 201902062243
1549514690 50.8625893063 201902062244
1549514750 50.7580401173 201902062245
1549514810 50.5273108726 201902062246
1549514870 50.6949500895 201902062247
1549514885 50.7994992784 201902062248
1549514945 50.7688555506 201902062249
1549515005 50.4389848337 201902062250
1549515065 50.9545204897 201902062251
1549515125 50.5885983283 201902062252
1549515185 50.4389848337 201902062253
1549515245 50.7346066784 201902062254
1549515305 50.6895423728 201902062255
1549515365 50.9328896230 201902062256
1549515425 50.8013018507 201902062257
1549515485 50.9977822231 201902062258
1549515501 50.6985552339 201902062258
1549515561 50.3650793725 201902062259
1549515621 50.7147783839 201902062300
1549515681 50.8607867341 201902062301
1549515741 50.7346066784 201902062302
1549515801 50.9130613285 201902062303
1549515861 50.7310015339 201902062304
1549515921 51.0788979731 201902062305
1549515981 50.8283404340 201902062306
1549516041 50.9923745064 201902062307
1549516101 50.9617307786 201902062308
1549516116 50.5940060449 201902062308
1549516176 50.5489417393 201902062309
1549516236 50.3758948058 201902062310
1549516296 50.6012163338 201902062311
1549516356 50.8788124563 201902062312
1549516416 50.9382973397 201902062313
1549516476 50.8319455785 201902062314
1549516536 51.0951211231 201902062315
1549516596 50.6534909283 201902062316
1549516656 50.7634478340 201902062317
1549516716 50.6769243672 201902062318
1549516733 50.6841346561 201902062318
1549516793 51.0788979731 201902062319
1549516853 51.0320310953 201902062320
1549516913 51.1311725676 201902062321
1549516973 50.8950356063 201902062322
1549517033 50.6516883561 201902062323
1549517093 51.0302285231 201902062324
1549517153 50.2965816280 201902062325
1549517213 50.9473102008 201902062326
1549517273 50.5795854671 201902062327
1549517333 50.9509153452 201902062328
1549517348 50.5255083004 201902062329
1549517408 50.6841346561 201902062330
1549517468 50.9869667897 201902062331
1549517528 50.9130613285 201902062332
1549517588 50.3236202114 201902062333
1549517648 50.8499713007 201902062334
1549517708 51.1528034343 201902062335
1549517768 50.4498002670 201902062336
1549517828 50.9599282064 201902062337
1549517888 50.5759803227 201902062338
1549517948 50.8553790174 201902062339
1549517965 50.5128902949 201902062339
1549518025 50.3632768003 201902062340
1549518085 50.8283404340 201902062341
1549518145 50.5723751782 201902062342
1549518205 50.8301430062 201902062343
1549518265 51.0104002286 201902062344
1549518325 50.8770098841 201902062345
1549518385 51.0734902565 201902062346
1549518445 50.8337481507 201902062347
1549518505 50.9382973397 201902062348
1549518565 51.0770954009 201902062349
