1551074351 -1.0000000000 2019022423597
1551074407 50.3326330725 201902250000
1551074467 49.5953810329 201902250001
1551074527 49.9252517499 201902250002
1551074587 49.9540929055 201902250003
1551074647 50.0550369500 201902250004
1551074707 49.6007887496 201902250005
1551074767 49.6386427663 201902250006
1551074827 49.8315179943 201902250007
1551074887 49.7846511164 201902250008
1551074947 50.5201005837 201902250009
1551074961 50.4299719726 201902250009
1551075021 50.1091141167 201902250010
1551075081 49.8693720110 201902250011
1551075141 50.0640498111 201902250012
1551075201 49.4241366717 201902250013
1551075261 50.1001012556 201902250014
1551075321 50.0514318056 201902250015
1551075381 49.6674839219 201902250016
1551075441 50.2010453001 201902250017
1551075501 49.7846511164 201902250018
1551075561 0.0084217280 201902250019
1551075577 49.7089430830 201902250019
1551075637 49.9721186277 201902250020
1551075697 50.2244787390 201902250021
1551075757 50.3236202114 201902250022
1551075817 49.8513462887 201902250023
1551075877 49.9649083388 201902250024
1551075937 50.1631912834 201902250025
1551075997 49.8369257109 201902250026
1551076057 50.3722896614 201902250027
1551076117 49.9540929055 201902250028
1551076177 49.8315179943 201902250029
1551076196 49.9486851888 201902250029
1551076256 49.7558099609 201902250030
1551076316 50.3326330725 201902250031
1551076376 50.0261957944 201902250032
1551076436 50.0424189444 201902250033
1551076496 50.0388138000 201902250034
1551076556 50.0964961112 201902250035
1551076616 49.6260247607 201902250036
1551076676 49.1681714159 201902250037
1551076736 49.9432774721 201902250038
1551076796 50.0063675000 201902250039
1551076810 49.9685134833 201902250040
1551076870 49.8946080221 201902250041
1551076930 49.9631057666 201902250042
1551076990 49.5304884329 201902250043
1551077050 49.2925488993 201902250044
1551077110 50.1649938557 201902250045
1551077170 49.8729771554 201902250046
1551077230 49.6819044997 201902250047
1551077290 49.8441359998 201902250048
1551077350 50.4750362782 201902250049
1551077410 50.6192420561 201902250050
1551077428 49.7774408275 201902250050
1551077488 50.7129758117 201902250051
1551077548 50.1866247223 201902250052
1551077608 50.2461096057 201902250053
1551077668 50.5669674616 201902250054
1551077728 50.3236202114 201902250055
1551077788 50.8319455785 201902250056
1551077848 50.6354652061 201902250057
1551077908 50.5759803227 201902250058
1551077968 50.6534909283 201902250059
1551078028 50.5579546004 201902250100
1551078042 50.5237057282 201902250100
1551078102 50.5741777505 201902250101
1551078162 50.4840491393 201902250102
1551078222 50.5471391671 201902250103
1551078282 50.4768388504 201902250104
1551078342 51.0897134065 201902250105
1551078402 50.6534909283 201902250106
1551078462 50.0135777889 201902250107
1551078522 50.6607012172 201902250108
1551078582 50.8265378618 201902250109
1551078642 50.4678259893 201902250110
1551078659 51.0374388120 201902250110
1551078719 50.9130613285 201902250111
1551078779 51.0861082620 201902250112
1551078839 50.7003578061 201902250113
1551078899 50.9473102008 201902250114
1551078959 50.7003578061 201902250115
1551079019 50.4353796892 201902250116
1551079079 51.0302285231 201902250117
1551079139 50.9076536119 201902250118
1551079199 50.5741777505 201902250119
1551079259 50.7310015339 201902250120
1551079278 50.5237057282 201902250121
1551079338 50.6607012172 201902250122
1551079398 50.7742632673 201902250123
1551079458 50.8661944507 201902250124
1551079518 50.9995847953 201902250125
1551079578 50.6228472005 201902250126
1551079638 50.9130613285 201902250127
1551079698 50.6859372283 201902250128
1551079758 50.8499713007 201902250129
1551079818 50.1037064000 201902250130
1551079878 50.9527179175 201902250131
1551079893 50.6931475172 201902250131
1551079953 50.6607012172 201902250132
1551080013 50.6769243672 201902250133
1551080073 50.4137488225 201902250134
1551080133 50.7346066784 201902250135
1551080193 50.3398433614 201902250136
1551080253 50.7346066784 201902250137
1551080313 50.6715166505 201902250138
1551080373 51.1023314120 201902250139
1551080433 50.4750362782 201902250140
1551080493 50.2857661947 201902250141
1551080509 50.4822465670 201902250141
1551080569 50.5182980115 201902250142
1551080629 50.6210446283 201902250143
1551080689 50.2785559058 201902250144
1551080749 50.5867957560 201902250145
1551080809 49.7431919553 201902250146
1551080869 50.8121172840 201902250147
1551080929 50.0424189444 201902250148
1551080989 50.3091996336 201902250149
1551081049 50.2028478724 201902250150
1551081109 50.5561520282 201902250151
1551081126 50.5435340227 201902250152
1551081186 50.1974401557 201902250153
1551081246 50.4083411059 201902250154
1551081306 50.6480832116 201902250155
1551081366 50.7868812729 201902250156
1551081426 50.4245642559 201902250157
1551081486 50.3668819447 201902250158
1551081546 50.3434485058 201902250159
1551081606 50.3416459336 201902250200
1551081666 50.4750362782 201902250201
1551081726 50.4425899781 201902250202
1551081742 50.3380407891 201902250202
1551081802 50.1812170057 201902250203
1551081862 50.4389848337 201902250204
1551081922 50.6444780672 201902250205
1551081982 50.4696285615 201902250206
1551082042 50.4065385336 201902250207
1551082102 50.4822465670 201902250208
1551082162 50.2136633057 201902250209
1551082222 50.5885983283 201902250210
1551082282 50.2100581613 201902250211
1551082342 50.2118607335 201902250212
1551082360 50.4660234170 201902250212
1551082420 50.7201861006 201902250213
1551082480 50.7075680950 201902250214
1551082540 50.6354652061 201902250215
1551082600 49.8964105943 201902250216
1551082660 50.5453365949 201902250217
1551082720 50.3578690836 201902250218
1551082780 50.7670529784 201902250219
1551082840 50.7418169673 201902250220
1551082900 50.2569250391 201902250221
1551082960 50.5002722893 201902250222
1551082976 50.7472246840 201902250222
1551083036 50.1361527001 201902250223
1551083096 50.5723751782 201902250224
1551083156 50.5579546004 201902250225
1551083216 50.4335771170 201902250226
1551083276 50.6390703505 201902250227
1551083336 50.6120317672 201902250228
1551083396 51.0194130897 201902250229
1551083456 50.3542639392 201902250230
1551083516 50.5381263060 201902250231
1551083576 50.8571815896 201902250232
1551083592 50.9202716174 201902250233
1551083652 50.4155513948 201902250234
1551083712 50.1974401557 201902250235
1551083772 50.2190710224 201902250236
1551083832 50.0334060833 201902250237
1551083892 50.6985552339 201902250238
1551083952 50.4642208448 201902250239
1551084012 50.8986407508 201902250240
1551084072 50.4281694003 201902250241
1551084132 50.7291989617 201902250242
1551084192 50.5381263060 201902250243
1551084210 50.7760658395 201902250243
1551084270 50.2244787390 201902250244
1551084330 50.7526324006 201902250245
1551084390 51.0428465287 201902250246
1551084450 51.1077391287 201902250247
1551084510 50.8770098841 201902250248
1551084570 51.0176105175 201902250249
1551084630 50.6661089339 201902250250
1551084690 50.8842201730 201902250251
1551084750 50.8734047396 201902250252
1551084810 50.7544349728 201902250253
1551084824 50.5561520282 201902250253
1551084884 50.5705726060 201902250254
1551084944 50.0820755334 201902250255
1551085004 50.2551224668 201902250256
1551085064 50.8229327174 201902250257
1551085124 50.2695430446 201902250258
1551085184 50.0622472389 201902250259
1551085244 50.8049069951 201902250300
1551085304 50.3704870892 201902250301
1551085364 50.4173539670 201902250302
1551085424 50.3650793725 201902250303
1551085441 50.5002722893 201902250304
1551085501 49.9901443499 201902250305
1551085561 50.7382118228 201902250306
1551085621 50.6625037894 201902250307
1551085681 50.4966671448 201902250308
1551085741 50.8049069951 201902250309
1551085801 50.4479976948 201902250310
1551085861 50.2407018891 201902250311
1551085921 50.6679115061 201902250312
1551085981 50.4245642559 201902250313
1551086041 51.1311725676 201902250314
1551086059 50.2551224668 201902250314
1551086119 50.4083411059 201902250315
1551086179 50.6336626338 201902250316
1551086239 50.4606157004 201902250317
1551086299 50.0604446667 201902250318
1551086359 49.8585565776 201902250319
1551086419 50.0316035111 201902250320
1551086479 50.6156369116 201902250321
1551086539 50.7436195395 201902250322
1551086599 50.7400143951 201902250323
1551086659 50.3903153836 201902250324
1551086674 50.1199295501 201902250324
1551086734 50.7183835284 201902250325
1551086794 50.4696285615 201902250326
1551086854 50.1631912834 201902250327
1551086914 50.6282549172 201902250328
1551086974 50.3560665114 201902250329
1551087034 50.8824176007 201902250330
1551087094 50.2298864557 201902250331
1551087154 51.1708291565 201902250332
1551087214 50.7868812729 201902250333
1551087274 50.5633623171 201902250334
1551087294 50.6895423728 201902250334
1551087354 50.6570960728 201902250335
1551087414 50.5561520282 201902250336
1551087474 50.6102291949 201902250337
1551087534 51.0049925120 201902250338
1551087594 50.2929764835 201902250339
1551087654 50.7922889895 201902250340
1551087714 50.8103147118 201902250341
1551087774 51.1744343010 201902250342
1551087834 50.8319455785 201902250343
1551087894 50.2082555890 201902250344
1551087910 50.6697140783 201902250345
1551087970 50.3758948058 201902250346
1551088030 50.5128902949 201902250347
1551088090 50.6030189060 201902250348
1551088150 50.6877398006 201902250349
1551088210 50.1812170057 201902250350
1551088270 51.0266233786 201902250351
1551088330 50.3470536503 201902250352
1551088390 50.0604446667 201902250353
1551088450 50.5489417393 201902250354
1551088510 50.5327185893 201902250355
1551088524 50.7526324006 201902250355
1551088584 50.4137488225 201902250356
1551088644 50.4299719726 201902250357
1551088704 50.4606157004 201902250358
1551088764 50.3380407891 201902250359
1551088824 50.5291134449 201902250400
1551088884 50.6913449450 201902250401
1551088944 50.2028478724 201902250402
1551089004 50.6102291949 201902250403
1551089064 50.6570960728 201902250404
1551089124 50.5741777505 201902250405
1551089140 50.9905719342 201902250405
1551089200 50.7940915618 201902250406
1551089260 50.6228472005 201902250407
1551089320 51.0428465287 201902250408
1551089380 50.4714311337 201902250409
1551089440 50.7994992784 201902250410
1551089500 50.3200150669 201902250411
1551089560 50.1722041446 201902250412
1551089620 50.5741777505 201902250413
1551089680 50.4624182726 201902250414
1551089740 50.5020748615 201902250415
1551089755 50.7310015339 201902250415
1551089815 50.1649938557 201902250416
1551089875 50.3434485058 201902250417
1551089935 50.6949500895 201902250418
1551089995 50.1451655612 201902250419
1551090055 50.6084266227 201902250420
1551090115 50.7057655228 201902250421
1551090175 50.4624182726 201902250422
1551090235 50.1830195779 201902250423
1551090295 50.7201861006 201902250424
1551090355 51.0446491009 201902250425
1551090371 50.6192420561 201902250426
1551090431 50.8481687285 201902250427
1551090491 50.7328041062 201902250428
1551090551 50.5453365949 201902250429
1551090611 49.8098871276 201902250430
1551090671 50.7706581229 201902250431
1551090731 50.1325475556 201902250432
1551090791 49.7864536887 201902250433
1551090851 50.3290279280 201902250434
1551090911 50.6679115061 201902250435
1551090971 50.1667964279 201902250436
1551090990 49.9486851888 201902250436
1551091050 50.1613887112 201902250437
1551091110 50.5759803227 201902250438
1551091170 50.6408729227 201902250439
1551091230 50.5579546004 201902250440
1551091290 50.9274819063 201902250441
1551091350 50.7093706672 201902250442
1551091410 50.8013018507 201902250443
1551091470 50.7778684118 201902250444
1551091530 50.9220741897 201902250445
1551091590 50.8301430062 201902250446
1551091605 50.6354652061 201902250446
1551091665 50.7544349728 201902250447
1551091725 50.8067095673 201902250448
1551091785 50.8121172840 201902250449
1551091845 50.5074825782 201902250450
1551091905 50.0712601000 201902250451
1551091965 50.9887693619 201902250452
1551092025 50.3254227836 201902250453
1551092085 50.4768388504 201902250454
1551092145 50.3434485058 201902250455
1551092205 50.1379552723 201902250456
1551092222 50.6354652061 201902250457
1551092282 50.7994992784 201902250458
1551092342 50.5597571727 201902250459
1551092402 50.3380407891 201902250500
1551092462 50.1830195779 201902250501
1551092522 50.5849931838 201902250502
1551092582 49.9775263444 201902250503
1551092642 50.3596716558 201902250504
1551092702 50.9509153452 201902250505
1551092762 50.1091141167 201902250506
1551092822 50.9292844786 201902250507
1551092837 50.9725462119 201902250507
1551092897 50.7994992784 201902250508
1551092957 50.5164954393 201902250509
1551093017 50.7057655228 201902250510
1551093077 50.2569250391 201902250511
1551093137 50.4750362782 201902250512
1551093197 50.4858517115 201902250513
1551093257 50.4101436781 201902250514
1551093317 50.0424189444 201902250515
1551093377 50.0153803611 201902250516
1551093437 49.8495437165 201902250517
1551093456 50.3794999503 201902250517
1551093516 50.3506587947 201902250518
1551093576 50.5363237338 201902250519
1551093636 50.0334060833 201902250520
1551093696 50.7490272562 201902250521
1551093756 50.7219886728 201902250522
1551093816 50.1685990001 201902250523
1551093876 50.3488562225 201902250524
1551093936 50.2334916002 201902250525
1551093996 50.0892858223 201902250526
1551094056 50.4840491393 201902250527
1551094074 50.1974401557 201902250527
1551094134 50.1667964279 201902250528
1551094194 50.3542639392 201902250529
1551094254 0.0030140113 201902250530
1551094314 -0.0005911331 201902250531
1551094374 0.0030140113 201902250532
1551094434 -0.0023937054 201902250533
1551094494 50.8914304619 201902250534
1551094554 50.2370967446 201902250535
1551094614 50.6120317672 201902250536
1551094674 50.5651648893 201902250537
1551094688 50.5651648893 201902250538
1551094748 50.5182980115 201902250539
1551094808 50.7940915618 201902250540
1551094868 50.1361527001 201902250541
1551094928 50.3272253558 201902250542
1551094988 50.5327185893 201902250543
1551095048 49.8477411443 201902250544
1551095108 50.2208735946 201902250545
1551095168 50.5904009005 201902250546
1551095228 50.2407018891 201902250547
1551095288 50.4029333892 201902250548
1551095306 50.2443070335 201902250548
1551095366 50.3903153836 201902250549
1551095426 49.9667109110 201902250550
1551095486 50.5146928671 201902250551
1551095546 50.4353796892 201902250552
1551095606 50.1523758501 201902250553
1551095666 50.5002722893 201902250554
1551095726 50.5020748615 201902250555
1551095786 50.8752073118 201902250556
1551095846 50.3091996336 201902250557
1551095906 50.3704870892 201902250558
1551095925 50.4461951226 201902250558
1551095985 50.7183835284 201902250559
1551096045 50.3308305002 201902250600
1551096105 50.5110877226 201902250601
1551096165 49.8477411443 201902250602
1551096225 50.4065385336 201902250603
1551096285 50.6985552339 201902250604
1551096345 50.6552935005 201902250605
1551096405 50.1181269778 201902250606
1551096465 50.3975256725 201902250607
1551096525 50.2208735946 201902250608
1551096541 50.3434485058 201902250609
1551096601 50.0279983666 201902250610
1551096661 50.1740067168 201902250611
1551096721 50.3362382169 201902250612
1551096781 50.5669674616 201902250613
1551096841 50.1433629890 201902250614
1551096901 50.4732337059 201902250615
1551096961 50.2172684501 201902250616
1551097021 49.9847366333 201902250617
1551097081 50.2208735946 201902250618
1551097141 50.4588131281 201902250619
1551097158 50.2316890279 201902250619
1551097218 50.3110022058 201902250620
1551097278 50.5795854671 201902250621
1551097338 50.6570960728 201902250622
1551097398 50.8391558674 201902250623
1551097458 50.4588131281 201902250624
1551097518 50.4786414226 201902250625
1551097578 50.2821610502 201902250626
1551097638 50.1992427279 201902250627
1551097698 50.3308305002 201902250628
1551097758 50.5669674616 201902250629
1551097774 50.4479976948 201902250629
1551097834 50.4443925503 201902250630
1551097894 50.5201005837 201902250631
1551097954 50.3272253558 201902250632
1551098014 50.3614742281 201902250633
1551098074 50.5255083004 201902250634
1551098134 -0.0005911331 201902250635
1551098194 50.2154658779 201902250636
1551098254 50.3200150669 201902250637
1551098314 50.6084266227 201902250638
1551098374 50.9617307786 201902250639
1551098389 50.4624182726 201902250639
1551098449 50.8049069951 201902250640
1551098509 50.6354652061 201902250641
1551098569 50.5651648893 201902250642
1551098629 50.1523758501 201902250643
1551098689 50.7165809561 201902250644
1551098749 49.9631057666 201902250645
1551098809 50.7111732395 201902250646
1551098869 50.4660234170 201902250647
1551098929 50.8571815896 201902250648
1551098989 50.3578690836 201902250649
1551099006 50.5435340227 201902250650
1551099066 50.5399288782 201902250651
1551099126 50.5831906116 201902250652
1551099186 50.2334916002 201902250653
1551099246 50.2425044613 201902250654
1551099306 50.6282549172 201902250655
1551099366 50.6661089339 201902250656
1551099426 50.5777828949 201902250657
1551099486 50.3831050947 201902250658
1551099546 50.6444780672 201902250659
1551099606 50.3524613669 201902250700
1551099621 50.6030189060 201902250700
1551099681 50.6408729227 201902250701
1551099741 50.4353796892 201902250702
1551099801 50.7958941340 201902250703
1551099861 50.5255083004 201902250704
1551099921 50.4263668281 201902250705
1551099981 50.2118607335 201902250706
1551100041 50.3975256725 201902250707
1551100101 50.7364092506 201902250708
1551100161 50.5705726060 201902250709
1551100221 49.9991572111 201902250710
1551100238 50.1361527001 201902250710
1551100298 50.4876542837 201902250711
1551100358 50.4119462503 201902250712
1551100418 50.1451655612 201902250713
1551100478 50.2785559058 201902250714
1551100538 50.0352086555 201902250715
1551100598 50.2280838835 201902250716
1551100658 50.2208735946 201902250717
1551100718 50.5525468838 201902250718
1551100778 50.6444780672 201902250719
1551100838 50.7742632673 201902250720
1551100853 50.3073970613 201902250720
1551100913 50.5885983283 201902250721
1551100973 50.6372677783 201902250722
1551101033 49.7882562609 201902250723
1551101093 0.0048165835 201902250724
1551101153 0.0066191558 201902250725
1551101213 0.0012114391 201902250726
1551101273 -0.0005911331 201902250727
1551101333 -0.0096039943 201902250728
1551101393 -0.0023937054 201902250729
1551101453 -0.0005911331 201902250730
1551101464 0.0048165835 201902250731
1551101524 0.0048165835 201902250732
1551101584 0.0066191558 201902250733
1551101644 0.0012114391 201902250734
1551101704 0.0030140113 201902250735
1551101764 -0.0041962776 201902250736
1551101824 0.0048165835 201902250737
1551101884 0.0030140113 201902250738
1551101944 0.0084217280 201902250739
1551102004 0.0012114391 201902250740
1551102064 0.0066191558 201902250741
1551102076 0.0084217280 201902250741
1551102136 0.0012114391 201902250742
1551102196 0.0012114391 201902250743
1551102256 -0.0059988498 201902250744
1551102316 0.0030140113 201902250745
1551102376 -0.0005911331 201902250746
1551102436 -0.0005911331 201902250747
1551102496 -0.0059988498 201902250748
1551102556 0.0012114391 201902250749
1551102616 -0.0023937054 201902250750
1551102676 -0.0041962776 201902250751
1551102688 0.0102243002 201902250751
1551102748 -0.0023937054 201902250752
1551102808 0.0030140113 201902250753
1551102868 0.0120268724 201902250754
1551102928 -0.0005911331 201902250755
1551102988 0.0030140113 201902250756
1551103048 0.0066191558 201902250757
1551103108 0.0030140113 201902250758
1551103168 0.0012114391 201902250759
1551103228 0.0012114391 201902250800
1551103288 0.0048165835 201902250801
1551103298 0.0030140113 201902250801
1551103358 -0.0023937054 201902250802
1551103418 0.0012114391 201902250803
1551103478 0.0066191558 201902250804
1551103538 0.0030140113 201902250805
1551103598 0.0030140113 201902250806
1551103599 0.0084217280 201902250806
1551106641 0.0030140113 201902250857
1551106701 0.0030140113 201902250858
1551106761 0.0030140113 201902250859
1551106821 0.0030140113 201902250900
1551106881 0.0030140113 201902250901
1551106941 0.0030140113 201902250902
1551107001 0.0030140113 201902250903
1551107061 0.0030140113 201902250904
1551107121 0.0030140113 201902250905
1551107181 0.0030140113 201902250906
1551107241 0.0030140113 201902250907
1551107301 0.0030140113 201902250908
1551107361 0.0030140113 201902250909
1551107421 0.0030140113 201902250910
1551107481 0.0030140113 201902250911
1551107541 0.0030140113 201902250912
1551107601 0.0030140113 201902250913
1551107661 0.0030140113 201902250914
1551107721 0.0030140113 201902250915
1551107781 0.0030140113 201902250916
1551107841 0.0030140113 201902250917
1551107901 0.0030140113 201902250918
1551107961 0.0030140113 201902250919
1551108021 0.0030140113 201902250920
1551108081 0.0030140113 201902250921
1551108141 0.0030140113 201902250922
1551108201 0.0030140113 201902250923
1551108261 0.0030140113 201902250924
1551108321 0.0030140113 201902250925
1551108381 0.0030140113 201902250926
1551108441 0.0030140113 201902250927
1551108501 0.0030140113 201902250928
1551108561 0.0030140113 201902250929
1551108621 0.0030140113 201902250930
1551108681 0.0030140113 201902250931
1551108741 0.0030140113 201902250932
1551108801 0.0030140113 201902250933
1551108861 0.0030140113 201902250934
1551108921 0.0030140113 201902250935
1551108981 0.0030140113 201902250936
1551109041 0.0030140113 201902250937
1551109101 0.0030140113 201902250938
1551109161 0.0030140113 201902250939
1551109221 0.0030140113 201902250940
1551109281 0.0030140113 201902250941
1551109341 0.0030140113 201902250942
1551109401 0.0030140113 201902250943
1551109461 0.0030140113 201902250944
1551109521 0.0030140113 201902250945
1551109581 0.0030140113 201902250946
1551109641 0.0030140113 201902250947
1551109701 0.0030140113 201902250948
1551109761 0.0030140113 201902250949
1551109821 0.0030140113 201902250950
1551109881 0.0030140113 201902250951
1551109941 0.0030140113 201902250952
1551110001 0.0030140113 201902250953
1551110061 0.0030140113 201902250954
1551110121 0.0030140113 201902250955
1551110181 0.0030140113 201902250956
1551110241 0.0102243002 201902250957
1551110301 -0.0023937054 201902250958
1551110361 -0.0023937054 201902250959
1551110421 -0.0059988498 201902251000
1551110481 -0.0096039943 201902251001
1551110507 0.0084217280 201902251001
1551110567 0.0066191558 201902251002
1551110627 12.0640247609 201902251003
1551110687 44.9573627011 201902251004
1551110747 48.0595894982 201902251005
1551110807 -0.0005911331 201902251006
1551110867 48.7139232155 201902251007
1551110927 49.5196729995 201902251008
1551110987 49.8405308554 201902251009
1551111047 0.0012114391 201902251010
1551111107 50.1127192612 201902251011
1551111167 49.6855096441 201902251012
1551111185 50.3362382169 201902251013
1551111245 50.5092851504 201902251014
1551111305 50.3632768003 201902251015
1551111365 50.3326330725 201902251016
1551111425 50.1451655612 201902251017
1551111485 49.8873977332 201902251018
1551111545 49.7017327941 201902251019
1551111605 50.0820755334 201902251020
1551111665 12.1721790943 201902251021
1551111725 20.3486467015 201902251022
1551111785 49.8982131665 201902251023
1551111801 49.9468826166 201902251023
1551111861 50.2479121780 201902251024
1551111921 50.1397578445 201902251025
1551111981 50.1992427279 201902251026
1551112041 50.7472246840 201902251027
1551112101 50.4876542837 201902251028
1551112161 50.5885983283 201902251029
1551112221 49.8982131665 201902251030
1551112281 50.1271398390 201902251031
1551112341 50.5849931838 201902251032
1551112401 50.5345211615 201902251033
1551112416 50.1253372667 201902251033
1551112476 50.1974401557 201902251034
1551112536 50.7418169673 201902251035
1551112596 50.1685990001 201902251036
1551112656 50.6480832116 201902251037
1551112716 50.7400143951 201902251038
1551112776 50.8499713007 201902251039
1551112836 50.4461951226 201902251040
1551112896 50.7562375451 201902251041
1551112956 50.2154658779 201902251042
1551113016 50.5074825782 201902251043
1551113031 50.5309160171 201902251043
1551113091 50.8463661563 201902251044
1551113151 50.1415604167 201902251045
1551113211 50.5741777505 201902251046
1551113271 49.9324620388 201902251047
1551113331 50.6877398006 201902251048
1551113391 48.8941804379 201902251049
1551113451 50.1037064000 201902251050
1551113511 49.8982131665 201902251051
1551113571 50.2010453001 201902251052
1551113631 50.1722041446 201902251053
1551113644 50.0730626722 201902251054
1551113704 50.3164099225 201902251055
1551113764 50.6264523450 201902251056
1551113824 50.4083411059 201902251057
1551113884 50.6643063617 201902251058
1551113944 50.8265378618 201902251059
1551114004 50.2821610502 201902251100
1551114064 50.2947790558 201902251101
1551114124 50.8553790174 201902251102
1551114184 49.5034498495 201902251103
1551114244 50.0316035111 201902251104
1551114257 50.1199295501 201902251104
1551114317 49.8567540054 201902251105
1551114377 50.3903153836 201902251106
1551114437 50.8319455785 201902251107
1551114497 50.1307449834 201902251108
1551114557 50.4786414226 201902251109
1551114617 50.3650793725 201902251110
1551114677 50.5904009005 201902251111
1551114737 50.7075680950 201902251112
1551114797 50.7237912450 201902251113
1551114857 50.2262813113 201902251114
1551114870 50.0928909667 201902251114
1551114930 50.3091996336 201902251115
1551114990 50.5741777505 201902251116
1551115050 50.7454221117 201902251117
1551115110 50.5291134449 201902251118
1551115170 50.0658523833 201902251119
1551115230 50.3794999503 201902251120
1551115290 50.3326330725 201902251121
1551115350 50.3416459336 201902251122
1551115410 50.3704870892 201902251123
1551115470 50.2407018891 201902251124
1551115486 50.2028478724 201902251124
1551115546 50.5399288782 201902251125
1551115606 50.6805295117 201902251126
1551115666 50.5525468838 201902251127
1551115726 49.9522903332 201902251128
1551115786 50.4588131281 201902251129
1551115846 50.4534054115 201902251130
1551115906 50.0298009389 201902251131
1551115966 50.3470536503 201902251132
1551116026 50.3668819447 201902251133
1551116086 49.9685134833 201902251134
1551116100 49.8513462887 201902251135
1551116160 50.4281694003 201902251136
1551116220 50.4227616837 201902251137
1551116280 50.3867102392 201902251138
1551116340 35.4361762149 201902251139
1551116400 49.8892003054 201902251140
1551116460 50.4714311337 201902251141
1551116520 50.6480832116 201902251142
1551116580 50.6084266227 201902251143
1551116640 50.0676549556 201902251144
1551116700 50.3182124947 201902251145
1551116715 50.4389848337 201902251145
1551116775 50.4606157004 201902251146
1551116835 50.4750362782 201902251147
1551116895 50.5291134449 201902251148
1551116955 50.7886838451 201902251149
1551117015 50.3993282448 201902251150
1551117075 50.4353796892 201902251151
1551117135 50.2821610502 201902251152
1551117195 50.9112587563 201902251153
1551117255 50.3182124947 201902251154
1551117315 50.5345211615 201902251155
1551117329 50.0802729611 201902251155
1551117389 0.0066191558 201902251156
1551117449 50.1938350112 201902251157
1551117509 49.9252517499 201902251158
1551117569 49.6764967830 201902251159
1551117629 49.8423334276 201902251200
1551117689 50.4696285615 201902251201
1551117749 50.5471391671 201902251202
1551117809 50.5976111894 201902251203
1551117869 50.5597571727 201902251204
1551117929 50.5255083004 201902251205
1551117942 50.3398433614 201902251205
1551118002 49.4764112662 201902251206
1551118062 50.4696285615 201902251207
1551118122 50.3722896614 201902251208
1551118182 50.7093706672 201902251209
1551118242 49.9901443499 201902251210
1551118302 50.3362382169 201902251211
1551118362 50.5759803227 201902251212
1551118422 49.7522048164 201902251213
1551118482 50.1902298668 201902251214
1551118542 49.7648228220 201902251215
1551118558 50.3380407891 201902251215
1551118618 50.8643918785 201902251216
1551118678 50.1037064000 201902251217
1551118738 49.7702305386 201902251218
1551118798 49.8243077054 201902251219
1551118858 50.1145218334 201902251220
1551118918 50.3290279280 201902251221
1551118978 50.1127192612 201902251222
1551119038 50.3668819447 201902251223
1551119098 50.1379552723 201902251224
1551119158 50.6913449450 201902251225
1551119172 50.2461096057 201902251226
1551119232 50.1848221501 201902251227
1551119292 50.5543494560 201902251228
1551119352 50.3091996336 201902251229
1551119412 -0.0023937054 201902251230
1551119472 -0.0041962776 201902251231
1551119532 -0.0005911331 201902251232
1551119592 0.0066191558 201902251233
1551119652 50.3055944891 201902251234
1551119712 50.2443070335 201902251235
1551119772 50.6697140783 201902251236
1551119787 50.2749507613 201902251236
1551119847 50.2443070335 201902251237
1551119907 50.0946935389 201902251238
1551119967 49.9180414610 201902251239
1551120027 50.3182124947 201902251240
1551120087 50.1271398390 201902251241
1551120147 50.2875687669 201902251242
1551120207 50.4714311337 201902251243
1551120267 50.4516028392 201902251244
1551120327 50.4660234170 201902251245
1551120387 50.3596716558 201902251246
1551120404 50.7706581229 201902251246
1551120464 49.6224196163 201902251247
1551120524 50.1217321223 201902251248
1551120584 50.0892858223 201902251249
1551120644 50.1091141167 201902251250
1551120704 50.2731481891 201902251251
1551120764 50.1343501279 201902251252
1551120824 50.0388138000 201902251253
1551120884 49.4710035495 201902251254
1551120944 49.9378697555 201902251255
1551121004 50.3254227836 201902251256
1551121023 50.3614742281 201902251257
1551121083 50.4912594282 201902251258
1551121143 50.2749507613 201902251259
1551121203 50.4534054115 201902251300
1551121263 50.2407018891 201902251301
1551121323 50.2136633057 201902251302
1551121383 50.1541784223 201902251303
1551121443 50.6336626338 201902251304
1551121503 50.0117752166 201902251305
1551121563 50.1055089723 201902251306
1551121623 50.1956375835 201902251307
1551121638 50.3290279280 201902251307
1551121698 49.9991572111 201902251308
1551121758 50.3650793725 201902251309
1551121818 50.2983842002 201902251310
1551121878 50.0928909667 201902251311
1551121938 50.2839636224 201902251312
1551121998 49.3448234938 201902251313
1551122058 50.1091141167 201902251314
1551122118 50.1145218334 201902251315
1551122178 50.0766678167 201902251316
1551122238 50.2857661947 201902251317
1551122255 50.1866247223 201902251317
1551122315 50.1974401557 201902251318
1551122375 50.3236202114 201902251319
1551122435 49.7576125331 201902251320
1551122495 50.2551224668 201902251321
1551122555 50.2659379002 201902251322
1551122615 50.2461096057 201902251323
1551122675 49.8639642943 201902251324
1551122735 49.7269688053 201902251325
1551122795 50.3272253558 201902251326
1551122855 49.7738356831 201902251327
1551122870 50.4137488225 201902251327
1551122930 50.0910883945 201902251328
1551122990 50.1776118612 201902251329
1551123050 50.2713456169 201902251330
1551123110 49.8928054499 201902251331
1551123170 50.1235346945 201902251332
1551123230 50.2082555890 201902251333
1551123290 49.7269688053 201902251334
1551123350 50.0802729611 201902251335
1551123410 50.0946935389 201902251336
1551123470 50.4894568559 201902251337
1551123485 50.0009597833 201902251338
1551123545 50.2388993168 201902251339
1551123605 50.2983842002 201902251340
1551123665 50.1361527001 201902251341
1551123725 50.1848221501 201902251342
1551123785 50.2947790558 201902251343
1551123845 49.9324620388 201902251344
1551123905 49.7918614053 201902251345
1551123965 50.1866247223 201902251346
1551124025 49.9955520666 201902251347
1551124085 50.0135777889 201902251348
1551124101 50.3182124947 201902251348
1551124161 50.1902298668 201902251349
1551124221 50.4443925503 201902251350
1551124281 50.4858517115 201902251351
1551124341 50.2082555890 201902251352
1551124401 50.1848221501 201902251353
1551124461 50.0766678167 201902251354
1551124521 50.3632768003 201902251355
1551124581 50.0640498111 201902251356
1551124641 49.9883417777 201902251357
1551124701 49.9396723277 201902251358
1551124715 50.2659379002 201902251358
1551124775 50.4498002670 201902251359
1551124835 49.8333205665 201902251400
1551124895 49.9649083388 201902251401
1551124955 49.9558954777 201902251402
1551125015 49.8225051331 201902251403
1551125075 50.3019893447 201902251404
1551125135 50.1307449834 201902251405
1551125195 50.3975256725 201902251406
1551125255 49.5178704273 201902251407
1551125315 50.1001012556 201902251408
1551125328 49.6692864941 201902251408
1551125388 49.8783848721 201902251409
1551125448 49.7990716942 201902251410
1551125508 49.8098871276 201902251411
1551125568 50.0550369500 201902251412
1551125628 49.7522048164 201902251413
1551125688 50.0676549556 201902251414
1551125748 50.1722041446 201902251415
1551125808 49.7413893831 201902251416
1551125868 50.0496292333 201902251417
1551125928 50.0081700722 201902251418
1551125940 49.8369257109 201902251419
1551126000 49.7864536887 201902251420
1551126060 49.2384717326 201902251421
1551126120 50.0225906500 201902251422
1551126180 49.5232781440 201902251423
1551126240 50.3867102392 201902251424
1551126300 50.1127192612 201902251425
1551126360 50.2731481891 201902251426
1551126420 -0.0005911331 201902251427
1551126480 49.7305739497 201902251428
1551126540 49.4043083772 201902251429
1551126552 49.8892003054 201902251429
1551126612 49.2204460104 201902251430
1551126672 49.7251662330 201902251431
1551126732 50.0676549556 201902251432
1551126792 50.2497147502 201902251433
1551126852 49.7792433998 201902251434
1551126912 50.2695430446 201902251435
1551126972 49.8729771554 201902251436
1551127032 49.7900588331 201902251437
1551127092 50.2118607335 201902251438
1551127152 50.4930620004 201902251439
1551127168 50.5831906116 201902251439
1551127228 50.7670529784 201902251440
1551127288 50.0496292333 201902251441
1551127348 50.3506587947 201902251442
1551127408 50.3560665114 201902251443
1551127468 50.3975256725 201902251444
1551127528 49.8261102776 201902251445
1551127588 50.4227616837 201902251446
1551127648 50.0261957944 201902251447
1551127708 50.8463661563 201902251448
1551127768 50.3434485058 201902251449
1551127781 50.5399288782 201902251449
1551127841 50.1397578445 201902251450
1551127901 50.6931475172 201902251451
1551127961 50.5056800060 201902251452
1551128021 50.4083411059 201902251453
1551128081 50.5615597449 201902251454
1551128141 50.7003578061 201902251455
1551128201 51.3420735178 201902251456
1551128261 50.0856806778 201902251457
1551128321 50.6877398006 201902251458
1551128381 50.5543494560 201902251459
1551128398 50.8986407508 201902251459
1551128458 50.0532343778 201902251500
1551128518 50.1613887112 201902251501
1551128578 50.7670529784 201902251502
1551128638 50.6661089339 201902251503
1551128698 50.0874832500 201902251504
1551128758 50.1866247223 201902251505
1551128818 50.1595861390 201902251506
1551128878 50.4263668281 201902251507
1551128938 50.4786414226 201902251508
1551128998 50.2767533335 201902251509
1551129013 50.7922889895 201902251510
1551129073 50.1001012556 201902251511
1551129133 50.6084266227 201902251512
1551129193 50.5723751782 201902251513
1551129253 50.8824176007 201902251514
1551129313 50.9473102008 201902251515
1551129373 50.3650793725 201902251516
1551129433 50.2803584780 201902251517
1551129493 50.2569250391 201902251518
1551129553 50.5922034727 201902251519
1551129613 -0.0041962776 201902251520
1551129628 0.0012114391 201902251520
1551129688 0.0030140113 201902251521
1551129748 -0.0005911331 201902251522
1551129808 0.0048165835 201902251523
1551129868 0.0012114391 201902251524
1551129928 -0.0023937054 201902251525
1551129988 -0.0041962776 201902251526
1551130048 0.0012114391 201902251527
1551130108 -0.0059988498 201902251528
1551130168 -0.0041962776 201902251529
1551130228 -0.0005911331 201902251530
1551130240 -0.0005911331 201902251530
1551130300 0.0120268724 201902251531
1551130360 0.0120268724 201902251532
1551130420 -0.0005911331 201902251533
1551130480 0.0030140113 201902251534
1551130540 -0.0041962776 201902251535
1551130600 0.0120268724 201902251536
1551130660 0.0048165835 201902251537
1551130720 -0.0005911331 201902251538
1551130780 50.6931475172 201902251539
1551130840 50.0370112278 201902251540
1551130853 50.7526324006 201902251540
1551130913 50.8247352896 201902251541
1551130973 50.6210446283 201902251542
1551131033 50.7165809561 201902251543
1551131093 50.3236202114 201902251544
1551131153 50.5327185893 201902251545
1551131213 50.7742632673 201902251546
1551131273 50.2082555890 201902251547
1551131333 50.1848221501 201902251548
1551131393 50.4840491393 201902251549
1551131453 50.6336626338 201902251550
1551131465 50.7796709840 201902251551
1551131525 50.4353796892 201902251552
1551131585 50.4335771170 201902251553
1551131645 50.2208735946 201902251554
1551131705 50.3001867724 201902251555
1551131765 49.9234491777 201902251556
1551131825 50.1613887112 201902251557
1551131885 50.7850787007 201902251558
1551131945 49.9090285999 201902251559
1551132005 50.0225906500 201902251600
1551132065 50.6120317672 201902251601
1551132078 50.3272253558 201902251601
1551132138 51.0969236954 201902251602
1551132198 50.0460240889 201902251603
1551132258 50.1559809945 201902251604
1551132318 50.7778684118 201902251605
1551132378 49.9721186277 201902251606
1551132438 -0.0005911331 201902251607
1551132498 50.0334060833 201902251608
1551132558 -0.0059988498 201902251609
1551132618 50.0514318056 201902251610
1551132678 50.6805295117 201902251611
1551132693 50.7796709840 201902251611
1551132753 50.9527179175 201902251612
1551132813 50.5940060449 201902251613
1551132873 50.5525468838 201902251614
1551132933 50.3686845169 201902251615
1551132993 50.5651648893 201902251616
1551133053 -0.0005911331 201902251617
1551133113 -0.0023937054 201902251618
1551133173 51.0140053731 201902251619
1551133233 49.8711745832 201902251620
1551133293 50.7526324006 201902251621
1551133308 50.8986407508 201902251621
1551133368 50.0225906500 201902251622
1551133428 50.4966671448 201902251623
1551133488 50.5309160171 201902251624
1551133548 50.4822465670 201902251625
1551133608 50.9400999119 201902251626
1551133668 50.8752073118 201902251627
1551133728 50.8679970229 201902251628
1551133788 50.8607867341 201902251629
1551133848 50.7039629506 201902251630
1551133908 51.0482542453 201902251631
1551133922 50.7634478340 201902251632
1551133982 49.9757237722 201902251633
1551134042 50.9581256341 201902251634
1551134102 50.4696285615 201902251635
1551134162 49.9450800444 201902251636
1551134222 0.0012114391 201902251637
1551134282 50.4191565392 201902251638
1551134342 50.9977822231 201902251639
1551134402 50.1019038278 201902251640
1551134462 50.9455076286 201902251641
1551134522 50.6967526617 201902251642
1551134596 50.5687700338 201902251643
1551134656 50.9617307786 201902251644
1551134716 50.6318600616 201902251645
1551134776 50.0009597833 201902251646
1551134836 49.8639642943 201902251647
1551134896 50.5561520282 201902251648
1551134956 50.3470536503 201902251649
1551135016 50.4894568559 201902251650
1551135076 50.8193275729 201902251651
1551135136 50.4101436781 201902251652
1551135148 50.7886838451 201902251652
1551135208 51.0734902565 201902251653
1551135268 50.3344356447 201902251654
1551135328 50.7057655228 201902251655
1551135388 50.2334916002 201902251656
1551135448 50.2983842002 201902251657
1551135508 50.8427610118 201902251658
1551135568 50.7165809561 201902251659
1551135628 50.5219031560 201902251700
1551135688 50.7183835284 201902251701
1551135748 50.3794999503 201902251702
1551135759 50.9653359230 201902251702
1551135819 51.0644773953 201902251703
1551135879 50.4516028392 201902251704
1551135939 50.7742632673 201902251705
1551135999 50.9274819063 201902251706
1551136059 51.0049925120 201902251707
1551136119 50.7472246840 201902251708
1551136179 50.5705726060 201902251709
1551136239 50.8824176007 201902251710
1551136299 50.8211301451 201902251711
1551136359 50.7310015339 201902251712
1551136371 50.5741777505 201902251712
1551136431 50.6949500895 201902251713
1551136491 50.6643063617 201902251714
1551136551 50.4119462503 201902251715
1551136611 50.9707436397 201902251716
1551136671 51.1437905732 201902251717
1551136731 50.7165809561 201902251718
1551136791 50.7724606951 201902251719
1551136851 50.6588986450 201902251720
1551136911 50.6174394838 201902251721
1551136971 50.6841346561 201902251722
1551136986 50.9689410675 201902251723
1551137046 50.2587276113 201902251724
1551137106 50.1055089723 201902251725
1551137166 50.5237057282 201902251726
1551137226 50.8427610118 201902251727
1551137286 50.3939205281 201902251728
1551137346 50.4317745448 201902251729
1551137406 50.7940915618 201902251730
1551137466 50.5651648893 201902251731
1551137526 50.9058510396 201902251732
1551137586 50.5291134449 201902251733
1551137601 50.7670529784 201902251733
1551137661 50.6570960728 201902251734
1551137721 50.4588131281 201902251735
1551137781 50.4750362782 201902251736
1551137841 50.4281694003 201902251737
1551137901 50.7652504062 201902251738
1551137961 50.1433629890 201902251739
1551138021 50.2767533335 201902251740
1551138081 50.5831906116 201902251741
1551138141 51.0987262676 201902251742
1551138201 50.4768388504 201902251743
1551138215 50.4209591114 201902251743
1551138275 50.9112587563 201902251744
1551138335 51.0698851120 201902251745
1551138395 50.8517738729 201902251746
1551138455 -0.0059988498 201902251747
1551138515 50.8752073118 201902251748
1551138575 50.4281694003 201902251749
1551138635 51.1491982899 201902251750
1551138695 50.6102291949 201902251751
1551138755 50.9527179175 201902251752
1551138815 50.3524613669 201902251753
1551138828 51.0067950842 201902251753
1551138888 50.4786414226 201902251754
1551138948 50.8373532951 201902251755
1551139008 50.5381263060 201902251756
1551139068 50.7219886728 201902251757
1551139128 -0.0023937054 201902251758
1551139131 -0.0023937054 201902251758
1551139188 50.4281694003 201902251759
1551139248 50.1271398390 201902251800
1551139308 -0.0096039943 201902251801
1551139368 -0.0096039943 201902251802
1551139428 -0.0096039943 201902251803
1551139488 -0.0096039943 201902251804
1551139548 -0.0096039943 201902251805
1551139608 -0.0096039943 201902251806
1551139668 -0.0096039943 201902251807
1551139728 -0.0096039943 201902251808
1551139788 -0.0096039943 201902251809
1551139848 -0.0096039943 201902251810
1551139908 -0.0096039943 201902251811
1551139968 -0.0096039943 201902251812
1551140028 -0.0096039943 201902251813
1551140088 -0.0096039943 201902251814
1551140148 -0.0096039943 201902251815
1551140208 -0.0096039943 201902251816
1551140268 -0.0096039943 201902251817
1551140328 -0.0096039943 201902251818
1551140388 -0.0096039943 201902251819
1551140448 -0.0096039943 201902251820
1551140508 -0.0096039943 201902251821
1551140568 -0.0096039943 201902251822
1551140628 -0.0096039943 201902251823
1551140639 -0.0096039943 201902251823
1551140699 -0.0096039943 201902251824
1551140759 50.5273108726 201902251825
1551140819 50.3975256725 201902251826
1551140879 50.0279983666 201902251827
1551140939 50.3885128114 201902251828
1551140999 50.2839636224 201902251829
1551141059 50.6769243672 201902251830
1551141119 50.3290279280 201902251831
1551141179 50.7219886728 201902251832
1551141239 50.3596716558 201902251833
1551141253 50.8103147118 201902251834
1551141313 50.3867102392 201902251835
1551141373 50.2929764835 201902251836
1551141433 50.5633623171 201902251837
1551141493 50.2695430446 201902251838
1551141553 50.5038774337 201902251839
1551141613 50.4371822615 201902251840
1551141673 50.4083411059 201902251841
1551141733 50.5489417393 201902251842
1551141793 50.5759803227 201902251843
1551141853 50.7922889895 201902251844
1551141866 50.7706581229 201902251844
1551141926 50.4732337059 201902251845
1551141986 50.4624182726 201902251846
1551142046 50.1001012556 201902251847
1551142106 50.7021603784 201902251848
1551142166 50.6390703505 201902251849
1551142226 50.2767533335 201902251850
1551142286 50.6066240505 201902251851
1551142346 49.9829340611 201902251852
1551142406 50.1433629890 201902251853
1551142466 50.3470536503 201902251854
1551142481 50.3290279280 201902251854
1551142541 50.2407018891 201902251855
1551142601 50.3055944891 201902251856
1551142661 50.7219886728 201902251857
1551142721 50.6859372283 201902251858
1551142781 50.2190710224 201902251859
1551142841 50.1938350112 201902251900
1551142901 50.5219031560 201902251901
1551142961 50.6552935005 201902251902
1551143021 50.8103147118 201902251903
1551143081 50.4786414226 201902251904
1551143096 50.6354652061 201902251904
1551143156 50.6967526617 201902251905
1551143216 50.5633623171 201902251906
1551143276 50.3614742281 201902251907
1551143336 50.7598426895 201902251908
1551143396 50.9166664730 201902251909
1551143456 50.4552079837 201902251910
1551143516 50.5237057282 201902251911
1551143576 50.9058510396 201902251912
1551143636 50.3867102392 201902251913
1551143696 50.4227616837 201902251914
1551143711 50.3885128114 201902251915
1551143771 50.4227616837 201902251916
1551143831 50.4732337059 201902251917
1551143891 50.0243932222 201902251918
1551143951 50.8734047396 201902251919
1551144011 50.6715166505 201902251920
1551144071 50.8788124563 201902251921
1551144131 50.4714311337 201902251922
1551144191 50.7057655228 201902251923
1551144251 50.7832761284 201902251924
1551144311 50.9004433230 201902251925
1551144327 50.2497147502 201902251925
1551144387 50.5597571727 201902251926
1551144447 49.6656813497 201902251927
1551144507 50.1109166889 201902251928
1551144567 50.5164954393 201902251929
1551144627 49.8531488609 201902251930
1551144687 50.4624182726 201902251931
1551144747 50.2010453001 201902251932
1551144807 50.3254227836 201902251933
1551144867 50.7850787007 201902251934
1551144927 50.6805295117 201902251935
1551144941 50.5110877226 201902251935
1551145001 50.3578690836 201902251936
1551145061 50.4479976948 201902251937
1551145121 50.2839636224 201902251938
1551145181 50.0225906500 201902251939
1551145241 50.4930620004 201902251940
1551145301 50.5813880394 201902251941
1551145361 50.6498857839 201902251942
1551145421 50.6607012172 201902251943
1551145481 50.0460240889 201902251944
1551145541 50.3813025225 201902251945
1551145553 50.5922034727 201902251945
1551145613 50.2623327557 201902251946
1551145673 50.0964961112 201902251947
1551145733 50.6607012172 201902251948
1551145793 50.2028478724 201902251949
1551145853 50.0910883945 201902251950
1551145913 50.5291134449 201902251951
1551145973 50.5219031560 201902251952
1551146033 50.9292844786 201902251953
1551146093 50.2226761668 201902251954
1551146153 50.7111732395 201902251955
1551146169 50.3037919169 201902251956
1551146229 50.0730626722 201902251957
1551146289 50.4065385336 201902251958
1551146349 50.4570105559 201902251959
1551146409 50.0478266611 201902252000
1551146469 50.3110022058 201902252001
1551146529 50.3704870892 201902252002
1551146589 50.4479976948 201902252003
1551146649 50.5110877226 201902252004
1551146709 50.1920324390 201902252005
1551146769 50.5813880394 201902252006
1551146783 50.8643918785 201902252006
1551146843 50.4642208448 201902252007
1551146903 50.2136633057 201902252008
1551146963 50.0784703889 201902252009
1551147023 50.5904009005 201902252010
1551147083 49.9288568943 201902252011
1551147143 50.6643063617 201902252012
1551147203 50.6895423728 201902252013
1551147263 50.4876542837 201902252014
1551147323 50.1613887112 201902252015
1551147383 50.2911739113 201902252016
1551147396 50.3470536503 201902252016
1551147456 50.5579546004 201902252017
1551147516 50.9419024841 201902252018
1551147576 50.8986407508 201902252019
1551147636 50.1001012556 201902252020
1551147696 50.3614742281 201902252021
1551147756 50.3308305002 201902252022
1551147816 51.0788979731 201902252023
1551147876 50.4984697171 201902252024
1551147936 50.2587276113 201902252025
1551147996 50.4029333892 201902252026
1551148009 50.8914304619 201902252026
1551148069 50.7670529784 201902252027
1551148129 50.2947790558 201902252028
1551148189 49.6278273330 201902252029
1551148249 49.8567540054 201902252030
1551148309 50.6985552339 201902252031
1551148369 50.5615597449 201902252032
1551148429 50.4678259893 201902252033
1551148489 50.3885128114 201902252034
1551148549 50.4552079837 201902252035
1551148609 50.3326330725 201902252036
1551148622 50.3055944891 201902252037
1551148682 50.4624182726 201902252038
1551148742 49.8946080221 201902252039
1551148802 50.1920324390 201902252040
1551148862 50.9833616453 201902252041
1551148922 50.4912594282 201902252042
1551148982 50.4407874059 201902252043
1551149042 50.6895423728 201902252044
1551149102 50.8932330341 201902252045
1551149162 50.6823320839 201902252046
1551149222 50.0225906500 201902252047
1551149238 50.1271398390 201902252047
1551149298 50.5273108726 201902252048
1551149358 50.6354652061 201902252049
1551149418 50.3903153836 201902252050
1551149478 50.3128047780 201902252051
1551149538 50.2208735946 201902252052
1551149598 50.2407018891 201902252053
1551149658 50.1685990001 201902252054
1551149718 50.5489417393 201902252055
1551149778 50.7832761284 201902252056
1551149838 49.9811314888 201902252057
1551149853 50.1956375835 201902252057
1551149913 50.4173539670 201902252058
1551149973 50.7291989617 201902252059
1551150033 50.3921179559 201902252100
1551150093 51.0194130897 201902252101
1551150153 50.2515173224 201902252102
1551150213 50.7093706672 201902252103
1551150273 50.4281694003 201902252104
1551150333 50.5741777505 201902252105
1551150393 50.1704015723 201902252106
1551150453 50.8661944507 201902252107
1551150467 50.6841346561 201902252107
1551150527 50.1271398390 201902252108
1551150587 50.2316890279 201902252109
1551150647 50.9040484674 201902252110
1551150707 50.0334060833 201902252111
1551150767 50.5651648893 201902252112
1551150827 50.4570105559 201902252113
1551150887 50.3290279280 201902252114
1551150947 49.9054234554 201902252115
1551151007 50.1289424112 201902252116
1551151067 49.8279128498 201902252117
1551151083 50.5164954393 201902252118
1551151143 50.1037064000 201902252119
1551151203 50.6300574894 201902252120
1551151263 50.0568395222 201902252121
1551151323 50.7904864173 201902252122
1551151383 50.8824176007 201902252123
1551151443 50.6985552339 201902252124
1551151503 50.1541784223 201902252125
1551151563 50.4984697171 201902252126
1551151623 51.1401854287 201902252127
1551151683 50.5345211615 201902252128
1551151701 50.1019038278 201902252128
1551151761 50.5561520282 201902252129
1551151821 50.2461096057 201902252130
1551151881 50.1019038278 201902252131
1551151941 50.3885128114 201902252132
1551152001 50.4552079837 201902252133
1551152061 50.8770098841 201902252134
1551152121 50.5074825782 201902252135
1551152181 50.4840491393 201902252136
1551152241 50.3614742281 201902252137
1551152301 49.9180414610 201902252138
1551152316 50.1487707056 201902252138
1551152376 50.4443925503 201902252139
1551152436 50.6805295117 201902252140
1551152496 50.5994137616 201902252141
1551152556 49.9847366333 201902252142
1551152616 50.6354652061 201902252143
1551152676 50.4678259893 201902252144
1551152736 49.9847366333 201902252145
1551152796 50.8409584396 201902252146
1551152856 50.3957231003 201902252147
1551152916 50.3326330725 201902252148
1551152933 50.2695430446 201902252148
1551152993 50.4588131281 201902252149
1551153053 50.6174394838 201902252150
1551153113 50.5255083004 201902252151
1551153173 50.6985552339 201902252152
1551153233 50.2154658779 201902252153
1551153293 50.6769243672 201902252154
1551153353 50.5309160171 201902252155
1551153413 50.4750362782 201902252156
1551153473 50.6102291949 201902252157
1551153533 50.0784703889 201902252158
1551153548 50.6156369116 201902252159
1551153608 50.2623327557 201902252200
1551153668 50.6318600616 201902252201
1551153728 50.1649938557 201902252202
1551153788 50.3650793725 201902252203
1551153848 50.2334916002 201902252204
1551153908 50.4696285615 201902252205
1551153968 50.3380407891 201902252206
1551154028 49.5899733163 201902252207
1551154088 49.7504022442 201902252208
1551154148 50.2713456169 201902252209
1551154161 50.2352941724 201902252209
1551154221 49.8423334276 201902252210
1551154281 50.3326330725 201902252211
1551154341 50.7706581229 201902252212
1551154401 50.1649938557 201902252213
1551154461 50.4786414226 201902252214
1551154521 -0.0005911331 201902252215
1551154581 -0.0023937054 201902252216
1551154641 50.9058510396 201902252217
1551154701 50.1397578445 201902252218
1551154761 50.6985552339 201902252219
1551154774 50.4804439948 201902252219
1551154834 50.4137488225 201902252220
1551154894 50.6084266227 201902252221
1551154954 50.5777828949 201902252222
1551155014 50.7904864173 201902252223
1551155074 50.7057655228 201902252224
1551155134 50.5381263060 201902252225
1551155194 50.6625037894 201902252226
1551155254 50.4678259893 201902252227
1551155314 50.6408729227 201902252228
1551155374 50.5345211615 201902252229
1551155390 49.8333205665 201902252229
1551155450 50.5723751782 201902252230
1551155510 50.0640498111 201902252231
1551155570 50.5885983283 201902252232
1551155630 50.7003578061 201902252233
1551155690 50.2965816280 201902252234
1551155750 50.6120317672 201902252235
1551155810 49.8279128498 201902252236
1551155870 50.5002722893 201902252237
1551155930 50.4335771170 201902252238
1551155990 50.2461096057 201902252239
1551156005 50.4011308170 201902252240
1551156065 50.2893713391 201902252241
1551156125 50.9653359230 201902252242
1551156185 50.3470536503 201902252243
1551156245 50.0153803611 201902252244
1551156305 49.9054234554 201902252245
1551156365 50.3578690836 201902252246
1551156425 -0.0005911331 201902252247
1551156485 50.5561520282 201902252248
1551156545 50.8355507229 201902252249
1551156605 50.6264523450 201902252250
1551156619 50.2875687669 201902252250
1551156679 50.3452510780 201902252251
1551156739 50.2965816280 201902252252
1551156799 50.3091996336 201902252253
1551156859 49.6314324774 201902252254
1551156919 50.2407018891 201902252255
1551156979 50.4624182726 201902252256
1551157039 49.8711745832 201902252257
1551157099 49.8892003054 201902252258
1551157159 50.6895423728 201902252259
1551157219 50.5795854671 201902252300
1551157236 50.4984697171 201902252300
1551157296 50.3614742281 201902252301
1551157356 50.3380407891 201902252302
1551157416 50.2659379002 201902252303
1551157476 49.9685134833 201902252304
1551157536 50.1559809945 201902252305
1551157596 50.1559809945 201902252306
1551157656 50.5795854671 201902252307
1551157716 50.6715166505 201902252308
1551157776 50.2118607335 201902252309
1551157836 50.5994137616 201902252310
1551157851 50.2100581613 201902252310
1551157911 49.9432774721 201902252311
1551157971 50.7436195395 201902252312
1551158031 50.5255083004 201902252313
1551158091 50.3506587947 201902252314
1551158151 50.5110877226 201902252315
1551158211 50.7021603784 201902252316
1551158271 50.1649938557 201902252317
1551158331 49.8837925887 201902252318
1551158391 50.1848221501 201902252319
1551158451 50.5092851504 201902252320
1551158466 50.0946935389 201902252321
1551158526 50.5741777505 201902252322
1551158586 50.8625893063 201902252323
1551158646 50.5777828949 201902252324
1551158706 49.9072260277 201902252325
1551158766 50.7454221117 201902252326
1551158826 50.2515173224 201902252327
1551158886 50.5723751782 201902252328
1551158946 50.2082555890 201902252329
1551159006 50.7346066784 201902252330
1551159066 50.4029333892 201902252331
1551159081 50.4498002670 201902252331
1551159141 50.0135777889 201902252332
1551159201 50.6264523450 201902252333
1551159261 50.9040484674 201902252334
1551159321 50.6877398006 201902252335
1551159381 50.4353796892 201902252336
1551159441 50.4083411059 201902252337
1551159501 50.4858517115 201902252338
1551159561 49.9739211999 201902252339
1551159621 50.2515173224 201902252340
1551159681 50.3037919169 201902252341
1551159694 50.5327185893 201902252341
1551159754 50.4984697171 201902252342
1551159814 50.3740922336 201902252343
1551159874 50.0586420945 201902252344
1551159934 50.7273963895 201902252345
1551159994 50.5958086171 201902252346
1551160054 50.9797565008 201902252347
1551160114 50.7237912450 201902252348
1551160174 50.8067095673 201902252349
1551160234 50.4407874059 201902252350
1551160294 50.4029333892 201902252351
