1549087152 -1.0000000000 2019020123597
1549087209 50.3434485058 201902020000
1549087269 51.0825031176 201902020001
1549087329 50.7544349728 201902020002
1549087389 50.0730626722 201902020003
1549087449 50.6841346561 201902020004
1549087509 50.7490272562 201902020005
1549087569 50.7219886728 201902020006
1549087629 50.2407018891 201902020007
1549087689 49.8729771554 201902020008
1549087749 50.4479976948 201902020009
1549087761 50.4552079837 201902020009
1549087821 50.4137488225 201902020010
1549087881 50.1776118612 201902020011
1549087941 50.3146073502 201902020012
1549088001 50.7093706672 201902020013
1549088061 50.3398433614 201902020014
1549088121 50.7057655228 201902020015
1549088181 50.6625037894 201902020016
1549088241 50.6787269394 201902020017
1549088301 50.0207880778 201902020018
1549088361 50.5561520282 201902020019
1549088377 50.4119462503 201902020019
1549088437 51.4484252790 201902020020
1549088497 50.8373532951 201902020021
1549088557 50.5994137616 201902020022
1549088617 50.2388993168 201902020023
1549088677 50.3813025225 201902020024
1549088737 50.5164954393 201902020025
1549088797 50.1812170057 201902020026
1549088857 50.5922034727 201902020027
1549088917 50.6354652061 201902020028
1549088977 50.2172684501 201902020029
1549088991 50.5687700338 201902020029
1549089051 50.3470536503 201902020030
1549089111 50.3182124947 201902020031
1549089171 50.7021603784 201902020032
1549089231 50.3506587947 201902020033
1549089291 50.3308305002 201902020034
1549089351 50.3308305002 201902020035
1549089411 50.5561520282 201902020036
1549089471 50.3272253558 201902020037
1549089531 50.5759803227 201902020038
1549089591 50.5994137616 201902020039
1549089603 50.7958941340 201902020040
1549089663 50.9977822231 201902020041
1549089723 50.2929764835 201902020042
1549089783 50.3957231003 201902020043
1549089843 50.7562375451 201902020044
1549089903 50.8950356063 201902020045
1549089963 50.1685990001 201902020046
1549090023 50.6138343394 201902020047
1549090083 50.5219031560 201902020048
1549090143 50.5074825782 201902020049
1549090203 50.5849931838 201902020050
1549090220 50.4461951226 201902020050
1549090280 50.5128902949 201902020051
1549090340 50.0370112278 201902020052
1549090400 50.5976111894 201902020053
1549090460 50.3632768003 201902020054
1549090520 50.7454221117 201902020055
1549090580 50.5651648893 201902020056
1549090640 50.4588131281 201902020057
1549090700 50.4119462503 201902020058
1549090760 50.5038774337 201902020059
1549090820 50.7796709840 201902020100
1549090837 50.5074825782 201902020100
1549090897 50.4317745448 201902020101
1549090957 50.5633623171 201902020102
1549091017 50.4407874059 201902020103
1549091077 50.4732337059 201902020104
1549091137 50.7436195395 201902020105
1549091197 50.6841346561 201902020106
1549091257 50.6480832116 201902020107
1549091317 50.6120317672 201902020108
1549091377 50.4858517115 201902020109
1549091437 50.8157224285 201902020110
1549091454 50.4750362782 201902020110
1549091514 51.1347777121 201902020111
1549091574 50.6102291949 201902020112
1549091634 50.6156369116 201902020113
1549091694 50.3813025225 201902020114
1549091754 50.7021603784 201902020115
1549091814 50.7634478340 201902020116
1549091874 50.5705726060 201902020117
1549091934 50.0982986834 201902020118
1549091994 50.5723751782 201902020119
1549092054 50.6643063617 201902020120
1549092067 50.4227616837 201902020121
1549092127 50.8355507229 201902020122
1549092187 50.5020748615 201902020123
1549092247 50.7634478340 201902020124
1549092307 50.3903153836 201902020125
1549092367 50.3650793725 201902020126
1549092427 50.3596716558 201902020127
1549092487 50.5074825782 201902020128
1549092547 50.2911739113 201902020129
1549092607 50.5327185893 201902020130
1549092667 50.2875687669 201902020131
1549092681 50.4786414226 201902020131
1549092741 50.7724606951 201902020132
1549092801 50.8986407508 201902020133
1549092861 50.9364947675 201902020134
1549092921 50.0370112278 201902020135
1549092981 50.5201005837 201902020136
1549093041 50.1631912834 201902020137
1549093101 50.3488562225 201902020138
1549093161 50.3398433614 201902020139
1549093221 50.5795854671 201902020140
1549093281 50.7093706672 201902020141
1549093292 50.6931475172 201902020141
1549093352 50.5507443116 201902020142
1549093412 -0.0096039943 201902020143
1549093472 -0.0096039943 201902020144
1549093532 50.8283404340 201902020145
1549093592 50.7111732395 201902020146
1549093652 50.6679115061 201902020147
1549093712 50.4624182726 201902020148
1549093772 49.6278273330 201902020149
1549093832 50.5074825782 201902020150
1549093892 50.7508298284 201902020151
1549093905 50.4498002670 201902020151
1549093965 50.3578690836 201902020152
1549094025 50.1055089723 201902020153
1549094085 50.6084266227 201902020154
1549094145 50.9166664730 201902020155
1549094205 50.7850787007 201902020156
1549094265 50.5633623171 201902020157
1549094325 50.8770098841 201902020158
1549094385 50.5056800060 201902020159
1549094445 50.7742632673 201902020200
1549094505 50.4191565392 201902020201
1549094518 50.4822465670 201902020201
1549094578 51.1077391287 201902020202
1549094638 50.8571815896 201902020203
1549094698 50.4029333892 201902020204
1549094758 50.6030189060 201902020205
1549094818 50.9761513564 201902020206
1549094878 50.7436195395 201902020207
1549094938 50.5164954393 201902020208
1549094998 50.4065385336 201902020209
1549095058 50.8283404340 201902020210
1549095118 50.7436195395 201902020211
1549095134 50.6661089339 201902020212
1549095194 50.8445635840 201902020213
1549095254 50.5237057282 201902020214
1549095314 50.2983842002 201902020215
1549095374 50.4930620004 201902020216
1549095434 50.4191565392 201902020217
1549095494 50.2785559058 201902020218
1549095554 50.7183835284 201902020219
1549095614 50.6138343394 201902020220
1549095674 50.3831050947 201902020221
1549095734 50.4570105559 201902020222
1549095752 50.3091996336 201902020222
1549095812 50.8950356063 201902020223
1549095872 50.3146073502 201902020224
1549095932 51.0194130897 201902020225
1549095992 50.2262813113 201902020226
1549096052 50.3110022058 201902020227
1549096112 50.2821610502 201902020228
1549096172 50.2280838835 201902020229
1549096232 50.6805295117 201902020230
1549096292 50.4804439948 201902020231
1549096352 50.4678259893 201902020232
1549096368 50.3416459336 201902020232
1549096428 50.7508298284 201902020233
1549096488 50.5723751782 201902020234
1549096548 50.4011308170 201902020235
1549096608 50.4281694003 201902020236
1549096668 50.7310015339 201902020237
1549096728 50.2425044613 201902020238
1549096788 50.9707436397 201902020239
1549096848 50.6048214783 201902020240
1549096908 50.4588131281 201902020241
1549096968 50.8499713007 201902020242
1549096984 50.7147783839 201902020243
1549097044 50.3019893447 201902020244
1549097104 50.2623327557 201902020245
1549097164 50.3344356447 201902020246
1549097224 50.4317745448 201902020247
1549097284 51.0752928287 201902020248
1549097344 50.5795854671 201902020249
1549097404 50.9473102008 201902020250
1549097464 50.7183835284 201902020251
1549097524 50.0748652445 201902020252
1549097584 50.4750362782 201902020253
1549097597 50.6498857839 201902020253
1549097657 50.1541784223 201902020254
1549097717 50.5795854671 201902020255
1549097777 50.5615597449 201902020256
1549097837 50.4966671448 201902020257
1549097897 50.2028478724 201902020258
1549097957 50.5849931838 201902020259
1549098017 50.2407018891 201902020300
1549098077 50.6661089339 201902020301
1549098137 50.4660234170 201902020302
1549098197 50.5327185893 201902020303
1549098213 50.4660234170 201902020303
1549098273 50.7057655228 201902020304
1549098333 50.5327185893 201902020305
1549098393 50.4840491393 201902020306
1549098453 50.7508298284 201902020307
1549098513 50.5435340227 201902020308
1549098573 50.5219031560 201902020309
1549098633 50.8175250007 201902020310
1549098693 50.9977822231 201902020311
1549098753 50.4552079837 201902020312
1549098813 50.3452510780 201902020313
1549098829 50.3398433614 201902020313
1549098889 50.6084266227 201902020314
1549098949 50.4119462503 201902020315
1549099009 50.5561520282 201902020316
1549099069 50.8679970229 201902020317
1549099129 50.4191565392 201902020318
1549099189 50.7688555506 201902020319
1549099249 50.8211301451 201902020320
1549099309 50.8643918785 201902020321
1549099369 50.7129758117 201902020322
1549099429 50.9256793341 201902020323
1549099444 50.5597571727 201902020324
1549099504 51.0067950842 201902020325
1549099564 50.7688555506 201902020326
1549099624 50.4894568559 201902020327
1549099684 50.5453365949 201902020328
1549099744 50.4083411059 201902020329
1549099804 50.5255083004 201902020330
1549099864 -0.0023937054 201902020331
1549099924 0.0084217280 201902020332
1549099984 50.7958941340 201902020333
1549100044 50.8643918785 201902020334
1549100057 50.8373532951 201902020334
1549100117 50.4570105559 201902020335
1549100177 50.4534054115 201902020336
1549100237 50.3614742281 201902020337
1549100297 50.4858517115 201902020338
1549100357 50.2839636224 201902020339
1549100417 50.6841346561 201902020340
1549100477 50.5020748615 201902020341
1549100537 50.4137488225 201902020342
1549100597 50.7075680950 201902020343
1549100657 50.4516028392 201902020344
1549100670 50.9364947675 201902020344
1549100730 0.0030140113 201902020345
1549100790 -0.0005911331 201902020346
1549100850 0.0102243002 201902020347
1549100910 50.6030189060 201902020348
1549100970 50.4137488225 201902020349
1549101030 50.3254227836 201902020350
1549101090 49.2420768771 201902020351
1549101150 50.3722896614 201902020352
1549101210 0.0012114391 201902020353
1549101270 0.0030140113 201902020354
1549101282 0.0012114391 201902020354
1549101342 -0.0005911331 201902020355
1549101402 -0.0059988498 201902020356
1549101462 0.0048165835 201902020357
1549101522 0.0048165835 201902020358
1549101582 0.0012114391 201902020359
1549101642 -0.0005911331 201902020400
1549101702 -0.0005911331 201902020401
1549101762 0.0030140113 201902020402
1549101822 50.5471391671 201902020403
1549101882 50.3362382169 201902020404
1549101898 49.9378697555 201902020404
1549101958 50.5201005837 201902020405
1549102018 49.9504877610 201902020406
1549102078 50.1235346945 201902020407
1549102138 50.2388993168 201902020408
1549102198 50.4588131281 201902020409
1549102258 50.2244787390 201902020410
1549102318 50.7039629506 201902020411
1549102378 50.6030189060 201902020412
1549102438 50.4570105559 201902020413
1549102498 50.5579546004 201902020414
1549102514 50.7436195395 201902020415
1549102574 50.0604446667 201902020416
1549102634 50.8517738729 201902020417
1549102694 50.4732337059 201902020418
1549102754 50.4353796892 201902020419
1549102814 50.5363237338 201902020420
1549102874 50.3758948058 201902020421
1549102934 50.4768388504 201902020422
1549102994 50.3362382169 201902020423
1549103054 50.4498002670 201902020424
1549103114 50.8265378618 201902020425
1549103130 50.3686845169 201902020425
1549103190 50.4065385336 201902020426
1549103250 50.4858517115 201902020427
1549103310 50.7778684118 201902020428
1549103370 50.5309160171 201902020429
1549103430 50.8301430062 201902020430
1549103490 50.5074825782 201902020431
1549103550 50.2857661947 201902020432
1549103610 50.2262813113 201902020433
1549103670 50.8607867341 201902020434
1549103730 50.3975256725 201902020435
1549103744 50.5345211615 201902020435
1549103804 50.4876542837 201902020436
1549103864 50.4407874059 201902020437
1549103924 50.3524613669 201902020438
1549103984 50.8337481507 201902020439
1549104044 50.4714311337 201902020440
1549104104 50.3903153836 201902020441
1549104164 50.0694575278 201902020442
1549104224 50.5651648893 201902020443
1549104284 50.8085121396 201902020444
1549104344 50.7346066784 201902020445
1549104357 50.8679970229 201902020445
1549104417 50.7436195395 201902020446
1549104477 50.8481687285 201902020447
1549104537 50.4858517115 201902020448
1549104597 50.5723751782 201902020449
1549104657 50.4768388504 201902020450
1549104717 50.4371822615 201902020451
1549104777 50.4029333892 201902020452
1549104837 49.9378697555 201902020453
1549104897 50.6192420561 201902020454
1549104957 50.5128902949 201902020455
1549104972 50.7291989617 201902020456
1549105032 50.8265378618 201902020457
1549105092 50.6462806394 201902020458
1549105152 50.6444780672 201902020459
1549105212 50.5471391671 201902020500
1549105272 50.6769243672 201902020501
1549105332 50.7706581229 201902020502
1549105392 50.4876542837 201902020503
1549105452 50.7454221117 201902020504
1549105512 50.6084266227 201902020505
1549105572 50.4335771170 201902020506
1549105589 50.5038774337 201902020506
1549105649 50.4714311337 201902020507
1549105709 50.5327185893 201902020508
1549105769 50.6138343394 201902020509
1549105829 50.6390703505 201902020510
1549105889 50.5327185893 201902020511
1549105949 50.4479976948 201902020512
1549106009 50.5255083004 201902020513
1549106069 50.5020748615 201902020514
1549106129 50.7346066784 201902020515
1549106189 50.2497147502 201902020516
1549106205 50.6931475172 201902020516
1549106265 50.1685990001 201902020517
1549106325 50.7508298284 201902020518
1549106385 50.1848221501 201902020519
1549106445 50.6030189060 201902020520
1549106505 50.5381263060 201902020521
1549106565 50.6588986450 201902020522
1549106625 51.0356362398 201902020523
1549106685 51.0788979731 201902020524
1549106745 -0.0005911331 201902020525
1549106805 50.5994137616 201902020526
1549106818 50.6174394838 201902020526
1549106878 50.2569250391 201902020527
1549106938 50.1559809945 201902020528
1549106998 50.3867102392 201902020529
1549107058 50.9815590730 201902020530
1549107118 50.7688555506 201902020531
1549107178 50.3200150669 201902020532
1549107238 50.5038774337 201902020533
1549107298 51.1654214399 201902020534
1549107358 50.8716021674 201902020535
1549107418 50.3001867724 201902020536
1549107431 50.1812170057 201902020537
1549107491 50.7057655228 201902020538
1549107551 50.4155513948 201902020539
1549107611 50.4083411059 201902020540
1549107671 50.6174394838 201902020541
1549107731 51.0716876842 201902020542
1549107791 50.4840491393 201902020543
1549107851 50.2334916002 201902020544
1549107911 50.7183835284 201902020545
1549107971 50.6607012172 201902020546
1549108031 50.4966671448 201902020547
1549108043 50.9238767619 201902020547
1549108103 50.7580401173 201902020548
1549108163 50.4804439948 201902020549
1549108223 50.3939205281 201902020550
1549108283 50.5759803227 201902020551
1549108343 50.4858517115 201902020552
1549108403 50.6859372283 201902020553
1549108463 50.9238767619 201902020554
1549108523 50.6066240505 201902020555
1549108583 50.5128902949 201902020556
1549108643 50.3704870892 201902020557
1549108659 50.6048214783 201902020557
1549108719 50.7364092506 201902020558
1549108779 50.5363237338 201902020559
1549108839 50.5128902949 201902020600
1549108899 50.7886838451 201902020601
1549108959 50.6210446283 201902020602
1549109019 50.1361527001 201902020603
1549109079 50.1217321223 201902020604
1549109139 50.4479976948 201902020605
1549109199 50.5849931838 201902020606
1549109259 50.8391558674 201902020607
1549109275 50.7400143951 201902020607
1549109335 50.4984697171 201902020608
1549109395 50.5633623171 201902020609
1549109455 51.0410439564 201902020610
1549109515 50.4588131281 201902020611
1549109575 50.8661944507 201902020612
1549109635 50.3722896614 201902020613
1549109695 50.7562375451 201902020614
1549109755 42.3706715599 201902020615
1549109815 49.9198440332 201902020616
1549109875 50.4894568559 201902020617
1549109889 50.4299719726 201902020618
1549109949 50.7111732395 201902020619
1549110009 50.2677404724 201902020620
1549110069 50.1794144334 201902020621
1549110129 50.2208735946 201902020622
1549110189 50.1956375835 201902020623
1549110249 50.6444780672 201902020624
1549110309 50.5615597449 201902020625
1549110369 50.4552079837 201902020626
1549110429 51.0212156620 201902020627
1549110489 50.6985552339 201902020628
1549110503 50.3272253558 201902020628
1549110563 50.8193275729 201902020629
1549110623 50.1091141167 201902020630
1549110683 50.0388138000 201902020631
1549110743 50.1253372667 201902020632
1549110803 50.4461951226 201902020633
1549110863 50.0370112278 201902020634
1549110923 50.4389848337 201902020635
1549110983 50.6769243672 201902020636
1549111043 50.6733192228 201902020637
1549111103 50.0802729611 201902020638
1549111116 50.2010453001 201902020638
1549111176 50.4624182726 201902020639
1549111236 50.3542639392 201902020640
1549111296 50.9887693619 201902020641
1549111356 50.6120317672 201902020642
1549111416 50.6679115061 201902020643
1549111476 50.4281694003 201902020644
1549111536 50.5849931838 201902020645
1549111596 0.0102243002 201902020646
1549111656 50.5777828949 201902020647
1549111716 50.5705726060 201902020648
1549111732 50.5831906116 201902020648
1549111792 50.3416459336 201902020649
1549111852 50.4552079837 201902020650
1549111912 50.2911739113 201902020651
1549111972 50.6570960728 201902020652
1549112032 50.5489417393 201902020653
1549112092 49.9324620388 201902020654
1549112152 50.9545204897 201902020655
1549112212 50.1271398390 201902020656
1549112272 50.0261957944 201902020657
1549112332 50.3236202114 201902020658
1549112346 50.3128047780 201902020659
1549112406 50.6787269394 201902020700
1549112466 50.7021603784 201902020701
1549112526 50.4065385336 201902020702
1549112586 50.9599282064 201902020703
1549112646 50.5867957560 201902020704
1549112706 50.5958086171 201902020705
1549112766 50.7201861006 201902020706
1549112826 50.7291989617 201902020707
1549112886 50.7255938173 201902020708
1549112946 51.1401854287 201902020709
1549112960 51.0104002286 201902020709
1549113020 50.2154658779 201902020710
1549113080 50.3921179559 201902020711
1549113140 51.0374388120 201902020712
1549113200 50.1037064000 201902020713
1549113260 50.8679970229 201902020714
1549113320 50.2226761668 201902020715
1549113380 50.8986407508 201902020716
1549113440 50.7706581229 201902020717
1549113500 50.6012163338 201902020718
1549113560 50.6751217950 201902020719
1549113574 50.2028478724 201902020719
1549113634 50.7940915618 201902020720
1549113694 50.6120317672 201902020721
1549113754 50.3452510780 201902020722
1549113814 50.2533198946 201902020723
1549113874 50.8770098841 201902020724
1549113934 50.2947790558 201902020725
1549113994 50.6030189060 201902020726
1549114054 50.6931475172 201902020727
1549114114 50.4461951226 201902020728
1549114174 50.1956375835 201902020729
1549114187 50.3831050947 201902020729
1549114247 50.5904009005 201902020730
1549114307 50.3434485058 201902020731
1549114367 50.8481687285 201902020732
1549114427 50.5904009005 201902020733
1549114487 50.8896278896 201902020734
1549114547 50.7760658395 201902020735
1549114607 50.6012163338 201902020736
1549114667 50.4948645726 201902020737
1549114727 51.0266233786 201902020738
1549114787 50.8824176007 201902020739
1549114799 50.7670529784 201902020739
1549114859 50.4263668281 201902020740
1549114919 50.5561520282 201902020741
1549114979 50.5417314504 201902020742
1549115039 50.5813880394 201902020743
1549115099 50.9184690452 201902020744
1549115159 50.8968381785 201902020745
1549115219 50.6967526617 201902020746
1549115279 50.3164099225 201902020747
1549115339 50.3596716558 201902020748
1549115399 50.4047359614 201902020749
1549115416 50.7129758117 201902020750
1549115476 50.5164954393 201902020751
1549115536 50.8752073118 201902020752
1549115596 50.2388993168 201902020753
1549115656 50.3308305002 201902020754
1549115716 50.3650793725 201902020755
1549115776 50.7147783839 201902020756
1549115836 50.6516883561 201902020757
1549115896 50.3632768003 201902020758
1549115956 50.6102291949 201902020759
1549116016 50.9689410675 201902020800
1549116031 50.3524613669 201902020800
1549116091 50.9076536119 201902020801
1549116151 50.4119462503 201902020802
1549116211 50.7616452617 201902020803
1549116271 50.5849931838 201902020804
1549116331 50.7922889895 201902020805
1549116391 50.6390703505 201902020806
1549116451 50.3218176391 201902020807
1549116511 50.5831906116 201902020808
1549116571 50.8085121396 201902020809
1549116631 50.5976111894 201902020810
1549116646 50.4498002670 201902020810
1549116706 50.4479976948 201902020811
1549116766 50.3164099225 201902020812
1549116826 50.4011308170 201902020813
1549116886 50.3398433614 201902020814
1549116946 50.6102291949 201902020815
1549117006 50.2983842002 201902020816
1549117066 50.6625037894 201902020817
1549117126 50.3794999503 201902020818
1549117186 50.5038774337 201902020819
1549117246 50.5381263060 201902020820
1549117263 50.6516883561 201902020821
1549117323 50.3362382169 201902020822
1549117383 50.4245642559 201902020823
1549117443 50.2064530168 201902020824
1549117503 50.7832761284 201902020825
1549117563 50.6246497727 201902020826
1549117623 50.5381263060 201902020827
1549117683 50.6751217950 201902020828
1549117743 50.4461951226 201902020829
1549117803 50.2785559058 201902020830
1549117863 50.1325475556 201902020831
1549117878 50.6498857839 201902020831
1549117938 51.0879108343 201902020832
1549117998 50.9004433230 201902020833
1549118058 50.2028478724 201902020834
1549118118 50.5345211615 201902020835
1549118178 50.7075680950 201902020836
1549118238 50.5579546004 201902020837
1549118298 50.8175250007 201902020838
1549118358 50.2370967446 201902020839
1549118418 50.8355507229 201902020840
1549118478 50.3488562225 201902020841
1549118496 50.5849931838 201902020841
1549118556 50.5543494560 201902020842
1549118616 50.9869667897 201902020843
1549118676 50.4371822615 201902020844
1549118736 49.5989861774 201902020845
1549118796 49.8423334276 201902020846
1549118856 24.9740470278 201902020847
1549118916 49.8567540054 201902020848
1549118976 50.1217321223 201902020849
1549119036 50.1451655612 201902020850
1549119096 49.8928054499 201902020851
1549119110 49.8801874443 201902020851
1549119170 49.7504022442 201902020852
1549119230 49.9000157388 201902020853
1549119290 49.7630202497 201902020854
1549119350 49.8892003054 201902020855
1549119410 49.2006177159 201902020856
1549119470 49.9234491777 201902020857
1549119530 49.9198440332 201902020858
1549119590 50.3128047780 201902020859
1549119650 50.0910883945 201902020900
1549119710 50.0694575278 201902020901
1549119726 49.7143507997 201902020902
1549119786 49.8513462887 201902020903
1549119846 49.8044794109 201902020904
1549119906 49.6548659163 201902020905
1549119966 49.8225051331 201902020906
1549120026 49.6692864941 201902020907
1549120086 49.7972691220 201902020908
1549120146 49.8333205665 201902020909
1549120206 49.7522048164 201902020910
1549120266 49.5881707440 201902020911
1549120326 50.1001012556 201902020912
1549120345 49.7431919553 201902020912
1549120405 50.0820755334 201902020913
1549120465 49.8873977332 201902020914
1549120525 49.8080845553 201902020915
1549120585 50.1956375835 201902020916
1549120645 49.7449945275 201902020917
1549120705 49.7233636608 201902020918
1549120765 50.0496292333 201902020919
1549120825 49.6746942108 201902020920
1549120885 50.0478266611 201902020921
1549120945 50.1325475556 201902020922
1549120960 49.9144363165 201902020922
1549121020 49.7864536887 201902020923
1549121080 49.8639642943 201902020924
1549121140 49.9829340611 201902020925
1549121200 49.4980421328 201902020926
1549121260 50.1992427279 201902020927
1549121320 49.7017327941 201902020928
1549121380 50.1163244056 201902020929
1549121440 50.3758948058 201902020930
1549121500 50.2100581613 201902020931
1549121560 49.6386427663 201902020932
1549121576 49.5773553107 201902020932
1549121636 50.1523758501 201902020933
1549121696 49.5467115829 201902020934
1549121756 49.9288568943 201902020935
1549121816 50.1956375835 201902020936
1549121876 50.0334060833 201902020937
1549121936 49.7882562609 201902020938
1549121996 49.7035353664 201902020939
1549122056 50.1271398390 201902020940
1549122116 50.0352086555 201902020941
1549122176 49.8892003054 201902020942
1549122191 50.1361527001 201902020943
1549122251 50.0027623555 201902020944
1549122311 49.7882562609 201902020945
1549122371 49.5449090107 201902020946
1549122431 49.8243077054 201902020947
1549122491 49.2961540438 201902020948
1549122551 49.6476556274 201902020949
1549122611 49.7648228220 201902020950
1549122671 49.6927199330 201902020951
1549122731 49.4818189828 201902020952
1549122791 49.4313469606 201902020953
1549122806 49.9252517499 201902020953
1549122866 49.7990716942 201902020954
1549122926 49.9667109110 201902020955
1549122986 50.1613887112 201902020956
1549123046 49.8188999887 201902020957
1549123106 50.0171829333 201902020958
1549123166 50.2641353280 201902020959
1549123226 49.7179559442 201902021000
1549123286 49.8675694387 201902021001
1549123346 49.9793289166 201902021002
1549123406 50.1037064000 201902021003
1549123423 49.8910028776 201902021003
1549123483 49.9558954777 201902021004
1549123543 49.5629347329 201902021005
1549123603 50.0946935389 201902021006
1549123663 50.1199295501 201902021007
1549123723 50.1920324390 201902021008
1549123732 49.8549514332 201902021008
1549123792 49.5611321607 201902021009
1549123852 49.7485996720 201902021010
1549123912 49.9378697555 201902021011
1549123972 50.2587276113 201902021012
1549124032 50.3236202114 201902021013
1549124092 49.4836215551 201902021014
1549124152 49.6476556274 201902021015
1549124212 49.6079990385 201902021016
1549124272 49.8964105943 201902021017
1549124332 49.8026768387 201902021018
1549124392 49.9540929055 201902021019
1549124452 49.8855951610 201902021020
1549124512 49.9631057666 201902021021
1549124572 49.7431919553 201902021022
1549124632 49.7720331109 201902021023
1549124665 49.4205315272 201902021024
1549124725 49.8261102776 201902021025
1549124785 50.0604446667 201902021026
1549124845 50.0027623555 201902021027
1549124905 49.7233636608 201902021028
1549124965 50.0442215167 201902021029
1549125025 49.7269688053 201902021030
1549125085 49.6674839219 201902021031
1549125145 50.2551224668 201902021032
1549125205 50.0928909667 201902021033
1549125265 50.0388138000 201902021034
1549125282 50.0712601000 201902021034
1549125342 50.1109166889 201902021035
1549125402 49.9486851888 201902021036
1549125462 49.7053379386 201902021037
1549125522 49.7107456553 201902021038
1549125582 49.7576125331 201902021039
1549125642 49.6620762052 201902021040
1549125702 50.1091141167 201902021041
1549125762 49.8062819831 201902021042
1549125822 49.9775263444 201902021043
1549125882 49.7630202497 201902021044
1549125899 49.9721186277 201902021044
1549125959 49.5539218718 201902021045
1549126019 49.9072260277 201902021046
1549126079 49.9252517499 201902021047
1549126139 50.2803584780 201902021048
1549126199 49.9378697555 201902021049
1549126259 49.8603591498 201902021050
1549126319 49.8729771554 201902021051
1549126379 49.9757237722 201902021052
1549126439 50.1271398390 201902021053
1549126499 50.1794144334 201902021054
1549126516 50.0838781056 201902021055
1549126576 49.8910028776 201902021056
1549126636 50.0063675000 201902021057
1549126696 49.6620762052 201902021058
1549126756 49.7359816664 201902021059
1549126816 49.5719475940 201902021100
1549126876 49.8982131665 201902021101
1549126936 49.7720331109 201902021102
1549126996 50.0225906500 201902021103
1549127056 50.1343501279 201902021104
1549127116 49.7377842386 201902021105
1549127133 49.4259392439 201902021105
1549127193 50.0352086555 201902021106
1549127253 49.9991572111 201902021107
1549127313 49.6350376219 201902021108
1549127373 49.9396723277 201902021109
1549127433 49.6404453385 201902021110
1549127493 49.4025058050 201902021111
1549127553 49.9847366333 201902021112
1549127613 49.6602736330 201902021113
1549127673 50.0946935389 201902021114
1549127733 -0.0005911331 201902021115
1549127750 50.5309160171 201902021115
1549127810 50.0045649277 201902021116
1549127870 49.8639642943 201902021117
1549127930 49.3898877994 201902021118
1549127990 50.0982986834 201902021119
1549128050 49.7756382553 201902021120
1549128110 50.0243932222 201902021121
1549128170 49.6134067552 201902021122
1549128230 49.8585565776 201902021123
1549128290 49.5196729995 201902021124
1549128350 49.4511752550 201902021125
1549128364 49.6819044997 201902021126
1549128424 50.0460240889 201902021127
1549128484 49.8477411443 201902021128
1549128544 49.8603591498 201902021129
1549128604 49.6602736330 201902021130
1549128664 49.9018183110 201902021131
1549128724 49.7143507997 201902021132
1549128784 49.7540073886 201902021133
1549128844 49.5989861774 201902021134
1549128904 49.9721186277 201902021135
1549128964 49.6404453385 201902021136
1549128979 49.8621617221 201902021136
1549129039 49.8207025609 201902021137
1549129099 49.7323765219 201902021138
1549129159 49.8783848721 201902021139
1549129219 49.9036208832 201902021140
1549129279 49.8279128498 201902021141
1549129339 49.7558099609 201902021142
1549129399 49.8116896998 201902021143
1549129459 49.6440504830 201902021144
1549129519 49.8116896998 201902021145
1549129579 49.9829340611 201902021146
1549129594 49.9216466054 201902021146
1549129654 50.1163244056 201902021147
1549129714 50.0802729611 201902021148
1549129774 49.9324620388 201902021149
1549129834 49.7774408275 201902021150
1549129894 50.7021603784 201902021151
1549129954 49.7323765219 201902021152
1549130014 49.7215610886 201902021153
1549130074 49.6620762052 201902021154
1549130134 49.9468826166 201902021155
1549130194 50.0279983666 201902021156
1549130211 49.6061964663 201902021156
1549130271 48.8779572879 201902021157
1549130331 49.8747797276 201902021158
1549130391 50.0099726444 201902021159
1549130451 50.3416459336 201902021200
1549130511 49.8495437165 201902021201
1549130571 49.7377842386 201902021202
1549130631 49.9468826166 201902021203
1549130691 49.8567540054 201902021204
1549130751 50.0135777889 201902021205
1549130811 49.8405308554 201902021206
1549130826 49.6043938941 201902021207
1549130886 49.8946080221 201902021208
1549130946 49.7882562609 201902021209
1549131006 49.9486851888 201902021210
1549131066 49.8639642943 201902021211
1549131126 49.7035353664 201902021212
1549131186 49.9216466054 201902021213
1549131246 49.6873122163 201902021214
1549131306 49.7882562609 201902021215
1549131366 49.9631057666 201902021216
1549131426 49.7071405108 201902021217
1549131442 50.1055089723 201902021217
1549131502 49.8819900165 201902021218
1549131562 49.8711745832 201902021219
1549131622 49.7738356831 201902021220
1549131682 49.9739211999 201902021221
1549131742 49.6404453385 201902021222
1549131802 49.7504022442 201902021223
1549131862 49.7720331109 201902021224
1549131922 49.8351231387 201902021225
1549131982 50.0514318056 201902021226
1549132042 49.8188999887 201902021227
1549132056 49.8116896998 201902021227
1549132116 49.8080845553 201902021228
1549132176 49.5881707440 201902021229
1549132236 49.7720331109 201902021230
1549132296 49.3267977716 201902021231
1549132356 49.7179559442 201902021232
1549132416 50.1091141167 201902021233
1549132476 49.9018183110 201902021234
1549132536 49.6782993552 201902021235
1549132596 49.6368401941 201902021236
1549132656 49.9991572111 201902021237
1549132670 49.5214755718 201902021237
1549132730 50.2118607335 201902021238
1549132790 49.9126337443 201902021239
1549132850 49.8261102776 201902021240
1549132910 49.9450800444 201902021241
1549132970 49.5521192996 201902021242
1549133030 49.7323765219 201902021243
1549133090 49.4097160939 201902021244
1549133150 50.1001012556 201902021245
1549133210 49.5719475940 201902021246
1549133270 49.7972691220 201902021247
1549133287 49.7972691220 201902021248
1549133347 0.0012114391 201902021249
1549133407 49.4673984050 201902021250
1549133467 49.5232781440 201902021251
1549133527 49.9378697555 201902021252
1549133587 49.7576125331 201902021253
1549133647 49.5863681718 201902021254
1549133707 49.4241366717 201902021255
1549133767 49.3646517883 201902021256
1549133827 49.3466260660 201902021257
1549133887 49.2835360382 201902021258
1549133902 49.4295443883 201902021258
1549133962 49.4403598217 201902021259
1549134022 49.1988151437 201902021300
1549134082 49.6692864941 201902021301
1549134142 49.3123771938 201902021302
1549134202 49.4097160939 201902021303
1549134262 49.7594151053 201902021304
1549134322 49.6819044997 201902021305
1549134382 49.9757237722 201902021306
1549134442 49.5665398774 201902021307
1549134502 49.5755527385 201902021308
1549134516 49.7972691220 201902021308
1549134576 49.5845655996 201902021309
1549134636 50.2010453001 201902021310
1549134696 49.4331495328 201902021311
1549134756 49.5899733163 201902021312
1549134816 49.8819900165 201902021313
1549134876 49.2745231771 201902021314
1549134936 49.2709180326 201902021315
1549134996 49.5953810329 201902021316
1549135056 49.4944369884 201902021317
1549135116 49.6981276497 201902021318
1549135130 49.5971836052 201902021318
1549135190 49.7846511164 201902021319
1549135250 49.6386427663 201902021320
1549135310 49.6061964663 201902021321
1549135370 49.6368401941 201902021322
1549135430 49.7125482275 201902021323
1549135490 49.6170118996 201902021324
1549135550 49.9270543221 201902021325
1549135610 49.7684279664 201902021326
1549135670 49.7828485442 201902021327
1549135730 49.3448234938 201902021328
1549135743 49.5142652829 201902021329
1549135803 49.5881707440 201902021330
1549135863 49.5557244440 201902021331
1549135923 49.5340935773 201902021332
1549135983 49.7395868108 201902021333
1549136043 49.7269688053 201902021334
1549136103 49.8729771554 201902021335
1549136163 50.0334060833 201902021336
1549136223 49.9613031944 201902021337
1549136283 49.5881707440 201902021338
1549136343 49.4619906884 201902021339
1549136359 49.2528923104 201902021339
1549136419 49.5971836052 201902021340
1549136479 50.2190710224 201902021341
1549136539 49.7161533719 201902021342
1549136599 49.2673128882 201902021343
1549136659 49.9234491777 201902021344
1549136719 49.6530633441 201902021345
1549136779 49.3880852272 201902021346
1549136839 49.9685134833 201902021347
1549136899 49.4692009773 201902021348
1549136959 49.2114331493 201902021349
1549136975 49.4980421328 201902021349
1549137035 49.2997591882 201902021350
1549137095 49.9937494944 201902021351
1549137155 49.5467115829 201902021352
1549137215 49.7630202497 201902021353
1549137275 49.6476556274 201902021354
1549137335 49.7179559442 201902021355
1549137395 49.5467115829 201902021356
1549137455 49.3231926271 201902021357
1549137515 50.0171829333 201902021358
1549137575 49.7540073886 201902021359
1549137590 49.8279128498 201902021359
1549137650 49.3430209216 201902021400
1549137710 49.7954665498 201902021401
1549137770 49.6440504830 201902021402
1549137830 49.6638787774 201902021403
1549137890 49.7017327941 201902021404
1549137950 49.5683424496 201902021405
1549138010 49.5593295885 201902021406
1549138070 49.5034498495 201902021407
1549138130 49.5395012940 201902021408
1549138190 49.3736646494 201902021409
1549138204 49.8315179943 201902021410
1549138264 49.5845655996 201902021411
1549138324 49.5701450218 201902021412
1549138384 49.6314324774 201902021413
1549138444 49.7035353664 201902021414
1549138504 49.9000157388 201902021415
1549138564 50.1902298668 201902021416
1549138624 49.7702305386 201902021417
1549138684 50.1722041446 201902021418
1549138744 49.6819044997 201902021419
1549138804 49.7990716942 201902021420
1549138817 50.0207880778 201902021420
1549138877 49.7612176775 201902021421
1549138937 49.8711745832 201902021422
1549138997 49.2060254326 201902021423
1549139057 49.8873977332 201902021424
1549139117 49.4457675384 201902021425
1549139177 49.9540929055 201902021426
1549139237 49.6801019275 201902021427
1549139297 49.7792433998 201902021428
1549139357 49.4980421328 201902021429
1549139417 50.2244787390 201902021430
1549139432 49.6404453385 201902021430
1549139492 49.8855951610 201902021431
1549139552 49.7467970997 201902021432
1549139612 49.7431919553 201902021433
1549139672 49.6296299052 201902021434
1549139732 50.1830195779 201902021435
1549139792 50.3993282448 201902021436
1549139852 50.0478266611 201902021437
1549139912 50.0946935389 201902021438
1549139972 50.3578690836 201902021439
1549140032 50.1613887112 201902021440
1549140048 49.6025913218 201902021440
1549140108 49.9108311721 201902021441
1549140168 49.4962395606 201902021442
1549140228 49.6134067552 201902021443
1549140288 50.0676549556 201902021444
1549140348 50.0514318056 201902021445
1549140408 49.3015617604 201902021446
1549140468 49.8080845553 201902021447
1549140528 49.7954665498 201902021448
1549140588 49.3934929439 201902021449
1549140648 49.4800164106 201902021450
1549140665 49.7395868108 201902021451
1549140725 49.8675694387 201902021452
1549140785 49.7431919553 201902021453
1549140845 49.5989861774 201902021454
1549140905 49.8585565776 201902021455
1549140965 50.3182124947 201902021456
1549141025 49.8910028776 201902021457
1549141085 49.8603591498 201902021458
1549141145 49.8044794109 201902021459
1549141205 50.0946935389 201902021500
1549141265 49.7774408275 201902021501
1549141281 49.6512607719 201902021501
1549141341 49.5106601384 201902021502
1549141401 49.9018183110 201902021503
1549141461 49.6332350496 201902021504
1549141521 49.6476556274 201902021505
1549141581 49.7089430830 201902021506
1549141641 49.9414748999 201902021507
1549141701 49.6656813497 201902021508
1549141761 49.7558099609 201902021509
1549141821 49.6386427663 201902021510
1549141881 49.9216466054 201902021511
1549141895 49.8297154220 201902021511
1549141955 49.7558099609 201902021512
1549142015 49.7053379386 201902021513
1549142075 49.6855096441 201902021514
1549142135 50.1902298668 201902021515
1549142195 50.0712601000 201902021516
1549142255 50.2046504446 201902021517
1549142315 50.0910883945 201902021518
1549142375 49.7954665498 201902021519
1549142435 49.8387282831 201902021520
1549142495 50.0442215167 201902021521
1549142508 49.6728916386 201902021521
1549142568 49.6620762052 201902021522
1549142628 49.4331495328 201902021523
1549142688 50.0171829333 201902021524
1549142748 50.0135777889 201902021525
1549142808 50.0298009389 201902021526
1549142868 49.9793289166 201902021527
1549142928 49.9180414610 201902021528
1549142988 49.6927199330 201902021529
1549143048 49.6963250775 201902021530
1549143108 49.6206170441 201902021531
1549143118 49.7341790942 201902021531
1549143178 49.6278273330 201902021532
1549143238 50.0550369500 201902021533
1549143298 49.6963250775 201902021534
1549143358 49.5557244440 201902021535
1549143418 50.0027623555 201902021536
1549143478 49.7666253942 201902021537
1549143538 49.7540073886 201902021538
1549143598 49.7576125331 201902021539
1549143658 49.7305739497 201902021540
1549143718 49.5557244440 201902021541
1549143736 50.0604446667 201902021542
1549143796 49.6530633441 201902021543
1549143856 50.1758092890 201902021544
1549143916 49.1735791326 201902021545
1549143976 49.9324620388 201902021546
1549144036 49.6927199330 201902021547
1549144096 49.9342646110 201902021548
1549144156 49.8928054499 201902021549
1549144216 49.4421623939 201902021550
1549144276 49.4529778273 201902021551
1549144336 50.0910883945 201902021552
1549144352 49.7954665498 201902021552
1549144412 49.5557244440 201902021553
1549144472 49.3466260660 201902021554
1549144532 49.8585565776 201902021555
1549144592 49.4493726828 201902021556
1549144652 49.3502312105 201902021557
1549144712 49.5863681718 201902021558
1549144772 49.8188999887 201902021559
1549144832 49.5431064384 201902021600
1549144892 49.6909173608 201902021601
1549144952 49.7504022442 201902021602
1549144967 49.7774408275 201902021602
1549145027 49.6801019275 201902021603
1549145087 49.8405308554 201902021604
1549145147 50.0424189444 201902021605
1549145207 49.4115186661 201902021606
1549145267 49.5917758885 201902021607
1549145327 49.8044794109 201902021608
1549145387 49.8928054499 201902021609
1549145447 49.5557244440 201902021610
1549145507 49.8026768387 201902021611
1549145567 49.8567540054 201902021612
1549145581 50.0424189444 201902021613
1549145641 49.7377842386 201902021614
1549145701 49.5629347329 201902021615
1549145761 49.6494581996 201902021616
1549145821 49.2745231771 201902021617
1549145881 49.9540929055 201902021618
1549145941 49.8387282831 201902021619
1549146001 50.2623327557 201902021620
1549146061 49.8747797276 201902021621
1549146121 49.7215610886 201902021622
1549146181 49.6206170441 201902021623
1549146195 49.5827630274 201902021623
1549146255 49.8170974165 201902021624
1549146315 49.6368401941 201902021625
1549146375 49.3249951994 201902021626
1549146435 49.8044794109 201902021627
1549146495 49.7467970997 201902021628
1549146555 49.5196729995 201902021629
1549146615 50.0243932222 201902021630
1549146675 49.9180414610 201902021631
1549146735 49.7251662330 201902021632
1549146795 50.0802729611 201902021633
1549146811 49.6674839219 201902021633
1549146871 49.8819900165 201902021634
1549146931 49.7666253942 201902021635
1549146991 49.9234491777 201902021636
1549147051 49.6332350496 201902021637
1549147111 49.8819900165 201902021638
1549147171 49.9865392055 201902021639
1549147231 49.4223340994 201902021640
1549147291 49.7738356831 201902021641
1549147351 49.7413893831 201902021642
1549147411 49.4962395606 201902021643
1549147426 49.6656813497 201902021643
1549147486 49.7828485442 201902021644
1549147546 49.2979566160 201902021645
1549147606 49.4998447051 201902021646
1549147666 49.1032788158 201902021647
1549147726 49.8134922720 201902021648
1549147786 49.8170974165 201902021649
1549147846 49.9703160555 201902021650
1549147906 49.7936639776 201902021651
1549147966 49.1879997103 201902021652
1549148026 49.6782993552 201902021653
1549148041 49.8567540054 201902021654
1549148101 49.8170974165 201902021655
1549148161 50.1848221501 201902021656
1549148221 50.0784703889 201902021657
1549148281 49.4565829717 201902021658
1549148341 50.0622472389 201902021659
1549148401 50.0009597833 201902021700
1549148461 49.8225051331 201902021701
1549148521 50.0856806778 201902021702
1549148581 50.1037064000 201902021703
1549148641 50.0045649277 201902021704
1549148654 49.7107456553 201902021704
1549148714 49.8044794109 201902021705
1549148774 49.4223340994 201902021706
1549148834 49.4601881161 201902021707
1549148894 49.6602736330 201902021708
1549148954 49.6710890663 201902021709
1549149014 49.8513462887 201902021710
1549149074 49.6152093274 201902021711
1549149134 49.8044794109 201902021712
1549149194 50.0784703889 201902021713
1549149254 49.9018183110 201902021714
1549149267 49.9757237722 201902021714
1549149327 49.7522048164 201902021715
1549149387 49.3556389272 201902021716
1549149447 49.4025058050 201902021717
1549149507 50.0460240889 201902021718
1549149567 50.0135777889 201902021719
1549149627 49.8873977332 201902021720
1549149687 50.0135777889 201902021721
1549149747 49.8261102776 201902021722
1549149807 50.0586420945 201902021723
1549149867 49.3880852272 201902021724
1549149879 49.2258537270 201902021724
1549149939 49.5737501662 201902021725
1549149999 49.3177849105 201902021726
1549150059 49.7467970997 201902021727
1549150119 49.4277418161 201902021728
1549150179 49.8892003054 201902021729
1549150239 49.7179559442 201902021730
1549150299 49.7504022442 201902021731
1549150359 49.8982131665 201902021732
1549150419 49.4439649661 201902021733
1549150479 49.8946080221 201902021734
1549150495 49.2546948826 201902021734
1549150555 49.6710890663 201902021735
1549150615 49.8855951610 201902021736
1549150675 49.7918614053 201902021737
1549150735 49.0852530936 201902021738
1549150795 49.2258537270 201902021739
1549150855 49.8747797276 201902021740
1549150915 48.6111765987 201902021741
1549150975 49.5196729995 201902021742
1549151035 49.4061109494 201902021743
1549151095 49.4746086939 201902021744
1549151109 49.7143507997 201902021745
1549151169 49.5395012940 201902021746
1549151229 49.6819044997 201902021747
1549151289 49.5034498495 201902021748
1549151349 49.7161533719 201902021749
1549151409 49.7540073886 201902021750
1549151469 49.4962395606 201902021751
1549151529 49.2420768771 201902021752
1549151589 49.4223340994 201902021753
1549151649 49.7594151053 201902021754
1549151709 49.7107456553 201902021755
1549151723 50.0496292333 201902021755
1549151783 49.6584710608 201902021756
1549151843 50.1109166889 201902021757
1549151903 49.5719475940 201902021758
1549151963 49.8441359998 201902021759
1549152023 49.3394157771 201902021800
1549152083 50.1667964279 201902021801
1549152143 50.0099726444 201902021802
1549152203 49.6801019275 201902021803
1549152263 49.4511752550 201902021804
1549152323 49.5232781440 201902021805
1549152337 49.8585565776 201902021805
1549152397 49.8062819831 201902021806
1549152457 50.4552079837 201902021807
1549152517 49.9919469222 201902021808
1549152577 49.6512607719 201902021809
1549152637 49.5737501662 201902021810
1549152697 49.6999302219 201902021811
1549152757 49.9324620388 201902021812
1549152817 49.6260247607 201902021813
1549152877 49.8351231387 201902021814
1549152937 49.6909173608 201902021815
1549152949 49.5953810329 201902021815
1549153009 49.7125482275 201902021816
1549153069 49.3826775105 201902021817
1549153129 49.6494581996 201902021818
1549153189 50.0370112278 201902021819
1549153249 49.8261102776 201902021820
1549153309 49.7467970997 201902021821
1549153369 49.7431919553 201902021822
1549153429 49.7413893831 201902021823
1549153489 49.9829340611 201902021824
1549153549 49.6656813497 201902021825
1549153565 49.8170974165 201902021826
1549153625 49.3213900549 201902021827
1549153685 49.1447379770 201902021828
1549153745 49.7738356831 201902021829
1549153805 49.7648228220 201902021830
1549153865 49.6224196163 201902021831
1549153925 49.1501456936 201902021832
1549153985 49.3322054883 201902021833
1549154045 49.0095450602 201902021834
1549154105 49.3231926271 201902021835
1549154165 50.0352086555 201902021836
1549154183 49.8170974165 201902021836
1549154243 49.7648228220 201902021837
1549154303 49.4205315272 201902021838
1549154363 49.5953810329 201902021839
1549154423 49.9234491777 201902021840
1549154483 49.0401887880 201902021841
1549154543 49.6061964663 201902021842
1549154603 49.5196729995 201902021843
1549154663 50.0316035111 201902021844
1549154723 49.3430209216 201902021845
1549154783 49.4421623939 201902021846
1549154800 50.1433629890 201902021846
1549154860 49.5917758885 201902021847
1549154920 49.4944369884 201902021848
1549154980 50.2605301835 201902021849
1549155040 49.7467970997 201902021850
1549155100 49.1843945659 201902021851
1549155160 50.0316035111 201902021852
1549155220 49.2709180326 201902021853
1549155280 49.6674839219 201902021854
1549155340 49.5214755718 201902021855
1549155400 49.3736646494 201902021856
1549155419 49.1213045381 201902021856
1549155479 50.0298009389 201902021857
1549155539 48.5715200098 201902021858
1549155599 49.5376987218 201902021859
1549155659 49.8819900165 201902021900
1549155719 49.7882562609 201902021901
1549155779 49.4259392439 201902021902
1549155839 49.8964105943 201902021903
1549155899 49.2871411827 201902021904
1549155959 49.3736646494 201902021905
1549156019 50.1199295501 201902021906
1549156035 49.9342646110 201902021907
1549156095 49.4637932606 201902021908
1549156155 49.7756382553 201902021909
1549156215 49.3033643327 201902021910
1549156275 49.3628492161 201902021911
1549156335 0.0012114391 201902021912
1549156395 0.0012114391 201902021913
1549156455 49.3682569327 201902021914
1549156515 50.0135777889 201902021915
1549156575 49.6278273330 201902021916
1549156635 50.0946935389 201902021917
1549156652 49.4547803995 201902021917
1549156712 49.7233636608 201902021918
1549156772 49.2835360382 201902021919
1549156832 49.7395868108 201902021920
1549156892 49.8351231387 201902021921
1549156952 48.8833650045 201902021922
1549157012 49.6188144718 201902021923
1549157072 50.0334060833 201902021924
1549157132 49.4529778273 201902021925
1549157192 50.0784703889 201902021926
1549157252 50.2641353280 201902021927
1549157272 49.8134922720 201902021927
1549157332 49.1789868492 201902021928
1549157392 49.3844800827 201902021929
1549157452 49.6224196163 201902021930
1549157512 49.3213900549 201902021931
1549157572 49.8044794109 201902021932
1549157632 49.9360671832 201902021933
1549157692 49.3556389272 201902021934
1549157752 49.4493726828 201902021935
1549157812 49.7720331109 201902021936
1549157872 49.7089430830 201902021937
1549157894 49.7828485442 201902021938
1549157954 50.1307449834 201902021939
1549158014 50.1866247223 201902021940
1549158074 49.9937494944 201902021941
1549158134 50.2100581613 201902021942
1549158194 49.8801874443 201902021943
1549158254 49.6801019275 201902021944
1549158314 49.7918614053 201902021945
1549158374 50.0081700722 201902021946
1549158434 -0.0041962776 201902021947
1549158494 50.0099726444 201902021948
1549158513 49.4746086939 201902021948
1549158573 49.7251662330 201902021949
1549158633 49.7990716942 201902021950
1549158693 0.0012114391 201902021951
1549158753 49.3610466438 201902021952
1549158813 49.7738356831 201902021953
1549158873 50.0820755334 201902021954
1549158933 49.3087720493 201902021955
1549158993 49.3736646494 201902021956
1549159053 49.6242221885 201902021957
1549159113 49.7413893831 201902021958
1549159134 49.1663688437 201902021958
1549159194 49.4241366717 201902021959
1549159254 49.3213900549 201902022000
1549159314 49.8044794109 201902022001
1549159374 48.8292878378 201902022002
1549159434 49.6981276497 201902022003
1549159494 49.4692009773 201902022004
1549159554 49.3430209216 201902022005
1549159614 49.2835360382 201902022006
1549159674 49.5250807162 201902022007
1549159734 49.7648228220 201902022008
1549159756 49.8333205665 201902022009
1549159816 50.0748652445 201902022010
1549159876 49.9378697555 201902022011
1549159936 49.2114331493 201902022012
1549159996 49.7017327941 201902022013
1549160056 49.6242221885 201902022014
1549160116 49.5539218718 201902022015
1549160176 49.5070549940 201902022016
1549160236 49.6368401941 201902022017
1549160296 49.6584710608 201902022018
1549160356 49.9504877610 201902022019
1549160376 49.7612176775 201902022019
1549160436 49.6638787774 201902022020
1549160496 49.7395868108 201902022021
1549160556 49.6242221885 201902022022
1549160616 49.9252517499 201902022023
1549160676 49.2907463271 201902022024
1549160736 49.2691154604 201902022025
1549160796 49.0401887880 201902022026
1549160856 49.9270543221 201902022027
1549160916 49.7918614053 201902022028
1549160976 49.0654247991 201902022029
1549160997 49.8351231387 201902022029
1549161057 49.6314324774 201902022030
1549161117 48.9825064768 201902022031
1549161177 49.1861971381 201902022032
1549161237 49.4890292717 201902022033
1549161297 49.9396723277 201902022034
1549161357 49.7323765219 201902022035
1549161417 49.8675694387 201902022036
1549161477 48.5661122931 201902022037
1549161537 49.9865392055 201902022038
1549161597 49.7359816664 201902022039
1549161619 49.9829340611 201902022040
1549161679 49.7305739497 201902022041
1549161739 49.3394157771 201902022042
1549161799 49.0131502046 201902022043
1549161859 49.5935784607 201902022044
1549161919 49.6332350496 201902022045
1549161979 50.1685990001 201902022046
1549162039 50.1055089723 201902022047
1549162099 49.3231926271 201902022048
1549162159 50.0171829333 201902022049
1549162219 49.1627636992 201902022050
1549162237 49.9486851888 201902022050
1549162297 49.7702305386 201902022051
1549162357 49.7594151053 201902022052
1549162417 48.8923778656 201902022053
1549162477 49.4475701106 201902022054
1549162537 49.7413893831 201902022055
1549162597 50.1379552723 201902022056
1549162657 49.1267122547 201902022057
1549162717 49.4872266995 201902022058
1549162777 49.5449090107 201902022059
1549162837 49.9108311721 201902022100
1549162859 49.1861971381 201902022100
1549162919 49.1357251159 201902022101
1549162979 49.1753817048 201902022102
1549163039 49.1952099992 201902022103
1549163099 49.7648228220 201902022104
1549163159 49.4385572495 201902022105
1549163219 49.9018183110 201902022106
1549163279 50.0622472389 201902022107
1549163339 49.5467115829 201902022108
1549163399 49.2132357215 201902022109
1549163459 49.7485996720 201902022110
1549163478 49.6656813497 201902022111
1549163538 49.6476556274 201902022112
1549163598 49.7053379386 201902022113
1549163658 49.8243077054 201902022114
1549163718 49.9883417777 201902022115
1549163778 49.4025058050 201902022116
1549163838 49.4710035495 201902022117
1549163898 49.6242221885 201902022118
1549163958 49.6674839219 201902022119
1549164018 49.4746086939 201902022120
1549164078 49.3646517883 201902022121
1549164097 49.4800164106 201902022121
1549164157 49.3502312105 201902022122
1549164217 49.8008742664 201902022123
1549164277 49.3304029160 201902022124
1549164337 49.7341790942 201902022125
1549164397 49.2907463271 201902022126
1549164457 49.4439649661 201902022127
1549164517 48.8743521434 201902022128
1549164577 49.2042228604 201902022129
1549164637 49.7864536887 201902022130
1549164697 49.5142652829 201902022131
1549164718 49.5124627106 201902022131
1549164778 49.6638787774 201902022132
1549164838 49.8279128498 201902022133
1549164898 48.2236235706 201902022134
1549164958 49.4115186661 201902022135
1549165018 49.0834505214 201902022136
1549165078 49.8873977332 201902022137
1549165138 0.0012114391 201902022138
1549165198 49.7323765219 201902022139
1549165258 -0.0005911331 201902022140
1549165318 49.7161533719 201902022141
1549165340 49.5286858607 201902022142
1549165400 49.7323765219 201902022143
1549165460 49.2997591882 201902022144
1549165520 49.3989006605 201902022145
1549165580 49.7287713775 201902022146
1549165640 0.0084217280 201902022147
1549165700 0.0102243002 201902022148
1549165760 0.0048165835 201902022149
1549165820 0.0030140113 201902022150
1549165880 -0.0059988498 201902022151
1549165940 0.0030140113 201902022152
1549165957 0.0048165835 201902022152
1549166017 -0.0078014220 201902022153
1549166077 0.0120268724 201902022154
1549166137 0.0030140113 201902022155
1549166197 0.0030140113 201902022156
1549166257 0.0030140113 201902022157
1549166317 0.0048165835 201902022158
1549166377 49.2510897382 201902022159
1549166437 49.0401887880 201902022200
1549166497 49.3898877994 201902022201
1549166557 49.2727206049 201902022202
1549166576 49.1843945659 201902022202
1549166636 49.5521192996 201902022203
1549166696 49.4295443883 201902022204
1549166756 49.7395868108 201902022205
1549166816 0.0030140113 201902022206
1549166876 49.2348665882 201902022207
1549166936 0.0084217280 201902022208
1549166996 49.6278273330 201902022209
1549167056 49.4818189828 201902022210
1549167116 49.9991572111 201902022211
1549167176 49.2871411827 201902022212
1549167199 49.4673984050 201902022213
1549167259 50.0730626722 201902022214
1549167319 49.5214755718 201902022215
1549167379 49.8387282831 201902022216
1549167439 49.3700595050 201902022217
1549167499 49.9883417777 201902022218
1549167559 49.1465405492 201902022219
1549167619 49.1519482659 201902022220
1549167679 0.0066191558 201902022221
1549167739 -0.0041962776 201902022222
1549167799 49.6764967830 201902022223
1549167817 49.6981276497 201902022223
1549167877 49.9360671832 201902022224
1549167937 49.7125482275 201902022225
1549167997 49.4764112662 201902022226
1549168057 49.7305739497 201902022227
1549168117 49.4205315272 201902022228
1549168177 49.7522048164 201902022229
1549168237 49.1627636992 201902022230
1549168297 48.3750396374 201902022231
1549168357 49.3141797660 201902022232
1549168417 49.4133212383 201902022233
1549168439 49.1375276881 201902022233
1549168499 49.2240511548 201902022234
1549168559 49.1447379770 201902022235
1549168619 49.2835360382 201902022236
1549168679 49.6422479108 201902022237
1549168739 49.6043938941 201902022238
1549168799 49.5395012940 201902022239
1549168859 49.3844800827 201902022240
1549168919 49.8531488609 201902022241
1549168979 48.7625926655 201902022242
1549169039 48.7517772322 201902022243
1549169059 49.3358106327 201902022244
1549169119 49.0473990769 201902022245
1549169179 49.1501456936 201902022246
1549169239 49.7666253942 201902022247
1549169299 49.5881707440 201902022248
1549169359 49.8477411443 201902022249
1549169419 49.6710890663 201902022250
1549169479 49.4169263828 201902022251
1549169539 49.1231071103 201902022252
1549169599 49.4061109494 201902022253
1549169659 49.3952955161 201902022254
1549169680 49.4475701106 201902022254
1549169740 48.7265412211 201902022255
1549169800 49.1231071103 201902022256
1549169860 49.3033643327 201902022257
1549169920 49.8513462887 201902022258
1549169980 49.5070549940 201902022259
1549170040 49.1609611270 201902022300
1549170100 48.7968415378 201902022301
1549170160 49.8170974165 201902022302
1549170220 49.3592440716 201902022303
1549170280 49.1032788158 201902022304
1549170300 48.9536653213 201902022305
1549170360 49.6801019275 201902022306
1549170420 49.5773553107 201902022307
1549170480 49.0888582380 201902022308
1549170540 49.4692009773 201902022309
1549170600 49.6188144718 201902022310
1549170660 49.2060254326 201902022311
1549170720 49.3051669049 201902022312
1549170780 49.4872266995 201902022313
1549170840 49.4043083772 201902022314
1549170900 49.0654247991 201902022315
1549170918 49.1213045381 201902022315
1549170978 49.5052524217 201902022316
1549171038 49.6837070719 201902022317
1549171098 49.5088575662 201902022318
1549171158 49.2564974549 201902022319
1549171218 49.2691154604 201902022320
1549171278 49.4908318440 201902022321
1549171338 49.3790723661 201902022322
1549171398 49.6873122163 201902022323
1549171458 50.0676549556 201902022324
1549171518 48.9662833268 201902022325
1549171539 49.5899733163 201902022325
1549171599 49.7413893831 201902022326
1549171659 49.1158968214 201902022327
1549171719 49.4529778273 201902022328
1549171779 49.5755527385 201902022329
1549171839 48.9951244824 201902022330
1549171899 49.2258537270 201902022331
1549171959 48.7986441100 201902022332
1549172019 49.3141797660 201902022333
1549172079 49.9576980499 201902022334
1549172139 49.7413893831 201902022335
1549172161 49.2294588715 201902022336
1549172221 49.6855096441 201902022337
1549172281 50.0081700722 201902022338
1549172341 49.7540073886 201902022339
1549172401 49.2348665882 201902022340
1549172461 49.6188144718 201902022341
1549172521 49.6945225052 201902022342
1549172581 49.3249951994 201902022343
1549172641 49.1717765603 201902022344
1549172701 49.5485141551 201902022345
1549172761 49.7990716942 201902022346
