1550296881 -1.0000000000 2019021600017
1550296937 51.5493693235 201902160002
1550296997 51.2393269011 201902160003
1550297057 51.1293699954 201902160004
1550297117 51.0987262676 201902160005
1550297177 51.2591551955 201902160006
1550297237 51.1491982899 201902160007
1550297297 51.1600137232 201902160008
1550297357 50.6048214783 201902160009
1550297417 51.0608722509 201902160010
1550297477 51.3727172456 201902160011
1550297493 51.2627603400 201902160011
1550297553 51.1401854287 201902160012
1550297613 51.3294555122 201902160013
1550297673 51.4592407124 201902160014
1550297733 51.1906574510 201902160015
1550297793 50.9869667897 201902160016
1550297853 50.6228472005 201902160017
1550297913 51.3078246456 201902160018
1550297973 51.1906574510 201902160019
1550298033 51.2699706289 201902160020
1550298093 51.4105712623 201902160021
1550298112 51.5782104791 201902160021
1550298172 51.2267088955 201902160022
1550298232 51.3546915234 201902160023
1550298292 50.8499713007 201902160024
1550298352 51.3997558290 201902160025
1550298412 50.6210446283 201902160026
1550298472 51.3546915234 201902160027
1550298532 50.8553790174 201902160028
1550298592 50.9869667897 201902160029
1550298652 51.3204426511 201902160030
1550298712 51.1906574510 201902160031
1550298731 51.3619018123 201902160032
1550298791 50.7994992784 201902160033
1550298851 51.3420735178 201902160034
1550298911 51.0248208064 201902160035
1550298971 50.5128902949 201902160036
1550299031 51.4484252790 201902160037
1550299091 0.0066191558 201902160038
1550299151 0.0012114391 201902160039
1550299211 -0.0078014220 201902160040
1550299271 0.0048165835 201902160041
1550299331 -0.0078014220 201902160042
1550299350 0.0048165835 201902160042
1550299410 0.0012114391 201902160043
1550299470 0.0120268724 201902160044
1550299530 0.0084217280 201902160045
1550299590 0.0084217280 201902160046
1550299650 -0.0023937054 201902160047
1550299710 -0.0041962776 201902160048
1550299770 -0.0041962776 201902160049
1550299830 0.0012114391 201902160050
1550299890 0.0084217280 201902160051
1550299950 0.0012114391 201902160052
1550299967 -0.0005911331 201902160052
1550300027 -0.0041962776 201902160053
1550300087 0.0048165835 201902160054
1550300147 -0.0041962776 201902160055
1550300207 -0.0023937054 201902160056
1550300267 0.0030140113 201902160057
1550300327 0.0066191558 201902160058
1550300387 -0.0005911331 201902160059
1550300447 0.0048165835 201902160100
1550300507 -0.0041962776 201902160101
1550300567 -0.0078014220 201902160102
1550300583 -0.0041962776 201902160103
1550300643 0.0084217280 201902160104
1550300703 -0.0005911331 201902160105
1550300763 0.0120268724 201902160106
1550300823 -0.0005911331 201902160107
1550300883 0.0048165835 201902160108
1550300943 -0.0078014220 201902160109
1550301003 0.0012114391 201902160110
1550301063 0.0066191558 201902160111
1550301123 0.0012114391 201902160112
1550301183 0.0012114391 201902160113
1550301200 0.0120268724 201902160113
1550301260 0.0048165835 201902160114
1550301320 0.0048165835 201902160115
1550301380 0.0066191558 201902160116
1550301440 50.1613887112 201902160117
1550301500 50.1794144334 201902160118
1550301560 51.0410439564 201902160119
1550301620 50.0514318056 201902160120
1550301680 50.4894568559 201902160121
1550301740 51.0734902565 201902160122
1550301800 50.9256793341 201902160123
1550301818 50.4498002670 201902160123
1550301878 50.6607012172 201902160124
1550301938 51.2573526233 201902160125
1550301998 51.2663654844 201902160126
1550302058 51.4952921568 201902160127
1550302118 50.2731481891 201902160128
1550302178 51.4988973013 201902160129
1550302238 50.8535764452 201902160130
1550302298 50.9581256341 201902160131
1550302358 51.0013873675 201902160132
1550302418 50.0766678167 201902160133
1550302439 50.8734047396 201902160133
1550302499 50.8445635840 201902160134
1550302559 51.0428465287 201902160135
1550302619 51.0212156620 201902160136
1550302679 51.5746053347 201902160137
1550302739 50.9869667897 201902160138
1550302799 51.4844767235 201902160139
1550302859 50.9509153452 201902160140
1550302919 51.3060220733 201902160141
1550302979 50.2821610502 201902160142
1550303039 51.5908284847 201902160143
1550303060 51.1546060065 201902160144
1550303120 51.2249063233 201902160145
1550303180 51.3564940956 201902160146
1550303240 51.4015584012 201902160147
1550303300 51.4862792957 201902160148
1550303360 50.6787269394 201902160149
1550303420 51.7025879626 201902160150
1550303480 51.2681680566 201902160151
1550303540 51.3709146734 201902160152
1550303600 51.4592407124 201902160153
1550303660 51.4844767235 201902160154
1550303680 51.4862792957 201902160154
1550303740 51.2789834900 201902160155
1550303800 51.9765789406 201902160156
1550303860 51.8161500127 201902160157
1550303920 51.4502278512 201902160158
1550303980 51.3582966678 201902160159
1550304040 51.0662799676 201902160200
1550304100 51.6196696403 201902160201
1550304160 50.7562375451 201902160202
1550304220 51.1329751398 201902160203
1550304280 51.3150349345 201902160204
1550304298 51.3186400789 201902160204
1550304358 51.7296265459 201902160205
1550304418 51.1401854287 201902160206
1550304478 51.5673950458 201902160207
1550304538 51.2988117844 201902160208
1550304598 51.4718587179 201902160209
1550304658 51.7728882793 201902160210
1550304718 51.5259358846 201902160211
1550304778 51.3078246456 201902160212
1550304838 51.0446491009 201902160213
1550304898 51.4538329957 201902160214
1550304919 51.5547770402 201902160215
1550304979 51.4448201346 201902160216
1550305039 51.2393269011 201902160217
1550305099 51.7656779904 201902160218
1550305159 51.1546060065 201902160219
1550305219 51.4141764068 201902160220
1550305279 51.1978677399 201902160221
1550305339 51.3763223901 201902160222
1550305399 51.3745198178 201902160223
1550305459 51.1167519898 201902160224
1550305519 51.3330606567 201902160225
1550305538 51.1654214399 201902160225
1550305598 0.0012114391 201902160226
1550305658 51.8954631905 201902160227
1550305718 51.0356362398 201902160228
1550305778 51.5457641791 201902160229
1550305838 51.0302285231 201902160230
1550305898 51.4718587179 201902160231
1550305958 50.9545204897 201902160232
1550306018 51.3709146734 201902160233
1550306078 51.9513429295 201902160234
1550306138 51.7782959960 201902160235
1550306158 51.4376098457 201902160235
1550306218 50.9328896230 201902160236
1550306278 51.5475667513 201902160237
1550306338 51.7061931070 201902160238
1550306398 51.8684246072 201902160239
1550306458 51.4664510013 201902160240
1550306518 51.4916870124 201902160241
1550306578 51.4844767235 201902160242
1550306638 51.3637043845 201902160243
1550306698 51.2375243288 201902160244
1550306758 51.7152059681 201902160245
1550306776 51.4682535735 201902160246
1550306836 51.2357217566 201902160247
1550306896 51.8053345793 201902160248
1550306956 51.3528889512 201902160249
1550307016 51.2213011788 201902160250
1550307076 51.8558066016 201902160251
1550307136 51.5421590347 201902160252
1550307196 51.3709146734 201902160253
1550307256 51.1960651677 201902160254
1550307316 51.5331461735 201902160255
1550307376 51.2014728844 201902160256
1550307396 51.6322876458 201902160256
1550307456 51.2591551955 201902160257
1550307516 51.6413005070 201902160258
1550307576 51.3871378234 201902160259
1550307636 51.1924600232 201902160300
1550307696 51.7530599848 201902160301
1550307756 51.5583821847 201902160302
1550307816 51.4177815512 201902160303
1550307876 51.7440471237 201902160304
1550307936 51.4520304235 201902160305
1550307996 51.4556355679 201902160306
1550308016 51.3781249623 201902160306
1550308076 51.7638754182 201902160307
1550308136 51.4592407124 201902160308
1550308196 51.5836181958 201902160309
1550308256 51.5980387736 201902160310
1550308316 52.0865358462 201902160311
1550308376 50.7310015339 201902160312
1550308436 51.6304850736 201902160313
1550308496 51.7728882793 201902160314
1550308556 51.7674805626 201902160315
1550308616 51.6394979347 201902160316
1550308637 51.4754638624 201902160317
1550308697 51.4898844402 201902160318
1550308757 51.5890259125 201902160319
1550308817 51.6232747847 201902160320
1550308877 51.8990683350 201902160321
1550308937 0.0084217280 201902160322
1550308997 51.6827596681 201902160323
1550309057 51.5655924736 201902160324
1550309117 51.6989828181 201902160325
1550309177 51.5385538902 201902160326
1550309237 51.4988973013 201902160327
1550309257 51.5277384569 201902160327
1550309317 51.5151204513 201902160328
1550309377 51.7963217182 201902160329
1550309437 51.6665365181 201902160330
1550309497 51.3402709456 201902160331
1550309557 51.3276529400 201902160332
1550309617 51.6971802459 201902160333
1550309677 51.6953776737 201902160334
1550309737 51.5223307402 201902160335
1550309797 51.6881673848 201902160336
1550309857 51.2501423344 201902160337
1550309876 52.0486818295 201902160337
1550309936 51.3222452233 201902160338
1550309996 51.4970947291 201902160339
1550310056 51.5277384569 201902160340
1550310116 51.4574381401 201902160341
1550310176 50.9220741897 201902160342
1550310236 51.1672240121 201902160343
1550310296 51.2663654844 201902160344
1550310356 51.5691976180 201902160345
1550310416 51.7188111126 201902160346
1550310476 51.5187255957 201902160347
1550310497 51.5764079069 201902160348
1550310557 51.3961506845 201902160349
1550310617 51.2627603400 201902160350
1550310677 51.7656779904 201902160351
1550310737 51.5295410291 201902160352
1550310797 51.2573526233 201902160353
1550310857 51.6575236570 201902160354
1550310917 51.7152059681 201902160355
1550310977 51.4358072734 201902160356
1550311037 50.9274819063 201902160357
1550311097 51.5331461735 201902160358
1550311118 51.6106567792 201902160358
1550311178 51.3186400789 201902160359
1550311238 51.3348632289 201902160400
1550311298 51.7476522682 201902160401
1550311358 51.4358072734 201902160402
1550311418 51.3438760900 201902160403
1550311478 50.8391558674 201902160404
1550311538 51.7656779904 201902160405
1550311598 51.7746908515 201902160406
1550311658 51.3582966678 201902160407
1550311718 51.5619873291 201902160408
1550311737 51.2032754566 201902160408
1550311797 51.5133178791 201902160409
1550311857 51.4195841234 201902160410
1550311917 51.5782104791 201902160411
1550311977 51.4195841234 201902160412
1550312037 51.6322876458 201902160413
1550312097 51.2158934621 201902160414
1550312157 51.4376098457 201902160415
1550312217 52.1514284463 201902160416
1550312277 51.5764079069 201902160417
1550312337 51.0338336675 201902160418
1550312359 51.5565796124 201902160419
1550312419 51.3763223901 201902160420
1550312479 51.4177815512 201902160421
1550312539 51.5259358846 201902160422
1550312599 52.1099692852 201902160423
1550312659 51.3420735178 201902160424
1550312719 51.4087686901 201902160425
1550312779 51.3655069567 201902160426
1550312839 51.2988117844 201902160427
1550312899 51.7422445515 201902160428
1550312959 51.3691121012 201902160429
1550312980 51.5998413458 201902160429
1550313040 50.9563230619 201902160430
1550313100 51.3438760900 201902160431
1550313160 51.3294555122 201902160432
1550313220 51.4267944123 201902160433
1550313280 51.8341757349 201902160434
1550313340 51.4538329957 201902160435
1550313400 51.5691976180 201902160436
1550313460 51.7710857071 201902160437
1550313520 51.3745198178 201902160438
1550313580 51.4448201346 201902160439
1550313600 51.5259358846 201902160440
1550313660 51.3889403956 201902160441
1550313720 51.8251628738 201902160442
1550313780 50.9491127730 201902160443
1550313840 51.1924600232 201902160444
1550313900 51.9188966294 201902160445
1550313960 51.2447346177 201902160446
1550314020 51.6052490625 201902160447
1550314080 51.3258503678 201902160448
1550314140 51.0825031176 201902160449
1550314200 51.0933185509 201902160450
1550314220 51.1491982899 201902160450
1550314280 51.3799275345 201902160451
1550314340 51.5583821847 201902160452
1550314400 50.9382973397 201902160453
1550314460 50.5182980115 201902160454
1550314520 51.7260214015 201902160455
1550314580 51.2843912066 201902160456
1550314640 51.2681680566 201902160457
1550314700 51.4898844402 201902160458
1550314760 51.3042195011 201902160459
1550314820 51.3889403956 201902160500
1550314842 51.0067950842 201902160500
1550314902 51.3294555122 201902160501
1550314962 51.8233603016 201902160502
1550315022 51.6394979347 201902160503
1550315082 51.8359783071 201902160504
1550315142 51.4664510013 201902160505
1550315202 51.2591551955 201902160506
1550315262 51.3492838067 201902160507
1550315322 51.3132323622 201902160508
1550315382 51.3402709456 201902160509
1550315442 51.8684246072 201902160510
1550315465 51.3168375067 201902160511
1550315525 51.5259358846 201902160512
1550315585 50.9977822231 201902160513
1550315645 51.4394124179 201902160514
1550315705 51.7692831349 201902160515
1550315765 50.9743487842 201902160516
1550315825 50.9617307786 201902160517
1550315885 51.7458496959 201902160518
1550315945 51.4520304235 201902160519
1550316005 51.7909140015 201902160520
1550316065 51.4664510013 201902160521
1550316088 51.6070516347 201902160521
1550316148 51.4285969846 201902160522
1550316208 51.7981242904 201902160523
1550316268 51.5547770402 201902160524
1550316328 51.8882529016 201902160525
1550316388 51.1510008621 201902160526
1550316448 50.9995847953 201902160527
1550316508 51.3132323622 201902160528
1550316568 50.4570105559 201902160529
1550316628 51.9026734794 201902160530
1550316688 51.3060220733 201902160531
1550316713 51.4195841234 201902160531
1550316773 51.7512574126 201902160532
1550316833 51.4123738345 201902160533
1550317193 51.5547770402 201902160539
1550317253 51.6773519514 201902160540
1550317313 50.9419024841 201902160541
1550317323 51.4736612901 201902160542
1550317383 51.4682535735 201902160543
1550317443 50.8031044229 201902160544
1550317503 50.9166664730 201902160545
1550317563 51.9044760516 201902160546
1550317623 51.7927165738 201902160547
1550317683 51.5890259125 201902160548
1550317743 51.3366658011 201902160549
1550317803 51.5313436013 201902160550
1550317863 51.6521159403 201902160551
1550317923 51.8197551571 201902160552
1550317946 50.9815590730 201902160552
1550318006 51.6268799292 201902160553
1550318066 51.2988117844 201902160554
1550318126 51.8485963127 201902160555
1550318186 51.1041339843 201902160556
1550318246 51.4646484290 201902160557
1550318306 51.0590696787 201902160558
1550318366 51.6413005070 201902160559
1550318426 51.0716876842 201902160600
1550318486 51.3691121012 201902160601
1550318546 51.4574381401 201902160602
1550318570 51.4970947291 201902160602
1550318630 51.7278239737 201902160603
1550318690 51.0338336675 201902160604
1550318750 50.7814735562 201902160605
1550318810 50.6354652061 201902160606
1550318870 51.1870523066 201902160607
1550318930 51.5349487458 201902160608
1550318990 51.1870523066 201902160609
1550319050 51.6521159403 201902160610
1550319110 51.4880818679 201902160611
1550319170 51.1996703121 201902160612
1550319191 51.3042195011 201902160613
1550319251 51.4141764068 201902160614
1550319311 51.2897989233 201902160615
1550319371 51.1942625955 201902160616
1550319431 51.8846477572 201902160617
1550319491 51.2771809178 201902160618
1550319551 51.3402709456 201902160619
1550319611 51.4141764068 201902160620
1550319671 51.1834471621 201902160621
1550319731 51.4934895846 201902160622
1550319791 51.6160644958 201902160623
1550319813 51.6070516347 201902160623
1550319873 51.0500568176 201902160624
1550319933 51.4430175623 201902160625
1550319993 51.1528034343 201902160626
1550320053 51.3691121012 201902160627
1550320113 51.4069661179 201902160628
1550320173 51.8341757349 201902160629
1550320233 51.1131468454 201902160630
1550320293 51.2411294733 201902160631
1550320353 51.1888548788 201902160632
1550320413 51.8143474404 201902160633
1550320435 51.7296265459 201902160633
1550320495 51.4267944123 201902160634
1550320555 51.3763223901 201902160635
1550320615 51.3060220733 201902160636
1550320675 51.2429320455 201902160637
1550320735 50.7688555506 201902160638
1550320795 51.5151204513 201902160639
1550320855 51.7927165738 201902160640
1550320915 50.8049069951 201902160641
1550320975 51.1077391287 201902160642
1550321035 51.3871378234 201902160643
1550321055 51.4051635456 201902160644
1550321115 51.4538329957 201902160645
1550321175 51.5241333124 201902160646
1550321235 51.2321166122 201902160647
1550321295 51.7963217182 201902160648
1550321355 51.8215577293 201902160649
1550321415 51.3510863789 201902160650
1550321475 51.1365802843 201902160651
1550321535 51.7404419793 201902160652
1550321595 51.5043050180 201902160653
1550321655 51.7764934237 201902160654
1550321675 51.2879963511 201902160654
1550321735 51.1798420177 201902160655
1550321795 51.6268799292 201902160656
1550321855 51.5475667513 201902160657
1550321915 51.0518593898 201902160658
1550321975 50.9797565008 201902160659
1550322035 50.9707436397 201902160700
1550322095 51.4844767235 201902160701
1550322155 51.2483397622 201902160702
1550322215 51.0554645342 201902160703
1550322275 51.4033609734 201902160704
1550322295 51.5331461735 201902160704
1550322355 51.7566651293 201902160705
1550322415 51.2014728844 201902160706
1550322475 51.1203571343 201902160707
1550322535 51.2699706289 201902160708
1550322595 51.4105712623 201902160709
1550322655 51.2897989233 201902160710
1550322715 51.5313436013 201902160711
1550322775 51.5800130514 201902160712
1550322835 51.0284259509 201902160713
1550322895 51.3078246456 201902160714
1550322915 51.2267088955 201902160715
1550322975 50.8571815896 201902160716
1550323035 51.0969236954 201902160717
1550323095 51.6629313736 201902160718
1550323155 0.0048165835 201902160719
1550323215 51.3006143567 201902160720
1550323275 51.1059365565 201902160721
1550323335 51.4682535735 201902160722
1550323395 51.3168375067 201902160723
1550323455 51.5890259125 201902160724
1550323515 51.4664510013 201902160725
1550323537 51.3546915234 201902160725
1550323597 51.2735757733 201902160726
1550323657 51.4610432846 201902160727
1550323717 51.3258503678 201902160728
1550323777 51.4826741513 201902160729
1550323837 51.3709146734 201902160730
1550323897 51.7097982515 201902160731
1550323957 51.3691121012 201902160732
1550324017 51.3745198178 201902160733
1550324077 51.3492838067 201902160734
1550324137 50.8337481507 201902160735
1550324159 51.2429320455 201902160735
1550324219 51.6250773569 201902160736
1550324279 51.4700561457 201902160737
1550324339 51.3637043845 201902160738
1550324399 51.8089397238 201902160739
1550324459 51.4285969846 201902160740
1550324519 51.1582111510 201902160741
1550324579 51.4898844402 201902160742
1550324639 51.5097127346 201902160743
1550324699 51.0879108343 201902160744
1550324759 51.2375243288 201902160745
1550324778 51.4322021290 201902160746
1550324838 51.7242188293 201902160747
1550324898 50.8734047396 201902160748
1550324958 50.9076536119 201902160749
1550325018 51.1437905732 201902160750
1550325078 51.0716876842 201902160751
1550325138 50.8842201730 201902160752
1550325198 51.4358072734 201902160753
1550325258 50.8319455785 201902160754
1550325318 51.0897134065 201902160755
1550325378 50.9004433230 201902160756
1550325400 51.8810426127 201902160756
1550325460 51.5529744680 201902160757
1550325520 51.5277384569 201902160758
1550325580 51.2735757733 201902160759
1550325640 50.9905719342 201902160800
1550325700 51.2573526233 201902160801
1550325760 51.2753783455 201902160802
1550325820 51.4844767235 201902160803
1550325880 51.3438760900 201902160804
1550325940 51.2519449066 201902160805
1550326000 51.3114297900 201902160806
1550326020 51.4610432846 201902160807
1550326080 51.4177815512 201902160808
1550326140 51.1690265843 201902160809
1550326200 51.4736612901 201902160810
1550326260 50.9689410675 201902160811
1550326320 51.7404419793 201902160812
1550326380 51.1275674232 201902160813
1550326440 51.1780394454 201902160814
1550326500 51.0951211231 201902160815
1550326560 51.2843912066 201902160816
1550326620 51.5529744680 201902160817
1550326639 51.6701416625 201902160817
1550326699 51.4177815512 201902160818
1550326759 51.0500568176 201902160819
1550326819 50.4804439948 201902160820
1550326879 51.2158934621 201902160821
1550326939 51.7260214015 201902160822
1550326999 51.1798420177 201902160823
1550327059 51.3258503678 201902160824
1550327119 51.2519449066 201902160825
1550327179 51.2555500511 201902160826
1550327239 51.4033609734 201902160827
1550327443 51.6232747847 201902160830
1550327503 51.4826741513 201902160831
1550327563 51.1365802843 201902160832
1550327623 51.7764934237 201902160833
1550327683 51.1654214399 201902160834
1550327743 51.2681680566 201902160835
1550327803 51.1437905732 201902160836
1550327863 51.3961506845 201902160837
1550327875 50.8860227452 201902160837
1550327935 51.1023314120 201902160838
1550327995 51.0013873675 201902160839
1550328055 51.5403564624 201902160840
1550328115 51.0698851120 201902160841
1550328175 51.7837037126 201902160842
1550328235 51.2970092122 201902160843
1550328295 51.2681680566 201902160844
1550328355 51.1528034343 201902160845
1550328415 51.3763223901 201902160846
1550328475 51.5746053347 201902160847
1550328496 51.3943481123 201902160848
1550328556 51.2140908899 201902160849
1550328616 51.5637899013 201902160850
1550328676 51.5277384569 201902160851
1550328736 51.2645629122 201902160852
1550328796 51.6935751015 201902160853
1550328856 51.6503133681 201902160854
1550328916 51.3763223901 201902160855
1550328976 51.1329751398 201902160856
1550329036 51.6052490625 201902160857
1550329096 51.5187255957 201902160858
1550329116 50.8391558674 201902160858
1550329176 51.5295410291 201902160859
1550329236 51.4610432846 201902160900
1550329296 51.0212156620 201902160901
1550329356 51.3348632289 201902160902
1550329416 51.2843912066 201902160903
1550329476 51.7692831349 201902160904
1550329536 51.5637899013 201902160905
1550329596 51.7530599848 201902160906
1550329656 51.4340047012 201902160907
1550329716 51.6935751015 201902160908
1550329735 51.8287680182 201902160908
1550329795 50.7976967062 201902160909
1550329855 50.6372677783 201902160910
1550329915 51.2735757733 201902160911
1550329975 51.7170085404 201902160912
1550330035 51.3781249623 201902160913
1550330095 51.4592407124 201902160914
1550330155 51.1618162954 201902160915
1550330215 50.9419024841 201902160916
1550330275 51.2609577677 201902160917
1550330335 51.3420735178 201902160918
1550330357 0.0012114391 201902160919
1550330417 0.0048165835 201902160920
1550330477 -0.0023937054 201902160921
1550330537 51.4303995568 201902160922
1550330597 50.8788124563 201902160923
1550330657 51.5890259125 201902160924
1550330717 51.3691121012 201902160925
1550330777 51.2879963511 201902160926
1550330837 51.3799275345 201902160927
1550330897 51.1582111510 201902160928
1550330957 51.0590696787 201902160929
1550330980 51.3763223901 201902160929
1550331040 51.5133178791 201902160930
1550331100 51.5367513180 201902160931
1550331160 51.7404419793 201902160932
1550331220 50.9707436397 201902160933
1550331280 51.2375243288 201902160934
1550331340 51.6791545237 201902160935
1550331400 51.5511718958 201902160936
1550331460 51.6791545237 201902160937
1550331520 50.8679970229 201902160938
1550331580 51.8359783071 201902160939
1550331599 51.4249918401 201902160939
1550331659 51.3366658011 201902160940
1550331719 51.4646484290 201902160941
1550331779 51.3853352512 201902160942
1550331839 51.6503133681 201902160943
1550331899 50.9473102008 201902160944
1550331959 51.6971802459 201902160945
1550332019 51.4033609734 201902160946
1550332079 51.6124593514 201902160947
1550332139 51.6773519514 201902160948
1550332199 51.2771809178 201902160949
1550332223 51.2068806010 201902160950
1550332283 51.3546915234 201902160951
1550332343 51.4087686901 201902160952
1550332403 51.5043050180 201902160953
1550332463 51.5655924736 201902160954
1550332523 51.3438760900 201902160955
1550332583 51.9765789406 201902160956
1550332643 50.8157224285 201902160957
1550332703 51.0284259509 201902160958
1550332763 51.0752928287 201902160959
1550332823 51.8251628738 201902161000
1550332845 51.1978677399 201902161000
1550332905 51.1455931454 201902161001
1550332965 51.1059365565 201902161002
1550333025 51.0194130897 201902161003
1550333085 50.1307449834 201902161004
1550333145 51.1618162954 201902161005
1550333205 0.0012114391 201902161006
1550333265 51.4718587179 201902161007
1550333325 51.4646484290 201902161008
1550333385 51.4484252790 201902161009
1550333445 51.5205281680 201902161010
1550333466 51.1347777121 201902161011
1550333526 51.3294555122 201902161012
1550333586 51.5061075902 201902161013
1550333646 51.1924600232 201902161014
1550333706 51.4772664346 201902161015
1550333766 51.3312580845 201902161016
1550333826 51.0933185509 201902161017
1550333886 51.6935751015 201902161018
1550333946 51.3763223901 201902161019
1550334006 51.4249918401 201902161020
1550334066 50.3146073502 201902161021
1550334089 51.2789834900 201902161021
1550334149 51.0861082620 201902161022
1550334209 51.4700561457 201902161023
1550334269 51.1311725676 201902161024
1550334329 51.8323731627 201902161025
1550334389 50.8517738729 201902161026
1550334449 51.3619018123 201902161027
1550334509 51.0933185509 201902161028
1550334569 51.1654214399 201902161029
1550334629 51.5746053347 201902161030
1550334689 51.3204426511 201902161031
1550334710 51.6449056514 201902161031
1550334770 51.3709146734 201902161032
1550334830 51.5818156236 201902161033
1550334890 51.3294555122 201902161034
1550334950 51.1618162954 201902161035
1550335010 51.4394124179 201902161036
1550335070 51.1654214399 201902161037
1550335130 51.1996703121 201902161038
1550335190 51.1978677399 201902161039
1550335250 51.4808715790 201902161040
1550335310 51.1293699954 201902161041
1550335330 51.3943481123 201902161042
1550335390 51.4123738345 201902161043
1550335450 51.4628458568 201902161044
1550335510 51.6358927903 201902161045
1550335570 51.7584677015 201902161046
1550335630 51.4790690068 201902161047
1550335690 51.3168375067 201902161048
1550335750 51.0879108343 201902161049
1550335810 51.2267088955 201902161050
1550335870 51.5547770402 201902161051
1550335930 51.6124593514 201902161052
1550335952 51.3907429679 201902161052
1550336012 50.8697995952 201902161053
1550336072 51.6268799292 201902161054
1550336132 51.3727172456 201902161055
1550336192 51.3006143567 201902161056
1550336252 51.5313436013 201902161057
1550336312 50.9184690452 201902161058
1550336372 51.2825886344 201902161059
1550336432 51.9657635072 201902161100
1550336492 51.5583821847 201902161101
1550336552 51.4826741513 201902161102
1550336574 51.1798420177 201902161102
1550336634 50.9202716174 201902161103
1550336694 51.5710001902 201902161104
1550336754 51.5619873291 201902161105
1550336814 51.5637899013 201902161106
1550336874 51.4448201346 201902161107
1550336934 51.2807860622 201902161108
1550336994 51.5872233402 201902161109
1550337054 52.1117718574 201902161110
1550337114 51.8053345793 201902161111
1550337174 51.8485963127 201902161112
1550337193 51.5097127346 201902161113
1550337253 51.7152059681 201902161114
1550337313 51.4340047012 201902161115
1550337373 51.2357217566 201902161116
1550337433 51.2429320455 201902161117
1550337493 51.3763223901 201902161118
1550337553 51.5746053347 201902161119
1550337613 51.4826741513 201902161120
1550337673 51.3312580845 201902161121
1550337733 50.9220741897 201902161122
1550337793 51.7332316904 201902161123
1550337815 51.9188966294 201902161123
1550337875 51.2717732011 201902161124
1550337935 51.3510863789 201902161125
1550337995 51.6719442348 201902161126
1550338055 51.8215577293 201902161127
1550338115 51.3492838067 201902161128
1550338175 51.6593262292 201902161129
1550338235 51.2934040678 201902161130
1550338295 51.2645629122 201902161131
1550338355 51.4682535735 201902161132
1550338415 51.4880818679 201902161133
1550338436 51.2681680566 201902161133
1550338496 50.6318600616 201902161134
1550338556 51.5583821847 201902161135
1550338616 51.4862792957 201902161136
1550338676 51.2735757733 201902161137
1550338736 51.2537474788 201902161138
1550338796 51.0716876842 201902161139
1550338856 51.0500568176 201902161140
1550338916 51.2483397622 201902161141
1550338976 51.7674805626 201902161142
1550339036 51.4466227068 201902161143
1550339176 51.4826741513 201902161146
1550339236 51.4087686901 201902161147
1550339296 51.2897989233 201902161148
1550339356 51.0716876842 201902161149
1550339416 51.5511718958 201902161150
1550339476 51.4177815512 201902161151
1550339536 51.3528889512 201902161152
1550339596 51.0843056898 201902161153
1550339656 50.7850787007 201902161154
1550339674 51.4934895846 201902161154
1550339734 51.2140908899 201902161155
1550339794 51.5313436013 201902161156
1550339854 51.2843912066 201902161157
1550339914 51.6268799292 201902161158
1550339974 51.7891114293 201902161159
1550340034 51.3132323622 201902161200
1550340094 51.5547770402 201902161201
1550340154 51.8774374683 201902161202
1550340214 51.4718587179 201902161203
1550340274 51.3799275345 201902161204
1550340293 51.0356362398 201902161204
1550340353 51.6593262292 201902161205
1550340413 50.8734047396 201902161206
1550340773 51.4772664346 201902161212
1550340833 51.6268799292 201902161213
1550340893 51.4952921568 201902161214
1550340905 51.5800130514 201902161215
1550340965 51.7134033959 201902161216
1550341025 51.0104002286 201902161217
1550341085 51.8359783071 201902161218
1550341145 50.9112587563 201902161219
1550341205 51.6376953625 201902161220
1550341265 51.3204426511 201902161221
1550341325 51.0879108343 201902161222
1550341385 51.7584677015 201902161223
1550341445 51.3330606567 201902161224
1550341505 50.3236202114 201902161225
1550341524 51.5998413458 201902161225
1550341584 50.8121172840 201902161226
1550341644 50.6931475172 201902161227
1550341704 50.5669674616 201902161228
1550341764 50.5345211615 201902161229
1550341824 51.0067950842 201902161230
1550341884 50.5525468838 201902161231
1550341944 50.7904864173 201902161232
1550342004 50.5813880394 201902161233
1550342064 50.8463661563 201902161234
1550342124 50.6895423728 201902161235
1550342144 50.7994992784 201902161235
1550342204 50.6480832116 201902161236
1550342264 50.6823320839 201902161237
1550342324 50.8301430062 201902161238
1550342384 51.0770954009 201902161239
1550342444 49.9558954777 201902161240
1550342504 50.1415604167 201902161241
1550342564 50.8355507229 201902161242
1550342624 50.5777828949 201902161243
1550342684 49.8405308554 201902161244
1550342744 50.9743487842 201902161245
1550342764 49.8964105943 201902161246
1550342824 51.2357217566 201902161247
1550342884 50.7742632673 201902161248
1550342944 50.5813880394 201902161249
1550343004 50.6913449450 201902161250
1550343064 50.8968381785 201902161251
1550343124 51.0770954009 201902161252
1550343184 50.5038774337 201902161253
1550343244 50.8211301451 201902161254
1550343304 50.6534909283 201902161255
1550343364 50.3164099225 201902161256
1550343386 50.8752073118 201902161256
1550343446 50.7201861006 201902161257
1550343506 50.7508298284 201902161258
1550343566 50.6264523450 201902161259
1550343626 50.7976967062 201902161300
1550343686 50.9797565008 201902161301
1550343746 51.1401854287 201902161302
1550343806 50.8085121396 201902161303
1550343866 50.4966671448 201902161304
1550343926 50.4948645726 201902161305
1550343986 50.6336626338 201902161306
1550344004 50.7129758117 201902161306
1550344064 51.2501423344 201902161307
1550344124 51.1834471621 201902161308
1550344184 51.1185545621 201902161309
1550344244 50.7544349728 201902161310
1550344304 51.0770954009 201902161311
1550344364 51.1672240121 201902161312
1550344424 51.4177815512 201902161313
1550344484 51.4970947291 201902161314
1550344544 51.4718587179 201902161315
1550344604 51.0464516731 201902161316
1550344625 51.0933185509 201902161317
1550344685 51.2393269011 201902161318
1550344745 51.7458496959 201902161319
1550344805 51.3510863789 201902161320
1550344865 51.7278239737 201902161321
1550344925 50.9977822231 201902161322
1550344985 51.7458496959 201902161323
1550345045 51.6196696403 201902161324
1550345105 51.1600137232 201902161325
1550345165 51.1329751398 201902161326
1550345225 51.5079101624 201902161327
1550345250 51.6647339459 201902161327
1550345310 51.7097982515 201902161328
1550345370 51.3510863789 201902161329
1550345430 51.7728882793 201902161330
1550345490 51.7097982515 201902161331
1550345550 51.3258503678 201902161332
1550345610 51.2609577677 201902161333
1550345670 51.5223307402 201902161334
1550345730 51.5313436013 201902161335
1550345790 51.1491982899 201902161336
1550345850 51.2861937789 201902161337
1550345870 51.6737468070 201902161337
1550345930 51.3258503678 201902161338
1550345990 51.2735757733 201902161339
1550346050 51.1005288398 201902161340
1550346110 51.1510008621 201902161341
1550346170 51.2050780288 201902161342
1550346230 51.3763223901 201902161343
1550346290 51.5277384569 201902161344
1550346350 51.4177815512 201902161345
1550346410 51.2231037510 201902161346
1550346470 51.3348632289 201902161347
1550346491 51.3799275345 201902161348
1550346551 51.3763223901 201902161349
1550346611 51.2681680566 201902161350
1550346671 51.6449056514 201902161351
1550346731 50.7670529784 201902161352
1550346791 51.1347777121 201902161353
1550346851 51.3637043845 201902161354
1550346911 51.3312580845 201902161355
1550346971 51.1293699954 201902161356
1550347031 51.1293699954 201902161357
1550347091 51.5187255957 201902161358
1550347113 51.4520304235 201902161358
1550347173 51.5836181958 201902161359
1550347233 51.0734902565 201902161400
1550347293 51.2609577677 201902161401
1550347353 51.4880818679 201902161402
1550347413 51.7224162570 201902161403
1550347473 51.3709146734 201902161404
1550347533 51.2825886344 201902161405
1550347593 50.8878253174 201902161406
1550347653 51.0067950842 201902161407
1550347713 50.7760658395 201902161408
1550347733 51.3204426511 201902161408
1550347793 51.4610432846 201902161409
1550347853 51.4970947291 201902161410
1550347913 51.0446491009 201902161411
1550347973 51.7782959960 201902161412
1550348033 50.9094561841 201902161413
1550348093 50.8824176007 201902161414
1550348153 51.3546915234 201902161415
1550348213 51.7332316904 201902161416
1550348273 51.5818156236 201902161417
1550348333 51.3961506845 201902161418
1550348355 51.5115153068 201902161419
1550348415 51.8269654460 201902161420
1550348475 51.4177815512 201902161421
1550348535 50.9671384953 201902161422
1550348595 51.7945191460 201902161423
1550348655 51.2879963511 201902161424
1550348715 51.4159789790 201902161425
1550348775 51.4628458568 201902161426
1550348835 51.6701416625 201902161427
1550348895 51.5998413458 201902161428
1550348955 51.4015584012 201902161429
1550348976 51.6088542069 201902161429
1550349036 50.8571815896 201902161430
1550349096 51.6304850736 201902161431
1550349156 51.2825886344 201902161432
1550349216 51.4340047012 201902161433
1550349276 51.5115153068 201902161434
1550349336 51.8936606183 201902161435
1550349396 52.0973512796 201902161436
1550349456 51.4988973013 201902161437
1550349516 51.6214722125 201902161438
1550349576 51.1816445899 201902161439
1550349595 51.4412149901 201902161439
1550349655 51.8720297516 201902161440
1550349715 51.1491982899 201902161441
1550349775 51.3727172456 201902161442
1550349835 51.4970947291 201902161443
1550349895 51.5079101624 201902161444
1550349955 51.3673095289 201902161445
1550350015 51.3150349345 201902161446
1550350075 50.7976967062 201902161447
1550350135 51.4033609734 201902161448
1550350195 51.2627603400 201902161449
1550350213 51.5818156236 201902161450
1550350273 51.4754638624 201902161451
1550350333 51.5043050180 201902161452
1550350393 51.5313436013 201902161453
1550350453 51.5601847569 201902161454
1550350513 50.8806150285 201902161455
1550350573 50.9346921952 201902161456
1550350633 51.4123738345 201902161457
1550350693 51.4628458568 201902161458
1550350753 51.2609577677 201902161459
1550350813 51.6503133681 201902161500
1550350830 51.5854207680 201902161500
1550350890 51.4952921568 201902161501
1550350950 51.1690265843 201902161502
1550351010 51.4736612901 201902161503
1550351070 51.0734902565 201902161504
1550351130 51.5583821847 201902161505
1550351190 51.4285969846 201902161506
1550351250 50.7021603784 201902161507
1550351310 51.5205281680 201902161508
1550351370 51.2357217566 201902161509
1550351430 51.4880818679 201902161510
1550351448 51.4520304235 201902161510
1550351508 51.1582111510 201902161511
1550351568 51.1942625955 201902161512
1550351628 51.4285969846 201902161513
1550351688 51.6827596681 201902161514
1550351748 51.1564085788 201902161515
1550351808 52.0847332740 201902161516
1550351868 51.5097127346 201902161517
1550351928 51.2285114677 201902161518
1550351988 51.5403564624 201902161519
1550352048 50.5976111894 201902161520
1550352066 51.7224162570 201902161521
1550352126 51.4051635456 201902161522
1550352186 51.3006143567 201902161523
1550352246 51.3655069567 201902161524
1550352306 51.9261069183 201902161525
1550352366 51.1870523066 201902161526
1550352426 51.5223307402 201902161527
1550352486 52.0162355295 201902161528
1550352546 51.3943481123 201902161529
1550352606 51.1780394454 201902161530
1550352666 51.5854207680 201902161531
1550352684 51.1762368732 201902161531
1550352744 51.4195841234 201902161532
1550352804 51.0662799676 201902161533
1550352864 50.8121172840 201902161534
1550352924 51.0915159787 201902161535
1550352984 51.3006143567 201902161536
1550353044 51.7512574126 201902161537
1550353104 51.1996703121 201902161538
1550353164 50.9959796508 201902161539
1550353224 51.4159789790 201902161540
1550353284 51.3853352512 201902161541
1550353303 51.3835326790 201902161541
1550353363 51.1473957176 201902161542
1550353423 51.2699706289 201902161543
1550353483 51.5475667513 201902161544
1550353543 51.6413005070 201902161545
1550353603 50.8968381785 201902161546
1550353663 51.6250773569 201902161547
1550353723 51.1834471621 201902161548
1550353783 51.3510863789 201902161549
1550353843 51.1510008621 201902161550
1550353903 51.5439616069 201902161551
1550353920 51.6160644958 201902161552
1550353980 51.4430175623 201902161553
1550354040 50.6949500895 201902161554
1550354100 51.1113442732 201902161555
1550354160 51.2771809178 201902161556
1550354220 51.9423300683 201902161557
1550354280 50.9112587563 201902161558
1550354340 50.8643918785 201902161559
1550354400 51.4322021290 201902161600
1550354460 51.6052490625 201902161601
1550354520 51.5565796124 201902161602
1550354540 51.5890259125 201902161602
1550354600 51.3564940956 201902161603
1550354660 51.4123738345 201902161604
1550354720 51.5655924736 201902161605
1550354780 51.4141764068 201902161606
1550354840 51.4159789790 201902161607
1550354900 51.4448201346 201902161608
1550354960 50.7328041062 201902161609
1550355020 51.6431030792 201902161610
1550355080 50.9833616453 201902161611
1550355140 51.6160644958 201902161612
1550355159 51.6431030792 201902161612
1550355219 51.1708291565 201902161613
1550355279 50.9563230619 201902161614
1550355339 51.1347777121 201902161615
1550355399 51.6899699570 201902161616
1550355459 50.8535764452 201902161617
1550355519 51.7314291182 201902161618
1550355579 51.1870523066 201902161619
1550355639 51.5421590347 201902161620
1550355699 51.4754638624 201902161621
1550355759 50.9725462119 201902161622
1550355778 51.1221597065 201902161622
1550355838 51.3619018123 201902161623
1550355898 51.6485107959 201902161624
1550355958 51.1023314120 201902161625
1550356018 51.3961506845 201902161626
1550356078 51.1618162954 201902161627
1550356138 51.3691121012 201902161628
1550356198 51.5151204513 201902161629
1550356258 50.9310870508 201902161630
1550356318 51.3006143567 201902161631
1550356378 50.7273963895 201902161632
1550356396 51.9315146350 201902161633
1550356456 51.6539185125 201902161634
1550356516 51.8882529016 201902161635
1550356576 51.2988117844 201902161636
1550356636 51.3835326790 201902161637
1550356696 51.6467082236 201902161638
1550356756 51.6575236570 201902161639
1550356816 51.6827596681 201902161640
1550356876 51.3564940956 201902161641
1550356936 51.2645629122 201902161642
1550356996 51.4466227068 201902161643
1550357014 51.2573526233 201902161643
1550357074 51.2050780288 201902161644
1550357134 51.0807005454 201902161645
1550357194 51.5619873291 201902161646
1550357254 51.3997558290 201902161647
1550357314 50.3272253558 201902161648
1550357374 51.0716876842 201902161649
1550357434 51.1149494176 201902161650
1550357494 51.5061075902 201902161651
1550357554 51.5403564624 201902161652
1550357614 50.9995847953 201902161653
1550357634 51.6665365181 201902161653
1550357694 50.7490272562 201902161654
1550357754 51.3420735178 201902161655
1550357814 51.1257648510 201902161656
1550357874 50.8121172840 201902161657
1550357934 51.4177815512 201902161658
1550357994 51.3168375067 201902161659
1550358054 51.1888548788 201902161700
1550358114 51.3943481123 201902161701
1550358174 0.0012114391 201902161702
1550358234 50.5309160171 201902161703
1550358252 51.6052490625 201902161704
1550358312 51.4195841234 201902161705
1550358372 51.1455931454 201902161706
1550358432 51.2627603400 201902161707
1550358492 51.6431030792 201902161708
1550358552 51.3420735178 201902161709
1550358612 50.8283404340 201902161710
1550358672 51.7260214015 201902161711
1550358732 50.7310015339 201902161712
1550358792 51.5691976180 201902161713
1550358852 51.2122883177 201902161714
1550358873 51.5277384569 201902161714
1550358933 51.2357217566 201902161715
1550358993 51.2627603400 201902161716
1550359053 51.3763223901 201902161717
1550359113 51.1077391287 201902161718
1550359173 51.6088542069 201902161719
1550359233 51.0807005454 201902161720
1550359293 51.1636188677 201902161721
1550359353 50.8679970229 201902161722
1550359413 51.2771809178 201902161723
1550359473 51.2717732011 201902161724
1550359498 50.9599282064 201902161724
1550359558 51.7602702737 201902161725
1550359618 51.4988973013 201902161726
1550359678 51.0752928287 201902161727
1550359738 51.6340902181 201902161728
1550359798 50.6174394838 201902161729
1550359858 50.9743487842 201902161730
1550359918 51.1275674232 201902161731
1550359978 50.8499713007 201902161732
1550360038 50.4101436781 201902161733
1550360098 51.3979532567 201902161734
1550360116 50.6841346561 201902161735
1550360176 51.3132323622 201902161736
1550360236 51.2050780288 201902161737
1550360296 51.2122883177 201902161738
1550360356 51.3456786623 201902161739
1550360416 51.3420735178 201902161740
1550360476 51.5673950458 201902161741
1550360536 51.3132323622 201902161742
1550360596 51.2158934621 201902161743
1550360656 51.4177815512 201902161744
1550360716 51.3546915234 201902161745
1550360737 51.6467082236 201902161745
1550360797 51.1942625955 201902161746
1550360857 51.3853352512 201902161747
1550360917 51.7584677015 201902161748
1550360977 51.5133178791 201902161749
1550361037 51.2213011788 201902161750
1550361097 51.2140908899 201902161751
1550361157 51.6413005070 201902161752
1550361217 51.1762368732 201902161753
1550361277 51.4826741513 201902161754
1550361337 51.5439616069 201902161755
1550361360 51.2843912066 201902161756
1550361420 51.2122883177 201902161757
1550361480 51.4700561457 201902161758
1550361540 51.2213011788 201902161759
1550361600 51.3222452233 201902161800
1550361660 51.0176105175 201902161801
1550361720 50.2407018891 201902161802
1550361780 51.6467082236 201902161803
1550361840 51.5295410291 201902161804
1550361900 51.5277384569 201902161805
1550361960 51.4682535735 201902161806
1550361979 51.6809570959 201902161806
1550362039 51.1528034343 201902161807
1550362099 51.5115153068 201902161808
1550362159 51.3997558290 201902161809
1550362219 51.2771809178 201902161810
1550362279 51.4285969846 201902161811
1550362339 51.6268799292 201902161812
1550362399 51.6250773569 201902161813
1550362459 51.1221597065 201902161814
1550362519 51.2122883177 201902161815
1550362579 51.5151204513 201902161816
1550362599 51.6737468070 201902161816
1550362659 51.4646484290 201902161817
1550362719 51.5746053347 201902161818
1550362779 51.1546060065 201902161819
1550362839 51.2483397622 201902161820
1550362899 51.2916014955 201902161821
1550362959 50.7490272562 201902161822
1550363019 51.4412149901 201902161823
1550363079 51.2988117844 201902161824
1550363139 51.2068806010 201902161825
1550363199 51.2158934621 201902161826
1550363223 51.2735757733 201902161827
1550363283 51.1455931454 201902161828
1550363343 51.5403564624 201902161829
1550363403 51.4249918401 201902161830
1550363463 50.9040484674 201902161831
1550363523 51.3330606567 201902161832
1550363583 50.7147783839 201902161833
1550363643 51.1690265843 201902161834
1550363703 50.0964961112 201902161835
1550363763 50.6643063617 201902161836
1550363823 50.9220741897 201902161837
1550363843 50.9599282064 201902161837
1550363903 51.3727172456 201902161838
1550363963 51.3835326790 201902161839
1550364023 50.7382118228 201902161840
1550364083 51.1960651677 201902161841
1550364143 50.9238767619 201902161842
1550364203 51.2789834900 201902161843
1550364263 51.0987262676 201902161844
1550364323 51.6863648126 201902161845
1550364383 51.6232747847 201902161846
1550364443 51.2988117844 201902161847
1550364466 51.4195841234 201902161847
1550364526 51.4430175623 201902161848
1550364586 51.1672240121 201902161849
1550364646 50.8788124563 201902161850
1550364706 50.6913449450 201902161851
1550364766 51.4988973013 201902161852
1550364826 51.5764079069 201902161853
1550364886 50.6823320839 201902161854
1550364946 51.3637043845 201902161855
1550365006 51.5097127346 201902161856
1550365066 51.0356362398 201902161857
1550365090 51.6214722125 201902161858
1550365150 50.7850787007 201902161859
1550365210 51.0879108343 201902161900
1550365270 51.4105712623 201902161901
1550365330 50.9076536119 201902161902
1550365390 51.3745198178 201902161903
1550365450 50.6769243672 201902161904
1550365510 50.8355507229 201902161905
1550365570 51.4466227068 201902161906
1550365630 50.8950356063 201902161907
1550365690 51.7981242904 201902161908
1550365712 51.4484252790 201902161908
1550365772 50.7454221117 201902161909
1550365832 51.5025024457 201902161910
1550365892 51.4880818679 201902161911
1550365952 51.2411294733 201902161912
1550366012 51.1257648510 201902161913
1550366072 51.4123738345 201902161914
1550366132 51.4340047012 201902161915
1550366192 51.1636188677 201902161916
1550366252 51.0969236954 201902161917
1550366312 50.7418169673 201902161918
1550366335 50.9563230619 201902161918
1550366395 51.5115153068 201902161919
1550366455 50.5182980115 201902161920
1550366515 50.9635333508 201902161921
1550366575 51.4988973013 201902161922
1550366635 51.0085976564 201902161923
1550366695 51.2807860622 201902161924
1550366755 50.3722896614 201902161925
1550366815 50.4552079837 201902161926
1550366875 51.0879108343 201902161927
1550366935 50.9635333508 201902161928
1550366960 50.0820755334 201902161929
1550367020 51.1293699954 201902161930
1550367080 50.7796709840 201902161931
1550367140 51.4177815512 201902161932
1550367200 50.8427610118 201902161933
1550367260 51.2934040678 201902161934
1550367320 51.5169230235 201902161935
1550367380 51.3528889512 201902161936
1550367440 51.6593262292 201902161937
1550367500 50.7616452617 201902161938
1550367560 50.9310870508 201902161939
1550367582 51.3925455401 201902161939
1550367642 51.0861082620 201902161940
1550367702 50.9635333508 201902161941
1550367762 49.3267977716 201902161942
1550367822 49.2258537270 201902161943
1550367882 50.5579546004 201902161944
1550367942 51.1582111510 201902161945
1550368002 51.5637899013 201902161946
1550368062 51.2789834900 201902161947
1550368122 51.0410439564 201902161948
1550368182 51.4988973013 201902161949
1550368204 51.4682535735 201902161950
1550368264 50.9851642175 201902161951
1550368324 51.4015584012 201902161952
1550368384 51.5655924736 201902161953
1550368444 51.5385538902 201902161954
1550368504 51.2285114677 201902161955
1550368564 51.0158079453 201902161956
1550368624 51.4015584012 201902161957
1550368684 51.3420735178 201902161958
1550368744 51.0698851120 201902161959
1550368804 51.5655924736 201902162000
1550368829 51.6827596681 201902162000
1550368889 50.9959796508 201902162001
1550368949 51.2393269011 201902162002
1550369009 51.4880818679 201902162003
1550369069 51.0194130897 201902162004
1550369129 51.1888548788 201902162005
1550369189 51.1095417009 201902162006
1550369249 50.9419024841 201902162007
1550369309 51.4087686901 201902162008
1550369369 51.1924600232 201902162009
1550369429 51.3546915234 201902162010
1550369449 51.0374388120 201902162010
1550369509 51.4358072734 201902162011
1550369569 51.0067950842 201902162012
1550369629 51.3456786623 201902162013
1550369689 50.5741777505 201902162014
1550369749 50.8734047396 201902162015
1550369809 50.8337481507 201902162016
1550369869 51.3168375067 201902162017
1550369929 49.7774408275 201902162018
1550369989 51.3060220733 201902162019
1550370049 51.4952921568 201902162020
1550370071 51.3240477956 201902162021
1550370131 51.1762368732 201902162022
1550370191 51.0788979731 201902162023
1550370251 51.0464516731 201902162024
1550370311 50.9923745064 201902162025
1550370371 51.2645629122 201902162026
1550370431 51.5025024457 201902162027
1550370491 51.0716876842 201902162028
1550370551 51.0608722509 201902162029
1550370611 51.0266233786 201902162030
1550370671 51.0572671064 201902162031
1550370696 51.2050780288 201902162031
1550370756 51.2717732011 201902162032
1550370816 50.8824176007 201902162033
1550370876 50.6390703505 201902162034
1550370936 50.6751217950 201902162035
1550370996 51.3907429679 201902162036
1550371056 51.0554645342 201902162037
1550371116 51.4574381401 201902162038
1550371176 51.3438760900 201902162039
1550371236 51.4448201346 201902162040
1550371296 50.8481687285 201902162041
1550371317 51.0031899397 201902162041
1550371377 51.3673095289 201902162042
1550371437 50.4966671448 201902162043
1550371497 51.0320310953 201902162044
1550371557 50.8842201730 201902162045
1550371617 51.0590696787 201902162046
1550371677 51.2663654844 201902162047
1550371737 51.2050780288 201902162048
1550371797 50.9148639008 201902162049
1550371857 51.4736612901 201902162050
1550371917 50.9743487842 201902162051
1550371939 50.6625037894 201902162052
1550371999 51.0897134065 201902162053
1550372059 50.9310870508 201902162054
1550372119 50.6030189060 201902162055
1550372179 50.9437050563 201902162056
1550372239 51.6322876458 201902162057
1550372299 51.1942625955 201902162058
1550372359 50.9130613285 201902162059
1550372419 51.0716876842 201902162100
1550372479 51.5854207680 201902162101
1550372539 51.5890259125 201902162102
1550372562 50.5687700338 201902162102
1550372622 51.5673950458 201902162103
1550372682 51.0554645342 201902162104
1550372742 50.4281694003 201902162105
1550372802 50.8103147118 201902162106
1550372862 51.2158934621 201902162107
1550372922 50.4534054115 201902162108
1550372982 51.1528034343 201902162109
1550373042 51.0933185509 201902162110
1550373102 51.1564085788 201902162111
1550373162 51.4664510013 201902162112
1550373183 50.8193275729 201902162113
1550373243 51.2825886344 201902162114
1550373303 51.6160644958 201902162115
1550373363 51.0987262676 201902162116
1550373423 51.1870523066 201902162117
1550373483 51.5619873291 201902162118
1550373543 51.2086831732 201902162119
1550373603 51.5673950458 201902162120
1550373663 51.4141764068 201902162121
1550373723 51.5908284847 201902162122
1550373783 51.0122028009 201902162123
1550373804 50.7364092506 201902162123
1550373864 51.0500568176 201902162124
1550373924 51.0644773953 201902162125
1550373984 51.4898844402 201902162126
1550374044 51.2663654844 201902162127
1550374104 50.8824176007 201902162128
1550374164 50.9671384953 201902162129
1550374224 50.9437050563 201902162130
1550374284 50.9220741897 201902162131
1550374344 51.1546060065 201902162132
1550374404 51.2970092122 201902162133
1550374427 51.2699706289 201902162133
1550374487 51.0915159787 201902162134
1550374547 51.3961506845 201902162135
1550374607 51.3330606567 201902162136
1550374667 51.2681680566 201902162137
1550374727 51.1924600232 201902162138
1550374787 50.9455076286 201902162139
1550374847 51.0446491009 201902162140
1550374907 50.9563230619 201902162141
1550374967 51.3024169289 201902162142
1550375027 51.2086831732 201902162143
1550375047 51.1870523066 201902162144
1550375107 51.5151204513 201902162145
1550375167 51.2249063233 201902162146
1550375227 50.3740922336 201902162147
1550375287 51.1275674232 201902162148
1550375347 51.1059365565 201902162149
1550375407 51.5493693235 201902162150
1550375467 51.2213011788 201902162151
1550375527 51.2771809178 201902162152
1550375587 51.1473957176 201902162153
1550375647 51.3655069567 201902162154
1550375670 50.7400143951 201902162154
1550375730 51.5854207680 201902162155
1550375790 51.1510008621 201902162156
1550375850 50.8373532951 201902162157
1550375910 51.3078246456 201902162158
1550375970 51.3528889512 201902162159
1550376030 51.1636188677 201902162200
1550376090 51.0572671064 201902162201
1550376150 51.0230182342 201902162202
1550376210 51.1528034343 201902162203
1550376270 51.0843056898 201902162204
1550376294 51.1023314120 201902162204
1550376354 51.3024169289 201902162205
1550376414 51.2014728844 201902162206
1550376474 51.5187255957 201902162207
1550376534 51.2627603400 201902162208
1550376594 51.2194986066 201902162209
1550376654 51.3528889512 201902162210
1550376714 51.1528034343 201902162211
1550376774 51.4123738345 201902162212
1550376834 50.8860227452 201902162213
1550376894 51.5259358846 201902162214
1550376914 51.3222452233 201902162215
1550376974 50.8283404340 201902162216
1550377034 51.1780394454 201902162217
1550377094 51.1654214399 201902162218
1550377154 51.0374388120 201902162219
1550377214 51.3564940956 201902162220
1550377274 51.4862792957 201902162221
1550377334 51.6521159403 201902162222
1550377394 51.0554645342 201902162223
1550377454 50.8553790174 201902162224
1550377514 51.3096272178 201902162225
1550377537 51.5349487458 201902162225
1550377597 51.4231892679 201902162226
1550377657 50.5651648893 201902162227
1550377717 50.7832761284 201902162228
1550377777 51.2050780288 201902162229
1550377837 51.0644773953 201902162230
1550377897 51.2068806010 201902162231
1550377957 51.6809570959 201902162232
1550378017 51.4502278512 201902162233
1550378077 50.5038774337 201902162234
1550378137 51.1510008621 201902162235
1550378162 51.1510008621 201902162236
1550378222 51.5205281680 201902162237
1550378282 51.3907429679 201902162238
1550378342 50.9292844786 201902162239
1550378402 51.3655069567 201902162240
1550378462 50.9256793341 201902162241
1550378522 51.1798420177 201902162242
1550378582 51.1744343010 201902162243
1550378642 51.0031899397 201902162244
1550378702 50.9364947675 201902162245
1550378762 50.5489417393 201902162246
1550378781 51.2104857455 201902162246
1550378841 51.3492838067 201902162247
1550378901 51.5782104791 201902162248
1550378961 50.6228472005 201902162249
1550379021 51.3420735178 201902162250
1550379081 51.1942625955 201902162251
1550379141 51.1275674232 201902162252
1550379201 51.3384683734 201902162253
1550379261 50.9977822231 201902162254
1550379321 51.4267944123 201902162255
1550379381 51.5223307402 201902162256
1550379404 51.4303995568 201902162256
1550379464 50.9833616453 201902162257
1550379524 51.3456786623 201902162258
1550379584 51.0518593898 201902162259
1550379644 51.0825031176 201902162300
1550379704 51.6575236570 201902162301
1550379764 51.0843056898 201902162302
1550379824 51.0770954009 201902162303
1550379884 50.7201861006 201902162304
1550379944 51.1780394454 201902162305
1550380004 51.1023314120 201902162306
1550380030 51.0933185509 201902162307
1550380090 50.9310870508 201902162308
1550380150 50.9455076286 201902162309
1550380210 50.4137488225 201902162310
1550380270 51.3961506845 201902162311
1550380330 51.2861937789 201902162312
1550380390 50.8625893063 201902162313
1550380450 51.1510008621 201902162314
1550380510 51.4808715790 201902162315
1550380570 51.2465371899 201902162316
1550380630 51.4826741513 201902162317
1550380648 51.2663654844 201902162317
1550380708 50.9581256341 201902162318
1550380768 51.2231037510 201902162319
1550380828 51.0085976564 201902162320
1550380888 50.8878253174 201902162321
1550380948 51.5908284847 201902162322
1550381008 51.6665365181 201902162323
1550381068 51.0248208064 201902162324
1550381128 51.1203571343 201902162325
1550381188 51.0230182342 201902162326
1550381248 51.5782104791 201902162327
1550381271 50.8824176007 201902162327
1550381331 51.1870523066 201902162328
1550381391 51.4394124179 201902162329
1550381451 51.1329751398 201902162330
1550381511 51.0951211231 201902162331
1550381571 51.0356362398 201902162332
1550381631 50.7634478340 201902162333
1550381691 51.3402709456 201902162334
1550381751 51.3997558290 201902162335
1550381811 51.0951211231 201902162336
1550381871 50.7994992784 201902162337
1550381896 50.9599282064 201902162338
1550381956 51.1077391287 201902162339
1550382016 51.2032754566 201902162340
1550382076 51.8197551571 201902162341
1550382136 51.3835326790 201902162342
1550382196 51.0500568176 201902162343
1550382256 51.4213866957 201902162344
1550382316 51.2771809178 201902162345
1550382376 50.6985552339 201902162346
1550382436 50.6895423728 201902162347
1550382496 51.0428465287 201902162348
